  2  2   693 10944  4  4  9 11  7  1    0.00   24.00  100.00  600.00    0.00    6.28   45.00   45.00
  100.0  100.0  100.0  100.0  125.0  150.0  190.0  230.0  275.0  350.0  450.0  600.0  600.0  600.0  600.0
  0.2148721D+03 -0.3632214D+00 -0.5031033D+01  0.0000000D+00
  0.2526018D+03 -0.4896939D+02 -0.1237542D+01  0.0000000D+00
  0.2926810D+03 -0.1877146D+03  0.3503020D+01  0.0000000D+00
  0.8585571D+03  0.2549473D+03  0.8069559D+01  0.0000000D+00
  0.6434380D+03  0.6794209D+02 -0.2301479D+01  0.0000000D+00
  0.1010069D+04  0.2635276D+03  0.7685307D+01  0.0000000D+00
  0.9543019D+03  0.3034886D+03  0.1258338D+02  0.0000000D+00
  0.9983450D+03  0.3110006D+03  0.1034117D+02  0.0000000D+00
  0.1116485D+04  0.2241148D+03  0.7334117D+01  0.0000000D+00
  0.1223815D+04  0.1697646D+03  0.3560924D+01  0.0000000D+00
  0.1287973D+04  0.1369702D+03  0.1318096D+01  0.0000000D+00
 -0.1170320D+01  0.3459910D+02  0.1567246D+01  0.0000000D+00
  0.1333142D+03  0.5174718D+02 -0.2561104D+01  0.0000000D+00
 -0.2432332D+03 -0.2082664D+03 -0.2888883D+01  0.0000000D+00
  0.2372798D+02  0.1364509D+03  0.1443478D+02  0.0000000D+00
 -0.4394255D+03 -0.2290285D+03 -0.2865175D+00  0.0000000D+00
  0.9747087D+02  0.9359441D+01 -0.3945807D+01  0.0000000D+00
 -0.1845958D+03 -0.9830327D+02  0.2659033D+01  0.0000000D+00
 -0.8806952D+02 -0.4824259D+02  0.7620825D-02  0.0000000D+00
 -0.1987117D+03  0.3568210D+02  0.4094772D+01  0.0000000D+00
 -0.2902186D+03  0.1115125D+03  0.7288219D+01  0.0000000D+00
 -0.3450344D+03  0.1568472D+03  0.9203951D+01  0.0000000D+00
  0.4262013D+02  0.9620619D+02 -0.6693062D+00  0.0000000D+00
 -0.6571567D+02 -0.1246168D+03 -0.2062255D+01  0.0000000D+00
  0.5265279D+02  0.8898382D+02  0.1281891D+02  0.0000000D+00
 -0.5884766D+02 -0.9249703D+02 -0.1050307D+02  0.0000000D+00
 -0.7375379D+02  0.9800287D+00  0.8311939D+01  0.0000000D+00
 -0.7074818D+02 -0.2837173D+02 -0.3122047D+00  0.0000000D+00
 -0.1024141D+03 -0.4297546D+02  0.8601327D+00  0.0000000D+00
 -0.8228178D+02 -0.6199548D+02  0.1038876D+01  0.0000000D+00
 -0.7510708D+02 -0.5023461D+02  0.2987761D+01  0.0000000D+00
 -0.7978510D+02 -0.3268909D+02  0.3208861D+01  0.0000000D+00
 -0.8244381D+02 -0.2228609D+02  0.3359928D+01  0.0000000D+00
  0.1258892D+01 -0.3926468D-01  0.1825833D-02  0.0000000D+00
 -0.8294513D+01 -0.3736711D+00  0.1503442D-01  0.0000000D+00
  0.2942916D+02  0.7442761D+00 -0.3911977D-01  0.0000000D+00
 -0.4810473D+01 -0.6271959D+00  0.2669115D-01  0.0000000D+00
  0.8125483D+01  0.9391531D+00  0.4228083D-01  0.0000000D+00
 -0.5392954D+00 -0.3858283D+01  0.1378048D+00  0.0000000D+00
  0.2288935D+02  0.5077075D+01 -0.5127729D+00  0.0000000D+00
 -0.6341000D+00 -0.3621488D+01  0.6800034D+00  0.0000000D+00
 -0.2405587D+02  0.9417797D+01 -0.6151979D+00  0.0000000D+00
 -0.5110688D+02  0.2480408D+02  0.5599035D+00  0.0000000D+00
 -0.6720597D+02  0.3395754D+02  0.1233606D+01  0.0000000D+00
 -0.4202242D+01 -0.1085862D+00  0.1577867D-01  0.0000000D+00
  0.1258727D+02 -0.5440148D+00 -0.6182015D-01  0.0000000D+00
 -0.6437589D+01  0.9543866D+00  0.7626267D-01  0.0000000D+00
 -0.8649593D-01 -0.1893029D+01 -0.1891233D+00  0.0000000D+00
  0.3257751D+01  0.3391447D+01  0.5563852D+00  0.0000000D+00
  0.1783335D+02 -0.5617509D+01 -0.2400098D+01  0.0000000D+00
  0.2516586D+02  0.1889585D+02  0.1494655D+01  0.0000000D+00
  0.1729165D+02  0.9728421D+01  0.9519343D+00  0.0000000D+00
 -0.1788944D+00  0.2053103D+02  0.9712518D+00  0.0000000D+00
 -0.1633767D+02  0.2919166D+02  0.2378263D+01  0.0000000D+00
 -0.2599353D+02  0.3438159D+02  0.3202480D+01  0.0000000D+00
 -0.1095547D+01 -0.1008971D+00 -0.2485608D-01  0.0000000D+00
  0.7012719D+01  0.5514132D+00  0.4935419D-01  0.0000000D+00
 -0.2781032D+01 -0.3832168D+00 -0.4918591D-01  0.0000000D+00
  0.5830419D+01  0.5562947D+00  0.1105258D+00  0.0000000D+00
 -0.2509093D+01 -0.1955754D+01 -0.2092054D+00  0.0000000D+00
  0.9771179D+01  0.7355809D+01  0.1085801D+00  0.0000000D+00
  0.1381437D+02  0.1449784D+01 -0.6202069D+00  0.0000000D+00
  0.1512944D+02  0.6292450D+01 -0.1330619D+00  0.0000000D+00
  0.3125951D+02 -0.5767092D+01  0.2192014D+00  0.0000000D+00
  0.4978683D+02 -0.2324316D+02 -0.7650825D+00  0.0000000D+00
  0.6081435D+02 -0.3360859D+02 -0.1337550D+01  0.0000000D+00
 -0.1392501D+01  0.2737111D+00 -0.5214819D-02  0.0000000D+00
  0.3896155D+01  0.1380981D+00  0.1152851D-01  0.0000000D+00
 -0.4408471D+01 -0.6896186D+00 -0.3279416D-01  0.0000000D+00
  0.8001055D-01  0.9155651D+00  0.8833377D-01  0.0000000D+00
 -0.8541730D+01 -0.1356584D+01 -0.3209180D+00  0.0000000D+00
  0.3887769D+01  0.5070778D+00  0.1604893D+01  0.0000000D+00
  0.5115257D+01  0.4525122D+00 -0.4576594D+00  0.0000000D+00
  0.6913981D+01  0.8006389D+00  0.6924971D+00  0.0000000D+00
  0.1430624D+02 -0.4190993D+01 -0.3135985D+00  0.0000000D+00
  0.1910014D+02 -0.8711721D+01 -0.3861979D+00  0.0000000D+00
  0.2198849D+02 -0.1141336D+02 -0.4398786D+00  0.0000000D+00
  0.6147628D+00  0.2298834D+00  0.2248551D-01  0.0000000D+00
 -0.4098738D+01 -0.1854136D+00 -0.4148878D-01  0.0000000D+00
  0.5868911D+01 -0.2595525D-01  0.8510405D-01  0.0000000D+00
 -0.2523346D+01 -0.3959275D-01 -0.1210790D+00  0.0000000D+00
 -0.3313524D+01  0.1948714D+01  0.9909088D-01  0.0000000D+00
  0.4231001D-01 -0.6291121D+01 -0.1291727D+00  0.0000000D+00
 -0.6000025D+00  0.2576038D+01 -0.9630278D-02  0.0000000D+00
  0.3011938D+01 -0.1048070D+00  0.6654985D-01  0.0000000D+00
  0.1248489D+02 -0.2819534D+01  0.1684840D+00  0.0000000D+00
  0.1694164D+02 -0.7637569D-01 -0.9133436D-01  0.0000000D+00
  0.1965640D+02  0.1499193D+01 -0.2423525D+00  0.0000000D+00
 -0.3191957D+00 -0.2283089D+00 -0.1050554D-01  0.0000000D+00
  0.5141730D+00  0.1320278D-01  0.4608127D-02  0.0000000D+00
  0.1641436D+01  0.5753450D+00  0.3891243D-01  0.0000000D+00
  0.9789438D+00 -0.6390746D+00 -0.5984462D-01  0.0000000D+00
  0.5741405D+01  0.1190225D+01  0.1127862D+00  0.0000000D+00
 -0.5518432D+01 -0.2094518D-01 -0.5717911D+00  0.0000000D+00
  0.7795521D+00 -0.2325014D+01  0.4147198D-01  0.0000000D+00
 -0.3372546D+01  0.4198013D+01 -0.1043139D-01  0.0000000D+00
  0.5496968D+01 -0.1299642D+01  0.1602504D+00  0.0000000D+00
  0.1594244D+02 -0.9144464D+01 -0.3094915D+00  0.0000000D+00
  0.2215598D+02 -0.1379828D+02 -0.5826852D+00  0.0000000D+00
  0.2405098D+01 -0.2570603D+02  0.9405350D+00  0.0000000D+00
  0.5563821D+02 -0.7853536D+01 -0.1470616D+01  0.0000000D+00
 -0.4761666D+02 -0.9263353D+01  0.9937376D+01  0.0000000D+00
  0.4943796D+02  0.6374179D+02 -0.1276217D+02  0.0000000D+00
 -0.3925776D+02  0.1662800D+02  0.7735409D+01  0.0000000D+00
 -0.3748501D+01 -0.1423295D+02 -0.8844371D+00  0.0000000D+00
 -0.2937160D+02  0.7068887D+01  0.9102240D+00  0.0000000D+00
 -0.1494505D+02 -0.7689166D+01  0.5944716D+00  0.0000000D+00
 -0.1553326D+02  0.8317672D+01 -0.8333875D+00  0.0000000D+00
 -0.1991692D+02  0.1822687D+02 -0.2294709D+01  0.0000000D+00
 -0.2248971D+02  0.2420842D+02 -0.3166392D+01  0.0000000D+00
  0.2044006D+01 -0.8237556D+01  0.4476757D+01  0.0000000D+00
  0.3452604D+02  0.5583508D+02 -0.3119801D+01  0.0000000D+00
 -0.1699275D+03 -0.9427307D+02  0.3140884D+01  0.0000000D+00
  0.1682469D+03  0.6576477D+02 -0.5832757D+01  0.0000000D+00
 -0.3791737D+02  0.1035928D+02  0.4748791D+01  0.0000000D+00
 -0.2870420D+02 -0.8771947D+01  0.1174737D+01  0.0000000D+00
  0.9907687D+01 -0.1227036D+01 -0.6251235D+00  0.0000000D+00
  0.2805914D+01 -0.5883940D+01 -0.5797194D+00  0.0000000D+00
  0.2476445D+02 -0.3244187D+02 -0.8465501D+00  0.0000000D+00
  0.3888312D+02 -0.4937395D+02 -0.1077943D+00  0.0000000D+00
  0.4739544D+02 -0.5958458D+02  0.3212571D+00  0.0000000D+00
  0.1429405D+02  0.3422268D+01 -0.5694422D+00  0.0000000D+00
 -0.7653619D+02 -0.1270469D+03 -0.3792524D+01  0.0000000D+00
  0.6430218D+02  0.1328391D+03 -0.4419490D+00  0.0000000D+00
  0.7587992D+01  0.3893426D+02  0.3399978D+01  0.0000000D+00
 -0.3488359D+02  0.3618483D+02 -0.1137429D+01  0.0000000D+00
 -0.1314027D+01 -0.1434040D+02 -0.8018260D+00  0.0000000D+00
 -0.3986364D+01  0.3574141D+01 -0.2837777D+01  0.0000000D+00
 -0.4334865D+01 -0.6928495D+01 -0.4204651D+01  0.0000000D+00
 -0.3127960D+01 -0.1053921D+02 -0.5159499D+01  0.0000000D+00
 -0.1024919D+02 -0.6036592D+01 -0.5141105D+01  0.0000000D+00
 -0.1440445D+02 -0.3440668D+01 -0.5141301D+01  0.0000000D+00
  0.8535059D+00  0.1004642D+00  0.2274908D-01  0.0000000D+00
 -0.1864690D+02  0.2876300D-01 -0.6464231D-01  0.0000000D+00
  0.5006873D+02  0.6710929D+00  0.8465657D-01  0.0000000D+00
 -0.2902222D+02 -0.2014212D+01 -0.2229488D+00  0.0000000D+00
  0.1812113D+02  0.2370196D+01  0.1802838D+00  0.0000000D+00
 -0.1130344D+02 -0.9420274D+00 -0.2343171D-01  0.0000000D+00
  0.2544141D+02  0.1203658D+01  0.1551727D+00  0.0000000D+00
  0.5395605D+01  0.7499294D+01 -0.3957874D+00  0.0000000D+00
  0.2407404D-01  0.1434995D+02  0.9801343D+00  0.0000000D+00
 -0.5616731D+01  0.2046300D+02  0.3747303D+01  0.0000000D+00
 -0.8978093D+01  0.2412052D+02  0.5383117D+01  0.0000000D+00
 -0.4974669D+01 -0.1222971D+00  0.1007515D-01  0.0000000D+00
  0.2705998D+02  0.2326582D+00 -0.1600829D-01  0.0000000D+00
 -0.2020714D+02 -0.4130495D+00  0.1000560D-01  0.0000000D+00
  0.1056411D+02  0.1513408D+01 -0.4469665D-01  0.0000000D+00
  0.7936544D+01 -0.2832997D+01  0.9862041D-01  0.0000000D+00
 -0.7474218D-01  0.9947234D+00 -0.2457270D+00  0.0000000D+00
  0.3731123D+01  0.5167338D+00 -0.8239200D+00  0.0000000D+00
  0.1742348D+01  0.1330482D+01 -0.1500091D+01  0.0000000D+00
  0.8029195D+01 -0.2732767D+01 -0.4516212D+00  0.0000000D+00
  0.1684799D+02 -0.9722285D+01 -0.4747422D+00  0.0000000D+00
  0.2208280D+02 -0.1385888D+02 -0.4766867D+00  0.0000000D+00
 -0.7222858D+00 -0.2167753D+00 -0.2105221D-01  0.0000000D+00
  0.7333114D+00  0.1024593D+01  0.2116706D-01  0.0000000D+00
  0.1057663D+02 -0.1464724D+01 -0.3484773D-01  0.0000000D+00
 -0.2533799D+01  0.2685882D+01  0.8852888D-01  0.0000000D+00
 -0.1109535D+02 -0.2280743D+01 -0.9795419D-01  0.0000000D+00
  0.3178939D+00 -0.7541672D+00  0.2097373D-01  0.0000000D+00
 -0.8559385D+01  0.3937865D+01 -0.1194857D+00  0.0000000D+00
 -0.5533927D+01 -0.1706517D+01  0.5591054D+00  0.0000000D+00
 -0.1389155D+02  0.4428890D+01  0.6826641D-01  0.0000000D+00
 -0.2096323D+02  0.1156431D+02 -0.9466739D+00  0.0000000D+00
 -0.2519757D+02  0.1581060D+02 -0.1546363D+01  0.0000000D+00
 -0.6133226D+00  0.5253065D-01 -0.8528945D-02  0.0000000D+00
  0.2770299D+01  0.3630300D+00  0.4125716D-01  0.0000000D+00
 -0.2184473D+01 -0.1018093D+01 -0.5210771D-01  0.0000000D+00
  0.3109029D+01  0.4405720D+00  0.1019245D+00  0.0000000D+00
 -0.1313573D+02 -0.3572881D+00 -0.3766520D-01  0.0000000D+00
  0.7099505D+01  0.3553057D+01 -0.1979546D+00  0.0000000D+00
 -0.8353285D+01 -0.1027356D+01  0.9233210D+00  0.0000000D+00
  0.8717802D+00  0.3512315D+01 -0.6615993D+00  0.0000000D+00
 -0.1259620D+00  0.3512083D+01 -0.4377730D+00  0.0000000D+00
 -0.1868080D+01  0.9324635D+01  0.5058919D+00  0.0000000D+00
 -0.2899457D+01  0.1272765D+02  0.1061024D+01  0.0000000D+00
 -0.8046203D+00  0.2982267D+00  0.1353031D-01  0.0000000D+00
  0.2186478D+01 -0.5615660D+00  0.4391767D-01  0.0000000D+00
 -0.3745725D+01  0.6131825D+00 -0.6150375D-01  0.0000000D+00
 -0.8085027D+01 -0.8497844D+00  0.1369317D+00  0.0000000D+00
  0.9149037D+01  0.1473269D+01 -0.9706778D-01  0.0000000D+00
  0.6265187D+00  0.7191260D-01  0.2945855D-01  0.0000000D+00
 -0.5303096D+01 -0.8546199D+00 -0.5054154D+00  0.0000000D+00
 -0.8901641D+01  0.3227695D+01  0.1798189D-02  0.0000000D+00
 -0.3761750D+01  0.1047219D+01  0.5284067D-03  0.0000000D+00
  0.5018654D+01 -0.6026099D+01 -0.5610960D+00  0.0000000D+00
  0.1021680D+02 -0.1019203D+02 -0.8900459D+00  0.0000000D+00
 -0.3763102D+00  0.1473560D+00 -0.7881346D-02  0.0000000D+00
  0.3999596D+01  0.2881111D+00 -0.4087043D-02  0.0000000D+00
 -0.4845764D+01 -0.2403696D+00 -0.3763421D-01  0.0000000D+00
  0.8615194D+01  0.7269155D+00  0.5403399D-01  0.0000000D+00
 -0.2742801D+01 -0.1497509D+01 -0.1095990D+00  0.0000000D+00
  0.8339711D+01  0.1897504D+01  0.4793617D+00  0.0000000D+00
 -0.3576238D+01 -0.2731328D+01 -0.6287248D+00  0.0000000D+00
  0.9396625D+00 -0.1101637D+01  0.3599238D+00  0.0000000D+00
 -0.4062714D+01  0.3002367D+01 -0.1776415D+00  0.0000000D+00
 -0.9065627D+01  0.5905326D+01 -0.8852168D+00  0.0000000D+00
 -0.1205110D+02  0.7650578D+01 -0.1305496D+01  0.0000000D+00
  0.2631363D+02  0.3857831D+02  0.2630145D+00  0.0000000D+00
 -0.9797929D+02 -0.4126907D+02  0.5630699D+01  0.0000000D+00
  0.7763681D+02  0.3829595D+02 -0.1369385D+02  0.0000000D+00
 -0.7288082D+02  0.2932152D+01  0.1424161D+02  0.0000000D+00
  0.1589211D+02  0.7214740D+01 -0.8162025D+01  0.0000000D+00
 -0.2590273D+02 -0.3994232D+01  0.8251544D+00  0.0000000D+00
  0.1267166D+02  0.1696704D+02 -0.1378817D+01  0.0000000D+00
  0.1755369D+01  0.1946148D+02 -0.3765260D+00  0.0000000D+00
  0.6370526D+01  0.1490350D+02  0.1157891D+01  0.0000000D+00
  0.1663550D+02  0.3525660D+00  0.2849017D+01  0.0000000D+00
  0.2269788D+02 -0.8216765D+01  0.3856457D+01  0.0000000D+00
 -0.1313928D+02 -0.1227671D+02  0.1126245D+01  0.0000000D+00
 -0.9941962D+02 -0.1083825D+02  0.3823747D+01  0.0000000D+00
  0.1342138D+03  0.1459890D+02 -0.1448085D+02  0.0000000D+00
 -0.2336199D+03  0.7747235D+02  0.2576901D+02  0.0000000D+00
 -0.9603526D+00 -0.3724374D+02 -0.1913949D+02  0.0000000D+00
 -0.2589460D+02  0.1678909D+02  0.1971639D+00  0.0000000D+00
  0.1113995D+02 -0.2967536D+01  0.8097115D+00  0.0000000D+00
  0.5014330D+00  0.3291717D+01 -0.9440335D+00  0.0000000D+00
 -0.2960263D+01  0.7351876D+01 -0.2443947D+01  0.0000000D+00
 -0.8176990D+01  0.1880337D+02 -0.3839031D+01  0.0000000D+00
 -0.1126965D+02  0.2555261D+02 -0.4672737D+01  0.0000000D+00
 -0.9265038D+01  0.2022717D+02  0.6682037D+00  0.0000000D+00
  0.1372010D+02  0.1276708D+02 -0.7212367D+01  0.0000000D+00
 -0.4800982D+01 -0.1295842D+02  0.1211583D+02  0.0000000D+00
  0.3263532D+02  0.2304631D+02 -0.1007377D+02  0.0000000D+00
  0.4890556D+01 -0.3619056D+01  0.6294865D+01  0.0000000D+00
 -0.1245717D+02 -0.1120845D+02 -0.1804560D+01  0.0000000D+00
  0.5017265D+00  0.1162075D+01  0.3291274D+00  0.0000000D+00
 -0.8414519D+01 -0.8862698D+00 -0.1097126D+01  0.0000000D+00
 -0.2981465D-01 -0.8284591D+01 -0.1701092D+01  0.0000000D+00
  0.1195985D+02 -0.1313047D+02 -0.1237420D+01  0.0000000D+00
  0.1907145D+02 -0.1604661D+02 -0.9724814D+00  0.0000000D+00
 -0.3657877D+01  0.1765687D+00 -0.8818122D-02  0.0000000D+00
 -0.1048713D+01  0.6074478D-01  0.9041141D-01  0.0000000D+00
 -0.6026355D+01  0.2268494D+00 -0.1794726D+00  0.0000000D+00
  0.1063304D+02 -0.1873301D+01  0.2731966D+00  0.0000000D+00
  0.4007888D+01  0.7209432D+00 -0.3979030D+00  0.0000000D+00
 -0.1915758D+02 -0.5345903D+01  0.8039535D+00  0.0000000D+00
  0.1442408D+01  0.3314000D+01  0.2568748D+00  0.0000000D+00
 -0.1431119D+01 -0.3590907D+01  0.1191496D+01  0.0000000D+00
 -0.2951508D+01  0.3021187D+00  0.1464178D+01  0.0000000D+00
 -0.1020610D+02  0.9288187D+01 -0.2260763D+00  0.0000000D+00
 -0.1447012D+02  0.1459260D+02 -0.1212793D+01  0.0000000D+00
  0.6764512D+01 -0.4905882D-03 -0.1322640D-01  0.0000000D+00
  0.3749481D+01 -0.4185121D+00  0.5508371D-01  0.0000000D+00
 -0.1240065D+01  0.7496258D+00 -0.7722388D-01  0.0000000D+00
 -0.7140360D+00 -0.8735643D+00  0.8366803D-01  0.0000000D+00
 -0.2528757D+01  0.1998436D+01 -0.1334829D+00  0.0000000D+00
  0.8851499D+01  0.2310132D+01  0.3375393D+00  0.0000000D+00
 -0.2946701D+01  0.1451516D+01 -0.5066622D+00  0.0000000D+00
  0.2504697D+01  0.6561578D+00 -0.5968469D+00  0.0000000D+00
 -0.2339414D+01  0.3165942D+01 -0.3689387D+00  0.0000000D+00
 -0.6788231D+01  0.4957980D+01 -0.7709673D+00  0.0000000D+00
 -0.9447529D+01  0.6036535D+01 -0.1003912D+01  0.0000000D+00
  0.1886561D+01 -0.7364135D-01  0.7305046D-02  0.0000000D+00
 -0.1338874D+01 -0.6614528D+00 -0.5556372D-01  0.0000000D+00
 -0.8937527D+00  0.7467832D+00  0.8808992D-01  0.0000000D+00
  0.6865541D+01  0.4868197D-01 -0.1678468D+00  0.0000000D+00
 -0.3224247D+01  0.2115240D+01  0.3026173D+00  0.0000000D+00
  0.1349023D+01  0.3377393D+01 -0.6256304D+00  0.0000000D+00
 -0.4165670D+01 -0.2111512D+01 -0.4571076D+00  0.0000000D+00
 -0.2412689D+00 -0.7526371D+00  0.1786946D+00  0.0000000D+00
  0.3260476D+01 -0.3648924D+01 -0.6532266D+00  0.0000000D+00
  0.9092737D+01 -0.4021461D+01 -0.5356412D+00  0.0000000D+00
  0.1254677D+02 -0.4272974D+01 -0.4760424D+00  0.0000000D+00
 -0.4831553D+00 -0.2847656D+00  0.3226337D-01  0.0000000D+00
  0.5477810D+00  0.5027520D+00 -0.1196928D+00  0.0000000D+00
 -0.3988155D+01 -0.1462060D+01  0.1474991D+00  0.0000000D+00
 -0.1118208D+00  0.1506401D+01 -0.1751789D+00  0.0000000D+00
 -0.5741930D+01 -0.1506920D+01  0.2794399D+00  0.0000000D+00
 -0.4113992D+00 -0.1907279D+01 -0.7215725D+00  0.0000000D+00
 -0.1128119D+01 -0.1499027D+01  0.4575746D+00  0.0000000D+00
  0.3105870D+01 -0.2502509D+01 -0.2375209D+00  0.0000000D+00
 -0.2586291D+01  0.3600807D+01  0.6888828D+00  0.0000000D+00
 -0.8744398D+01  0.1025468D+02  0.3205175D+00  0.0000000D+00
 -0.1241252D+02  0.1421780D+02  0.1151314D+00  0.0000000D+00
 -0.1285633D+01 -0.2142955D+00 -0.3698097D-02  0.0000000D+00
 -0.1755734D+00  0.2631533D+00 -0.7984056D-02  0.0000000D+00
 -0.3116415D+01 -0.2362788D+00  0.1146454D-01  0.0000000D+00
 -0.6465597D+00 -0.6370686D+00  0.2206379D-01  0.0000000D+00
  0.5561002D+01  0.4213148D+00 -0.1890940D+00  0.0000000D+00
  0.1196788D+01 -0.5409660D+01  0.5010244D+00  0.0000000D+00
  0.2264857D+01 -0.2872540D+01 -0.1200546D+00  0.0000000D+00
 -0.2631966D+01  0.9639290D+00 -0.1231505D+00  0.0000000D+00
  0.1717581D+01 -0.1626606D+01 -0.1856342D+00  0.0000000D+00
  0.8891132D+01 -0.8844842D+01  0.2933207D+00  0.0000000D+00
  0.1313955D+02 -0.1310007D+02  0.5731219D+00  0.0000000D+00
  0.2378054D+00  0.1923090D+00 -0.1935433D-01  0.0000000D+00
 -0.4902389D+00 -0.6166343D+00  0.2525622D-01  0.0000000D+00
  0.2221014D+01  0.9401707D+00 -0.3084052D-01  0.0000000D+00
 -0.2572444D+01 -0.1388657D+01  0.4893175D-01  0.0000000D+00
  0.4260791D+01  0.1560336D+01 -0.1365352D+00  0.0000000D+00
  0.7566395D+00 -0.6673183D+00  0.4357326D+00  0.0000000D+00
 -0.9676652D+00 -0.2635009D+01  0.2929627D+00  0.0000000D+00
 -0.8091723D-01  0.5339716D+00 -0.3028177D-01  0.0000000D+00
  0.2649563D+01 -0.1215353D+01 -0.3769652D+00  0.0000000D+00
  0.8335108D+01 -0.8401795D+01  0.5566881D-03  0.0000000D+00
  0.1169555D+02 -0.1262990D+02  0.2177819D+00  0.0000000D+00
  0.3031570D+02  0.2375816D+02 -0.7256416D+00  0.0000000D+00
  0.3499721D+02 -0.4909232D+02 -0.8197458D+00  0.0000000D+00
 -0.3592697D+02  0.4720007D+02 -0.6359121D+00  0.0000000D+00
  0.1140667D+02 -0.3709661D+02 -0.2880131D+00  0.0000000D+00
  0.1667666D+02  0.1255717D+02  0.5820338D+00  0.0000000D+00
 -0.3532746D+01 -0.1879003D+02  0.1162653D+00  0.0000000D+00
 -0.7357707D+01 -0.4221993D+00  0.5874032D+00  0.0000000D+00
 -0.4725220D+01 -0.9213028D+01  0.5296992D+00  0.0000000D+00
  0.3272253D+01 -0.7944216D+01  0.3006840D+00  0.0000000D+00
  0.8630341D+01 -0.1025229D+02 -0.7514123D-01  0.0000000D+00
  0.1185674D+02 -0.1158931D+02 -0.2977624D+00  0.0000000D+00
  0.2704231D+02  0.7194763D+02  0.1208542D+01  0.0000000D+00
  0.1740129D+02 -0.4358129D+02 -0.2004614D+01  0.0000000D+00
 -0.4978093D+02  0.6804736D+02  0.2137849D+01  0.0000000D+00
  0.6546070D+02 -0.6255744D+02  0.6078915D-01  0.0000000D+00
  0.4077809D+01  0.1886713D+02  0.1137885D+01  0.0000000D+00
  0.1905989D+02 -0.5077926D+01 -0.1912990D+01  0.0000000D+00
 -0.3584738D+01  0.5251726D+01 -0.2400634D+00  0.0000000D+00
 -0.6957522D+00  0.1632899D+01 -0.2640515D+00  0.0000000D+00
 -0.5006862D+01  0.5312629D+01  0.1456155D+00  0.0000000D+00
 -0.7104082D+01  0.6523792D+01  0.1370130D+00  0.0000000D+00
 -0.8380389D+01  0.7274079D+01  0.1366677D+00  0.0000000D+00
 -0.2326635D+01  0.6474112D+01 -0.1441554D+00  0.0000000D+00
  0.2190459D+02 -0.5688961D+02  0.5541119D-03  0.0000000D+00
 -0.2215792D+02  0.6178312D+02  0.5713593D+01  0.0000000D+00
 -0.2864189D+02 -0.4757353D+02 -0.4036453D+01  0.0000000D+00
 -0.5093589D+01  0.2427456D+02  0.3170074D+01  0.0000000D+00
  0.8186617D+01  0.3963290D+01 -0.6151486D+00  0.0000000D+00
  0.3330245D+00  0.5496909D-01 -0.3194569D+00  0.0000000D+00
  0.6679910D+01  0.2916345D+01 -0.7495165D-01  0.0000000D+00
  0.8465184D+01  0.6011816D+00 -0.9109167D-01  0.0000000D+00
  0.5378829D+01  0.1411357D+01 -0.5433764D+00  0.0000000D+00
  0.3591791D+01  0.1860620D+01 -0.8084582D+00  0.0000000D+00
 -0.1539596D+01 -0.2786586D-01  0.8472859D-02  0.0000000D+00
 -0.2139390D+02  0.4827803D+00 -0.4025627D-03  0.0000000D+00
  0.3076627D+02 -0.4637924D+00  0.1339475D-02  0.0000000D+00
 -0.1296737D+02 -0.3430495D+00  0.8068263D-02  0.0000000D+00
  0.5814900D+01  0.1342174D+00 -0.3442173D-01  0.0000000D+00
  0.2956266D+01  0.6525783D+00  0.3321141D+00  0.0000000D+00
 -0.4973199D+01 -0.2186253D+01 -0.1845046D+00  0.0000000D+00
 -0.4144625D+01  0.1455302D+01 -0.4896926D+00  0.0000000D+00
 -0.8106878D+01  0.1211537D+01 -0.4944977D-01  0.0000000D+00
 -0.7592257D+01  0.6085895D+00  0.5277279D+00  0.0000000D+00
 -0.7335781D+01  0.2527969D+00  0.8706999D+00  0.0000000D+00
  0.2855707D+01 -0.4034496D+00  0.2649793D-01  0.0000000D+00
  0.1747654D+02  0.4255467D+00  0.4179472D-02  0.0000000D+00
 -0.1462690D+02 -0.5860480D+00 -0.4011504D-01  0.0000000D+00
  0.1345220D+02  0.7376431D+00  0.3630345D-01  0.0000000D+00
 -0.1216209D+02 -0.1818044D+01  0.5506720D-01  0.0000000D+00
 -0.3433350D+01 -0.2218654D+00 -0.7328080D+00  0.0000000D+00
 -0.2633798D+01 -0.1281741D+01 -0.2350792D-01  0.0000000D+00
 -0.7763435D+01 -0.8360946D+00  0.2853932D+00  0.0000000D+00
 -0.4571450D+01 -0.7461638D+00  0.2638248D-01  0.0000000D+00
 -0.1925319D+01 -0.2142038D+01 -0.2373518D-01  0.0000000D+00
 -0.3405997D+00 -0.2959166D+01 -0.5590833D-01  0.0000000D+00
 -0.1618467D-01 -0.3698937D+00 -0.2078164D-01  0.0000000D+00
  0.2377114D+01  0.5333462D-01  0.3550097D-02  0.0000000D+00
  0.3838038D+01  0.2628330D+00  0.2590261D-01  0.0000000D+00
  0.1169091D+00  0.3075468D+00 -0.4104173D-02  0.0000000D+00
 -0.5002832D+01 -0.9249012D+00  0.1774974D-01  0.0000000D+00
 -0.3401305D+01  0.1997746D+01 -0.2240134D+00  0.0000000D+00
  0.2129075D+00 -0.2008820D+01  0.1562818D+00  0.0000000D+00
 -0.2494583D+01 -0.6850525D+00  0.6961590D-01  0.0000000D+00
 -0.1299332D+01 -0.1209408D+01  0.1024996D+00  0.0000000D+00
  0.5783835D+00  0.1031771D+01 -0.2193045D+00  0.0000000D+00
  0.1691279D+01  0.2338479D+01 -0.4073558D+00  0.0000000D+00
 -0.1820969D+01  0.1310265D+00 -0.1336865D-01  0.0000000D+00
  0.3986826D+01  0.2523030D+00  0.1423420D-01  0.0000000D+00
 -0.4249461D+01 -0.2440216D+00 -0.2331657D-01  0.0000000D+00
 -0.2145824D+01 -0.3885511D+00 -0.4052638D-01  0.0000000D+00
  0.1212058D+01  0.1728451D+01 -0.9677908D-02  0.0000000D+00
  0.5859179D+01 -0.3184596D+00  0.4094306D+00  0.0000000D+00
  0.2552849D+01 -0.9050356D+00  0.1279176D+00  0.0000000D+00
 -0.1403068D+00  0.2233206D+01 -0.1305852D+00  0.0000000D+00
 -0.4746540D+01  0.2157434D+01  0.2598239D+00  0.0000000D+00
 -0.4809010D+01  0.3124431D+01  0.4552999D+00  0.0000000D+00
 -0.4897441D+01  0.3689512D+01  0.5741642D+00  0.0000000D+00
 -0.1254153D+01  0.3006614D+00  0.4544965D-02  0.0000000D+00
  0.3199489D+00 -0.1035934D+00  0.8291113D-02  0.0000000D+00
 -0.2953203D+01 -0.1437583D+00 -0.2681992D-01  0.0000000D+00
  0.1646079D+01 -0.8600358D-01 -0.3353905D-01  0.0000000D+00
 -0.4299531D+00  0.4116295D+00  0.4735203D-01  0.0000000D+00
  0.9082639D+00 -0.1706367D+01  0.2709086D-01  0.0000000D+00
  0.1784094D+01  0.2742350D+01 -0.4440630D-01  0.0000000D+00
  0.3978882D+01  0.2282196D+01  0.2640371D+00  0.0000000D+00
  0.3272841D+01  0.1279862D+01 -0.1339851D+00  0.0000000D+00
  0.2332049D+01 -0.1101435D+01 -0.5144423D+00  0.0000000D+00
  0.1773396D+01 -0.2506465D+01 -0.7416175D+00  0.0000000D+00
 -0.7605960D-01  0.3482363D+00 -0.1271457D-01  0.0000000D+00
 -0.4852925D+00 -0.7096420D+00  0.8383529D-02  0.0000000D+00
  0.1425920D+01  0.1018429D+01  0.2571494D-01  0.0000000D+00
 -0.2526670D+01 -0.2011310D+00 -0.1621704D-01  0.0000000D+00
  0.1864309D+01 -0.6131531D+00  0.6689650D-01  0.0000000D+00
  0.4443863D+01 -0.1497529D+01 -0.2051792D+00  0.0000000D+00
  0.3116737D+00  0.1755381D+01  0.2295001D+00  0.0000000D+00
  0.1674450D+00 -0.4594831D+00 -0.5162923D-01  0.0000000D+00
  0.7105787D+00 -0.8979104D+00  0.1828838D+00  0.0000000D+00
  0.1728793D+01 -0.4821554D+00  0.1379729D+00  0.0000000D+00
  0.2331146D+01 -0.2438572D+00  0.1143553D+00  0.0000000D+00
  0.1675690D+02  0.1746567D+02 -0.1343036D+01  0.0000000D+00
 -0.1480951D+03 -0.2209145D+02  0.1130996D+01  0.0000000D+00
  0.5192719D+02 -0.8735806D+01 -0.8962498D+00  0.0000000D+00
 -0.2045461D+02  0.1270218D+00  0.8348334D+00  0.0000000D+00
  0.3471507D+02  0.1805601D+02 -0.2186906D+01  0.0000000D+00
  0.6980176D+01  0.4928920D+01  0.2269403D+00  0.0000000D+00
 -0.1059473D+02 -0.4490361D+01  0.7180016D-01  0.0000000D+00
 -0.3786611D+01 -0.3893725D+01 -0.2711847D+00  0.0000000D+00
 -0.1948157D+01 -0.3975028D+01  0.3812619D-01  0.0000000D+00
 -0.7322398D+00 -0.2944095D+01  0.5579791D+00  0.0000000D+00
 -0.4126634D-03 -0.2341861D+01  0.8657949D+00  0.0000000D+00
  0.8467177D+02  0.7448038D+02 -0.1731988D+01  0.0000000D+00
 -0.1283642D+03 -0.4278713D+02  0.2348054D+01  0.0000000D+00
  0.3542528D+02 -0.1355056D+02 -0.3869943D+01  0.0000000D+00
  0.5143546D+02 -0.2797117D+02  0.3312152D+00  0.0000000D+00
  0.5775073D+02  0.2915674D+02 -0.1034070D+01  0.0000000D+00
  0.2105996D+01 -0.2676662D+01  0.1018400D+01  0.0000000D+00
  0.2391951D+01  0.6359149D+00 -0.4244528D+00  0.0000000D+00
  0.2774450D+01 -0.1304133D+01  0.4200919D+00  0.0000000D+00
 -0.1400579D+01  0.4397960D+00  0.6520192D+00  0.0000000D+00
 -0.2894884D+01  0.1060689D+01  0.7665690D+00  0.0000000D+00
 -0.3817097D+01  0.1444509D+01  0.8364082D+00  0.0000000D+00
  0.6805000D+01 -0.8819541D+01  0.6771421D+00  0.0000000D+00
 -0.8208051D+02  0.2849815D+01 -0.2690975D+00  0.0000000D+00
  0.1147422D+03  0.2459491D+02 -0.2422840D+01  0.0000000D+00
 -0.8715441D+02 -0.8643722D+01  0.2723497D+01  0.0000000D+00
 -0.6033863D+01 -0.1188921D+02 -0.2608789D+01  0.0000000D+00
 -0.5544288D+01  0.8705785D+01  0.2195499D+01  0.0000000D+00
  0.6428692D+01 -0.2713879D+01 -0.1744518D+00  0.0000000D+00
 -0.3365306D+01  0.1693541D+01  0.1032449D+01  0.0000000D+00
 -0.2736852D+01  0.3052265D+01  0.1455661D+01  0.0000000D+00
 -0.3586567D+01  0.4791951D+01  0.1709051D+01  0.0000000D+00
 -0.4076892D+01  0.5825526D+01  0.1862150D+01  0.0000000D+00
 -0.3723670D+01 -0.6240114D-01 -0.6285668D-03  0.0000000D+00
 -0.6665915D+01  0.8846698D-01 -0.2797102D-01  0.0000000D+00
  0.5391883D+01  0.2651942D+00  0.6736589D-01  0.0000000D+00
 -0.1681098D+02  0.6201702D+00 -0.1264255D+00  0.0000000D+00
  0.6592185D+00 -0.2046431D+01  0.5779292D-01  0.0000000D+00
  0.8312366D+01  0.3189768D+01 -0.8221772D-01  0.0000000D+00
 -0.4693930D+01 -0.4085446D+01  0.1602760D+00  0.0000000D+00
 -0.2215854D+01  0.6662257D+00 -0.7007903D-01  0.0000000D+00
 -0.3525224D+01 -0.7129114D+00 -0.4640893D+00  0.0000000D+00
  0.2331615D+00 -0.5289892D+01 -0.1206832D+01  0.0000000D+00
  0.2418606D+01 -0.7985032D+01 -0.1646114D+01  0.0000000D+00
  0.5572018D+01 -0.1035098D+00 -0.1013388D-01  0.0000000D+00
  0.1094241D+02  0.1021581D+00  0.5766636D-02  0.0000000D+00
 -0.1413334D+02 -0.3741632D+00 -0.2280537D-01  0.0000000D+00
  0.1179033D+02  0.1309761D+00  0.1257420D-01  0.0000000D+00
  0.3562660D+00  0.1151788D+01 -0.3305828D-01  0.0000000D+00
 -0.1182619D+02 -0.2225639D+01  0.9588046D-01  0.0000000D+00
  0.3236837D+01 -0.9457478D+00 -0.2434799D+00  0.0000000D+00
 -0.2066187D+01 -0.3828012D+00  0.4881073D+00  0.0000000D+00
 -0.2905154D+01  0.3884500D+00 -0.5981459D-01  0.0000000D+00
 -0.3183864D+01 -0.4616668D+00 -0.6249939D-01  0.0000000D+00
 -0.3356793D+01 -0.9503465D+00 -0.7005583D-01  0.0000000D+00
 -0.5185248D+00  0.8548478D-01  0.9055493D-02  0.0000000D+00
  0.8393092D+00 -0.2398610D+00 -0.2387538D-02  0.0000000D+00
 -0.6369703D+01  0.3820609D+00  0.6895631D-03  0.0000000D+00
 -0.5305242D+01 -0.2966263D+00  0.3002425D-01  0.0000000D+00
  0.7620225D+00  0.1537320D+01 -0.3857443D-01  0.0000000D+00
 -0.4057901D+01 -0.2934128D+01  0.1112979D+00  0.0000000D+00
  0.3183875D+01  0.1865278D+01  0.2282018D+00  0.0000000D+00
 -0.1509994D+01 -0.1334210D+01 -0.6473056D-01  0.0000000D+00
  0.1942468D+01  0.2849833D-01  0.4291628D+00  0.0000000D+00
  0.1299873D+01  0.2881147D+01  0.3960706D+00  0.0000000D+00
  0.9623826D+00  0.4566367D+01  0.3820943D+00  0.0000000D+00
  0.1313664D+01  0.2723457D+00 -0.3380269D-02  0.0000000D+00
 -0.5566016D-01 -0.2363878D+00  0.2629352D-01  0.0000000D+00
 -0.3342488D+01 -0.1235602D+00 -0.4881121D-01  0.0000000D+00
  0.6351098D+01  0.7510239D+00  0.1354205D+00  0.0000000D+00
 -0.4662701D+01 -0.1391666D+01 -0.9767825D-01  0.0000000D+00
  0.2276229D+01  0.2208963D+01  0.8626233D-01  0.0000000D+00
 -0.8484600D+00 -0.6730379D+00 -0.2305895D+00  0.0000000D+00
 -0.1072425D+01  0.3371880D+01  0.1541598D+00  0.0000000D+00
 -0.2034143D+00  0.1218990D+01  0.1738338D+00  0.0000000D+00
  0.2362055D+01 -0.2510209D+01 -0.2497310D+00  0.0000000D+00
  0.3873677D+01 -0.4717224D+01 -0.4975301D+00  0.0000000D+00
  0.1449797D+01 -0.1257328D+00 -0.1023065D-01  0.0000000D+00
 -0.7866493D+00  0.1730026D+00  0.3950142D-01  0.0000000D+00
  0.2978304D+01 -0.9200741D+00 -0.6200486D-01  0.0000000D+00
 -0.6748649D+01  0.8919428D+00  0.1172946D+00  0.0000000D+00
  0.5704671D+01 -0.1616499D+01 -0.2755757D-01  0.0000000D+00
  0.6990436D+00  0.2001626D+01 -0.1330444D+00  0.0000000D+00
 -0.1373357D+01  0.1481177D+01  0.1453153D+00  0.0000000D+00
  0.5853459D+00 -0.1175177D+01 -0.1058030D+00  0.0000000D+00
 -0.3389425D+00 -0.1083004D+01 -0.1459969D+00  0.0000000D+00
 -0.1443691D+01  0.4837640D+00  0.9115877D-01  0.0000000D+00
 -0.2100777D+01  0.1401724D+01  0.2296200D+00  0.0000000D+00
  0.8920576D+00 -0.9740833D-01 -0.1040391D-02  0.0000000D+00
 -0.4658551D-02 -0.1546079D+00 -0.1305759D-01  0.0000000D+00
 -0.1826813D+01  0.2475106D+00  0.1961184D-01  0.0000000D+00
  0.1923282D+01 -0.5460321D+00 -0.2791747D-01  0.0000000D+00
 -0.2087617D+01  0.1189845D+01  0.3551434D-01  0.0000000D+00
  0.5196049D+01 -0.1547069D+01 -0.3439987D-01  0.0000000D+00
 -0.1178962D+01  0.1723409D+01  0.2999904D-01  0.0000000D+00
  0.1491352D+00 -0.3614771D+00  0.5954447D-03  0.0000000D+00
  0.1622638D+01  0.9279281D+00  0.4665894D+00  0.0000000D+00
  0.3907684D+00  0.4259277D+01  0.4685442D+00  0.0000000D+00
 -0.3142532D+00  0.6224033D+01  0.4748098D+00  0.0000000D+00
  0.1900617D+02 -0.8704149D+01  0.6418727D+00  0.0000000D+00
  0.5288825D+02  0.4378009D+01 -0.9123445D+00  0.0000000D+00
 -0.2274626D+02  0.2040658D+02  0.3726274D+01  0.0000000D+00
  0.5372889D+00 -0.2629333D+02 -0.4019513D+01  0.0000000D+00
 -0.1031608D+02  0.9141554D+01  0.4583415D+01  0.0000000D+00
 -0.6877760D+01  0.8326619D-01 -0.1110296D+01  0.0000000D+00
  0.9158031D+00  0.4603631D+00  0.1094187D+01  0.0000000D+00
  0.3869583D-01  0.1223197D+01 -0.1955505D+00  0.0000000D+00
 -0.1361838D+00  0.1531599D+01  0.4576804D+00  0.0000000D+00
 -0.2279548D+01  0.2072915D+01  0.2873885D+00  0.0000000D+00
 -0.3536158D+01  0.2393589D+01  0.1950218D+00  0.0000000D+00
  0.9085268D+01 -0.3371219D+01  0.6573372D+00  0.0000000D+00
  0.9025749D+02 -0.8854766D+01 -0.5604216D+00  0.0000000D+00
 -0.3491432D+02  0.3135807D+02  0.2523930D+01  0.0000000D+00
 -0.3732984D+02 -0.1804750D+02 -0.4819871D+01  0.0000000D+00
 -0.2188132D+02  0.7813118D+01  0.4504206D+01  0.0000000D+00
 -0.9326754D+01 -0.1849334D+01 -0.1223928D+01  0.0000000D+00
  0.4361278D+01  0.2707296D+01  0.9371297D+00  0.0000000D+00
 -0.2945107D+01 -0.5300225D+00 -0.5048163D+00  0.0000000D+00
 -0.6418183D-01 -0.1548390D+00 -0.7795165D-01  0.0000000D+00
  0.3667257D+01 -0.2138447D+01 -0.7157532D-01  0.0000000D+00
  0.5884411D+01 -0.3295720D+01 -0.6299135D-01  0.0000000D+00
  0.4000410D+01 -0.6758015D+01 -0.2619395D+00  0.0000000D+00
  0.1209663D+02 -0.2615135D+02  0.7937128D+00  0.0000000D+00
 -0.4314198D+02  0.7016341D+01  0.6110042D+00  0.0000000D+00
  0.3199691D+02 -0.1936551D+02 -0.1513836D+01  0.0000000D+00
 -0.1156612D+02  0.4246806D+01  0.8885588D+00  0.0000000D+00
  0.4356225D+01 -0.1160712D+02 -0.1146707D+01  0.0000000D+00
 -0.2565281D+01  0.4391270D+01  0.5128264D+00  0.0000000D+00
 -0.4312383D+00 -0.2994904D+01  0.1064032D+00  0.0000000D+00
 -0.1766696D+01 -0.8403872D+00  0.4292554D+00  0.0000000D+00
 -0.2162113D+00 -0.2957074D+01  0.3037678D+00  0.0000000D+00
  0.6765761D+00 -0.4172179D+01  0.2339310D+00  0.0000000D+00
 -0.1070102D+01 -0.1883479D+00  0.2420146D-02  0.0000000D+00
 -0.1411113D+02 -0.3175739D-01 -0.4099419D-03  0.0000000D+00
  0.1251062D+02  0.3929251D-01 -0.3841615D-01  0.0000000D+00
  0.8050923D+01 -0.3934185D-01  0.6237044D-01  0.0000000D+00
 -0.2897369D+01 -0.2309303D+00 -0.5287318D-01  0.0000000D+00
 -0.6360415D+01 -0.5537208D+00 -0.1488983D-01  0.0000000D+00
  0.6904897D+00  0.2027487D+01  0.2015879D+00  0.0000000D+00
 -0.1412397D+01  0.9407561D-01  0.7980388D-02  0.0000000D+00
 -0.4351522D+00 -0.8978595D+00 -0.2904122D+00  0.0000000D+00
 -0.8043244D+00  0.1331505D+01  0.1637289D+00  0.0000000D+00
 -0.1009764D+01  0.2625494D+01  0.4263333D+00  0.0000000D+00
  0.2290171D+01  0.3312932D-01  0.2511549D-01  0.0000000D+00
  0.1037179D+02  0.4999542D-01 -0.1898810D-01  0.0000000D+00
 -0.7464047D+01 -0.7634329D-01 -0.3029532D-02  0.0000000D+00
  0.3609998D+01  0.8432615D+00 -0.3327189D-01  0.0000000D+00
 -0.4897786D+01 -0.1354543D+01  0.8401674D-01  0.0000000D+00
  0.1872438D+01 -0.4181198D+00 -0.2159214D+00  0.0000000D+00
 -0.2381052D+01  0.2742906D+01  0.5617332D-01  0.0000000D+00
  0.9557255D+00  0.1343585D+00  0.1666786D+00  0.0000000D+00
  0.4846597D+00 -0.4752898D+00 -0.1195431D+00  0.0000000D+00
 -0.8641492D+00  0.1245965D+01 -0.1909967D+00  0.0000000D+00
 -0.1658933D+01  0.2246727D+01 -0.2360183D+00  0.0000000D+00
  0.8176066D+00  0.2825348D-01 -0.5197721D-02  0.0000000D+00
  0.2412989D+01  0.4805505D+00 -0.3136135D-02  0.0000000D+00
  0.1667074D+01 -0.5471752D+00  0.3100589D-01  0.0000000D+00
  0.4278607D+01  0.6907548D+00 -0.3327307D-01  0.0000000D+00
  0.1708472D+01 -0.1555188D+00  0.2923103D-02  0.0000000D+00
  0.2977837D+01  0.4726020D+00  0.1998841D-01  0.0000000D+00
 -0.1146640D+01 -0.1683768D+01  0.7827142D-01  0.0000000D+00
  0.1196647D+01  0.2042835D+01  0.1210057D+00  0.0000000D+00
  0.4520710D+00  0.1510602D+01  0.1551688D+00  0.0000000D+00
 -0.9151232D+00 -0.2110663D+00 -0.1321195D+00  0.0000000D+00
 -0.1723842D+01 -0.1224334D+01 -0.3000182D+00  0.0000000D+00
 -0.8354844D+00  0.2621966D+00 -0.1437466D-01  0.0000000D+00
  0.1424859D+01 -0.1532712D+00  0.1891489D-01  0.0000000D+00
  0.2356501D+00  0.8940713D+00 -0.9306880D-02  0.0000000D+00
 -0.5907837D+01 -0.2942705D+00 -0.4048832D-02  0.0000000D+00
  0.4454019D+01  0.3562632D+00 -0.3428417D-01  0.0000000D+00
 -0.1956226D+01  0.2056949D+01  0.1418940D+00  0.0000000D+00
  0.1052459D+01 -0.1885677D+01 -0.7783820D-01  0.0000000D+00
  0.1348239D+01  0.4965880D+00  0.1133750D+00  0.0000000D+00
  0.6114979D+00 -0.1109239D+01 -0.6055147D-01  0.0000000D+00
  0.5565392D+00 -0.2057917D+01  0.1937915D-01  0.0000000D+00
  0.5157145D+00 -0.2631285D+01  0.6422432D-01  0.0000000D+00
 -0.1445346D+01  0.2324941D+00  0.1911442D-01  0.0000000D+00
  0.2483410D+01 -0.1597585D+00 -0.2229061D-01  0.0000000D+00
 -0.5701742D+01  0.1665659D+00  0.1956222D-01  0.0000000D+00
  0.6570895D+01 -0.5547733D+00 -0.3932062D-01  0.0000000D+00
 -0.5204781D+01  0.4653049D+00  0.1667779D-01  0.0000000D+00
  0.2576240D+01 -0.1262161D+00 -0.7847072D-01  0.0000000D+00
  0.1768111D+00 -0.5652088D+00 -0.9315694D-01  0.0000000D+00
  0.6627922D+00 -0.4742298D+00 -0.6788266D-02  0.0000000D+00
 -0.9245257D+00 -0.2393807D+00 -0.5741700D-01  0.0000000D+00
 -0.1460585D+01  0.1958382D+01 -0.8774285D-01  0.0000000D+00
 -0.1792011D+01  0.3247604D+01 -0.1060679D+00  0.0000000D+00
  0.3038070D+00 -0.3581561D+00  0.5109260D-04  0.0000000D+00
 -0.2201381D+01  0.2515383D+00  0.3137262D-01  0.0000000D+00
  0.8865218D+00 -0.4807820D+00 -0.1747910D-01  0.0000000D+00
  0.1308995D+01 -0.5088283D+00  0.3048153D-01  0.0000000D+00
 -0.2085808D+01  0.3385741D+00 -0.2190366D-01  0.0000000D+00
  0.1763997D+01 -0.2570358D+01  0.2649977D-01  0.0000000D+00
 -0.2188465D+01  0.1859649D+01 -0.1254359D+00  0.0000000D+00
 -0.3609384D+00 -0.1042780D+01 -0.7911454D-01  0.0000000D+00
  0.4430811D+00  0.2001128D+00  0.2222360D+00  0.0000000D+00
  0.1078126D+01  0.1700121D+01  0.1037589D+00  0.0000000D+00
  0.1458551D+01  0.2592213D+01  0.3774316D-01  0.0000000D+00
  0.7628122D+01 -0.6454053D+01  0.4648750D+00  0.0000000D+00
 -0.7946367D+02  0.7714620D+01 -0.5175141D+00  0.0000000D+00
  0.2488827D+02 -0.1889776D+02  0.1620820D+00  0.0000000D+00
 -0.4566369D+01 -0.8836969D+01 -0.1374070D+01  0.0000000D+00
 -0.2132464D+02 -0.3295926D+01  0.2447939D+01  0.0000000D+00
 -0.3407382D+01  0.3541361D+01 -0.9209782D+00  0.0000000D+00
  0.6613693D+01 -0.3985821D+01  0.3385316D+00  0.0000000D+00
 -0.1622111D+01 -0.1002268D+01 -0.1209438D+00  0.0000000D+00
  0.3562600D+00 -0.5838741D+00  0.7298524D-01  0.0000000D+00
  0.9640339D+00 -0.2331519D+00  0.3981832D+00  0.0000000D+00
  0.1342130D+01 -0.2331438D-01  0.5907288D+00  0.0000000D+00
 -0.1256266D+01  0.3001900D+02  0.7564496D+00  0.0000000D+00
 -0.5154942D+02 -0.2476701D+02 -0.5463995D+00  0.0000000D+00
  0.1160367D+02  0.3340842D+02  0.4541654D+00  0.0000000D+00
  0.8772525D+01 -0.4865175D+02 -0.1675864D+01  0.0000000D+00
 -0.6229963D+02  0.9790835D+00  0.1823558D+01  0.0000000D+00
  0.2694475D+00  0.2334975D+01 -0.1471923D+01  0.0000000D+00
  0.3007667D+01  0.1789569D+00  0.6216796D+00  0.0000000D+00
 -0.3600493D+01  0.1383448D+01 -0.5538035D-01  0.0000000D+00
 -0.6021845D+00 -0.6798797D+00 -0.2720560D+00  0.0000000D+00
  0.1145992D+01 -0.2560623D+01 -0.3954028D+00  0.0000000D+00
  0.2203361D+01 -0.3684761D+01 -0.4700421D+00  0.0000000D+00
 -0.1311377D+02 -0.8805804D+01  0.4030463D+00  0.0000000D+00
 -0.1280934D+02  0.1217090D+02 -0.1167974D+01  0.0000000D+00
  0.1773952D+02  0.9323554D+01  0.2118753D+00  0.0000000D+00
 -0.9599087D+01 -0.2345050D+02  0.1557395D+01  0.0000000D+00
  0.1307788D+02 -0.4182650D+01 -0.1082320D+01  0.0000000D+00
 -0.4725411D+01  0.4384293D+00  0.2510746D+00  0.0000000D+00
  0.3574205D+01  0.5820556D+00  0.2510749D+00  0.0000000D+00
  0.5818164D+00  0.7761551D+00 -0.4163038D-01  0.0000000D+00
  0.2008117D+01  0.1174869D+01 -0.6949762D-02  0.0000000D+00
  0.1856444D+01 -0.8728423D+00  0.2956774D+00  0.0000000D+00
  0.1783381D+01 -0.2067544D+01  0.4732512D+00  0.0000000D+00
  0.4224345D+00 -0.4504895D-01  0.5425771D-02  0.0000000D+00
 -0.3264023D+01  0.4037528D+00 -0.2035043D-01  0.0000000D+00
 -0.5089998D+01 -0.5785015D+00  0.3152439D-02  0.0000000D+00
  0.1202247D+02  0.1372083D+00  0.2638751D-01  0.0000000D+00
 -0.4769098D+01 -0.1293847D+01  0.1580244D-01  0.0000000D+00
 -0.2550401D+01  0.2423415D+01 -0.3433293D+00  0.0000000D+00
  0.3990896D+01 -0.1613052D+01 -0.1211819D+00  0.0000000D+00
  0.9785194D+00  0.1401563D+00 -0.2225996D-01  0.0000000D+00
  0.8079488D+00 -0.7450801D-01 -0.1034372D+00  0.0000000D+00
 -0.1628413D+01  0.1409246D+01 -0.2302369D+00  0.0000000D+00
 -0.3056296D+01  0.2275245D+01 -0.3053698D+00  0.0000000D+00
 -0.2519059D+00  0.1859245D+00 -0.6780682D-02  0.0000000D+00
  0.8471080D+01  0.1448172D+00 -0.2563357D-01  0.0000000D+00
 -0.8258827D+01 -0.1519455D+00  0.4157232D-01  0.0000000D+00
  0.1792659D+01  0.8398123D-01 -0.3425866D-01  0.0000000D+00
 -0.3814182D+01 -0.1164713D+01  0.1316469D-01  0.0000000D+00
  0.7145234D+01 -0.4989271D+00  0.3859981D+00  0.0000000D+00
 -0.1839944D+01 -0.2346935D+01  0.3923838D-01  0.0000000D+00
 -0.1671047D+01  0.1174030D+00 -0.6938625D-01  0.0000000D+00
 -0.1569887D+01 -0.3420022D+00  0.9648888D-01  0.0000000D+00
  0.6795453D+00  0.8971930D+00  0.1098032D+00  0.0000000D+00
  0.1997561D+01  0.1618155D+01  0.1194128D+00  0.0000000D+00
  0.5545999D+00 -0.1292808D-02  0.5537208D-02  0.0000000D+00
  0.1588127D+01 -0.4643810D+00 -0.2132182D-01  0.0000000D+00
 -0.2236455D+01  0.4675220D+00  0.3498974D-01  0.0000000D+00
  0.4880396D+01 -0.3649922D+00 -0.2465371D-01  0.0000000D+00
  0.4257969D+01  0.1004947D+01  0.3008375D-01  0.0000000D+00
  0.1692293D+01 -0.1374598D+01 -0.5689979D-01  0.0000000D+00
 -0.2945080D+00 -0.4096313D+00  0.1385869D+00  0.0000000D+00
 -0.8168888D-01  0.4972848D+00 -0.6651670D-01  0.0000000D+00
 -0.3119798D+00  0.4141758D+00 -0.1568947D+00  0.0000000D+00
 -0.1919376D+01 -0.6223126D+00 -0.2102075D+00  0.0000000D+00
 -0.2863154D+01 -0.1230242D+01 -0.2424761D+00  0.0000000D+00
  0.2596993D+01 -0.1456329D+00  0.3023064D-02  0.0000000D+00
 -0.6362556D+00 -0.7699278D-01  0.2462062D-01  0.0000000D+00
 -0.3577392D+01 -0.3117766D+00 -0.6028175D-02  0.0000000D+00
  0.1233217D+01  0.8946220D+00 -0.4254930D-01  0.0000000D+00
 -0.8547696D+00  0.1022819D+01  0.5532194D-01  0.0000000D+00
  0.1738995D+01  0.7094286D+00 -0.3717741D+00  0.0000000D+00
  0.2084178D+01 -0.1641309D+01  0.4825293D-01  0.0000000D+00
 -0.3196064D+00  0.1275957D+01  0.1033226D+00  0.0000000D+00
 -0.9642155D+00  0.1976587D+00 -0.1756739D-01  0.0000000D+00
 -0.2067278D+01 -0.1566823D+01 -0.8386950D-01  0.0000000D+00
 -0.2720102D+01 -0.2612544D+01 -0.1240344D+00  0.0000000D+00
  0.5127029D+00  0.4743241D-01 -0.1668362D-01  0.0000000D+00
  0.1474936D+01 -0.2020199D+00  0.1653783D-01  0.0000000D+00
 -0.2447257D+01  0.3834190D-03 -0.9847121D-02  0.0000000D+00
 -0.3312985D+00 -0.4892563D+00 -0.3726060D-01  0.0000000D+00
 -0.4100181D-01  0.9299614D+00 -0.2476921D-01  0.0000000D+00
  0.7682155D+00  0.1797507D+00  0.2578987D+00  0.0000000D+00
 -0.1996667D+01  0.3159711D+00 -0.5535073D-01  0.0000000D+00
 -0.4700509D+00 -0.3161937D+00 -0.4175400D-01  0.0000000D+00
  0.2867553D+00 -0.9883202D+00  0.1094816D+00  0.0000000D+00
  0.2884647D+01  0.7458343D+00  0.5982745D-01  0.0000000D+00
  0.4413941D+01  0.1754039D+01  0.3237679D-01  0.0000000D+00
  0.6262162D+00 -0.6952814D-01 -0.3235432D-02  0.0000000D+00
  0.9184043D+00 -0.2874266D+00  0.6533024D-02  0.0000000D+00
  0.2305148D+01  0.3469814D-01  0.3717057D-02  0.0000000D+00
 -0.2751938D+01 -0.1039249D+01  0.1413875D-01  0.0000000D+00
 -0.1832707D+01  0.4342786D+00 -0.5551155D-01  0.0000000D+00
  0.7551922D+00 -0.4449081D+00  0.2857741D+00  0.0000000D+00
 -0.2452831D+00  0.2181189D+01 -0.1932196D+00  0.0000000D+00
  0.1119520D+00 -0.4774105D+00  0.3458233D-01  0.0000000D+00
  0.6771825D+00  0.8242015D-01 -0.1517151D+00  0.0000000D+00
 -0.5720758D+00  0.5130647D+00 -0.1223864D+00  0.0000000D+00
 -0.1297157D+01  0.7713830D+00 -0.1073152D+00  0.0000000D+00
