  3  2   693 10944  4  4  9 11  7  1    0.00   24.00  100.00  600.00    0.00    6.28   45.00   45.00
  100.0  100.0  100.0  100.0  125.0  150.0  190.0  230.0  275.0  350.0  450.0  600.0  600.0  600.0  600.0
  0.2020337D+03 -0.6536063D+01 -0.4775065D+01  0.0000000D+00
  0.2994837D+03 -0.1686486D+02 -0.3679977D+01  0.0000000D+00
  0.2460966D+03 -0.2131745D+03  0.7493457D+01  0.0000000D+00
  0.7633991D+03  0.2129131D+03 -0.3330982D+01  0.0000000D+00
  0.8587338D+03  0.2032965D+02 -0.1916734D+02  0.0000000D+00
  0.1499895D+04  0.3106956D+03 -0.5463362D+01  0.0000000D+00
  0.1222786D+04  0.2027021D+03  0.8068471D+01  0.0000000D+00
  0.1272325D+04  0.2000364D+03 -0.1913023D+01  0.0000000D+00
  0.1459006D+04  0.7936760D+02 -0.1061830D+02  0.0000000D+00
  0.1631130D+04  0.2870243D+02 -0.1620394D+02  0.0000000D+00
  0.1733986D+04 -0.2307321D+01 -0.1957211D+02  0.0000000D+00
 -0.9580284D+01  0.4030774D+02  0.1961461D+01  0.0000000D+00
  0.1530446D+03  0.4068346D+02 -0.6465383D+01  0.0000000D+00
 -0.2302717D+03 -0.1739442D+03  0.4060535D+01  0.0000000D+00
 -0.1617183D+03  0.1051932D+03  0.2549338D+01  0.0000000D+00
 -0.7036316D+03 -0.2323697D+03  0.7566038D+01  0.0000000D+00
 -0.5982798D+03 -0.4753227D+02  0.9981132D+01  0.0000000D+00
 -0.4066469D+03  0.5183575D+02  0.9723720D+01  0.0000000D+00
 -0.3684197D+03  0.8005489D+02  0.1655144D+02  0.0000000D+00
 -0.5398421D+03  0.2082408D+03  0.2843979D+02  0.0000000D+00
 -0.6812703D+03  0.2562768D+03  0.3275043D+02  0.0000000D+00
 -0.7659855D+03  0.2858327D+03  0.3540774D+02  0.0000000D+00
  0.5142320D+02  0.1001850D+03 -0.5858496D+00  0.0000000D+00
 -0.8508633D+02 -0.1303352D+03 -0.2423611D+01  0.0000000D+00
  0.7667668D+02  0.8718871D+02  0.1267712D+02  0.0000000D+00
 -0.1097299D+03 -0.7711889D+02 -0.1261499D+02  0.0000000D+00
 -0.2076584D+02 -0.4413955D+00  0.1869278D+02  0.0000000D+00
 -0.1336428D+03 -0.8571535D+02 -0.5884974D+01  0.0000000D+00
  0.4314041D+01 -0.1015327D+03 -0.1255452D+01  0.0000000D+00
  0.9644362D+02 -0.8764899D+02  0.4047845D+01  0.0000000D+00
  0.1042757D+03  0.4236937D+01  0.3450997D+01  0.0000000D+00
  0.8739632D+02  0.4878539D+02  0.1424314D+01  0.0000000D+00
  0.7760341D+02  0.7590052D+02  0.2305052D+00  0.0000000D+00
  0.5695408D+01 -0.1136184D+00 -0.1592009D-01  0.0000000D+00
 -0.1061895D+02 -0.1892770D+00 -0.1161121D-02  0.0000000D+00
  0.3339636D+02  0.5815675D-03 -0.6301384D-02  0.0000000D+00
 -0.3228972D+01 -0.3095311D-01 -0.2404869D-01  0.0000000D+00
 -0.4480893D+01 -0.1302163D+00  0.1783481D+00  0.0000000D+00
 -0.1379940D+02  0.7595168D+01 -0.1283814D+01  0.0000000D+00
 -0.6033733D+02  0.4731672D+02  0.3841096D+01  0.0000000D+00
 -0.1611754D+03  0.4724390D+02  0.1330107D+01  0.0000000D+00
 -0.1786303D+03  0.3902138D+02 -0.1002462D+01  0.0000000D+00
 -0.1943857D+03  0.3413679D+02 -0.7136646D+00  0.0000000D+00
 -0.2038067D+03  0.3118208D+02 -0.5702506D+00  0.0000000D+00
 -0.8062998D+01 -0.3331948D+00  0.1824733D-01  0.0000000D+00
  0.1708228D+02 -0.3878775D+00 -0.3441234D-01  0.0000000D+00
 -0.1605635D+02  0.9323997D+00  0.1612319D-01  0.0000000D+00
  0.1596020D+02 -0.1887474D+01 -0.5220566D-01  0.0000000D+00
 -0.1350343D+02  0.6043238D+01  0.7672717D-01  0.0000000D+00
  0.2403011D+02 -0.1624890D+02 -0.1310424D-01  0.0000000D+00
  0.8880899D+00  0.2583415D+02  0.6204579D+01  0.0000000D+00
 -0.7305845D+02  0.5113887D+02  0.2804305D+00  0.0000000D+00
 -0.9128638D+02  0.2464142D+01  0.2148000D+01  0.0000000D+00
 -0.9523395D+02 -0.1511731D+02  0.4492496D+01  0.0000000D+00
 -0.9774860D+02 -0.2595870D+02  0.5886142D+01  0.0000000D+00
 -0.4564988D+00 -0.5313617D-01 -0.5822786D-02  0.0000000D+00
  0.2098696D+01  0.1372650D+00  0.2402401D-01  0.0000000D+00
  0.6430315D+01 -0.9471941D-01 -0.3395467D-01  0.0000000D+00
 -0.6627709D+01 -0.5331637D+00  0.7228228D-01  0.0000000D+00
  0.1483163D+02  0.1986081D+01 -0.2412814D+00  0.0000000D+00
  0.2956430D+02 -0.1063904D+02  0.1024320D+01  0.0000000D+00
  0.1268258D+03 -0.3153393D+02 -0.7810048D+01  0.0000000D+00
  0.1797926D+03 -0.6982423D+02 -0.7223819D+01  0.0000000D+00
  0.2023756D+03 -0.6355354D+02 -0.7258323D+01  0.0000000D+00
  0.2055148D+03 -0.4917586D+02 -0.7219642D+01  0.0000000D+00
  0.2076057D+03 -0.4068722D+02 -0.7197480D+01  0.0000000D+00
 -0.2601770D+00  0.6549956D+00  0.1817597D-01  0.0000000D+00
 -0.8066367D+00 -0.1498483D+01 -0.1090817D+00  0.0000000D+00
  0.3022627D+01  0.2573466D+01  0.2143553D+00  0.0000000D+00
 -0.7316782D+01 -0.3397982D+01 -0.3363439D+00  0.0000000D+00
 -0.5851214D+01  0.4032864D+01  0.5445120D+00  0.0000000D+00
  0.5179485D+01 -0.6951958D+01 -0.3461679D+00  0.0000000D+00
 -0.5147750D+02  0.3346541D+02 -0.3718362D+01  0.0000000D+00
 -0.8103891D+02 -0.1324780D+02 -0.5103656D+00  0.0000000D+00
 -0.6314047D+02 -0.1739484D+02  0.8201499D-01  0.0000000D+00
 -0.5000072D+02 -0.1678344D+02  0.1260355D+01  0.0000000D+00
 -0.4210853D+02 -0.1647255D+02  0.1956992D+01  0.0000000D+00
  0.1161840D+00  0.1202473D+00 -0.5718358D-02  0.0000000D+00
 -0.2342206D+01  0.6799443D+00  0.6766715D-01  0.0000000D+00
  0.2630043D+01 -0.8823421D+00 -0.1036711D+00  0.0000000D+00
 -0.3567294D+01  0.1454222D+01  0.1732383D+00  0.0000000D+00
  0.1043064D+01 -0.3085769D+01 -0.3430196D+00  0.0000000D+00
 -0.3007145D+02  0.9523800D+01  0.1097258D+01  0.0000000D+00
  0.2837014D+02 -0.2007426D+01  0.3515752D+01  0.0000000D+00
  0.4706027D+02  0.1620144D+02  0.3946124D+01  0.0000000D+00
  0.5685386D+02  0.2965328D+01  0.2997757D+01  0.0000000D+00
  0.6710820D+02 -0.7715110D+01  0.1936531D+01  0.0000000D+00
  0.7322163D+02 -0.1411413D+02  0.1304447D+01  0.0000000D+00
  0.1362444D-01 -0.3599444D+00 -0.3364130D-01  0.0000000D+00
  0.2242884D+01  0.3700960D+00  0.1695706D+00  0.0000000D+00
 -0.1456552D+01 -0.5130114D-01 -0.2724069D+00  0.0000000D+00
  0.3902709D+01 -0.2103892D+00  0.4151189D+00  0.0000000D+00
  0.8801567D+01  0.2130099D+01 -0.6918056D+00  0.0000000D+00
 -0.8721330D+01 -0.1518583D+01  0.6755872D+00  0.0000000D+00
  0.3697466D+02 -0.1363113D+02  0.1138391D+01  0.0000000D+00
  0.8089855D+02 -0.7706461D+01  0.3075344D+00  0.0000000D+00
  0.6664533D+02 -0.8456989D+00 -0.6191855D+00  0.0000000D+00
  0.5241345D+02  0.3364702D+00 -0.1656614D+01  0.0000000D+00
  0.4392225D+02  0.1104461D+01 -0.2274341D+01  0.0000000D+00
  0.1003223D+02 -0.2202323D+02  0.1937949D+00  0.0000000D+00
  0.4573721D+02  0.5813960D+01  0.2757191D+01  0.0000000D+00
 -0.3186769D+02 -0.2319464D+02  0.1765580D+01  0.0000000D+00
 -0.4837448D+02  0.6425985D+02 -0.9129469D+00  0.0000000D+00
 -0.1573052D+02  0.2573457D+02  0.1458135D+02  0.0000000D+00
 -0.6642165D+02 -0.2862132D+02 -0.1260380D+02  0.0000000D+00
 -0.6058102D+02 -0.5145099D+02 -0.5547293D+00  0.0000000D+00
  0.7934874D+02 -0.2688101D+02 -0.1587219D+02  0.0000000D+00
  0.7361160D+02 -0.1225692D+02 -0.2005455D+02  0.0000000D+00
  0.7008196D+02 -0.6170837D+01 -0.1886522D+02  0.0000000D+00
  0.6795197D+02 -0.2445617D+01 -0.1821583D+02  0.0000000D+00
  0.1650124D+02  0.5213116D+01  0.3205818D+01  0.0000000D+00
  0.1386509D+01  0.2300007D+02  0.4353174D+01  0.0000000D+00
 -0.1213020D+03  0.1096219D+02 -0.1034949D+02  0.0000000D+00
 -0.2006923D+02 -0.5859086D+02  0.1229278D+02  0.0000000D+00
  0.1004040D+02  0.1122365D+03  0.3476658D+01  0.0000000D+00
  0.1129159D+03 -0.4389253D+01 -0.2679658D+01  0.0000000D+00
  0.2277256D+02  0.5087093D+02  0.4256004D+01  0.0000000D+00
 -0.9647067D+02  0.2514461D+02  0.1724236D+02  0.0000000D+00
 -0.6492678D+02 -0.1915025D+02  0.2355544D+02  0.0000000D+00
 -0.2175021D+02 -0.3031762D+02  0.1974736D+02  0.0000000D+00
  0.3877832D+01 -0.3735267D+02  0.1758858D+02  0.0000000D+00
  0.6541726D+01  0.2517654D+01 -0.9205959D-01  0.0000000D+00
 -0.7378382D+02 -0.1282223D+03 -0.6243360D+01  0.0000000D+00
  0.6019269D+02  0.1335170D+03  0.4897862D+01  0.0000000D+00
 -0.1320006D+02 -0.1669315D+02 -0.3087785D+01  0.0000000D+00
  0.5390931D+00  0.4071418D+02 -0.6973190D+01  0.0000000D+00
 -0.3871490D+02 -0.2002030D+02  0.1173393D+02  0.0000000D+00
 -0.6120280D+02  0.1036994D+02  0.1698616D+01  0.0000000D+00
 -0.6307544D+02  0.1354211D+03  0.8499139D+01  0.0000000D+00
 -0.5054958D+02  0.1237271D+03  0.4194382D+01  0.0000000D+00
 -0.2956531D+02  0.1179925D+03  0.4781471D+01  0.0000000D+00
 -0.1713998D+02  0.1145056D+03  0.5076090D+01  0.0000000D+00
 -0.5509300D+01 -0.7956090D-01 -0.3471926D-01  0.0000000D+00
 -0.2333341D+02  0.9332634D+00  0.2343033D+00  0.0000000D+00
  0.6244601D+02 -0.1979426D+01 -0.4205744D+00  0.0000000D+00
 -0.3093847D+02  0.2014568D+01  0.7288835D+00  0.0000000D+00
  0.2784398D+02 -0.4734718D+01 -0.1239371D+01  0.0000000D+00
  0.2659369D+02  0.1749009D+02  0.1666601D+01  0.0000000D+00
 -0.1653032D+01 -0.1810898D+02  0.2480890D+01  0.0000000D+00
  0.2685576D+02  0.2727541D+01 -0.1412165D+01  0.0000000D+00
 -0.5994228D+01  0.1881302D+02 -0.3418776D+01  0.0000000D+00
 -0.3560789D+02  0.1553903D+02 -0.2618744D+01  0.0000000D+00
 -0.5331334D+02  0.1380557D+02 -0.2172213D+01  0.0000000D+00
  0.1601961D+01 -0.5991424D+00 -0.1387103D-01  0.0000000D+00
  0.1839271D+02  0.9711709D+00  0.1352847D+00  0.0000000D+00
 -0.1236161D+02 -0.1816653D+01 -0.2400736D+00  0.0000000D+00
  0.3071270D+01  0.2633959D+01  0.3569326D+00  0.0000000D+00
  0.1115496D+02 -0.3762231D+01 -0.4224021D+00  0.0000000D+00
  0.4432682D+01 -0.3521451D+01 -0.2647015D+00  0.0000000D+00
  0.8056526D+02  0.6875964D+01 -0.1170194D+02  0.0000000D+00
  0.8305800D+02 -0.1153109D+03 -0.1050448D+02  0.0000000D+00
  0.6438429D+02 -0.9249036D+02 -0.8339280D+01  0.0000000D+00
  0.4829610D+02 -0.7349751D+02 -0.9706789D+01  0.0000000D+00
  0.3867046D+02 -0.6212571D+02 -0.1048299D+02  0.0000000D+00
 -0.1783315D+01 -0.1793007D+00  0.2264979D-01  0.0000000D+00
  0.3529449D+01  0.4724993D+00 -0.2099166D+00  0.0000000D+00
  0.5808131D+01  0.1244014D-02  0.3613874D+00  0.0000000D+00
  0.1411096D+01 -0.6906824D-01 -0.6023957D+00  0.0000000D+00
 -0.1715622D+02  0.1479133D+01  0.9414122D+00  0.0000000D+00
  0.1306443D+01 -0.1039868D+02 -0.5788274D+00  0.0000000D+00
 -0.2702566D+02  0.1667303D+02 -0.8308101D+00  0.0000000D+00
 -0.1588088D+02  0.1924517D+02 -0.1553962D+01  0.0000000D+00
 -0.1992169D+02  0.2763715D+02 -0.2116294D+01  0.0000000D+00
 -0.2909269D+02  0.3331163D+02 -0.8277943D-01  0.0000000D+00
 -0.3450874D+02  0.3672900D+02  0.1101486D+01  0.0000000D+00
 -0.1309229D+01  0.4668021D+00  0.7901253D-02  0.0000000D+00
  0.8406470D+01 -0.3851436D+00 -0.5657718D-01  0.0000000D+00
 -0.9227117D+01  0.8005510D+00  0.9400223D-01  0.0000000D+00
  0.4284972D+01 -0.1874981D+01 -0.1336331D+00  0.0000000D+00
 -0.1100582D+02  0.3888642D+01  0.5659182D-01  0.0000000D+00
 -0.2486639D+02  0.2231144D+01  0.9513374D+00  0.0000000D+00
 -0.5595566D+02 -0.1618801D+02  0.5567615D+01  0.0000000D+00
 -0.2763609D+02  0.1834841D+02  0.1958742D+01  0.0000000D+00
 -0.8750657D+01  0.6577252D+01  0.6006121D+00  0.0000000D+00
 -0.4259837D+01  0.1149078D+01  0.1446029D+01  0.0000000D+00
 -0.1419562D+01 -0.2158169D+01  0.1925811D+01  0.0000000D+00
 -0.4986827D+00  0.3260203D+00 -0.1395335D-01  0.0000000D+00
  0.3162995D+01 -0.2586365D+00  0.1364112D+00  0.0000000D+00
 -0.7468199D+01  0.7892590D+00 -0.2203388D+00  0.0000000D+00
  0.2002928D+01 -0.1286137D+00  0.3402950D+00  0.0000000D+00
 -0.6869647D+00 -0.7325714D+00 -0.4951867D+00  0.0000000D+00
  0.9141984D+01  0.4049980D+01 -0.3163342D+00  0.0000000D+00
  0.2864991D+01  0.4877978D+00 -0.2643905D+01  0.0000000D+00
  0.4822675D+01 -0.1602432D+02 -0.5385494D+00  0.0000000D+00
  0.1737597D+02 -0.1836708D+02  0.6177541D+00  0.0000000D+00
  0.2291133D+02 -0.1841847D+02 -0.6486661D-01  0.0000000D+00
  0.2629418D+02 -0.1847843D+02 -0.4516564D+00  0.0000000D+00
 -0.1575668D+01  0.1059156D+00 -0.1318314D-01  0.0000000D+00
  0.2131187D+01  0.1049357D+01 -0.5139994D-01  0.0000000D+00
 -0.4516895D+00 -0.1305979D+01  0.9677085D-01  0.0000000D+00
  0.2157975D+01  0.2678556D+01 -0.1613463D+00  0.0000000D+00
  0.5633071D+01 -0.5051206D+01  0.4253985D+00  0.0000000D+00
  0.2788801D+02  0.2680338D+01 -0.1462904D+01  0.0000000D+00
  0.1345564D+02  0.1341486D+02  0.9100016D+00  0.0000000D+00
 -0.2382635D+02  0.2230789D+02  0.2173354D+01  0.0000000D+00
 -0.3298760D+02  0.1639023D+02  0.2127317D+01  0.0000000D+00
 -0.3956271D+02  0.1479395D+02  0.3100886D+01  0.0000000D+00
 -0.4351555D+02  0.1379321D+02  0.3670575D+01  0.0000000D+00
  0.2218496D+02  0.4156607D+02  0.7454900D+00  0.0000000D+00
 -0.7372714D+02 -0.5345291D+02  0.3105675D+01  0.0000000D+00
  0.4065377D+02  0.5150780D+02 -0.9639615D+01  0.0000000D+00
 -0.5688027D+02 -0.1945505D+02  0.1223165D+02  0.0000000D+00
  0.6469987D+02  0.5154834D+02 -0.4075517D+01  0.0000000D+00
 -0.1307920D+02  0.1042662D+02 -0.2446488D+00  0.0000000D+00
  0.1345298D+02  0.9195223D+01  0.1613348D+02  0.0000000D+00
 -0.1571919D+02  0.1878081D+02  0.1240820D+02  0.0000000D+00
 -0.3220748D+02  0.1408370D+02  0.1595957D+02  0.0000000D+00
 -0.4414411D+02  0.9232947D+01  0.1705591D+02  0.0000000D+00
 -0.5131705D+02  0.6341289D+01  0.1773789D+02  0.0000000D+00
 -0.2105312D+02 -0.9158064D+01  0.1039372D+01  0.0000000D+00
 -0.5649448D+02 -0.1639600D+02  0.4681025D+01  0.0000000D+00
  0.5305373D+02  0.1789926D+02 -0.1513834D+02  0.0000000D+00
 -0.1471594D+03  0.8925426D+01  0.2062172D+02  0.0000000D+00
  0.3192948D+01  0.1586452D+02 -0.2728186D+02  0.0000000D+00
 -0.1942498D+02 -0.6157292D+01  0.4575654D+01  0.0000000D+00
  0.1072055D+01  0.5072956D+01 -0.1706979D+02  0.0000000D+00
  0.2681576D+02 -0.7383974D+01 -0.1457757D+02  0.0000000D+00
  0.3826007D+02  0.1287731D+02 -0.1820151D+02  0.0000000D+00
  0.3624737D+02  0.3655668D+02 -0.1935873D+02  0.0000000D+00
  0.3519876D+02  0.5064506D+02 -0.2007695D+02  0.0000000D+00
 -0.5575358D+01  0.2021825D+02  0.1116218D+01  0.0000000D+00
  0.1854388D+02  0.3210384D+02 -0.8783148D+01  0.0000000D+00
 -0.1970532D+02 -0.5067745D+02  0.1474184D+02  0.0000000D+00
  0.6768457D+01  0.5227308D+02 -0.1537089D+02  0.0000000D+00
 -0.4864414D+02 -0.2805507D+02  0.2120235D+02  0.0000000D+00
 -0.3987769D+02  0.2354819D+02 -0.8866663D-01  0.0000000D+00
 -0.1929622D+02  0.2387311D+02  0.4067757D+01  0.0000000D+00
 -0.2158329D+02 -0.3167735D+02  0.2372437D+01  0.0000000D+00
 -0.1931351D+02 -0.1167853D+02  0.3993461D+01  0.0000000D+00
 -0.2075006D+02 -0.1983053D+01  0.3146941D+01  0.0000000D+00
 -0.2156696D+02  0.3917868D+01  0.2669685D+01  0.0000000D+00
 -0.1025051D+01  0.2655651D+00  0.4638461D-01  0.0000000D+00
 -0.5154500D+01  0.8296772D-02 -0.1670422D+00  0.0000000D+00
  0.9546809D+00 -0.9432773D+00  0.2914988D+00  0.0000000D+00
  0.1813538D+01  0.6799576D+00 -0.4957751D+00  0.0000000D+00
  0.9544738D+01 -0.5349091D+00  0.9241369D+00  0.0000000D+00
 -0.1661221D+02  0.3581342D+01 -0.1965575D+01  0.0000000D+00
 -0.3612882D+01  0.1495055D+01  0.4107031D+00  0.0000000D+00
 -0.6823357D+01 -0.2352339D+01 -0.2004713D+01  0.0000000D+00
  0.3836653D+01 -0.2384154D+01 -0.2425095D+01  0.0000000D+00
  0.1510997D+02 -0.8562543D+01 -0.1231512D+01  0.0000000D+00
  0.2182925D+02 -0.1218026D+02 -0.5374947D+00  0.0000000D+00
  0.5353821D+01 -0.3185704D+00  0.9359266D-02  0.0000000D+00
  0.4041222D+01  0.6156092D+00  0.1023839D-01  0.0000000D+00
 -0.5086377D+01 -0.1081837D+01 -0.1091973D-01  0.0000000D+00
  0.5805817D+01  0.1539711D+01 -0.3793234D-01  0.0000000D+00
 -0.7763063D+00 -0.2807978D+01  0.3343959D+00  0.0000000D+00
  0.4827428D+01  0.4342310D+01 -0.2278211D+01  0.0000000D+00
  0.2823830D+01 -0.7287835D+01 -0.3974211D+01  0.0000000D+00
  0.4401954D+01  0.3137327D+01 -0.4292988D+01  0.0000000D+00
  0.7476736D+01  0.5695037D+01 -0.4306522D+01  0.0000000D+00
  0.3406324D+01  0.1224715D+02 -0.5114937D+01  0.0000000D+00
  0.1059419D+01  0.1611151D+02 -0.5588155D+01  0.0000000D+00
  0.1031447D+01 -0.1790020D+00 -0.1142423D-02  0.0000000D+00
  0.1643859D+01 -0.3280906D+00 -0.5273022D-01  0.0000000D+00
 -0.3980793D+01  0.5309276D+00  0.1110328D+00  0.0000000D+00
  0.9291526D+01 -0.6466520D+00 -0.1326057D+00  0.0000000D+00
 -0.8534252D+01  0.7170905D+00  0.1716107D+00  0.0000000D+00
  0.1026661D+02  0.8863429D+00  0.9924872D+00  0.0000000D+00
  0.6979340D+01 -0.1308138D+02  0.5539025D+01  0.0000000D+00
  0.1344711D+01  0.1087093D+02  0.5853179D+01  0.0000000D+00
  0.2859819D+01 -0.1045877D+02  0.6033446D+01  0.0000000D+00
  0.2854523D+01 -0.1470261D+02  0.5530471D+01  0.0000000D+00
  0.2867800D+01 -0.1742613D+02  0.5237756D+01  0.0000000D+00
 -0.7730796D+00 -0.1725157D+00 -0.2067675D-01  0.0000000D+00
 -0.1338795D+01  0.2798695D+00  0.7324225D-01  0.0000000D+00
 -0.1576835D+01 -0.6874071D+00 -0.1298134D+00  0.0000000D+00
 -0.3021972D+01  0.2093081D+00  0.2390644D+00  0.0000000D+00
 -0.4206700D+01 -0.4826854D+00 -0.6563975D+00  0.0000000D+00
  0.1233502D+02 -0.1797567D+01  0.2604324D+01  0.0000000D+00
  0.1428214D+02 -0.6804427D+01  0.2782063D+01  0.0000000D+00
  0.3737469D+01  0.2291315D+02 -0.3811403D+00  0.0000000D+00
 -0.5205901D+01  0.8341173D+01 -0.1213524D+01  0.0000000D+00
  0.5999698D+01 -0.7855084D+01 -0.1063875D+01  0.0000000D+00
  0.1245892D+02 -0.1749932D+02 -0.9857507D+00  0.0000000D+00
 -0.9119735D+00 -0.2016469D+00 -0.3686997D-02  0.0000000D+00
 -0.1471305D+01  0.3509227D+00  0.2860215D-01  0.0000000D+00
 -0.1435736D+01 -0.7913407D-01 -0.3659297D-01  0.0000000D+00
 -0.6337554D+00  0.1213538D+01  0.4184002D-01  0.0000000D+00
  0.6062563D+01 -0.1961270D+01  0.2352690D-01  0.0000000D+00
 -0.1231120D+01 -0.1908386D+01 -0.1337308D+01  0.0000000D+00
 -0.1933097D+01 -0.1131835D+01 -0.3456857D+01  0.0000000D+00
  0.1193317D+01 -0.1162451D+02 -0.2681529D+01  0.0000000D+00
 -0.3960022D+01 -0.7863973D+00 -0.1647553D+01  0.0000000D+00
 -0.1009627D+02  0.1966083D+01 -0.1109933D+01  0.0000000D+00
 -0.1374584D+02  0.3699278D+01 -0.7834141D+00  0.0000000D+00
  0.9559223D+00  0.2373435D+00  0.8298937D-02  0.0000000D+00
  0.4572931D+00 -0.1100396D+00 -0.1409629D+00  0.0000000D+00
 -0.1186374D+01  0.1615231D+00  0.2354036D+00  0.0000000D+00
  0.3561089D+01  0.3382786D-01 -0.3957573D+00  0.0000000D+00
  0.4724371D+01  0.5726836D+00  0.8455371D+00  0.0000000D+00
 -0.1209099D+02 -0.1757930D+00 -0.2061250D+01  0.0000000D+00
 -0.2448261D+01  0.6096972D+01 -0.5294079D+00  0.0000000D+00
  0.2697090D+01 -0.8706182D+01  0.1080536D+01  0.0000000D+00
  0.1232297D+02 -0.9458397D+01  0.1550316D+01  0.0000000D+00
  0.7599038D+01 -0.8175447D+01  0.1760943D+01  0.0000000D+00
  0.4940888D+01 -0.7433358D+01  0.1889406D+01  0.0000000D+00
  0.2570929D+02  0.2813279D+02 -0.8926044D+00  0.0000000D+00
  0.3596279D+02 -0.4719039D+02 -0.6627859D-02  0.0000000D+00
 -0.3583149D+02  0.3521467D+02 -0.2148256D+01  0.0000000D+00
  0.8128876D+01 -0.3875552D+02 -0.1931940D+00  0.0000000D+00
  0.2864487D+02 -0.1407788D+01  0.2871148D+01  0.0000000D+00
  0.1079421D+02  0.7340358D+01 -0.1641960D+01  0.0000000D+00
  0.4615988D+02  0.8596423D+01  0.1955833D+01  0.0000000D+00
  0.4033938D+02 -0.2469723D+02 -0.6183371D+00  0.0000000D+00
  0.3757977D+02 -0.1475506D+02 -0.2263484D+01  0.0000000D+00
  0.2734237D+02 -0.9064740D+01 -0.2384071D+01  0.0000000D+00
  0.2132079D+02 -0.5622531D+01 -0.2473238D+01  0.0000000D+00
  0.2095072D+02  0.7293506D+02  0.6561492D+00  0.0000000D+00
  0.2673794D+02 -0.2140405D+02 -0.6666131D+00  0.0000000D+00
 -0.5008868D+02  0.2136354D+02 -0.2544479D+00  0.0000000D+00
  0.4366158D+02  0.9068814D+01  0.1546931D+00  0.0000000D+00
  0.5425562D+02 -0.6394038D+01  0.9390747D+01  0.0000000D+00
 -0.6629882D+02 -0.7210705D+00 -0.2291233D+00  0.0000000D+00
 -0.4685074D+02 -0.2198831D+02 -0.1569303D+01  0.0000000D+00
 -0.8389393D+02  0.2623953D+02  0.1424509D+01  0.0000000D+00
 -0.5716826D+02  0.7980609D+01  0.4309398D+01  0.0000000D+00
 -0.2815608D+02 -0.2788425D+01  0.4040238D+01  0.0000000D+00
 -0.1087349D+02 -0.9296575D+01  0.3915106D+01  0.0000000D+00
  0.4435700D+01  0.8729065D+01 -0.6055697D+00  0.0000000D+00
  0.1705507D+02 -0.6136363D+02  0.2694175D+01  0.0000000D+00
 -0.1860565D+02  0.5892278D+02  0.8297580D-01  0.0000000D+00
 -0.1688173D+02 -0.5917807D+02  0.2957051D+01  0.0000000D+00
 -0.6165196D+02  0.5013429D+01 -0.6349392D+01  0.0000000D+00
  0.7365508D+00 -0.3654690D+01  0.5703154D+00  0.0000000D+00
  0.3567293D+01 -0.2067057D+01 -0.2058068D+00  0.0000000D+00
 -0.1176440D+02  0.1042316D+02  0.4689954D+01  0.0000000D+00
 -0.5876099D+01  0.9511210D+01  0.4500324D+01  0.0000000D+00
  0.4751701D+01  0.1218730D+01  0.3352226D+01  0.0000000D+00
  0.1103973D+02 -0.3647049D+01  0.2677700D+01  0.0000000D+00
  0.4694163D+01 -0.1038431D+00 -0.1467884D-01  0.0000000D+00
 -0.2473723D+02 -0.3258741D+00  0.3089104D-02  0.0000000D+00
  0.3781084D+02  0.8451875D+00 -0.2306361D-01  0.0000000D+00
 -0.1165844D+02 -0.8599302D+00  0.3352506D-01  0.0000000D+00
  0.1516414D+02  0.3497029D+00  0.4004305D-01  0.0000000D+00
 -0.1495073D+02  0.8984288D-01 -0.1026968D+01  0.0000000D+00
  0.2238122D+02  0.5154678D+01  0.5236115D+00  0.0000000D+00
  0.3925007D+02 -0.5912282D+01 -0.1398338D+01  0.0000000D+00
  0.2987033D+02 -0.5037764D+01 -0.2419467D+01  0.0000000D+00
  0.1092994D+02 -0.1631619D+01 -0.1969284D+01  0.0000000D+00
 -0.2619168D+00  0.3720382D+00 -0.1716927D+01  0.0000000D+00
 -0.1403639D+01 -0.4087160D+00  0.1829482D-01  0.0000000D+00
  0.1761845D+02 -0.2964360D+00  0.2220458D-01  0.0000000D+00
 -0.1561214D+02  0.6049708D+00 -0.4854429D-01  0.0000000D+00
  0.1017985D+02 -0.1033099D+01  0.9252458D-01  0.0000000D+00
 -0.3089652D+01  0.2772980D+01 -0.2583945D+00  0.0000000D+00
 -0.6697994D+01 -0.8818441D+01  0.7493115D+00  0.0000000D+00
 -0.3601630D+01  0.3702807D+01 -0.1193091D+01  0.0000000D+00
  0.6876060D+01 -0.4988340D+01 -0.4637666D+01  0.0000000D+00
  0.2791602D+00 -0.1057862D+00 -0.2879285D+01  0.0000000D+00
  0.6153683D-01  0.1908724D+01 -0.1486950D+01  0.0000000D+00
 -0.1393831D+00  0.3143095D+01 -0.6518153D+00  0.0000000D+00
  0.1123506D+01 -0.3858505D+00  0.7337528D-02  0.0000000D+00
 -0.1732227D+01  0.2256159D+00 -0.6609667D-01  0.0000000D+00
  0.7972399D+01  0.4201634D+00  0.1132227D+00  0.0000000D+00
 -0.1043936D+02 -0.2575324D+00 -0.1589819D+00  0.0000000D+00
 -0.1175122D+01  0.1364689D+01  0.2335322D+00  0.0000000D+00
  0.2851721D+01 -0.3510276D+01  0.6526598D-01  0.0000000D+00
  0.1105456D+01  0.5243574D+01  0.2250083D+00  0.0000000D+00
 -0.1792090D+02 -0.1461615D+01  0.1417481D+01  0.0000000D+00
 -0.1850608D+02  0.8585296D+01  0.5079925D+00  0.0000000D+00
 -0.1929656D+02  0.1503195D+02  0.2474039D+00  0.0000000D+00
 -0.1976787D+02  0.1891860D+02  0.8446106D-01  0.0000000D+00
 -0.1813449D+01  0.2375793D+00 -0.1753714D-01  0.0000000D+00
  0.2997407D+00 -0.3767083D+00 -0.1516739D-01  0.0000000D+00
  0.3115809D+01  0.7135309D+00  0.2940637D-01  0.0000000D+00
 -0.4860324D+01 -0.9422450D+00 -0.3863746D-01  0.0000000D+00
 -0.1287310D+00  0.9402176D+00  0.1768512D-01  0.0000000D+00
  0.8653994D+01  0.5620294D+00  0.1434017D+00  0.0000000D+00
 -0.8860380D+01  0.1448755D+01  0.8202794D+00  0.0000000D+00
  0.3122285D+01  0.5936966D+00  0.1039499D+01  0.0000000D+00
  0.3968231D+01 -0.4508086D+01 -0.4029569D+00  0.0000000D+00
 -0.6718826D+00  0.3283536D+01 -0.1308625D+01  0.0000000D+00
 -0.3378719D+01  0.7788140D+01 -0.1855087D+01  0.0000000D+00
 -0.2307704D+01  0.3611841D+00 -0.4966916D-02  0.0000000D+00
  0.5523538D+01 -0.3274264D+00  0.4651851D-01  0.0000000D+00
 -0.1040960D+02  0.4645631D+00 -0.1064765D+00  0.0000000D+00
  0.7213755D+01 -0.9649984D+00  0.1865980D+00  0.0000000D+00
 -0.4850387D+01  0.6670005D+00 -0.3656454D+00  0.0000000D+00
  0.2492417D+01 -0.1423102D+01  0.6408648D+00  0.0000000D+00
 -0.1277249D+02 -0.4631060D+01  0.6032403D-01  0.0000000D+00
 -0.3338955D+01  0.3212207D+01 -0.1290970D+01  0.0000000D+00
  0.3819000D+01  0.2386323D+00  0.1793834D+00  0.0000000D+00
  0.3118157D+01 -0.6630565D+01  0.1051264D+01  0.0000000D+00
  0.2788939D+01 -0.1068526D+02  0.1578205D+01  0.0000000D+00
  0.1223923D+01 -0.7236601D-01  0.6324566D-02  0.0000000D+00
  0.1518868D+01  0.4837361D+00 -0.4453254D-01  0.0000000D+00
 -0.1112675D+01 -0.5792324D+00  0.1051291D+00  0.0000000D+00
  0.3976798D+01  0.1169499D+01 -0.1879986D+00  0.0000000D+00
 -0.1287117D+01 -0.1752159D+01  0.4327370D+00  0.0000000D+00
  0.4437853D+01  0.4930916D+01 -0.1041111D+01  0.0000000D+00
  0.9964344D+01 -0.3523738D+01  0.9338811D+00  0.0000000D+00
 -0.1888200D+01 -0.3764368D+01  0.6770762D-01  0.0000000D+00
 -0.1208841D+01 -0.4848630D+00  0.3813337D+00  0.0000000D+00
 -0.5228767D+01 -0.3054628D+01  0.8536610D+00  0.0000000D+00
 -0.7575099D+01 -0.4522907D+01  0.1133610D+01  0.0000000D+00
  0.2181995D+02  0.1961696D+02 -0.1194360D+01  0.0000000D+00
 -0.1524709D+03 -0.2640557D+02  0.5154215D+00  0.0000000D+00
  0.7499347D+02 -0.9740773D+01  0.1411351D+01  0.0000000D+00
 -0.3123798D+02  0.2273725D+02 -0.3053858D+01  0.0000000D+00
  0.6111520D+02  0.3074808D+01  0.2657845D+01  0.0000000D+00
  0.1145923D+02  0.6196655D+01 -0.1138795D+00  0.0000000D+00
  0.1654354D+02 -0.9486694D+01 -0.4172153D+00  0.0000000D+00
  0.6952346D+01  0.1074349D+01  0.2324832D+01  0.0000000D+00
  0.1629567D+01  0.2614757D+01  0.2417998D+01  0.0000000D+00
 -0.3190027D+01  0.7137387D+01  0.7416730D+00  0.0000000D+00
 -0.6070891D+01  0.9800836D+01 -0.2386273D+00  0.0000000D+00
  0.9080593D+02  0.7938098D+02 -0.1296297D+01  0.0000000D+00
 -0.1338085D+03 -0.5465831D+02  0.8104229D+00  0.0000000D+00
  0.7295374D+02  0.7572312D+01  0.1199243D+01  0.0000000D+00
 -0.2669412D+02 -0.6350185D+01 -0.4813587D+01  0.0000000D+00
  0.7608200D+02 -0.2557180D+02  0.7901082D+01  0.0000000D+00
 -0.1543555D+02  0.1079246D+02 -0.2276894D+01  0.0000000D+00
 -0.2180114D+02 -0.2253271D+00  0.3282148D+00  0.0000000D+00
 -0.1385417D+02 -0.1618069D+01 -0.2701768D+01  0.0000000D+00
 -0.1409171D+02 -0.7132590D+01 -0.2450153D+01  0.0000000D+00
 -0.1137900D+02 -0.1255416D+02  0.3012736D+00  0.0000000D+00
 -0.9794175D+01 -0.1578928D+02  0.1914976D+01  0.0000000D+00
  0.2423480D+01 -0.1057467D+02  0.6481448D+00  0.0000000D+00
 -0.7279601D+02  0.1190501D+02 -0.5564569D+00  0.0000000D+00
  0.1001217D+03  0.3135131D+02 -0.1301098D+01  0.0000000D+00
 -0.7099313D+02 -0.1657267D+02  0.1609894D+01  0.0000000D+00
  0.1714566D+02  0.5371345D+01 -0.2641173D+01  0.0000000D+00
 -0.1818709D+01 -0.1851367D+02  0.2365868D+01  0.0000000D+00
  0.1156782D+02  0.9124949D+01 -0.2110300D+01  0.0000000D+00
  0.8799969D+01  0.1135152D+02 -0.1097165D+01  0.0000000D+00
 -0.4027663D+01  0.1512110D+02 -0.1228852D+01  0.0000000D+00
 -0.7804306D+01  0.1547996D+02 -0.2258741D+01  0.0000000D+00
 -0.1015954D+02  0.1573238D+02 -0.2863239D+01  0.0000000D+00
 -0.9233720D+01 -0.1109657D+00  0.2627552D-01  0.0000000D+00
 -0.6264974D+00 -0.5004053D+00 -0.1025179D+00  0.0000000D+00
 -0.4782411D+01  0.5989240D+00  0.1893741D+00  0.0000000D+00
  0.5994651D+01  0.3998330D+00 -0.3001476D+00  0.0000000D+00
 -0.1091549D+02 -0.5488818D+00  0.4329491D+00  0.0000000D+00
  0.5872247D+01  0.3697714D+01 -0.3380372D+00  0.0000000D+00
 -0.7891167D+01  0.2434531D+01 -0.8345757D+00  0.0000000D+00
 -0.1001080D+02 -0.6744578D+01  0.1109430D+01  0.0000000D+00
 -0.8489955D+00 -0.3102872D+01  0.2483767D+00  0.0000000D+00
  0.6148047D+01 -0.5237800D+01 -0.2106091D+00  0.0000000D+00
  0.1034700D+02 -0.6445916D+01 -0.4891327D+00  0.0000000D+00
  0.8315947D+01 -0.2002659D+00  0.9813110D-02  0.0000000D+00
  0.9184265D+01 -0.5739358D+00 -0.1086992D-01  0.0000000D+00
 -0.1477929D+02  0.1269936D+01  0.1019916D-01  0.0000000D+00
  0.7017524D+01 -0.1971963D+01 -0.2156552D-01  0.0000000D+00
  0.2808913D+01  0.2566575D+01 -0.1227805D-01  0.0000000D+00
  0.1707736D+01 -0.1749295D+01  0.3650252D+00  0.0000000D+00
 -0.1967516D+02  0.6197682D+01  0.2338028D+01  0.0000000D+00
 -0.2052465D+02 -0.1177544D+02  0.2863080D+01  0.0000000D+00
 -0.1773842D+02 -0.1300234D+02  0.8952470D+00  0.0000000D+00
 -0.1478438D+02 -0.1096856D+02  0.1343490D+01  0.0000000D+00
 -0.1302416D+02 -0.9791663D+01  0.1583991D+01  0.0000000D+00
  0.3390314D+00 -0.1853457D-01 -0.2506841D-01  0.0000000D+00
 -0.2095354D+01 -0.1051029D+00  0.7996371D-01  0.0000000D+00
 -0.4240542D+00  0.3731261D+00 -0.1568398D+00  0.0000000D+00
 -0.1487247D+02 -0.5179972D+00  0.2748802D+00  0.0000000D+00
  0.1608298D+02 -0.3147644D+00 -0.4102423D+00  0.0000000D+00
 -0.1231361D+01 -0.1217181D+01  0.5787263D-01  0.0000000D+00
  0.1520098D+02  0.3472968D+01 -0.1800925D+01  0.0000000D+00
  0.2181473D+02  0.7602299D+00 -0.2688536D+01  0.0000000D+00
  0.1985361D+02  0.2738915D+00 -0.3469956D+00  0.0000000D+00
  0.1204587D+02  0.6309362D+01  0.2297455D+00  0.0000000D+00
  0.7453777D+01  0.9836702D+01  0.5936375D+00  0.0000000D+00
  0.2040441D+01  0.2559496D+00 -0.8573793D-02  0.0000000D+00
 -0.3355384D+01  0.3974802D+00 -0.1922643D-02  0.0000000D+00
  0.1013235D+01 -0.6487871D+00 -0.9717878D-02  0.0000000D+00
 -0.1233304D+01  0.2016491D+01  0.2668853D-01  0.0000000D+00
 -0.6481841D+01 -0.2588495D+01  0.1089534D+00  0.0000000D+00
  0.3420156D+01  0.1676540D+01 -0.9213942D+00  0.0000000D+00
  0.3354085D+01 -0.5464986D+01 -0.1024929D+01  0.0000000D+00
  0.1660003D+01  0.3992504D+01 -0.6321530D-01  0.0000000D+00
  0.6301691D+01  0.4538253D+01  0.1133309D+01  0.0000000D+00
  0.8914976D+01 -0.3755557D+00  0.1115653D+01  0.0000000D+00
  0.1049775D+02 -0.3245220D+01  0.1118775D+01  0.0000000D+00
  0.4135107D+00 -0.2124517D-01  0.1265309D-01  0.0000000D+00
  0.2808107D+01  0.4113535D+00 -0.4032421D-01  0.0000000D+00
 -0.4691552D+01 -0.5658942D+00  0.9901130D-01  0.0000000D+00
  0.7086887D+01  0.1867610D+00 -0.1502551D+00  0.0000000D+00
 -0.6296738D+01  0.1113241D+01  0.2573758D+00  0.0000000D+00
 -0.1106924D+01 -0.1057553D+01 -0.2249867D+00  0.0000000D+00
 -0.9439557D+00 -0.1457610D+01  0.2905132D+01  0.0000000D+00
 -0.3199567D+01  0.3093580D+01  0.2062357D+01  0.0000000D+00
 -0.5297068D+01 -0.3297605D+01  0.3681485D+00  0.0000000D+00
 -0.3486251D+01 -0.4062632D+01 -0.6691710D+00  0.0000000D+00
 -0.2450559D+01 -0.4583136D+01 -0.1295588D+01  0.0000000D+00
 -0.2936414D+00 -0.7808950D-01 -0.2024604D-01  0.0000000D+00
  0.3054657D+01 -0.4957060D+00  0.6370035D-01  0.0000000D+00
 -0.6218207D+01  0.3982586D+00 -0.8884837D-01  0.0000000D+00
  0.6082490D+01 -0.4507343D+00  0.1676642D+00  0.0000000D+00
  0.3649909D+01  0.3200207D+00 -0.4617676D+00  0.0000000D+00
 -0.5163715D+01 -0.6066756D+00  0.1394966D+01  0.0000000D+00
  0.6015556D+01 -0.2063294D+01 -0.1399386D+01  0.0000000D+00
  0.1583861D+02  0.6524607D+01 -0.1591730D+01  0.0000000D+00
  0.1528758D+02  0.1843304D+01 -0.8436775D+00  0.0000000D+00
  0.1233715D+02  0.3943204D+01 -0.6013791D+00  0.0000000D+00
  0.1060291D+02  0.5120533D+01 -0.4513543D+00  0.0000000D+00
  0.2340170D+02 -0.5269081D+01  0.2341286D+00  0.0000000D+00
  0.4470563D+02 -0.5582717D+00  0.4964447D+00  0.0000000D+00
 -0.4378347D+01  0.1436892D+02  0.1262386D+01  0.0000000D+00
 -0.1477126D+02 -0.2251841D+02 -0.4244715D+00  0.0000000D+00
  0.1058143D+02  0.1517456D+02 -0.6041423D+01  0.0000000D+00
 -0.8469023D+01  0.1359577D+02  0.3330873D+00  0.0000000D+00
 -0.1364490D+01  0.8901011D+01 -0.9067257D+00  0.0000000D+00
  0.2381720D+02  0.7403540D+00 -0.2163917D+01  0.0000000D+00
  0.1279412D+02 -0.1587988D+01 -0.1545629D+01  0.0000000D+00
  0.4123600D+01  0.1042715D+00 -0.1072106D+01  0.0000000D+00
 -0.1074682D+01  0.1067960D+01 -0.7877905D+00  0.0000000D+00
  0.1616608D+02 -0.1302868D+01  0.1616601D+00  0.0000000D+00
  0.7741829D+02  0.1833696D+01  0.6934171D+00  0.0000000D+00
 -0.1601282D+02 -0.2285623D+01  0.1209166D+01  0.0000000D+00
 -0.4470853D+01  0.1490559D+02 -0.1982768D+01  0.0000000D+00
 -0.5655432D+02 -0.4764605D-01 -0.4370721D+01  0.0000000D+00
  0.2720422D+02  0.9629572D+01 -0.4649904D+01  0.0000000D+00
 -0.1215281D+02 -0.2618038D+02  0.3072150D+01  0.0000000D+00
 -0.3350391D+02  0.3015786D+01  0.2091098D+01  0.0000000D+00
 -0.2081169D+02  0.3523103D+01  0.2590782D+01  0.0000000D+00
 -0.4005432D+01 -0.4527296D-01  0.2448352D+01  0.0000000D+00
  0.5974124D+01 -0.2128332D+01  0.2370545D+01  0.0000000D+00
 -0.1019191D+01 -0.1010279D+02  0.1445929D+00  0.0000000D+00
  0.1785681D+02 -0.1973645D+02 -0.6741291D+00  0.0000000D+00
 -0.4022379D+02 -0.1339598D+01  0.3251214D+01  0.0000000D+00
  0.2711439D+02 -0.7319482D+00 -0.3700329D+01  0.0000000D+00
 -0.1438106D+02 -0.6296757D+01  0.4019051D+01  0.0000000D+00
  0.7392409D+01 -0.1202058D+02  0.1000068D+01  0.0000000D+00
 -0.1956511D+02  0.6938887D+00 -0.3482911D+00  0.0000000D+00
 -0.2495809D+01 -0.1121377D+02  0.1106196D+00  0.0000000D+00
 -0.1861027D+01 -0.4715157D+01  0.1141457D+00  0.0000000D+00
  0.1289952D+01 -0.1015782D+02  0.1045018D+01  0.0000000D+00
  0.3142309D+01 -0.1327026D+02  0.1590150D+01  0.0000000D+00
 -0.4865299D+01 -0.3003596D+00 -0.7750886D-02  0.0000000D+00
 -0.1933018D+02 -0.2968928D-01 -0.1087836D-01  0.0000000D+00
  0.2427705D+02  0.4403227D+00  0.1788134D-01  0.0000000D+00
 -0.8611897D+01 -0.1062149D+01 -0.2946396D-01  0.0000000D+00
  0.4785863D+01  0.8197201D+00  0.9013849D-01  0.0000000D+00
 -0.2577242D+01  0.6931830D+00 -0.8344852D-01  0.0000000D+00
  0.6819937D+01  0.8099486D+01  0.1905043D+00  0.0000000D+00
  0.1751378D+02  0.3967901D+01  0.5588291D+00  0.0000000D+00
  0.1167546D+02 -0.2593889D+00 -0.1436628D+00  0.0000000D+00
 -0.7280766D-02  0.2284972D+01 -0.1174886D+01  0.0000000D+00
 -0.6911772D+01  0.3727874D+01 -0.1786606D+01  0.0000000D+00
  0.6712175D+01  0.3035293D-01  0.2793616D-02  0.0000000D+00
  0.6538475D+01 -0.9731406D+00  0.3831119D-01  0.0000000D+00
 -0.4124612D+01  0.1360277D+01 -0.1147010D+00  0.0000000D+00
  0.7340724D+00 -0.1727292D+01  0.1698981D+00  0.0000000D+00
  0.4656528D+01  0.3338811D+01 -0.2741450D+00  0.0000000D+00
 -0.2297885D+01 -0.4843441D+01  0.5716904D+00  0.0000000D+00
  0.1909385D+02  0.2856813D+01  0.1089597D+00  0.0000000D+00
  0.6840682D+01  0.8237259D+01 -0.8495600D-01  0.0000000D+00
  0.1452219D+00 -0.2692281D+00 -0.2541442D+00  0.0000000D+00
  0.1502378D+01  0.8659304D+00 -0.5978862D+00  0.0000000D+00
  0.2221410D+01  0.1434766D+01 -0.8010088D+00  0.0000000D+00
 -0.1537810D+00  0.1300688D+00  0.4044554D-02  0.0000000D+00
  0.6342940D+01  0.3294547D+00 -0.8812465D-02  0.0000000D+00
 -0.7632026D+01 -0.4733921D+00  0.4878784D-01  0.0000000D+00
  0.1230146D+02  0.4985617D-02 -0.6420190D-01  0.0000000D+00
 -0.9010866D+01  0.9588215D+00  0.7374268D-01  0.0000000D+00
 -0.1623417D+01 -0.2752415D+01 -0.1295404D+00  0.0000000D+00
  0.1492292D+01 -0.2641025D+01 -0.1443699D+01  0.0000000D+00
 -0.1218790D+02 -0.1474687D+01 -0.1646479D+01  0.0000000D+00
 -0.7813718D+01  0.8507682D+00 -0.8266319D+00  0.0000000D+00
 -0.4073280D+01 -0.1983633D+01  0.1262685D+00  0.0000000D+00
 -0.1835095D+01 -0.3617601D+01  0.6933496D+00  0.0000000D+00
 -0.2532097D+00  0.3620446D+00 -0.9451441D-02  0.0000000D+00
  0.1402626D+01  0.7025547D+00 -0.5566199D-01  0.0000000D+00
  0.5011725D-01 -0.1133977D+01  0.1108575D+00  0.0000000D+00
  0.1179005D+01  0.1757853D+01 -0.1858953D+00  0.0000000D+00
 -0.6500352D-01 -0.2700634D+01  0.3728656D+00  0.0000000D+00
  0.4042726D+01  0.2537039D+01 -0.7896087D+00  0.0000000D+00
 -0.1942187D+02  0.1580675D+01  0.4943658D+00  0.0000000D+00
 -0.7642629D+01 -0.2696126D+01  0.9901504D+00  0.0000000D+00
 -0.4227153D+01  0.2223091D+01  0.8874146D+00  0.0000000D+00
 -0.3062091D+01  0.6610850D+01  0.2541905D+00  0.0000000D+00
 -0.2341739D+01  0.9234065D+01 -0.1176984D+00  0.0000000D+00
 -0.9111730D+00  0.1843259D+00 -0.1498069D-01  0.0000000D+00
  0.2049545D+00 -0.2578354D+00  0.1647939D-01  0.0000000D+00
 -0.2391995D+01 -0.1673607D+00 -0.7000195D-01  0.0000000D+00
 -0.9034194D+00  0.3871421D+00  0.1121686D+00  0.0000000D+00
  0.8694639D+01 -0.8513236D+00 -0.1231580D+00  0.0000000D+00
 -0.1977366D+01 -0.3108824D+00  0.2004057D+00  0.0000000D+00
 -0.2874482D+01 -0.3823797D+00  0.1797131D+01  0.0000000D+00
  0.7153130D+01  0.5011049D+00 -0.6857061D+00  0.0000000D+00
  0.7652688D+01  0.2718968D+00 -0.4409773D+00  0.0000000D+00
  0.4179349D+01 -0.2920174D+01 -0.1688548D+00  0.0000000D+00
  0.2151654D+01 -0.4791127D+01 -0.6773803D-02  0.0000000D+00
 -0.8761495D+00 -0.3564435D+00  0.3680335D-02  0.0000000D+00
 -0.1613984D-01  0.2673666D+00  0.6271106D-01  0.0000000D+00
  0.1842871D+01  0.1839822D-01 -0.8703401D-01  0.0000000D+00
  0.1547526D+01 -0.8584537D+00  0.1684444D+00  0.0000000D+00
 -0.3226029D+01  0.1613617D+01 -0.3571114D+00  0.0000000D+00
  0.5198441D+01 -0.1370083D+01  0.7832541D+00  0.0000000D+00
  0.8082222D+01 -0.2085777D+01 -0.9912956D+00  0.0000000D+00
  0.7502808D+01 -0.3486043D+01 -0.1229578D+01  0.0000000D+00
  0.8984452D+01  0.1232510D+01 -0.7791300D+00  0.0000000D+00
  0.4901949D+01 -0.2620742D+01 -0.5150617D+00  0.0000000D+00
  0.2527986D+01 -0.4823646D+01 -0.3554955D+00  0.0000000D+00
  0.7351289D+01 -0.1845518D+01  0.6803123D+00  0.0000000D+00
 -0.8869372D+02  0.5597748D+01 -0.6417766D+00  0.0000000D+00
  0.3995437D+02 -0.3554967D+02  0.4517251D+00  0.0000000D+00
 -0.2135568D+02  0.1271432D+02  0.1136817D+00  0.0000000D+00
  0.1071038D+02 -0.1010533D+02  0.3226224D+01  0.0000000D+00
 -0.4885625D+01 -0.7397454D+01 -0.3560681D+00  0.0000000D+00
 -0.5598989D+01  0.4952103D+01  0.6903644D+00  0.0000000D+00
 -0.1321474D+01 -0.5896181D+01 -0.3767850D+00  0.0000000D+00
 -0.1858335D+01 -0.3456188D+01 -0.7364572D+00  0.0000000D+00
 -0.2301746D+00 -0.1697493D+01 -0.4986770D+00  0.0000000D+00
  0.7164090D+00 -0.6402921D+00 -0.3634684D+00  0.0000000D+00
 -0.3918276D+01  0.3357614D+02  0.1002329D+01  0.0000000D+00
 -0.6275282D+02 -0.1555344D+02 -0.7817058D+00  0.0000000D+00
  0.1710023D+02 -0.2079359D+02  0.5375401D+00  0.0000000D+00
 -0.1625143D+02  0.4379079D+02 -0.3594417D+00  0.0000000D+00
  0.7626162D+00 -0.1959654D+02  0.4592851D+01  0.0000000D+00
  0.5295846D+01  0.3488150D+01 -0.1180073D+01  0.0000000D+00
  0.1636549D+01 -0.5923031D+01 -0.1895739D+00  0.0000000D+00
  0.4792525D+01  0.3026975D+01  0.9520605D+00  0.0000000D+00
  0.2468154D+01  0.1310700D+01  0.1504208D+01  0.0000000D+00
 -0.1842058D+01  0.1815169D+01  0.1561742D+01  0.0000000D+00
 -0.4391167D+01  0.2091487D+01  0.1601582D+01  0.0000000D+00
 -0.3669450D+01 -0.1007379D+02  0.3030226D+00  0.0000000D+00
 -0.1888587D+02  0.2168025D+02 -0.1604223D+01  0.0000000D+00
  0.3615837D+02  0.4615001D+01  0.5502114D+00  0.0000000D+00
 -0.2668606D+02 -0.1791997D+02  0.4330846D+00  0.0000000D+00
  0.1156358D+02  0.3175140D+01  0.2417038D+01  0.0000000D+00
  0.2166619D+01  0.1520958D+01 -0.7682640D+00  0.0000000D+00
 -0.9330084D+01 -0.6034287D+01  0.2554047D+01  0.0000000D+00
 -0.3508084D+01 -0.4964293D+01 -0.2941251D+00  0.0000000D+00
 -0.2065370D+01 -0.1135408D+01  0.7627810D+00  0.0000000D+00
 -0.3778968D+01  0.1626060D+01  0.1485705D+01  0.0000000D+00
 -0.4766161D+01  0.3287329D+01  0.1920726D+01  0.0000000D+00
  0.7433153D+01 -0.1109523D-01  0.1276745D-01  0.0000000D+00
 -0.1084359D+02  0.1448438D-01 -0.5276178D-01  0.0000000D+00
  0.1168359D+02 -0.5788725D+00  0.6667620D-01  0.0000000D+00
 -0.5235312D+01  0.4040440D+00 -0.1025019D+00  0.0000000D+00
  0.2980000D+01 -0.8381027D+00  0.1263507D+00  0.0000000D+00
  0.2253077D+01  0.9979801D+00  0.4308029D+00  0.0000000D+00
  0.3507734D+01 -0.1277374D+01 -0.7447130D+00  0.0000000D+00
 -0.4080389D+01  0.4742851D+01  0.9923428D-01  0.0000000D+00
 -0.3801126D+01 -0.3204829D+00 -0.6134309D+00  0.0000000D+00
  0.2023620D+01 -0.1643981D+01 -0.1257016D+01  0.0000000D+00
  0.5436881D+01 -0.2476010D+01 -0.1641757D+01  0.0000000D+00
 -0.5768964D+01  0.3826752D-01 -0.2294913D-01  0.0000000D+00
  0.1068579D+02  0.1005973D+00  0.8634939D-01  0.0000000D+00
 -0.1258200D+02  0.2727246D+00 -0.1503589D+00  0.0000000D+00
  0.1140131D+02 -0.3277375D+00  0.2276565D+00  0.0000000D+00
 -0.8324877D+01  0.1198928D+00 -0.3499419D+00  0.0000000D+00
  0.1714161D+00 -0.1307198D+00  0.3513672D+00  0.0000000D+00
  0.1442047D+02  0.7215435D+01 -0.2493466D+01  0.0000000D+00
 -0.3593780D+01  0.1871878D+01 -0.3812563D+00  0.0000000D+00
 -0.4730942D+01  0.1439464D+01 -0.1403821D+01  0.0000000D+00
 -0.3225383D+01  0.1906428D+01 -0.1482537D+01  0.0000000D+00
 -0.2355952D+01  0.2174209D+01 -0.1540068D+01  0.0000000D+00
  0.1104480D+01 -0.6744637D-01 -0.1986538D-01  0.0000000D+00
  0.1442313D+01 -0.9638285D-01  0.8246222D-01  0.0000000D+00
 -0.1282270D+01  0.9579682D-01 -0.1353397D+00  0.0000000D+00
 -0.1241252D+01 -0.6536236D+00  0.2030998D+00  0.0000000D+00
 -0.3278961D+01  0.1230069D+01 -0.3088208D+00  0.0000000D+00
  0.5264511D+01 -0.1455814D+01 -0.2443330D+00  0.0000000D+00
 -0.4063219D+01  0.2808647D+01  0.4484470D+00  0.0000000D+00
 -0.1297877D+00 -0.6367673D+01 -0.1383492D+01  0.0000000D+00
  0.3724959D+01  0.1696887D+01 -0.4886652D+00  0.0000000D+00
  0.9318191D+00  0.2294305D+01  0.8447714D-01  0.0000000D+00
 -0.6603696D+00  0.2734028D+01  0.4300104D+00  0.0000000D+00
  0.2795050D+01  0.6046896D-01  0.8859733D-02  0.0000000D+00
 -0.9823345D+00 -0.2082329D+00  0.1149863D-01  0.0000000D+00
 -0.9815104D+00  0.2280145D+00 -0.5858480D-03  0.0000000D+00
 -0.3216900D+01 -0.7310392D+00  0.1946967D-01  0.0000000D+00
  0.2767103D+01  0.1790130D+01 -0.2913723D-01  0.0000000D+00
 -0.5442797D+01 -0.3318439D+01 -0.2709283D+00  0.0000000D+00
 -0.1612198D+01  0.6978856D+00  0.1359807D+01  0.0000000D+00
  0.2998280D+01  0.2538358D+01  0.6747338D+00  0.0000000D+00
  0.3185425D+01  0.1272398D+01  0.1050316D+01  0.0000000D+00
  0.4191128D+01  0.6389252D+00  0.8736816D+00  0.0000000D+00
  0.4781734D+01  0.2537006D+00  0.7744148D+00  0.0000000D+00
 -0.1415035D+00  0.1314713D-01  0.1113925D-01  0.0000000D+00
  0.1210565D+01  0.1758837D+00 -0.1385749D-01  0.0000000D+00
 -0.3050952D+01 -0.1558069D+00  0.5219454D-01  0.0000000D+00
  0.2149631D+01  0.5992782D+00 -0.1077290D+00  0.0000000D+00
 -0.2762755D+01 -0.8610916D+00  0.1098543D+00  0.0000000D+00
  0.3656764D+01  0.3023297D+00 -0.7945985D-01  0.0000000D+00
  0.7289596D+00  0.1719407D+01 -0.2868876D+00  0.0000000D+00
  0.6058289D+01  0.1640502D+01  0.1364646D+01  0.0000000D+00
  0.4574901D+01 -0.3443793D+01  0.4568872D+00  0.0000000D+00
  0.1584644D+01 -0.2184074D+01 -0.4935994D-01  0.0000000D+00
 -0.1821737D+00 -0.1502967D+01 -0.3558102D+00  0.0000000D+00
  0.1842027D+01 -0.1610471D+00 -0.1511744D-01  0.0000000D+00
 -0.3273581D+00  0.5701252D-01 -0.1296251D-01  0.0000000D+00
  0.1533338D+01 -0.8835187D+00  0.9560541D-03  0.0000000D+00
 -0.1531014D+01  0.1089507D+01 -0.6368853D-02  0.0000000D+00
  0.3613153D+01 -0.1793531D+01  0.2458175D-01  0.0000000D+00
  0.1243471D+01  0.2778952D+01  0.3011042D+00  0.0000000D+00
 -0.7718204D+01 -0.3275436D+01 -0.1065753D+01  0.0000000D+00
 -0.2669673D+00 -0.3623486D+01  0.5243834D+00  0.0000000D+00
  0.1307922D+01 -0.2817396D+01  0.5944212D+00  0.0000000D+00
 -0.1505597D+01 -0.2262239D+01  0.4955315D+00  0.0000000D+00
 -0.3135553D+01 -0.1928216D+01  0.4385231D+00  0.0000000D+00
