  2  2   693 10944  4  4  9 11  7  1    0.00   24.00  100.00  600.00    0.00    6.28   45.00   45.00
  100.0  100.0  100.0  100.0  125.0  150.0  190.0  230.0  275.0  350.0  450.0  600.0  600.0  600.0  600.0
 -0.2411154D+04 -0.1684369D+05  0.4394230D+03  0.0000000D+00
 -0.1369155D+03 -0.2045166D+04 -0.1033977D+04  0.0000000D+00
 -0.1306576D+05 -0.1776593D+05  0.1681653D+03  0.0000000D+00
  0.5293989D+05  0.5426431D+04 -0.3121332D+03  0.0000000D+00
  0.3895004D+05  0.7352884D+04 -0.2473959D+04  0.0000000D+00
  0.1789986D+05 -0.6314745D+04  0.8000162D+03  0.0000000D+00
  0.5618925D+04 -0.3272629D+04 -0.6619740D+03  0.0000000D+00
 -0.2287624D+04  0.7169422D+04  0.5969331D+03  0.0000000D+00
  0.8070111D+04 -0.1056826D+05 -0.9529454D+03  0.0000000D+00
  0.2830226D+05 -0.3539256D+05 -0.2669121D+04  0.0000000D+00
  0.4026359D+05 -0.5012440D+05 -0.3691186D+04  0.0000000D+00
  0.3350274D+04 -0.3459609D+04  0.4913333D+03  0.0000000D+00
 -0.1550159D+05 -0.1589504D+05 -0.1061919D+04  0.0000000D+00
  0.1997473D+05  0.1065019D+05  0.1372445D+04  0.0000000D+00
 -0.2168283D+05 -0.8757102D+04 -0.3434767D+03  0.0000000D+00
  0.4963393D+05 -0.1238605D+05 -0.9894977D+03  0.0000000D+00
  0.2339451D+05  0.4146395D+04  0.5718413D+03  0.0000000D+00
 -0.2797639D+04  0.3669910D+04 -0.4429732D+03  0.0000000D+00
  0.2424630D+04 -0.5383267D+04  0.9278667D+02  0.0000000D+00
 -0.1109770D+04  0.2234475D+04  0.2925999D+03  0.0000000D+00
 -0.1052324D+05  0.1955444D+05  0.9115368D+03  0.0000000D+00
 -0.1607439D+05  0.2977980D+05  0.1276108D+04  0.0000000D+00
  0.1470780D+04  0.1234577D+04 -0.4684573D+03  0.0000000D+00
 -0.8117274D+04 -0.4622504D+04  0.5954788D+02  0.0000000D+00
  0.1425461D+05  0.4985448D+04  0.1297201D+03  0.0000000D+00
 -0.1876792D+05 -0.1942607D+04 -0.9425388D+03  0.0000000D+00
  0.6967117D+02  0.2931869D+04  0.1682809D+04  0.0000000D+00
 -0.4583769D+04 -0.2566044D+04 -0.3596750D+03  0.0000000D+00
  0.2810780D+04 -0.2703935D+04  0.1494390D+03  0.0000000D+00
 -0.3819607D+04  0.1656250D+02  0.4752089D+03  0.0000000D+00
  0.5124689D+04 -0.1115118D+05 -0.6087905D+03  0.0000000D+00
  0.1799869D+05 -0.1430530D+05 -0.1608765D+04  0.0000000D+00
  0.2563592D+05 -0.1627555D+05 -0.2206168D+04  0.0000000D+00
  0.8610400D+03 -0.2932116D+02  0.1639213D+01  0.0000000D+00
  0.2393160D+04  0.3233943D+02 -0.1584453D+02  0.0000000D+00
 -0.4143244D+04 -0.1151348D+03  0.2979204D+02  0.0000000D+00
  0.8932526D+04  0.4205558D+02 -0.4993083D+02  0.0000000D+00
 -0.3485233D+04  0.4604975D+02  0.9237131D+02  0.0000000D+00
  0.8180278D+04  0.4444410D+03 -0.2103052D+03  0.0000000D+00
 -0.4505237D+04  0.1391839D+04  0.2597775D+03  0.0000000D+00
  0.3448427D+04 -0.1527466D+04 -0.4669663D+03  0.0000000D+00
 -0.2932734D+04  0.5960705D+04  0.3511064D+03  0.0000000D+00
 -0.1246491D+05  0.1007570D+05  0.1410651D+04  0.0000000D+00
 -0.1811726D+05  0.1256798D+05  0.2040065D+04  0.0000000D+00
  0.1369423D+04 -0.6300448D+01 -0.1463462D+01  0.0000000D+00
  0.8361350D+03  0.1647486D+03 -0.2223164D+01  0.0000000D+00
 -0.4664585D+03 -0.2241985D+03  0.4352480D+01  0.0000000D+00
  0.3934689D+03  0.3139632D+03 -0.4096692D+01  0.0000000D+00
  0.9196690D+03 -0.3047441D+03 -0.6532150D+01  0.0000000D+00
 -0.4945703D+04  0.1999670D+03  0.1788554D+03  0.0000000D+00
 -0.2684233D+03 -0.1193540D+04  0.2541439D+02  0.0000000D+00
  0.5034421D+03 -0.8412219D+03 -0.5420184D+02  0.0000000D+00
 -0.1762203D+04  0.4403490D+04  0.7610486D+02  0.0000000D+00
 -0.6218131D+04  0.7795895D+04  0.2403981D+03  0.0000000D+00
 -0.8852379D+04  0.9840283D+04  0.3380841D+03  0.0000000D+00
  0.3129845D+03  0.1524322D+02  0.4494416D+00  0.0000000D+00
 -0.2988032D+03 -0.3091540D+02  0.2522180D+01  0.0000000D+00
  0.8691014D+01  0.8741820D+02 -0.5301839D+01  0.0000000D+00
  0.7025226D+03 -0.1161396D+03  0.9768045D+01  0.0000000D+00
  0.3337353D+03  0.3910811D+02 -0.1441361D+02  0.0000000D+00
 -0.4386719D+04 -0.5026657D+03  0.7304098D+02  0.0000000D+00
  0.8936519D+02 -0.1515806D+04  0.3513801D+01  0.0000000D+00
 -0.5738608D+03  0.7076430D+03  0.8721971D+02  0.0000000D+00
  0.1344890D+04 -0.1730733D+04 -0.1045503D+03  0.0000000D+00
  0.4043398D+04 -0.4607047D+04 -0.3826189D+03  0.0000000D+00
  0.5644831D+04 -0.6318041D+04 -0.5475478D+03  0.0000000D+00
 -0.4310085D+02 -0.3235147D+01 -0.2168733D+00  0.0000000D+00
 -0.2521260D+03 -0.4219959D+02 -0.3942657D+01  0.0000000D+00
  0.1973483D+00  0.3709999D+02  0.9192093D+01  0.0000000D+00
  0.3616359D+03  0.4753014D+01 -0.1518748D+02  0.0000000D+00
  0.2827149D+03 -0.2020825D+03  0.3287087D+02  0.0000000D+00
 -0.1121963D+04  0.2001994D+03 -0.1723415D+03  0.0000000D+00
 -0.2695278D+03 -0.2031600D+04  0.1281651D+03  0.0000000D+00
  0.4826503D+03 -0.2828958D+03 -0.2161834D+03  0.0000000D+00
 -0.1234200D+04  0.2088263D+04 -0.1667408D+01  0.0000000D+00
 -0.5072763D+04  0.1478538D+04  0.4012524D+03  0.0000000D+00
 -0.7339337D+04  0.1147785D+04  0.6395000D+03  0.0000000D+00
 -0.3244010D+03 -0.1811598D+02 -0.2315296D+01  0.0000000D+00
  0.1894630D+03  0.1365916D+03  0.2055408D+01  0.0000000D+00
  0.2161598D+03 -0.1554045D+03 -0.6268760D+01  0.0000000D+00
 -0.7141398D+03  0.2754072D+03  0.3831770D+01  0.0000000D+00
  0.1474390D+03 -0.3464522D+03 -0.4935999D+01  0.0000000D+00
 -0.9366678D+03  0.5785282D+03  0.7136981D+01  0.0000000D+00
 -0.9316059D+03 -0.9148876D+03  0.7729136D+01  0.0000000D+00
 -0.5540963D+03  0.4371632D+03  0.8012091D+02  0.0000000D+00
  0.9530752D+03 -0.1379184D+04  0.2097355D+01  0.0000000D+00
  0.4100206D+04 -0.2286036D+04 -0.2631881D+03  0.0000000D+00
  0.5959723D+04 -0.2836988D+04 -0.4193641D+03  0.0000000D+00
  0.9743943D+02 -0.5897329D+01  0.7115417D-01  0.0000000D+00
  0.1897774D+03  0.1068452D+02  0.3613071D+01  0.0000000D+00
 -0.2137298D+03 -0.9183600D+02 -0.5571721D+01  0.0000000D+00
  0.1083386D+03  0.2088094D+03  0.8384892D+01  0.0000000D+00
 -0.7924408D+03 -0.2527810D+03 -0.1240731D+02  0.0000000D+00
  0.2708767D+04  0.7305741D+03  0.3796312D+02  0.0000000D+00
 -0.5444533D+03 -0.7960964D+03  0.7251187D+01  0.0000000D+00
 -0.2186778D+03  0.1188611D+03 -0.1174548D+02  0.0000000D+00
  0.6336086D+03 -0.9038424D+03 -0.3958129D+02  0.0000000D+00
  0.1533783D+04 -0.1226879D+04 -0.1257232D+03  0.0000000D+00
  0.2070455D+04 -0.1427438D+04 -0.1764737D+03  0.0000000D+00
 -0.1096640D+04 -0.2125495D+04 -0.3836126D+03  0.0000000D+00
 -0.1039689D+05 -0.2099282D+05 -0.2182519D+04  0.0000000D+00
  0.9008940D+04  0.8959745D+04  0.3152861D+04  0.0000000D+00
 -0.6316830D+03 -0.1070108D+05 -0.2828468D+04  0.0000000D+00
  0.1605029D+05  0.4571131D+04  0.5214027D+03  0.0000000D+00
 -0.1736706D+05 -0.2255371D+04 -0.3755959D+03  0.0000000D+00
  0.1071636D+05  0.2724018D+04 -0.7322243D+03  0.0000000D+00
 -0.4717144D+04  0.1134129D+04  0.7229349D+03  0.0000000D+00
  0.4198567D+04 -0.4990350D+04 -0.7879476D+03  0.0000000D+00
  0.1216390D+05 -0.8729146D+04 -0.3258894D+04  0.0000000D+00
  0.1692758D+05 -0.1098617D+05 -0.4722381D+04  0.0000000D+00
 -0.1207909D+05 -0.1568348D+05 -0.2239406D+03  0.0000000D+00
  0.7271253D+04 -0.2283622D+04 -0.2450957D+04  0.0000000D+00
 -0.8834707D+04  0.6199555D+04  0.3614748D+04  0.0000000D+00
  0.6838925D+05  0.1985319D+04 -0.2999988D+04  0.0000000D+00
  0.1220718D+05  0.1527158D+05  0.1558812D+04  0.0000000D+00
 -0.2156832D+05 -0.1010673D+05 -0.8040010D+03  0.0000000D+00
  0.1251328D+05  0.4231849D+04  0.1544259D+03  0.0000000D+00
 -0.1793026D+04 -0.1959949D+04 -0.6438235D+03  0.0000000D+00
  0.4294745D+03  0.3157761D+03  0.2506250D+03  0.0000000D+00
 -0.2346195D+03  0.2552312D+04  0.1564544D+04  0.0000000D+00
 -0.5980298D+03  0.3887464D+04  0.2343796D+04  0.0000000D+00
 -0.5300730D+04 -0.1817827D+05  0.6730671D+02  0.0000000D+00
  0.1051751D+05  0.1810759D+05  0.1456710D+04  0.0000000D+00
 -0.1466017D+05 -0.1722362D+05 -0.1911022D+04  0.0000000D+00
  0.2718001D+05  0.8487583D+04  0.8881685D+03  0.0000000D+00
 -0.2075253D+05  0.3506111D+04  0.1115791D+04  0.0000000D+00
  0.5954851D+04  0.2575775D+04 -0.1801677D+03  0.0000000D+00
 -0.3219921D+04 -0.7343723D+03 -0.2074521D+03  0.0000000D+00
 -0.1034326D+04 -0.4440797D+03  0.3408993D+03  0.0000000D+00
  0.1852958D+04 -0.4173484D+04 -0.5393668D+03  0.0000000D+00
  0.6930539D+04  0.2375973D+04 -0.1762580D+04  0.0000000D+00
  0.9935297D+04  0.6169191D+04 -0.2488395D+04  0.0000000D+00
  0.2434152D+04  0.7177738D+02 -0.1363232D+01  0.0000000D+00
 -0.1816410D+04 -0.2489445D+03 -0.3225938D+01  0.0000000D+00
  0.4126141D+04  0.2491133D+03  0.7322797D+01  0.0000000D+00
 -0.1005687D+05 -0.4194405D+03 -0.1732158D+02  0.0000000D+00
  0.2406516D+04  0.5912384D+03  0.5546355D+02  0.0000000D+00
 -0.1368772D+04 -0.1769607D+04 -0.3155324D+03  0.0000000D+00
  0.1167785D+04  0.1013302D+04 -0.1722597D+02  0.0000000D+00
  0.2224710D+04 -0.1424919D+04 -0.5155134D+03  0.0000000D+00
 -0.1213573D+04  0.3512105D+04  0.2868306D+03  0.0000000D+00
 -0.9083672D+04  0.4498934D+04  0.1852406D+04  0.0000000D+00
 -0.1373010D+05  0.5131691D+04  0.2777910D+04  0.0000000D+00
  0.2468179D+04 -0.2204659D+02 -0.3210002D+01  0.0000000D+00
  0.3118043D+03  0.1195718D+03  0.6696888D+01  0.0000000D+00
  0.9633190D+03 -0.1628148D+03 -0.1180111D+02  0.0000000D+00
 -0.2093301D+04  0.2557946D+03  0.2129046D+02  0.0000000D+00
  0.1133683D+04 -0.5878775D+03 -0.4368025D+02  0.0000000D+00
  0.1004454D+04  0.1479678D+04  0.1402892D+03  0.0000000D+00
 -0.2349390D+04 -0.2817744D+04  0.4175838D+02  0.0000000D+00
  0.5705901D+03 -0.5325420D+03 -0.1379691D+02  0.0000000D+00
 -0.1031169D+04  0.1425482D+04  0.2834332D+03  0.0000000D+00
 -0.2419838D+04  0.1930573D+04  0.7485079D+03  0.0000000D+00
 -0.3251005D+04  0.2248334D+04  0.1024126D+04  0.0000000D+00
  0.8399826D+02 -0.4418207D+02  0.9804347D+00  0.0000000D+00
 -0.6267067D+03  0.5399695D+02  0.1095085D+02  0.0000000D+00
  0.1394202D+04 -0.6499666D+02 -0.1754002D+02  0.0000000D+00
 -0.2425592D+04  0.3583996D+03  0.3121371D+02  0.0000000D+00
  0.9373633D+03 -0.3551055D+03 -0.7310671D+02  0.0000000D+00
  0.1100961D+04  0.1051437D+04  0.3031024D+03  0.0000000D+00
 -0.1238606D+04  0.3089767D+03 -0.1396476D+03  0.0000000D+00
 -0.1131405D+02  0.3414805D+03  0.2068593D+03  0.0000000D+00
  0.5113179D+02 -0.5344454D+03 -0.3599401D+02  0.0000000D+00
  0.6240962D+03 -0.1562707D+03 -0.5951253D+03  0.0000000D+00
  0.9603481D+03  0.5549042D+02 -0.9251949D+03  0.0000000D+00
 -0.4892524D+03 -0.5454553D+02  0.1547741D+01  0.0000000D+00
  0.1496045D+03  0.9511200D+01 -0.1130539D+02  0.0000000D+00
 -0.1159826D+03 -0.6204940D+02  0.2129160D+02  0.0000000D+00
 -0.3602686D+03  0.3034548D+03 -0.3028128D+02  0.0000000D+00
 -0.7754186D+03 -0.6813695D+03  0.3345039D+02  0.0000000D+00
  0.2308600D+04  0.1478468D+04  0.4681439D+01  0.0000000D+00
 -0.2384252D+04 -0.3058165D+04  0.9342209D+01  0.0000000D+00
  0.1326337D+04  0.8386860D+03 -0.1604849D+03  0.0000000D+00
 -0.5756041D+03  0.1497509D+04 -0.3336539D+02  0.0000000D+00
 -0.3185400D+04 -0.1416494D+04  0.3894260D+03  0.0000000D+00
 -0.4734670D+04 -0.3115420D+04  0.6383435D+03  0.0000000D+00
  0.2795703D+02 -0.1778375D+02 -0.8287980D+00  0.0000000D+00
  0.7978194D+03  0.2032903D+03 -0.1912347D+01  0.0000000D+00
 -0.1522849D+04 -0.1574085D+03  0.1619610D+01  0.0000000D+00
  0.1806657D+04 -0.1024450D+03 -0.4196185D+01  0.0000000D+00
 -0.5326633D+03 -0.9708462D+01  0.8257892D+01  0.0000000D+00
  0.6798825D+03  0.3095693D+03 -0.5555841D+02  0.0000000D+00
 -0.9594598D+03 -0.8048008D+03  0.2342831D+02  0.0000000D+00
 -0.7431893D+03  0.4673507D+03  0.6908685D+02  0.0000000D+00
  0.5667058D+03 -0.1006458D+04  0.3586456D+02  0.0000000D+00
  0.3101014D+04 -0.1449213D+04 -0.2740189D+03  0.0000000D+00
  0.4599356D+04 -0.1724656D+04 -0.4558170D+03  0.0000000D+00
 -0.1915561D+03  0.2354970D+02  0.7082284D+00  0.0000000D+00
 -0.3931553D+03  0.9697719D+02  0.5085261D+00  0.0000000D+00
  0.2932960D+03 -0.2214513D+03 -0.1876723D+01  0.0000000D+00
 -0.2929250D+03  0.7190377D+02  0.4777575D+01  0.0000000D+00
 -0.1964629D+03 -0.3584740D+02  0.9648765D+01  0.0000000D+00
 -0.1267762D+04 -0.3056807D+03 -0.7862481D+02  0.0000000D+00
  0.2065503D+03 -0.1071478D+04  0.3696430D+01  0.0000000D+00
 -0.7804604D+03 -0.2895356D+03  0.4203768D+02  0.0000000D+00
 -0.4258122D+03 -0.6441698D+03  0.6158690D+02  0.0000000D+00
 -0.7561535D+01  0.6638303D+03 -0.7762925D+02  0.0000000D+00
  0.2413874D+03  0.1425694D+04 -0.1589491D+03  0.0000000D+00
 -0.5772834D+04 -0.6281966D+04 -0.3671860D+03  0.0000000D+00
 -0.4852332D+04 -0.3559830D+04  0.1431006D+04  0.0000000D+00
  0.1392679D+05  0.2369536D+05 -0.2005486D+04  0.0000000D+00
 -0.2381112D+05 -0.2478043D+05  0.2018848D+04  0.0000000D+00
  0.1708347D+05  0.5552333D+04 -0.3417310D+04  0.0000000D+00
  0.1257422D+05 -0.1098950D+03  0.6718900D+02  0.0000000D+00
  0.1558902D+04  0.3977243D+04 -0.2653277D+03  0.0000000D+00
  0.5418162D+03  0.1199252D+02 -0.2347658D+03  0.0000000D+00
 -0.1536410D+03  0.2327740D+04  0.2186956D+03  0.0000000D+00
 -0.3108853D+04  0.3677704D+04  0.4372141D+03  0.0000000D+00
 -0.4846799D+04  0.4493632D+04  0.5702213D+03  0.0000000D+00
 -0.1143787D+05 -0.1348315D+05 -0.3966411D+03  0.0000000D+00
 -0.8021303D+03  0.1156381D+05  0.1327538D+04  0.0000000D+00
 -0.1290162D+04 -0.2260812D+05 -0.1247338D+04  0.0000000D+00
 -0.2351098D+05  0.2964944D+05  0.1042588D+04  0.0000000D+00
  0.1268768D+05 -0.9638269D+04 -0.2575789D+04  0.0000000D+00
  0.2130053D+05  0.2497759D+04  0.4402285D+03  0.0000000D+00
  0.1749732D+04  0.2192415D+04 -0.2249191D+03  0.0000000D+00
 -0.3645724D+03  0.2031460D+03  0.1216863D+03  0.0000000D+00
 -0.1201013D+04  0.6956995D+03 -0.9409297D+02  0.0000000D+00
 -0.1482237D+04  0.2512891D+04 -0.9224775D+02  0.0000000D+00
 -0.1656044D+04  0.3582255D+04 -0.9360987D+02  0.0000000D+00
 -0.3415959D+04  0.4456932D+03 -0.1135159D+02  0.0000000D+00
  0.4997427D+04  0.4691125D+04  0.1095601D+03  0.0000000D+00
 -0.5977115D+04  0.6098770D+03 -0.6311328D+03  0.0000000D+00
  0.1798746D+05  0.4572292D+04 -0.4386730D+03  0.0000000D+00
 -0.7673521D+04 -0.7243550D+04  0.7947636D+03  0.0000000D+00
 -0.2855043D+04  0.2602058D+03 -0.7904131D+03  0.0000000D+00
 -0.1879665D+04 -0.1709222D+04  0.3394656D+03  0.0000000D+00
  0.1475588D+04 -0.1529123D+04 -0.1947288D+03  0.0000000D+00
  0.4579309D+03  0.2223694D+04  0.3963130D+03  0.0000000D+00
 -0.2367560D+04  0.4149365D+03  0.7086620D+03  0.0000000D+00
 -0.4033087D+04 -0.6033889D+03  0.8980369D+03  0.0000000D+00
  0.8350503D+03  0.1531592D+02 -0.1543887D+00  0.0000000D+00
  0.1862185D+04 -0.1024776D+03  0.5176044D+01  0.0000000D+00
 -0.4510444D+04  0.1930827D+03 -0.5491463D+01  0.0000000D+00
  0.1038885D+05 -0.8291986D+02  0.1056668D+02  0.0000000D+00
 -0.3882941D+04 -0.1338665D+03 -0.1799258D+02  0.0000000D+00
  0.4901706D+04 -0.8559998D+03  0.6784512D+02  0.0000000D+00
 -0.2269102D+03 -0.1114983D+04 -0.1110536D+03  0.0000000D+00
 -0.1282448D+04  0.2328538D+04 -0.4357635D+02  0.0000000D+00
 -0.6911488D+03 -0.1550702D+04 -0.1842854D+03  0.0000000D+00
  0.3400904D+04 -0.5078091D+04 -0.1640572D+03  0.0000000D+00
  0.5803352D+04 -0.7186150D+04 -0.1537536D+03  0.0000000D+00
  0.1275197D+04  0.4243628D+01  0.6346458D+00  0.0000000D+00
 -0.8057416D+03  0.1044774D+02  0.1845178D+01  0.0000000D+00
  0.2224272D+03 -0.7888948D+02 -0.2925772D+01  0.0000000D+00
  0.1568728D+03 -0.4206278D+02 -0.2669848D+01  0.0000000D+00
  0.1332324D+04 -0.5770097D+03  0.1248863D+02  0.0000000D+00
 -0.4844864D+04  0.2276723D+04 -0.8045441D+01  0.0000000D+00
 -0.1368410D+04 -0.2426013D+04  0.1243136D+03  0.0000000D+00
 -0.5071618D+03  0.7444743D+03  0.8260746D+02  0.0000000D+00
 -0.2374666D+03 -0.4954522D+03 -0.5096245D+02  0.0000000D+00
  0.8474081D+03 -0.3024867D+04 -0.2242813D+03  0.0000000D+00
  0.1485511D+04 -0.4519015D+04 -0.3272633D+03  0.0000000D+00
 -0.1161971D+03 -0.4672779D+02  0.1319456D+01  0.0000000D+00
  0.4639884D+02  0.1487863D+03  0.3066482D+00  0.0000000D+00
 -0.2390677D+03 -0.1758353D+03 -0.5938885D+01  0.0000000D+00
  0.8306939D+03  0.1364442D+03  0.4401921D+00  0.0000000D+00
  0.1559331D+03 -0.1280435D+03 -0.7705745D+01  0.0000000D+00
 -0.4072695D+04  0.1300844D+04  0.4547698D+02  0.0000000D+00
 -0.2634925D+04  0.4059339D+03 -0.1274743D+03  0.0000000D+00
  0.2835743D+03 -0.7411115D+03  0.6157452D+02  0.0000000D+00
  0.3067049D+03  0.4940219D+02  0.6588056D+02  0.0000000D+00
 -0.4620867D+03  0.1883935D+04 -0.5057561D+02  0.0000000D+00
 -0.9119503D+03  0.2966550D+04 -0.1187039D+03  0.0000000D+00
  0.3369130D+03 -0.2133540D+02 -0.1693016D+01  0.0000000D+00
 -0.3527556D+03  0.1075616D+03  0.3511141D+01  0.0000000D+00
  0.1914597D+03 -0.1343832D+03 -0.8502291D+01  0.0000000D+00
 -0.7022314D+03  0.3917036D+03  0.1823874D+02  0.0000000D+00
  0.2172019D+03 -0.2283840D+03 -0.2864873D+02  0.0000000D+00
 -0.2313031D+03  0.1031627D+03  0.1882388D+02  0.0000000D+00
 -0.4897220D+03 -0.1767536D+04 -0.1009765D+03  0.0000000D+00
 -0.3900770D+03  0.1271996D+03  0.4949804D+02  0.0000000D+00
 -0.9553412D+00 -0.1471405D+04  0.5172011D+02  0.0000000D+00
  0.1464338D+04  0.4816330D+03  0.6040992D+02  0.0000000D+00
  0.2326580D+04  0.1607922D+04  0.6559252D+02  0.0000000D+00
  0.3761276D+03  0.2672534D+02 -0.2541180D+01  0.0000000D+00
 -0.1817685D+03 -0.1014110D+03  0.3019443D+01  0.0000000D+00
  0.8102220D+03  0.6924241D+02 -0.1253572D+01  0.0000000D+00
 -0.9925165D+03 -0.2065245D+02  0.1451769D+00  0.0000000D+00
  0.4294984D+03  0.5535457D+02  0.4138574D+01  0.0000000D+00
 -0.4584329D+03 -0.2966540D+03 -0.2124483D+02  0.0000000D+00
 -0.5255802D+03 -0.1150756D+04  0.2858603D+02  0.0000000D+00
  0.7926572D+02 -0.1516757D+03 -0.1428914D+02  0.0000000D+00
 -0.5044273D+03  0.1019814D+04 -0.2556959D+02  0.0000000D+00
 -0.1090484D+04  0.4635125D+03 -0.4061643D+02  0.0000000D+00
 -0.1440153D+04  0.1505892D+03 -0.4956038D+02  0.0000000D+00
 -0.1597275D+03  0.1768357D+02 -0.2147611D+00  0.0000000D+00
  0.4089669D+03  0.6855781D+02  0.2590661D+01  0.0000000D+00
 -0.4701256D+03 -0.3586146D+02 -0.3080662D+01  0.0000000D+00
  0.7090281D+03 -0.7208669D+02  0.1192232D+02  0.0000000D+00
 -0.4778738D+03 -0.2022845D+03 -0.3158023D+02  0.0000000D+00
  0.2457392D+04  0.3931132D+03  0.7607391D+02  0.0000000D+00
  0.5467628D+02 -0.1684901D+04 -0.1791232D+03  0.0000000D+00
  0.1121016D+03 -0.1437910D+03  0.6025210D+02  0.0000000D+00
  0.3441674D+03  0.2643139D+02  0.3177718D+02  0.0000000D+00
  0.7204326D+03 -0.3331021D+02 -0.7679868D+02  0.0000000D+00
  0.9433157D+03 -0.6648617D+02 -0.1406652D+03  0.0000000D+00
 -0.1622218D+04 -0.7211969D+04  0.3108480D+03  0.0000000D+00
  0.4755244D+04 -0.7709212D+03 -0.4120471D+03  0.0000000D+00
 -0.9471925D+04 -0.2499749D+04  0.3494082D+02  0.0000000D+00
  0.1880186D+05 -0.3822976D+03 -0.1642687D+03  0.0000000D+00
  0.7165763D+04  0.1045695D+04 -0.8882807D+02  0.0000000D+00
 -0.1248583D+04  0.1226080D+04 -0.3008256D+02  0.0000000D+00
 -0.2150809D+04 -0.1122345D+04  0.1252904D+02  0.0000000D+00
  0.3120340D+03  0.9014801D+02  0.2028760D+03  0.0000000D+00
  0.8678544D+03 -0.1263115D+04 -0.1662643D+03  0.0000000D+00
  0.3032849D+04 -0.2438297D+04 -0.1038732D+04  0.0000000D+00
  0.4306429D+04 -0.3141282D+04 -0.1553636D+04  0.0000000D+00
  0.7556120D+03 -0.7224539D+04  0.4397360D+03  0.0000000D+00
  0.8035077D+04  0.1719982D+04 -0.1221131D+04  0.0000000D+00
 -0.1070454D+05  0.8948860D+02  0.1369885D+04  0.0000000D+00
  0.1234130D+05  0.8701693D+04 -0.1332963D+04  0.0000000D+00
  0.1018676D+05 -0.1745336D+04  0.3271238D+03  0.0000000D+00
 -0.3277422D+04  0.1909942D+04 -0.1508233D+03  0.0000000D+00
 -0.2109657D+04 -0.1796837D+04  0.2090757D+03  0.0000000D+00
  0.8539866D+03 -0.2778723D+03 -0.2408608D+03  0.0000000D+00
 -0.7225911D+03  0.8810417D+03  0.1085526D+03  0.0000000D+00
 -0.1566248D+04  0.3007544D+04  0.6966684D+03  0.0000000D+00
 -0.2077919D+04  0.4265296D+04  0.1044895D+04  0.0000000D+00
  0.2143953D+04 -0.2428540D+04 -0.3393334D+03  0.0000000D+00
  0.1901984D+04  0.5375645D+04  0.8068087D+02  0.0000000D+00
 -0.1623722D+04 -0.6192961D+04  0.7503099D+02  0.0000000D+00
 -0.8318342D+04  0.3365583D+04 -0.2297160D+01  0.0000000D+00
  0.3735148D+04  0.1789164D+04 -0.6363179D+02  0.0000000D+00
 -0.2187709D+04 -0.2484402D+03 -0.7743106D+02  0.0000000D+00
  0.3067208D+04  0.2931060D+03 -0.1357925D+02  0.0000000D+00
 -0.9849484D+03 -0.3739687D+03  0.1339109D+03  0.0000000D+00
  0.5717145D+03 -0.2842511D+02  0.9288093D+01  0.0000000D+00
  0.1737801D+04  0.1652791D+04 -0.2528103D+03  0.0000000D+00
  0.2438019D+04  0.2640930D+04 -0.4076430D+03  0.0000000D+00
  0.1335082D+04 -0.1794576D+02 -0.1177980D+01  0.0000000D+00
  0.3323050D+03 -0.1237799D+03 -0.3849390D+01  0.0000000D+00
 -0.7993003D+02  0.9036251D+02  0.6972130D+01  0.0000000D+00
  0.1911405D+03 -0.3962238D+02 -0.9453093D+01  0.0000000D+00
  0.1120991D+03 -0.1971670D+03  0.4748184D+01  0.0000000D+00
  0.2735080D+03  0.3086560D+03  0.6569855D+02  0.0000000D+00
 -0.6420487D+03 -0.6414602D+03  0.9223156D+02  0.0000000D+00
  0.7664666D+03 -0.5069593D+02 -0.1412550D+03  0.0000000D+00
 -0.5031657D+03  0.6854087D+03 -0.3041858D+02  0.0000000D+00
 -0.2365742D+04  0.2708454D+03  0.4281001D+03  0.0000000D+00
 -0.3470536D+04  0.3617266D+02  0.6977838D+03  0.0000000D+00
  0.7695976D+03  0.7162146D+01 -0.3948013D+01  0.0000000D+00
  0.1795005D+04 -0.4696914D+02  0.3225052D+01  0.0000000D+00
 -0.1857962D+04  0.1172160D+03 -0.5224985D+01  0.0000000D+00
  0.3045728D+04 -0.5521531D+03  0.6670162D+01  0.0000000D+00
 -0.1700008D+04  0.3209303D+03  0.8236757D+01  0.0000000D+00
  0.1649118D+03 -0.3857275D+03 -0.1264758D+03  0.0000000D+00
  0.1411389D+04  0.9505102D+03  0.4898180D+02  0.0000000D+00
 -0.3130773D+03  0.1374934D+03 -0.7733911D+02  0.0000000D+00
 -0.6101308D+03  0.3894610D+03  0.7490234D+02  0.0000000D+00
 -0.5035817D+03 -0.5374533D+03  0.2316695D+03  0.0000000D+00
 -0.4445122D+03 -0.1077447D+04  0.3251703D+03  0.0000000D+00
 -0.1717845D+03  0.1680071D+01 -0.2397278D+01  0.0000000D+00
  0.5387864D+03  0.1610121D+03  0.1790776D+01  0.0000000D+00
 -0.8606613D+03 -0.1577744D+03 -0.1403660D+01  0.0000000D+00
  0.9742571D+03 -0.5801011D+02  0.7527553D+01  0.0000000D+00
 -0.1190146D+04  0.8630725D+02 -0.8800298D+01  0.0000000D+00
  0.3570937D+03  0.5880392D+02 -0.3366368D+02  0.0000000D+00
  0.1333845D+03  0.6402651D+03 -0.2196201D+02  0.0000000D+00
  0.4131006D+01 -0.6252364D+02  0.4523534D+02  0.0000000D+00
  0.1893148D+03 -0.1952343D+03 -0.2869038D+02  0.0000000D+00
  0.3388083D+03 -0.1823295D+03 -0.1422505D+03  0.0000000D+00
  0.4284724D+03 -0.1761626D+03 -0.2095524D+03  0.0000000D+00
 -0.1853426D+03  0.4678519D+02 -0.2725391D+00  0.0000000D+00
 -0.1799393D+03 -0.4787577D+02 -0.5759184D+01  0.0000000D+00
  0.6774624D+02  0.3371886D+02  0.7021781D+01  0.0000000D+00
  0.1647988D+03  0.2883559D+03 -0.9477379D+01  0.0000000D+00
  0.2053434D+03  0.1093787D+03  0.3292316D+01  0.0000000D+00
 -0.1288503D+03 -0.2770583D+03  0.4566215D+02  0.0000000D+00
  0.5429844D+03  0.9046811D+03 -0.5195841D+02  0.0000000D+00
  0.1906807D+02 -0.2390748D+03  0.4045533D+02  0.0000000D+00
 -0.1360297D+03  0.1752949D+03 -0.4854350D+02  0.0000000D+00
 -0.1074988D+04  0.2741341D+03 -0.3123422D+02  0.0000000D+00
 -0.1626405D+04  0.3366181D+03 -0.2208754D+02  0.0000000D+00
 -0.2512883D+03  0.6294175D+02  0.2470791D+01  0.0000000D+00
 -0.7340692D+02 -0.1515289D+02 -0.1960822D+01  0.0000000D+00
  0.7964217D+02  0.6379802D+02  0.2517252D+01  0.0000000D+00
  0.3753720D+03  0.1058752D+03 -0.1023456D+02  0.0000000D+00
 -0.5243783D+03 -0.6361306D+02  0.2225172D+02  0.0000000D+00
  0.1746541D+03 -0.3625741D+03 -0.5190142D+02  0.0000000D+00
  0.1641416D+03  0.4468006D+02  0.1711362D+02  0.0000000D+00
 -0.4505615D+03  0.5190688D+03 -0.1311820D+02  0.0000000D+00
  0.1773245D+03 -0.4621668D+02  0.6416433D+02  0.0000000D+00
  0.9839857D+03 -0.5723229D+03  0.1499211D+02  0.0000000D+00
  0.1463208D+04 -0.8864679D+03 -0.1295094D+02  0.0000000D+00
 -0.5035987D+03 -0.2382726D+02  0.1611280D+01  0.0000000D+00
 -0.8684168D+02 -0.1516984D+02 -0.3122107D+01  0.0000000D+00
 -0.6100833D+02  0.6264025D+02  0.1911715D+01  0.0000000D+00
  0.3376525D+02 -0.1806346D+03 -0.5964992D+01  0.0000000D+00
  0.6367647D+03 -0.5688245D+02  0.1110973D+02  0.0000000D+00
 -0.8642152D+03  0.2690126D+02 -0.1022293D+02  0.0000000D+00
 -0.6264313D+02 -0.1515572D+03  0.2689060D+02  0.0000000D+00
 -0.1922949D+03  0.1504535D+03 -0.3607466D+02  0.0000000D+00
  0.1834663D+03 -0.2874501D+03  0.2200611D+02  0.0000000D+00
  0.3351654D+03  0.1815442D+03  0.9409559D+02  0.0000000D+00
  0.4282106D+03  0.4514693D+03  0.1369324D+03  0.0000000D+00
 -0.5975351D+04 -0.3662467D+04  0.3913157D+03  0.0000000D+00
  0.6221592D+04  0.1388047D+05 -0.6997986D+03  0.0000000D+00
 -0.6828638D+04 -0.9329530D+04  0.9622746D+03  0.0000000D+00
  0.6239987D+04  0.1779804D+05 -0.7064438D+03  0.0000000D+00
  0.9743457D+04 -0.5713391D+04 -0.1305806D+03  0.0000000D+00
  0.1842714D+04  0.1029641D+04  0.7035366D+03  0.0000000D+00
  0.1823887D+04 -0.3264938D+02 -0.1721584D+03  0.0000000D+00
 -0.1111738D+02  0.1675637D+03 -0.9721553D+01  0.0000000D+00
 -0.3343315D+03  0.2490556D+03  0.2333883D+03  0.0000000D+00
 -0.1095364D+04  0.7678519D+02  0.5752512D+03  0.0000000D+00
 -0.1544554D+04 -0.2320019D+02  0.7780816D+03  0.0000000D+00
 -0.1072731D+05 -0.7834105D+04  0.4790306D+03  0.0000000D+00
 -0.6228345D+02 -0.1739706D+03 -0.1115258D+04  0.0000000D+00
 -0.2771213D+04  0.5926348D+04  0.1408231D+04  0.0000000D+00
  0.2112664D+05 -0.8567868D+04 -0.4756082D+03  0.0000000D+00
  0.1551630D+05  0.4003387D+04 -0.2352854D+03  0.0000000D+00
  0.9827462D+03 -0.2671808D+04  0.7866448D+03  0.0000000D+00
  0.2083990D+04  0.2844770D+04 -0.4047520D+03  0.0000000D+00
  0.1449706D+03 -0.5006711D+02  0.8042289D+02  0.0000000D+00
 -0.1447416D+03  0.2861729D+03  0.9415753D+02  0.0000000D+00
 -0.7035476D+03  0.8194090D+03  0.2227658D+03  0.0000000D+00
 -0.1033853D+04  0.1135372D+04  0.2981583D+03  0.0000000D+00
 -0.6193252D+04 -0.6527937D+04 -0.2538969D+03  0.0000000D+00
  0.2202391D+04  0.2748939D+04  0.7166223D+03  0.0000000D+00
  0.6926745D+03  0.6115751D+04 -0.1054094D+04  0.0000000D+00
 -0.9322220D+04 -0.1015606D+05  0.1096233D+04  0.0000000D+00
 -0.5733910D+04  0.4718333D+04 -0.4489404D+03  0.0000000D+00
  0.3727621D+03 -0.1352613D+04  0.9591306D+02  0.0000000D+00
 -0.2350536D+04  0.3074896D+03  0.3000094D+03  0.0000000D+00
  0.6009377D+03 -0.8470634D+02 -0.1972198D+03  0.0000000D+00
 -0.3864497D+03  0.1201188D+04  0.3297757D+03  0.0000000D+00
 -0.1759294D+04  0.8818906D+03  0.1028318D+04  0.0000000D+00
 -0.2574173D+04  0.7090212D+03  0.1443124D+04  0.0000000D+00
  0.2526691D+04  0.2529032D+02 -0.2506291D+01  0.0000000D+00
 -0.3381665D+04  0.9089846D+02  0.1198233D+02  0.0000000D+00
  0.5501017D+04 -0.1038875D+03 -0.1970076D+02  0.0000000D+00
 -0.1195898D+05  0.1149702D+03  0.2949438D+02  0.0000000D+00
  0.2259912D+04  0.2761586D+03 -0.4966499D+02  0.0000000D+00
  0.4068161D+03 -0.5029309D+03  0.1004240D+03  0.0000000D+00
  0.1180965D+03  0.1778517D+04 -0.1687582D+03  0.0000000D+00
 -0.1857698D+03 -0.4523932D+03  0.1773643D+03  0.0000000D+00
 -0.3046028D+03 -0.6240331D+03 -0.1582935D+03  0.0000000D+00
  0.6138170D+03  0.6546448D+03 -0.6429169D+03  0.0000000D+00
  0.1150190D+04  0.1401422D+04 -0.9303768D+03  0.0000000D+00
  0.1417100D+04  0.1800589D+02  0.4437351D+00  0.0000000D+00
 -0.1172142D+04  0.3517395D+02 -0.1460928D+01  0.0000000D+00
  0.7523842D+03 -0.1538942D+03  0.7152997D+00  0.0000000D+00
 -0.8186601D+03  0.3794730D+03 -0.5494534D+01  0.0000000D+00
 -0.2738034D+03 -0.5020895D+03  0.9193210D+01  0.0000000D+00
 -0.7713347D+03  0.8174675D+03 -0.9916744D+01  0.0000000D+00
 -0.1502589D+04 -0.2272153D+04  0.5763515D+02  0.0000000D+00
  0.3733614D+03  0.3491449D+03  0.1380054D+02  0.0000000D+00
  0.7998221D+02  0.6070831D+02  0.7499588D+02  0.0000000D+00
  0.1312492D+03 -0.1588749D+04 -0.1597981D+03  0.0000000D+00
  0.1580352D+03 -0.2557803D+04 -0.2966310D+03  0.0000000D+00
 -0.2913938D+03 -0.8150139D+01  0.1722911D+01  0.0000000D+00
 -0.2564995D+02  0.6802467D+02 -0.1423451D+01  0.0000000D+00
  0.3060284D+03  0.2344489D+02 -0.1089786D+01  0.0000000D+00
 -0.1360628D+04 -0.2541442D+03  0.4572870D+01  0.0000000D+00
  0.4191330D+03 -0.1123111D+02 -0.7815640D+01  0.0000000D+00
 -0.8189736D+03  0.4238149D+02 -0.5972135D+02  0.0000000D+00
 -0.1195872D+04 -0.5045500D+03  0.5171875D+02  0.0000000D+00
 -0.4065442D+03  0.4342935D+03 -0.1475619D+02  0.0000000D+00
 -0.1166718D+03 -0.2487404D+02 -0.7963404D+02  0.0000000D+00
  0.1136903D+04 -0.1429558D+04 -0.3521721D+02  0.0000000D+00
  0.1874043D+04 -0.2257224D+04 -0.9898164D+01  0.0000000D+00
  0.6095168D+03 -0.7285017D+02 -0.5788406D+00  0.0000000D+00
 -0.7695963D+03  0.2522313D+03 -0.2261377D+01  0.0000000D+00
  0.1247913D+04 -0.2810938D+03  0.3831792D+01  0.0000000D+00
 -0.1602743D+04  0.2073531D+03 -0.1249733D+00  0.0000000D+00
  0.8641559D+03 -0.3138204D+03  0.4647465D+01  0.0000000D+00
  0.4950296D+02  0.4942129D+03 -0.3972847D+02  0.0000000D+00
 -0.8177095D+03 -0.1802498D+04  0.7553947D+02  0.0000000D+00
 -0.2610729D+02 -0.1988264D+03  0.8480717D+02  0.0000000D+00
  0.2425067D+03 -0.5465380D+03 -0.2615623D+02  0.0000000D+00
  0.6404353D+03  0.8652290D+03 -0.2438730D+03  0.0000000D+00
  0.8763969D+03  0.1688178D+04 -0.3725701D+03  0.0000000D+00
  0.1693369D+03 -0.1442335D+02  0.8038574D+00  0.0000000D+00
  0.4166013D+03 -0.1274818D+03 -0.5783274D+01  0.0000000D+00
 -0.1162031D+04  0.3351403D+02  0.6806102D+01  0.0000000D+00
  0.1730533D+04  0.2026396D+03 -0.8075813D+01  0.0000000D+00
 -0.8809983D+03 -0.2510058D+03  0.4988547D+01  0.0000000D+00
  0.7353675D+03  0.4257397D+03  0.6421653D+01  0.0000000D+00
 -0.1747102D+04 -0.1042183D+04  0.6053011D+02  0.0000000D+00
  0.2405272D+03  0.6459454D+02  0.8187257D+01  0.0000000D+00
  0.4449979D+02  0.2550708D+03 -0.4248248D+02  0.0000000D+00
 -0.7559511D+02 -0.1091347D+03  0.5098813D+02  0.0000000D+00
 -0.1481077D+03 -0.3203832D+03  0.1051605D+03  0.0000000D+00
 -0.2602055D+03  0.1945784D+02  0.3120603D+01  0.0000000D+00
  0.2186285D+03 -0.9232512D+02 -0.5603155D+01  0.0000000D+00
 -0.4329735D+03  0.1155176D+03  0.9136900D+01  0.0000000D+00
  0.5183093D+03  0.1516246D+03 -0.1911437D+02  0.0000000D+00
 -0.3596409D+03 -0.2949652D+03  0.3331756D+02  0.0000000D+00
  0.5210149D+03  0.4402392D+03 -0.1798053D+02  0.0000000D+00
 -0.2389749D+02 -0.1107168D+04  0.9148162D+02  0.0000000D+00
 -0.3917902D+03  0.2234051D+03  0.1470727D+02  0.0000000D+00
  0.3897469D+03 -0.1327045D+03 -0.4219029D+02  0.0000000D+00
  0.1131928D+04 -0.5566084D+03 -0.8139325D+01  0.0000000D+00
  0.1575177D+04 -0.8088066D+03  0.1118630D+02  0.0000000D+00
  0.4412932D+03 -0.2482851D+04 -0.1573171D+03  0.0000000D+00
 -0.1086559D+04  0.1945096D+04  0.2335315D+03  0.0000000D+00
  0.3685463D+03 -0.6807250D+03 -0.4776799D+03  0.0000000D+00
  0.3856380D+04  0.3001220D+04  0.4042815D+03  0.0000000D+00
  0.6501668D+04 -0.3344448D+04  0.3018699D+03  0.0000000D+00
 -0.4220331D+04  0.4274497D+03 -0.3728877D+02  0.0000000D+00
 -0.4231919D+03 -0.1086446D+04 -0.1685883D+02  0.0000000D+00
  0.2437011D+03  0.1246435D+03  0.3510190D+02  0.0000000D+00
  0.3118569D+03 -0.9133765D+02  0.5405529D+02  0.0000000D+00
  0.2968311D+03 -0.2744768D+03 -0.1621072D+03  0.0000000D+00
  0.2887223D+03 -0.3840500D+03 -0.2884610D+03  0.0000000D+00
 -0.3274614D+03 -0.4509466D+04 -0.2799668D+03  0.0000000D+00
  0.4612566D+04  0.5791535D+04  0.4074874D+03  0.0000000D+00
 -0.7062523D+04 -0.1962192D+02 -0.6038630D+03  0.0000000D+00
  0.5608733D+04  0.1557805D+04  0.6620542D+03  0.0000000D+00
  0.5163382D+04 -0.8317852D+03  0.2899148D+03  0.0000000D+00
 -0.5098030D+04 -0.7664949D+03 -0.6407459D+02  0.0000000D+00
 -0.1135578D+04 -0.2060637D+03  0.1044106D+03  0.0000000D+00
  0.2403470D+03 -0.1608661D+03 -0.9722509D+02  0.0000000D+00
 -0.3579182D+03 -0.1346511D+03  0.4247238D+02  0.0000000D+00
 -0.2623412D+02 -0.6077316D+03  0.2883618D+03  0.0000000D+00
  0.1612217D+03 -0.8843935D+03  0.4338742D+03  0.0000000D+00
  0.8310706D+03 -0.1159616D+04 -0.1483412D+02  0.0000000D+00
  0.5091645D+03  0.5556337D+03  0.5282915D+02  0.0000000D+00
 -0.2819222D+04  0.2600783D+04  0.1529635D+02  0.0000000D+00
  0.7748716D+04 -0.8388865D+04 -0.3796099D+03  0.0000000D+00
 -0.2796502D+04  0.2578929D+04  0.3150362D+03  0.0000000D+00
  0.3215052D+04 -0.1424788D+04  0.1645288D+03  0.0000000D+00
  0.3308195D+03  0.1076086D+04 -0.1275032D+03  0.0000000D+00
 -0.1323291D+02 -0.7292775D+01  0.1042293D+02  0.0000000D+00
  0.8149586D+01  0.4535109D+02  0.3863908D+02  0.0000000D+00
  0.2081779D+03 -0.7711359D+03 -0.6311610D+02  0.0000000D+00
  0.3254670D+03 -0.1248586D+04 -0.1224045D+03  0.0000000D+00
  0.1400484D+03 -0.2360373D+01 -0.5132894D+00  0.0000000D+00
  0.1510368D+04  0.5054570D+02 -0.2114949D+01  0.0000000D+00
 -0.2432846D+04 -0.1340435D+03  0.2678756D+01  0.0000000D+00
  0.5848684D+04  0.1970895D+03 -0.4697001D+01  0.0000000D+00
 -0.1561646D+04  0.5119976D+02  0.1575429D+02  0.0000000D+00
 -0.1055848D+04 -0.1797809D+03 -0.4315706D+02  0.0000000D+00
 -0.9379305D+02  0.4377495D+03  0.2034685D+02  0.0000000D+00
  0.1661065D+03 -0.4371092D+03  0.3446403D+02  0.0000000D+00
 -0.2239822D+03 -0.1316926D+03 -0.3602831D+02  0.0000000D+00
 -0.8048585D+03  0.1165597D+04 -0.7408025D+02  0.0000000D+00
 -0.1149246D+04  0.1928515D+04 -0.9712979D+02  0.0000000D+00
  0.2801288D+03  0.7798603D+01  0.1270300D+00  0.0000000D+00
  0.1885845D+03 -0.9929157D+02 -0.4697210D+00  0.0000000D+00
 -0.9316892D+02  0.5775580D+02 -0.1496869D+01  0.0000000D+00
 -0.2527194D+03  0.1489135D+03 -0.1176510D+01  0.0000000D+00
 -0.1308744D+04  0.1070588D+03 -0.2164912D+01  0.0000000D+00
  0.3636244D+04 -0.3467729D+03  0.4967349D+02  0.0000000D+00
  0.3234034D+03  0.6160770D+03 -0.2626450D+02  0.0000000D+00
  0.1114851D+03 -0.2752115D+02 -0.1824288D+02  0.0000000D+00
  0.7711034D+01 -0.1975304D+03  0.3403089D+02  0.0000000D+00
  0.1860050D+03  0.2686766D+03  0.1572279D+03  0.0000000D+00
  0.2891748D+03  0.5397057D+03  0.2299416D+03  0.0000000D+00
 -0.7676603D+02 -0.6742404D+01  0.1331626D+01  0.0000000D+00
  0.2507312D+02  0.3806350D+02 -0.1478790D+01  0.0000000D+00
  0.1868800D+03  0.8201925D+02  0.3854752D+01  0.0000000D+00
  0.5866948D+03 -0.2828665D+03 -0.8663804D+01  0.0000000D+00
 -0.7807340D+03  0.1075629D+03  0.5412301D+01  0.0000000D+00
  0.1602115D+04  0.8964894D+02  0.3726874D+02  0.0000000D+00
  0.4357822D+03 -0.1398142D+03  0.1022180D+02  0.0000000D+00
 -0.3552729D+02 -0.1419528D+03 -0.5402270D+01  0.0000000D+00
 -0.1469413D+03  0.9031646D+02 -0.7427944D+02  0.0000000D+00
 -0.1106167D+03  0.4579253D+03 -0.4079113D+02  0.0000000D+00
 -0.9058961D+02  0.6757760D+03 -0.2194389D+02  0.0000000D+00
 -0.6157125D+03 -0.3780769D+02 -0.1161590D+01  0.0000000D+00
 -0.2398036D+03  0.5946597D+02 -0.7835236D+00  0.0000000D+00
  0.5377759D+03  0.2141149D+02 -0.2705051D+00  0.0000000D+00
 -0.1066124D+04 -0.1120651D+03 -0.4048673D+00  0.0000000D+00
 -0.1070044D+03  0.2631795D+02  0.2092386D+01  0.0000000D+00
 -0.2928779D+03  0.1137819D+03 -0.3564173D+01  0.0000000D+00
  0.3715220D+03  0.4487593D+03  0.1749480D+02  0.0000000D+00
  0.1999776D+03 -0.1404508D+03  0.4525797D+02  0.0000000D+00
  0.1097330D+03 -0.1674702D+03 -0.6781439D+01  0.0000000D+00
 -0.4488150D+03  0.6888033D+03 -0.1677220D+03  0.0000000D+00
 -0.7767435D+03  0.1189844D+04 -0.2625187D+03  0.0000000D+00
 -0.9853032D+02 -0.2627121D+02  0.9561996D+00  0.0000000D+00
 -0.3688473D+03 -0.9033650D+01 -0.3139222D+01  0.0000000D+00
  0.8078018D+03 -0.8840155D+01  0.2144310D+01  0.0000000D+00
 -0.1573922D+04  0.1118063D+03 -0.8662019D+01  0.0000000D+00
  0.2654275D+03 -0.9850726D+02  0.1916843D+02  0.0000000D+00
 -0.4083501D+02  0.1624554D+03 -0.2952026D+02  0.0000000D+00
  0.2976101D+03 -0.1993509D+03  0.3979590D+02  0.0000000D+00
 -0.1516908D+03  0.4668521D+03 -0.5079130D+02  0.0000000D+00
 -0.7790389D+02  0.3181685D+03  0.1171205D+02  0.0000000D+00
  0.5615981D+03 -0.1131768D+04  0.1702609D+03  0.0000000D+00
  0.9367893D+03 -0.1982383D+04  0.2637742D+03  0.0000000D+00
 -0.2521688D+03  0.5339616D+02 -0.7222930D+00  0.0000000D+00
 -0.9470945D+02 -0.2104241D+02  0.4043965D+01  0.0000000D+00
  0.4132729D+03  0.4561219D+02 -0.4582254D+01  0.0000000D+00
 -0.4900290D+03  0.2096677D+02  0.7524861D+01  0.0000000D+00
  0.9349379D+03  0.2638794D+02 -0.1213949D+02  0.0000000D+00
 -0.1426687D+04 -0.2638101D+03 -0.2718353D+02  0.0000000D+00
  0.2307003D+03  0.3289459D+03  0.4758879D+02  0.0000000D+00
 -0.1259005D+03  0.1486001D+03 -0.3192217D+02  0.0000000D+00
 -0.1167985D+02  0.1434788D+03 -0.2035598D+02  0.0000000D+00
  0.1667573D+03 -0.3947058D+03  0.6870639D+02  0.0000000D+00
  0.2724816D+03 -0.7097853D+03  0.1209763D+03  0.0000000D+00
 -0.7052061D+04 -0.3204360D+04 -0.1763511D+03  0.0000000D+00
  0.6054055D+04  0.4555123D+04  0.1930891D+03  0.0000000D+00
 -0.5173981D+04  0.1910137D+04 -0.1274875D+03  0.0000000D+00
  0.5808140D+04 -0.4506338D+04 -0.3591548D+03  0.0000000D+00
 -0.2273810D+04  0.2575300D+04  0.2171571D+03  0.0000000D+00
 -0.1125661D+04 -0.3698253D+03 -0.1732145D+03  0.0000000D+00
  0.1224049D+04  0.3687462D+03  0.1684734D+03  0.0000000D+00
 -0.1527791D+02 -0.7052086D+02 -0.8980452D+02  0.0000000D+00
  0.2653276D+03  0.1569447D+03  0.2429298D+02  0.0000000D+00
 -0.9183623D+02  0.2235435D+03  0.2350029D+03  0.0000000D+00
 -0.2977251D+03  0.2650538D+03  0.3596659D+03  0.0000000D+00
 -0.5913962D+04 -0.4345095D+04 -0.1493164D+03  0.0000000D+00
  0.4424798D+04 -0.8047853D+02  0.1289377D+03  0.0000000D+00
 -0.2751674D+04  0.6868050D+04  0.1208866D+02  0.0000000D+00
 -0.1056255D+05 -0.1059905D+05 -0.5656598D+03  0.0000000D+00
 -0.5360138D+04  0.5215420D+04 -0.6676285D+02  0.0000000D+00
 -0.2784018D+04 -0.2405750D+03 -0.8884009D+02  0.0000000D+00
  0.2701358D+04  0.5089004D+03  0.2181622D+03  0.0000000D+00
 -0.5390646D+03 -0.1263161D+03 -0.3444574D+02  0.0000000D+00
  0.1561565D+02 -0.8223371D+02  0.8025601D+02  0.0000000D+00
  0.1602161D+03 -0.8939455D+03  0.1104393D+03  0.0000000D+00
  0.2510929D+03 -0.1368637D+04  0.1293817D+03  0.0000000D+00
 -0.1089294D+04 -0.2077313D+04  0.1452772D+03  0.0000000D+00
  0.4283829D+04  0.1608465D+04 -0.9169742D+02  0.0000000D+00
 -0.7531619D+04  0.1823977D+04  0.1445372D+03  0.0000000D+00
  0.1113057D+05  0.1674135D+04  0.6627554D+02  0.0000000D+00
 -0.5190692D+04 -0.1115820D+04 -0.4944877D+02  0.0000000D+00
  0.2010826D+04  0.5247776D+03  0.7672655D+02  0.0000000D+00
 -0.1488100D+04 -0.4359195D+03 -0.2937763D+02  0.0000000D+00
  0.6093233D+03  0.5483854D+02 -0.9623266D+02  0.0000000D+00
 -0.2251845D+03  0.7987297D+03  0.3937182D+02  0.0000000D+00
 -0.9377662D+03  0.7243443D+03  0.5121493D+03  0.0000000D+00
 -0.1364275D+04  0.6888645D+03  0.7904886D+03  0.0000000D+00
  0.1383591D+04 -0.4664731D+02 -0.1095903D+01  0.0000000D+00
  0.3480207D+03  0.1220726D+03  0.2467438D+01  0.0000000D+00
 -0.2168757D+04 -0.1515228D+03 -0.4475076D+01  0.0000000D+00
  0.5870888D+04  0.1258013D+03  0.1043548D+02  0.0000000D+00
 -0.1415403D+04 -0.8803127D+02 -0.1103640D+02  0.0000000D+00
  0.3625738D+03  0.2220190D+03  0.2191327D+02  0.0000000D+00
  0.2915338D+03  0.2646089D+03 -0.1300366D+02  0.0000000D+00
  0.1794974D+03 -0.3602394D+03  0.4286561D+02  0.0000000D+00
 -0.5192613D+02 -0.3215881D+03  0.2187635D+01  0.0000000D+00
 -0.5278975D+03  0.1042327D+04 -0.2190077D+03  0.0000000D+00
 -0.8092472D+03  0.1841462D+04 -0.3489775D+03  0.0000000D+00
  0.1048831D+04 -0.4162555D+01 -0.1438737D+01  0.0000000D+00
 -0.1215442D+04  0.7980132D+02  0.1332274D+00  0.0000000D+00
  0.1281896D+03 -0.1279202D+03 -0.3533090D+01  0.0000000D+00
  0.5411933D+03  0.3308877D+03  0.2664523D+01  0.0000000D+00
  0.9223563D+02 -0.1492923D+03  0.2202537D+01  0.0000000D+00
 -0.6950507D+02 -0.7703009D+01  0.1469998D+02  0.0000000D+00
 -0.2649040D+03 -0.4356519D+03 -0.1359695D+02  0.0000000D+00
 -0.3607487D+02 -0.1261491D+02  0.2717092D+02  0.0000000D+00
 -0.1513793D+03 -0.7193541D+02  0.1302461D+02  0.0000000D+00
 -0.5311728D+03  0.1094687D+03 -0.9329759D+02  0.0000000D+00
 -0.7548260D+03  0.2150271D+03 -0.1557198D+03  0.0000000D+00
 -0.3268926D+03  0.1287598D+02  0.3128759D+00  0.0000000D+00
  0.3726147D+03 -0.2922716D+02 -0.5404119D+01  0.0000000D+00
 -0.1569809D+03  0.5147427D+02  0.9358361D+01  0.0000000D+00
  0.4437373D+03  0.7991657D+02 -0.9576123D+01  0.0000000D+00
 -0.7618785D+01 -0.3665614D+02  0.8755283D+01  0.0000000D+00
  0.3861587D+02 -0.1831412D+03  0.2293457D+02  0.0000000D+00
  0.6030415D+03 -0.2852991D+03 -0.6097227D+02  0.0000000D+00
 -0.2783915D+03  0.1000212D+03  0.2499282D+02  0.0000000D+00
  0.1494617D+03  0.4819365D+02 -0.9671147D+01  0.0000000D+00
  0.7901263D+03 -0.6739101D+03 -0.3864086D+02  0.0000000D+00
  0.1170004D+04 -0.1097371D+04 -0.5597776D+02  0.0000000D+00
 -0.2766960D+02  0.7254032D+02 -0.1015528D+01  0.0000000D+00
  0.9133897D+03 -0.6002364D+01  0.4273256D+00  0.0000000D+00
 -0.1258110D+04  0.1203788D+03  0.2137252D+01  0.0000000D+00
  0.2029951D+04 -0.3251013D+03 -0.1685631D+00  0.0000000D+00
 -0.4767244D+03  0.8632238D+02 -0.5704741D+01  0.0000000D+00
  0.2023361D+03 -0.1233727D+02  0.1564119D+02  0.0000000D+00
 -0.4286267D+03 -0.1746562D+03 -0.2208058D+02  0.0000000D+00
  0.1682030D+02  0.2250857D+03  0.2974267D+01  0.0000000D+00
  0.8505290D+02 -0.1961191D+02  0.3747585D+02  0.0000000D+00
  0.3448266D+02 -0.2878755D+02 -0.5317154D+02  0.0000000D+00
  0.5655080D+01 -0.3670461D+02 -0.1058919D+03  0.0000000D+00
  0.3450667D+03  0.6832972D+02  0.1600134D+00  0.0000000D+00
 -0.5359588D+03 -0.7344987D+02 -0.3854051D+00  0.0000000D+00
  0.6004320D+03 -0.2414098D+01 -0.1199770D+01  0.0000000D+00
 -0.5564943D+03 -0.6143741D+02  0.9350712D+00  0.0000000D+00
  0.5889220D+03 -0.3117309D+02 -0.2628514D+01  0.0000000D+00
 -0.9143352D+02  0.5921526D+02  0.1713912D+01  0.0000000D+00
 -0.1530765D+03 -0.1811174D+03 -0.2504659D-01  0.0000000D+00
 -0.1110231D+03  0.1130321D+03  0.2616281D+02  0.0000000D+00
  0.8931424D+02  0.6151409D+02 -0.7262157D+02  0.0000000D+00
  0.5284330D+03 -0.3699623D+03 -0.6681698D+02  0.0000000D+00
  0.7878045D+03 -0.6233078D+03 -0.6448734D+02  0.0000000D+00
 -0.6111505D+03 -0.4894750D+02  0.8867020D-01  0.0000000D+00
  0.5695237D+02  0.5538197D+02  0.3309546D+01  0.0000000D+00
  0.6974030D+02 -0.1890542D+03 -0.9441921D+01  0.0000000D+00
 -0.2061941D+03  0.3448194D+03  0.1011443D+02  0.0000000D+00
  0.4578464D+02 -0.1441208D+03 -0.8771435D+01  0.0000000D+00
  0.8058429D+02  0.1838898D+03 -0.1838630D+02  0.0000000D+00
 -0.1828721D+03 -0.1037126D+03  0.7206339D+00  0.0000000D+00
 -0.2598759D+03  0.1284543D+03  0.1150474D+02  0.0000000D+00
  0.1864238D+03  0.4291855D+02  0.3009660D+02  0.0000000D+00
  0.7510662D+03 -0.8579400D+03 -0.3531106D+02  0.0000000D+00
  0.1086600D+04 -0.1386472D+04 -0.7340109D+02  0.0000000D+00
