  1  2   693 10944  4  4  9 11  7  1    0.00   24.00  100.00  600.00    0.00    6.28   45.00   45.00
  100.0  100.0  100.0  100.0  125.0  150.0  190.0  230.0  275.0  350.0  450.0  600.0  600.0  600.0  600.0
 -0.2135101D+00 -0.2106022D+00 -0.2411230D-01  0.0000000D+00
 -0.1514088D+00 -0.8628802D-01 -0.2136302D-01  0.0000000D+00
 -0.1594314D-01 -0.6705534D-01 -0.6336747D-02  0.0000000D+00
  0.5217774D-01 -0.2749509D-01 -0.1363365D-01  0.0000000D+00
  0.4398214D-01 -0.5729893D-01 -0.1401460D-01  0.0000000D+00
  0.1622078D+00 -0.4007566D-01  0.1647531D-01  0.0000000D+00
  0.3261507D-01 -0.1083421D-02  0.5785789D-02  0.0000000D+00
  0.3760374D-01 -0.2959172D-01 -0.9740049D-02  0.0000000D+00
  0.3292494D-01 -0.1586948D-01 -0.3705196D-02  0.0000000D+00
  0.3228957D-01 -0.1093218D-01 -0.1975151D-03  0.0000000D+00
  0.3186528D-01 -0.7889463D-02  0.1922928D-02  0.0000000D+00
 -0.6663604D-01 -0.3478177D-01 -0.4689450D-01  0.0000000D+00
 -0.3002760D+00 -0.1717047D+00 -0.4032720D-01  0.0000000D+00
  0.3159914D-01  0.4286547D-01  0.1485905D-01  0.0000000D+00
 -0.1427647D-01 -0.9943835D-01 -0.6325829D-02  0.0000000D+00
  0.4633589D-01 -0.4731039D-01 -0.8309173D-02  0.0000000D+00
  0.2068524D+00 -0.3921688D-01  0.1717444D-01  0.0000000D+00
  0.1080227D-01  0.2697062D-01  0.4885467D-02  0.0000000D+00
  0.1513935D-01 -0.1344733D-01 -0.9170711D-02  0.0000000D+00
  0.1146279D-01 -0.8165574D-02 -0.2734497D-02  0.0000000D+00
  0.9789362D-02 -0.5863512D-02 -0.8597580D-03  0.0000000D+00
  0.8768634D-02 -0.4456845D-02  0.3094838D-03  0.0000000D+00
  0.7027284D-02 -0.6212626D-01  0.1773734D-01  0.0000000D+00
  0.5040309D-01  0.1639724D+00 -0.1072262D-01  0.0000000D+00
 -0.1913501D-01 -0.3481190D-01  0.2596143D-01  0.0000000D+00
  0.3530540D-01  0.2766936D-01 -0.1636059D-01  0.0000000D+00
  0.4563703D-01 -0.7334106D-02  0.9053317D-02  0.0000000D+00
  0.9261619D-02 -0.8225532D-02 -0.8189133D-02  0.0000000D+00
 -0.4760226D-02  0.2539081D-02  0.6771148D-02  0.0000000D+00
  0.1144435D-01 -0.8377649D-02 -0.1463344D-02  0.0000000D+00
  0.6364597D-02 -0.8714711D-02 -0.2804713D-02  0.0000000D+00
  0.5338324D-02 -0.1123733D-01 -0.4980928D-03  0.0000000D+00
  0.4680388D-02 -0.1271796D-01  0.8370869D-03  0.0000000D+00
  0.6631912D-01  0.7671244D-03  0.1548691D-03  0.0000000D+00
 -0.3775580D-01 -0.3668056D-03 -0.4021003D-04  0.0000000D+00
 -0.3877605D-01  0.9511817D-03 -0.1660009D-04  0.0000000D+00
 -0.3187820D-01 -0.1416317D-02  0.3627011D-05  0.0000000D+00
 -0.1955687D-01  0.2351675D-02 -0.4493264D-03  0.0000000D+00
  0.6628832D-01 -0.4907611D-02  0.3762569D-02  0.0000000D+00
 -0.5933215D-02  0.7372046D-02 -0.4967864D-02  0.0000000D+00
 -0.1425844D-02  0.2935230D-03  0.1028735D-02  0.0000000D+00
 -0.9209697D-03  0.8259237D-02 -0.1939985D-02  0.0000000D+00
 -0.1273449D-02  0.1341762D-01 -0.1577039D-02  0.0000000D+00
 -0.1474291D-02  0.1652641D-01 -0.1397794D-02  0.0000000D+00
 -0.1195548D-01  0.5891667D-03 -0.5592768D-04  0.0000000D+00
  0.1621607D-01  0.1234043D-03  0.2769139D-03  0.0000000D+00
  0.3764149D-01 -0.2097973D-03 -0.4698432D-03  0.0000000D+00
 -0.9545590D-02  0.1459417D-03  0.6769365D-03  0.0000000D+00
  0.6391512D-01  0.2290469D-03 -0.1029892D-02  0.0000000D+00
 -0.6112873D-02 -0.2255471D-02  0.4193618D-03  0.0000000D+00
 -0.6303064D-02 -0.1108227D-02  0.7473424D-02  0.0000000D+00
  0.8008299D-02 -0.7948423D-02  0.1339038D-02  0.0000000D+00
  0.1823707D-02 -0.1425790D-02 -0.4515606D-03  0.0000000D+00
  0.3155652D-03 -0.3224188D-03 -0.7253653D-03  0.0000000D+00
 -0.6370051D-03  0.3968151D-03 -0.9052551D-03  0.0000000D+00
 -0.7424948D-01 -0.9457711D-03  0.2052106D-03  0.0000000D+00
  0.7837916D-01  0.4640023D-03 -0.2964206D-04  0.0000000D+00
 -0.9009535D-01 -0.5190224D-03 -0.1219991D-03  0.0000000D+00
  0.5136127D-02  0.1026970D-02  0.2061097D-03  0.0000000D+00
 -0.3502165D-01 -0.1545240D-02 -0.2395634D-05  0.0000000D+00
 -0.6807810D-02  0.3333794D-02 -0.2383178D-02  0.0000000D+00
 -0.1104166D-01 -0.7076005D-02  0.1104106D-02  0.0000000D+00
 -0.1880649D-02  0.5644264D-03 -0.1467543D-02  0.0000000D+00
 -0.2565027D-02 -0.1524571D-02  0.1843270D-03  0.0000000D+00
 -0.1727364D-02 -0.2728663D-02 -0.4782700D-04  0.0000000D+00
 -0.1244963D-02 -0.3456775D-02 -0.1649448D-03  0.0000000D+00
 -0.2905398D-01  0.4133962D-03  0.6877294D-04  0.0000000D+00
 -0.3755924D-01  0.5050441D-03 -0.3476146D-03  0.0000000D+00
  0.5794859D-02 -0.8599041D-03  0.6245833D-03  0.0000000D+00
 -0.1281352D-01  0.9357512D-03 -0.8645419D-03  0.0000000D+00
  0.4690861D-01 -0.1900056D-02  0.1530100D-02  0.0000000D+00
 -0.2232079D-01  0.5184403D-02 -0.1812690D-02  0.0000000D+00
 -0.7959152D-02 -0.3515329D-02  0.1456026D-02  0.0000000D+00
  0.2948231D-02 -0.1776139D-02  0.9181947D-03  0.0000000D+00
 -0.8329727D-03 -0.1287472D-03 -0.9150351D-03  0.0000000D+00
 -0.1156902D-02 -0.5563091D-03  0.1660109D-03  0.0000000D+00
 -0.1389483D-02 -0.7879320D-03  0.7783658D-03  0.0000000D+00
  0.1244600D-01 -0.9765044D-03  0.1032165D-03  0.0000000D+00
  0.4131657D-01  0.1674473D-03 -0.1069501D-03  0.0000000D+00
  0.1053240D-01 -0.5846051D-03  0.5879692D-04  0.0000000D+00
 -0.7144627D-02  0.1034182D-02  0.1119554D-04  0.0000000D+00
 -0.6982112D-02 -0.1443297D-02  0.7546050D-04  0.0000000D+00
 -0.1177502D-01  0.2808544D-02  0.7683017D-03  0.0000000D+00
 -0.4459900D-02 -0.3889257D-02  0.2144440D-02  0.0000000D+00
 -0.7503314D-03 -0.4841840D-03  0.8568541D-03  0.0000000D+00
 -0.1274734D-03  0.6721733D-04  0.7051020D-03  0.0000000D+00
  0.1833418D-03  0.6609364D-03  0.6164729D-03  0.0000000D+00
  0.3723396D-03  0.1014997D-02  0.5629777D-03  0.0000000D+00
  0.2984680D-01 -0.2096417D-04  0.1100038D-03  0.0000000D+00
 -0.2837712D-01  0.5832592D-04  0.1438904D-03  0.0000000D+00
 -0.1925611D-01  0.1462198D-03 -0.3085420D-03  0.0000000D+00
 -0.1153185D-01  0.6376239D-04  0.5353895D-03  0.0000000D+00
  0.3200623D-01  0.2654884D-03 -0.9019147D-03  0.0000000D+00
 -0.2353148D-01 -0.7177758D-03  0.8068852D-03  0.0000000D+00
 -0.8459637D-02 -0.2085296D-02 -0.3257126D-02  0.0000000D+00
  0.3150936D-03  0.3354422D-03 -0.1129076D-02  0.0000000D+00
 -0.4150643D-03  0.1508094D-02  0.1729954D-03  0.0000000D+00
  0.2226308D-03  0.1419934D-02  0.3898872D-03  0.0000000D+00
  0.5874560D-03  0.1381411D-02  0.5316528D-03  0.0000000D+00
 -0.2112143D+00 -0.1161113D+00 -0.1044100D-01  0.0000000D+00
  0.4248409D-01  0.5939620D-01  0.1460194D-01  0.0000000D+00
 -0.1510613D+00  0.1479200D-01 -0.4752113D-02  0.0000000D+00
  0.1357227D-01 -0.3728228D-01 -0.1245931D-01  0.0000000D+00
 -0.8949186D-02 -0.2444638D-01  0.9732492D-02  0.0000000D+00
 -0.6311084D-02  0.7147900D-02 -0.4348494D-02  0.0000000D+00
 -0.1533836D-01 -0.1377735D-01 -0.8997100D-02  0.0000000D+00
  0.2256647D-02 -0.1263696D-02 -0.6442986D-02  0.0000000D+00
 -0.4848713D-02  0.7220358D-02 -0.3327179D-02  0.0000000D+00
 -0.4015023D-02  0.1138064D-01 -0.2005683D-02  0.0000000D+00
 -0.3607052D-02  0.1391050D-01 -0.1197778D-02  0.0000000D+00
 -0.2600387D+00 -0.1159195D+00 -0.3968293D-02  0.0000000D+00
  0.5434354D-01  0.8351860D-01  0.3708894D-01  0.0000000D+00
 -0.2038446D+00  0.3198363D-01  0.2495527D-01  0.0000000D+00
  0.3267565D-01  0.6208258D-02 -0.1252908D-01  0.0000000D+00
 -0.1333446D-01 -0.2902306D-02  0.1281832D-01  0.0000000D+00
 -0.1392550D-01  0.7199965D-02 -0.2872280D-02  0.0000000D+00
 -0.2896021D-01 -0.1187490D-01 -0.1409412D-01  0.0000000D+00
  0.3503419D-02  0.4716788D-02 -0.1051574D-01  0.0000000D+00
 -0.4215736D-02  0.1622664D-01 -0.1028283D-01  0.0000000D+00
 -0.2740843D-02  0.1535064D-01 -0.1103776D-01  0.0000000D+00
 -0.1964703D-02  0.1496714D-01 -0.1147715D-01  0.0000000D+00
 -0.1630438D+00 -0.1211695D+00 -0.9204814D-03  0.0000000D+00
  0.1703193D+00  0.2374380D+00  0.2317378D-01  0.0000000D+00
 -0.2200799D+00 -0.1798766D+00 -0.1187449D-01  0.0000000D+00
  0.1133399D+00  0.7571072D-01  0.4756926D-02  0.0000000D+00
 -0.6838739D-01 -0.6083359D-01 -0.1638996D-01  0.0000000D+00
  0.3970638D-01  0.1873274D-01 -0.1090810D-01  0.0000000D+00
 -0.5428189D-03  0.1549168D-02 -0.6145904D-03  0.0000000D+00
  0.1796486D-02 -0.9006264D-03 -0.5831459D-03  0.0000000D+00
 -0.1863679D-02  0.2874643D-03  0.3511817D-02  0.0000000D+00
 -0.2399923D-02  0.2672202D-02  0.3523828D-02  0.0000000D+00
 -0.2754868D-02  0.4080767D-02  0.3576445D-02  0.0000000D+00
 -0.1259234D-01  0.1311457D-02  0.1353963D-04  0.0000000D+00
 -0.3798340D-01  0.1187370D-02  0.5269500D-04  0.0000000D+00
 -0.3828010D-01 -0.5573552D-03  0.1492894D-03  0.0000000D+00
  0.6425354D-02  0.2086208D-03 -0.3829860D-03  0.0000000D+00
 -0.8438846D-02 -0.3950441D-03  0.1202934D-02  0.0000000D+00
 -0.6880560D-02  0.3087554D-03 -0.5975972D-02  0.0000000D+00
 -0.1096825D-01 -0.5943644D-02  0.3379585D-02  0.0000000D+00
  0.5131028D-02 -0.6068928D-03 -0.2329051D-03  0.0000000D+00
  0.1115682D-02  0.8392650D-03  0.2874672D-02  0.0000000D+00
  0.4982756D-03  0.2677746D-02  0.1397026D-02  0.0000000D+00
  0.9148224D-04  0.3769874D-02  0.5666014D-03  0.0000000D+00
  0.1103507D+00  0.8644713D-03  0.1320574D-03  0.0000000D+00
 -0.7522937D-02  0.1760236D-03 -0.2408316D-04  0.0000000D+00
 -0.3877429D-01 -0.1068571D-04 -0.2341022D-03  0.0000000D+00
  0.2309370D-01  0.7056770D-04  0.2598355D-03  0.0000000D+00
 -0.4498971D-01  0.1595527D-03 -0.5355734D-03  0.0000000D+00
  0.2396561D-01 -0.1465155D-03  0.2669635D-02  0.0000000D+00
  0.8322597D-02  0.4479294D-02 -0.1101982D-02  0.0000000D+00
 -0.3424809D-02  0.5963268D-02  0.4241026D-02  0.0000000D+00
 -0.1406028D-02 -0.1541258D-02 -0.8364559D-03  0.0000000D+00
 -0.8979871D-03 -0.5651972D-02 -0.5139691D-02  0.0000000D+00
 -0.5777617D-03 -0.8142563D-02 -0.7715301D-02  0.0000000D+00
  0.6922777D-01  0.3089729D-03 -0.7311647D-04  0.0000000D+00
 -0.7760860D-01  0.5708564D-03  0.2185992D-03  0.0000000D+00
  0.1583338D-01 -0.2245068D-03 -0.4059964D-03  0.0000000D+00
  0.2220274D-01  0.1373987D-03  0.6434714D-03  0.0000000D+00
  0.1753145D-01  0.3384058D-04 -0.1894573D-02  0.0000000D+00
  0.3686166D-02  0.4648530D-03  0.5899893D-02  0.0000000D+00
  0.1249502D-02  0.4311924D-02 -0.3132401D-02  0.0000000D+00
  0.4986010D-02  0.9643076D-03 -0.1371227D-03  0.0000000D+00
  0.2490825D-02 -0.4656620D-03  0.1482536D-02  0.0000000D+00
  0.4786152D-03 -0.3893432D-03  0.6521970D-03  0.0000000D+00
 -0.7272034D-03 -0.3601216D-03  0.1844029D-03  0.0000000D+00
  0.6248753D-01  0.1564229D-02  0.9238787D-04  0.0000000D+00
 -0.5668007D-01  0.3363791D-03  0.5501741D-04  0.0000000D+00
  0.2212355D-01  0.4893697D-04 -0.1400066D-03  0.0000000D+00
 -0.2093046D-01 -0.1330632D-03  0.2975429D-03  0.0000000D+00
 -0.1482257D-01  0.8761880D-03 -0.6840186D-03  0.0000000D+00
  0.4480059D-02 -0.1239148D-02 -0.7216255D-03  0.0000000D+00
  0.1713701D-02  0.3231707D-02 -0.1089892D-04  0.0000000D+00
 -0.2430057D-02  0.5881740D-02  0.5019990D-02  0.0000000D+00
 -0.2244001D-03  0.2747661D-02  0.3756740D-02  0.0000000D+00
  0.4286779D-03  0.1779855D-02  0.2822857D-02  0.0000000D+00
  0.8355770D-03  0.1177499D-02  0.2262152D-02  0.0000000D+00
  0.5701637D-02 -0.6422644D-03  0.2089845D-04  0.0000000D+00
 -0.7728557D-02  0.2167203D-03 -0.1758845D-03  0.0000000D+00
  0.3684086D-01  0.5977320D-04  0.1265777D-03  0.0000000D+00
 -0.4338857D-02 -0.2148585D-03 -0.3221366D-03  0.0000000D+00
  0.3985798D-01  0.4611372D-03  0.7885368D-03  0.0000000D+00
 -0.8497463D-02 -0.1333451D-02 -0.2866060D-02  0.0000000D+00
  0.7764867D-02  0.2289716D-02  0.1207953D-02  0.0000000D+00
 -0.1066791D-02 -0.7871677D-03  0.2275605D-02  0.0000000D+00
 -0.5048124D-03 -0.1749658D-02 -0.5063184D-04  0.0000000D+00
 -0.8987837D-03 -0.9352139D-03 -0.1212451D-02  0.0000000D+00
 -0.1122811D-02 -0.4692550D-03 -0.1918701D-02  0.0000000D+00
  0.4233814D-02  0.3908497D-03  0.1943967D-03  0.0000000D+00
 -0.6778360D-01 -0.4553786D-03 -0.2776985D-03  0.0000000D+00
  0.9160236D-01  0.4997367D-03  0.8037582D-04  0.0000000D+00
 -0.3665191D-01 -0.3931372D-03 -0.8635165D-04  0.0000000D+00
  0.1562905D-01  0.7269509D-03  0.1069696D-03  0.0000000D+00
 -0.6906706D-02 -0.1248064D-02  0.1551461D-02  0.0000000D+00
 -0.3015236D-02  0.1982177D-02 -0.5695233D-02  0.0000000D+00
  0.1015561D-02 -0.1457327D-03 -0.3389067D-02  0.0000000D+00
  0.1762710D-03 -0.3976869D-03 -0.1132500D-02  0.0000000D+00
  0.1209862D-03 -0.3492270D-03 -0.5173552D-04  0.0000000D+00
  0.7895839D-04 -0.3241569D-03  0.6061277D-03  0.0000000D+00
 -0.1136047D+00 -0.1435446D+00 -0.2933956D-01  0.0000000D+00
 -0.2213916D+00  0.8298996D-01 -0.3919915D-01  0.0000000D+00
  0.1980156D+00  0.3556008D-01 -0.2581277D-02  0.0000000D+00
 -0.5683360D-01 -0.4720572D-02  0.5182182D-02  0.0000000D+00
  0.6668564D-01  0.5635619D-02 -0.7430679D-02  0.0000000D+00
 -0.1081946D-01 -0.3087212D-02  0.1421450D-01  0.0000000D+00
  0.7364117D-02  0.1585734D-01  0.1845037D-01  0.0000000D+00
 -0.8090668D-02  0.5252243D-02  0.1835994D-01  0.0000000D+00
 -0.1171734D-02  0.2021004D-02  0.8521775D-02  0.0000000D+00
  0.6552414D-03 -0.1093289D-02  0.5450350D-02  0.0000000D+00
  0.1802594D-02 -0.2951626D-02  0.3542678D-02  0.0000000D+00
 -0.5397401D-01 -0.1052893D+00 -0.3658112D-01  0.0000000D+00
 -0.3967193D+00  0.3332096D-01 -0.4567518D-01  0.0000000D+00
  0.1924468D+00 -0.2431858D-01 -0.5657751D-02  0.0000000D+00
 -0.4006902D-01  0.3020116D-01 -0.2283316D-02  0.0000000D+00
  0.9676298D-01 -0.8335295D-02 -0.1708244D-01  0.0000000D+00
 -0.7918206D-02  0.7746529D-02  0.5275421D-02  0.0000000D+00
  0.9284975D-02  0.1468934D-01  0.1763293D-01  0.0000000D+00
 -0.5719325D-02  0.7761197D-02  0.1217002D-01  0.0000000D+00
  0.9700090D-03  0.2801818D-02  0.6546144D-02  0.0000000D+00
  0.1802344D-02 -0.8112314D-03  0.5089495D-02  0.0000000D+00
  0.2364879D-02 -0.2980988D-02  0.4173873D-02  0.0000000D+00
  0.1064733D+00  0.1199759D+00  0.2196968D-02  0.0000000D+00
 -0.1360934D+00 -0.9544101D-01 -0.1610883D-01  0.0000000D+00
  0.2150942D+00  0.1569613D+00  0.2474418D-01  0.0000000D+00
 -0.1009326D+00 -0.8467978D-01 -0.1424670D-01  0.0000000D+00
  0.4145208D-01  0.2867251D-01  0.1396434D-01  0.0000000D+00
 -0.9026329D-02 -0.1257161D-01  0.4736338D-02  0.0000000D+00
  0.7580838D-02  0.1554981D-01  0.1137569D-01  0.0000000D+00
 -0.1991361D-02  0.2213214D-02  0.5367058D-02  0.0000000D+00
  0.2471266D-02  0.1907611D-02  0.1271681D-02  0.0000000D+00
  0.3057614D-02  0.1259753D-02  0.2545396D-02  0.0000000D+00
  0.3451154D-02  0.8771379D-03  0.3244998D-02  0.0000000D+00
 -0.1166085D-01  0.3300346D-03  0.2844232D-03  0.0000000D+00
 -0.9802835D-01  0.2118525D-03  0.1401685D-03  0.0000000D+00
  0.5428983D-01 -0.6546637D-03 -0.4358865D-03  0.0000000D+00
 -0.2308454D-01  0.1819471D-02  0.6573357D-03  0.0000000D+00
  0.4509608D-01 -0.2401014D-02 -0.1218704D-02  0.0000000D+00
 -0.4315424D-02  0.3601128D-02  0.4757661D-03  0.0000000D+00
  0.1492357D-03 -0.4523721D-02 -0.2921204D-02  0.0000000D+00
 -0.9773640D-03  0.2728333D-02 -0.4730801D-02  0.0000000D+00
  0.9508865D-03  0.5419726D-02 -0.2546851D-02  0.0000000D+00
  0.9001927D-03  0.4184049D-02 -0.1234105D-02  0.0000000D+00
  0.8921371D-03  0.3491080D-02 -0.4407966D-03  0.0000000D+00
  0.8903191D-01 -0.6503100D-03  0.4961233D-04  0.0000000D+00
 -0.9795551D-01 -0.2501050D-03 -0.7682892D-04  0.0000000D+00
  0.8633453D-01  0.1260679D-03  0.8494493D-04  0.0000000D+00
 -0.3787048D-01 -0.5199466D-03 -0.9382086D-04  0.0000000D+00
  0.2098066D-01  0.1019053D-02  0.1242142D-03  0.0000000D+00
  0.8520021D-02 -0.9453556D-03  0.8750352D-03  0.0000000D+00
  0.3155801D-02  0.3083938D-02 -0.3137713D-02  0.0000000D+00
  0.2381358D-02  0.4098333D-02 -0.3995402D-02  0.0000000D+00
  0.9711970D-03 -0.4777009D-03 -0.2210918D-02  0.0000000D+00
  0.1276746D-03 -0.1573132D-03  0.4059674D-03  0.0000000D+00
 -0.3817913D-03 -0.2171405D-04  0.1957105D-02  0.0000000D+00
  0.1716639D-01 -0.1943623D-04  0.2532833D-03  0.0000000D+00
  0.5741164D-01  0.1390979D-03  0.3584361D-04  0.0000000D+00
  0.2536978D-01 -0.5774413D-03 -0.3430702D-03  0.0000000D+00
 -0.3143432D-01  0.3436181D-03  0.5253316D-03  0.0000000D+00
  0.2821934D-01 -0.2205449D-03 -0.9705683D-03  0.0000000D+00
 -0.9511122D-02  0.2155853D-02  0.2743568D-02  0.0000000D+00
 -0.3635799D-02 -0.4313303D-02 -0.4366491D-02  0.0000000D+00
 -0.2846819D-02  0.2938205D-02 -0.1013300D-02  0.0000000D+00
 -0.1296598D-02  0.2991529D-02 -0.8749760D-03  0.0000000D+00
 -0.6633169D-03  0.2374607D-02 -0.2387909D-03  0.0000000D+00
 -0.2753743D-03  0.2014500D-02  0.1352693D-03  0.0000000D+00
 -0.3833023D-01 -0.3342165D-03  0.8601729D-05  0.0000000D+00
 -0.9373246D-02 -0.2147220D-03  0.2871469D-03  0.0000000D+00
  0.3304057D-01 -0.6064166D-04 -0.4540678D-03  0.0000000D+00
 -0.2197380D-01 -0.2721704D-03  0.8065508D-03  0.0000000D+00
  0.2814745D-01  0.5256060D-03 -0.1594657D-02  0.0000000D+00
  0.3576509D-02 -0.1123759D-02  0.3514503D-02  0.0000000D+00
  0.1718479D-02 -0.2900316D-02 -0.6894014D-02  0.0000000D+00
  0.1443393D-02  0.7684403D-03 -0.2355941D-02  0.0000000D+00
  0.6091314D-03  0.1028138D-02 -0.7680061D-03  0.0000000D+00
 -0.2350200D-04  0.1946008D-02 -0.1575434D-02  0.0000000D+00
 -0.4029827D-03  0.2485834D-02 -0.2030324D-02  0.0000000D+00
  0.2252029D-01 -0.8539142D-03  0.3124924D-03  0.0000000D+00
  0.9144338D-01  0.2538845D-03 -0.3094608D-04  0.0000000D+00
 -0.5953057D-01 -0.3554880D-03 -0.5994597D-04  0.0000000D+00
  0.3208924D-01 -0.1842305D-03 -0.2150256D-04  0.0000000D+00
  0.2755009D-02  0.8765881D-03  0.2501863D-04  0.0000000D+00
  0.9618671D-02 -0.3016369D-02  0.3288703D-03  0.0000000D+00
 -0.4181601D-02  0.1946896D-03 -0.4621908D-02  0.0000000D+00
  0.4170694D-05  0.3170053D-02 -0.3240624D-03  0.0000000D+00
 -0.7794308D-03  0.5213467D-03  0.1529630D-03  0.0000000D+00
 -0.2213731D-03 -0.7536404D-03  0.6856966D-03  0.0000000D+00
  0.9613714D-04 -0.1529409D-02  0.1003045D-02  0.0000000D+00
 -0.1800390D-01  0.8163548D-03  0.2491914D-03  0.0000000D+00
  0.4275423D-01 -0.8194036D-03 -0.2180410D-03  0.0000000D+00
 -0.3435726D-01 -0.2824000D-03  0.1335229D-03  0.0000000D+00
 -0.3748846D-02  0.3766602D-03 -0.9977970D-04  0.0000000D+00
  0.2922448D-01 -0.7097450D-03  0.2902923D-03  0.0000000D+00
 -0.7719740D-03  0.1634756D-02 -0.2114971D-02  0.0000000D+00
  0.9956652D-03 -0.1322414D-02  0.7100221D-03  0.0000000D+00
 -0.7202095D-03 -0.2944601D-02  0.1120985D-02  0.0000000D+00
 -0.3493202D-03 -0.1855112D-02  0.1119937D-03  0.0000000D+00
 -0.5800874D-04 -0.2430381D-03 -0.6864671D-03  0.0000000D+00
  0.1166950D-03  0.7128407D-03 -0.1165446D-02  0.0000000D+00
 -0.4503677D-01  0.5667455D-01  0.6961833D-02  0.0000000D+00
  0.6031584D-01  0.1364893D-01 -0.8287851D-03  0.0000000D+00
 -0.1090148D+00  0.1469693D-01  0.1061577D-02  0.0000000D+00
  0.2742329D-01  0.2834875D-02  0.7469584D-03  0.0000000D+00
 -0.4033728D-01  0.7764404D-02 -0.6195723D-02  0.0000000D+00
  0.2115058D-01 -0.3892758D-02  0.3017134D-02  0.0000000D+00
 -0.1056704D-01  0.3507703D-02  0.2359628D-02  0.0000000D+00
  0.1698128D-02  0.2706733D-02 -0.2568844D-02  0.0000000D+00
  0.3870575D-03  0.3482324D-02 -0.5231790D-03  0.0000000D+00
  0.9566761D-03  0.2559658D-02  0.5049239D-04  0.0000000D+00
  0.1274809D-02  0.2028421D-02  0.4091859D-03  0.0000000D+00
 -0.2922891D-01  0.1084998D+00  0.7697156D-02  0.0000000D+00
  0.2352281D-01 -0.1692265D-01 -0.9730931D-02  0.0000000D+00
 -0.1403044D+00  0.2334630D-01 -0.3559487D-02  0.0000000D+00
  0.1923927D-01 -0.1385211D-01  0.4736305D-02  0.0000000D+00
 -0.6872494D-01  0.7619000D-02 -0.9362906D-02  0.0000000D+00
  0.3262022D-01 -0.4809516D-02  0.6621871D-02  0.0000000D+00
 -0.1204374D-01  0.3967243D-02  0.6697972D-02  0.0000000D+00
  0.4548383D-02  0.3493978D-02 -0.1268646D-02  0.0000000D+00
 -0.1742502D-03  0.2443963D-02  0.8984000D-03  0.0000000D+00
  0.5202450D-04  0.7195940D-03  0.1930296D-02  0.0000000D+00
  0.1305660D-03 -0.3012498D-03  0.2559069D-02  0.0000000D+00
  0.4081379D-01 -0.4657356D-01  0.2681747D-02  0.0000000D+00
 -0.5675340D-02  0.2946998D-01  0.2494477D-03  0.0000000D+00
 -0.6054113D-01 -0.8026844D-02 -0.5530898D-02  0.0000000D+00
  0.4528007D-02  0.1684158D-01  0.7270267D-02  0.0000000D+00
  0.1577277D-02 -0.4521086D-02  0.1442870D-02  0.0000000D+00
  0.3459700D-02  0.7322574D-02 -0.2534420D-02  0.0000000D+00
 -0.7037875D-02 -0.4084047D-02  0.3068967D-03  0.0000000D+00
 -0.3363755D-04  0.2733730D-02  0.6110847D-03  0.0000000D+00
 -0.7656593D-03 -0.3037715D-03 -0.2030309D-03  0.0000000D+00
  0.1403229D-03 -0.3156637D-04 -0.6257565D-03  0.0000000D+00
  0.6618589D-03  0.9304803D-04 -0.8825810D-03  0.0000000D+00
  0.1051591D+00  0.1139483D-02 -0.3147898D-03  0.0000000D+00
 -0.1267639D+00 -0.7311069D-03  0.1263408D-03  0.0000000D+00
  0.3162271D-01  0.6996284D-04  0.3112215D-04  0.0000000D+00
 -0.2008914D-01  0.4735821D-03  0.2221305D-03  0.0000000D+00
 -0.2832985D-01 -0.6972551D-03 -0.7236532D-03  0.0000000D+00
  0.3923229D-02  0.9759608D-03  0.2663566D-02  0.0000000D+00
 -0.2707248D-02  0.4114727D-04  0.2179834D-03  0.0000000D+00
  0.3010018D-02  0.4204281D-02 -0.1094613D-03  0.0000000D+00
  0.1483904D-02  0.2206385D-02 -0.3266456D-03  0.0000000D+00
  0.5165423D-03 -0.9706957D-03 -0.7791092D-03  0.0000000D+00
 -0.6686271D-04 -0.2852148D-02 -0.1046332D-02  0.0000000D+00
 -0.4011723D-01  0.5685129D-03 -0.1276450D-03  0.0000000D+00
  0.1664717D-01 -0.8225474D-03  0.3454219D-03  0.0000000D+00
 -0.7936473D-01  0.2918932D-03 -0.2948818D-03  0.0000000D+00
  0.1036666D-01  0.1340178D-03  0.3515675D-03  0.0000000D+00
  0.5791593D-02  0.7075377D-04 -0.5739284D-03  0.0000000D+00
  0.6667582D-02  0.1754935D-02 -0.3484826D-04  0.0000000D+00
 -0.6652525D-02 -0.2994686D-02 -0.1182706D-02  0.0000000D+00
  0.1306191D-02  0.3980526D-02  0.8038935D-03  0.0000000D+00
  0.1172970D-02  0.4054364D-03  0.5190550D-03  0.0000000D+00
  0.8649107D-03 -0.9541733D-03  0.3698218D-03  0.0000000D+00
  0.6828772D-03 -0.1790322D-02  0.2794390D-03  0.0000000D+00
 -0.4708481D-02  0.6037957D-03 -0.2775411D-03  0.0000000D+00
 -0.1175262D+00 -0.1039729D-02  0.6002745D-04  0.0000000D+00
  0.8887228D-01  0.4321137D-04  0.3403242D-03  0.0000000D+00
 -0.2333328D-01  0.6685526D-04 -0.6156276D-03  0.0000000D+00
 -0.1349057D-01 -0.2034430D-04  0.7827811D-03  0.0000000D+00
 -0.1028976D-01  0.6045393D-03 -0.1516623D-02  0.0000000D+00
 -0.8477484D-03 -0.2067356D-02 -0.4771370D-04  0.0000000D+00
 -0.8095944D-04 -0.2065849D-02 -0.6896955D-03  0.0000000D+00
  0.3373915D-03 -0.3642107D-03  0.1410026D-03  0.0000000D+00
  0.4357803D-03 -0.2390192D-03  0.3542332D-03  0.0000000D+00
  0.4981191D-03 -0.1467117D-03  0.4882262D-03  0.0000000D+00
  0.8196662D-02  0.1807814D-02 -0.1727248D-03  0.0000000D+00
  0.1540523D-01 -0.3931915D-03 -0.1513066D-03  0.0000000D+00
 -0.2789977D-01  0.3125084D-03  0.1222103D-03  0.0000000D+00
  0.6761754D-02 -0.9669176D-05 -0.2992622D-03  0.0000000D+00
  0.8305078D-02 -0.1134524D-04  0.1330877D-03  0.0000000D+00
  0.1766554D-02 -0.7613935D-03  0.1160170D-02  0.0000000D+00
  0.3946552D-03 -0.6791697D-03 -0.2053433D-02  0.0000000D+00
  0.1579894D-02  0.4994835D-03 -0.8039191D-03  0.0000000D+00
  0.1526012D-02  0.3683599D-03 -0.4589392D-03  0.0000000D+00
  0.5840093D-03  0.6763718D-03 -0.6972750D-04  0.0000000D+00
  0.3215686D-04  0.8546917D-03  0.1619132D-03  0.0000000D+00
 -0.4719389D-01 -0.4845877D-03 -0.2723443D-03  0.0000000D+00
 -0.4520730D-01 -0.4834408D-03  0.9783108D-04  0.0000000D+00
  0.5641688D-01  0.1149980D-03  0.7110815D-04  0.0000000D+00
 -0.1273516D-01  0.4050718D-03 -0.8221393D-04  0.0000000D+00
 -0.1896392D-02 -0.2681526D-03 -0.2419095D-03  0.0000000D+00
 -0.8895243D-02  0.2649267D-03  0.4999702D-03  0.0000000D+00
 -0.7578943D-03 -0.1023141D-02 -0.8267421D-03  0.0000000D+00
 -0.1241764D-02  0.1952373D-03  0.5158532D-03  0.0000000D+00
 -0.9386539D-03  0.3850440D-03  0.3395188D-03  0.0000000D+00
 -0.3461210D-03  0.3352857D-03  0.5280115D-03  0.0000000D+00
  0.4116713D-05  0.3084780D-03  0.6364596D-03  0.0000000D+00
  0.1215696D-01  0.1229718D-03 -0.4112749D-03  0.0000000D+00
 -0.1578607D-01 -0.3937523D-04  0.3816898D-03  0.0000000D+00
  0.3465123D-01 -0.8566490D-03 -0.3545751D-03  0.0000000D+00
 -0.1156785D-01  0.7430997D-03  0.5803721D-03  0.0000000D+00
 -0.1512118D-02 -0.7456386D-03 -0.6127846D-03  0.0000000D+00
 -0.4311281D-02  0.9053723D-03 -0.5452600D-03  0.0000000D+00
  0.4238126D-02 -0.1012847D-02 -0.1906266D-02  0.0000000D+00
 -0.9321845D-03  0.1032181D-04 -0.7626097D-03  0.0000000D+00
  0.6127701D-03 -0.4967677D-03  0.2045649D-03  0.0000000D+00
  0.4034655D-03 -0.1795765D-03  0.5188128D-03  0.0000000D+00
  0.2985458D-03  0.4015211D-06  0.7137563D-03  0.0000000D+00
  0.1926114D-01  0.3978437D-01 -0.3796602D-02  0.0000000D+00
 -0.2688196D-01 -0.1287513D-01  0.1405044D-01  0.0000000D+00
  0.9917736D-01  0.3931654D-01 -0.2431871D-02  0.0000000D+00
 -0.2533268D-01  0.1729308D-02  0.1725421D-02  0.0000000D+00
  0.3221989D-01  0.5370112D-02 -0.2183243D-03  0.0000000D+00
 -0.2009606D-02  0.4570803D-02 -0.1278391D-02  0.0000000D+00
 -0.4616731D-02  0.6235596D-02  0.6837977D-02  0.0000000D+00
 -0.2350440D-02  0.3168827D-02 -0.8639196D-03  0.0000000D+00
 -0.1639951D-02  0.2440599D-02  0.1967805D-03  0.0000000D+00
 -0.3857822D-03  0.2129056D-02 -0.4431400D-05  0.0000000D+00
  0.3559604D-03  0.1938351D-02 -0.1102934D-03  0.0000000D+00
  0.2428458D-01  0.1234836D-01 -0.6049623D-02  0.0000000D+00
 -0.2698335D-01 -0.1639098D-02  0.1074408D-01  0.0000000D+00
  0.5983427D-01  0.2740762D-01  0.9543193D-02  0.0000000D+00
 -0.1272183D-01 -0.6588413D-02 -0.3876657D-02  0.0000000D+00
  0.2398759D-01  0.4167005D-02 -0.4703432D-03  0.0000000D+00
  0.9381017D-02  0.3293824D-02  0.3879573D-02  0.0000000D+00
 -0.1552741D-01  0.6057808D-02  0.7698030D-02  0.0000000D+00
 -0.9981698D-03  0.4860162D-02 -0.2520868D-02  0.0000000D+00
 -0.3368028D-02 -0.2640754D-03 -0.1561030D-02  0.0000000D+00
 -0.1506658D-02 -0.3266792D-03 -0.1597057D-03  0.0000000D+00
 -0.4445647D-03 -0.4210291D-03  0.6709338D-03  0.0000000D+00
 -0.1908537D-01 -0.3010504D-01  0.3076299D-02  0.0000000D+00
 -0.5499635D-01  0.7976029D-02 -0.1318202D-01  0.0000000D+00
  0.5661914D-01  0.1803601D-01  0.9672963D-02  0.0000000D+00
 -0.3794328D-01 -0.8045756D-04 -0.1026281D-01  0.0000000D+00
  0.1900556D-01  0.4658002D-02  0.4280568D-02  0.0000000D+00
 -0.3491627D-02  0.3973706D-02  0.2002618D-02  0.0000000D+00
  0.3874584D-03  0.4847696D-02  0.3886875D-02  0.0000000D+00
 -0.5549530D-02  0.3359713D-02  0.1624005D-02  0.0000000D+00
 -0.9017024D-03  0.4487342D-02  0.7159814D-03  0.0000000D+00
  0.1192786D-03  0.3884977D-02 -0.6245208D-03  0.0000000D+00
  0.7691681D-03  0.3544955D-02 -0.1419015D-02  0.0000000D+00
  0.1989929D-01  0.2709000D-03  0.1905211D-04  0.0000000D+00
 -0.4329492D-02  0.2877725D-03  0.3616385D-04  0.0000000D+00
  0.9246826D-02  0.7494909D-04  0.1776651D-03  0.0000000D+00
  0.7333745D-02  0.5095145D-04 -0.1476969D-03  0.0000000D+00
 -0.1017906D-01  0.1886426D-04  0.1379492D-03  0.0000000D+00
  0.1896737D-01  0.7618765D-03  0.9707347D-03  0.0000000D+00
 -0.1266437D-01  0.1888271D-02 -0.1022759D-02  0.0000000D+00
  0.3236094D-02  0.1244597D-02 -0.1216677D-02  0.0000000D+00
 -0.1224040D-02  0.1850370D-02  0.1108971D-03  0.0000000D+00
 -0.7436334D-03  0.1499922D-02 -0.4317017D-03  0.0000000D+00
 -0.5132602D-03  0.1301366D-02 -0.7343189D-03  0.0000000D+00
  0.2668939D-01  0.6810054D-03  0.9351294D-04  0.0000000D+00
 -0.8036508D-01 -0.1799721D-04 -0.9897219D-04  0.0000000D+00
  0.4610899D-01  0.4900613D-03  0.1330362D-04  0.0000000D+00
 -0.1049932D-01 -0.5654060D-03  0.5726838D-04  0.0000000D+00
  0.2511314D-01  0.3997968D-03  0.9744867D-05  0.0000000D+00
 -0.2272406D-03 -0.3861812D-03 -0.9935803D-03  0.0000000D+00
  0.4750912D-02  0.3821245D-02  0.3089633D-02  0.0000000D+00
 -0.1654640D-02 -0.8529661D-03  0.2917703D-04  0.0000000D+00
  0.6292838D-03  0.1090594D-02  0.1683048D-03  0.0000000D+00
  0.6091592D-03  0.1622979D-02  0.4719975D-03  0.0000000D+00
  0.6232276D-03  0.1956440D-02  0.6513897D-03  0.0000000D+00
 -0.1907783D-01 -0.1047847D-03  0.1956366D-04  0.0000000D+00
  0.3069574D-01  0.3506037D-03  0.3584080D-04  0.0000000D+00
  0.1560137D-01 -0.4404842D-03 -0.2572000D-05  0.0000000D+00
 -0.1136721D-01  0.2218771D-03 -0.2063574D-04  0.0000000D+00
 -0.1205270D-01 -0.7443919D-04 -0.1237822D-03  0.0000000D+00
  0.1337380D-01 -0.5880078D-03 -0.9908507D-04  0.0000000D+00
 -0.8794979D-02 -0.2902503D-02 -0.1282747D-02  0.0000000D+00
  0.4814237D-03  0.7665482D-03 -0.9675269D-03  0.0000000D+00
 -0.5796379D-03  0.1247095D-02  0.4577483D-04  0.0000000D+00
 -0.1327337D-03  0.1314901D-02  0.2340100D-03  0.0000000D+00
  0.1165876D-03  0.1360245D-02  0.3555912D-03  0.0000000D+00
 -0.6241421D-02  0.3895730D-03  0.2146561D-03  0.0000000D+00
 -0.3733584D-01 -0.5894700D-04 -0.5161927D-04  0.0000000D+00
  0.2812584D-01  0.3590369D-03 -0.4047483D-04  0.0000000D+00
  0.5049578D-02 -0.4021750D-03  0.1264080D-04  0.0000000D+00
  0.1985124D-01  0.3512161D-03  0.1516670D-03  0.0000000D+00
  0.1379457D-02 -0.1192810D-02 -0.5695885D-03  0.0000000D+00
  0.4050851D-02 -0.9123744D-03 -0.2135586D-02  0.0000000D+00
  0.1333987D-02 -0.2033042D-02  0.1459852D-02  0.0000000D+00
  0.1298311D-02  0.9818739D-03  0.6395884D-03  0.0000000D+00
  0.5161894D-03  0.1283753D-02  0.1436794D-03  0.0000000D+00
  0.5824198D-04  0.1494203D-02 -0.1556041D-03  0.0000000D+00
 -0.5116793D-01  0.4837253D-03 -0.1272799D-03  0.0000000D+00
  0.4066785D-01  0.6592368D-03  0.2334201D-03  0.0000000D+00
 -0.3280623D-01 -0.3286334D-03 -0.1694518D-03  0.0000000D+00
  0.1797322D-01  0.3258313D-03 -0.4991506D-04  0.0000000D+00
 -0.1260263D-01 -0.5858332D-03  0.7740905D-04  0.0000000D+00
  0.1223323D-01  0.1297115D-02 -0.4956741D-03  0.0000000D+00
 -0.5426696D-02 -0.2620449D-03  0.4118794D-03  0.0000000D+00
  0.5473683D-03  0.7631849D-03 -0.2042156D-02  0.0000000D+00
 -0.4693543D-03  0.1339106D-03 -0.6967834D-03  0.0000000D+00
 -0.1953145D-03 -0.6111601D-03  0.3104141D-04  0.0000000D+00
 -0.4656455D-04 -0.1053734D-02  0.4720537D-03  0.0000000D+00
  0.2276444D-02 -0.4697611D-03  0.2446984D-03  0.0000000D+00
 -0.1696089D-01 -0.9748685D-04 -0.1285183D-03  0.0000000D+00
  0.3134118D-01  0.1023778D-03 -0.2204275D-03  0.0000000D+00
  0.3233383D-02 -0.2570862D-04  0.5498143D-03  0.0000000D+00
  0.1194027D-01 -0.4863956D-03 -0.1010808D-02  0.0000000D+00
  0.8381679D-03  0.1778443D-02  0.2462719D-02  0.0000000D+00
 -0.1761978D-03 -0.2796971D-02 -0.1982808D-02  0.0000000D+00
  0.7543505D-03 -0.6283477D-03 -0.2477799D-03  0.0000000D+00
  0.6665064D-03 -0.2634334D-03  0.3746789D-04  0.0000000D+00
  0.5946398D-04  0.3819211D-03  0.4901026D-03  0.0000000D+00
 -0.2966715D-03  0.7637794D-03  0.7584329D-03  0.0000000D+00
 -0.6022113D-01 -0.8313791D-01  0.4478297D-03  0.0000000D+00
 -0.2945413D-02  0.6813303D-01  0.6338270D-02  0.0000000D+00
 -0.3713263D-01 -0.7254484D-02  0.1271633D-02  0.0000000D+00
  0.1132915D-01  0.4865999D-02  0.1622805D-02  0.0000000D+00
 -0.1005119D-01 -0.3981798D-02 -0.2569573D-02  0.0000000D+00
 -0.5230802D-03 -0.7412464D-03 -0.1087023D-02  0.0000000D+00
  0.9367717D-03 -0.3608878D-03 -0.1632564D-02  0.0000000D+00
 -0.9916095D-03 -0.2309337D-02 -0.6962139D-02  0.0000000D+00
 -0.5401148D-04 -0.2261345D-02 -0.3731454D-02  0.0000000D+00
 -0.2329692D-03 -0.1956506D-02 -0.2473170D-02  0.0000000D+00
 -0.3271602D-03 -0.1777752D-02 -0.1700513D-02  0.0000000D+00
 -0.8672715D-01 -0.8384062D-01 -0.3680754D-02  0.0000000D+00
 -0.1218407D-01  0.4703614D-01  0.1031330D-01  0.0000000D+00
 -0.6319713D-01  0.3520574D-02 -0.9166052D-02  0.0000000D+00
  0.1854509D-01  0.6339498D-02  0.6916839D-02  0.0000000D+00
 -0.9211235D-02 -0.1579551D-01 -0.3264277D-03  0.0000000D+00
 -0.1428692D-02  0.1118207D-02 -0.1970799D-02  0.0000000D+00
  0.1472475D-03 -0.1666802D-02  0.1121672D-02  0.0000000D+00
 -0.2453241D-02  0.7634220D-03 -0.5614062D-02  0.0000000D+00
 -0.8510673D-03 -0.4339850D-03 -0.8649728D-03  0.0000000D+00
 -0.1539658D-03 -0.1235589D-02  0.6408159D-03  0.0000000D+00
  0.2721108D-03 -0.1718204D-02  0.1575199D-02  0.0000000D+00
  0.4837829D-01  0.5960969D-02  0.3964298D-02  0.0000000D+00
  0.1658485D-01  0.3402071D-03  0.4382958D-02  0.0000000D+00
 -0.8688876D-02  0.2441481D-01 -0.3071409D-02  0.0000000D+00
 -0.3006381D-02 -0.1597298D-01  0.3137457D-03  0.0000000D+00
 -0.5371968D-02  0.1323756D-01 -0.3609081D-02  0.0000000D+00
 -0.6055321D-03 -0.5581533D-02  0.2416918D-02  0.0000000D+00
  0.9049589D-03  0.3341848D-02 -0.4667584D-02  0.0000000D+00
 -0.7692497D-04 -0.2417948D-02 -0.3197763D-02  0.0000000D+00
  0.2302157D-03 -0.1895287D-02 -0.2491213D-02  0.0000000D+00
 -0.2765087D-04 -0.8377115D-03 -0.2173958D-02  0.0000000D+00
 -0.1751134D-03 -0.2128658D-03 -0.1980171D-02  0.0000000D+00
  0.2996450D-03  0.1036123D-02 -0.2477292D-04  0.0000000D+00
 -0.6338472D-01  0.6241434D-03 -0.1053613D-03  0.0000000D+00
  0.3128241D-01  0.4315486D-04 -0.7593948D-04  0.0000000D+00
 -0.2928079D-01 -0.3641174D-03  0.1147523D-03  0.0000000D+00
  0.1182389D-01  0.2283650D-03 -0.1238368D-03  0.0000000D+00
 -0.3541537D-02  0.4000846D-03 -0.5013004D-03  0.0000000D+00
  0.2644860D-02 -0.3175337D-03  0.6984261D-03  0.0000000D+00
 -0.1899932D-02 -0.3310280D-04 -0.2098371D-03  0.0000000D+00
 -0.4825482D-03 -0.9970442D-03 -0.7380498D-03  0.0000000D+00
 -0.7699379D-04 -0.2142796D-02 -0.4743030D-03  0.0000000D+00
  0.1764409D-03 -0.2823820D-02 -0.3257752D-03  0.0000000D+00
  0.2481311D-01 -0.2418097D-03  0.2606298D-04  0.0000000D+00
  0.2307659D-01 -0.1507774D-03  0.1464900D-04  0.0000000D+00
 -0.2290911D-01  0.1673948D-03  0.1595699D-03  0.0000000D+00
  0.9051494D-02 -0.9787686D-04 -0.1417565D-03  0.0000000D+00
 -0.4464339D-02  0.7762379D-04  0.3258149D-03  0.0000000D+00
 -0.1301327D-02 -0.1221927D-02  0.4191311D-03  0.0000000D+00
  0.1045775D-02  0.2157316D-02  0.2730685D-03  0.0000000D+00
  0.5177060D-03  0.5984435D-04  0.2580934D-02  0.0000000D+00
  0.1030357D-03  0.1179681D-02  0.1778337D-02  0.0000000D+00
 -0.1021784D-03  0.1070416D-02  0.8764111D-03  0.0000000D+00
 -0.2269224D-03  0.1018785D-02  0.3396259D-03  0.0000000D+00
  0.2802556D-01 -0.1429211D-03 -0.2766166D-04  0.0000000D+00
 -0.5589112D-01  0.9658504D-04  0.2320381D-04  0.0000000D+00
  0.8035631D-01 -0.4822135D-04 -0.1823723D-05  0.0000000D+00
 -0.4668460D-01  0.8214599D-04 -0.1702817D-03  0.0000000D+00
  0.2030884D-01 -0.1775011D-03  0.4986910D-03  0.0000000D+00
 -0.4388569D-02  0.3823155D-04 -0.1072540D-02  0.0000000D+00
  0.3808921D-02 -0.4413735D-03 -0.4483910D-03  0.0000000D+00
 -0.1733339D-02 -0.1157712D-03  0.4141584D-03  0.0000000D+00
 -0.1198718D-03 -0.2781055D-03  0.6847123D-03  0.0000000D+00
 -0.4244753D-04 -0.7591958D-03  0.6415978D-03  0.0000000D+00
  0.2119064D-04 -0.1042632D-02  0.6194953D-03  0.0000000D+00
  0.2058577D-02  0.1033123D-02 -0.1702427D-03  0.0000000D+00
  0.2628748D-01  0.2871012D-03  0.4204993D-04  0.0000000D+00
 -0.1506103D-01  0.2134309D-05  0.1941907D-03  0.0000000D+00
  0.8653383D-02  0.2610321D-03 -0.2846510D-03  0.0000000D+00
 -0.2448557D-02 -0.1731598D-04  0.4462034D-03  0.0000000D+00
 -0.1759953D-02 -0.1519976D-03 -0.1423008D-02  0.0000000D+00
 -0.3267267D-03  0.1173664D-02  0.2195330D-02  0.0000000D+00
  0.1389685D-02  0.1147070D-02  0.5724158D-03  0.0000000D+00
  0.1857066D-03  0.4353701D-04 -0.5869665D-03  0.0000000D+00
 -0.1278997D-03  0.1023860D-03 -0.1524440D-03  0.0000000D+00
 -0.3250001D-03  0.1248025D-03  0.8922355D-04  0.0000000D+00
 -0.1052125D-01 -0.9313236D-03  0.1190265D-03  0.0000000D+00
 -0.5761509D-03  0.7289573D-03 -0.1537893D-03  0.0000000D+00
  0.3923312D-01 -0.2688203D-03  0.7624582D-04  0.0000000D+00
 -0.1361491D-01  0.2824536D-03 -0.4101296D-04  0.0000000D+00
  0.8434615D-02 -0.5607299D-03 -0.3181984D-03  0.0000000D+00
 -0.1567788D-02  0.2040931D-03  0.1338441D-02  0.0000000D+00
  0.3226654D-02 -0.4882511D-03  0.2051585D-03  0.0000000D+00
 -0.1050113D-02 -0.1239742D-02  0.2744846D-03  0.0000000D+00
 -0.5126395D-04  0.5173627D-03  0.6115625D-03  0.0000000D+00
 -0.1964934D-04  0.9436609D-03  0.2538738D-03  0.0000000D+00
  0.1012507D-04  0.1212846D-02  0.4821994D-04  0.0000000D+00
  0.7745264D-02  0.6382569D-03 -0.2211509D-03  0.0000000D+00
 -0.1365352D-01 -0.3522510D-03  0.1226606D-03  0.0000000D+00
  0.2372475D-01 -0.7947934D-04  0.3071341D-04  0.0000000D+00
 -0.1040153D-01  0.1883614D-03 -0.3148692D-04  0.0000000D+00
  0.7646711D-02 -0.1407394D-03 -0.4809152D-04  0.0000000D+00
 -0.4539538D-02  0.1563720D-03  0.4158453D-03  0.0000000D+00
 -0.6402769D-03 -0.2968307D-04 -0.7997376D-03  0.0000000D+00
  0.8334517D-03 -0.1457268D-03 -0.8390216D-04  0.0000000D+00
  0.2862458D-03  0.2840463D-03  0.3446594D-03  0.0000000D+00
  0.1188293D-04  0.1022177D-02  0.1088462D-02  0.0000000D+00
 -0.1547963D-03  0.1459139D-02  0.1528639D-02  0.0000000D+00
  0.1838958D-01  0.7520698D-01 -0.3294546D-02  0.0000000D+00
 -0.4713690D-01 -0.4204529D-01 -0.2437828D-02  0.0000000D+00
  0.3522262D-01  0.2995315D-01 -0.3752862D-02  0.0000000D+00
 -0.2772771D-01 -0.1233308D-01  0.1046720D-02  0.0000000D+00
  0.1416042D-01 -0.7223094D-03  0.1729665D-03  0.0000000D+00
 -0.1175492D-01  0.6476963D-02 -0.3028902D-02  0.0000000D+00
  0.4449028D-02 -0.1992360D-02 -0.4419866D-04  0.0000000D+00
 -0.3916652D-02  0.5914902D-03  0.2915614D-03  0.0000000D+00
 -0.1117224D-02  0.1405243D-02 -0.7375161D-03  0.0000000D+00
 -0.1785543D-03  0.1474506D-02 -0.8914350D-03  0.0000000D+00
  0.4024251D-03  0.1524103D-02 -0.9931891D-03  0.0000000D+00
 -0.2435695D-01  0.1290231D+00 -0.3310843D-02  0.0000000D+00
 -0.8054321D-01 -0.5974579D-01 -0.4077306D-02  0.0000000D+00
  0.2354766D-01  0.3076559D-01 -0.2657382D-02  0.0000000D+00
 -0.2000920D-01 -0.2044892D-01 -0.6921919D-03  0.0000000D+00
  0.1593677D-01 -0.3475402D-02 -0.5970303D-03  0.0000000D+00
 -0.1615850D-01  0.8565565D-02 -0.2029651D-02  0.0000000D+00
  0.6326884D-02 -0.2503049D-02 -0.4557108D-03  0.0000000D+00
 -0.4298618D-02 -0.2904504D-03  0.1979373D-03  0.0000000D+00
 -0.3643275D-03 -0.1085155D-02 -0.1264456D-02  0.0000000D+00
  0.1492329D-03 -0.6095039D-03 -0.1368435D-02  0.0000000D+00
  0.4942994D-03 -0.3401002D-03 -0.1445614D-02  0.0000000D+00
  0.1080518D-01 -0.2888023D-01  0.4461073D-02  0.0000000D+00
 -0.1518458D-01  0.3521963D-01  0.9545290D-03  0.0000000D+00
  0.3358188D-01 -0.6668530D-02 -0.2474702D-02  0.0000000D+00
 -0.2315431D-01 -0.1128138D-01 -0.3038371D-03  0.0000000D+00
  0.3041548D-02  0.2074678D-02 -0.4489648D-02  0.0000000D+00
 -0.6748215D-02  0.1005635D-02  0.1722027D-02  0.0000000D+00
  0.1341161D-02  0.2947977D-03 -0.5548460D-03  0.0000000D+00
 -0.2068053D-02  0.8147624D-03  0.2566108D-02  0.0000000D+00
 -0.1060257D-02  0.1628893D-02  0.1556630D-02  0.0000000D+00
 -0.4648452D-03  0.1387459D-02  0.6426124D-03  0.0000000D+00
 -0.1050485D-03  0.1255307D-02  0.9596091D-04  0.0000000D+00
  0.1107366D-01  0.5251203D-03 -0.2514865D-03  0.0000000D+00
 -0.2361129D-01  0.5546842D-04  0.1328443D-03  0.0000000D+00
  0.2553487D-01 -0.4429043D-03  0.5799559D-04  0.0000000D+00
 -0.2013913D-01  0.4258117D-03 -0.5471976D-04  0.0000000D+00
  0.6217516D-02 -0.2387634D-03  0.1427254D-03  0.0000000D+00
 -0.1173987D-01  0.1030204D-02 -0.1042548D-02  0.0000000D+00
  0.6329778D-02 -0.2549021D-02 -0.1001668D-02  0.0000000D+00
 -0.8127586D-03 -0.1048816D-02 -0.6508827D-03  0.0000000D+00
  0.1238854D-02  0.1749360D-03  0.4394330D-03  0.0000000D+00
  0.4658049D-03  0.4752797D-03  0.2183285D-03  0.0000000D+00
  0.3668488D-04  0.6647456D-03  0.1010835D-03  0.0000000D+00
 -0.2109858D-01  0.1096548D-02 -0.1830125D-03  0.0000000D+00
 -0.1392849D-01  0.2046873D-03  0.1994226D-03  0.0000000D+00
  0.1623283D-01 -0.3823321D-04  0.4708027D-04  0.0000000D+00
 -0.1464707D-01 -0.1106246D-03 -0.6409198D-04  0.0000000D+00
 -0.2759361D-02  0.1563381D-03 -0.8182946D-04  0.0000000D+00
 -0.4158773D-02 -0.1772317D-03 -0.3353778D-03  0.0000000D+00
 -0.6952049D-05  0.1767390D-02  0.3586031D-03  0.0000000D+00
 -0.3233598D-03 -0.4697604D-03  0.1529081D-02  0.0000000D+00
 -0.4269553D-03 -0.2973092D-03  0.1077123D-02  0.0000000D+00
 -0.1753692D-03 -0.9775773D-04  0.5705975D-03  0.0000000D+00
 -0.2936449D-04  0.2088634D-04  0.2689714D-03  0.0000000D+00
 -0.3049883D-01 -0.1892698D-03 -0.3050369D-03  0.0000000D+00
 -0.2020665D-01 -0.1082776D-03 -0.1071560D-04  0.0000000D+00
  0.2620319D-01  0.1443881D-03 -0.3965961D-04  0.0000000D+00
 -0.2197829D-01  0.2838337D-03  0.2113289D-03  0.0000000D+00
  0.2899826D-02 -0.3433433D-03 -0.5378383D-03  0.0000000D+00
 -0.1045529D-01  0.2945702D-03  0.1404240D-02  0.0000000D+00
  0.4547662D-02 -0.1366498D-02 -0.1283820D-02  0.0000000D+00
 -0.6576105D-03  0.6425456D-03 -0.7224190D-03  0.0000000D+00
  0.6084033D-03 -0.2230211D-03  0.5572780D-04  0.0000000D+00
  0.2365859D-03 -0.4867920D-03 -0.3308445D-03  0.0000000D+00
  0.3345668D-04 -0.6508674D-03 -0.5483716D-03  0.0000000D+00
  0.1039521D-01  0.6030338D-03 -0.2738957D-03  0.0000000D+00
  0.4286015D-02  0.6103644D-03  0.1010912D-03  0.0000000D+00
 -0.2931243D-01 -0.5228241D-03 -0.3232544D-04  0.0000000D+00
  0.5217000D-04  0.2253389D-03  0.2682651D-04  0.0000000D+00
 -0.5641139D-02 -0.2021007D-03  0.8647127D-04  0.0000000D+00
 -0.5907196D-03 -0.5899452D-03  0.1603286D-03  0.0000000D+00
 -0.1576843D-02  0.6794071D-03  0.1413822D-02  0.0000000D+00
  0.1391793D-02 -0.3184095D-03 -0.1068917D-02  0.0000000D+00
  0.6712472D-03 -0.8505317D-03  0.1643384D-04  0.0000000D+00
  0.2317133D-03 -0.7650833D-03 -0.7029836D-03  0.0000000D+00
 -0.3367051D-04 -0.7207584D-03 -0.1112038D-02  0.0000000D+00
 -0.5512556D-01  0.6003565D-03 -0.1327370D-03  0.0000000D+00
  0.2258627D-01 -0.2865328D-03  0.1128646D-03  0.0000000D+00
 -0.6264676D-02  0.7200767D-04 -0.1667133D-03  0.0000000D+00
  0.1285146D-02  0.2103062D-03  0.2131023D-03  0.0000000D+00
 -0.5312580D-02 -0.2536006D-03 -0.1995222D-03  0.0000000D+00
 -0.4602395D-02  0.5725284D-03  0.7787236D-04  0.0000000D+00
  0.5961693D-04 -0.1534313D-02 -0.6707692D-03  0.0000000D+00
 -0.1783504D-03  0.1319016D-02  0.3308058D-05  0.0000000D+00
 -0.1748561D-03 -0.8840804D-03 -0.2344319D-05  0.0000000D+00
  0.8245300D-05 -0.1645874D-02  0.1733521D-03  0.0000000D+00
  0.1154706D-03 -0.2116234D-02  0.2761830D-03  0.0000000D+00
 -0.8079382D-02 -0.8638168D-03 -0.3635279D-03  0.0000000D+00
  0.2352364D-01  0.6402237D-03  0.4002310D-04  0.0000000D+00
 -0.3810533D-01 -0.9556559D-04  0.5350612D-04  0.0000000D+00
  0.1068703D-01 -0.4887999D-04  0.1861641D-04  0.0000000D+00
 -0.2710473D-02  0.4279463D-04  0.1888278D-04  0.0000000D+00
  0.2293668D-02  0.3252258D-03 -0.9281304D-04  0.0000000D+00
 -0.2329120D-02 -0.6346766D-03  0.3399534D-04  0.0000000D+00
  0.1488111D-02 -0.1194436D-03  0.1676379D-04  0.0000000D+00
  0.3519092D-03 -0.2641490D-03 -0.5152280D-05  0.0000000D+00
  0.6843101D-05 -0.4780212D-03 -0.1125740D-03  0.0000000D+00
 -0.2079713D-03 -0.6050983D-03 -0.1757405D-03  0.0000000D+00
