  3  2   693 10944  4  4  9 11  7  1    0.00   24.00  100.00  600.00    0.00    6.28   45.00   45.00
  100.0  100.0  100.0  100.0  125.0  150.0  190.0  230.0  275.0  350.0  450.0  600.0  600.0  600.0  600.0
  0.8123494D+03 -0.6406589D+04  0.1705119D+03  0.0000000D+00
 -0.1113885D+05 -0.1554096D+05 -0.1397369D+04  0.0000000D+00
  0.1015719D+05  0.2156731D+04  0.4737932D+03  0.0000000D+00
 -0.3001975D+04 -0.6098587D+04 -0.9157207D+03  0.0000000D+00
  0.2844805D+05 -0.4125171D+04 -0.4113604D+04  0.0000000D+00
  0.3825847D+05 -0.7844554D+04  0.1303200D+04  0.0000000D+00
  0.3748430D+05 -0.2516306D+05  0.3721262D+03  0.0000000D+00
  0.7355626D+05 -0.3867516D+05 -0.1383294D+04  0.0000000D+00
  0.8308068D+05 -0.4089066D+05 -0.1150714D+04  0.0000000D+00
  0.9834211D+05 -0.5217366D+05 -0.4449416D+03  0.0000000D+00
  0.1073846D+06 -0.5880559D+05 -0.2886022D+02  0.0000000D+00
  0.4880649D+04  0.5416068D+04  0.1966923D+03  0.0000000D+00
 -0.1849957D+05 -0.1314782D+05 -0.1554279D+04  0.0000000D+00
  0.2129797D+05  0.2988041D+04  0.1767492D+04  0.0000000D+00
 -0.2639643D+05 -0.4213131D+04 -0.1581293D+04  0.0000000D+00
  0.1788563D+05  0.3300719D+03  0.1189649D+01  0.0000000D+00
 -0.7235738D+03  0.9761851D+04 -0.1116071D+04  0.0000000D+00
 -0.5446396D+05  0.2562733D+05  0.1710258D+04  0.0000000D+00
 -0.6833250D+05  0.5316589D+05  0.2203424D+04  0.0000000D+00
 -0.7688684D+05  0.3998302D+05  0.2488647D+04  0.0000000D+00
 -0.8527007D+05  0.3823456D+05  0.2017457D+04  0.0000000D+00
 -0.9027522D+05  0.3706506D+05  0.1744640D+04  0.0000000D+00
 -0.2036876D+04 -0.3632215D+04 -0.2577784D+03  0.0000000D+00
  0.4952355D+03 -0.4055464D+04  0.4269407D+03  0.0000000D+00
 -0.6109702D+03  0.7031335D+04 -0.9149119D+03  0.0000000D+00
  0.6797049D+04 -0.1887512D+04  0.1783824D+04  0.0000000D+00
 -0.1104690D+05  0.4503390D+04 -0.1185499D+04  0.0000000D+00
 -0.6519992D+03 -0.4638635D+04  0.9922098D+03  0.0000000D+00
  0.6770842D+04 -0.2873838D+05  0.6607993D+04  0.0000000D+00
  0.3725832D+05  0.6784851D+04  0.2817391D+04  0.0000000D+00
  0.3680653D+05  0.1088891D+05  0.5292707D+04  0.0000000D+00
  0.4033107D+05  0.8490754D+04  0.8743962D+04  0.0000000D+00
  0.4238956D+05  0.7131842D+04  0.1079286D+05  0.0000000D+00
  0.1351817D+04  0.1349353D+01 -0.1454847D+02  0.0000000D+00
  0.1195379D+04 -0.3750226D+02  0.7319719D+02  0.0000000D+00
 -0.1238362D+03  0.5654680D+02 -0.1334554D+03  0.0000000D+00
  0.8732079D+03 -0.7091019D+02  0.2193919D+03  0.0000000D+00
  0.9992609D+03  0.8893500D+02 -0.4166505D+03  0.0000000D+00
 -0.1398803D+04  0.6003301D+02  0.8600654D+03  0.0000000D+00
 -0.4485183D+04  0.5001930D+04 -0.2576628D+04  0.0000000D+00
 -0.3083080D+05 -0.2291879D+04 -0.6444287D+03  0.0000000D+00
 -0.3335793D+05  0.7576082D+04 -0.2400095D+04  0.0000000D+00
 -0.3054742D+05  0.8432350D+04 -0.4780270D+04  0.0000000D+00
 -0.2893110D+05  0.9043635D+04 -0.6193645D+04  0.0000000D+00
  0.1511230D+04  0.9619007D+02 -0.2332940D+02  0.0000000D+00
  0.1196804D+04 -0.4312444D+03  0.1258454D+03  0.0000000D+00
 -0.8500980D+03  0.8216976D+03 -0.2273950D+03  0.0000000D+00
  0.8401156D+03 -0.1406446D+04  0.3841336D+03  0.0000000D+00
 -0.2468205D+04  0.2849753D+04 -0.7060047D+03  0.0000000D+00
  0.2795363D+04 -0.7399702D+04  0.1460342D+04  0.0000000D+00
  0.8607546D+03  0.1616512D+05 -0.4161353D+04  0.0000000D+00
 -0.1203773D+05 -0.2297161D+04 -0.1580202D+04  0.0000000D+00
 -0.8797001D+04 -0.3876000D+04 -0.2507686D+04  0.0000000D+00
 -0.1188330D+05 -0.4108338D+04 -0.4449654D+04  0.0000000D+00
 -0.1365339D+05 -0.4261638D+04 -0.5597300D+04  0.0000000D+00
  0.1686009D+03 -0.1283205D+02  0.8751690D+01  0.0000000D+00
 -0.5762287D+03  0.2305678D+02 -0.4938772D+02  0.0000000D+00
  0.5052123D+03 -0.9884059D+02  0.8687447D+02  0.0000000D+00
 -0.7060548D+03  0.2359368D+03 -0.1404244D+03  0.0000000D+00
  0.4684618D+03 -0.3595588D+03  0.2594933D+03  0.0000000D+00
 -0.2551471D+04  0.1061300D+03 -0.5617776D+03  0.0000000D+00
  0.9788090D+04 -0.9681144D+04  0.1100682D+04  0.0000000D+00
  0.3142192D+05 -0.1547194D+05 -0.9285783D+03  0.0000000D+00
  0.2677594D+05 -0.1223786D+05  0.3424484D+03  0.0000000D+00
  0.2289649D+05 -0.7997782D+04  0.1953142D+04  0.0000000D+00
  0.2057383D+05 -0.5479906D+04  0.2910566D+04  0.0000000D+00
 -0.3362705D+03 -0.1187461D+02  0.1254141D+01  0.0000000D+00
 -0.4139354D+03  0.3090420D+01 -0.1783435D+01  0.0000000D+00
  0.6852552D+03 -0.3357040D+02  0.1555901D+01  0.0000000D+00
 -0.3889852D+03  0.6613510D+02 -0.5290434D+01  0.0000000D+00
  0.1044150D+04 -0.3498806D+03  0.2005325D+02  0.0000000D+00
 -0.6509384D+03  0.2073060D+04 -0.1204372D+03  0.0000000D+00
 -0.6589568D+04 -0.9060344D+03 -0.2543138D+03  0.0000000D+00
 -0.1742793D+05 -0.4553866D+04 -0.6852615D+03  0.0000000D+00
 -0.2260077D+05 -0.3291366D+04 -0.1359439D+04  0.0000000D+00
 -0.2000061D+05 -0.3681389D+03 -0.2043151D+04  0.0000000D+00
 -0.1853729D+05  0.1357646D+04 -0.2451098D+04  0.0000000D+00
 -0.9342707D+02 -0.4399189D+02 -0.3719358D-01  0.0000000D+00
  0.2297894D+03  0.2578407D+03  0.5434310D+01  0.0000000D+00
 -0.2143095D+03 -0.3907030D+03 -0.5909634D+01  0.0000000D+00
  0.1603435D+03  0.5573256D+03  0.4415300D+01  0.0000000D+00
  0.1641889D+03 -0.1034668D+04 -0.8428350D+01  0.0000000D+00
  0.1476071D+04  0.2506205D+04  0.4358723D+02  0.0000000D+00
  0.3750839D+04  0.5287845D+03  0.5941744D+03  0.0000000D+00
  0.1032961D+05  0.5361599D+04  0.9118636D+03  0.0000000D+00
  0.1475814D+05  0.9716728D+03  0.9180910D+03  0.0000000D+00
  0.1215688D+05 -0.2933313D+03  0.1013830D+04  0.0000000D+00
  0.1068393D+05 -0.1082681D+04  0.1069986D+04  0.0000000D+00
 -0.2105206D+03  0.1550313D+02  0.7221708D+01  0.0000000D+00
  0.2814916D+03 -0.7820217D+02 -0.3562708D+02  0.0000000D+00
 -0.6721128D+03  0.6097573D+02  0.6748707D+02  0.0000000D+00
  0.7700599D+03 -0.9590618D+02 -0.1127788D+03  0.0000000D+00
 -0.1358504D+04  0.1527769D+03  0.2081093D+03  0.0000000D+00
  0.2124492D+04 -0.5363860D+03 -0.3301826D+03  0.0000000D+00
 -0.1420823D+04 -0.5096420D+03  0.1419540D+04  0.0000000D+00
  0.1344445D+04  0.6249681D+04  0.3616279D+03  0.0000000D+00
  0.5125728D+04  0.3147282D+04  0.9327722D+03  0.0000000D+00
  0.6554088D+04  0.8780700D+03  0.1620973D+04  0.0000000D+00
  0.7432986D+04 -0.4856588D+03  0.2030363D+04  0.0000000D+00
 -0.3616746D+04 -0.4726758D+04 -0.1344386D+03  0.0000000D+00
 -0.7313286D+04 -0.1419109D+05 -0.4505946D+03  0.0000000D+00
  0.3546499D+04  0.3546601D+04  0.7762163D+02  0.0000000D+00
  0.9323107D+03 -0.6650022D+04  0.2509947D+03  0.0000000D+00
 -0.6646841D+04  0.2030120D+05  0.2015606D+04  0.0000000D+00
 -0.1504320D+05 -0.3407287D+04 -0.1659247D+04  0.0000000D+00
  0.7402015D+04 -0.7687770D+04 -0.5055599D+03  0.0000000D+00
  0.1252449D+05  0.1227312D+04 -0.1525312D+04  0.0000000D+00
  0.2100495D+05 -0.3830044D+04 -0.4319972D+03  0.0000000D+00
  0.2552305D+05 -0.5189212D+04 -0.3967503D+03  0.0000000D+00
  0.2826294D+05 -0.6042084D+04 -0.3637500D+03  0.0000000D+00
 -0.1551369D+05 -0.2170300D+05  0.1983086D+03  0.0000000D+00
  0.3593505D+04  0.4674742D+04 -0.1723804D+04  0.0000000D+00
 -0.1786402D+04 -0.2726129D+04  0.2189839D+04  0.0000000D+00
  0.1225760D+05  0.9372829D+04 -0.2862203D+04  0.0000000D+00
 -0.6726971D+04 -0.6086854D+04  0.5771725D+04  0.0000000D+00
 -0.7628864D+04  0.8917318D+04 -0.3808278D+04  0.0000000D+00
 -0.3124391D+04  0.1106022D+05  0.3351379D+04  0.0000000D+00
 -0.1755330D+05 -0.2905708D+04  0.3292469D+04  0.0000000D+00
 -0.1545310D+05 -0.4218951D+04  0.2666415D+04  0.0000000D+00
 -0.1344126D+05 -0.4112975D+04  0.2366966D+04  0.0000000D+00
 -0.1223904D+05 -0.4064919D+04  0.2184733D+04  0.0000000D+00
 -0.1585039D+03 -0.5048102D+04 -0.1541077D+03  0.0000000D+00
 -0.3191958D+04  0.5020630D+04 -0.9775466D+02  0.0000000D+00
  0.6112756D+04 -0.1555228D+04  0.5737524D+03  0.0000000D+00
 -0.1094259D+05  0.1502982D+04 -0.2050250D+04  0.0000000D+00
  0.8727766D+04 -0.8184965D+04  0.3052893D+04  0.0000000D+00
 -0.6412746D+04  0.2727867D+04  0.1334815D+03  0.0000000D+00
  0.2062794D+04  0.1564348D+05  0.2358731D+04  0.0000000D+00
 -0.1994262D+05  0.8506561D+04  0.9154689D+04  0.0000000D+00
 -0.1608377D+05  0.1507753D+05  0.1014653D+05  0.0000000D+00
 -0.1208669D+05  0.1599125D+05  0.1136592D+05  0.0000000D+00
 -0.9703822D+04  0.1659975D+05  0.1209123D+05  0.0000000D+00
  0.2662255D+04  0.7281823D+01 -0.9720469D+01  0.0000000D+00
  0.1028500D+04  0.6445429D+02  0.5830045D+02  0.0000000D+00
  0.1442808D+04 -0.1435700D+03 -0.1064838D+03  0.0000000D+00
 -0.2048024D+04  0.1613815D+03  0.1830180D+03  0.0000000D+00
  0.4826326D+03  0.2315721D+03 -0.3251957D+03  0.0000000D+00
 -0.8977086D+03 -0.3782518D+04  0.6898497D+03  0.0000000D+00
  0.1146053D+05 -0.1511762D+04 -0.2310252D+04  0.0000000D+00
  0.3831361D+04  0.7136011D+03 -0.3619347D+04  0.0000000D+00
 -0.2162137D+03  0.2082607D+04 -0.4554227D+04  0.0000000D+00
 -0.3765318D+04 -0.9327702D+03 -0.5271705D+04  0.0000000D+00
 -0.5888490D+04 -0.2682239D+04 -0.5702379D+04  0.0000000D+00
  0.2579244D+04 -0.5029477D+02 -0.2699344D+01  0.0000000D+00
  0.1726062D+04  0.2600463D+03  0.1045548D+02  0.0000000D+00
 -0.1570836D+03 -0.4242540D+03 -0.2100256D+02  0.0000000D+00
  0.1761492D+03  0.7423651D+03  0.3753269D+02  0.0000000D+00
 -0.6878497D+03 -0.1497096D+04 -0.1166736D+03  0.0000000D+00
 -0.9475106D+03  0.3545266D+04  0.6024684D+03  0.0000000D+00
 -0.2242071D+04 -0.1214672D+05 -0.1335793D+04  0.0000000D+00
  0.2063206D+05 -0.3055598D+04 -0.6337516D+04  0.0000000D+00
  0.1496043D+05 -0.2911330D+04 -0.6002893D+04  0.0000000D+00
  0.1051174D+05 -0.8821159D+03 -0.5929712D+04  0.0000000D+00
  0.7843597D+04  0.3079574D+03 -0.5883274D+04  0.0000000D+00
 -0.2437928D+03 -0.4588424D+02  0.8339921D+01  0.0000000D+00
 -0.3870997D+03  0.7844101D+02 -0.4438133D+02  0.0000000D+00
  0.1153305D+04 -0.1959042D+03  0.7889294D+02  0.0000000D+00
 -0.1509620D+04  0.4968128D+03 -0.1407433D+03  0.0000000D+00
  0.8991943D+03 -0.1449260D+04  0.2685415D+03  0.0000000D+00
 -0.1661936D+04  0.5954111D+04 -0.5422573D+03  0.0000000D+00
 -0.4535460D+04 -0.5858285D+04  0.1792439D+04  0.0000000D+00
 -0.8640921D+04  0.6051965D+04  0.1282111D+04  0.0000000D+00
 -0.1093155D+05  0.6373306D+04  0.2037555D+04  0.0000000D+00
 -0.1061351D+05  0.7025848D+04  0.1974570D+04  0.0000000D+00
 -0.1045301D+05  0.7411149D+04  0.1946248D+04  0.0000000D+00
 -0.4274728D+03 -0.3700403D+02 -0.6521645D+01  0.0000000D+00
 -0.4059984D+03  0.1647296D+03  0.4051858D+02  0.0000000D+00
  0.3577399D+03 -0.3322822D+03 -0.7146186D+02  0.0000000D+00
 -0.7434110D+03  0.5332415D+03  0.1165333D+03  0.0000000D+00
  0.1145590D+04 -0.9896989D+03 -0.1840278D+03  0.0000000D+00
 -0.1383069D+04  0.2492884D+04  0.2704327D+02  0.0000000D+00
  0.5663333D+04  0.3290018D+03 -0.4326374D+03  0.0000000D+00
 -0.2440452D+04 -0.4870517D+04 -0.5983398D+03  0.0000000D+00
  0.6590651D+03 -0.4408500D+04 -0.1085371D+04  0.0000000D+00
  0.1634849D+04 -0.3655269D+04 -0.1381131D+04  0.0000000D+00
  0.2240971D+04 -0.3209254D+04 -0.1559800D+04  0.0000000D+00
  0.2406123D+02  0.4184421D+02 -0.6425448D+00  0.0000000D+00
  0.3671796D+03 -0.1558321D+02  0.9663447D+01  0.0000000D+00
 -0.1313190D+04  0.1009063D+03 -0.1138627D+02  0.0000000D+00
  0.1889379D+04 -0.3002134D+03  0.2098013D+02  0.0000000D+00
 -0.1798747D+04  0.8600743D+03 -0.6182476D+02  0.0000000D+00
  0.3023674D+04 -0.3597580D+04  0.1336117D+03  0.0000000D+00
 -0.3795073D+04  0.5380000D+04 -0.2080842D+03  0.0000000D+00
  0.4472819D+04 -0.2114651D+04  0.2166007D+03  0.0000000D+00
  0.4738830D+04 -0.2241593D+04  0.5307356D+03  0.0000000D+00
  0.4194601D+04 -0.2321990D+04  0.8345571D+03  0.0000000D+00
  0.3878747D+04 -0.2370880D+04  0.1015970D+04  0.0000000D+00
 -0.4163589D+03  0.7145404D+02  0.8144084D+01  0.0000000D+00
 -0.5519419D+03 -0.4209187D+03 -0.3100290D+02  0.0000000D+00
 -0.2397468D+03  0.6778399D+03  0.6393915D+02  0.0000000D+00
  0.7036946D+03 -0.1101636D+04 -0.1098663D+03  0.0000000D+00
 -0.1234783D+04  0.2160800D+04  0.1781621D+03  0.0000000D+00
  0.1456892D+04 -0.5140795D+04 -0.2997439D+03  0.0000000D+00
 -0.4374196D+04  0.5740879D+04  0.6137680D+03  0.0000000D+00
 -0.8345328D+04  0.2031838D+04  0.1782439D+04  0.0000000D+00
 -0.8096743D+04  0.5064552D+03  0.1630881D+04  0.0000000D+00
 -0.7345276D+04 -0.1606137D+02  0.9330791D+03  0.0000000D+00
 -0.6902212D+04 -0.3393132D+03  0.5228868D+03  0.0000000D+00
 -0.4694845D+04 -0.4504920D+04 -0.1689554D+03  0.0000000D+00
  0.3169778D+04  0.8295858D+04  0.1336379D+04  0.0000000D+00
 -0.2651054D+04 -0.1806190D+04 -0.2056715D+04  0.0000000D+00
 -0.1609107D+04  0.7098974D+04  0.2624987D+04  0.0000000D+00
  0.6472328D+04 -0.5824005D+04 -0.2367985D+04  0.0000000D+00
 -0.1027450D+03 -0.5402703D+03  0.1557748D+04  0.0000000D+00
 -0.1298173D+04  0.6426848D+04 -0.5007684D+03  0.0000000D+00
 -0.1664598D+05  0.1479891D+04  0.2019032D+04  0.0000000D+00
 -0.1930694D+05  0.1858004D+04  0.8088084D+03  0.0000000D+00
 -0.2068702D+05  0.3869352D+04  0.1820215D+03  0.0000000D+00
 -0.2152503D+05  0.5051140D+04 -0.1987468D+03  0.0000000D+00
 -0.9327274D+04 -0.5993514D+04 -0.1162662D+03  0.0000000D+00
 -0.1421186D+04  0.2929097D+04  0.4585189D+03  0.0000000D+00
 -0.1952077D+04 -0.1367139D+05  0.2293560D+03  0.0000000D+00
 -0.1209878D+05  0.1101803D+05  0.1366243D+03  0.0000000D+00
  0.9754021D+04 -0.4590888D+04  0.2637164D+04  0.0000000D+00
 -0.6549328D+04  0.6981938D+03 -0.1882271D+04  0.0000000D+00
  0.1876127D+04 -0.4569821D+04 -0.2593769D+03  0.0000000D+00
  0.1284518D+05 -0.5307311D+04 -0.3267521D+04  0.0000000D+00
  0.1777194D+05 -0.4987194D+04 -0.2541559D+04  0.0000000D+00
  0.1951028D+05 -0.5955923D+04 -0.1541003D+04  0.0000000D+00
  0.2058311D+05 -0.6518506D+04 -0.9468969D+03  0.0000000D+00
 -0.3290893D+04 -0.3924080D+04 -0.1565211D+03  0.0000000D+00
 -0.8263729D+03 -0.2066065D+04  0.1550055D+03  0.0000000D+00
  0.4636213D+04  0.1324886D+05 -0.4413880D+03  0.0000000D+00
  0.6719382D+03 -0.8392124D+04 -0.1317029D+04  0.0000000D+00
 -0.6926163D+04  0.5125104D+04  0.3099689D+04  0.0000000D+00
  0.5475007D+03 -0.1020512D+04 -0.9869485D+03  0.0000000D+00
 -0.2765610D+04 -0.2831669D+05 -0.1223782D+04  0.0000000D+00
 -0.6450893D+04 -0.1174079D+04 -0.3379907D+04  0.0000000D+00
 -0.1256682D+05  0.4874727D+04 -0.4761834D+04  0.0000000D+00
 -0.1456152D+05  0.1635293D+04 -0.5548109D+04  0.0000000D+00
 -0.1579807D+05 -0.1921272D+03 -0.6024307D+04  0.0000000D+00
  0.1428944D+04  0.1718151D+02  0.9102401D+01  0.0000000D+00
  0.3706402D+03 -0.1577932D+03 -0.4020365D+02  0.0000000D+00
 -0.5201337D+03  0.3048309D+03  0.7412495D+02  0.0000000D+00
  0.1462964D+04 -0.4198891D+03 -0.1286800D+03  0.0000000D+00
 -0.2195343D+03  0.4684564D+03  0.2661975D+03  0.0000000D+00
  0.5621412D+03  0.9341918D+03 -0.7283986D+03  0.0000000D+00
  0.1469299D+04 -0.3075150D+04  0.1337612D+04  0.0000000D+00
  0.1081590D+05  0.6163665D+04  0.1313870D+04  0.0000000D+00
  0.7206706D+04  0.5457980D+04  0.3201364D+04  0.0000000D+00
  0.3076355D+04  0.9312246D+04  0.3781882D+04  0.0000000D+00
  0.6180135D+03  0.1155939D+05  0.4143055D+04  0.0000000D+00
  0.1295912D+04  0.1170138D+03  0.9627754D+01  0.0000000D+00
 -0.4025194D+03 -0.7173019D+03 -0.4986144D+02  0.0000000D+00
  0.3862014D+03  0.1256383D+04  0.9025267D+02  0.0000000D+00
 -0.1094666D+03 -0.2050272D+04 -0.1545670D+03  0.0000000D+00
  0.7182910D+03  0.3665660D+04  0.2756325D+03  0.0000000D+00
 -0.5151497D+03 -0.6475034D+04 -0.4269921D+03  0.0000000D+00
  0.5977302D+03  0.1743736D+05 -0.2432199D+03  0.0000000D+00
 -0.7893489D+04  0.4035417D+04  0.3488336D+04  0.0000000D+00
 -0.2524784D+04 -0.4082371D+04  0.3595702D+04  0.0000000D+00
  0.1869813D+04 -0.2307137D+04  0.3428414D+04  0.0000000D+00
  0.4502079D+04 -0.1358559D+04  0.3332070D+04  0.0000000D+00
 -0.4296269D+03  0.1963679D+02 -0.4876928D+01  0.0000000D+00
 -0.2153731D+03  0.2067363D+02  0.2587952D+02  0.0000000D+00
 -0.4409312D+03  0.1198997D+03 -0.4559659D+02  0.0000000D+00
  0.1019594D+04 -0.3212576D+03  0.8922691D+02  0.0000000D+00
  0.8861167D+02  0.8277972D+03 -0.1652443D+03  0.0000000D+00
 -0.2065595D+04 -0.3111376D+04  0.4594644D+03  0.0000000D+00
 -0.1204276D+04  0.8290866D+04 -0.3644805D+03  0.0000000D+00
 -0.2937504D+04 -0.1444749D+04 -0.3595992D+03  0.0000000D+00
 -0.2911297D+04  0.2290793D+04 -0.1675908D+04  0.0000000D+00
 -0.1222733D+04  0.2202890D+03 -0.2499273D+04  0.0000000D+00
 -0.2332612D+03 -0.9496430D+03 -0.2996275D+04  0.0000000D+00
  0.1665941D+03  0.3154033D+02 -0.5326644D+00  0.0000000D+00
 -0.3879917D+03 -0.1295657D+03  0.9119771D+01  0.0000000D+00
  0.7108524D+03  0.2674906D+03 -0.1637057D+02  0.0000000D+00
 -0.1071084D+04 -0.4492951D+03  0.3279640D+02  0.0000000D+00
 -0.4933172D+02  0.9666737D+03 -0.6988436D+02  0.0000000D+00
  0.3282223D+03 -0.3033325D+04  0.1020035D+03  0.0000000D+00
  0.4526886D+03  0.6876256D+04  0.1574639D+04  0.0000000D+00
  0.1058081D+05 -0.5497969D+04 -0.7772046D+03  0.0000000D+00
  0.1244317D+05 -0.9015560D+03  0.4098205D+03  0.0000000D+00
  0.8791440D+04  0.1357964D+03  0.1095974D+04  0.0000000D+00
  0.6675055D+04  0.7932978D+03  0.1510935D+04  0.0000000D+00
  0.4614419D+03 -0.2985721D+02  0.7217966D+00  0.0000000D+00
  0.2078737D+03  0.9328485D+02 -0.6498608D+01  0.0000000D+00
  0.3194329D+03 -0.3170907D+03  0.1112656D+02  0.0000000D+00
 -0.8474694D+03  0.5694995D+03 -0.2757354D+02  0.0000000D+00
  0.1102213D+03 -0.1070676D+04  0.2839097D+02  0.0000000D+00
  0.2316263D+04  0.2356457D+04 -0.4596648D+02  0.0000000D+00
  0.4908030D+03 -0.6050998D+04 -0.3942338D+03  0.0000000D+00
 -0.6455682D+04 -0.1262521D+04  0.7174785D+02  0.0000000D+00
 -0.8328010D+04 -0.1806621D+04 -0.5760808D+02  0.0000000D+00
 -0.5696627D+04 -0.3051618D+04  0.1095468D+03  0.0000000D+00
 -0.4177690D+04 -0.3786414D+04  0.2059744D+03  0.0000000D+00
 -0.7316259D+03 -0.5545876D+02  0.3962455D+01  0.0000000D+00
  0.3954271D+03  0.4644259D+03 -0.2372941D+02  0.0000000D+00
 -0.7451200D+03 -0.7122144D+03  0.4131285D+02  0.0000000D+00
  0.4866672D+03  0.1093901D+04 -0.5636182D+02  0.0000000D+00
  0.1426330D+03 -0.2095005D+04  0.1050826D+03  0.0000000D+00
  0.6622785D+03  0.4980489D+04 -0.1702719D+03  0.0000000D+00
 -0.2717342D+03 -0.1136438D+05 -0.4757648D+03  0.0000000D+00
  0.5825378D+04  0.2152002D+04 -0.1144128D+04  0.0000000D+00
 -0.4499269D+03  0.1611460D+04 -0.1773670D+04  0.0000000D+00
 -0.1530628D+04  0.4062786D+03 -0.1838191D+04  0.0000000D+00
 -0.2233169D+04 -0.3048034D+03 -0.1883102D+04  0.0000000D+00
 -0.1596470D+04 -0.2876016D+04 -0.1560639D+03  0.0000000D+00
 -0.2013396D+04 -0.2767321D+04 -0.9132955D+02  0.0000000D+00
  0.3003828D+04  0.4843018D+04 -0.8941309D+03  0.0000000D+00
  0.2177473D+04 -0.1650597D+04  0.1115176D+04  0.0000000D+00
 -0.2494810D+04 -0.3983111D+04 -0.1630917D+04  0.0000000D+00
  0.6810759D+04 -0.1211197D+04  0.2553394D+03  0.0000000D+00
  0.1946342D+04 -0.7012867D+04  0.1590660D+03  0.0000000D+00
  0.1612418D+05 -0.1551635D+04  0.1531586D+04  0.0000000D+00
  0.1345323D+05 -0.2056492D+04  0.1462969D+04  0.0000000D+00
  0.8501595D+04 -0.9909881D+03  0.1837512D+03  0.0000000D+00
  0.5573049D+04 -0.3729289D+03 -0.5659372D+03  0.0000000D+00
  0.1364151D+04 -0.3331650D+04 -0.1800453D+03  0.0000000D+00
 -0.3856221D+04 -0.4331860D+04 -0.3767548D+02  0.0000000D+00
  0.3660922D+04  0.1059428D+05 -0.1156497D+04  0.0000000D+00
  0.6181271D+03 -0.5888971D+04  0.1753183D+04  0.0000000D+00
  0.3769452D+04 -0.1402658D+04 -0.3200333D+04  0.0000000D+00
  0.2399201D+04  0.4608890D+04  0.4757362D+03  0.0000000D+00
 -0.5214281D+04  0.1129724D+05 -0.3276725D+03  0.0000000D+00
 -0.3345721D+05  0.6496398D+03 -0.1111158D+04  0.0000000D+00
 -0.2782101D+05  0.1636360D+04 -0.1069601D+04  0.0000000D+00
 -0.1613587D+05  0.1246165D+04  0.3223173D+02  0.0000000D+00
 -0.9232780D+04  0.1028694D+04  0.6777222D+03  0.0000000D+00
 -0.7032635D+03 -0.2605047D+04 -0.1103465D+03  0.0000000D+00
  0.1664107D+03  0.3752194D+04  0.1695752D+03  0.0000000D+00
  0.6613975D+03 -0.2228509D+04 -0.4155695D+03  0.0000000D+00
 -0.3520945D+04 -0.5356463D+03  0.7579075D+03  0.0000000D+00
  0.3904354D+04  0.3048093D+04 -0.1040054D+04  0.0000000D+00
  0.3445427D+03 -0.1486604D+03  0.2476044D+03  0.0000000D+00
  0.2419520D+04  0.3233788D+04  0.1034079D+04  0.0000000D+00
 -0.8408743D+04 -0.9895850D+03  0.2367102D+04  0.0000000D+00
 -0.9409410D+04  0.8643570D+03  0.2711937D+04  0.0000000D+00
 -0.7897919D+04  0.8023203D+03  0.2242210D+04  0.0000000D+00
 -0.7024390D+04  0.7864994D+03  0.1970968D+04  0.0000000D+00
  0.1568573D+04 -0.2466605D+01 -0.1764064D+01  0.0000000D+00
  0.1387316D+04  0.4454855D+02  0.5990698D+01  0.0000000D+00
  0.6495874D+03 -0.1311331D+03 -0.1116690D+02  0.0000000D+00
 -0.5340205D+03  0.1414180D+03  0.1754441D+02  0.0000000D+00
  0.7094342D+03 -0.1904092D+03 -0.4511603D+02  0.0000000D+00
 -0.2015853D+04  0.4981342D+03  0.1613209D+03  0.0000000D+00
 -0.2033541D+04 -0.6321527D+04 -0.3095102D+03  0.0000000D+00
  0.3099454D+05  0.8436110D+03 -0.1043717D+04  0.0000000D+00
  0.2616384D+05  0.3768141D+03 -0.1156667D+04  0.0000000D+00
  0.1589229D+05 -0.1337796D+04 -0.4661453D+03  0.0000000D+00
  0.9825632D+04 -0.2346647D+04 -0.6313307D+02  0.0000000D+00
  0.1531435D+04 -0.4517118D+01  0.1327597D+01  0.0000000D+00
  0.1978891D+04 -0.2270171D+02 -0.1717223D+01  0.0000000D+00
 -0.9689719D+03  0.5820483D+02  0.7123443D+01  0.0000000D+00
  0.7108674D+03 -0.8121494D+02 -0.1140853D+02  0.0000000D+00
 -0.3548199D+03  0.1839858D+02  0.8043858D+01  0.0000000D+00
  0.1249601D+03  0.6130046D+03  0.3032067D+02  0.0000000D+00
 -0.4656495D+04 -0.5271353D+04 -0.1051959D+04  0.0000000D+00
 -0.5500862D+04  0.1671478D+04 -0.3619869D+03  0.0000000D+00
 -0.3039655D+04  0.8182013D+03 -0.7899780D+03  0.0000000D+00
  0.7402532D+03  0.9288173D+03 -0.1000316D+04  0.0000000D+00
  0.2979964D+04  0.9842232D+03 -0.1128176D+04  0.0000000D+00
  0.9319878D+02 -0.3289003D+02 -0.2130398D+01  0.0000000D+00
 -0.3978035D+03  0.1096473D+03  0.9319590D+01  0.0000000D+00
  0.4178600D+03 -0.1026605D+03 -0.1475287D+02  0.0000000D+00
  0.6709645D+02  0.2237958D+03  0.2591589D+02  0.0000000D+00
 -0.2093301D+03 -0.4826131D+03 -0.3774717D+02  0.0000000D+00
  0.8445783D+03  0.9840053D+03 -0.2405144D+02  0.0000000D+00
  0.2546171D+04  0.1352055D+04  0.3202888D+03  0.0000000D+00
 -0.8686126D+04  0.9240081D+03  0.4808529D+03  0.0000000D+00
 -0.8816025D+04 -0.4210873D+03  0.3245568D+03  0.0000000D+00
 -0.7049320D+04  0.5560780D+03 -0.4846336D+03  0.0000000D+00
 -0.6016567D+04  0.1112941D+04 -0.9600566D+03  0.0000000D+00
 -0.3701783D+03 -0.9012861D+00 -0.1619221D+01  0.0000000D+00
 -0.7204034D+03  0.3005431D+02  0.1328531D+01  0.0000000D+00
  0.9767195D+03 -0.6642260D+02 -0.1175104D+02  0.0000000D+00
 -0.6554553D+03  0.6469080D+02  0.2020997D+02  0.0000000D+00
 -0.8260490D+02 -0.5563960D+01 -0.3703817D+02  0.0000000D+00
  0.1060496D+04 -0.8443392D+03  0.1109038D+03  0.0000000D+00
  0.6343151D+04  0.6305731D+04  0.3329956D+03  0.0000000D+00
  0.1418379D+05 -0.2033176D+03 -0.1395404D+04  0.0000000D+00
  0.1111081D+05  0.4261614D+03 -0.8900959D+03  0.0000000D+00
  0.6282016D+04  0.1368536D+03  0.2372977D+03  0.0000000D+00
  0.3421210D+04 -0.2558736D+02  0.9029867D+03  0.0000000D+00
 -0.1429958D+03  0.3713774D+02  0.5447383D+01  0.0000000D+00
  0.4931105D+00 -0.1036947D+03 -0.1898158D+02  0.0000000D+00
  0.1122507D+02  0.1372755D+03  0.3536407D+02  0.0000000D+00
 -0.2968193D+03 -0.2414471D+03 -0.5535878D+02  0.0000000D+00
  0.6695117D+03  0.5752307D+03  0.1118601D+03  0.0000000D+00
 -0.5588374D+03 -0.1520578D+04 -0.1685519D+03  0.0000000D+00
  0.7352116D+03  0.1716558D+04  0.1714978D+03  0.0000000D+00
 -0.1209571D+05 -0.2273074D+04  0.5831272D+03  0.0000000D+00
 -0.1055432D+05 -0.3606498D+03  0.6126495D+03  0.0000000D+00
 -0.5784028D+04 -0.6936123D+01  0.3553069D+03  0.0000000D+00
 -0.2974711D+04  0.2216873D+03  0.2048776D+03  0.0000000D+00
 -0.2549982D+03  0.1130055D+02  0.4383397D+01  0.0000000D+00
 -0.2508438D+03 -0.1330455D+02 -0.2107643D+02  0.0000000D+00
 -0.2039954D+03  0.5310460D+02  0.3826194D+02  0.0000000D+00
  0.2855871D+03 -0.5253596D+02 -0.6478230D+02  0.0000000D+00
 -0.3346975D+03  0.3769051D+01  0.1383410D+03  0.0000000D+00
 -0.1569117D+03  0.2026765D+03 -0.2835437D+03  0.0000000D+00
 -0.4832557D+04 -0.3607130D+04  0.4392030D+03  0.0000000D+00
 -0.4285212D+03 -0.2203858D+04  0.1728064D+03  0.0000000D+00
  0.2186583D+03 -0.7588599D+03  0.5088682D+02  0.0000000D+00
 -0.1594206D+04 -0.1461786D+03 -0.7018748D+03  0.0000000D+00
 -0.2647947D+04  0.2286048D+03 -0.1143882D+04  0.0000000D+00
 -0.7857622D+04 -0.4584747D+04  0.2414241D+02  0.0000000D+00
  0.6174734D+04  0.9550587D+04  0.1621640D+03  0.0000000D+00
 -0.1108758D+05 -0.2923368D+04  0.7793100D+02  0.0000000D+00
  0.8496479D+04  0.6676050D+03 -0.3910843D+03  0.0000000D+00
 -0.1123047D+05  0.2405110D+04 -0.3153382D+03  0.0000000D+00
  0.3819143D+04 -0.3213584D+04  0.3350989D+03  0.0000000D+00
  0.1900684D+04 -0.2535648D+04  0.5043561D+03  0.0000000D+00
  0.1159616D+05 -0.5655920D+03  0.8697715D+03  0.0000000D+00
  0.1601295D+05 -0.7619585D+03  0.6037760D+03  0.0000000D+00
  0.1302836D+05 -0.2430056D+03  0.7662091D+03  0.0000000D+00
  0.1133094D+05  0.5816842D+02  0.8583943D+03  0.0000000D+00
 -0.1321932D+05 -0.1388128D+05  0.7537951D+02  0.0000000D+00
  0.4459406D+04  0.5993510D+04 -0.7238366D+02  0.0000000D+00
 -0.1361050D+05 -0.8262578D+04  0.6222608D+03  0.0000000D+00
  0.7303313D+04  0.3981378D+04 -0.1010597D+04  0.0000000D+00
 -0.4243301D+04 -0.9732074D+03  0.1091197D+04  0.0000000D+00
  0.3922905D+04  0.1165164D+04 -0.7453264D+03  0.0000000D+00
 -0.5327925D+04  0.5329096D+04 -0.3568695D+03  0.0000000D+00
 -0.1562008D+05 -0.7071233D+03 -0.1583476D+04  0.0000000D+00
 -0.1945932D+05 -0.9920637D+03 -0.1487457D+04  0.0000000D+00
 -0.1604898D+05 -0.1994570D+04 -0.1511923D+04  0.0000000D+00
 -0.1409584D+05 -0.2584118D+04 -0.1525228D+04  0.0000000D+00
 -0.3574942D+04 -0.3232949D+04 -0.8063431D+02  0.0000000D+00
 -0.1446643D+04  0.3425465D+04  0.4760587D+03  0.0000000D+00
  0.2590775D+04  0.1640701D+04 -0.1045653D+04  0.0000000D+00
 -0.5588711D+04  0.1726329D+04  0.1677688D+04  0.0000000D+00
  0.8161202D+04 -0.3485745D+04 -0.1884544D+04  0.0000000D+00
 -0.4319383D+04  0.6058448D+04  0.5387179D+03  0.0000000D+00
  0.1434540D+04  0.2472576D+04  0.2672699D+03  0.0000000D+00
 -0.2162266D+03 -0.3622049D+03 -0.9346432D+03  0.0000000D+00
  0.4121454D+04  0.3337503D+03 -0.2057500D+04  0.0000000D+00
  0.4387975D+04  0.8114207D+03 -0.2100804D+04  0.0000000D+00
  0.4592693D+04  0.1098675D+04 -0.2138574D+04  0.0000000D+00
  0.2312573D+04  0.5769165D+01 -0.8281843D+00  0.0000000D+00
 -0.4865670D+03  0.5779176D+02  0.1623520D+01  0.0000000D+00
  0.1800978D+04 -0.1020964D+03 -0.4822014D+00  0.0000000D+00
 -0.3152616D+04  0.2078813D+03  0.2827605D+01  0.0000000D+00
  0.1554299D+04 -0.4017989D+03 -0.1678010D+02  0.0000000D+00
 -0.3608643D+04  0.1344685D+04  0.8270090D+02  0.0000000D+00
  0.2732779D+04 -0.3811539D+04 -0.3808200D+02  0.0000000D+00
  0.5133748D+03  0.3443940D+04  0.8599949D+03  0.0000000D+00
 -0.2851423D+04  0.2944915D+04  0.1603977D+04  0.0000000D+00
 -0.8284714D+03  0.1326212D+04  0.1757377D+04  0.0000000D+00
  0.3179261D+03  0.3727766D+03  0.1855446D+04  0.0000000D+00
  0.1744053D+04  0.6966278D+01 -0.3079626D+01  0.0000000D+00
  0.9893524D+02 -0.5206597D+02  0.1233049D+02  0.0000000D+00
 -0.2374099D+03  0.4824768D+02 -0.1976466D+02  0.0000000D+00
  0.1040983D+04  0.1289619D+01  0.3020904D+02  0.0000000D+00
 -0.1088504D+04 -0.4509609D+02 -0.5288324D+02  0.0000000D+00
  0.7388695D+03  0.5495808D+03  0.6444283D+02  0.0000000D+00
 -0.1308061D+04 -0.3814667D+04 -0.2882031D+03  0.0000000D+00
 -0.4186367D+04  0.5987736D+03  0.7814299D+03  0.0000000D+00
 -0.4625777D+04 -0.3423615D+03  0.9911419D+03  0.0000000D+00
 -0.4590045D+04  0.1206804D+03  0.8330067D+03  0.0000000D+00
 -0.4574392D+04  0.3811553D+03  0.7426217D+03  0.0000000D+00
 -0.3432470D+03 -0.2900554D+02  0.4078358D+01  0.0000000D+00
 -0.1560093D+03  0.2062084D+03 -0.2299314D+02  0.0000000D+00
  0.4652542D+03 -0.2277319D+03  0.4794533D+02  0.0000000D+00
 -0.5414057D+03  0.2958175D+03 -0.8335880D+02  0.0000000D+00
 -0.2647332D+03 -0.5275399D+03  0.1490767D+03  0.0000000D+00
  0.3494738D+04  0.8011664D+03 -0.2631685D+03  0.0000000D+00
 -0.8541391D+03 -0.4554138D+03  0.3165335D+03  0.0000000D+00
  0.7642233D+04 -0.1972143D+04 -0.4989112D+03  0.0000000D+00
  0.7364987D+04 -0.6952546D+03 -0.5261236D+03  0.0000000D+00
  0.4239756D+04  0.8869484D+03 -0.4841385D+03  0.0000000D+00
  0.2407274D+04  0.1827383D+04 -0.4597454D+03  0.0000000D+00
  0.1430116D+02 -0.6760218D+01 -0.3962437D+00  0.0000000D+00
 -0.2704943D+03  0.1110679D+03  0.2607337D+01  0.0000000D+00
  0.6688129D+02 -0.1576131D+03 -0.7082953D+01  0.0000000D+00
 -0.1432891D+03  0.2132796D+03  0.1476796D+02  0.0000000D+00
  0.5552562D+03 -0.3160590D+03 -0.2145459D+02  0.0000000D+00
 -0.9666472D+03  0.1532414D+03  0.2250834D+01  0.0000000D+00
  0.1824193D+04  0.1126759D+04  0.7218483D+02  0.0000000D+00
 -0.9563219D+03  0.3545867D+03  0.2291403D+03  0.0000000D+00
 -0.4120414D+04  0.7331061D+03  0.5384964D+03  0.0000000D+00
 -0.3267013D+04  0.4428580D+03  0.4507068D+03  0.0000000D+00
 -0.2802821D+04  0.2775044D+03  0.4028389D+03  0.0000000D+00
  0.2732527D+03  0.5444160D+02 -0.3577401D+01  0.0000000D+00
 -0.4734435D+03 -0.2796108D+03  0.1796511D+02  0.0000000D+00
 -0.1508051D+03  0.3674871D+03 -0.3496248D+02  0.0000000D+00
  0.2628696D+03 -0.5381736D+03  0.5763561D+02  0.0000000D+00
 -0.2403228D+03  0.9513132D+03 -0.9095352D+02  0.0000000D+00
 -0.2026047D+04 -0.2001871D+04  0.1117528D+03  0.0000000D+00
  0.2599511D+03  0.2365995D+04  0.5601505D+02  0.0000000D+00
  0.6367517D+03 -0.5513643D+03  0.5229233D+03  0.0000000D+00
  0.3247928D+04  0.1322662D+03 -0.1059286D+03  0.0000000D+00
  0.2959711D+04  0.8008466D+02 -0.1981704D+03  0.0000000D+00
  0.2820556D+04  0.5716667D+02 -0.2592662D+03  0.0000000D+00
 -0.4642427D+03 -0.1750096D+02  0.1494295D+01  0.0000000D+00
 -0.6754363D+02  0.7450495D+02 -0.9252090D+01  0.0000000D+00
  0.5422873D+02 -0.1121539D+02  0.1708763D+02  0.0000000D+00
  0.7015001D+01 -0.5898411D+02 -0.3268788D+02  0.0000000D+00
 -0.3282177D+03  0.1505257D+03  0.6309847D+02  0.0000000D+00
  0.7870816D+03 -0.1123460D+03 -0.1013579D+03  0.0000000D+00
 -0.1114076D+04 -0.5513905D+03  0.2214377D+03  0.0000000D+00
  0.7194687D+04 -0.2116432D+03 -0.4249787D+03  0.0000000D+00
  0.7865097D+04 -0.6451759D+03 -0.2745649D+03  0.0000000D+00
  0.5907438D+04 -0.1320812D+04  0.1051154D+03  0.0000000D+00
  0.4769168D+04 -0.1721360D+04  0.3291316D+03  0.0000000D+00
  0.8417076D+03 -0.6276982D+03 -0.2520683D+02  0.0000000D+00
  0.8861015D+02  0.2261791D+04 -0.3306434D+03  0.0000000D+00
  0.5336745D+04  0.2396917D+04  0.2250753D+03  0.0000000D+00
 -0.2550822D+04 -0.9029266D+03 -0.1965303D+03  0.0000000D+00
  0.1285526D+04  0.7113858D+02  0.7871966D+03  0.0000000D+00
  0.3134933D+04 -0.5676790D+03 -0.2408432D+03  0.0000000D+00
 -0.4345994D+03 -0.2699471D+03  0.5732511D+02  0.0000000D+00
  0.7913126D+04 -0.1176113D+04 -0.1020715D+03  0.0000000D+00
  0.6735923D+04 -0.3480583D+03 -0.8814926D+02  0.0000000D+00
  0.2205652D+04 -0.1418390D+03 -0.1806255D+03  0.0000000D+00
 -0.4595457D+03 -0.1159761D+02 -0.2346324D+03  0.0000000D+00
  0.4513376D+03 -0.1008603D+04 -0.6188905D+02  0.0000000D+00
 -0.4103992D+03  0.4878583D+04 -0.5167651D+03  0.0000000D+00
  0.7819526D+04  0.1480841D+04  0.6495270D+03  0.0000000D+00
 -0.3521386D+04  0.2712892D+03 -0.5219337D+03  0.0000000D+00
 -0.3183002D+04  0.4259309D+04  0.1209837D+04  0.0000000D+00
  0.3239088D+03 -0.1537368D+04 -0.1023622D+04  0.0000000D+00
 -0.1658043D+04  0.2395152D+04  0.1827217D+03  0.0000000D+00
 -0.1068113D+05  0.1476368D+04  0.6566655D+03  0.0000000D+00
 -0.8392252D+04  0.1865800D+04  0.7664209D+03  0.0000000D+00
 -0.3055725D+04  0.1654186D+04  0.5113882D+03  0.0000000D+00
  0.9379632D+02  0.1534655D+04  0.3633406D+03  0.0000000D+00
  0.8363850D+03 -0.1148042D+04 -0.2137345D+02  0.0000000D+00
 -0.8410696D+02  0.3271498D+04  0.1005287D+03  0.0000000D+00
  0.1517003D+03 -0.1559767D+04 -0.7149487D+01  0.0000000D+00
 -0.8261881D+02  0.1633263D+04 -0.5455059D+02  0.0000000D+00
 -0.3433464D+04 -0.2976099D+04  0.6285953D+02  0.0000000D+00
  0.2816078D+03 -0.2180216D+02  0.3783594D+03  0.0000000D+00
 -0.8672335D+03  0.6211567D+03 -0.1972522D+03  0.0000000D+00
 -0.1672211D+04 -0.1867732D+03  0.9187916D+03  0.0000000D+00
  0.2118032D+04 -0.3411734D+03  0.6544174D+03  0.0000000D+00
  0.8799294D+03 -0.5601474D+02  0.2694974D+03  0.0000000D+00
  0.1976162D+03  0.1086844D+03  0.4114258D+02  0.0000000D+00
  0.3323246D+03 -0.1169068D+02 -0.9224061D+00  0.0000000D+00
  0.2333102D+04 -0.1829522D+02  0.1090828D+02  0.0000000D+00
 -0.1219209D+04  0.2450800D+02 -0.1645783D+02  0.0000000D+00
  0.2510184D+04 -0.5100325D+02  0.2745633D+02  0.0000000D+00
 -0.1287064D+04  0.5450294D+02 -0.4563515D+02  0.0000000D+00
  0.3546927D+04  0.2190969D+03  0.4904050D+02  0.0000000D+00
 -0.3780630D+03 -0.1630554D+04 -0.1012963D+03  0.0000000D+00
  0.3890375D+04 -0.1152375D+04 -0.9990994D+03  0.0000000D+00
  0.1518704D+04 -0.1780148D+04 -0.8672085D+03  0.0000000D+00
 -0.4618062D+03 -0.5885041D+03 -0.2042463D+03  0.0000000D+00
 -0.1647813D+04  0.1019532D+03  0.1853774D+03  0.0000000D+00
  0.3432341D+03  0.3359743D+02  0.3592333D+01  0.0000000D+00
  0.1257934D+04 -0.7383349D+02 -0.1824273D+01  0.0000000D+00
 -0.5263419D+02  0.1102831D+03  0.3451398D+01  0.0000000D+00
 -0.3251955D+03 -0.1485108D+03 -0.1958332D+01  0.0000000D+00
 -0.1224614D+03  0.3452590D+03 -0.1124092D+02  0.0000000D+00
 -0.2805880D+03 -0.7648759D+03  0.9138179D+02  0.0000000D+00
  0.5218638D+03 -0.5857193D+03  0.2045967D+03  0.0000000D+00
 -0.1486947D+04 -0.6096292D+03 -0.6178300D+03  0.0000000D+00
 -0.2392601D+04 -0.1018009D+04 -0.4569608D+03  0.0000000D+00
 -0.2512912D+02 -0.1493018D+04 -0.3899922D+03  0.0000000D+00
  0.1350236D+04 -0.1775331D+04 -0.3489897D+03  0.0000000D+00
 -0.1769695D+03  0.1060923D+02  0.2915211D+01  0.0000000D+00
 -0.1357177D+03  0.7697066D+02 -0.1611282D+02  0.0000000D+00
 -0.4068473D+02  0.4243041D+01  0.2518858D+02  0.0000000D+00
  0.5985986D+03 -0.1181565D+02 -0.4114000D+02  0.0000000D+00
 -0.1878058D+02  0.1097564D+03  0.6573010D+02  0.0000000D+00
 -0.2757649D+04 -0.6326322D+03 -0.1030755D+03  0.0000000D+00
  0.7606052D+03  0.2483558D+04  0.1696119D+03  0.0000000D+00
  0.5619465D+03 -0.1202989D+04  0.2587848D+03  0.0000000D+00
 -0.7716490D+02 -0.3143268D+03 -0.1615097D+03  0.0000000D+00
  0.6092616D+03 -0.6147736D+03 -0.2490164D+03  0.0000000D+00
  0.1004112D+04 -0.7805804D+03 -0.3049579D+03  0.0000000D+00
 -0.2738370D+03 -0.3435442D+02 -0.1363984D+01  0.0000000D+00
 -0.1997036D+03  0.9986909D+02  0.9933729D+01  0.0000000D+00
  0.3638289D+03 -0.1572680D+03 -0.1763322D+02  0.0000000D+00
 -0.1886863D+03  0.2425749D+03  0.2774770D+02  0.0000000D+00
  0.1336815D+03 -0.4394064D+03 -0.3657249D+02  0.0000000D+00
 -0.6959833D+03  0.6498666D+03  0.9779073D+01  0.0000000D+00
  0.1324273D+04  0.7206205D+03 -0.2990763D+03  0.0000000D+00
  0.1474552D+04  0.1083262D+04  0.3808950D+03  0.0000000D+00
 -0.7632278D+03  0.1453581D+04  0.3674115D+03  0.0000000D+00
 -0.2289035D+04  0.1355012D+04  0.4276287D+03  0.0000000D+00
 -0.3207088D+04  0.1301414D+04  0.4628177D+03  0.0000000D+00
  0.6863594D+02  0.6562571D+01  0.6648236D+00  0.0000000D+00
 -0.3437556D+03 -0.8943479D+02  0.1174103D+01  0.0000000D+00
  0.4753845D+03  0.1997128D+02 -0.1375528D+01  0.0000000D+00
 -0.6723977D+03 -0.4470930D+02 -0.4365724D+01  0.0000000D+00
 -0.1437152D+03 -0.2062284D+02  0.6676023D+01  0.0000000D+00
  0.2256667D+04  0.1911192D+03  0.6208947D+02  0.0000000D+00
 -0.4959430D+03 -0.1485141D+04  0.6181562D+01  0.0000000D+00
 -0.6427004D+03  0.1652586D+04  0.1182750D+03  0.0000000D+00
  0.7145683D+03 -0.2813404D+03  0.2509895D+03  0.0000000D+00
  0.1691601D+04 -0.1251116D+03 -0.1093468D+03  0.0000000D+00
  0.2278424D+04 -0.5543747D+02 -0.3188582D+03  0.0000000D+00
 -0.6401022D+02  0.3004786D+02 -0.2240229D+00  0.0000000D+00
 -0.2954512D+03  0.5343631D+01 -0.7757119D+01  0.0000000D+00
 -0.3054498D+03  0.9568983D+02  0.1842911D+02  0.0000000D+00
  0.6139173D+03 -0.1825229D+03 -0.3145901D+02  0.0000000D+00
 -0.8997425D+03  0.3692814D+03  0.4505774D+02  0.0000000D+00
  0.1748048D+04 -0.4096620D+03 -0.8577412D+02  0.0000000D+00
 -0.3164168D+04 -0.4935737D+03  0.2038376D+03  0.0000000D+00
  0.2205349D+04 -0.3343514D+03 -0.3553567D+03  0.0000000D+00
  0.2284710D+04 -0.3508251D+03 -0.3920698D+03  0.0000000D+00
  0.2181383D+04 -0.1200096D+02 -0.3069020D+03  0.0000000D+00
  0.2121901D+04  0.1861216D+03 -0.2574987D+03  0.0000000D+00
 -0.4918464D+04 -0.2573051D+04  0.8098721D+02  0.0000000D+00
  0.3788913D+04  0.3766636D+04  0.1065499D+03  0.0000000D+00
 -0.1152097D+04  0.8127408D+03 -0.4528410D+02  0.0000000D+00
 -0.3454130D+04  0.1550866D+04 -0.9090806D+02  0.0000000D+00
  0.7701676D+04 -0.3119424D+04 -0.2869867D+03  0.0000000D+00
 -0.2756121D+04  0.2754914D+04 -0.2882866D+03  0.0000000D+00
  0.2292157D+04 -0.2429037D+04  0.3095371D+03  0.0000000D+00
  0.1522418D+03  0.1164983D+04 -0.6864970D+03  0.0000000D+00
  0.1367787D+03  0.8537443D+03 -0.9330847D+03  0.0000000D+00
  0.2616199D+04  0.1614022D+04 -0.4749516D+03  0.0000000D+00
  0.4067204D+04  0.2055707D+04 -0.2095499D+03  0.0000000D+00
 -0.4174890D+04 -0.4255315D+04  0.7748577D+02  0.0000000D+00
  0.3878767D+03  0.4142791D+04  0.9179133D+02  0.0000000D+00
  0.3854191D+04 -0.4765463D+04  0.1122610D+03  0.0000000D+00
 -0.9974987D+04  0.3734156D+04 -0.1365597D+03  0.0000000D+00
  0.7382951D+04 -0.3247274D+04 -0.5093196D+03  0.0000000D+00
 -0.4152596D+04  0.2999009D+04 -0.2346840D+02  0.0000000D+00
 -0.1561157D+04  0.1226330D+04 -0.3664272D+03  0.0000000D+00
  0.4263408D+04 -0.2619082D+03  0.9982821D+03  0.0000000D+00
  0.4223866D+04 -0.1544381D+04  0.9915828D+03  0.0000000D+00
 -0.1032175D+04 -0.2725519D+04  0.3631758D+03  0.0000000D+00
 -0.4108884D+04 -0.3431230D+04 -0.4703217D+01  0.0000000D+00
 -0.3339371D+04 -0.1589944D+04  0.6835544D+01  0.0000000D+00
  0.3134789D+04 -0.1337573D+02 -0.1624305D+03  0.0000000D+00
 -0.4721231D+04  0.3315578D+04  0.2938293D+03  0.0000000D+00
  0.7080210D+04 -0.2271169D+04 -0.6718536D+03  0.0000000D+00
 -0.9953575D+04  0.2323465D+04  0.1221356D+04  0.0000000D+00
  0.3687472D+04 -0.3981501D+04 -0.1564201D+03  0.0000000D+00
 -0.8741544D+03  0.3621827D+04  0.1800814D+03  0.0000000D+00
  0.1607638D+04  0.1184067D+04 -0.4637678D+03  0.0000000D+00
  0.2152716D+04  0.3096817D+04 -0.9413910D+03  0.0000000D+00
  0.1525693D+04  0.1866435D+04 -0.5204685D+03  0.0000000D+00
  0.1164915D+04  0.1167551D+04 -0.2794161D+03  0.0000000D+00
  0.1897026D+04  0.2295795D+01  0.2054058D+01  0.0000000D+00
  0.3668105D+03 -0.4676207D+02 -0.9355696D+01  0.0000000D+00
 -0.2922599D+03  0.1114314D+03  0.1882377D+02  0.0000000D+00
  0.1324123D+04 -0.1694386D+03 -0.3008362D+02  0.0000000D+00
 -0.1441682D+03  0.3423129D+03  0.5027274D+02  0.0000000D+00
 -0.5552260D+03 -0.7811900D+03 -0.1748448D+03  0.0000000D+00
  0.2069955D+04  0.1376858D+04  0.2229798D+03  0.0000000D+00
 -0.7419014D+04 -0.1210787D+04 -0.2606157D+03  0.0000000D+00
 -0.5831864D+04  0.5767225D+02  0.3061230D+03  0.0000000D+00
 -0.2144577D+04  0.1168549D+04  0.4572979D+03  0.0000000D+00
  0.3144443D+02  0.1833013D+04  0.5521746D+03  0.0000000D+00
  0.2006089D+04  0.4070638D+02 -0.2792694D+01  0.0000000D+00
 -0.8325666D+03 -0.3187963D+02  0.1366137D+02  0.0000000D+00
  0.7424303D+03  0.4506452D+02 -0.2366394D+02  0.0000000D+00
 -0.7367773D+03 -0.4484831D+02  0.4515758D+02  0.0000000D+00
 -0.1646783D+01  0.1384803D+03 -0.7679777D+02  0.0000000D+00
 -0.6851655D+03 -0.6993386D+03  0.1615841D+03  0.0000000D+00
  0.5793951D+03 -0.2169819D+04 -0.1230356D+03  0.0000000D+00
  0.1747705D+04 -0.1425811D+04 -0.1043778D+03  0.0000000D+00
  0.1731302D+02 -0.2179971D+04  0.1346814D+03  0.0000000D+00
 -0.4108300D+03 -0.9206834D+03  0.9810277D+02  0.0000000D+00
 -0.6811517D+03 -0.1920777D+03  0.7936481D+02  0.0000000D+00
 -0.1478662D+03 -0.6042602D+01  0.3741759D+01  0.0000000D+00
 -0.5683690D+02  0.1035631D+03 -0.1628414D+02  0.0000000D+00
  0.4457964D+03 -0.1392083D+03  0.3283039D+02  0.0000000D+00
  0.3262046D+03  0.1951868D+03 -0.6009728D+02  0.0000000D+00
  0.4908515D+02 -0.3598506D+03  0.9850783D+02  0.0000000D+00
 -0.4933755D+03  0.7775289D+03 -0.1265888D+03  0.0000000D+00
 -0.8400618D+02 -0.1677505D+04  0.3488645D+03  0.0000000D+00
 -0.1658370D+04  0.3290897D+03 -0.5150445D+03  0.0000000D+00
 -0.1258380D+04 -0.1838018D+03 -0.5112252D+03  0.0000000D+00
 -0.4674592D+03 -0.4126945D+03 -0.1972150D+03  0.0000000D+00
  0.7706094D-01 -0.5524125D+03 -0.1342825D+02  0.0000000D+00
 -0.2359534D+03 -0.4642390D+02  0.3894973D-01  0.0000000D+00
  0.4095345D+03  0.1268876D+03  0.4686383D+01  0.0000000D+00
 -0.3786462D+03 -0.1817273D+03 -0.7688458D+01  0.0000000D+00
  0.4807868D+03  0.2549353D+03  0.1552216D+02  0.0000000D+00
 -0.5110309D+03 -0.4930291D+03 -0.2069738D+02  0.0000000D+00
  0.3615295D+03  0.1199264D+04  0.1111815D+03  0.0000000D+00
  0.1322095D+03  0.1274739D+04 -0.2186445D+03  0.0000000D+00
 -0.2215190D+04 -0.2969830D+03  0.7883193D+03  0.0000000D+00
 -0.1620596D+04  0.5600113D+03  0.7352910D+03  0.0000000D+00
 -0.1707178D+04  0.2186810D+03  0.3461648D+03  0.0000000D+00
 -0.1751178D+04  0.2876925D+02  0.1178461D+03  0.0000000D+00
  0.5865593D+02  0.6850775D+01 -0.4653493D+01  0.0000000D+00
 -0.2392015D+03 -0.5239170D+02  0.2174399D+02  0.0000000D+00
 -0.2701026D+03  0.3207465D+02 -0.4034462D+02  0.0000000D+00
 -0.8554722D+02 -0.6774493D-01  0.6877588D+02  0.0000000D+00
 -0.4362790D+03  0.9265872D+01 -0.1178263D+03  0.0000000D+00
  0.1035791D+04 -0.9187113D+02  0.1677137D+03  0.0000000D+00
 -0.2802453D+03  0.4852427D+03 -0.3091425D+03  0.0000000D+00
  0.6201985D+04  0.3415532D+03  0.5844308D+03  0.0000000D+00
  0.3744566D+04  0.7572391D+03  0.2512568D+03  0.0000000D+00
  0.1584390D+04  0.7034768D+03  0.2489950D+02  0.0000000D+00
  0.2922527D+03  0.6767342D+03 -0.1112930D+03  0.0000000D+00
 -0.5822109D+03  0.3974389D+02  0.1474255D+01  0.0000000D+00
 -0.1788304D+03 -0.8820813D+02 -0.1519083D+02  0.0000000D+00
  0.1683400D+03  0.1728532D+03  0.2461224D+02  0.0000000D+00
 -0.1361039D+03 -0.3061397D+03 -0.4714650D+02  0.0000000D+00
 -0.1896343D+02  0.4700773D+03  0.9484292D+02  0.0000000D+00
  0.2920193D+03 -0.8236990D+03 -0.2623610D+03  0.0000000D+00
 -0.7636059D+03  0.2447574D+03  0.4143225D+03  0.0000000D+00
 -0.3630925D+04  0.1306009D+04 -0.4056358D+03  0.0000000D+00
 -0.2383933D+04  0.5267214D+03 -0.4680417D+03  0.0000000D+00
 -0.2715748D+03  0.3157897D+03 -0.1334285D+03  0.0000000D+00
  0.9791312D+03  0.1834205D+03  0.6164637D+02  0.0000000D+00
