  4  2   693 10944  4  4  9 11  7  1    0.00   24.00  100.00  600.00    0.00    6.28   45.00   45.00
  100.0  100.0  100.0  100.0  125.0  150.0  190.0  230.0  275.0  350.0  450.0  600.0  600.0  600.0  600.0
 -0.5137365D+02 -0.1047187D+02 -0.2633235D+01  0.0000000D+00
 -0.1116155D+02 -0.4724868D+01 -0.2326747D+01  0.0000000D+00
 -0.4533665D+02 -0.2378150D+02 -0.2073547D+01  0.0000000D+00
  0.3222889D+02  0.1065094D+02  0.1157192D+01  0.0000000D+00
 -0.2854188D+02  0.5578260D+01  0.9899284D+00  0.0000000D+00
 -0.4118826D+01  0.7538984D+01  0.9444268D+00  0.0000000D+00
 -0.1658484D+02  0.1829575D+01  0.2965045D+00  0.0000000D+00
 -0.9834217D+01  0.3130068D+01  0.3902331D+00  0.0000000D+00
 -0.9243744D+01  0.3730610D+01  0.7951059D-01  0.0000000D+00
 -0.6400882D+01  0.1003049D+01 -0.3666306D+00  0.0000000D+00
 -0.4730263D+01 -0.5867989D+00 -0.6312579D+00  0.0000000D+00
 -0.9175171D+01 -0.4268359D+01  0.5745615D+00  0.0000000D+00
  0.9458876D+02  0.1873642D+02 -0.5333540D+01  0.0000000D+00
 -0.2870191D+02 -0.1678101D+02  0.2405914D+01  0.0000000D+00
  0.6118443D+02  0.6674952D+01 -0.4376286D+01  0.0000000D+00
 -0.1147318D+02 -0.4869778D+01  0.3438103D+01  0.0000000D+00
  0.1855917D+02 -0.2048250D+01 -0.1015397D+01  0.0000000D+00
  0.5134915D+01  0.2002398D+01 -0.7417303D+00  0.0000000D+00
  0.5530607D+01  0.7791528D+01 -0.6269551D+00  0.0000000D+00
 -0.4838333D+01  0.1032144D+02 -0.3791996D+00  0.0000000D+00
 -0.9297137D+01  0.9510772D+01 -0.2046395D+00  0.0000000D+00
 -0.1202403D+02  0.9064786D+01 -0.9960396D-01  0.0000000D+00
  0.7502457D+01 -0.3131814D+01  0.5423596D+00  0.0000000D+00
  0.4617001D+00 -0.5780308D+01  0.1777397D+01  0.0000000D+00
  0.4256945D+02  0.8266453D+01 -0.1090673D+01  0.0000000D+00
 -0.5367618D+02  0.4024382D+01  0.6744292D+00  0.0000000D+00
 -0.6487212D+01  0.2668011D+01  0.1099837D+00  0.0000000D+00
 -0.1921732D+02 -0.1166398D+01  0.5320199D+00  0.0000000D+00
 -0.5675860D+01  0.1288953D+01 -0.1298192D+00  0.0000000D+00
 -0.7902062D+01 -0.7170721D-01 -0.2553473D+00  0.0000000D+00
 -0.1372546D+01 -0.4153225D+01 -0.5542031D+00  0.0000000D+00
  0.4333513D+01 -0.7852405D+01 -0.8774255D+00  0.0000000D+00
  0.7747282D+01 -0.1006348D+02 -0.1070021D+01  0.0000000D+00
  0.3649110D+01  0.3015914D+00  0.1268204D-01  0.0000000D+00
 -0.3480612D+01 -0.1352672D+00 -0.5597361D-03  0.0000000D+00
 -0.1355798D+01  0.1079821D+00  0.1981621D-01  0.0000000D+00
  0.7391059D+00  0.2677099D-01 -0.3953024D-01  0.0000000D+00
 -0.5180059D+00 -0.8317485D-02  0.4934101D-01  0.0000000D+00
  0.1824260D+01  0.5521495D+00 -0.9010037D-01  0.0000000D+00
  0.1292789D+01  0.1934809D+01 -0.3779107D+00  0.0000000D+00
 -0.8127600D+00  0.3946154D+01  0.1484697D+00  0.0000000D+00
 -0.2212605D+01  0.2797044D+01  0.3202581D+00  0.0000000D+00
 -0.2913748D+01  0.2396500D+01  0.4890221D+00  0.0000000D+00
 -0.3339894D+01  0.2149199D+01  0.5897554D+00  0.0000000D+00
 -0.1524178D+01  0.3776969D+00 -0.1477443D-01  0.0000000D+00
  0.2338811D+01  0.3749368D+00  0.2728382D-02  0.0000000D+00
 -0.2772320D+01 -0.7558586D+00 -0.1018237D-01  0.0000000D+00
  0.1053346D+01  0.3409674D+00  0.1926430D-01  0.0000000D+00
 -0.7799789D+00 -0.3846440D+00 -0.2783333D-01  0.0000000D+00
  0.2056830D+01  0.1725522D+01 -0.2737603D-01  0.0000000D+00
 -0.2872792D+00 -0.3159727D+00  0.9888595D-01  0.0000000D+00
 -0.2235931D+01  0.3646514D+01 -0.3316321D+00  0.0000000D+00
 -0.4363593D+01  0.3820485D+01 -0.1473336D+00  0.0000000D+00
 -0.4438376D+01  0.4596542D+01  0.8532193D-01  0.0000000D+00
 -0.4506046D+01  0.5052893D+01  0.2236034D+00  0.0000000D+00
  0.2406739D+00  0.5679481D-01  0.6311743D-02  0.0000000D+00
 -0.1050157D+01 -0.2364754D+00  0.3947246D-01  0.0000000D+00
 -0.1027215D+01  0.3555400D+00 -0.2914581D-01  0.0000000D+00
  0.4977197D+00 -0.2319067D+00  0.3644436D-01  0.0000000D+00
 -0.1508610D+00  0.2649651D+00 -0.4850954D-01  0.0000000D+00
 -0.1241428D+01 -0.7414396D+00  0.1220961D+00  0.0000000D+00
 -0.7094093D+00 -0.4490626D+00  0.4100802D+00  0.0000000D+00
  0.1795564D+01 -0.4085017D+01  0.2364651D+00  0.0000000D+00
  0.5500311D+01 -0.3931265D+01  0.1185683D+00  0.0000000D+00
  0.7146513D+01 -0.4075444D+01 -0.5207920D-01  0.0000000D+00
  0.8151933D+01 -0.4158224D+01 -0.1533072D+00  0.0000000D+00
  0.1046872D+00  0.2164852D+00 -0.3515996D-03  0.0000000D+00
  0.1547388D+01 -0.5912349D-01 -0.1725421D-01  0.0000000D+00
 -0.1421936D+01  0.7555473D-01  0.2349822D-02  0.0000000D+00
  0.3191993D+00 -0.8523784D-01 -0.1167414D-01  0.0000000D+00
  0.5745528D+00  0.3599924D+00  0.3625991D-02  0.0000000D+00
 -0.3009446D+01 -0.1846993D+01  0.7189203D-01  0.0000000D+00
  0.9349973D+00  0.3068637D+00 -0.1335074D+00  0.0000000D+00
  0.4267156D-01  0.4545373D+00  0.1544463D+00  0.0000000D+00
 -0.3618424D+01  0.2312463D+01  0.3729679D+00  0.0000000D+00
 -0.7510419D+01  0.4374346D+01  0.5351949D+00  0.0000000D+00
 -0.9830013D+01  0.5602277D+01  0.6326251D+00  0.0000000D+00
 -0.5700680D+00  0.2719581D-01 -0.1108786D-01  0.0000000D+00
 -0.1898835D-01 -0.1178869D+00 -0.5871522D-02  0.0000000D+00
 -0.2697904D-01  0.1719868D+00  0.8702403D-02  0.0000000D+00
 -0.1452739D-01 -0.4352928D-01 -0.2649564D-01  0.0000000D+00
 -0.2520638D+00 -0.3584079D-01  0.5325104D-01  0.0000000D+00
  0.7111617D+00  0.1554562D+00 -0.1507085D+00  0.0000000D+00
 -0.2589338D+01  0.1419769D-01  0.1021245D-01  0.0000000D+00
 -0.1072066D+01 -0.1227297D+01  0.6042848D-02  0.0000000D+00
  0.3023760D+00 -0.1132548D+01 -0.3078415D-01  0.0000000D+00
  0.1577398D+01 -0.1141055D+01 -0.2181982D-01  0.0000000D+00
  0.2339234D+01 -0.1144951D+01 -0.1698339D-01  0.0000000D+00
  0.5487859D+00  0.3595458D-01 -0.2894326D-02  0.0000000D+00
  0.4287693D+00  0.4521489D-01 -0.4647489D-02  0.0000000D+00
 -0.5928761D+00 -0.1971839D+00  0.9946121D-02  0.0000000D+00
  0.4531963D+00  0.6698723D-01  0.5289229D-02  0.0000000D+00
 -0.6202339D+00 -0.2071006D+00  0.2594582D-02  0.0000000D+00
  0.1505188D+01  0.9189779D+00 -0.4868864D-01  0.0000000D+00
  0.5565726D+00 -0.2390994D+00  0.1213596D+00  0.0000000D+00
  0.2526302D+01 -0.1400353D+01  0.9230887D-01  0.0000000D+00
  0.2393746D+01 -0.3229628D+00  0.4119802D-01  0.0000000D+00
  0.8624987D+00  0.5339943D+00 -0.4697970D-02  0.0000000D+00
 -0.3540048D-01  0.1047718D+01 -0.3214077D-01  0.0000000D+00
 -0.4807482D+02  0.1121772D+02  0.4243964D+00  0.0000000D+00
  0.5924802D+02  0.1653784D+02 -0.5788228D+01  0.0000000D+00
 -0.4111358D+02 -0.8726879D+01  0.4685759D+01  0.0000000D+00
  0.1711148D+02  0.8240883D+01 -0.5251084D+00  0.0000000D+00
 -0.6999422D+01 -0.4203421D+00  0.8007062D+00  0.0000000D+00
 -0.2223327D+01  0.1617209D+01  0.3352673D+00  0.0000000D+00
  0.6762835D+00 -0.1752393D+00  0.9124976D-01  0.0000000D+00
 -0.2487784D+01  0.5011686D+01  0.1097448D+01  0.0000000D+00
 -0.7285408D+01  0.6148201D+01  0.1495456D+01  0.0000000D+00
 -0.8912565D+01  0.4698390D+01  0.1277933D+01  0.0000000D+00
 -0.9918917D+01  0.3862417D+01  0.1155049D+01  0.0000000D+00
 -0.5226740D+02  0.7854090D+01 -0.3108975D+00  0.0000000D+00
  0.6037869D+02  0.2961221D+01 -0.3577168D+01  0.0000000D+00
 -0.6142252D+02  0.8086481D+00  0.3521951D+01  0.0000000D+00
  0.1629881D+02 -0.7760228D+01 -0.1986853D+01  0.0000000D+00
 -0.5098498D+00  0.3055078D+01 -0.9383136D+00  0.0000000D+00
  0.5176647D+01 -0.1628301D+01 -0.1515606D+01  0.0000000D+00
  0.3359234D+01 -0.1104476D+01 -0.6609120D+00  0.0000000D+00
  0.2016777D+00  0.5836892D+00 -0.6142391D+00  0.0000000D+00
 -0.3489595D+01  0.1461881D+01 -0.3076911D+00  0.0000000D+00
 -0.4915060D+01  0.1225109D+01 -0.3231243D+00  0.0000000D+00
 -0.5790864D+01  0.1096475D+01 -0.3287546D+00  0.0000000D+00
  0.3391523D+02 -0.1011862D+01  0.3818190D+01  0.0000000D+00
  0.2148941D+02  0.8316562D+01 -0.7102383D+01  0.0000000D+00
 -0.6644659D+01 -0.1332974D+02 -0.3831631D+01  0.0000000D+00
  0.2532286D+02  0.1370641D+02  0.4132434D+01  0.0000000D+00
  0.4580546D+01 -0.5048724D+01 -0.9238840D+00  0.0000000D+00
  0.7692071D+01  0.1631728D+01 -0.1550721D-01  0.0000000D+00
  0.3072536D+01 -0.2350884D+01  0.1578687D+00  0.0000000D+00
  0.2051975D+01 -0.3061837D+00  0.3349216D+00  0.0000000D+00
  0.2628287D+00 -0.2785456D+01  0.6034074D+00  0.0000000D+00
 -0.4580488D+00 -0.4081627D+01  0.7495053D+00  0.0000000D+00
 -0.9000923D+00 -0.4868027D+01  0.8380830D+00  0.0000000D+00
  0.1035551D+02 -0.4266841D+00 -0.1417220D-02  0.0000000D+00
 -0.4787020D+01  0.2297582D+00 -0.9083650D-02  0.0000000D+00
  0.4717411D+00 -0.1769268D+00 -0.5545498D-02  0.0000000D+00
  0.6215827D+00  0.1183581D+00  0.1242664D-01  0.0000000D+00
 -0.3887020D+00 -0.1776922D-01 -0.1801998D-01  0.0000000D+00
 -0.1100957D+01  0.4276750D+00 -0.1983252D-01  0.0000000D+00
 -0.3027305D+01  0.1123775D+01 -0.2240821D+00  0.0000000D+00
  0.1933167D-01 -0.3920794D+00 -0.6819792D+00  0.0000000D+00
  0.1380362D+01  0.6903440D+00 -0.6117435D+00  0.0000000D+00
  0.1713243D+01  0.1954609D+01 -0.4226401D+00  0.0000000D+00
  0.1923412D+01  0.2706808D+01 -0.3111622D+00  0.0000000D+00
 -0.3087759D+01 -0.9299355D+00  0.1006760D-01  0.0000000D+00
 -0.4853006D-01  0.7545993D+00  0.4855064D-02  0.0000000D+00
  0.1233786D-02 -0.1669687D+01  0.2821818D-01  0.0000000D+00
 -0.2080578D+00  0.5276332D+00 -0.3689869D-01  0.0000000D+00
  0.3734573D-01 -0.6831031D-02  0.1336970D-01  0.0000000D+00
 -0.9122531D+00 -0.1285868D+01  0.2940044D+00  0.0000000D+00
 -0.6433223D+00  0.2384856D+00 -0.3841354D+00  0.0000000D+00
 -0.1063051D+01  0.3907198D+00 -0.2144996D+00  0.0000000D+00
 -0.1804360D+01  0.1038821D+01 -0.3133974D+00  0.0000000D+00
 -0.2023755D+01  0.5815986D+00 -0.2858361D+00  0.0000000D+00
 -0.2160407D+01  0.3210935D+00 -0.2708483D+00  0.0000000D+00
  0.2807684D+00  0.2927781D-01  0.1304885D-02  0.0000000D+00
 -0.1303793D+01 -0.2441667D-01 -0.4165139D-01  0.0000000D+00
  0.2248360D+00  0.2000517D+00  0.1224220D-01  0.0000000D+00
  0.1939070D+00 -0.1891388D+00  0.1394876D-01  0.0000000D+00
 -0.4467581D+00  0.2975389D+00 -0.1865508D-01  0.0000000D+00
  0.2680702D+01 -0.1121805D+01  0.9354135D-01  0.0000000D+00
  0.1649693D+01 -0.2538612D+00 -0.2024385D-01  0.0000000D+00
  0.2535289D+01 -0.2517519D+01  0.1798973D-01  0.0000000D+00
  0.3148502D+01 -0.2213913D+01  0.8974553D-01  0.0000000D+00
  0.3542746D+01 -0.2146988D+01  0.9694017D-01  0.0000000D+00
  0.3780379D+01 -0.2104492D+01  0.1019723D+00  0.0000000D+00
  0.2254949D+01 -0.3667473D+00 -0.1209967D-01  0.0000000D+00
 -0.1295968D+01  0.9138821D-01  0.2660472D-01  0.0000000D+00
  0.4420995D+00 -0.6204735D-01 -0.2315357D-01  0.0000000D+00
  0.9379981D-01  0.4492926D-01  0.3452438D-01  0.0000000D+00
 -0.6116391D+00 -0.2087052D-01 -0.4149031D-01  0.0000000D+00
  0.1984933D+01  0.9232771D+00 -0.1794593D+00  0.0000000D+00
 -0.4499203D+01  0.1453345D+01  0.5861114D-01  0.0000000D+00
 -0.4273091D+01  0.1370307D+01  0.1160482D-01  0.0000000D+00
 -0.3475848D+01  0.1067905D+01  0.5334640D-01  0.0000000D+00
 -0.3372634D+01  0.1532829D+01  0.5332293D-01  0.0000000D+00
 -0.3303488D+01  0.1801576D+01  0.5380152D-01  0.0000000D+00
 -0.2113340D+01  0.3337425D-01 -0.7623601D-02  0.0000000D+00
  0.1268886D+00 -0.1468100D+00  0.1827954D-01  0.0000000D+00
  0.6892944D+00  0.4033541D+00 -0.2835820D-02  0.0000000D+00
 -0.6541539D+00 -0.1635598D+00 -0.8031903D-02  0.0000000D+00
  0.1135851D+01 -0.1118550D+00  0.2331501D-01  0.0000000D+00
 -0.3725675D+01  0.8359923D+00 -0.1005118D+00  0.0000000D+00
  0.2936471D+01  0.2952795D+00  0.6906451D-01  0.0000000D+00
  0.2267303D+01 -0.1242808D+01 -0.8235761D-01  0.0000000D+00
  0.1608013D+01 -0.1404110D+01 -0.3030525D-01  0.0000000D+00
  0.8802275D+00 -0.1195319D+01 -0.5877315D-01  0.0000000D+00
  0.4468496D+00 -0.1074918D+01 -0.7485555D-01  0.0000000D+00
  0.1015844D+01 -0.6270810D-01 -0.5227935D-04  0.0000000D+00
 -0.7004232D+00  0.3351369D-01  0.7146003D-02  0.0000000D+00
  0.4183734D+00  0.1369845D-01 -0.3431288D-02  0.0000000D+00
 -0.1943491D+00 -0.1406754D+00 -0.8853618D-02  0.0000000D+00
 -0.9212264D-01  0.2391272D+00  0.1924508D-01  0.0000000D+00
  0.9617065D+00 -0.1042214D+01  0.6325323D-01  0.0000000D+00
 -0.1131016D+00  0.3827339D+00 -0.3983219D-01  0.0000000D+00
 -0.5766361D+00 -0.7688402D+00  0.1344471D+00  0.0000000D+00
 -0.9207191D+00  0.3293202D+00  0.1165418D+00  0.0000000D+00
 -0.1483211D+01  0.5745445D+00  0.1907417D+00  0.0000000D+00
 -0.1816497D+01  0.7303420D+00  0.2339773D+00  0.0000000D+00
  0.2933005D+01  0.8952013D+01 -0.2376983D+01  0.0000000D+00
 -0.7429282D+01 -0.9588086D+01 -0.2457569D+01  0.0000000D+00
 -0.1950921D+02  0.9418178D+01  0.2197088D+00  0.0000000D+00
  0.3827125D+00  0.1057875D+01 -0.1136457D+01  0.0000000D+00
  0.4370299D+01 -0.2476198D+01 -0.3897857D+00  0.0000000D+00
  0.1866237D+01  0.1541594D+01 -0.7270861D+00  0.0000000D+00
  0.8653507D+00 -0.1471982D+01 -0.5934896D-01  0.0000000D+00
  0.1376086D+01 -0.1211440D+01 -0.3861189D+00  0.0000000D+00
  0.2259900D+01 -0.1693062D+01 -0.1048268D+00  0.0000000D+00
  0.2362349D+01  0.3245245D-01  0.3176529D+00  0.0000000D+00
  0.2432306D+01  0.1037127D+01  0.5681620D+00  0.0000000D+00
  0.3670620D+02  0.9734638D+01  0.4150084D+00  0.0000000D+00
  0.7050410D+01 -0.8988291D+01 -0.5615443D+01  0.0000000D+00
 -0.6083852D+02 -0.1088553D+02  0.3737031D+01  0.0000000D+00
  0.2852005D+02 -0.1579340D+01 -0.9156355D-01  0.0000000D+00
 -0.1201968D+02 -0.1872581D+01  0.5826845D+00  0.0000000D+00
  0.3800395D+01 -0.3027972D+01 -0.1520540D+01  0.0000000D+00
 -0.1958602D+01 -0.3805269D+00  0.5357767D-01  0.0000000D+00
  0.1153186D+01 -0.2630475D+01 -0.7794979D+00  0.0000000D+00
  0.2081138D+01 -0.3625107D+01 -0.6718528D+00  0.0000000D+00
  0.2468016D+01 -0.2780212D+01 -0.6916381D+00  0.0000000D+00
  0.2704902D+01 -0.2296940D+01 -0.7020367D+00  0.0000000D+00
  0.2131455D+02 -0.9461692D+00 -0.5263764D+01  0.0000000D+00
 -0.2391368D+01  0.6529560D+01 -0.5004822D-01  0.0000000D+00
 -0.2069357D+02 -0.7366200D+01  0.3453545D+01  0.0000000D+00
  0.2494247D+02  0.7129737D+01 -0.1099644D+01  0.0000000D+00
 -0.1274829D+02 -0.1445508D+01  0.4826193D+00  0.0000000D+00
  0.4462331D+01  0.2067826D+01 -0.6921957D+00  0.0000000D+00
 -0.3159814D+01  0.3569352D+00 -0.1628149D+00  0.0000000D+00
 -0.2936468D-01  0.1903265D+01 -0.4903038D+00  0.0000000D+00
 -0.1721350D+01  0.2217589D+01 -0.4112893D+00  0.0000000D+00
 -0.1586765D+01  0.1817034D+01 -0.1032274D+00  0.0000000D+00
 -0.1527060D+01  0.1586051D+01  0.7805402D-01  0.0000000D+00
 -0.6609982D+01 -0.3330176D+00 -0.1359663D-01  0.0000000D+00
 -0.1040243D+01 -0.2195923D+00  0.3459098D-01  0.0000000D+00
  0.2015917D+01  0.7501784D+00  0.2804460D-02  0.0000000D+00
 -0.4647738D+00 -0.1065298D+00 -0.3636758D-02  0.0000000D+00
  0.1316537D-01 -0.1532422D+00  0.2598610D-01  0.0000000D+00
  0.4666771D+00  0.1121803D+01 -0.1811618D+00  0.0000000D+00
 -0.1219673D+01  0.9361955D+00  0.1733731D+00  0.0000000D+00
  0.2853122D-01  0.1285349D+01  0.5185874D-01  0.0000000D+00
  0.1558812D+00  0.8757404D+00  0.3034496D+00  0.0000000D+00
 -0.1127478D+00  0.3364010D+00  0.2904568D+00  0.0000000D+00
 -0.2686140D+00  0.1607417D-01  0.2856427D+00  0.0000000D+00
  0.6423728D+00 -0.3121300D+00 -0.2577399D-01  0.0000000D+00
  0.2781356D+01  0.1683613D+00 -0.6054064D-03  0.0000000D+00
 -0.1063296D+01 -0.5100257D+00  0.5670679D-02  0.0000000D+00
  0.2149762D+00  0.3030874D+00 -0.2962353D-01  0.0000000D+00
 -0.2940311D+00 -0.1978359D+00  0.4028205D-01  0.0000000D+00
  0.1261338D+01  0.8635666D+00  0.1118087D-01  0.0000000D+00
  0.6514806D+00 -0.1743697D+01 -0.7838920D-01  0.0000000D+00
  0.3295718D+00  0.6505369D+00  0.7018762D-01  0.0000000D+00
  0.7285923D+00  0.7722835D+00 -0.2585734D+00  0.0000000D+00
  0.1684641D+01 -0.1620596D+00 -0.4007890D+00  0.0000000D+00
  0.2248896D+01 -0.7078251D+00 -0.4877314D+00  0.0000000D+00
 -0.2766181D+00 -0.9984268D-01  0.1753470D-01  0.0000000D+00
  0.3896636D+00 -0.1486663D+00  0.1741501D-01  0.0000000D+00
  0.5043307D+00  0.5163286D+00 -0.1049877D-01  0.0000000D+00
 -0.6053360D-01 -0.2990486D+00 -0.1925711D-01  0.0000000D+00
  0.2014292D+00  0.3687195D+00  0.1302329D-01  0.0000000D+00
 -0.9945144D+00 -0.1284309D+01  0.4378902D-01  0.0000000D+00
  0.1641926D+01 -0.9011495D+00  0.1955259D+00  0.0000000D+00
  0.6324451D+00 -0.3796593D+00  0.4359942D+00  0.0000000D+00
  0.4806889D+00 -0.3408181D+00  0.2967210D+00  0.0000000D+00
 -0.6933791D-01 -0.2400678D+00  0.3288397D+00  0.0000000D+00
 -0.3931634D+00 -0.1804671D+00  0.3460805D+00  0.0000000D+00
  0.8059409D+00 -0.1878118D+00  0.2059832D-01  0.0000000D+00
  0.1686024D+01  0.1228157D+00 -0.5185853D-02  0.0000000D+00
 -0.7378635D+00 -0.1935242D+00 -0.1472345D-01  0.0000000D+00
  0.3080919D+00  0.7018570D-01  0.3726067D-01  0.0000000D+00
  0.4009724D-01 -0.5808067D-01 -0.4485165D-01  0.0000000D+00
 -0.7614107D+00 -0.7294551D+00  0.6598690D-01  0.0000000D+00
  0.5858114D-01 -0.1747931D+00  0.9557364D-01  0.0000000D+00
  0.3407415D+00 -0.5067684D+00  0.1463375D+00  0.0000000D+00
  0.9244524D+00  0.5327397D+00  0.1497600D+00  0.0000000D+00
  0.1752241D+01  0.3269447D+00  0.1216685D+00  0.0000000D+00
  0.2243491D+01  0.2180900D+00  0.1052822D+00  0.0000000D+00
  0.6159653D+00 -0.3017693D-01 -0.7906777D-02  0.0000000D+00
  0.9200976D+00 -0.6420245D-01  0.1512006D-01  0.0000000D+00
  0.8662032D-01  0.2400323D+00  0.4323552D-02  0.0000000D+00
 -0.9312508D-01 -0.1042382D+00 -0.1426729D-01  0.0000000D+00
 -0.1112803D+00 -0.5504141D-01  0.2537938D-01  0.0000000D+00
  0.1243551D+01  0.6688970D+00 -0.1281532D-01  0.0000000D+00
 -0.1413433D+01  0.3413382D+00 -0.4473134D-01  0.0000000D+00
  0.7981531D+00  0.1491933D+00 -0.3181096D-01  0.0000000D+00
  0.7436928D+00 -0.7473744D+00 -0.1515571D+00  0.0000000D+00
  0.1422847D+00 -0.6767612D+00 -0.2233722D+00  0.0000000D+00
 -0.2104765D+00 -0.6454536D+00 -0.2667754D+00  0.0000000D+00
 -0.4367345D+00 -0.6129464D-01  0.1652684D-01  0.0000000D+00
  0.5246502D+00  0.1510970D-01 -0.3389526D-01  0.0000000D+00
  0.2113238D+00  0.8873116D-01  0.2465448D-01  0.0000000D+00
 -0.1294426D+00 -0.3181625D-01 -0.3759129D-01  0.0000000D+00
  0.1242535D+00 -0.1772773D+00  0.5216276D-01  0.0000000D+00
 -0.2750013D-01  0.7453937D+00 -0.1188546D+00  0.0000000D+00
  0.3322571D+00 -0.3970995D+00  0.2204269D-01  0.0000000D+00
  0.3591735D+00 -0.1171374D+00  0.1193137D+00  0.0000000D+00
  0.7063988D+00 -0.3246059D+00  0.1010044D+00  0.0000000D+00
  0.8793342D+00 -0.5301669D+00  0.1356969D+00  0.0000000D+00
  0.9844207D+00 -0.6528289D+00  0.1557942D+00  0.0000000D+00
  0.6478917D+01  0.6175673D+01  0.1989334D+01  0.0000000D+00
 -0.1778077D+02  0.5514280D+01 -0.2875608D+01  0.0000000D+00
  0.1732905D+02  0.5313680D+01  0.6706052D+00  0.0000000D+00
 -0.1144360D+02 -0.5795246D+01  0.6789381D-01  0.0000000D+00
  0.7523114D+01  0.1533229D+01 -0.1870249D+00  0.0000000D+00
 -0.3463596D+01 -0.6790564D+00  0.5820807D-01  0.0000000D+00
  0.1454304D+01  0.5354958D+00  0.2314495D-01  0.0000000D+00
 -0.1423031D+01  0.8584896D+00 -0.4410026D-01  0.0000000D+00
 -0.1129225D+01  0.1315435D+01  0.1062196D+00  0.0000000D+00
 -0.1248400D+01  0.1311730D+01  0.1005897D+00  0.0000000D+00
 -0.1314815D+01  0.1314736D+01  0.9898464D-01  0.0000000D+00
  0.1476400D+02  0.2850314D+01  0.1452938D+01  0.0000000D+00
 -0.1641275D+02 -0.6026283D+01 -0.3522595D+01  0.0000000D+00
  0.2069085D+02  0.1103070D+02  0.9564300D+00  0.0000000D+00
 -0.1159340D+02 -0.6265603D+01  0.5517027D-02  0.0000000D+00
  0.2766412D+01  0.3416416D+01 -0.1812141D+00  0.0000000D+00
 -0.3840362D+01 -0.8433400D+00  0.4132680D+00  0.0000000D+00
  0.9247921D-01  0.1037791D+01 -0.2039061D+00  0.0000000D+00
 -0.1048446D+01  0.4420689D+00 -0.3170083D-01  0.0000000D+00
 -0.3189289D+00  0.2810935D+00 -0.3509060D-01  0.0000000D+00
 -0.4888849D+00  0.4033615D+00  0.1646254D-03  0.0000000D+00
 -0.5801420D+00  0.4731937D+00  0.2073071D-01  0.0000000D+00
 -0.1210152D+02 -0.4128762D+01  0.1060802D+01  0.0000000D+00
  0.1091209D+02 -0.4824391D+01 -0.6559019D+00  0.0000000D+00
 -0.8597145D+01  0.4373908D+01 -0.1446153D+01  0.0000000D+00
  0.4420244D+01 -0.6820091D+01  0.1448358D+01  0.0000000D+00
 -0.4262903D+01  0.1062083D+01 -0.7029257D+00  0.0000000D+00
 -0.8132115D+00 -0.1876508D+00  0.9706491D-01  0.0000000D+00
  0.2422156D+00  0.8464717D+00 -0.1507294D+00  0.0000000D+00
 -0.5646532D-02 -0.5583533D+00  0.1990649D+00  0.0000000D+00
  0.8591146D+00 -0.8866592D+00 -0.4446602D-02  0.0000000D+00
  0.9592697D+00 -0.5238576D+00 -0.9568266D-01  0.0000000D+00
  0.1027639D+01 -0.3151426D+00 -0.1513757D+00  0.0000000D+00
  0.3388171D+01 -0.8420506D-02  0.1378314D-01  0.0000000D+00
 -0.1834644D+01  0.4652399D+00 -0.1789046D-01  0.0000000D+00
 -0.3033483D+01 -0.1101138D+01  0.1758823D-01  0.0000000D+00
  0.1764773D+01  0.2971592D+00 -0.2343028D-01  0.0000000D+00
 -0.6459806D+00 -0.7584711D-01  0.1885454D-01  0.0000000D+00
 -0.4636573D+00  0.8280682D-01 -0.6933976D-01  0.0000000D+00
 -0.1149909D+01  0.5740079D+00  0.6135401D-01  0.0000000D+00
  0.1333414D+00 -0.4959621D+00 -0.5952077D-01  0.0000000D+00
 -0.1662446D+00  0.1278064D+00  0.5161811D-01  0.0000000D+00
 -0.3329244D+00  0.5242373D+00  0.1133873D+00  0.0000000D+00
 -0.4338567D+00  0.7632152D+00  0.1507796D+00  0.0000000D+00
 -0.2524311D+01  0.5322374D+00  0.1338266D-01  0.0000000D+00
  0.5504400D+00  0.5667427D+00 -0.1848443D-01  0.0000000D+00
 -0.1314292D+00 -0.1354200D+01  0.1914300D-01  0.0000000D+00
  0.7235230D-01  0.4267795D+00 -0.2850075D-01  0.0000000D+00
 -0.1928787D+00 -0.2062968D+00  0.2938419D-01  0.0000000D+00
  0.5357954D+00  0.1490473D+00 -0.7134537D-01  0.0000000D+00
  0.8004485D+00 -0.1366671D+00  0.7698625D-01  0.0000000D+00
  0.8349186D+00 -0.4442290D+00  0.1142049D+00  0.0000000D+00
  0.1656118D+01 -0.6342399D+00  0.8174183D-01  0.0000000D+00
  0.2066618D+01 -0.8572149D+00  0.6075834D-01  0.0000000D+00
  0.2316154D+01 -0.9899630D+00  0.4810171D-01  0.0000000D+00
 -0.3835682D+00 -0.1989544D+00 -0.1843288D-01  0.0000000D+00
  0.5374264D+00  0.2133603D+00  0.1190346D-01  0.0000000D+00
 -0.1422789D+01 -0.3935827D+00 -0.1760354D-01  0.0000000D+00
  0.8399615D+00  0.1904765D-01  0.2219501D-01  0.0000000D+00
 -0.7300072D+00  0.6309369D-01 -0.3425523D-01  0.0000000D+00
  0.1018502D+01 -0.3510656D+00  0.1297209D+00  0.0000000D+00
  0.3349043D+00  0.1568031D+00 -0.6845102D-01  0.0000000D+00
  0.1453645D+00 -0.6080292D+00  0.6579811D-01  0.0000000D+00
 -0.3599044D+00 -0.3403065D+00  0.4763779D-02  0.0000000D+00
 -0.5967255D+00 -0.1010054D-01 -0.5903789D-01  0.0000000D+00
 -0.7410096D+00  0.1861530D+00 -0.9707503D-01  0.0000000D+00
 -0.1001388D+01  0.2372823D+00 -0.7786278D-02  0.0000000D+00
 -0.2145724D-01 -0.7490870D-01  0.1493934D-01  0.0000000D+00
  0.5062232D-01  0.6579633D-01 -0.3495497D-02  0.0000000D+00
 -0.2370520D+00 -0.7269525D-01  0.1028734D-01  0.0000000D+00
  0.2806459D+00  0.1424719D+00 -0.2035793D-01  0.0000000D+00
 -0.1377940D+00 -0.2926421D+00  0.1273449D+00  0.0000000D+00
  0.4837039D-01  0.2803760D+00 -0.1079562D+00  0.0000000D+00
 -0.3136589D+00  0.4153272D+00  0.4908707D-01  0.0000000D+00
  0.8841489D-01 -0.1183359D+00  0.1966234D-01  0.0000000D+00
  0.3660842D+00 -0.2010312D+00  0.1152838D-01  0.0000000D+00
  0.5330887D+00 -0.2554138D+00  0.6449862D-02  0.0000000D+00
 -0.2054334D+00 -0.4587775D-01  0.1049010D-01  0.0000000D+00
  0.6490092D+00 -0.2787034D-01 -0.4303414D-01  0.0000000D+00
 -0.7565419D-01  0.5039018D-01  0.2672336D-01  0.0000000D+00
 -0.1892355D-01  0.2070683D-01 -0.2704119D-01  0.0000000D+00
  0.1188120D-01 -0.3993026D-01  0.3184592D-01  0.0000000D+00
 -0.4105759D-01  0.1529498D+00 -0.8783353D-01  0.0000000D+00
  0.3339859D+00 -0.9451165D-02  0.6674497D-01  0.0000000D+00
  0.6172646D+00 -0.3995402D+00  0.2207103D-01  0.0000000D+00
 -0.2854516D-01 -0.3414991D+00 -0.2283802D-01  0.0000000D+00
 -0.3978669D+00 -0.2286252D-01 -0.4206929D-01  0.0000000D+00
 -0.6212856D+00  0.1643032D+00 -0.5381932D-01  0.0000000D+00
  0.8271789D+00 -0.3702348D-02 -0.9043655D-02  0.0000000D+00
 -0.3786112D+00  0.7558862D-01  0.1314800D-01  0.0000000D+00
 -0.4832534D-01 -0.1533054D+00 -0.1713874D-01  0.0000000D+00
  0.7797724D-01  0.1506939D+00  0.2043815D-01  0.0000000D+00
 -0.5295500D-01 -0.1537943D+00 -0.1804236D-01  0.0000000D+00
 -0.2573677D+00  0.3429972D+00 -0.7184346D-01  0.0000000D+00
  0.2305077D+00 -0.1852387D+00 -0.2545510D-02  0.0000000D+00
 -0.1823817D+00  0.1004859D+00 -0.9384210D-01  0.0000000D+00
 -0.2603782D+00  0.3987049D+00 -0.7938559D-01  0.0000000D+00
 -0.5256000D-01  0.4266121D+00 -0.6735889D-01  0.0000000D+00
  0.6817843D-01  0.4462749D+00 -0.6016211D-01  0.0000000D+00
  0.7733954D+01 -0.2051036D+01 -0.7060505D+00  0.0000000D+00
 -0.3325128D+02 -0.1176198D+02  0.3063260D+01  0.0000000D+00
  0.3241225D+02  0.1363695D+01 -0.1398555D+00  0.0000000D+00
 -0.2202086D+02 -0.5789232D+00 -0.4496752D+00  0.0000000D+00
  0.6768763D+01  0.3211942D+00  0.6236628D-01  0.0000000D+00
 -0.2352835D+01  0.4690885D+00  0.1454753D+00  0.0000000D+00
  0.5748211D+00  0.7743540D+00 -0.9341490D-01  0.0000000D+00
 -0.8939121D+00  0.5257194D+00 -0.1267281D+00  0.0000000D+00
  0.1977094D+00  0.7787533D+00 -0.1743625D+00  0.0000000D+00
  0.6744353D+00  0.8834495D+00 -0.1518437D+00  0.0000000D+00
  0.9658984D+00  0.9475356D+00 -0.1391975D+00  0.0000000D+00
 -0.5126134D+01 -0.5578075D+01  0.1570944D+00  0.0000000D+00
 -0.5529900D+02 -0.3365140D+01  0.3409961D+01  0.0000000D+00
  0.6205776D+02  0.2025361D+01 -0.7450119D+00  0.0000000D+00
 -0.4900753D+02  0.3843211D+01  0.1442156D+00  0.0000000D+00
  0.1790134D+02 -0.3355174D+01  0.3179173D+00  0.0000000D+00
 -0.4921040D+01  0.1748917D+01  0.4806221D+00  0.0000000D+00
  0.3606722D+01 -0.1059655D+01  0.7997380D-01  0.0000000D+00
 -0.1283321D+01 -0.4476891D+00  0.9821459D-01  0.0000000D+00
  0.3331996D-01 -0.1534466D+00 -0.9079973D-02  0.0000000D+00
  0.1598103D+00  0.2244367D+00 -0.5368015D-01  0.0000000D+00
  0.2488779D+00  0.4488293D+00 -0.8100348D-01  0.0000000D+00
  0.1346115D+02  0.1711337D+00  0.1777258D+01  0.0000000D+00
  0.9367279D+01  0.8014890D+01 -0.2873951D+00  0.0000000D+00
  0.3611884D+01 -0.3412093D+01 -0.1004903D+01  0.0000000D+00
 -0.7597988D+01  0.2374052D+01  0.5555433D+00  0.0000000D+00
 -0.4008482D+00 -0.1014101D+01 -0.6017307D+00  0.0000000D+00
 -0.1701898D+00  0.2653258D+00  0.4838537D-01  0.0000000D+00
 -0.4937928D+00 -0.3225312D-02 -0.8164409D-01  0.0000000D+00
 -0.4164969D+00 -0.3211616D+00 -0.2744818D-01  0.0000000D+00
  0.5145484D+00  0.2245950D+00  0.1056725D+00  0.0000000D+00
  0.1056633D+01  0.5767293D+00  0.1064742D+00  0.0000000D+00
  0.1384429D+01  0.7890097D+00  0.1084095D+00  0.0000000D+00
 -0.1146915D+02  0.5770969D+00  0.9970927D-02  0.0000000D+00
  0.4328674D+01 -0.2434134D+00 -0.2235046D-01  0.0000000D+00
 -0.4427110D+01  0.1541254D+00 -0.2618409D-02  0.0000000D+00
  0.2063915D+01 -0.3705367D-01  0.6533526D-02  0.0000000D+00
 -0.7269985D+00  0.1499304D+00  0.2802703D-03  0.0000000D+00
 -0.1228702D+01 -0.1139096D+01  0.2013872D-02  0.0000000D+00
  0.7424446D+00  0.7653626D+00 -0.7014592D-01  0.0000000D+00
  0.5641532D+00 -0.1361073D+00  0.1036318D+00  0.0000000D+00
  0.3819135D-01  0.2940794D+00  0.1193140D+00  0.0000000D+00
 -0.2507510D+00  0.1232621D+00  0.1580746D+00  0.0000000D+00
 -0.4257900D+00  0.2812079D-01  0.1809507D+00  0.0000000D+00
  0.1525206D+01  0.4387767D+00  0.1761561D-01  0.0000000D+00
 -0.1800976D+01  0.3657176D+00 -0.3455748D-02  0.0000000D+00
 -0.3594049D+01 -0.5758654D+00 -0.1158749D-01  0.0000000D+00
  0.1240756D+01  0.2138938D+00  0.3728349D-01  0.0000000D+00
 -0.5506284D+00 -0.1616421D+00 -0.5999136D-01  0.0000000D+00
 -0.2510374D+00 -0.4429470D-01  0.1691342D+00  0.0000000D+00
  0.5694426D+00  0.1117916D+00 -0.2201678D-01  0.0000000D+00
  0.1945107D+00 -0.2091152D+00 -0.4926520D-01  0.0000000D+00
  0.4353642D+00  0.3342677D+00  0.1833855D-01  0.0000000D+00
  0.1095203D+01  0.5686168D-01  0.4197596D-01  0.0000000D+00
  0.1484255D+01 -0.9946823D-01  0.5656502D-01  0.0000000D+00
 -0.1953276D+00  0.2186761D+00 -0.9509182D-02  0.0000000D+00
  0.1071146D+01 -0.2652956D+00 -0.8684857D-02  0.0000000D+00
 -0.2547944D+01  0.2759685D+00  0.1141972D-01  0.0000000D+00
  0.1130893D+01 -0.1096512D+00 -0.1541594D-02  0.0000000D+00
 -0.8829780D+00 -0.6002540D-01 -0.1710139D-01  0.0000000D+00
  0.2427454D+01  0.8430503D+00  0.6274895D-01  0.0000000D+00
 -0.9161960D+00 -0.4827562D+00  0.1148942D-01  0.0000000D+00
  0.4048083D+00  0.1403811D+00 -0.3961269D-01  0.0000000D+00
  0.1425965D+00 -0.1223890D+00 -0.3416046D-01  0.0000000D+00
 -0.2988252D+00 -0.2997750D+00 -0.2316050D-02  0.0000000D+00
 -0.5602983D+00 -0.4065768D+00  0.1638938D-01  0.0000000D+00
  0.2811073D+00  0.2839124D+00  0.3231664D-02  0.0000000D+00
 -0.1378060D+01 -0.4870244D-01  0.2560452D-02  0.0000000D+00
 -0.1622124D+01  0.4060859D-01  0.1058301D-01  0.0000000D+00
  0.3810155D+00  0.4302669D-02 -0.1634282D-01  0.0000000D+00
 -0.5255155D-01 -0.7492012D-01  0.2950198D-01  0.0000000D+00
  0.5211876D+00  0.5377869D+00 -0.7805593D-01  0.0000000D+00
  0.6143118D+00 -0.2899582D+00 -0.9007555D-01  0.0000000D+00
  0.5721550D+00 -0.2328694D+00 -0.8924626D-01  0.0000000D+00
  0.6166692D+00 -0.2158152D+00 -0.1262927D+00  0.0000000D+00
  0.4816098D+00 -0.2819974D+00 -0.1120411D+00  0.0000000D+00
  0.4029924D+00 -0.3206091D+00 -0.1041144D+00  0.0000000D+00
  0.1657953D+01  0.5551516D-01 -0.7037362D-03  0.0000000D+00
  0.3223489D+00 -0.1534210D+00 -0.9066532D-02  0.0000000D+00
 -0.6435933D+00  0.1805814D+00  0.7810678D-02  0.0000000D+00
  0.2971478D+00 -0.8206216D-01  0.8453809D-03  0.0000000D+00
 -0.1086778D+00  0.6847109D-01 -0.5820905D-02  0.0000000D+00
 -0.1567610D+01 -0.3406428D+00 -0.3233478D-01  0.0000000D+00
  0.2364259D+00  0.2883171D+00 -0.9888360D-02  0.0000000D+00
 -0.3181045D+00  0.8498283D-02 -0.2229454D-02  0.0000000D+00
 -0.1067711D+00 -0.3060001D+00  0.6363120D-02  0.0000000D+00
 -0.9474086D-01 -0.1501414D+00  0.2796840D-01  0.0000000D+00
 -0.8531343D-01 -0.6246562D-01  0.4071480D-01  0.0000000D+00
 -0.7090641D+00  0.8351910D-01 -0.1212215D-01  0.0000000D+00
 -0.4738310D+00 -0.3079500D-01  0.3052368D-01  0.0000000D+00
 -0.2222204D+00 -0.1469785D+00 -0.1402020D-01  0.0000000D+00
  0.5010364D-01  0.1166051D-01 -0.4756397D-03  0.0000000D+00
  0.2208311D-02  0.5821910D-01 -0.1426918D-01  0.0000000D+00
 -0.5575899D+00 -0.4527891D+00  0.1723515D-01  0.0000000D+00
  0.3241005D+00 -0.9987777D-01  0.7391176D-01  0.0000000D+00
  0.6665709D+00 -0.3472787D+00 -0.1406881D-01  0.0000000D+00
  0.6615716D+00 -0.1832711D+00 -0.2138030D-01  0.0000000D+00
  0.3120852D+00 -0.3128108D+00 -0.1471783D-01  0.0000000D+00
  0.1073981D+00 -0.3867595D+00 -0.1089029D-01  0.0000000D+00
  0.2168889D+02  0.7955417D+00  0.2845433D+00  0.0000000D+00
  0.1445254D+02  0.1199903D+02 -0.3560468D+00  0.0000000D+00
 -0.6195482D+01 -0.2290842D+01 -0.2548842D+01  0.0000000D+00
  0.1221989D+01  0.6465808D+00  0.1845574D+01  0.0000000D+00
 -0.1010558D+01 -0.1122037D+00 -0.6030439D+00  0.0000000D+00
  0.1702915D+01  0.5209659D-01  0.3001213D+00  0.0000000D+00
 -0.6698510D+00 -0.3930426D+00 -0.1905370D+00  0.0000000D+00
  0.6706896D-02  0.4155289D-01  0.1264725D+00  0.0000000D+00
 -0.9683716D-01 -0.1958884D+00  0.3153460D-01  0.0000000D+00
 -0.4168596D-01 -0.2121175D+00 -0.5711854D-02  0.0000000D+00
 -0.1064721D-01 -0.2242469D+00 -0.2858549D-01  0.0000000D+00
  0.1054481D+01  0.3975226D+01 -0.9947795D+00  0.0000000D+00
  0.3434072D+02  0.1031688D+02  0.1212661D+01  0.0000000D+00
 -0.1267442D+02  0.1036174D+01 -0.2840335D+01  0.0000000D+00
  0.1650346D+01 -0.1931204D+00  0.9304628D+00  0.0000000D+00
 -0.2894676D+01 -0.1074134D+00 -0.5676382D+00  0.0000000D+00
  0.2417647D+01 -0.9049848D+00  0.2589521D+00  0.0000000D+00
 -0.7965591D+00  0.3521597D+00 -0.1240182D+00  0.0000000D+00
 -0.1050330D-02  0.2385321D+00  0.7801983D-01  0.0000000D+00
 -0.2404935D+00  0.1508024D+00 -0.6215643D-01  0.0000000D+00
 -0.3739926D-01 -0.5488690D-01 -0.6689010D-01  0.0000000D+00
  0.7869929D-01 -0.1762757D+00 -0.7124984D-01  0.0000000D+00
  0.2153060D+02  0.1867862D+01  0.7115620D-01  0.0000000D+00
 -0.1531886D+02 -0.1016119D+02 -0.4469051D+00  0.0000000D+00
  0.3432364D+01  0.4352740D+01 -0.2039302D+00  0.0000000D+00
 -0.2445125D+01 -0.3015268D+01 -0.6011384D+00  0.0000000D+00
  0.3040205D+01  0.2077699D+00  0.1043880D+00  0.0000000D+00
 -0.5940313D-01  0.8181149D-01  0.4463509D-01  0.0000000D+00
 -0.1280407D+00  0.1276406D+00 -0.9478829D-01  0.0000000D+00
 -0.2986363D+00 -0.3035520D+00  0.4150039D-01  0.0000000D+00
  0.2597975D-01 -0.4241039D+00  0.9933739D-02  0.0000000D+00
  0.1253650D+00 -0.1941923D+00  0.2511315D-01  0.0000000D+00
  0.1871813D+00 -0.6095961D-01  0.3363487D-01  0.0000000D+00
  0.3784138D+01  0.2674675D+00 -0.1035432D-02  0.0000000D+00
 -0.2169451D+01  0.3865297D+00  0.9764552D-02  0.0000000D+00
 -0.4325787D+01 -0.1061499D+01  0.3281555D-02  0.0000000D+00
  0.2039118D+01  0.3512434D+00 -0.7130437D-02  0.0000000D+00
 -0.1057451D+01 -0.2390922D+00  0.4889152D-02  0.0000000D+00
  0.5540908D+00  0.5202141D+00  0.3308915D-02  0.0000000D+00
 -0.1767584D+00 -0.2755987D+00 -0.3838788D-01  0.0000000D+00
  0.2023921D+00  0.1629215D+00  0.6069368D-01  0.0000000D+00
 -0.1747336D-01  0.3427791D+00  0.8992370D-01  0.0000000D+00
  0.5797991D-01  0.2717764D+00  0.8695358D-01  0.0000000D+00
  0.9964340D-01  0.2320773D+00  0.8554381D-01  0.0000000D+00
 -0.1551680D+01 -0.5008077D+00 -0.1700229D-01  0.0000000D+00
  0.1989831D+01  0.6465860D+00  0.1588629D-01  0.0000000D+00
  0.1327053D+00 -0.1068605D+01 -0.6682400D-02  0.0000000D+00
  0.2215095D+00  0.3221409D+00 -0.2601098D-02  0.0000000D+00
 -0.1602741D+00 -0.1370337D+00  0.2180493D-01  0.0000000D+00
  0.2766306D+00  0.8494344D-01 -0.1098833D+00  0.0000000D+00
 -0.2158277D-01  0.2063583D+00  0.6388622D-02  0.0000000D+00
 -0.4185796D+00 -0.4867044D+00 -0.5445876D-01  0.0000000D+00
  0.1304939D-01 -0.5273888D+00 -0.2215023D-01  0.0000000D+00
  0.2457538D+00 -0.1761487D+00  0.2494909D-01  0.0000000D+00
  0.3867689D+00  0.2895334D-01  0.5289057D-01  0.0000000D+00
 -0.4702556D+00  0.3473917D+00  0.1534127D-01  0.0000000D+00
 -0.1987462D-01  0.2092659D-01 -0.3079320D-03  0.0000000D+00
 -0.1640121D+01 -0.3702028D+00 -0.7805890D-02  0.0000000D+00
  0.6394072D+00  0.2468391D+00  0.6786074D-02  0.0000000D+00
 -0.2860237D+00 -0.1568650D+00  0.2131534D-02  0.0000000D+00
 -0.1562643D+00 -0.2635289D-01 -0.6240093D-01  0.0000000D+00
  0.1157592D+00  0.1349201D+00  0.3617513D-01  0.0000000D+00
  0.4885000D+00 -0.2972692D+00 -0.5869917D-01  0.0000000D+00
  0.2022004D+00  0.1658264D+00  0.7429319D-03  0.0000000D+00
 -0.1290030D+00  0.2020835D+00 -0.5450027D-02  0.0000000D+00
 -0.3260705D+00  0.2284668D+00 -0.8407120D-02  0.0000000D+00
  0.5176801D+00 -0.7240875D-01 -0.9912914D-02  0.0000000D+00
  0.1112337D+01 -0.1344364D-01  0.6209579D-03  0.0000000D+00
 -0.1960807D+00  0.6296493D-01 -0.1402141D-01  0.0000000D+00
  0.1809621D+00 -0.2819883D-01  0.1207909D-01  0.0000000D+00
  0.2799813D-02  0.8773076D-01 -0.2253109D-01  0.0000000D+00
 -0.3414099D+00 -0.1995991D+00  0.6350258D-01  0.0000000D+00
 -0.2343512D-01  0.2748837D+00 -0.5721050D-01  0.0000000D+00
 -0.2784171D+00  0.3319819D+00 -0.1316111D-01  0.0000000D+00
  0.7794757D-01  0.1050233D+00 -0.2453063D-01  0.0000000D+00
  0.3258202D+00 -0.8525461D-02 -0.5126187D-01  0.0000000D+00
  0.4748681D+00 -0.7757356D-01 -0.6702712D-01  0.0000000D+00
 -0.5369477D+00  0.8967517D-01 -0.6802277D-02  0.0000000D+00
  0.1085040D+01 -0.7286719D-01  0.2794126D-01  0.0000000D+00
 -0.3412130D+00  0.1225039D+00 -0.1168887D-01  0.0000000D+00
  0.2674905D+00 -0.9671389D-01  0.5690907D-02  0.0000000D+00
 -0.1205740D+00  0.1090258D+00  0.1491488D-02  0.0000000D+00
  0.4613566D+00 -0.1755985D+00  0.1721715D-01  0.0000000D+00
 -0.1716595D+00  0.8856923D-01  0.2611378D-01  0.0000000D+00
  0.1543164D+00 -0.3501012D+00  0.8528552D-02  0.0000000D+00
 -0.5111134D-01 -0.7284974D-01 -0.3284001D-01  0.0000000D+00
 -0.3243461D+00  0.1021922D+00  0.3604991D-01  0.0000000D+00
 -0.4866408D+00  0.2077303D+00  0.7591662D-01  0.0000000D+00
  0.4930366D+00  0.3538146D-01  0.1229723D-01  0.0000000D+00
  0.7078359D+00  0.9365957D-01 -0.4724385D-02  0.0000000D+00
 -0.5115621D+00 -0.3251328D+00  0.1818436D-01  0.0000000D+00
  0.1550732D+00  0.1831344D+00 -0.9881347D-02  0.0000000D+00
 -0.1019859D+00 -0.1138817D+00 -0.4567173D-02  0.0000000D+00
  0.3107810D+00  0.5150539D-01  0.9309254D-02  0.0000000D+00
  0.2920348D+00 -0.3239192D+00 -0.1678006D-02  0.0000000D+00
 -0.1116093D+00  0.5266486D+00  0.1019117D-02  0.0000000D+00
  0.9748255D-01  0.6540078D+00 -0.2624193D-01  0.0000000D+00
  0.1277357D+00  0.2787166D+00 -0.3622769D-01  0.0000000D+00
  0.1477731D+00  0.6043825D-01 -0.4238045D-01  0.0000000D+00
  0.3214663D+01  0.7008185D+01  0.6107588D+00  0.0000000D+00
  0.3153772D+01  0.2709721D+01  0.1690383D+01  0.0000000D+00
  0.1245329D+02 -0.3361692D+01 -0.7984133D+00  0.0000000D+00
 -0.5279372D+01  0.4072328D+01  0.1852274D+00  0.0000000D+00
  0.3627438D+01 -0.1771502D+01 -0.3974269D-01  0.0000000D+00
 -0.2385226D+01  0.7332553D+00 -0.5698993D-01  0.0000000D+00
  0.1007733D+01 -0.2124811D+00 -0.2558895D-01  0.0000000D+00
 -0.7280489D+00  0.1504015D+00 -0.4530840D-01  0.0000000D+00
 -0.4540846D+00  0.1208223D+00 -0.9359503D-01  0.0000000D+00
 -0.2490898D+00 -0.7046459D-01 -0.1067654D+00  0.0000000D+00
 -0.1259513D+00 -0.1827575D+00 -0.1150208D+00  0.0000000D+00
  0.2583488D+02 -0.1439980D+01  0.1287487D+01  0.0000000D+00
  0.6685174D+01 -0.2953725D-01  0.1885783D+01  0.0000000D+00
  0.2156208D+02 -0.1977806D+01 -0.8675429D+00  0.0000000D+00
 -0.2401205D+01  0.2352882D+01  0.7052565D+00  0.0000000D+00
  0.3911212D+01  0.6897473D+00 -0.1157844D+00  0.0000000D+00
 -0.3912111D+01 -0.7142812D+00  0.6307667D-01  0.0000000D+00
  0.1905957D+01 -0.5169401D-01 -0.1021922D+00  0.0000000D+00
 -0.6744559D+00 -0.7018161D-01  0.5855188D-01  0.0000000D+00
 -0.3491543D+00  0.1315520D+00  0.2829562D-01  0.0000000D+00
 -0.2053133D+00  0.1552483D+00  0.7733520D-02  0.0000000D+00
 -0.1173545D+00  0.1714635D+00 -0.4645040D-02  0.0000000D+00
  0.1488782D+02  0.3624178D+01  0.4635716D+00  0.0000000D+00
  0.5441702D+01  0.6414402D+01  0.3558278D+00  0.0000000D+00
 -0.1827833D+02  0.4312693D+01 -0.4116571D+00  0.0000000D+00
  0.1033182D+02 -0.4532005D+01  0.8977168D-01  0.0000000D+00
 -0.2765272D+01  0.1281256D+01 -0.1168796D+00  0.0000000D+00
  0.1657165D+01 -0.1908660D+00  0.3907585D-01  0.0000000D+00
 -0.8174811D+00  0.6985989D+00  0.2606713D-01  0.0000000D+00
  0.3662774D+00  0.9760052D-02  0.5185405D-01  0.0000000D+00
  0.4769087D+00 -0.4430681D-01  0.4033047D-01  0.0000000D+00
  0.1724112D+00  0.2439837D+00  0.1288123D-01  0.0000000D+00
 -0.4620664D-02  0.4122087D+00 -0.3315230D-02  0.0000000D+00
 -0.7282423D+01 -0.5205876D+00 -0.2005341D-01  0.0000000D+00
 -0.4351817D+01  0.5329123D+00 -0.3103805D-02  0.0000000D+00
  0.1968650D+01 -0.8036652D+00 -0.5556837D-02  0.0000000D+00
 -0.2845776D+00  0.2670885D+00  0.1087979D-01  0.0000000D+00
 -0.4612346D-01 -0.2067266D+00 -0.3534534D-02  0.0000000D+00
  0.3906473D+00  0.3451490D+00 -0.5228941D-01  0.0000000D+00
 -0.5775803D-01 -0.2493993D-01  0.8915944D-01  0.0000000D+00
  0.4901511D+00 -0.4482760D-01  0.1879659D-02  0.0000000D+00
 -0.9512801D-01  0.9863150D-01  0.3829421D-01  0.0000000D+00
 -0.2287189D+00  0.4880844D-01  0.7803053D-01  0.0000000D+00
 -0.3134595D+00  0.2118277D-01  0.1017110D+00  0.0000000D+00
  0.2080982D+01 -0.6561632D+00  0.8590704D-03  0.0000000D+00
  0.2666815D+01  0.4954373D+00  0.2335947D-01  0.0000000D+00
 -0.7247055D+00 -0.1172136D+01 -0.2122543D-01  0.0000000D+00
  0.1087728D+00  0.4421619D+00  0.1643440D-01  0.0000000D+00
 -0.1208671D+00 -0.2712813D+00 -0.1091279D-02  0.0000000D+00
  0.4866374D+00  0.1802637D+00 -0.1783290D-01  0.0000000D+00
 -0.6013741D+00 -0.5607028D-01 -0.6107281D-01  0.0000000D+00
 -0.3846678D-01 -0.4311144D+00 -0.4598526D-01  0.0000000D+00
 -0.2354337D+00 -0.1455195D+00 -0.6773452D-02  0.0000000D+00
 -0.5480447D+00  0.2477811D+00  0.2541627D-01  0.0000000D+00
 -0.7332644D+00  0.4812638D+00  0.4470223D-01  0.0000000D+00
  0.2817832D+00 -0.1195942D+00  0.1031008D-01  0.0000000D+00
 -0.1740177D+01  0.1986147D+00 -0.2347981D-01  0.0000000D+00
  0.1056227D+01 -0.2076476D+00  0.1148828D-01  0.0000000D+00
 -0.3898083D+00 -0.1950180D-01 -0.1820662D-01  0.0000000D+00
  0.4404985D+00  0.5008376D-01  0.1132528D-01  0.0000000D+00
 -0.8573179D+00 -0.7061428D-01  0.1103500D-01  0.0000000D+00
  0.3770135D+00 -0.1986812D+00  0.1475860D-01  0.0000000D+00
  0.2682268D+00  0.8187108D-01 -0.5808356D-01  0.0000000D+00
  0.2787264D+00  0.5372323D-01 -0.3995093D-01  0.0000000D+00
  0.6422368D-01 -0.5302095D-01 -0.6379083D-01  0.0000000D+00
 -0.6118433D-01 -0.1158481D+00 -0.7754150D-01  0.0000000D+00
  0.1343045D+01 -0.2823978D+00  0.1435940D-02  0.0000000D+00
  0.1953836D+01  0.1424922D-01 -0.2331904D-02  0.0000000D+00
 -0.4016223D+00  0.4561350D-01 -0.2638872D-02  0.0000000D+00
  0.1555102D+00 -0.1133888D-01  0.7294125D-02  0.0000000D+00
 -0.4896824D-01  0.1631947D-01 -0.9496754D-02  0.0000000D+00
 -0.2052357D+00 -0.2508205D-01  0.6657760D-01  0.0000000D+00
 -0.3489245D-02 -0.3322953D-01  0.3785101D-01  0.0000000D+00
 -0.1764914D+00 -0.9624498D-01 -0.4132974D-02  0.0000000D+00
 -0.3856675D+00 -0.1862768D+00 -0.3284868D-01  0.0000000D+00
 -0.5954339D+00 -0.2522401D+00 -0.1180260D-01  0.0000000D+00
 -0.7206367D+00 -0.2918320D+00  0.1850423D-03  0.0000000D+00
  0.9931628D+00 -0.6598955D-02 -0.2153646D-02  0.0000000D+00
 -0.2659570D+00 -0.2836149D-01 -0.1459262D-01  0.0000000D+00
  0.7507092D+00  0.1193203D+00  0.6671526D-02  0.0000000D+00
 -0.2656863D+00  0.2976032D-01 -0.1911478D-02  0.0000000D+00
 -0.5404119D-01 -0.1639651D-01 -0.8092931D-03  0.0000000D+00
  0.9190915D+00 -0.3550701D-01  0.3036767D-01  0.0000000D+00
 -0.3799108D+00  0.1192880D+00 -0.3352479D-01  0.0000000D+00
  0.3012487D+00  0.7374379D-01 -0.3397706D-01  0.0000000D+00
  0.3634634D+00 -0.1886399D+00  0.2569376D-01  0.0000000D+00
  0.3091758D+00 -0.6507751D-01  0.2066212D-01  0.0000000D+00
  0.2780787D+00  0.4321756D-02  0.1837935D-01  0.0000000D+00
 -0.6960278D+00 -0.7455947D-01  0.6475574D-02  0.0000000D+00
  0.5008077D+00  0.6571846D-01 -0.2237153D-01  0.0000000D+00
 -0.7399049D-01 -0.1571951D-01  0.1822423D-01  0.0000000D+00
  0.6366668D-01 -0.5812781D-01 -0.1787827D-01  0.0000000D+00
  0.6132640D-01  0.1929379D-01  0.1627600D-01  0.0000000D+00
 -0.2447775D-01  0.8919961D-01 -0.6904681D-01  0.0000000D+00
  0.3895082D+00 -0.3001000D-01 -0.2673335D-02  0.0000000D+00
 -0.1914864D+00  0.1146278D+00 -0.8330834D-02  0.0000000D+00
 -0.1445496D+00  0.7031911D-01  0.1039539D-02  0.0000000D+00
 -0.7783752D-01 -0.2538589D+00 -0.4450402D-01  0.0000000D+00
 -0.3828314D-01 -0.4441894D+00 -0.7105804D-01  0.0000000D+00
