  1  2   693 10944  4  4  9 11  7  1    0.00   24.00  100.00  600.00    0.00    6.28   45.00   45.00
  100.0  100.0  100.0  100.0  125.0  150.0  190.0  230.0  275.0  350.0  450.0  600.0  600.0  600.0  600.0
  0.1015274D+02 -0.1522556D+00  0.1336844D-01  0.0000000D+00
  0.1020173D+02 -0.2095503D-01 -0.6771783D-02  0.0000000D+00
  0.1016470D+02  0.5624664D-01 -0.2441330D-01  0.0000000D+00
  0.1027682D+02 -0.9390959D-01  0.8822164D-03  0.0000000D+00
  0.1041341D+02  0.6792732D-01 -0.1873155D-01  0.0000000D+00
  0.1122964D+02  0.5954030D-01 -0.1526318D-01  0.0000000D+00
  0.1175648D+02  0.3308054D+00 -0.9155918D-02  0.0000000D+00
  0.1168409D+02  0.5996236D+00  0.1912472D-01  0.0000000D+00
  0.1136426D+02  0.7006235D+00  0.2403162D-01  0.0000000D+00
  0.1113649D+02  0.7113052D+00  0.2442679D-01  0.0000000D+00
  0.1099956D+02  0.7186929D+00  0.2471326D-01  0.0000000D+00
 -0.5823277D+00 -0.1531452D+00  0.3293537D-01  0.0000000D+00
 -0.9527329D+00 -0.1010844D-01 -0.2115935D-01  0.0000000D+00
 -0.7112400D+00 -0.5367458D-02 -0.8702035D-02  0.0000000D+00
 -0.1274403D+01 -0.1347022D+00 -0.5730303D-02  0.0000000D+00
 -0.1160713D+01 -0.1095271D+00 -0.5498256D-02  0.0000000D+00
 -0.8554694D+00 -0.4137189D-01 -0.2749515D-01  0.0000000D+00
 -0.2339878D+00  0.7487338D-01 -0.2826686D-01  0.0000000D+00
 -0.1945946D+00  0.1969782D-02 -0.1295879D-01  0.0000000D+00
 -0.1623448D+00  0.6736243D-01 -0.7060935D-02  0.0000000D+00
 -0.1686549D+00  0.7394659D-01 -0.6357921D-02  0.0000000D+00
 -0.1719832D+00  0.7853882D-01 -0.5879983D-02  0.0000000D+00
 -0.3175059D-01  0.2319625D-01  0.7093724D-02  0.0000000D+00
 -0.8558034D-01  0.8584803D-01 -0.8131063D-02  0.0000000D+00
 -0.1270533D-01  0.4325339D-01 -0.2858118D-02  0.0000000D+00
  0.4900225D-02 -0.4835257D-01  0.1109557D-01  0.0000000D+00
  0.6764370D-01  0.6098429D-01 -0.7714931D-04  0.0000000D+00
  0.1900878D-01  0.1731292D+00 -0.1024390D-01  0.0000000D+00
 -0.1215309D+00  0.1128734D+00 -0.1579841D-01  0.0000000D+00
 -0.2392212D+00  0.6611626D-02  0.1651765D-02  0.0000000D+00
 -0.2464708D+00 -0.4842868D-01  0.4658921D-02  0.0000000D+00
 -0.2334152D+00 -0.7394519D-01  0.8797650D-02  0.0000000D+00
 -0.2258538D+00 -0.8950044D-01  0.1125447D-01  0.0000000D+00
  0.9732362D-01 -0.4506913D-03  0.3374443D-04  0.0000000D+00
 -0.1473191D+00 -0.5691799D-04  0.1831811D-03  0.0000000D+00
  0.1746841D+00 -0.1221332D-02 -0.1981062D-03  0.0000000D+00
  0.9412673D-02  0.2351100D-02  0.1740732D-03  0.0000000D+00
 -0.2304371D-01 -0.5246118D-02 -0.3874256D-03  0.0000000D+00
 -0.1769674D+00  0.1492964D-01  0.2269444D-02  0.0000000D+00
  0.1086755D+00  0.1356336D-01  0.5483217D-02  0.0000000D+00
  0.9980687D-01 -0.2636898D-01  0.3861222D-04  0.0000000D+00
  0.7882364D-01 -0.1418046D-01  0.2720928D-02  0.0000000D+00
  0.5693571D-01 -0.9203008D-02  0.2877203D-02  0.0000000D+00
  0.4388905D-01 -0.6152744D-02  0.2998696D-02  0.0000000D+00
 -0.4506729D-01 -0.8838088D-03 -0.1211971D-04  0.0000000D+00
 -0.2031707D-01  0.1252190D-02 -0.2117048D-04  0.0000000D+00
  0.4899028D-02 -0.2391886D-02  0.1876645D-03  0.0000000D+00
 -0.3340033D-01  0.3438407D-02 -0.5660559D-03  0.0000000D+00
  0.5489981D-01 -0.6317332D-02  0.1196244D-02  0.0000000D+00
  0.6851949D-01  0.9791988D-02 -0.4466319D-02  0.0000000D+00
  0.1030512D-01 -0.6724729D-01 -0.6773426D-02  0.0000000D+00
 -0.2447105D-01 -0.1123541D-01  0.1272976D-02  0.0000000D+00
 -0.2832810D-01 -0.1089390D-01  0.1904129D-02  0.0000000D+00
 -0.2608355D-01 -0.1513288D-01  0.3396828D-02  0.0000000D+00
 -0.2481327D-01 -0.1761052D-01  0.4278311D-02  0.0000000D+00
 -0.5796865D-02 -0.2456997D-03  0.7112283D-04  0.0000000D+00
  0.1071040D-01 -0.1991594D-02 -0.2663209D-03  0.0000000D+00
  0.1932445D+00  0.3989076D-02  0.6068267D-03  0.0000000D+00
  0.1356172D+00 -0.6283599D-02 -0.1212054D-02  0.0000000D+00
  0.2287955D+00  0.1204594D-01  0.2545534D-02  0.0000000D+00
  0.7865861D-01 -0.2497857D-01 -0.6684801D-02  0.0000000D+00
  0.9432201D-01  0.3581662D-01  0.1108068D-01  0.0000000D+00
  0.2030429D-01  0.1238729D-01  0.6567814D-03  0.0000000D+00
  0.1514769D-01 -0.1223177D-01 -0.2355036D-03  0.0000000D+00
  0.1242829D-01 -0.1490602D-01 -0.3639739D-03  0.0000000D+00
  0.1077915D-01 -0.1674867D-01 -0.4493561D-03  0.0000000D+00
 -0.4943551D-01 -0.1702268D-03 -0.3027102D-04  0.0000000D+00
  0.2458027D-01  0.4044488D-03  0.3261636D-03  0.0000000D+00
  0.2449520D-01 -0.2179196D-03 -0.2749224D-03  0.0000000D+00
 -0.1816116D-01  0.4258180D-03  0.4610394D-03  0.0000000D+00
  0.4493099D-01 -0.1305493D-03 -0.1088013D-02  0.0000000D+00
  0.1674740D+00 -0.3128257D-02  0.2945992D-02  0.0000000D+00
  0.6199589D-01  0.7853419D-02  0.2513370D-02  0.0000000D+00
  0.1654879D-01  0.5930357D-02  0.3391958D-03  0.0000000D+00
  0.9608115D-02  0.6126951D-02  0.2894588D-03  0.0000000D+00
  0.7882548D-02  0.3612985D-02 -0.5052177D-03  0.0000000D+00
  0.6794420D-02  0.2143109D-02 -0.9706512D-03  0.0000000D+00
  0.5496468D-01 -0.2068341D-04  0.2206784D-06  0.0000000D+00
 -0.3634113D-01 -0.3158867D-03 -0.1177751D-03  0.0000000D+00
  0.1497832D-01  0.1843395D-03  0.2247217D-03  0.0000000D+00
 -0.6871739D-01 -0.6823357D-03 -0.4078880D-03  0.0000000D+00
  0.1969992D-01  0.1507446D-02  0.5369139D-03  0.0000000D+00
 -0.2505816D-01 -0.5769802D-02 -0.4787921D-03  0.0000000D+00
  0.1645389D-01  0.7613431D-02 -0.2198291D-03  0.0000000D+00
 -0.7369191D-02  0.1640658D-04  0.1148646D-03  0.0000000D+00
 -0.4869725D-02 -0.7425243D-02 -0.3535219D-03  0.0000000D+00
 -0.2988060D-02 -0.7819794D-02 -0.1450162D-04  0.0000000D+00
 -0.1858575D-02 -0.8134319D-02  0.1787330D-03  0.0000000D+00
  0.8332013D-01  0.1063749D-02 -0.7034579D-04  0.0000000D+00
 -0.6174368D-01 -0.5330558D-03  0.5170648D-04  0.0000000D+00
  0.6216679D-02 -0.4907194D-04  0.2870569D-03  0.0000000D+00
  0.1247439D-01 -0.2889919D-04 -0.4328906D-03  0.0000000D+00
  0.2805112D-01 -0.5116641D-04  0.6904140D-03  0.0000000D+00
  0.9863438D-01  0.4851079D-02 -0.1317224D-02  0.0000000D+00
  0.2849716D-01 -0.6160681D-03  0.1380331D-02  0.0000000D+00
  0.5668917D-03 -0.1762560D-03  0.7282268D-04  0.0000000D+00
  0.1384052D-02  0.8604873D-03 -0.3917351D-03  0.0000000D+00
  0.2151895D-02  0.1332428D-02 -0.5323757D-03  0.0000000D+00
  0.2610679D-02  0.1620024D-02 -0.6198669D-03  0.0000000D+00
  0.1315887D+00  0.3862167D-01 -0.5776228D-01  0.0000000D+00
 -0.2592719D+00  0.4461139D-01  0.4328781D-01  0.0000000D+00
 -0.1091828D+00 -0.6557111D-01 -0.9848131D-02  0.0000000D+00
 -0.8224690D-01 -0.2309164D-01 -0.1245874D-01  0.0000000D+00
 -0.5481053D-02  0.1424620D-01  0.6848257D-02  0.0000000D+00
  0.1422737D+00  0.1036502D-01  0.6853077D-02  0.0000000D+00
 -0.9130748D-01  0.6781927D-01  0.1782032D-01  0.0000000D+00
 -0.1691654D+00  0.9055775D-02  0.1786057D-01  0.0000000D+00
 -0.1764574D+00 -0.3946224D-01  0.1286487D-01  0.0000000D+00
 -0.1491536D+00 -0.5791988D-01  0.9935293D-02  0.0000000D+00
 -0.1332542D+00 -0.6927004D-01  0.8164185D-02  0.0000000D+00
  0.1067615D+00  0.8789373D-01 -0.2920478D-01  0.0000000D+00
 -0.4437287D+00 -0.2873210D-01  0.4756150D-01  0.0000000D+00
  0.4285691D+00  0.1930605D-01 -0.4044145D-02  0.0000000D+00
 -0.9049492D-01  0.1330308D-01 -0.2968914D-01  0.0000000D+00
  0.9716327D-01  0.8242675D-01  0.9855020D-02  0.0000000D+00
  0.8495253D-01  0.3163352D-01  0.8899374D-02  0.0000000D+00
 -0.8203762D-01 -0.8511934D-01 -0.9605337D-02  0.0000000D+00
 -0.2679092D-01 -0.6341817D-01 -0.5276886D-02  0.0000000D+00
 -0.3818514D-01 -0.6462038D-01 -0.1007486D-01  0.0000000D+00
 -0.2475933D-01 -0.7894460D-01 -0.1135570D-01  0.0000000D+00
 -0.1702967D-01 -0.8734323D-01 -0.1215926D-01  0.0000000D+00
 -0.3081194D+00 -0.4867931D-01  0.2025323D-03  0.0000000D+00
  0.1247908D-01  0.1498100D+00  0.3023955D-01  0.0000000D+00
 -0.2697750D+00 -0.9268572D-01  0.6304984D-03  0.0000000D+00
  0.1079200D-01 -0.6135444D-01  0.3417417D-01  0.0000000D+00
 -0.1063235D+00 -0.3868857D-01 -0.1375958D-02  0.0000000D+00
 -0.2005342D-01  0.3386470D-02  0.1331083D-01  0.0000000D+00
 -0.2011694D-01 -0.1303691D+00 -0.1939255D-02  0.0000000D+00
  0.3084084D-01 -0.1127283D+00 -0.9788307D-02  0.0000000D+00
  0.2823995D-01 -0.8559089D-01 -0.1097638D-01  0.0000000D+00
  0.2463187D-01 -0.7760178D-01 -0.1406147D-01  0.0000000D+00
  0.2248986D-01 -0.7261933D-01 -0.1588092D-01  0.0000000D+00
 -0.3557013D-01  0.8402122D-04  0.8190597D-05  0.0000000D+00
 -0.1455962D+00 -0.6008156D-03 -0.5262093D-04  0.0000000D+00
  0.1573375D+00 -0.2113688D-03  0.4586023D-04  0.0000000D+00
  0.4004341D-01  0.5411444D-03 -0.6169582D-04  0.0000000D+00
  0.9564760D-01 -0.1539390D-02  0.2225899D-03  0.0000000D+00
  0.1708395D+00 -0.9700669D-03 -0.1792731D-02  0.0000000D+00
  0.1907636D-01 -0.2330963D-02 -0.5930705D-02  0.0000000D+00
 -0.1319995D-01  0.5414051D-02  0.8030065D-02  0.0000000D+00
 -0.1875098D-01  0.6819268D-02  0.5535678D-02  0.0000000D+00
 -0.1451120D-01  0.5160017D-02  0.3865695D-02  0.0000000D+00
 -0.1209182D-01  0.4203934D-02  0.2860252D-02  0.0000000D+00
 -0.6712101D-01  0.6802267D-03  0.3794076D-04  0.0000000D+00
  0.5010730D-01 -0.3399172D-03 -0.7218142D-04  0.0000000D+00
  0.6675600D-01 -0.4746485D-03  0.1763539D-03  0.0000000D+00
 -0.2369994D-01 -0.3207088D-04 -0.5266887D-03  0.0000000D+00
  0.5679684D-01 -0.8373362D-03  0.1488070D-02  0.0000000D+00
 -0.8008253D-01 -0.1039542D-02 -0.7901527D-02  0.0000000D+00
 -0.8283186D-01 -0.2466246D-01  0.1820657D-02  0.0000000D+00
 -0.1960402D-01  0.2339264D-02  0.7624726D-02  0.0000000D+00
  0.6815490D-02  0.1047982D-01  0.4505169D-02  0.0000000D+00
  0.1400545D-01  0.1554024D-01  0.1018510D-02  0.0000000D+00
  0.1851189D-01  0.1859566D-01 -0.1058074D-02  0.0000000D+00
 -0.5751408D-01 -0.2288811D-03  0.6752003D-04  0.0000000D+00
 -0.1983817D+00  0.8210105D-03 -0.7963012D-04  0.0000000D+00
  0.9976267D-01 -0.4926253D-03 -0.2377663D-03  0.0000000D+00
 -0.5680662D-01  0.9328285D-03  0.6145493D-03  0.0000000D+00
 -0.6334057D-01 -0.1540085D-02 -0.1313108D-02  0.0000000D+00
  0.5382546D-01  0.6791703D-02  0.3162778D-02  0.0000000D+00
  0.2772107D-01 -0.6409213D-02 -0.3190373D-04  0.0000000D+00
  0.1044161D-01  0.9016254D-02 -0.3340802D-02  0.0000000D+00
  0.8640283D-02  0.5324426D-02 -0.4373230D-03  0.0000000D+00
  0.4816138D-02  0.2476410D-02 -0.5914134D-03  0.0000000D+00
  0.2557742D-02  0.7682817D-03 -0.6488476D-03  0.0000000D+00
 -0.1834939D-01 -0.9934673D-04 -0.1005946D-03  0.0000000D+00
  0.2022301D+00  0.4005136D-03  0.2665985D-03  0.0000000D+00
  0.4430788D-02 -0.5085726D-03 -0.2300411D-03  0.0000000D+00
  0.1088294D-02  0.6894189D-03  0.4888020D-03  0.0000000D+00
  0.2349855D-01 -0.8206795D-03 -0.1829525D-02  0.0000000D+00
 -0.1695668D-02  0.3281696D-02  0.7937068D-02  0.0000000D+00
  0.1355915D-01  0.1613204D-01 -0.5392527D-02  0.0000000D+00
  0.3726514D-03 -0.1835369D-02 -0.4793270D-02  0.0000000D+00
 -0.4201836D-02 -0.1579417D-02 -0.3477516D-02  0.0000000D+00
 -0.4704744D-02  0.3858703D-04 -0.2509397D-02  0.0000000D+00
 -0.5050249D-02  0.9894118D-03 -0.1928181D-02  0.0000000D+00
  0.4468583D-01 -0.2641975D-03  0.1310192D-03  0.0000000D+00
 -0.5531859D-01  0.2550582D-03 -0.4079874D-03  0.0000000D+00
 -0.2404114D-01 -0.6563980D-04  0.4239545D-03  0.0000000D+00
 -0.7008739D-02 -0.1604638D-03 -0.7843657D-03  0.0000000D+00
 -0.1146955D+00 -0.1028857D-03  0.1285080D-02  0.0000000D+00
 -0.7147168D-02 -0.2628984D-02 -0.2170935D-02  0.0000000D+00
 -0.4928390D-02 -0.2923693D-02  0.5152211D-02  0.0000000D+00
 -0.3090053D-02 -0.1607926D-02  0.1050804D-03  0.0000000D+00
 -0.1495778D-02 -0.1671301D-02 -0.7893003D-03  0.0000000D+00
 -0.7817365D-03  0.2332167D-03 -0.9524449D-03  0.0000000D+00
 -0.3455641D-03  0.1347511D-02 -0.1058407D-02  0.0000000D+00
 -0.7370587D-01 -0.4981181D-03  0.3698869D-04  0.0000000D+00
 -0.2787697D-01 -0.1497933D-02 -0.2723820D-03  0.0000000D+00
 -0.1461782D-02  0.1132386D-02  0.1183902D-03  0.0000000D+00
 -0.5681270D-01 -0.1446381D-02 -0.2503190D-03  0.0000000D+00
 -0.4817494D-02  0.1514881D-02  0.5558214D-03  0.0000000D+00
 -0.3581925D-01 -0.3362466D-02 -0.1950872D-02  0.0000000D+00
  0.1251462D-01  0.4649611D-02  0.2554963D-02  0.0000000D+00
 -0.4769518D-02 -0.1508502D-02  0.3076222D-02  0.0000000D+00
 -0.1762235D-02 -0.2858560D-02  0.1281100D-02  0.0000000D+00
  0.1621281D-02 -0.6569075D-03  0.4892968D-03  0.0000000D+00
  0.3635201D-02  0.6169379D-03  0.5559633D-05  0.0000000D+00
  0.3164893D-01 -0.2650387D+00  0.2339704D-01  0.0000000D+00
 -0.1400868D+00 -0.1441058D+00 -0.1245840D-01  0.0000000D+00
  0.1710993D+00 -0.9978343D-01 -0.4766937D-01  0.0000000D+00
  0.1782099D-01  0.1737565D-02  0.8537751D-02  0.0000000D+00
  0.5924287D-01  0.1355143D-01 -0.1615767D-01  0.0000000D+00
 -0.5652168D-01 -0.4551414D-01 -0.1014652D-01  0.0000000D+00
  0.1955764D-01 -0.4747254D-01 -0.1900466D-01  0.0000000D+00
  0.4570949D-01 -0.2372725D-01 -0.1494250D-01  0.0000000D+00
  0.5112837D-01  0.4711487D-02 -0.8883693D-02  0.0000000D+00
  0.4563276D-01  0.2524423D-01 -0.6549397D-02  0.0000000D+00
  0.4247693D-01  0.3758435D-01 -0.5115192D-02  0.0000000D+00
  0.3385455D+00  0.6138289D-01  0.4542522D-01  0.0000000D+00
  0.5752136D-01 -0.8761266D-02 -0.1423763D-01  0.0000000D+00
  0.3257994D+00  0.1158582D+00 -0.3433614D-01  0.0000000D+00
  0.4040410D-01  0.6660274D-02  0.8666629D-02  0.0000000D+00
  0.7035547D-01 -0.3154800D-01 -0.1739679D-02  0.0000000D+00
 -0.6080645D-01 -0.6939911D-01 -0.4571292D-02  0.0000000D+00
  0.4200563D-01 -0.1092241D-01 -0.2927982D-02  0.0000000D+00
  0.4122869D-01 -0.1319541D-01 -0.2020317D-02  0.0000000D+00
  0.3315169D-01 -0.2897124D-02  0.4301348D-02  0.0000000D+00
  0.2492476D-01  0.8297832D-02  0.5191267D-02  0.0000000D+00
  0.2001941D-01  0.1496713D-01  0.5782793D-02  0.0000000D+00
  0.1057327D-01  0.1089211D+00  0.1215212D-01  0.0000000D+00
  0.3955694D+00  0.9273888D-01 -0.1836267D-01  0.0000000D+00
 -0.3573325D-01  0.1022362D+00 -0.1542936D-01  0.0000000D+00
  0.3490562D-02 -0.6515229D-01  0.6653823D-02  0.0000000D+00
 -0.8428481D-02  0.1828712D-01 -0.2905237D-02  0.0000000D+00
 -0.5008423D-03 -0.2623035D-01  0.1596943D-01  0.0000000D+00
  0.6255958D-02  0.4259489D-01  0.2869212D-02  0.0000000D+00
 -0.8061483D-02  0.3740158D-01  0.4739346D-02  0.0000000D+00
 -0.1372432D-01  0.2305974D-01  0.4079384D-02  0.0000000D+00
 -0.1449450D-01  0.1843022D-01  0.3112209D-02  0.0000000D+00
 -0.1500800D-01  0.1555952D-01  0.2538588D-02  0.0000000D+00
 -0.7897846D-01  0.1954026D-03  0.8420298D-04  0.0000000D+00
 -0.1152767D+00 -0.1634587D-02 -0.1392597D-03  0.0000000D+00
  0.8898759D-01  0.1383986D-02  0.2146633D-03  0.0000000D+00
  0.3464582D-01 -0.1893078D-02 -0.6898881D-03  0.0000000D+00
  0.2191170D-01  0.2994522D-02  0.1415549D-02  0.0000000D+00
 -0.4708350D-01 -0.9375042D-02 -0.2576482D-02  0.0000000D+00
  0.9169751D-02  0.3559623D-01  0.4243442D-02  0.0000000D+00
  0.1437218D-01  0.1024318D-01 -0.4401445D-02  0.0000000D+00
  0.1113805D-01  0.8901071D-02 -0.3375644D-02  0.0000000D+00
  0.8375073D-02  0.1197585D-01 -0.1308755D-02  0.0000000D+00
  0.6720950D-02  0.1376103D-01 -0.8724449D-04  0.0000000D+00
 -0.1189369D+00 -0.8026053D-03 -0.9313922D-04  0.0000000D+00
  0.1470123D+00 -0.8774563D-03  0.1648926D-03  0.0000000D+00
 -0.1874750D+00  0.7995977D-03 -0.2943582D-03  0.0000000D+00
  0.1950057D-01 -0.1466071D-02  0.5272076D-03  0.0000000D+00
 -0.1536648D-01  0.2713540D-02 -0.1175669D-02  0.0000000D+00
  0.9049073D-02 -0.6586297D-02  0.4185338D-02  0.0000000D+00
  0.7102241D-02  0.1143152D-01 -0.1657448D-02  0.0000000D+00
 -0.6387712D-02  0.9157368D-02 -0.6032659D-03  0.0000000D+00
 -0.5811815D-02  0.4683959D-02  0.2384201D-02  0.0000000D+00
 -0.3706481D-02  0.3782072D-02  0.3097027D-02  0.0000000D+00
 -0.2467456D-02  0.3204233D-02  0.3548150D-02  0.0000000D+00
 -0.6533475D-01 -0.1794695D-02 -0.5096456D-04  0.0000000D+00
 -0.2939985D-01 -0.1341622D-03  0.9835521D-04  0.0000000D+00
  0.4282231D-01  0.9873823D-03 -0.1226174D-03  0.0000000D+00
  0.3381199D-01 -0.1721880D-02 -0.2768236D-04  0.0000000D+00
  0.3600135D-01  0.1919460D-02  0.4461167D-03  0.0000000D+00
 -0.3286050D-01  0.1349840D-03 -0.1570900D-02  0.0000000D+00
  0.1123695D-01 -0.7712003D-02  0.1773150D-02  0.0000000D+00
 -0.5910970D-02 -0.1450852D-02  0.2459596D-04  0.0000000D+00
 -0.7540154D-02 -0.4020228D-02  0.4305919D-03  0.0000000D+00
 -0.7353755D-02 -0.5114222D-02  0.1326426D-02  0.0000000D+00
 -0.7263441D-02 -0.5783123D-02  0.1855438D-02  0.0000000D+00
 -0.5099561D-01  0.1613135D-03 -0.3085230D-04  0.0000000D+00
 -0.1869560D-01 -0.3014672D-04  0.5218113D-04  0.0000000D+00
  0.5608813D-01  0.4619186D-03  0.6768043D-04  0.0000000D+00
 -0.5841419D-01 -0.9092552D-03 -0.2534586D-03  0.0000000D+00
  0.3671703D-01  0.1081069D-02  0.5935363D-03  0.0000000D+00
 -0.1792723D-01  0.1524587D-02 -0.2500380D-02  0.0000000D+00
  0.3042242D-01 -0.3614408D-02  0.5413595D-03  0.0000000D+00
 -0.8613758D-02 -0.3347431D-02 -0.2743332D-03  0.0000000D+00
  0.2503818D-02 -0.1862146D-02  0.2822362D-03  0.0000000D+00
  0.8100710D-03 -0.6342131D-03  0.3761453D-03  0.0000000D+00
 -0.5558898D-04  0.1016210D-03  0.4377257D-03  0.0000000D+00
  0.3944211D-01  0.1051053D-02 -0.1290131D-03  0.0000000D+00
 -0.1013960D+00  0.3162495D-03  0.1775220D-03  0.0000000D+00
  0.3599662D-02 -0.8357323D-03 -0.3664790D-03  0.0000000D+00
 -0.3902467D-01  0.1659341D-03  0.4970562D-03  0.0000000D+00
  0.5400756D-01 -0.3930353D-03 -0.1121618D-02  0.0000000D+00
 -0.3794633D-01 -0.4268445D-03  0.2890405D-02  0.0000000D+00
  0.5677659D-02  0.5943220D-02 -0.2003014D-02  0.0000000D+00
 -0.1660136D-02 -0.1071252D-02  0.1559301D-02  0.0000000D+00
 -0.1487821D-02 -0.1443910D-02  0.2994344D-03  0.0000000D+00
 -0.1302869D-02 -0.1515427D-02 -0.7782421D-03  0.0000000D+00
 -0.1192544D-02 -0.1561296D-02 -0.1423146D-02  0.0000000D+00
  0.6176480D-01  0.9862299D-03  0.5781653D-05  0.0000000D+00
 -0.2958046D-01 -0.1185687D-03  0.1240988D-03  0.0000000D+00
  0.7854702D-01 -0.8212536D-03  0.2201270D-03  0.0000000D+00
 -0.6621047D-01  0.1523891D-02 -0.1987951D-03  0.0000000D+00
  0.2328967D-01 -0.2157901D-02  0.2278323D-03  0.0000000D+00
 -0.3022872D-01  0.1133337D-02  0.3296455D-03  0.0000000D+00
  0.3261553D-01  0.2118783D-02  0.1155222D-02  0.0000000D+00
 -0.7230296D-02 -0.6523727D-02  0.1030427D-02  0.0000000D+00
  0.1633059D-02 -0.5758228D-02 -0.1160379D-03  0.0000000D+00
 -0.2406856D-03 -0.4868984D-02 -0.2682466D-04  0.0000000D+00
 -0.1236769D-02 -0.4339208D-02  0.1265971D-04  0.0000000D+00
 -0.5989948D-01  0.1927326D-01 -0.1385644D-02  0.0000000D+00
 -0.4698296D-01  0.4597216D-01  0.2696437D-02  0.0000000D+00
 -0.7596603D-01 -0.3448217D-01  0.9320174D-02  0.0000000D+00
  0.5644956D-02  0.2234961D-01  0.7031781D-03  0.0000000D+00
 -0.2197879D-01  0.1161956D-01 -0.7749594D-02  0.0000000D+00
 -0.2296535D-02  0.1465697D-01 -0.7095480D-02  0.0000000D+00
 -0.1889688D-01  0.4831614D-02  0.4209510D-02  0.0000000D+00
 -0.1908948D-01 -0.5396281D-02 -0.1244226D-02  0.0000000D+00
 -0.1003745D-01 -0.1251249D-01 -0.1084814D-02  0.0000000D+00
 -0.3266078D-02 -0.1820012D-01 -0.1505162D-02  0.0000000D+00
  0.7996892D-03 -0.2161035D-01 -0.1749245D-02  0.0000000D+00
 -0.1023187D+00 -0.6733354D-02 -0.6787086D-03  0.0000000D+00
 -0.1485255D+00 -0.4171879D-01  0.1052734D-01  0.0000000D+00
  0.1723311D+00  0.4307649D-01  0.1360031D-01  0.0000000D+00
 -0.1230222D+00 -0.5122032D-03 -0.2793551D-02  0.0000000D+00
 -0.2409116D-01  0.4340906D-03 -0.7194706D-04  0.0000000D+00
  0.2325223D-01  0.5512445D-02 -0.1104198D-01  0.0000000D+00
  0.4745668D-01 -0.3217785D-01 -0.9992529D-03  0.0000000D+00
  0.2808233D-01 -0.1071565D-01  0.2848721D-02  0.0000000D+00
  0.1888133D-01 -0.9523076D-03  0.2061723D-02  0.0000000D+00
  0.1104818D-01  0.8518571D-03  0.1777057D-02  0.0000000D+00
  0.6360621D-02  0.2017475D-02  0.1601501D-02  0.0000000D+00
 -0.4167385D-01 -0.3921792D-01 -0.9030253D-02  0.0000000D+00
 -0.1217722D+00  0.8155777D-01 -0.2121569D-02  0.0000000D+00
  0.4825229D-01 -0.2036003D-01  0.1041540D-01  0.0000000D+00
 -0.6481903D-02  0.1114817D-01 -0.8446518D-03  0.0000000D+00
 -0.1978916D-01  0.2954078D-01  0.9743353D-02  0.0000000D+00
  0.8603222D-02 -0.1799447D-01 -0.6298800D-02  0.0000000D+00
  0.1858911D-01 -0.1459554D-01  0.1358536D-03  0.0000000D+00
  0.3180894D-01 -0.1293900D-01  0.4661390D-03  0.0000000D+00
  0.2732303D-01 -0.8972106D-02  0.1260579D-02  0.0000000D+00
  0.1735666D-01 -0.8195429D-02  0.1803982D-02  0.0000000D+00
  0.1147306D-01 -0.7696279D-02  0.2130767D-02  0.0000000D+00
 -0.6515940D-01  0.9157282D-03  0.2450914D-04  0.0000000D+00
  0.3373450D-01 -0.1054540D-02 -0.1102641D-03  0.0000000D+00
 -0.5409825D-01  0.1346794D-02  0.2149878D-03  0.0000000D+00
 -0.1396257D-01 -0.1072108D-02 -0.1341718D-03  0.0000000D+00
 -0.4455923D-01  0.1978494D-02  0.1748421D-03  0.0000000D+00
  0.7615283D-02 -0.2577546D-02 -0.1022577D-02  0.0000000D+00
 -0.3682972D-01 -0.1655578D-02  0.3045181D-02  0.0000000D+00
 -0.3386175D-01  0.1121365D-01  0.1486456D-02  0.0000000D+00
 -0.2290053D-01  0.1081514D-01  0.3542065D-03  0.0000000D+00
 -0.9382956D-02  0.8659990D-02  0.8889014D-03  0.0000000D+00
 -0.1347525D-02  0.7393825D-02  0.1189102D-02  0.0000000D+00
 -0.8086138D-01  0.9714686D-03  0.1177335D-03  0.0000000D+00
 -0.1022419D+00 -0.4332667D-03 -0.7243246D-04  0.0000000D+00
  0.2749770D-01 -0.1602590D-03  0.2044066D-03  0.0000000D+00
 -0.9420086D-02  0.1245666D-03 -0.1860383D-03  0.0000000D+00
 -0.2431459D-01 -0.1078748D-02  0.1861377D-03  0.0000000D+00
 -0.6653709D-02  0.4650161D-02  0.1874777D-03  0.0000000D+00
 -0.4147204D-03  0.1614219D-01  0.3400162D-02  0.0000000D+00
  0.2146879D-01  0.6521382D-02  0.2251658D-03  0.0000000D+00
  0.1230624D-01  0.4017298D-02 -0.1662349D-02  0.0000000D+00
  0.5769702D-02 -0.4322976D-03 -0.1800063D-02  0.0000000D+00
  0.1840479D-02 -0.3065687D-02 -0.1902034D-02  0.0000000D+00
 -0.4529018D-01  0.1516646D-03  0.4060153D-04  0.0000000D+00
 -0.8441388D-02  0.3807147D-04 -0.2390230D-03  0.0000000D+00
 -0.5274187D-01 -0.7924026D-03  0.1180869D-03  0.0000000D+00
  0.2033858D-01  0.1303359D-02 -0.1016230D-03  0.0000000D+00
 -0.2929314D-01 -0.1484138D-02  0.1325548D-03  0.0000000D+00
  0.5021887D-02  0.1918274D-02 -0.6190361D-03  0.0000000D+00
 -0.1273966D-01 -0.4602832D-03 -0.2468687D-02  0.0000000D+00
  0.4745379D-02 -0.2161861D-02  0.1014832D-02  0.0000000D+00
  0.2909437D-02 -0.6684151D-02  0.3038323D-03  0.0000000D+00
  0.2282733D-02 -0.5661849D-02  0.2458926D-03  0.0000000D+00
  0.1895311D-02 -0.5113911D-02  0.2039897D-03  0.0000000D+00
 -0.4345537D-01 -0.2943867D-03  0.1153273D-03  0.0000000D+00
  0.1344647D-01 -0.3603727D-03  0.9122376D-04  0.0000000D+00
 -0.4670936D-01  0.6361894D-03  0.1805646D-03  0.0000000D+00
  0.1757600D-01 -0.5675098D-03 -0.4315301D-03  0.0000000D+00
 -0.1176898D-01  0.6902019D-03  0.6751360D-03  0.0000000D+00
  0.1774648D-01 -0.3604799D-02 -0.2075687D-02  0.0000000D+00
 -0.1006693D-01 -0.8845415D-02 -0.2784444D-03  0.0000000D+00
 -0.2412119D-04 -0.1590431D-02 -0.5864286D-03  0.0000000D+00
  0.1614949D-02  0.8814040D-03  0.4324829D-03  0.0000000D+00
  0.3015549D-02  0.9749974D-04  0.8242397D-03  0.0000000D+00
  0.3852805D-02 -0.3334102D-03  0.1065109D-02  0.0000000D+00
  0.2104286D-01 -0.9836018D-04  0.8241444D-04  0.0000000D+00
  0.2659180D-01  0.2340877D-03 -0.4018307D-03  0.0000000D+00
 -0.6345079D-02  0.7768178D-04  0.2291066D-03  0.0000000D+00
  0.1105753D-01 -0.2360432D-03 -0.1420165D-03  0.0000000D+00
  0.3719015D-01  0.4917963D-03  0.5060504D-06  0.0000000D+00
  0.1406379D-01 -0.1512742D-02  0.7126143D-03  0.0000000D+00
 -0.1801568D-02  0.4275539D-02  0.6766708D-03  0.0000000D+00
 -0.1631434D-02 -0.2257792D-03 -0.1149976D-02  0.0000000D+00
 -0.2751157D-02 -0.1587306D-02 -0.2275185D-03  0.0000000D+00
 -0.3299474D-02 -0.3268771D-03  0.4802337D-03  0.0000000D+00
 -0.3632966D-02  0.3956205D-03  0.9050574D-03  0.0000000D+00
  0.6400425D-03  0.1274086D-03  0.1531244D-04  0.0000000D+00
 -0.1292743D-01 -0.2663657D-03  0.3272970D-04  0.0000000D+00
  0.2848404D-01  0.6873124D-03 -0.9985561D-04  0.0000000D+00
 -0.9285165D-03 -0.5667728D-03  0.1134319D-03  0.0000000D+00
 -0.6573521D-02  0.7342956D-04 -0.4760152D-03  0.0000000D+00
  0.3439544D-02  0.7530540D-03  0.1784859D-02  0.0000000D+00
 -0.1824022D-01  0.6297503D-03 -0.2005584D-02  0.0000000D+00
 -0.2962061D-02  0.2214458D-02 -0.4574861D-03  0.0000000D+00
 -0.5334302D-02  0.3314593D-03 -0.2570284D-03  0.0000000D+00
 -0.3191024D-02 -0.7953136D-03 -0.4836778D-03  0.0000000D+00
 -0.1963501D-02 -0.1476137D-02 -0.6141009D-03  0.0000000D+00
  0.1735446D+00  0.1616501D-02  0.1058365D-02  0.0000000D+00
 -0.6044746D-01 -0.4724163D-01  0.1228172D-01  0.0000000D+00
 -0.1291448D-01  0.6021262D-01 -0.8811177D-02  0.0000000D+00
  0.4969793D-02  0.4315997D-02  0.6201332D-02  0.0000000D+00
 -0.6449411D-03  0.2885576D-02 -0.4064331D-02  0.0000000D+00
  0.1793658D-01 -0.1304014D-01 -0.4137372D-02  0.0000000D+00
 -0.7186416D-02  0.2419497D-01  0.2316426D-03  0.0000000D+00
 -0.1647214D-01 -0.3394045D-02  0.3587999D-02  0.0000000D+00
 -0.1578780D-01 -0.2813691D-02  0.1757411D-02  0.0000000D+00
 -0.1093304D-01 -0.2947159D-02  0.1484530D-02  0.0000000D+00
 -0.8083507D-02 -0.3019050D-02  0.1304398D-02  0.0000000D+00
  0.6414841D-02 -0.2032662D-01 -0.1150680D-01  0.0000000D+00
 -0.5415119D-01  0.4041009D-01  0.1956850D-02  0.0000000D+00
 -0.1177837D+00  0.5763380D-01 -0.4138495D-02  0.0000000D+00
 -0.2228162D-01 -0.3093094D-01  0.1134549D-01  0.0000000D+00
 -0.2469447D-01  0.3328254D-01 -0.1318117D-01  0.0000000D+00
  0.4519848D-01 -0.1955198D-01 -0.6222909D-02  0.0000000D+00
 -0.4028045D-02  0.1363339D-01 -0.1401564D-01  0.0000000D+00
  0.9289440D-02 -0.9329543D-02 -0.1297637D-02  0.0000000D+00
  0.4981482D-02  0.2131115D-02  0.8260501D-03  0.0000000D+00
  0.1750584D-02  0.7152822D-02  0.2290686D-02  0.0000000D+00
 -0.1889031D-03  0.1022156D-01  0.3172089D-02  0.0000000D+00
 -0.1303704D+00 -0.3078827D-01 -0.7509463D-02  0.0000000D+00
  0.1273343D+00  0.1059718D+00  0.1654018D-01  0.0000000D+00
  0.8806762D-01 -0.2849833D-01 -0.1740945D-01  0.0000000D+00
 -0.5131757D-01  0.1562920D-01  0.6831266D-02  0.0000000D+00
  0.1859891D-01 -0.5778301D-03 -0.1413511D-01  0.0000000D+00
 -0.2509270D-01 -0.7099256D-02  0.1192623D-02  0.0000000D+00
  0.4258486D-03 -0.2133664D-01 -0.4323909D-02  0.0000000D+00
 -0.6864203D-02 -0.1241149D-01 -0.3704292D-02  0.0000000D+00
 -0.1953506D-02 -0.1648775D-01 -0.2572908D-02  0.0000000D+00
  0.4354645D-03 -0.1403618D-01 -0.1583094D-02  0.0000000D+00
  0.1888914D-02 -0.1264702D-01 -0.9911787D-03  0.0000000D+00
 -0.7491763D-02  0.1380000D-04 -0.4758117D-04  0.0000000D+00
  0.1386668D-01 -0.1361890D-02 -0.1959491D-03  0.0000000D+00
 -0.1807043D-01  0.1362769D-02 -0.1737719D-04  0.0000000D+00
 -0.3229285D-01 -0.1115307D-02  0.1473912D-03  0.0000000D+00
 -0.3291843D-01  0.1884880D-02 -0.3104294D-03  0.0000000D+00
  0.1538557D-01 -0.1585242D-02  0.7223503D-03  0.0000000D+00
 -0.2344748D-01  0.2663611D-03 -0.9235014D-03  0.0000000D+00
 -0.2181647D-02  0.4608729D-02  0.4876001D-03  0.0000000D+00
 -0.2194572D-02  0.6538791D-02 -0.1563692D-02  0.0000000D+00
 -0.5003272D-02  0.6596256D-02 -0.2495597D-02  0.0000000D+00
 -0.6647426D-02  0.6651230D-02 -0.3063989D-02  0.0000000D+00
 -0.1366619D+00  0.8605989D-03  0.8367891D-04  0.0000000D+00
 -0.1083928D-01 -0.5011553D-03 -0.4038657D-03  0.0000000D+00
  0.1581166D-01  0.5379475D-03  0.4744621D-03  0.0000000D+00
 -0.2622912D-01 -0.9892632D-03 -0.7199591D-03  0.0000000D+00
  0.2164447D-01  0.1208776D-02  0.1292616D-02  0.0000000D+00
 -0.1568135D-01 -0.6873059D-03 -0.2522396D-02  0.0000000D+00
 -0.6441062D-03 -0.1815449D-02  0.1695866D-02  0.0000000D+00
  0.1000616D-01 -0.7368101D-03  0.3334145D-02  0.0000000D+00
  0.4455197D-02 -0.3683606D-02  0.1228226D-02  0.0000000D+00
  0.4919010D-03 -0.3194243D-02  0.7883791D-04  0.0000000D+00
 -0.1890627D-02 -0.2941121D-02 -0.6176192D-03  0.0000000D+00
 -0.7538313D-02  0.7818552D-03  0.1518585D-04  0.0000000D+00
  0.4921534D-01  0.1066759D-02 -0.6393760D-05  0.0000000D+00
  0.5156286D-01 -0.1136427D-02 -0.4569087D-04  0.0000000D+00
 -0.9774236D-02  0.9532423D-03 -0.1551452D-03  0.0000000D+00
 -0.2803345D-01 -0.2084981D-02  0.1865020D-03  0.0000000D+00
  0.1628954D-01  0.4425387D-02 -0.3531557D-03  0.0000000D+00
 -0.1864291D-01 -0.1106118D-01  0.7082870D-03  0.0000000D+00
 -0.2475100D-02  0.1632253D-02 -0.6735734D-03  0.0000000D+00
 -0.9048757D-03  0.2424271D-02 -0.2215413D-03  0.0000000D+00
 -0.4725843D-04  0.1830304D-02 -0.1575087D-03  0.0000000D+00
  0.4721363D-03  0.1491326D-02 -0.1150998D-03  0.0000000D+00
  0.3897320D-01  0.2067515D-03 -0.5336368D-04  0.0000000D+00
 -0.3354115D-01  0.2630167D-03 -0.1307249D-03  0.0000000D+00
 -0.2313512D-01 -0.3246371D-04 -0.2088097D-03  0.0000000D+00
  0.1745635D-01  0.2134805D-03  0.3238549D-03  0.0000000D+00
  0.4697152D-01 -0.1085527D-02 -0.7543218D-03  0.0000000D+00
 -0.4781666D-02  0.2448598D-02  0.9338327D-03  0.0000000D+00
 -0.5078730D-02 -0.1043690D-01 -0.8765147D-03  0.0000000D+00
  0.4381467D-02  0.3328515D-02 -0.2484967D-02  0.0000000D+00
  0.1042251D-02  0.2746614D-02 -0.1043701D-02  0.0000000D+00
  0.1908116D-02  0.3374870D-02 -0.7461306D-03  0.0000000D+00
  0.2376625D-02  0.3736178D-02 -0.5559205D-03  0.0000000D+00
 -0.1202207D+00 -0.7581544D-03  0.2794639D-04  0.0000000D+00
 -0.3855789D-01  0.5757143D-03 -0.4106981D-05  0.0000000D+00
 -0.8487619D-02 -0.1968777D-03  0.2224577D-03  0.0000000D+00
 -0.2788859D-02  0.1488747D-03 -0.5199564D-03  0.0000000D+00
 -0.4655787D-01  0.1024400D-02  0.8113774D-03  0.0000000D+00
  0.2963889D-01 -0.1810380D-02 -0.1519057D-02  0.0000000D+00
 -0.8252713D-02 -0.1167345D-02  0.2230821D-02  0.0000000D+00
  0.2822754D-02  0.5524589D-02 -0.7674523D-03  0.0000000D+00
 -0.1330734D-02 -0.3666875D-03 -0.8075082D-03  0.0000000D+00
  0.3110002D-03 -0.1286112D-02 -0.4609090D-04  0.0000000D+00
  0.1224867D-02 -0.1890397D-02  0.3989552D-03  0.0000000D+00
 -0.9225035D-03 -0.1296005D-02  0.6333329D-04  0.0000000D+00
 -0.1230934D-01 -0.7286189D-03 -0.4768819D-03  0.0000000D+00
 -0.2916676D-01 -0.3108299D-04  0.2312278D-03  0.0000000D+00
  0.1913090D-01  0.2457305D-03 -0.1562280D-03  0.0000000D+00
  0.3602521D-01  0.1041538D-03 -0.9550055D-04  0.0000000D+00
  0.5800033D-02 -0.8460868D-03  0.4175379D-03  0.0000000D+00
 -0.1288919D-01  0.9032602D-02 -0.3644421D-03  0.0000000D+00
  0.4812061D-02  0.5582643D-03  0.2410827D-02  0.0000000D+00
 -0.1665281D-03 -0.2461538D-03  0.7087016D-03  0.0000000D+00
  0.1041297D-02 -0.5184587D-03  0.1738073D-03  0.0000000D+00
  0.1691723D-02 -0.6868835D-03 -0.1584124D-03  0.0000000D+00
 -0.2891021D-03  0.1443981D-02  0.1021707D-02  0.0000000D+00
 -0.2691667D-01 -0.3241038D-01  0.4326245D-02  0.0000000D+00
  0.5020121D-01 -0.1643303D-01  0.2179113D-02  0.0000000D+00
 -0.1977582D-01  0.1609771D-01  0.1519916D-02  0.0000000D+00
  0.1689856D-01 -0.3066129D-02  0.5956828D-03  0.0000000D+00
 -0.1775568D-01  0.5296622D-02 -0.1320056D-02  0.0000000D+00
 -0.2362697D-02 -0.5468780D-02 -0.2508318D-02  0.0000000D+00
 -0.9397937D-02  0.8618454D-03  0.1330218D-02  0.0000000D+00
 -0.4793091D-02 -0.4958405D-03  0.3334609D-03  0.0000000D+00
  0.2614063D-02  0.2364548D-02  0.7413995D-03  0.0000000D+00
  0.7001495D-02  0.4022882D-02  0.9686516D-03  0.0000000D+00
 -0.4947132D-01  0.5017024D-01 -0.7898124D-02  0.0000000D+00
  0.2162228D-01 -0.6408016D-01  0.9768969D-02  0.0000000D+00
  0.1229974D+00  0.4241483D-01 -0.4508847D-02  0.0000000D+00
 -0.1547729D-01 -0.2739102D-01 -0.1274807D-02  0.0000000D+00
  0.1236603D-01  0.2723633D-01  0.3053874D-02  0.0000000D+00
 -0.2139592D-01  0.5490662D-02  0.1901504D-02  0.0000000D+00
  0.9281819D-02 -0.2371764D-02  0.1696593D-02  0.0000000D+00
  0.2783331D-02  0.2699851D-02  0.2117056D-02  0.0000000D+00
  0.4436966D-02  0.2726512D-02 -0.1699705D-02  0.0000000D+00
  0.1569819D-02  0.4382482D-02 -0.2492586D-02  0.0000000D+00
 -0.8983482D-04  0.5351162D-02 -0.2999504D-02  0.0000000D+00
  0.3754987D-01  0.2168411D-01  0.5419422D-02  0.0000000D+00
  0.1210245D-01  0.2417398D-01 -0.1408883D-02  0.0000000D+00
  0.6817486D-01 -0.6794024D-04  0.3373036D-02  0.0000000D+00
  0.4773842D-03 -0.5981477D-02 -0.5948436D-02  0.0000000D+00
  0.4611711D-03 -0.2140070D-02  0.7535876D-02  0.0000000D+00
 -0.5416581D-02  0.1770275D-01 -0.3163536D-02  0.0000000D+00
  0.4458756D-02 -0.6462378D-02 -0.3046939D-02  0.0000000D+00
  0.8624960D-02 -0.4491040D-02  0.1435161D-02  0.0000000D+00
  0.7315567D-02 -0.4008113D-02  0.5390394D-03  0.0000000D+00
  0.4609258D-02 -0.5246080D-02 -0.4224258D-03  0.0000000D+00
  0.3010619D-02 -0.5965531D-02 -0.9953768D-03  0.0000000D+00
 -0.6888665D-01  0.9277256D-03  0.7289864D-04  0.0000000D+00
  0.4315334D-01 -0.6234259D-03  0.3960573D-03  0.0000000D+00
 -0.5582077D-01 -0.4595237D-04 -0.2442577D-03  0.0000000D+00
  0.2942026D-01  0.2019523D-04  0.2137864D-03  0.0000000D+00
 -0.7064434D-02  0.2628481D-03 -0.9055979D-04  0.0000000D+00
 -0.1068171D-01 -0.8722606D-03 -0.8393966D-03  0.0000000D+00
 -0.8019468D-02 -0.6664228D-02 -0.2358782D-02  0.0000000D+00
 -0.4321100D-03  0.2753000D-02  0.1336310D-02  0.0000000D+00
  0.2434565D-02  0.3163792D-02  0.3367687D-03  0.0000000D+00
  0.1829794D-02  0.1334505D-02 -0.4576649D-03  0.0000000D+00
  0.1508344D-02  0.2682059D-03 -0.9340187D-03  0.0000000D+00
  0.5718320D-01 -0.3663416D-03 -0.1621839D-04  0.0000000D+00
 -0.8211523D-01 -0.7773250D-03 -0.3148294D-04  0.0000000D+00
  0.9570674D-01  0.2056383D-03  0.3328937D-03  0.0000000D+00
 -0.2563487D-01  0.4850709D-03 -0.4254207D-03  0.0000000D+00
 -0.1934717D-02 -0.9470558D-03  0.6025269D-03  0.0000000D+00
 -0.1495785D-01  0.4150217D-02  0.8068165D-03  0.0000000D+00
  0.9190410D-02  0.6812950D-02 -0.1428765D-03  0.0000000D+00
 -0.4015246D-02 -0.6267779D-02 -0.2365075D-02  0.0000000D+00
 -0.3093024D-02 -0.3165181D-03 -0.1347866D-03  0.0000000D+00
 -0.2983491D-02  0.1968026D-02  0.1294504D-02  0.0000000D+00
 -0.2909007D-02  0.3372147D-02  0.2156135D-02  0.0000000D+00
  0.7747626D-01 -0.4690636D-03  0.2924814D-04  0.0000000D+00
  0.1063175D-01  0.2435879D-03  0.3274084D-03  0.0000000D+00
  0.2983811D-02 -0.1082608D-02 -0.3127964D-03  0.0000000D+00
  0.9829145D-03  0.1846152D-02  0.4013320D-03  0.0000000D+00
  0.1469203D-01 -0.2465364D-02 -0.7460656D-03  0.0000000D+00
 -0.1750507D-01  0.3747491D-02  0.1099534D-02  0.0000000D+00
  0.6926845D-02 -0.2634784D-02  0.2812048D-03  0.0000000D+00
  0.3964542D-02 -0.1000281D-02 -0.1498192D-03  0.0000000D+00
  0.2676796D-02 -0.1656203D-02  0.2683736D-03  0.0000000D+00
  0.9579709D-03 -0.2509677D-02  0.3656845D-03  0.0000000D+00
 -0.6248484D-04 -0.3016633D-02  0.4274384D-03  0.0000000D+00
 -0.9488566D-02  0.1198247D-03 -0.9227063D-04  0.0000000D+00
 -0.1259831D-01 -0.2528364D-03  0.3840185D-03  0.0000000D+00
 -0.5405050D-03 -0.7391076D-03 -0.2276149D-03  0.0000000D+00
  0.4269132D-02  0.1011092D-02  0.1867300D-03  0.0000000D+00
 -0.2430300D-01 -0.1085185D-02 -0.2655270D-03  0.0000000D+00
  0.4475720D-02  0.4308998D-05 -0.8365931D-05  0.0000000D+00
  0.7682483D-02 -0.2890933D-02  0.3329877D-02  0.0000000D+00
  0.6638131D-02  0.6047370D-03 -0.4196635D-03  0.0000000D+00
  0.4427277D-02  0.5495900D-02  0.1919099D-03  0.0000000D+00
  0.2888150D-02  0.4203372D-02  0.4397176D-03  0.0000000D+00
  0.1962341D-02  0.3501988D-02  0.5916979D-03  0.0000000D+00
  0.6729541D-01  0.7291748D-03  0.3959500D-04  0.0000000D+00
  0.4078579D-01 -0.8808159D-03 -0.2465844D-04  0.0000000D+00
 -0.4579064D-01  0.2955529D-03 -0.3639792D-05  0.0000000D+00
  0.1093222D-01 -0.1360243D-03 -0.3696733D-04  0.0000000D+00
 -0.5335465D-02  0.4606626D-03  0.2863950D-04  0.0000000D+00
 -0.8277735D-02 -0.7777657D-04  0.9017156D-03  0.0000000D+00
 -0.2711291D-02  0.2757591D-02 -0.1408377D-02  0.0000000D+00
 -0.3688490D-02  0.4195507D-02  0.1406091D-02  0.0000000D+00
 -0.1148356D-02  0.6380341D-03  0.9867103D-03  0.0000000D+00
  0.3552350D-03 -0.2557578D-03  0.2437873D-03  0.0000000D+00
  0.1263720D-02 -0.8192209D-03 -0.1959709D-03  0.0000000D+00
 -0.2145463D-01  0.1790972D-02 -0.2769927D-04  0.0000000D+00
  0.1072463D-01 -0.1410948D-03  0.1544951D-03  0.0000000D+00
  0.1266068D-01  0.1456900D-03  0.9491233D-04  0.0000000D+00
  0.6962057D-03 -0.7850770D-04 -0.1564780D-03  0.0000000D+00
 -0.4130120D-02  0.1730021D-02  0.5123922D-03  0.0000000D+00
  0.1510694D-03 -0.3344540D-02 -0.1544084D-02  0.0000000D+00
  0.2728208D-02  0.5436439D-02  0.2537074D-03  0.0000000D+00
  0.5475932D-03  0.1120348D-02 -0.8943507D-03  0.0000000D+00
  0.1502880D-02 -0.1346165D-02 -0.1473569D-03  0.0000000D+00
  0.2377082D-03 -0.6704565D-03  0.2279267D-03  0.0000000D+00
 -0.4920637D-03 -0.3029207D-03  0.4559826D-03  0.0000000D+00
  0.2160282D-01 -0.3111756D-01 -0.3838138D-02  0.0000000D+00
  0.1296708D-01 -0.4563922D-01 -0.1494337D-02  0.0000000D+00
 -0.6517362D-01  0.2375265D-01 -0.5114499D-02  0.0000000D+00
  0.2182825D-01  0.7019201D-03  0.3180954D-02  0.0000000D+00
 -0.6985681D-02 -0.8670625D-02  0.1339210D-02  0.0000000D+00
  0.5541465D-03 -0.4053686D-02  0.5862885D-03  0.0000000D+00
 -0.2030227D-02  0.9371320D-02 -0.3652201D-03  0.0000000D+00
 -0.7106824D-02  0.8421770D-03  0.3101007D-03  0.0000000D+00
 -0.7336030D-02 -0.6049851D-02 -0.6858739D-03  0.0000000D+00
 -0.6564929D-02 -0.9126804D-02  0.1489096D-03  0.0000000D+00
 -0.6115796D-02 -0.1100588D-01  0.6263881D-03  0.0000000D+00
  0.6801597D-03  0.2789633D-01 -0.9142745D-02  0.0000000D+00
  0.1093219D+00 -0.5002658D-01  0.2704922D-02  0.0000000D+00
 -0.1539353D+00  0.4091522D-01 -0.4399221D-02  0.0000000D+00
  0.4291712D-01  0.2217590D-01 -0.9135591D-03  0.0000000D+00
 -0.1333001D-01 -0.2359336D-01  0.5381992D-03  0.0000000D+00
 -0.1077335D-02  0.4559308D-02 -0.2855943D-02  0.0000000D+00
  0.3309577D-02 -0.7378246D-02 -0.3108226D-02  0.0000000D+00
 -0.7363909D-02 -0.4258610D-02 -0.3332678D-03  0.0000000D+00
 -0.6798084D-02 -0.2718839D-02 -0.1120782D-02  0.0000000D+00
 -0.4341970D-02 -0.6323434D-02 -0.5764196D-03  0.0000000D+00
 -0.2897917D-02 -0.8416200D-02 -0.2666891D-03  0.0000000D+00
  0.2445617D-01  0.1848061D-01  0.7504071D-02  0.0000000D+00
 -0.5399895D-01  0.1977394D-01 -0.1562293D-01  0.0000000D+00
  0.4330131D-01  0.3250958D-01  0.9944700D-02  0.0000000D+00
 -0.1548886D-01 -0.1118659D-01  0.1286802D-02  0.0000000D+00
  0.8358897D-02  0.4864733D-02 -0.1066752D-02  0.0000000D+00
 -0.1021402D-01  0.1374716D-02  0.2069933D-03  0.0000000D+00
  0.3757755D-02 -0.5642680D-02 -0.5091186D-03  0.0000000D+00
  0.7934565D-02 -0.1115820D-01 -0.9446606D-03  0.0000000D+00
  0.7527416D-02 -0.5370964D-02 -0.3379335D-04  0.0000000D+00
  0.5278897D-02 -0.7005279D-02  0.6353488D-03  0.0000000D+00
  0.3958221D-02 -0.7896996D-02  0.1037250D-02  0.0000000D+00
 -0.6480078D-01  0.1793213D-03  0.4881632D-04  0.0000000D+00
  0.8639461D-01 -0.5736467D-03  0.1591527D-03  0.0000000D+00
 -0.4072163D-01 -0.4925842D-03 -0.7535207D-04  0.0000000D+00
 -0.7443665D-02  0.7327212D-03  0.3967904D-04  0.0000000D+00
  0.9108025D-02 -0.1785287D-02 -0.8314996D-04  0.0000000D+00
 -0.5695409D-03  0.3222904D-02  0.4140573D-03  0.0000000D+00
  0.5808061D-02 -0.1662650D-01 -0.1325460D-02  0.0000000D+00
 -0.1025156D-01 -0.2838417D-03  0.8468760D-03  0.0000000D+00
 -0.5417791D-02  0.2507065D-02  0.1038904D-02  0.0000000D+00
 -0.1115922D-02  0.1662221D-02  0.5334700D-03  0.0000000D+00
  0.1456725D-02  0.1199462D-02  0.2396370D-03  0.0000000D+00
 -0.1470961D-01  0.9295133D-03  0.1240441D-03  0.0000000D+00
 -0.4452737D-01 -0.4540312D-03 -0.2303294D-03  0.0000000D+00
  0.1814877D-01 -0.3389917D-03  0.1360894D-03  0.0000000D+00
 -0.1398474D-01 -0.2487449D-03 -0.1590337D-03  0.0000000D+00
 -0.1250247D-01  0.8729801D-03 -0.6187075D-04  0.0000000D+00
 -0.1147043D-01 -0.2759250D-02  0.1299016D-02  0.0000000D+00
  0.8089867D-03  0.1025615D-01 -0.5894049D-03  0.0000000D+00
 -0.1414956D-02  0.1182199D-02 -0.4606985D-03  0.0000000D+00
  0.1367249D-02 -0.1010627D-02 -0.5988453D-04  0.0000000D+00
  0.1471581D-02 -0.1651262D-02  0.4791475D-03  0.0000000D+00
  0.1563948D-02 -0.2050865D-02  0.7991091D-03  0.0000000D+00
  0.3048423D-01 -0.4862071D-04  0.5790941D-05  0.0000000D+00
 -0.1845735D-02  0.3128393D-03  0.2286974D-03  0.0000000D+00
  0.3861560D-01 -0.6692364D-03 -0.1590551D-03  0.0000000D+00
 -0.3022714D-01  0.9731523D-03  0.1248298D-03  0.0000000D+00
  0.2934985D-01 -0.1242009D-02 -0.1117218D-03  0.0000000D+00
 -0.5477484D-03  0.1722554D-02 -0.1172629D-03  0.0000000D+00
  0.7062391D-02  0.4491595D-02 -0.1137116D-02  0.0000000D+00
  0.3430117D-02  0.7961577D-02 -0.1033911D-02  0.0000000D+00
  0.3653980D-02  0.1326848D-02 -0.5353592D-03  0.0000000D+00
  0.3226479D-02 -0.7957368D-03 -0.8626324D-03  0.0000000D+00
  0.2978932D-02 -0.2112505D-02 -0.1048666D-02  0.0000000D+00
  0.2767449D-01 -0.8003734D-04  0.8893652D-04  0.0000000D+00
 -0.6509165D-01  0.3598317D-03 -0.3500310D-04  0.0000000D+00
  0.5755015D-01 -0.4734542D-04  0.9439920D-04  0.0000000D+00
 -0.3834902D-01  0.3161472D-03 -0.2935909D-03  0.0000000D+00
 -0.1057980D-01 -0.6255475D-03  0.6160786D-03  0.0000000D+00
 -0.2227412D-01  0.1510472D-02 -0.1894076D-02  0.0000000D+00
  0.5293679D-02  0.3685685D-03  0.1430247D-02  0.0000000D+00
 -0.2264631D-02 -0.9037514D-03 -0.1286513D-02  0.0000000D+00
  0.1131317D-02 -0.2759807D-02 -0.9685319D-03  0.0000000D+00
  0.3707847D-02 -0.2245720D-02 -0.8578056D-03  0.0000000D+00
  0.5254723D-02 -0.1965280D-02 -0.7894179D-03  0.0000000D+00
  0.3400066D-01 -0.6325938D-03  0.4087555D-04  0.0000000D+00
 -0.4655164D-01  0.1053987D-02 -0.1670537D-04  0.0000000D+00
  0.9454362D-02 -0.1184369D-02  0.2514885D-03  0.0000000D+00
 -0.1463790D-01  0.6216176D-03 -0.2353290D-03  0.0000000D+00
  0.2216546D-01  0.9191720D-03 -0.4216085D-04  0.0000000D+00
 -0.6029412D-03 -0.2185140D-02  0.7694011D-03  0.0000000D+00
  0.7435866D-02  0.1983717D-02 -0.1506231D-03  0.0000000D+00
 -0.2668128D-02 -0.1190809D-02 -0.1976658D-03  0.0000000D+00
 -0.2171382D-03 -0.6793648D-03  0.5373790D-03  0.0000000D+00
  0.6251356D-03 -0.1118044D-03  0.3478219D-03  0.0000000D+00
  0.1145769D-02  0.2257869D-03  0.2451822D-03  0.0000000D+00
  0.4270742D-02  0.2801989D-03  0.1385070D-03  0.0000000D+00
 -0.4810300D-01 -0.3733227D-03  0.8739939D-04  0.0000000D+00
  0.2743934D-01  0.4085197D-03  0.1107584D-03  0.0000000D+00
 -0.1107942D-01 -0.7846598D-03 -0.9444635D-04  0.0000000D+00
  0.1773172D-02  0.1966390D-02  0.1014205D-03  0.0000000D+00
 -0.1959944D-01 -0.3939878D-02  0.5782709D-03  0.0000000D+00
  0.6592347D-02  0.5042410D-02  0.4257538D-03  0.0000000D+00
 -0.1152572D-02 -0.2487047D-02  0.1098826D-02  0.0000000D+00
  0.1108202D-02 -0.3058613D-02  0.5015846D-03  0.0000000D+00
  0.1753992D-03 -0.1525048D-02  0.2906853D-03  0.0000000D+00
 -0.3447574D-03 -0.6342484D-03  0.1604376D-03  0.0000000D+00
