  4  2   693 10944  4  4  9 11  7  1    0.00   24.00  100.00  600.00    0.00    6.28   45.00   45.00
  100.0  100.0  100.0  100.0  125.0  150.0  190.0  230.0  275.0  350.0  450.0  600.0  600.0  600.0  600.0
  0.8133798D+04  0.1438119D+04 -0.8131462D+03  0.0000000D+00
  0.1041512D+05 -0.3196431D+04 -0.2245692D+02  0.0000000D+00
  0.5949910D+04  0.8449741D+03 -0.3149826D+03  0.0000000D+00
  0.1229877D+05  0.2471776D+04  0.1332576D+03  0.0000000D+00
  0.7875425D+04  0.1788652D+04  0.4924604D+02  0.0000000D+00
  0.8528366D+04  0.3080942D+04  0.1441931D+03  0.0000000D+00
  0.7947654D+04  0.2275555D+04  0.8768993D+02  0.0000000D+00
  0.7280420D+04  0.3592980D+04  0.1423781D+03  0.0000000D+00
  0.8148931D+04  0.2515977D+04  0.1275135D+03  0.0000000D+00
  0.9988815D+04  0.1922557D+03  0.6372066D+02  0.0000000D+00
  0.1107572D+05 -0.1180287D+04  0.2620861D+02  0.0000000D+00
  0.1956817D+04  0.1362914D+04 -0.2802423D+03  0.0000000D+00
  0.1469342D+05  0.4352845D+04  0.6120389D+02  0.0000000D+00
 -0.2590017D+04 -0.1455459D+03  0.3835189D+03  0.0000000D+00
  0.3091800D+04 -0.4122229D+03 -0.2570469D+03  0.0000000D+00
 -0.5203959D+03  0.9414484D+03  0.4217696D+02  0.0000000D+00
 -0.8651636D+03  0.1764608D+04  0.1826190D+03  0.0000000D+00
 -0.1768794D+04  0.1368269D+04  0.1760356D+03  0.0000000D+00
 -0.1813351D+04  0.1929772D+04  0.1339151D+03  0.0000000D+00
 -0.1195521D+04  0.1319313D+04  0.9547451D+02  0.0000000D+00
  0.2058416D+02 -0.2417571D+03  0.2051619D+02  0.0000000D+00
  0.7395022D+03 -0.1162560D+04 -0.2379754D+02  0.0000000D+00
  0.4599583D+04  0.2761595D+04  0.4795768D+03  0.0000000D+00
  0.1013638D+04 -0.1359733D+03 -0.4354889D+03  0.0000000D+00
 -0.3892815D+04 -0.7078968D+02  0.4304226D+03  0.0000000D+00
  0.5595192D+03  0.1822023D+04 -0.5160798D+03  0.0000000D+00
 -0.1870813D+04  0.7834254D+03 -0.1454571D+03  0.0000000D+00
 -0.1100261D+04  0.1175097D+04 -0.2727142D+03  0.0000000D+00
 -0.1145638D+04  0.1139887D+04 -0.1823884D+03  0.0000000D+00
 -0.1706441D+04  0.1984302D+04 -0.1818881D+03  0.0000000D+00
 -0.1196051D+04  0.1238253D+04 -0.1503487D+03  0.0000000D+00
 -0.8967466D+02 -0.2032937D+03 -0.1329869D+03  0.0000000D+00
  0.5637823D+03 -0.1055577D+04 -0.1224540D+03  0.0000000D+00
 -0.1096151D+04 -0.1637122D+03 -0.9488146D+00  0.0000000D+00
 -0.2225203D+03 -0.4988268D+03  0.8155623D+00  0.0000000D+00
 -0.2025781D+03  0.3061100D+03 -0.2003895D+01  0.0000000D+00
  0.1161253D+03 -0.1606749D+03  0.7711811D+00  0.0000000D+00
  0.2436262D+02  0.6554708D+02 -0.4553793D+01  0.0000000D+00
 -0.1928905D+03  0.2059362D+02  0.2890945D+02  0.0000000D+00
 -0.2247127D+03  0.1031226D+03  0.3169471D+02  0.0000000D+00
 -0.2031585D+02 -0.1648181D+03 -0.1150983D+02  0.0000000D+00
 -0.1832884D+03  0.1188445D+03 -0.6282554D+01  0.0000000D+00
 -0.4923247D+03  0.5213220D+03  0.1155949D+02  0.0000000D+00
 -0.6750762D+03  0.7601035D+03  0.2206055D+02  0.0000000D+00
 -0.1503433D+03 -0.2713392D+03  0.1854776D+00  0.0000000D+00
 -0.5772589D+03  0.5591556D+02 -0.1877793D-01  0.0000000D+00
 -0.3644895D+03  0.1435670D+01  0.8467634D-01  0.0000000D+00
  0.1735232D+03  0.2416138D+02 -0.1230872D+00  0.0000000D+00
 -0.7469456D+02 -0.2971197D+02 -0.5044063D+00  0.0000000D+00
 -0.2129319D+03  0.1330249D+03  0.6058010D+01  0.0000000D+00
  0.2433543D+02  0.3574935D+02  0.4121323D+01  0.0000000D+00
  0.4933023D+02  0.2308355D+03 -0.1322313D+02  0.0000000D+00
  0.2480981D+03  0.7030233D+02 -0.3988192D+02  0.0000000D+00
  0.4137948D+03 -0.1659865D+03 -0.4180750D+02  0.0000000D+00
  0.5130257D+03 -0.3060559D+03 -0.4322475D+02  0.0000000D+00
  0.2205817D+03 -0.2620228D+02  0.1400213D+01  0.0000000D+00
 -0.4929477D+03 -0.3318511D+02 -0.6786052D+00  0.0000000D+00
 -0.1582176D+03 -0.1644250D+01  0.2946451D+01  0.0000000D+00
  0.1295840D+03 -0.1416714D+02 -0.2899257D+01  0.0000000D+00
 -0.1046034D+03  0.8789760D+01  0.6497954D+01  0.0000000D+00
  0.3419089D+03 -0.7857106D+02 -0.2715181D+02  0.0000000D+00
  0.5528419D+03 -0.2410807D+03 -0.4820331D+02  0.0000000D+00
  0.9335581D+03 -0.5990983D+03 -0.5054339D+02  0.0000000D+00
  0.5132834D+03 -0.3171163D+03 -0.1247582D+02  0.0000000D+00
 -0.1107562D+03  0.1815643D+03  0.2523409D+02  0.0000000D+00
 -0.4808066D+03  0.4766461D+03  0.4773147D+02  0.0000000D+00
 -0.2339725D+03 -0.8851252D+02  0.9320283D+00  0.0000000D+00
  0.1401690D+03 -0.6472725D+02 -0.2006176D+00  0.0000000D+00
  0.1114253D+03  0.7231712D+01  0.1590807D+00  0.0000000D+00
 -0.7433960D+02 -0.2069804D+02  0.3305113D+00  0.0000000D+00
  0.7853395D+02  0.6846189D+01  0.1169490D+01  0.0000000D+00
 -0.6357865D+01 -0.9616939D+02 -0.1219136D+02  0.0000000D+00
  0.3201820D+03 -0.2198273D+03  0.5801480D+01  0.0000000D+00
  0.4598400D+03 -0.2780597D+03  0.7186073D+01  0.0000000D+00
  0.3167270D+03 -0.8564456D+02  0.2414218D+02  0.0000000D+00
  0.4133961D+02  0.1181107D+03  0.9532046D+01  0.0000000D+00
 -0.1214840D+03  0.2395529D+03  0.1162655D+01  0.0000000D+00
  0.6330330D+02  0.2403640D+02 -0.5305261D+00  0.0000000D+00
  0.7874404D+01 -0.3978931D+02 -0.2866163D-01  0.0000000D+00
  0.1054227D+03  0.3721101D+01 -0.1854359D+01  0.0000000D+00
 -0.1429023D+03  0.1917823D+02  0.4824256D+01  0.0000000D+00
  0.1552352D+03 -0.4428191D+02 -0.8102853D+01  0.0000000D+00
 -0.2732217D+03  0.1160611D+03  0.1986030D+02  0.0000000D+00
  0.1935402D+03 -0.1358109D+03  0.1228627D+02  0.0000000D+00
  0.1853569D+03 -0.1751551D+03 -0.8632195D+01  0.0000000D+00
  0.1920567D+03 -0.9488287D+02 -0.5315965D+01  0.0000000D+00
  0.1126182D+03  0.3131966D+01  0.2265545D+02  0.0000000D+00
  0.6618918D+02  0.6140650D+02  0.3907045D+02  0.0000000D+00
 -0.3282322D+02 -0.2414926D+02 -0.1741363D+01  0.0000000D+00
  0.7731904D+02 -0.2439211D+02  0.7640214D+00  0.0000000D+00
 -0.1271404D+02 -0.1790482D+02 -0.4703832D+00  0.0000000D+00
  0.3425194D+02  0.4216788D+02  0.1280055D+01  0.0000000D+00
  0.4133578D+02 -0.7443421D+02 -0.1832824D+01  0.0000000D+00
 -0.1122652D+03  0.1576870D+03  0.9524452D+01  0.0000000D+00
  0.6346907D+03 -0.2100311D+03 -0.8526149D+01  0.0000000D+00
  0.9339236D+03 -0.4369504D+03  0.1270210D+02  0.0000000D+00
  0.5668060D+03 -0.1821650D+03  0.1557527D+02  0.0000000D+00
  0.7992073D+02  0.1041884D+02  0.1961752D+02  0.0000000D+00
 -0.2092297D+03  0.1260111D+03  0.2201366D+02  0.0000000D+00
 -0.4694515D+01 -0.2640004D+04 -0.4287639D+03  0.0000000D+00
 -0.4327687D+04 -0.8263968D+03  0.1029507D+03  0.0000000D+00
  0.5704090D+04 -0.2971277D+04 -0.2670771D+03  0.0000000D+00
 -0.4594347D+04  0.5941098D+04  0.9910298D+02  0.0000000D+00
 -0.1655351D+03  0.1072032D+04  0.6366963D+01  0.0000000D+00
 -0.3380469D+04  0.2047682D+04  0.5487055D+02  0.0000000D+00
 -0.1285564D+04  0.1264792D+04  0.1260027D+03  0.0000000D+00
 -0.2245012D+04  0.1893581D+04  0.1464595D+03  0.0000000D+00
 -0.1393922D+04  0.1452226D+04  0.9474239D+02  0.0000000D+00
 -0.1140830D+03  0.5347283D+03 -0.2949440D+02  0.0000000D+00
  0.6447739D+03 -0.7413247D+01 -0.1028004D+03  0.0000000D+00
 -0.7277680D+04 -0.2531307D+04 -0.6224613D+03  0.0000000D+00
 -0.1233896D+05 -0.2708244D+04  0.2422784D+03  0.0000000D+00
  0.1132955D+05  0.1859935D+04 -0.5484602D+03  0.0000000D+00
 -0.7367101D+04  0.1934096D+04  0.5558552D+02  0.0000000D+00
  0.3465988D+03  0.1505024D+03  0.1362822D+03  0.0000000D+00
 -0.3282992D+04  0.3641542D+03  0.8120392D+00  0.0000000D+00
 -0.6486380D+03  0.4827243D+03  0.1273925D+03  0.0000000D+00
 -0.1873973D+04  0.7300264D+03  0.1027870D+03  0.0000000D+00
 -0.1275471D+04  0.5776124D+03  0.7188003D+02  0.0000000D+00
 -0.3846889D+03  0.1764473D+03 -0.2039177D+02  0.0000000D+00
  0.1435828D+03 -0.6014322D+02 -0.7475495D+02  0.0000000D+00
  0.1487029D+03  0.1123269D+03  0.1214799D+03  0.0000000D+00
  0.3315203D+04  0.3394902D+04 -0.3079683D+03  0.0000000D+00
 -0.5566355D+04 -0.1893359D+04  0.1209998D+03  0.0000000D+00
 -0.2374308D+03  0.1306417D+04 -0.1541361D+03  0.0000000D+00
 -0.1495247D+04 -0.7215289D+03  0.3173211D+01  0.0000000D+00
 -0.2133745D+03  0.5059501D+03  0.6579644D+00  0.0000000D+00
 -0.7754244D+03  0.1088304D+03 -0.4736326D+02  0.0000000D+00
 -0.4700724D+03  0.5211624D+03  0.4475996D+02  0.0000000D+00
 -0.1363477D+03  0.1164004D+03 -0.1506527D+02  0.0000000D+00
  0.3557749D+03 -0.1894826D+03 -0.7245052D+02  0.0000000D+00
  0.6475645D+03 -0.3730100D+03 -0.1067049D+03  0.0000000D+00
 -0.6771389D+03 -0.6963932D+02  0.1768238D+01  0.0000000D+00
  0.6551573D+03 -0.5600528D+03 -0.1382417D+01  0.0000000D+00
  0.5672878D+03  0.2055149D+03  0.1501633D+00  0.0000000D+00
 -0.3814180D+03 -0.1129005D+03 -0.3526855D+01  0.0000000D+00
  0.1084490D+03  0.3432616D+02  0.1074220D+02  0.0000000D+00
 -0.4762660D+03  0.8740126D+02 -0.4196744D+02  0.0000000D+00
 -0.1361693D+03 -0.1103569D+03  0.6539631D+02  0.0000000D+00
 -0.4104648D+03 -0.1539225D+03 -0.3871804D+01  0.0000000D+00
 -0.3814527D+03 -0.2585472D+01  0.3019250D+02  0.0000000D+00
 -0.3402388D+03  0.1800489D+03  0.7712267D+02  0.0000000D+00
 -0.3157566D+03  0.2886305D+03  0.1049755D+03  0.0000000D+00
 -0.5720803D+03 -0.3899907D+02 -0.1664881D+01  0.0000000D+00
  0.2318433D+03 -0.2191178D+03  0.4265850D+00  0.0000000D+00
  0.7048017D+03  0.2074006D+03 -0.1692774D+01  0.0000000D+00
 -0.4137350D+03 -0.8515929D+02  0.3367092D+01  0.0000000D+00
  0.1538611D+03  0.8090520D+02 -0.6267941D+01  0.0000000D+00
  0.2557402D+02 -0.1923873D+03  0.1525505D+02  0.0000000D+00
  0.5302428D+02  0.2471257D+02 -0.3508057D+02  0.0000000D+00
  0.9163481D+02 -0.1227978D+02 -0.1140139D+02  0.0000000D+00
  0.1433576D+03 -0.2146631D+03 -0.3926090D+02  0.0000000D+00
  0.6826622D+01 -0.1174788D+03 -0.4460338D+02  0.0000000D+00
 -0.7257237D+02 -0.6273493D+02 -0.4803568D+02  0.0000000D+00
 -0.1074855D+03 -0.1406845D+03 -0.1981629D+01  0.0000000D+00
  0.1726679D+03  0.2081585D+03 -0.2802305D+00  0.0000000D+00
  0.3803073D+03 -0.7441469D+02  0.2015822D+01  0.0000000D+00
 -0.1314687D+03  0.3317806D+02 -0.3186528D+01  0.0000000D+00
  0.9087366D+02 -0.2751660D+02  0.3129061D+01  0.0000000D+00
  0.2647965D+03 -0.8646073D+02  0.1433812D+02  0.0000000D+00
  0.3435046D+03 -0.6980975D+02  0.1959005D+02  0.0000000D+00
  0.5546600D+03 -0.3224592D+03 -0.1142601D+02  0.0000000D+00
  0.2451557D+03 -0.5096725D+02  0.4332083D+01  0.0000000D+00
 -0.1414523D+03  0.2225418D+03  0.4236589D+02  0.0000000D+00
 -0.3712203D+03  0.3856532D+03  0.6480615D+02  0.0000000D+00
 -0.2387809D+03  0.1587811D+03 -0.3692846D-01  0.0000000D+00
 -0.7906102D+02 -0.4062039D+03 -0.4622898D+00  0.0000000D+00
 -0.7799527D+02  0.5433308D+02  0.1870627D+01  0.0000000D+00
  0.1514608D+02 -0.3961195D+02 -0.5070058D+00  0.0000000D+00
  0.1036865D+03 -0.9133282D+01 -0.1748102D+00  0.0000000D+00
 -0.2069008D+03  0.5803669D+02  0.3080358D+01  0.0000000D+00
  0.7076340D+02  0.3201461D+03  0.4446663D+01  0.0000000D+00
  0.6956191D+02  0.3175760D+03  0.4945609D+01  0.0000000D+00
  0.7215615D+02  0.2678331D+03  0.1312777D+02  0.0000000D+00
 -0.6257700D+02  0.1838733D+03  0.1259651D+02  0.0000000D+00
 -0.1414234D+03  0.1341599D+03  0.1237786D+02  0.0000000D+00
  0.1707275D+03 -0.5008957D+02  0.3159058D+00  0.0000000D+00
 -0.2770967D+03 -0.9076524D+02 -0.2159018D+00  0.0000000D+00
 -0.2845548D+03  0.2295064D+02  0.1399229D+01  0.0000000D+00
  0.6871617D+02  0.1396327D+02  0.5573296D+00  0.0000000D+00
  0.7403386D+01 -0.2841969D+02 -0.6050945D+00  0.0000000D+00
  0.5628896D+02  0.7261616D+02 -0.1112650D+02  0.0000000D+00
  0.6183245D+01 -0.1388370D+02 -0.1228189D+02  0.0000000D+00
  0.1020172D+03 -0.1153781D+03 -0.4457484D+02  0.0000000D+00
  0.6956484D+02 -0.4959519D+02 -0.3692171D+02  0.0000000D+00
 -0.1136552D+02  0.5075136D+02 -0.9753419D+01  0.0000000D+00
 -0.5913358D+02  0.1102446D+03  0.6240678D+01  0.0000000D+00
 -0.1136094D+02  0.7439849D+02  0.6572902D+00  0.0000000D+00
 -0.2872892D+02 -0.4387581D+02 -0.2969885D+00  0.0000000D+00
  0.5939580D+02  0.1373849D+02  0.4295851D+00  0.0000000D+00
  0.7873362D+01 -0.7059796D+01 -0.1650702D+01  0.0000000D+00
 -0.3859544D+02  0.1336898D+02  0.3663540D+01  0.0000000D+00
  0.2109727D+03 -0.3308570D+02 -0.1090509D+02  0.0000000D+00
  0.4853534D+02  0.7341432D+02  0.5073594D+01  0.0000000D+00
  0.2408713D+03  0.1820467D+03 -0.1153807D+02  0.0000000D+00
  0.5951090D+02  0.1892307D+03 -0.4203685D+01  0.0000000D+00
 -0.1683675D+03  0.1492761D+03  0.4920654D+01  0.0000000D+00
 -0.3037920D+03  0.1259435D+03  0.1034061D+02  0.0000000D+00
  0.1006240D+05 -0.2023761D+04 -0.2361288D+03  0.0000000D+00
  0.2622533D+04  0.4271002D+04  0.6155230D+02  0.0000000D+00
  0.9279127D+04  0.1473101D+04 -0.2002161D+03  0.0000000D+00
 -0.2840691D+04 -0.9689134D+03  0.1108150D+03  0.0000000D+00
  0.1547503D+04 -0.4824092D+02 -0.2017295D+02  0.0000000D+00
  0.1750974D+03 -0.8838479D+03  0.8446746D+02  0.0000000D+00
  0.9197096D+03 -0.6906178D+03  0.6630487D+02  0.0000000D+00
  0.7539787D+03 -0.1123637D+04  0.4071586D+02  0.0000000D+00
  0.6025966D+03 -0.6647497D+03  0.4516924D+02  0.0000000D+00
  0.7650840D+02  0.8955448D+02  0.7202403D+02  0.0000000D+00
 -0.2331764D+03  0.5362984D+03  0.8779541D+02  0.0000000D+00
  0.5759584D+04 -0.2887136D+04  0.3492006D+03  0.0000000D+00
 -0.9776858D+04 -0.2208779D+04  0.6676498D+03  0.0000000D+00
  0.9256401D+04  0.1484272D+04 -0.4318548D+03  0.0000000D+00
 -0.2796836D+04 -0.2446037D+04 -0.8173655D+02  0.0000000D+00
  0.1048527D+04 -0.1498194D+03  0.1216401D+03  0.0000000D+00
  0.1507609D+02 -0.9161608D+03  0.4583171D+02  0.0000000D+00
  0.5988290D+03 -0.8714913D+03  0.3434924D+02  0.0000000D+00
  0.3035317D+03 -0.9534470D+03  0.6559776D+02  0.0000000D+00
  0.3077896D+03 -0.6412616D+03  0.6971496D+02  0.0000000D+00
  0.3645905D+02 -0.2106669D+03  0.7553434D+02  0.0000000D+00
 -0.1223696D+03  0.4494430D+02  0.7898903D+02  0.0000000D+00
 -0.1884463D+02 -0.3152317D+04 -0.6347203D+03  0.0000000D+00
 -0.1364374D+04  0.5021324D+03 -0.1706756D+03  0.0000000D+00
 -0.4848081D+04 -0.1397220D+04  0.4669302D+03  0.0000000D+00
  0.2905051D+04  0.1476360D+03 -0.8945931D+02  0.0000000D+00
 -0.1629723D+04 -0.2867821D+03  0.3089334D+03  0.0000000D+00
  0.1077600D+04 -0.4944794D+03  0.3574827D+02  0.0000000D+00
 -0.5948384D+02 -0.1453030D+00  0.1614394D+03  0.0000000D+00
  0.4206734D+03  0.1388549D+03  0.6763901D+02  0.0000000D+00
  0.3084424D+03  0.1413100D+03  0.6905338D+02  0.0000000D+00
  0.1915149D+03  0.1926851D+03  0.1933796D+02  0.0000000D+00
  0.1218109D+03  0.2227391D+03 -0.9758203D+01  0.0000000D+00
 -0.2129925D+04  0.6842052D+02 -0.1959703D+00  0.0000000D+00
  0.5151976D+03 -0.3122760D+03 -0.3487161D+01  0.0000000D+00
  0.2059518D+03  0.3641471D+03  0.4381906D+01  0.0000000D+00
 -0.1619788D+03 -0.2063884D+03 -0.4976364D+01  0.0000000D+00
  0.7679672D+02  0.1070924D+03  0.9192342D+01  0.0000000D+00
 -0.4887993D+02 -0.1605827D+02 -0.1976789D+02  0.0000000D+00
 -0.3365002D+02 -0.7492992D+02 -0.2270339D+01  0.0000000D+00
 -0.2393374D+03  0.1428440D+02  0.1423720D+02  0.0000000D+00
 -0.3173315D+03  0.1716148D+03  0.1291161D+02  0.0000000D+00
 -0.3319507D+03  0.1073583D+03  0.6500806D+01  0.0000000D+00
 -0.3413664D+03  0.7148217D+02  0.2731505D+01  0.0000000D+00
  0.4301811D+03  0.3143801D+03  0.5324143D+00  0.0000000D+00
 -0.8009257D+03  0.4523622D+01 -0.6093125D+00  0.0000000D+00
 -0.4833884D+03 -0.8748302D+00  0.1153869D+01  0.0000000D+00
  0.2524728D+03  0.1781467D+01  0.1423060D+01  0.0000000D+00
 -0.1647452D+03  0.4047295D+02 -0.5925179D+01  0.0000000D+00
  0.4678951D+01 -0.1272054D+03  0.3174562D+02  0.0000000D+00
 -0.2779742D+03  0.5391546D+03 -0.1800464D+02  0.0000000D+00
 -0.1948954D+03  0.8370921D+03  0.3593125D+02  0.0000000D+00
 -0.5224574D+02  0.5283506D+03  0.1962100D+02  0.0000000D+00
  0.2434237D+03 -0.4590744D+02 -0.3006172D+02  0.0000000D+00
  0.4181460D+03 -0.3855854D+03 -0.5933869D+02  0.0000000D+00
  0.7166358D+03  0.7848744D+01  0.1946944D+01  0.0000000D+00
 -0.7672489D+03 -0.1439949D+03  0.4747622D+00  0.0000000D+00
 -0.2246879D+03 -0.5633426D+02  0.2735170D+00  0.0000000D+00
  0.1584572D+03  0.4300528D+02 -0.1635270D+01  0.0000000D+00
 -0.5223879D+02 -0.4389166D+01  0.9862126D+00  0.0000000D+00
 -0.1045431D+03 -0.5390609D+02  0.9239595D+01  0.0000000D+00
 -0.1634400D+03  0.1502885D+03  0.6855284D+02  0.0000000D+00
 -0.1401242D+03 -0.5337866D+02  0.7380003D+02  0.0000000D+00
 -0.1384236D+03 -0.5449333D+01  0.3705580D+02  0.0000000D+00
 -0.1349251D+03  0.9123067D+02 -0.8044424D+01  0.0000000D+00
 -0.1328449D+03  0.1483397D+03 -0.3486276D+02  0.0000000D+00
 -0.2961930D+03  0.1622670D+03  0.1982408D+00  0.0000000D+00
  0.2935748D+03 -0.7584508D+02 -0.2557539D+01  0.0000000D+00
 -0.2221039D+02 -0.5011590D+02  0.1960954D+01  0.0000000D+00
  0.3066332D+02 -0.1019746D+02 -0.3943202D+01  0.0000000D+00
 -0.1842562D+02  0.3075988D+02  0.9266075D+01  0.0000000D+00
  0.1015948D+03 -0.5076842D+02 -0.4421103D+02  0.0000000D+00
 -0.2395720D+02  0.2429417D+03  0.2898817D+02  0.0000000D+00
 -0.3254937D+02  0.4856333D+03  0.3686052D+02  0.0000000D+00
 -0.1200143D+01  0.3203337D+03  0.2451202D+02  0.0000000D+00
  0.1797422D+02  0.1222312D+03  0.1405016D+02  0.0000000D+00
  0.2955258D+02  0.4406032D+01  0.7785857D+01  0.0000000D+00
  0.4229101D+03 -0.4073928D+02 -0.1711368D+01  0.0000000D+00
 -0.8205379D+02  0.2926455D+01 -0.3227346D+00  0.0000000D+00
  0.1372781D+03 -0.1094375D+02  0.1048421D+01  0.0000000D+00
 -0.6838959D+02  0.6246902D+01 -0.4763779D+01  0.0000000D+00
  0.8327470D+02 -0.2391255D+01  0.1008515D+02  0.0000000D+00
  0.9996237D+02  0.8400128D+02 -0.2888542D+02  0.0000000D+00
  0.6260189D+02 -0.4461040D+02 -0.4854020D+01  0.0000000D+00
  0.4022501D+02 -0.4487506D+02  0.8942980D+01  0.0000000D+00
  0.3608228D+02  0.1291540D+02  0.1091823D+01  0.0000000D+00
  0.1415136D+02  0.4242319D+02 -0.2737307D+02  0.0000000D+00
  0.1276734D+01  0.6030939D+02 -0.4412712D+02  0.0000000D+00
 -0.1634394D+03  0.4503157D+02 -0.6126988D+00  0.0000000D+00
  0.6135899D+02 -0.6627846D+02  0.1117364D+01  0.0000000D+00
  0.1291969D+02 -0.2884542D+02 -0.1183806D+01  0.0000000D+00
 -0.1821334D+02  0.3704148D+02  0.2021758D+00  0.0000000D+00
 -0.1773716D+02 -0.6496980D+01 -0.3673992D+01  0.0000000D+00
  0.1219149D+03  0.3473918D+01  0.3126558D+02  0.0000000D+00
 -0.9773983D+02 -0.4623967D+02  0.9398740D+01  0.0000000D+00
 -0.2224073D+02 -0.3906993D+01  0.3358655D+02  0.0000000D+00
  0.2737775D+02 -0.7068048D+01  0.1573149D+02  0.0000000D+00
  0.5806202D+02  0.2057063D+02  0.8094203D+01  0.0000000D+00
  0.7657913D+02  0.3671913D+02  0.3421969D+01  0.0000000D+00
 -0.6559460D+04 -0.3382107D+02 -0.1048741D+03  0.0000000D+00
  0.5923335D+04 -0.1536133D+04 -0.1638884D+03  0.0000000D+00
  0.3763435D+04  0.1171500D+04 -0.2735266D+02  0.0000000D+00
 -0.1745936D+04 -0.1047901D+04  0.7448882D+01  0.0000000D+00
  0.9955027D+03  0.2092772D+03  0.4296814D+02  0.0000000D+00
 -0.6955855D+03  0.1550666D+03  0.2848387D+02  0.0000000D+00
 -0.1925805D+02  0.4106493D+03  0.1943051D+02  0.0000000D+00
 -0.2480628D+03  0.2513582D+03  0.4433904D+02  0.0000000D+00
 -0.1274127D+03  0.1864726D+03  0.3568466D+02  0.0000000D+00
 -0.1099953D+03  0.1232470D+03  0.1512845D+02  0.0000000D+00
 -0.9844860D+02  0.8550806D+02  0.2996971D+01  0.0000000D+00
 -0.8173965D+04 -0.6428173D+03 -0.1780048D+03  0.0000000D+00
  0.5651037D+04  0.6841797D+03 -0.9999477D+02  0.0000000D+00
  0.4543353D+04  0.1812806D+04 -0.8710786D+02  0.0000000D+00
 -0.1311335D+04 -0.1824222D+04  0.2442115D+02  0.0000000D+00
  0.8738121D+03  0.6164077D+03 -0.9624241D+01  0.0000000D+00
 -0.4882039D+03 -0.1382707D+03  0.3153718D+02  0.0000000D+00
 -0.4070920D+02  0.1018599D+03  0.1455554D+02  0.0000000D+00
 -0.3563003D+03  0.1105928D+03  0.3773161D+02  0.0000000D+00
 -0.2475060D+03  0.3060920D+02  0.2931455D+02  0.0000000D+00
 -0.2460692D+03  0.3332379D+02  0.4534344D+01  0.0000000D+00
 -0.2439974D+03  0.3400759D+02 -0.1006864D+02  0.0000000D+00
  0.2308125D+04  0.5208983D+03  0.3334391D+03  0.0000000D+00
  0.3832382D+04 -0.4516114D+03 -0.3027083D+03  0.0000000D+00
 -0.1893137D+04 -0.1476411D+04  0.6499961D+02  0.0000000D+00
  0.1607754D+04  0.1127071D+04  0.1016127D+02  0.0000000D+00
 -0.6007091D+03 -0.3672735D+03 -0.9012073D+01  0.0000000D+00
  0.4218586D+03  0.3511427D+03  0.1514580D+02  0.0000000D+00
  0.4249656D+03 -0.3025472D+03 -0.1219971D+01  0.0000000D+00
  0.7434853D+03 -0.1608911D+03  0.1952238D+02  0.0000000D+00
  0.5397692D+03 -0.2077141D+03  0.5618657D+01  0.0000000D+00
  0.1401347D+03 -0.4829999D+02 -0.2010484D+02  0.0000000D+00
 -0.9614217D+02  0.4450064D+02 -0.3532056D+02  0.0000000D+00
  0.2337169D+04 -0.6636226D+02 -0.2296106D+01  0.0000000D+00
 -0.1599434D+04 -0.8751042D+03 -0.4518611D+00  0.0000000D+00
 -0.8913622D+03  0.1219376D+03  0.9615084D+00  0.0000000D+00
  0.5660872D+03 -0.7599200D+02 -0.1360986D+01  0.0000000D+00
 -0.4039370D+03  0.4405112D+02  0.3307046D+01  0.0000000D+00
 -0.1174687D+03 -0.9104521D+01 -0.5989057D+01  0.0000000D+00
 -0.7538844D+03  0.3448158D+03  0.1837502D+01  0.0000000D+00
 -0.8308767D+03  0.4180245D+03 -0.1977296D+01  0.0000000D+00
 -0.6502913D+03  0.3317367D+03  0.1501721D+02  0.0000000D+00
 -0.2228627D+03  0.1874569D+03  0.1463794D+02  0.0000000D+00
  0.2943365D+02  0.1020056D+03  0.1460553D+02  0.0000000D+00
 -0.4889904D+03 -0.6950594D+02 -0.8452914D+00  0.0000000D+00
 -0.2932560D+03 -0.2231761D+03  0.7312238D-01  0.0000000D+00
  0.2107201D+03  0.5992920D+02 -0.4577260D+00  0.0000000D+00
 -0.7872698D+02 -0.2995792D+02  0.2509518D+01  0.0000000D+00
  0.4417454D+02  0.2747023D+02 -0.4033656D+01  0.0000000D+00
  0.1774270D+03  0.3636389D+01  0.1122567D+01  0.0000000D+00
  0.5131652D+03 -0.1343323D+03 -0.4500109D+01  0.0000000D+00
  0.7501474D+03 -0.1963332D+03  0.1388242D+00  0.0000000D+00
  0.5649650D+03 -0.2277817D+03 -0.1505534D+02  0.0000000D+00
  0.2061337D+03 -0.1107458D+03 -0.3177287D+02  0.0000000D+00
 -0.6009644D+01 -0.4258509D+02 -0.4172940D+02  0.0000000D+00
 -0.5939996D+03 -0.1410846D+03  0.8143201D+00  0.0000000D+00
 -0.1413353D+03  0.1600004D+03 -0.7356053D+00  0.0000000D+00
 -0.3252977D+02  0.4030662D+02  0.9292976D-01  0.0000000D+00
  0.9840871D+02 -0.3310991D+02 -0.1564988D+01  0.0000000D+00
 -0.1185241D+03  0.4127750D+02  0.2334941D+01  0.0000000D+00
  0.3795984D+03 -0.9287973D+02 -0.2874748D+01  0.0000000D+00
 -0.1348421D+03  0.4234215D+02  0.3904125D+02  0.0000000D+00
 -0.2679896D+03  0.1829109D+03  0.2650588D+02  0.0000000D+00
 -0.2098183D+03  0.1508714D+03  0.2863466D+02  0.0000000D+00
 -0.3668225D+02  0.9205025D+02  0.2002076D+02  0.0000000D+00
  0.6535277D+02  0.5724024D+02  0.1499899D+02  0.0000000D+00
  0.1081698D+03  0.1779316D+02  0.1026904D+01  0.0000000D+00
 -0.2459843D+02 -0.8629007D+02 -0.1961993D+01  0.0000000D+00
 -0.4177189D+02  0.1796743D+03  0.1351478D+01  0.0000000D+00
 -0.6576201D+02 -0.1122980D+03 -0.1082406D+01  0.0000000D+00
  0.9546749D+02  0.4088873D+02 -0.3309529D+00  0.0000000D+00
 -0.8054925D+02 -0.2493975D+02  0.2237603D+01  0.0000000D+00
  0.3939519D+02  0.1913779D+02 -0.2135545D+02  0.0000000D+00
  0.6384448D+02 -0.2473445D+02 -0.1572946D+02  0.0000000D+00
  0.7960505D+02  0.2016154D+02 -0.9250768D+01  0.0000000D+00
  0.1477966D+03  0.2438875D+02 -0.5830855D+01  0.0000000D+00
  0.1879133D+03  0.2736148D+02 -0.3757194D+01  0.0000000D+00
 -0.4184463D+03 -0.2659901D+02  0.2792876D+01  0.0000000D+00
  0.2353727D+03 -0.4810985D+02 -0.2629008D+00  0.0000000D+00
  0.1832911D+03  0.2708928D+02  0.3020389D+01  0.0000000D+00
 -0.1512422D+03 -0.3903414D+01 -0.3863082D+01  0.0000000D+00
  0.9714124D+02 -0.1092499D+02  0.5276863D+01  0.0000000D+00
 -0.2591039D+02  0.3472691D+02 -0.1073871D+02  0.0000000D+00
  0.7610484D+02 -0.5996674D+02  0.5381280D+01  0.0000000D+00
  0.1705156D+02  0.2985677D+02  0.3423863D+01  0.0000000D+00
  0.6566758D+02  0.2716381D+02 -0.3507033D+01  0.0000000D+00
  0.2541455D+02 -0.5018684D+02  0.6812968D+00  0.0000000D+00
  0.2397455D+01 -0.9550163D+02  0.3055004D+01  0.0000000D+00
  0.1094033D+03  0.1085824D+02 -0.3907564D+00  0.0000000D+00
  0.4792080D+02 -0.3910786D+02  0.1799287D+01  0.0000000D+00
  0.1496311D+02  0.1798314D+02 -0.8373673D-01  0.0000000D+00
  0.5328423D+01  0.2022114D+02 -0.1587436D+00  0.0000000D+00
  0.1651145D+02 -0.2520590D+02  0.5650913D+00  0.0000000D+00
  0.1066847D+03  0.2317520D+02  0.2095209D+01  0.0000000D+00
  0.2058159D+03 -0.7351428D+02  0.6224340D+01  0.0000000D+00
  0.1085773D+03 -0.7380183D+02 -0.2904764D+01  0.0000000D+00
  0.1386894D+03 -0.2661502D+02 -0.3508595D+01  0.0000000D+00
  0.1919281D+03 -0.5686642D+02 -0.3457479D+01  0.0000000D+00
  0.2234425D+03 -0.7405283D+02 -0.3435932D+01  0.0000000D+00
  0.3825749D+04  0.4374510D+03 -0.1614582D+02  0.0000000D+00
 -0.9847281D+04 -0.3130299D+04  0.2145016D+03  0.0000000D+00
  0.1517788D+04  0.5919329D+03  0.5778958D+02  0.0000000D+00
  0.1053348D+03 -0.8518795D+03  0.2011882D+02  0.0000000D+00
  0.4614494D+03 -0.4746908D+02 -0.3668784D+02  0.0000000D+00
  0.4781313D+02  0.4145629D+02 -0.2254756D+02  0.0000000D+00
  0.9395438D+02 -0.8981039D+02 -0.2725219D+02  0.0000000D+00
  0.1087339D+03  0.1422639D+02 -0.4589445D+02  0.0000000D+00
  0.5917760D+02  0.2940080D+02 -0.2515319D+02  0.0000000D+00
 -0.8276408D+02  0.8088147D+02 -0.3065550D+00  0.0000000D+00
 -0.1664232D+03  0.1111920D+03  0.1447172D+02  0.0000000D+00
 -0.1409030D+03  0.1123616D+04  0.7857636D+02  0.0000000D+00
 -0.1407546D+05 -0.3384667D+04  0.1463354D+03  0.0000000D+00
  0.5268743D+04  0.1405803D+04  0.1714385D+03  0.0000000D+00
 -0.2672278D+04 -0.1356753D+04 -0.5377128D+02  0.0000000D+00
  0.7833066D+03  0.5081978D+03 -0.3450091D+02  0.0000000D+00
 -0.3497040D+03 -0.7388302D+01 -0.5513367D+02  0.0000000D+00
  0.1107982D+03 -0.4493271D+02 -0.3032399D+02  0.0000000D+00
 -0.1710337D+03  0.4819339D+02 -0.5109889D+02  0.0000000D+00
 -0.1364529D+03  0.7392204D+02 -0.3659943D+02  0.0000000D+00
 -0.1947384D+03  0.7819912D+02 -0.8249654D+01  0.0000000D+00
 -0.2284523D+03  0.8100477D+02  0.8511490D+01  0.0000000D+00
 -0.2054346D+04 -0.1078891D+04  0.1979628D+03  0.0000000D+00
 -0.1949431D+03 -0.7146517D+03 -0.1124065D+03  0.0000000D+00
 -0.4496591D+04 -0.9122405D+03 -0.8067993D+02  0.0000000D+00
  0.1747565D+04  0.9119229D+03  0.2987606D+02  0.0000000D+00
 -0.7057872D+02 -0.2630565D+03 -0.4386051D+02  0.0000000D+00
  0.2550234D+03  0.2916929D+03  0.2385471D+02  0.0000000D+00
 -0.9928226D+02  0.8188280D+02  0.7650744D+00  0.0000000D+00
  0.2910922D+03  0.2287621D+03 -0.4968163D+01  0.0000000D+00
  0.1776743D+03  0.1713908D+03  0.1143240D+02  0.0000000D+00
  0.2528670D+02  0.5660050D+02  0.3923801D+01  0.0000000D+00
 -0.6521418D+02 -0.1126573D+02 -0.2923433D+00  0.0000000D+00
 -0.9827885D+03 -0.1343653D+01  0.5890769D+00  0.0000000D+00
  0.3315108D+03  0.4050766D+02 -0.2852937D+01  0.0000000D+00
  0.3533235D+02  0.9970340D+01  0.1858543D+01  0.0000000D+00
 -0.3348634D+02 -0.1297164D+02 -0.2622775D+01  0.0000000D+00
 -0.2094823D+02 -0.3771370D+01  0.3964456D+01  0.0000000D+00
  0.2193502D+02  0.1154665D+02 -0.1684005D+02  0.0000000D+00
 -0.1868057D+03  0.7638453D+02 -0.1087543D+02  0.0000000D+00
 -0.2838026D+03 -0.5513366D+02 -0.1100048D+02  0.0000000D+00
 -0.2764248D+03  0.5146208D+02 -0.1566359D+02  0.0000000D+00
 -0.1932223D+03  0.7805052D+02 -0.9920965D+00  0.0000000D+00
 -0.1444190D+03  0.9479620D+02  0.7545036D+01  0.0000000D+00
 -0.2433474D+03 -0.2365982D+03 -0.2040494D+01  0.0000000D+00
  0.7968433D+03  0.1543020D+03 -0.1179155D+01  0.0000000D+00
  0.1003721D+04  0.4635131D+03  0.1719541D+01  0.0000000D+00
 -0.6183030D+03 -0.2744035D+03 -0.1624390D+01  0.0000000D+00
  0.3486166D+03  0.1622238D+03  0.3615788D+01  0.0000000D+00
 -0.1804054D+03 -0.9988088D+02 -0.9404557D+01  0.0000000D+00
  0.2740576D+03  0.2118344D+03  0.2448982D+02  0.0000000D+00
  0.1324981D+03  0.2787790D+03  0.2534784D+02  0.0000000D+00
  0.1633902D+03  0.1906152D+03  0.1307075D+02  0.0000000D+00
  0.1592797D+03  0.4295121D+02 -0.1748967D+01  0.0000000D+00
  0.1572252D+03 -0.4446640D+02 -0.1056373D+02  0.0000000D+00
  0.3926413D+03  0.9121696D+02 -0.1957678D+01  0.0000000D+00
  0.4996111D+03  0.2253710D+03  0.2688510D+01  0.0000000D+00
  0.4880997D+03  0.2858882D+02 -0.2341128D+01  0.0000000D+00
 -0.2650269D+03 -0.1930873D+02  0.3438823D+01  0.0000000D+00
  0.1608367D+03  0.1766100D+02 -0.6126982D+01  0.0000000D+00
 -0.5210000D+01  0.1643605D+02  0.1110334D+02  0.0000000D+00
 -0.1126265D+03 -0.9261340D+02 -0.3666531D+00  0.0000000D+00
 -0.2086480D+03 -0.1073857D+03  0.6968272D+00  0.0000000D+00
 -0.1639373D+03 -0.7577355D+02  0.4693768D+01  0.0000000D+00
 -0.5825931D+02 -0.4923614D+02  0.1663986D+01  0.0000000D+00
  0.4128644D+01 -0.3336563D+02 -0.6564020D-01  0.0000000D+00
 -0.1831248D+03 -0.1426746D+03  0.2176715D+01  0.0000000D+00
 -0.3009006D+03 -0.2555151D+03 -0.1637440D+01  0.0000000D+00
 -0.1187178D+03  0.2623295D+02  0.1241255D+01  0.0000000D+00
  0.2821568D+02 -0.2315584D+02 -0.1363130D+01  0.0000000D+00
  0.6689407D+01  0.3087726D+02  0.8896366D+00  0.0000000D+00
  0.2496431D+02 -0.3228038D+02  0.6373298D+01  0.0000000D+00
  0.8125787D+02 -0.9508697D+02  0.3882737D+01  0.0000000D+00
  0.1484646D+03 -0.2917270D+02  0.8642544D+01  0.0000000D+00
  0.1317899D+03 -0.4096935D+02 -0.1656705D-01  0.0000000D+00
  0.1238206D+03 -0.1551138D+02 -0.1404688D+01  0.0000000D+00
  0.1189667D+03 -0.7369582D+00 -0.2316238D+01  0.0000000D+00
  0.2227900D+03  0.4979697D+02  0.1632376D+01  0.0000000D+00
 -0.4046090D+02 -0.2566027D+02 -0.1010603D+00  0.0000000D+00
 -0.1669164D+03  0.4236825D+02  0.2498746D+00  0.0000000D+00
  0.9195389D+02 -0.1926060D+02 -0.1092382D+01  0.0000000D+00
 -0.3468582D+02  0.1134201D+02  0.2317196D+01  0.0000000D+00
  0.2743053D+02 -0.4458753D+01 -0.3768314D+00  0.0000000D+00
 -0.1094727D+03 -0.5735395D+02 -0.6630503D+00  0.0000000D+00
 -0.8257523D+02 -0.1664415D+02  0.4255221D+01  0.0000000D+00
 -0.6959652D+02  0.1019533D+02  0.4530993D+00  0.0000000D+00
 -0.6317257D+02  0.2499125D+02 -0.6568340D+01  0.0000000D+00
 -0.5926164D+02  0.3394183D+02 -0.1072259D+02  0.0000000D+00
 -0.1902819D+03 -0.6476596D+02 -0.3887171D+00  0.0000000D+00
  0.2265239D+02  0.1948310D+02 -0.6023975D+00  0.0000000D+00
 -0.6311999D+02 -0.1392364D+02  0.7307243D-01  0.0000000D+00
  0.7292844D+02  0.1899480D+02 -0.5719161D+00  0.0000000D+00
 -0.2782131D+02 -0.1177776D+02  0.1761016D+01  0.0000000D+00
  0.4166961D+02  0.2174153D+01 -0.5820564D+01  0.0000000D+00
 -0.7544281D+02  0.5906426D+02 -0.3343450D+01  0.0000000D+00
 -0.5759196D+02 -0.3945410D+02 -0.5572128D+01  0.0000000D+00
 -0.2195622D+02  0.2468357D+02  0.2143607D+01  0.0000000D+00
  0.1062078D+03  0.3112837D+02  0.5865959D+01  0.0000000D+00
  0.1816303D+03  0.3562597D+02  0.8131235D+01  0.0000000D+00
 -0.6347937D+03  0.7130200D+01 -0.2368556D+03  0.0000000D+00
  0.1110644D+04  0.1935649D+03 -0.4562857D+02  0.0000000D+00
  0.1168355D+04  0.1499733D+04 -0.1336182D+03  0.0000000D+00
 -0.9466681D+03 -0.1041148D+04  0.1911701D+02  0.0000000D+00
  0.4407046D+03  0.4053829D+03 -0.6111149D+02  0.0000000D+00
 -0.1255910D+03 -0.1715880D+03  0.2426834D+02  0.0000000D+00
  0.1375302D+03  0.2579630D+03 -0.4515199D+01  0.0000000D+00
 -0.5857126D+02  0.4356723D+02 -0.3231194D+01  0.0000000D+00
  0.1971142D+02  0.7619676D+02 -0.1521882D+01  0.0000000D+00
  0.3137161D+02  0.5129843D+02 -0.4495892D-02  0.0000000D+00
  0.3909377D+02  0.3710930D+02  0.9022972D+00  0.0000000D+00
  0.1250469D+03 -0.1329519D+03 -0.2841386D+03  0.0000000D+00
  0.1725927D+04  0.2957788D+03 -0.1766152D+03  0.0000000D+00
 -0.2107727D+04  0.1591464D+04 -0.2221037D+03  0.0000000D+00
  0.7187049D+03 -0.1239698D+04  0.7918169D+02  0.0000000D+00
 -0.2282034D+03  0.3390865D+03 -0.9656358D+02  0.0000000D+00
  0.2329144D+03  0.2350624D+02  0.2653249D+02  0.0000000D+00
 -0.8988795D+02  0.3033695D+03 -0.2022741D+02  0.0000000D+00
 -0.1101273D+02  0.1584088D+03  0.1947032D+01  0.0000000D+00
 -0.4838738D+02  0.8976810D+02  0.1483320D+00  0.0000000D+00
 -0.1612723D+02  0.7191796D+02  0.2053508D+01  0.0000000D+00
  0.2355294D+01  0.6070142D+02  0.3147706D+01  0.0000000D+00
 -0.1366601D+04  0.8018161D+03  0.8271200D+02  0.0000000D+00
  0.3024305D+04  0.8464228D+03  0.4231429D+02  0.0000000D+00
  0.2292242D+04  0.6168116D+03  0.3820489D+02  0.0000000D+00
 -0.9680085D+03 -0.1131499D+04  0.4715767D+02  0.0000000D+00
  0.5471753D+03  0.3108962D+03  0.2285722D+02  0.0000000D+00
  0.5247718D+02 -0.2286989D+03 -0.8608563D+01  0.0000000D+00
  0.1866682D+03 -0.7466037D+02  0.1345829D+02  0.0000000D+00
  0.1039071D+03 -0.3019106D+03 -0.7742217D+01  0.0000000D+00
  0.1504000D+03 -0.1330137D+03 -0.2776141D+01  0.0000000D+00
  0.4947838D+02 -0.1086888D+02 -0.2067991D+01  0.0000000D+00
 -0.9079198D+01  0.6253363D+02 -0.1597277D+01  0.0000000D+00
  0.1306133D+04 -0.1262061D+03 -0.4712270D+00  0.0000000D+00
  0.5296381D+03 -0.9860305D+03 -0.1407551D+01  0.0000000D+00
  0.1230355D+04  0.3021783D+03  0.4471394D+00  0.0000000D+00
 -0.7471826D+03 -0.1606886D+03 -0.8185738D+00  0.0000000D+00
  0.4158310D+03  0.7832526D+02  0.1731894D+01  0.0000000D+00
 -0.2830875D+03 -0.1819675D+02 -0.3402195D+01  0.0000000D+00
 -0.1882406D+02  0.2260809D+03  0.2161493D+00  0.0000000D+00
 -0.1488962D+03  0.2280597D+03  0.1377284D+02  0.0000000D+00
 -0.9854419D+02  0.7232477D+02  0.4976485D+01  0.0000000D+00
 -0.5670861D+02  0.3231410D+02 -0.1054420D+01  0.0000000D+00
 -0.3164983D+02  0.7151905D+01 -0.4685089D+01  0.0000000D+00
  0.1918006D+03 -0.1624021D+03 -0.6323954D-01  0.0000000D+00
 -0.1051876D+04 -0.4884795D+03 -0.1271571D+01  0.0000000D+00
 -0.7028497D+03 -0.4985670D+03  0.7232404D-01  0.0000000D+00
  0.4389978D+03  0.3109245D+03  0.3634550D+00  0.0000000D+00
 -0.2870691D+03 -0.1611609D+03  0.4298114D+00  0.0000000D+00
  0.2325859D+03  0.5941423D+02 -0.5108517D+01  0.0000000D+00
  0.3266237D+02 -0.2784019D+02  0.1274981D+02  0.0000000D+00
  0.1607106D+03 -0.1660374D+03  0.3100028D+01  0.0000000D+00
  0.1006906D+03 -0.1260201D+03  0.3425119D+01  0.0000000D+00
  0.3085002D+02 -0.4429378D+02  0.2049389D+01  0.0000000D+00
 -0.1071301D+02  0.3981652D+01  0.1248339D+01  0.0000000D+00
 -0.3024935D+03  0.3247543D+01  0.1183219D+01  0.0000000D+00
 -0.7079433D+03 -0.1291797D+03 -0.3849871D+00  0.0000000D+00
 -0.2930480D+03 -0.7593066D+02 -0.1056648D+01  0.0000000D+00
  0.1881928D+03  0.3534366D+02  0.1009600D+01  0.0000000D+00
 -0.1358720D+03  0.9065311D+01 -0.9795242D+00  0.0000000D+00
  0.8821000D+02 -0.7425139D+02  0.6406888D-01  0.0000000D+00
 -0.5798669D+02  0.2983256D+02 -0.3546783D+01  0.0000000D+00
 -0.3109684D+02  0.8835137D+02  0.3061721D+01  0.0000000D+00
 -0.2699898D+02  0.2304303D+02 -0.2506187D+00  0.0000000D+00
 -0.2017305D+02  0.2091768D+02 -0.2738303D+01  0.0000000D+00
 -0.1613500D+02  0.1894786D+02 -0.4232200D+01  0.0000000D+00
  0.3026405D+03 -0.1057236D+03 -0.2233156D+01  0.0000000D+00
  0.7727280D+02 -0.9632377D+01 -0.1733060D+01  0.0000000D+00
  0.1535372D+03  0.1143079D+03  0.2605899D+01  0.0000000D+00
 -0.1435741D+03 -0.8887404D+02 -0.1759884D+01  0.0000000D+00
  0.9610106D+02  0.4266694D+02  0.1048639D+01  0.0000000D+00
 -0.8077288D+02 -0.1825216D+02  0.7292844D+00  0.0000000D+00
  0.9257837D+02 -0.7673489D+02 -0.1480198D+01  0.0000000D+00
  0.6729250D+02 -0.8987969D+02  0.6016239D+01  0.0000000D+00
  0.5467708D+02 -0.9442039D+02  0.7034436D+00  0.0000000D+00
  0.1779697D+02 -0.5485526D+02  0.9774631D-03  0.0000000D+00
 -0.3940957D+01 -0.3174218D+02 -0.4691700D+00  0.0000000D+00
 -0.2530230D+03  0.4247760D+02 -0.9686601D+00  0.0000000D+00
 -0.1054536D+03 -0.9954107D+02  0.3122632D+01  0.0000000D+00
 -0.6796353D+02 -0.3966081D+02 -0.3066146D-01  0.0000000D+00
  0.5136246D+02  0.4303118D+02  0.1637208D+00  0.0000000D+00
  0.1466133D+02 -0.2417278D+02 -0.1710181D+01  0.0000000D+00
  0.6839285D+02  0.2221921D+01  0.4326867D+01  0.0000000D+00
  0.1076941D+02  0.4167911D+02 -0.8179150D+01  0.0000000D+00
 -0.2754686D+02  0.7837927D+02 -0.1510892D+01  0.0000000D+00
 -0.1857639D+02  0.4197586D+02 -0.1420007D+01  0.0000000D+00
  0.2957827D+01  0.1792481D+02  0.1155078D+01  0.0000000D+00
  0.1566542D+02  0.3446068D+01  0.2664082D+01  0.0000000D+00
  0.1285250D+03  0.2740433D+01  0.1949370D+01  0.0000000D+00
  0.1414555D+03 -0.3734462D+02  0.1291321D+01  0.0000000D+00
  0.6129848D+01  0.5955080D+01 -0.1392170D+01  0.0000000D+00
  0.2193811D+02  0.2663840D+02  0.1317156D+01  0.0000000D+00
 -0.4150442D+02 -0.2245230D+02 -0.2385419D+01  0.0000000D+00
  0.6444414D+01  0.2955187D+02  0.4319640D+01  0.0000000D+00
  0.5149613D+02  0.8391053D+01 -0.1119327D+02  0.0000000D+00
  0.5825798D+02 -0.4046379D+02  0.4031893D+01  0.0000000D+00
  0.3922802D+02 -0.5576021D+02 -0.1134162D+01  0.0000000D+00
  0.1006016D+02 -0.3495453D+02 -0.4697257D+01  0.0000000D+00
 -0.7239100D+01 -0.2294086D+02 -0.6839866D+01  0.0000000D+00
 -0.1528850D+04  0.6288944D+03 -0.5652332D+02  0.0000000D+00
  0.6066907D+04 -0.8391628D+03 -0.1010350D+03  0.0000000D+00
  0.5978567D+04  0.9654304D+03 -0.2434571D+03  0.0000000D+00
 -0.3181030D+04 -0.8386323D+03  0.1487131D+03  0.0000000D+00
  0.8718031D+03  0.4460013D+03 -0.1009066D+03  0.0000000D+00
 -0.7061896D+03 -0.3234648D+03  0.1219879D+02  0.0000000D+00
  0.1891963D+03  0.9725650D+01 -0.3408169D+02  0.0000000D+00
 -0.2820412D+03 -0.1537226D+03 -0.2178624D+02  0.0000000D+00
 -0.1187435D+03 -0.4995404D+02 -0.1836148D+02  0.0000000D+00
 -0.1897219D+02  0.8807129D+01 -0.1276026D+01  0.0000000D+00
  0.4128459D+02  0.4436400D+02  0.8764599D+01  0.0000000D+00
 -0.3540228D+04  0.1326311D+03  0.2965219D+02  0.0000000D+00
  0.5242957D+04 -0.5911522D+03 -0.1074509D+03  0.0000000D+00
  0.4525361D+04  0.1003362D+04 -0.1804414D+03  0.0000000D+00
 -0.1740638D+04 -0.8732138D+03  0.5208189D+02  0.0000000D+00
  0.4282593D+03  0.5686421D+03 -0.1742613D+02  0.0000000D+00
 -0.5130398D+03 -0.2873106D+03 -0.3795846D+02  0.0000000D+00
  0.2041838D+03 -0.7753706D+02 -0.3356073D+02  0.0000000D+00
 -0.2486220D+03 -0.1612245D+03 -0.4517406D+02  0.0000000D+00
 -0.1112651D+03 -0.2267076D+02 -0.2788468D+02  0.0000000D+00
 -0.2775394D+02  0.3934917D+02 -0.8970812D+01  0.0000000D+00
  0.2269034D+02  0.7721334D+02  0.2295016D+01  0.0000000D+00
 -0.5791104D+03 -0.6972881D+03 -0.7541270D+02  0.0000000D+00
  0.2226775D+04 -0.5570356D+03 -0.7294096D+02  0.0000000D+00
 -0.7963680D+03 -0.7571793D+02 -0.2048243D+02  0.0000000D+00
  0.1392503D+03 -0.1823480D+03  0.3794028D+02  0.0000000D+00
 -0.2820512D+03  0.1958208D+03 -0.5346104D+02  0.0000000D+00
  0.2285222D+03  0.1303176D+03  0.1171004D+02  0.0000000D+00
  0.3121927D+01  0.1387860D+02 -0.1367883D+02  0.0000000D+00
 -0.5813358D+00  0.7908248D+01 -0.7977173D+01  0.0000000D+00
 -0.6166249D+01  0.4560842D+02 -0.5179700D+01  0.0000000D+00
  0.2599410D+02  0.6903542D+02  0.8653229D+01  0.0000000D+00
  0.4475637D+02  0.8316177D+02  0.1678315D+02  0.0000000D+00
  0.2182928D+04  0.1542930D+03  0.6723681D+00  0.0000000D+00
 -0.1301581D+04 -0.9001878D+03 -0.6146444D+00  0.0000000D+00
 -0.5581952D+03  0.1974520D+03  0.1262735D+00  0.0000000D+00
  0.4473692D+03 -0.9352464D+02 -0.1515370D+01  0.0000000D+00
 -0.2543599D+03  0.5248168D+02  0.1222490D+01  0.0000000D+00
  0.4054120D+02 -0.5582379D+02 -0.8860140D+00  0.0000000D+00
 -0.4524009D+02  0.1364791D+02 -0.1160200D+02  0.0000000D+00
 -0.6100173D+02  0.2053745D+02 -0.3074270D+01  0.0000000D+00
 -0.3477814D+02  0.3060159D+02 -0.8145147D+01  0.0000000D+00
  0.1748971D+01  0.2191657D+02 -0.1079281D+02  0.0000000D+00
  0.2342132D+02  0.1694920D+02 -0.1240146D+02  0.0000000D+00
  0.3538255D+02  0.2411715D+03  0.6605510D-02  0.0000000D+00
 -0.8899600D+03 -0.2721087D+03 -0.8982044D+00  0.0000000D+00
 -0.5802909D+03 -0.2023706D+03 -0.1233235D+01  0.0000000D+00
  0.4071798D+03  0.1446420D+03  0.1126737D+01  0.0000000D+00
 -0.2581107D+03 -0.9517782D+02 -0.7701641D+00  0.0000000D+00
  0.2738430D+03  0.1223130D+03  0.1991306D+01  0.0000000D+00
 -0.2781674D+00 -0.8392330D+01 -0.1605743D+02  0.0000000D+00
  0.5210901D+02  0.1388428D+02 -0.7425974D+01  0.0000000D+00
  0.4921144D+02  0.3891912D+02  0.3489542D+01  0.0000000D+00
  0.1651654D+02  0.8050353D+02  0.1035788D+02  0.0000000D+00
 -0.2670296D+01  0.1051366D+03  0.1450114D+02  0.0000000D+00
  0.1866388D+02  0.1029580D+03 -0.8420112D+00  0.0000000D+00
 -0.5102297D+03 -0.4462104D+02  0.2454924D+01  0.0000000D+00
 -0.1904957D+03 -0.2396008D+02 -0.3286221D+01  0.0000000D+00
  0.7519959D+02  0.2379422D+02  0.4041848D+01  0.0000000D+00
 -0.5166568D+02 -0.1060160D+02 -0.5260781D+01  0.0000000D+00
  0.1040695D+03  0.4296385D+02  0.7263932D+01  0.0000000D+00
  0.3038821D+02  0.4755208D+02 -0.2072578D+01  0.0000000D+00
  0.9413808D+02  0.8903372D+02 -0.3349565D+01  0.0000000D+00
  0.3110085D+02  0.4068028D+02 -0.1097039D+01  0.0000000D+00
  0.1359737D+02  0.1283358D+01 -0.1984502D+01  0.0000000D+00
  0.2644307D+01 -0.2231852D+02 -0.2478244D+01  0.0000000D+00
 -0.1096557D+03  0.7664929D+01 -0.8046524D+00  0.0000000D+00
  0.1028423D+03 -0.4383326D+02 -0.2782219D+00  0.0000000D+00
  0.1524226D+03  0.7709961D+02 -0.1055242D+00  0.0000000D+00
 -0.1484803D+03 -0.5407983D+02  0.1244492D+01  0.0000000D+00
  0.1141987D+03  0.3622331D+02 -0.1558284D+01  0.0000000D+00
 -0.6102463D+02 -0.5726182D+02  0.2087660D+01  0.0000000D+00
  0.3130179D+02  0.7986075D+02  0.3961493D+01  0.0000000D+00
  0.2327796D+02  0.4210428D+02  0.9932397D+01  0.0000000D+00
  0.1412538D+02  0.2273068D+02  0.7293299D+01  0.0000000D+00
  0.9682004D+01  0.2810590D+02  0.4787525D+01  0.0000000D+00
  0.6983563D+01  0.3103773D+02  0.3290775D+01  0.0000000D+00
 -0.2651891D+03  0.2099981D+01  0.4468645D+00  0.0000000D+00
  0.1683859D+03 -0.7199179D+02 -0.4481891D+00  0.0000000D+00
  0.2885130D+03  0.3152130D+01  0.1701030D+01  0.0000000D+00
 -0.1154809D+03 -0.9592856D+01 -0.1346201D+01  0.0000000D+00
  0.8591062D+02  0.8887325D+01  0.2847692D+01  0.0000000D+00
 -0.6607065D+02 -0.9018417D+01 -0.2791252D+01  0.0000000D+00
  0.7559806D+02 -0.9026902D+01 -0.8393268D+01  0.0000000D+00
  0.6323477D+02 -0.7997524D+01  0.1288176D+01  0.0000000D+00
  0.6326294D+02 -0.5361099D+01  0.5772671D+01  0.0000000D+00
  0.1964033D+02  0.4333513D+02  0.1904100D+01  0.0000000D+00
 -0.5898495D+01  0.7187323D+02 -0.3101154D+00  0.0000000D+00
 -0.1039934D+03 -0.4518063D+01  0.5995786D+00  0.0000000D+00
  0.1359937D+03 -0.2644380D+02  0.1359330D+01  0.0000000D+00
 -0.9101625D+02  0.2650582D+02  0.1351308D+01  0.0000000D+00
  0.3973169D+02 -0.2675157D+02 -0.1033438D+01  0.0000000D+00
 -0.2685299D+02  0.4026207D+02  0.3193928D+00  0.0000000D+00
 -0.5552795D+02 -0.5231789D+02  0.1139449D+01  0.0000000D+00
  0.1009454D+03  0.8940021D+02 -0.9910708D+01  0.0000000D+00
  0.7319835D+02  0.1143560D+03 -0.1851354D+01  0.0000000D+00
  0.4279459D+02  0.9508433D+02  0.2140720D+01  0.0000000D+00
  0.3786259D+02  0.5214297D+02  0.2439308D+00  0.0000000D+00
  0.3464196D+02  0.2678855D+02 -0.8211318D+00  0.0000000D+00
