  1  2   693 10944  4  4  9 11  7  1    0.00   24.00  100.00  600.00    0.00    6.28   45.00   45.00
  100.0  100.0  100.0  100.0  125.0  150.0  190.0  230.0  275.0  350.0  450.0  600.0  600.0  600.0  600.0
  0.1025091D+02 -0.6722744D-01  0.6114790D-02  0.0000000D+00
  0.1053342D+02 -0.3413909D-01  0.1999341D-01  0.0000000D+00
  0.1058349D+02 -0.1677253D-01 -0.1669028D-02  0.0000000D+00
  0.1067100D+02  0.2839286D-02 -0.5226935D-02  0.0000000D+00
  0.1085919D+02 -0.4948561D-01 -0.1826741D-01  0.0000000D+00
  0.1112842D+02  0.5300938D-01 -0.6984217D-01  0.0000000D+00
  0.1130798D+02  0.2486222D+00 -0.7453063D-01  0.0000000D+00
  0.1125540D+02  0.4789806D+00 -0.5388712D-01  0.0000000D+00
  0.1109015D+02  0.5170775D+00 -0.3296110D-01  0.0000000D+00
  0.1097599D+02  0.5059561D+00 -0.2036906D-01  0.0000000D+00
  0.1090731D+02  0.4998729D+00 -0.1276268D-01  0.0000000D+00
 -0.2207600D+00 -0.1062500D-01  0.2164335D-01  0.0000000D+00
 -0.2102897D+00 -0.1037621D+00  0.3147990D-01  0.0000000D+00
 -0.2411014D+00 -0.8700709D-01  0.4493847D-01  0.0000000D+00
 -0.2316137D+00 -0.4649234D-01  0.1980019D-01  0.0000000D+00
 -0.2503309D+00 -0.7896553D-01  0.2792907D-02  0.0000000D+00
 -0.1849500D+00 -0.1420573D+00 -0.1619180D-01  0.0000000D+00
 -0.1274198D+00 -0.5164844D-01 -0.1323707D-01  0.0000000D+00
 -0.3368832D-01 -0.1385168D-01 -0.2807765D-01  0.0000000D+00
 -0.2045729D-01  0.2353433D-01 -0.3335732D-01  0.0000000D+00
 -0.2256925D-01  0.3953555D-01 -0.3755217D-01  0.0000000D+00
 -0.2365625D-01  0.4932361D-01 -0.4006721D-01  0.0000000D+00
  0.3278702D-02 -0.2683920D-01 -0.1524446D-01  0.0000000D+00
  0.1617874D-01  0.2325536D-01 -0.2457926D-01  0.0000000D+00
  0.1009880D-01  0.2644784D-01 -0.1130073D-01  0.0000000D+00
  0.3233887D-01  0.1862195D-01 -0.1605329D-01  0.0000000D+00
  0.1639090D-01 -0.4665087D-02 -0.5705299D-03  0.0000000D+00
 -0.1647272D+00  0.7109694D-02  0.6650020D-02  0.0000000D+00
 -0.1703685D+00 -0.5302090D-01 -0.1044715D-01  0.0000000D+00
 -0.1161756D+00 -0.3340268D-01 -0.1415542D-01  0.0000000D+00
 -0.7852583D-01 -0.2040945D-01 -0.1674143D-01  0.0000000D+00
 -0.5650803D-01 -0.8384651D-02 -0.1892986D-01  0.0000000D+00
 -0.4319672D-01 -0.1198287D-02 -0.2024026D-01  0.0000000D+00
 -0.2721400D-01  0.2999958D-04  0.9430273D-05  0.0000000D+00
 -0.3358758D-01  0.7235641D-03  0.5422016D-04  0.0000000D+00
 -0.1204033D-01 -0.7673254D-03 -0.3254801D-03  0.0000000D+00
 -0.6026476D-01  0.1017520D-02  0.4251274D-03  0.0000000D+00
 -0.3025764D-01 -0.1333365D-02 -0.7851147D-03  0.0000000D+00
 -0.1680571D-01  0.1875193D-02  0.2878077D-02  0.0000000D+00
  0.2376899D-01 -0.1973321D-02  0.2955250D-02  0.0000000D+00
 -0.2896177D-02  0.1702065D-01  0.6148502D-02  0.0000000D+00
 -0.1214822D-01  0.2988430D-01  0.7114501D-02  0.0000000D+00
 -0.8435051D-02  0.3370920D-01  0.7918975D-02  0.0000000D+00
 -0.6365231D-02  0.3609248D-01  0.8401279D-02  0.0000000D+00
 -0.3695667D-01  0.6009357D-04  0.9958543D-04  0.0000000D+00
 -0.1158013D-01  0.2667703D-03  0.2412143D-03  0.0000000D+00
  0.4594601D-01 -0.6089806D-03 -0.8510168D-04  0.0000000D+00
  0.3726015D-01  0.2540739D-03  0.4991699D-03  0.0000000D+00
  0.4101301D-01 -0.6990800D-03 -0.7765643D-03  0.0000000D+00
 -0.2466886D-01 -0.3642727D-02 -0.6985531D-03  0.0000000D+00
 -0.6155563D-01 -0.3833610D-01 -0.2420415D-02  0.0000000D+00
 -0.6194393D-01 -0.4519584D-01 -0.4180924D-02  0.0000000D+00
 -0.4070768D-01 -0.5445132D-01 -0.6344643D-02  0.0000000D+00
 -0.3189909D-01 -0.4909437D-01 -0.8867062D-02  0.0000000D+00
 -0.2650497D-01 -0.4606023D-01 -0.1036772D-01  0.0000000D+00
 -0.6353848D-02 -0.9225145D-04  0.2001091D-04  0.0000000D+00
 -0.4682018D-02 -0.2707799D-03  0.1014267D-03  0.0000000D+00
  0.4133001D-02 -0.2033253D-03  0.1087752D-03  0.0000000D+00
 -0.7999416D-02 -0.6445379D-03 -0.1232224D-03  0.0000000D+00
 -0.8252794D-02  0.7774029D-03  0.5947002D-03  0.0000000D+00
  0.3380659D-03 -0.1896004D-02 -0.2453225D-02  0.0000000D+00
  0.9945184D-02 -0.1306338D-01 -0.2561350D-02  0.0000000D+00
  0.4585296D-02 -0.2426802D-01 -0.1645529D-02  0.0000000D+00
  0.1205071D-02 -0.1825638D-01 -0.1512162D-02  0.0000000D+00
 -0.3255156D-02 -0.1423495D-01 -0.1660943D-02  0.0000000D+00
 -0.5904640D-02 -0.1181330D-01 -0.1746904D-02  0.0000000D+00
 -0.6369745D-02  0.9396387D-04 -0.4059258D-04  0.0000000D+00
 -0.1607923D-01  0.5713142D-03  0.1729765D-03  0.0000000D+00
 -0.1467330D-01 -0.1762696D-02  0.1531356D-03  0.0000000D+00
 -0.2263867D-01  0.3183073D-02 -0.1253875D-03  0.0000000D+00
 -0.3721367D-01 -0.6050070D-02  0.2386277D-03  0.0000000D+00
 -0.2044769D-01  0.1392944D-01 -0.1522712D-03  0.0000000D+00
  0.1310717D-01 -0.2237737D-01 -0.7744861D-03  0.0000000D+00
  0.2465603D-01 -0.2367503D-01 -0.5584955D-02  0.0000000D+00
  0.2124419D-01 -0.1786793D-01 -0.8014923D-02  0.0000000D+00
  0.1373311D-01 -0.1531920D-01 -0.9237744D-02  0.0000000D+00
  0.9298961D-02 -0.1376185D-01 -0.9980764D-02  0.0000000D+00
  0.3232388D-02 -0.2648327D-03  0.1168001D-04  0.0000000D+00
 -0.5786895D-02  0.1713150D-03  0.2064056D-03  0.0000000D+00
 -0.3161242D-02 -0.3381870D-03 -0.6521904D-04  0.0000000D+00
 -0.2539658D-02  0.4813680D-04  0.3052927D-03  0.0000000D+00
 -0.6353943D-03 -0.3281082D-03 -0.5215426D-03  0.0000000D+00
 -0.9177672D-02  0.3435123D-03  0.9294786D-03  0.0000000D+00
 -0.4899004D-02  0.9704219D-02 -0.1614751D-02  0.0000000D+00
 -0.1604163D-01  0.5987720D-02 -0.1401157D-02  0.0000000D+00
 -0.1303473D-01  0.9915980D-03 -0.1367449D-02  0.0000000D+00
 -0.7412566D-02 -0.1610369D-02 -0.6519369D-03  0.0000000D+00
 -0.4088420D-02 -0.3189494D-02 -0.2326116D-03  0.0000000D+00
 -0.2396713D-02 -0.2285156D-03  0.7594502D-04  0.0000000D+00
 -0.6997949D-02  0.3935960D-03 -0.1143042D-03  0.0000000D+00
 -0.3450256D-04 -0.3440797D-03  0.1045366D-03  0.0000000D+00
  0.6243785D-02  0.1129789D-02 -0.1858361D-03  0.0000000D+00
  0.3423781D-02 -0.1946332D-02  0.2401769D-04  0.0000000D+00
 -0.5949593D-02  0.3825131D-02  0.2055604D-03  0.0000000D+00
 -0.4968294D-02 -0.2406245D-02  0.4793748D-03  0.0000000D+00
 -0.6470845D-02  0.5086589D-02  0.3382183D-03  0.0000000D+00
 -0.5589084D-02  0.7484403D-02 -0.2036586D-03  0.0000000D+00
 -0.4305504D-02  0.7091195D-02  0.1173106D-02  0.0000000D+00
 -0.3544076D-02  0.6888342D-02  0.1972871D-02  0.0000000D+00
 -0.3627794D+00  0.5072016D-03  0.2562412D-01  0.0000000D+00
 -0.3229693D+00 -0.5815704D-01  0.1640285D-01  0.0000000D+00
 -0.2334594D+00 -0.1083503D+00  0.1290147D-02  0.0000000D+00
 -0.3177898D+00  0.8343992D-02  0.8870945D-02  0.0000000D+00
 -0.3310816D+00 -0.4295611D-01  0.5400328D-02  0.0000000D+00
 -0.1962803D+00 -0.1061447D-02 -0.2074036D-02  0.0000000D+00
 -0.1222803D+00  0.4521190D-02  0.1301091D-01  0.0000000D+00
 -0.1214863D+00  0.3100926D-01  0.1769579D-01  0.0000000D+00
 -0.1148778D+00  0.2393582D-01  0.3106509D-01  0.0000000D+00
 -0.9532905D-01  0.1766964D-01  0.4187461D-01  0.0000000D+00
 -0.8381241D-01  0.1392189D-01  0.4835240D-01  0.0000000D+00
  0.1267374D+00  0.2550429D-01  0.2524982D-01  0.0000000D+00
  0.7832453D-01  0.4000131D-01  0.1696798D-01  0.0000000D+00
 -0.2304994D-01  0.1214866D-01  0.3306339D-01  0.0000000D+00
  0.8609035D-01 -0.2692799D-01  0.1103009D-01  0.0000000D+00
  0.7984308D-02  0.5910761D-01  0.1417385D-01  0.0000000D+00
  0.1109666D-01  0.1122361D-01  0.4681113D-02  0.0000000D+00
  0.1136877D-01  0.2049979D-01  0.1852965D-01  0.0000000D+00
  0.6031207D-01  0.1467586D-01 -0.2855534D-03  0.0000000D+00
  0.5934083D-01  0.2984529D-01 -0.7076084D-02  0.0000000D+00
  0.4370813D-01  0.3894569D-01 -0.7336345D-02  0.0000000D+00
  0.3454641D-01  0.4444293D-01 -0.7564726D-02  0.0000000D+00
  0.1399650D-01  0.2745438D-01 -0.8153015D-02  0.0000000D+00
  0.1682564D-01  0.2792530D-01 -0.1587367D-01  0.0000000D+00
  0.1996403D-01  0.6593898D-01 -0.4563271D-02  0.0000000D+00
  0.4983540D-01  0.5176850D-01 -0.1380573D-02  0.0000000D+00
  0.3711076D-01  0.2836933D-01  0.1275676D-02  0.0000000D+00
 -0.6720596D-01  0.4781327D-01  0.5793197D-02  0.0000000D+00
 -0.8440299D-01  0.5802579D-01  0.9089384D-02  0.0000000D+00
 -0.9356342D-01  0.7062326D-01  0.4336023D-02  0.0000000D+00
 -0.8314488D-01  0.5762085D-01 -0.3887065D-02  0.0000000D+00
 -0.7162604D-01  0.4835275D-01 -0.5569299D-02  0.0000000D+00
 -0.6476565D-01  0.4278010D-01 -0.6646027D-02  0.0000000D+00
 -0.1470030D-01 -0.1135487D-03 -0.1215434D-04  0.0000000D+00
  0.6262536D-03 -0.5427195D-03  0.2372320D-03  0.0000000D+00
  0.2759070D-01 -0.9477858D-03 -0.5176609D-03  0.0000000D+00
 -0.3633610D-01  0.6020582D-03  0.7045185D-03  0.0000000D+00
  0.1706148D-01 -0.1159682D-02 -0.1605631D-02  0.0000000D+00
  0.2892413D-03  0.7922949D-04  0.5622349D-02  0.0000000D+00
 -0.1708408D-01  0.1359707D-01  0.5142466D-02  0.0000000D+00
 -0.6252931D-01  0.6033506D-01  0.1344703D-01  0.0000000D+00
 -0.5836678D-01  0.5638733D-01  0.1408084D-01  0.0000000D+00
 -0.3498490D-01  0.4882400D-01  0.1216438D-01  0.0000000D+00
 -0.2125118D-01  0.4435227D-01  0.1105005D-01  0.0000000D+00
  0.3609101D-01 -0.1474329D-03  0.2621126D-04  0.0000000D+00
  0.3714353D-01 -0.1027661D-02  0.4372126D-04  0.0000000D+00
  0.2868857D-01  0.7637284D-03  0.1855328D-03  0.0000000D+00
  0.5311756D-01 -0.1729107D-02 -0.3269177D-04  0.0000000D+00
  0.5094960D-01  0.3301152D-02  0.3264348D-03  0.0000000D+00
  0.1700437D-01 -0.1413924D-01  0.1783539D-03  0.0000000D+00
 -0.2011135D-02 -0.1993664D-01  0.6075771D-02  0.0000000D+00
  0.1313279D-01 -0.4486807D-01  0.8640444D-02  0.0000000D+00
  0.2339459D-01 -0.3865877D-01  0.7142174D-02  0.0000000D+00
  0.2304476D-01 -0.3578332D-01  0.4807118D-02  0.0000000D+00
  0.2295526D-01 -0.3403072D-01  0.3423189D-02  0.0000000D+00
 -0.3048478D-01  0.1305110D-03  0.1527948D-03  0.0000000D+00
 -0.2405036D-01 -0.3508219D-03 -0.4913758D-03  0.0000000D+00
 -0.2505077D-01  0.7469707D-03  0.8324052D-03  0.0000000D+00
 -0.1592505D-01 -0.1160304D-02 -0.1475975D-02  0.0000000D+00
 -0.1424577D-01  0.2773778D-02  0.2964131D-02  0.0000000D+00
  0.2316300D-02 -0.4867952D-02 -0.7843216D-02  0.0000000D+00
 -0.1927359D-03 -0.1935717D-01  0.4171964D-02  0.0000000D+00
  0.6576366D-02  0.1058145D-01  0.9307645D-03  0.0000000D+00
  0.7814114D-02 -0.3655853D-02 -0.7274440D-03  0.0000000D+00
  0.1072608D-02 -0.4891774D-02  0.2405564D-02  0.0000000D+00
 -0.2859822D-02 -0.5774973D-02  0.4220975D-02  0.0000000D+00
 -0.1117122D-01 -0.5524747D-03  0.9080584D-07  0.0000000D+00
 -0.3169857D-01  0.1432218D-02 -0.3095038D-03  0.0000000D+00
 -0.3322833D-01 -0.1137041D-02  0.8020802D-03  0.0000000D+00
 -0.3431768D-01  0.3102754D-02 -0.1140108D-02  0.0000000D+00
 -0.4585085D-01 -0.5661718D-02  0.2215328D-02  0.0000000D+00
 -0.5094116D-01  0.1575241D-01 -0.5592738D-02  0.0000000D+00
 -0.1843878D-01 -0.1724812D-01  0.8208220D-03  0.0000000D+00
 -0.1119809D-01 -0.1325203D-01 -0.2787038D-02  0.0000000D+00
 -0.6819720D-02 -0.1220037D-01 -0.3263246D-02  0.0000000D+00
 -0.3576457D-02 -0.1269741D-01 -0.2673561D-02  0.0000000D+00
 -0.1627513D-02 -0.1297717D-01 -0.2333590D-02  0.0000000D+00
  0.7306131D-02  0.3548566D-03  0.4000112D-04  0.0000000D+00
 -0.2800675D-01 -0.2821108D-03  0.1111231D-03  0.0000000D+00
 -0.1436691D-01 -0.6075268D-03  0.9358381D-04  0.0000000D+00
 -0.2147019D-01  0.1390733D-02 -0.4942133D-04  0.0000000D+00
 -0.1233117D-01 -0.2572871D-02 -0.8956734D-04  0.0000000D+00
 -0.2343571D-01  0.4528468D-02  0.1014022D-02  0.0000000D+00
 -0.6730214D-02  0.1046712D-01  0.1313482D-02  0.0000000D+00
 -0.9628306D-02  0.1364525D-01  0.2177783D-02  0.0000000D+00
 -0.6512056D-02  0.5249336D-02  0.4046080D-03  0.0000000D+00
 -0.3089358D-02 -0.2918631D-03 -0.3815246D-03  0.0000000D+00
 -0.1050882D-02 -0.3629993D-02 -0.8616171D-03  0.0000000D+00
  0.1023565D-02  0.2300731D-03 -0.3813465D-04  0.0000000D+00
  0.7360233D-02 -0.1827243D-03  0.2125638D-03  0.0000000D+00
 -0.4268600D-02 -0.1044946D-02 -0.1750901D-03  0.0000000D+00
  0.1942330D-01  0.1772729D-02  0.4878182D-03  0.0000000D+00
  0.6981896D-02 -0.3493457D-02 -0.1179705D-02  0.0000000D+00
  0.4721134D-02  0.3776193D-02  0.3066599D-02  0.0000000D+00
 -0.1216558D-01 -0.7542995D-02  0.1048597D-02  0.0000000D+00
  0.4796490D-02 -0.2250961D-03  0.4075133D-02  0.0000000D+00
  0.1024046D-01  0.4291671D-02  0.3297236D-02  0.0000000D+00
  0.8040491D-02  0.3964602D-02  0.3232451D-02  0.0000000D+00
  0.6814315D-02  0.3823688D-02  0.3185115D-02  0.0000000D+00
 -0.6273354D-01 -0.5275483D-02 -0.1221042D-01  0.0000000D+00
 -0.5150248D-01  0.8303285D-01  0.1757007D-02  0.0000000D+00
 -0.4607153D-01  0.6110903D-01  0.2443179D-02  0.0000000D+00
 -0.4372226D-01  0.7956463D-01  0.1260945D-02  0.0000000D+00
 -0.5116026D-01  0.9098271D-01  0.2044222D-02  0.0000000D+00
 -0.7095435D-02  0.2037945D-01 -0.1234409D-01  0.0000000D+00
 -0.1380179D-01  0.6057893D-01 -0.2391560D-01  0.0000000D+00
 -0.3168711D-02  0.8892664D-01 -0.2350279D-01  0.0000000D+00
 -0.6662985D-02  0.1145848D+00 -0.2010892D-01  0.0000000D+00
 -0.1133140D-01  0.1166091D+00 -0.1816956D-01  0.0000000D+00
 -0.1410356D-01  0.1180819D+00 -0.1699651D-01  0.0000000D+00
 -0.7523508D-01 -0.5033015D-02 -0.1666778D-01  0.0000000D+00
 -0.8695155D-01  0.1753245D-01 -0.4172140D-02  0.0000000D+00
 -0.6013913D-01  0.9285217D-01  0.4761898D-02  0.0000000D+00
 -0.3262217D-01 -0.4825566D-02 -0.5452402D-02  0.0000000D+00
 -0.4110372D-01  0.1426839D-01 -0.7713669D-02  0.0000000D+00
 -0.4050210D-01 -0.4498397D-02  0.2752016D-02  0.0000000D+00
 -0.8958120D-02  0.7932967D-02 -0.1059413D-01  0.0000000D+00
 -0.3932428D-01  0.3145808D-01 -0.1344741D-01  0.0000000D+00
 -0.5284481D-01  0.4604336D-01 -0.1257098D-01  0.0000000D+00
 -0.5049790D-01  0.5973743D-01 -0.1263809D-01  0.0000000D+00
 -0.4927566D-01  0.6791692D-01 -0.1266757D-01  0.0000000D+00
  0.3950155D-01 -0.3349680D-01 -0.1625664D-01  0.0000000D+00
  0.4303613D-01 -0.8942718D-01 -0.1533479D-01  0.0000000D+00
  0.2921019D-01 -0.5333552D-01 -0.1047204D-01  0.0000000D+00
  0.2348080D-02 -0.2186204D-01 -0.2406971D-01  0.0000000D+00
 -0.2084545D-01 -0.1660682D-01 -0.6149990D-02  0.0000000D+00
  0.1195181D-01 -0.2312875D-01 -0.2253558D-01  0.0000000D+00
  0.2340015D-01 -0.2140630D-03 -0.2357202D-01  0.0000000D+00
  0.5779422D-02  0.2385424D-01 -0.1929122D-01  0.0000000D+00
  0.2792956D-02  0.4018262D-01 -0.1332007D-01  0.0000000D+00
 -0.3047598D-02  0.4941462D-01 -0.9399701D-02  0.0000000D+00
 -0.6500394D-02  0.5500299D-01 -0.7038182D-02  0.0000000D+00
 -0.1626305D-01  0.4080103D-03 -0.5616798D-04  0.0000000D+00
 -0.3432754D-01 -0.9478571D-03 -0.2410672D-03  0.0000000D+00
 -0.4641080D-01  0.2091214D-02  0.1434799D-03  0.0000000D+00
 -0.1570956D-01 -0.2060402D-02 -0.1532165D-03  0.0000000D+00
 -0.2245536D-01  0.3432260D-02  0.5633789D-03  0.0000000D+00
 -0.1601513D-01 -0.3529460D-02 -0.2924649D-02  0.0000000D+00
 -0.2037855D-01  0.4182516D-01 -0.1374462D-02  0.0000000D+00
 -0.2245863D-01  0.4008835D-01 -0.7772096D-03  0.0000000D+00
 -0.1583926D-01  0.3431320D-01 -0.1832648D-02  0.0000000D+00
 -0.1282477D-01  0.2931622D-01 -0.3734396D-02  0.0000000D+00
 -0.1098571D-01  0.2632509D-01 -0.4859564D-02  0.0000000D+00
 -0.3600354D-01  0.3457205D-03 -0.1202403D-03  0.0000000D+00
 -0.3151187D-01 -0.1233577D-02  0.2540998D-03  0.0000000D+00
 -0.7839606D-02  0.1148943D-02 -0.3346153D-03  0.0000000D+00
 -0.2287945D-01 -0.7178492D-03  0.5603148D-03  0.0000000D+00
 -0.2467812D-01  0.1443984D-02 -0.7839372D-03  0.0000000D+00
 -0.3007173D-01  0.1791097D-02  0.1396623D-02  0.0000000D+00
 -0.1265085D-01  0.2109648D-01 -0.5964969D-02  0.0000000D+00
 -0.9489784D-02  0.1304699D-01 -0.9497098D-02  0.0000000D+00
 -0.8824240D-02  0.6357266D-02 -0.7212302D-02  0.0000000D+00
 -0.7214289D-02  0.9678667D-02 -0.5051261D-02  0.0000000D+00
 -0.6265117D-02  0.1154947D-01 -0.3760254D-02  0.0000000D+00
  0.1082931D-01  0.1217053D-03 -0.2946955D-04  0.0000000D+00
  0.9835772D-02 -0.1385137D-02  0.1178705D-03  0.0000000D+00
  0.1563922D-02  0.1838349D-02 -0.1878322D-03  0.0000000D+00
  0.6123315D-02 -0.1863093D-02  0.4040966D-03  0.0000000D+00
  0.6887401D-02  0.3944436D-02 -0.6649205D-03  0.0000000D+00
  0.2777269D-02 -0.9475628D-02  0.2445620D-02  0.0000000D+00
 -0.1782081D-01  0.2644920D-02 -0.1893068D-02  0.0000000D+00
 -0.2195577D-01  0.3902596D-02 -0.2770318D-03  0.0000000D+00
 -0.1899016D-01  0.1037460D-01  0.1037578D-02  0.0000000D+00
 -0.1270910D-01  0.1189983D-01  0.6697548D-03  0.0000000D+00
 -0.8999464D-02  0.1286505D-01  0.4690335D-03  0.0000000D+00
 -0.1843340D-01 -0.1674421D-04 -0.3101708D-04  0.0000000D+00
 -0.9939729D-02 -0.6573345D-03  0.1411652D-03  0.0000000D+00
 -0.1843337D-01  0.7951235D-03 -0.2104798D-03  0.0000000D+00
  0.1356355D-02 -0.1466545D-02  0.4333574D-03  0.0000000D+00
  0.2640015D-02  0.4270281D-02 -0.5516337D-03  0.0000000D+00
  0.9420574D-02 -0.1263285D-01  0.1509443D-02  0.0000000D+00
  0.1235117D-01  0.4733447D-02 -0.1443425D-02  0.0000000D+00
  0.1259113D-01  0.1676875D-02 -0.9323985D-03  0.0000000D+00
  0.4587345D-02  0.8783349D-02 -0.1432092D-02  0.0000000D+00
 -0.2333019D-03  0.8680073D-02 -0.8226151D-03  0.0000000D+00
 -0.3145107D-02  0.8698561D-02 -0.4713690D-03  0.0000000D+00
 -0.2168237D-01  0.4080819D-04 -0.4558045D-04  0.0000000D+00
  0.2788153D-02  0.3336586D-03  0.1552881D-03  0.0000000D+00
 -0.9528842D-02  0.4503769D-03 -0.1236520D-03  0.0000000D+00
 -0.4852496D-02  0.8156205D-03  0.1502189D-03  0.0000000D+00
 -0.3498206D-02 -0.1341948D-02 -0.1823168D-03  0.0000000D+00
  0.3101516D-02  0.4257622D-02 -0.3965184D-03  0.0000000D+00
 -0.1096375D-01 -0.1853129D-02 -0.1560553D-02  0.0000000D+00
 -0.4921196D-02 -0.2248879D-02 -0.3553767D-02  0.0000000D+00
 -0.1621291D-02 -0.1982227D-02 -0.8256579D-03  0.0000000D+00
  0.1182911D-03 -0.1254216D-02 -0.7122376D-03  0.0000000D+00
  0.1174014D-02 -0.8241666D-03 -0.6152889D-03  0.0000000D+00
 -0.4059458D-02  0.1725905D-03 -0.1295787D-04  0.0000000D+00
 -0.1305179D-02  0.8224292D-03 -0.1143583D-03  0.0000000D+00
 -0.1333128D-01 -0.2471613D-03  0.1724060D-03  0.0000000D+00
 -0.1118306D-01  0.3131928D-04 -0.3704591D-03  0.0000000D+00
 -0.8988028D-02  0.4037076D-03  0.6632243D-03  0.0000000D+00
 -0.4395727D-02  0.2968896D-02 -0.1316440D-02  0.0000000D+00
 -0.4277199D-02  0.7129490D-02  0.1008949D-02  0.0000000D+00
 -0.6426904D-02  0.1055214D-02 -0.1937448D-02  0.0000000D+00
 -0.7685125D-02 -0.4535331D-02 -0.2114951D-02  0.0000000D+00
 -0.3271901D-02 -0.5054567D-02 -0.1359289D-03  0.0000000D+00
 -0.7023090D-03 -0.5421642D-02  0.1020938D-02  0.0000000D+00
  0.7643698D-01  0.1752097D-01 -0.4614781D-02  0.0000000D+00
  0.8725318D-01  0.9720760D-02 -0.7153545D-02  0.0000000D+00
  0.7944443D-01 -0.1262903D-01 -0.2900696D-02  0.0000000D+00
  0.8709323D-01  0.1638541D-01 -0.4893010D-02  0.0000000D+00
  0.8311588D-01  0.1204157D-01  0.3623273D-02  0.0000000D+00
  0.3961719D-01 -0.1020111D-01 -0.7590646D-02  0.0000000D+00
  0.2993637D-01 -0.3121551D-01 -0.4671916D-02  0.0000000D+00
  0.1713509D-02 -0.4082916D-01  0.8925899D-03  0.0000000D+00
 -0.2846206D-02 -0.5511636D-01  0.6093613D-02  0.0000000D+00
  0.9553730D-03 -0.6230609D-01  0.6370576D-02  0.0000000D+00
  0.3129759D-02 -0.6667458D-01  0.6590595D-02  0.0000000D+00
  0.5242520D-01 -0.7236481D-03 -0.5411656D-02  0.0000000D+00
  0.8082920D-01  0.2920145D-01 -0.2041407D-02  0.0000000D+00
  0.5926243D-01  0.1756345D-02 -0.3191703D-02  0.0000000D+00
  0.5438581D-01  0.1536982D-01 -0.2918607D-02  0.0000000D+00
  0.7072940D-01  0.2424385D-01  0.9905811D-03  0.0000000D+00
  0.1015717D+00  0.9158614D-02 -0.3006185D-02  0.0000000D+00
  0.5602987D-01  0.1953284D-03 -0.2692521D-02  0.0000000D+00
  0.3737757D-01 -0.5596139D-02 -0.1129510D-01  0.0000000D+00
  0.2427890D-01 -0.1242351D-01 -0.1589434D-01  0.0000000D+00
  0.1382827D-01 -0.1109951D-01 -0.1213765D-01  0.0000000D+00
  0.7563130D-02 -0.1039983D-01 -0.9989223D-02  0.0000000D+00
 -0.1440294D-01 -0.3386571D-02  0.6515162D-02  0.0000000D+00
 -0.1575586D-01  0.4305550D-02 -0.1038203D-02  0.0000000D+00
 -0.2529479D-01 -0.1171374D-01 -0.6458033D-03  0.0000000D+00
 -0.6586518D-02 -0.6838091D-03  0.3895554D-02  0.0000000D+00
  0.2950061D-02 -0.2514942D-01  0.3278787D-03  0.0000000D+00
  0.2070427D-01  0.1253400D-01  0.2542493D-03  0.0000000D+00
  0.2469198D-01 -0.1309639D-01 -0.5722426D-02  0.0000000D+00
  0.1058345D-01 -0.2473034D-02 -0.5222213D-02  0.0000000D+00
  0.3554502D-02 -0.8907705D-02 -0.8600520D-02  0.0000000D+00
  0.4692446D-02 -0.1507930D-01 -0.8195936D-02  0.0000000D+00
  0.5280299D-02 -0.1876536D-01 -0.7996847D-02  0.0000000D+00
 -0.2146742D-01  0.4677374D-03 -0.9458912D-05  0.0000000D+00
 -0.2331659D-01  0.2558710D-03  0.2329309D-03  0.0000000D+00
  0.1341307D-01 -0.9646043D-04 -0.4780068D-03  0.0000000D+00
 -0.1608455D-01 -0.6428677D-04  0.8093595D-03  0.0000000D+00
 -0.1066582D-01  0.2971731D-03 -0.1446886D-02  0.0000000D+00
 -0.4527346D-02  0.1395352D-03  0.2980385D-02  0.0000000D+00
 -0.1728454D-01 -0.1452596D-02  0.2143233D-03  0.0000000D+00
 -0.4842279D-01  0.4344297D-02  0.5292011D-02  0.0000000D+00
 -0.4535059D-01  0.1264896D-01  0.4855369D-02  0.0000000D+00
 -0.2888358D-01  0.1386899D-01 -0.9410735D-03  0.0000000D+00
 -0.1921004D-01  0.1467586D-01 -0.4339600D-02  0.0000000D+00
  0.1150526D-01  0.3956222D-03  0.8831293D-04  0.0000000D+00
  0.1411108D-01  0.3778435D-03  0.8644951D-04  0.0000000D+00
 -0.1222156D-01 -0.6121110D-03  0.1093748D-04  0.0000000D+00
  0.9869636D-02  0.1359500D-02 -0.1665382D-04  0.0000000D+00
  0.9678812D-02 -0.1274912D-02 -0.5533416D-04  0.0000000D+00
  0.2490681D-01  0.4649666D-02 -0.1217687D-02  0.0000000D+00
  0.2000011D-01 -0.2101128D-01 -0.1244160D-02  0.0000000D+00
  0.2446456D-01 -0.8464434D-02  0.6761791D-04  0.0000000D+00
  0.2576573D-01 -0.1418933D-01 -0.2336756D-02  0.0000000D+00
  0.1763909D-01 -0.1781372D-01 -0.4850186D-02  0.0000000D+00
  0.1289665D-01 -0.1999903D-01 -0.6348671D-02  0.0000000D+00
  0.9428183D-02 -0.2167998D-03  0.2940067D-04  0.0000000D+00
  0.1303825D-02 -0.5475333D-03 -0.1904063D-03  0.0000000D+00
 -0.7108965D-02  0.7510309D-03  0.1390576D-03  0.0000000D+00
  0.5641218D-02 -0.4520824D-03 -0.2721436D-03  0.0000000D+00
 -0.8487615D-02  0.7584459D-03  0.7364637D-03  0.0000000D+00
  0.7488171D-02 -0.1266488D-02 -0.2032556D-02  0.0000000D+00
 -0.3804118D-03 -0.3458823D-02  0.1603076D-03  0.0000000D+00
 -0.7508245D-03 -0.9355758D-02 -0.6853940D-03  0.0000000D+00
 -0.2261938D-02 -0.6718374D-02 -0.1982601D-02  0.0000000D+00
 -0.3113303D-02 -0.1990383D-02  0.7417241D-03  0.0000000D+00
 -0.3628284D-02  0.8075915D-03  0.2322366D-02  0.0000000D+00
 -0.2213408D-01  0.8162301D-04  0.5596942D-04  0.0000000D+00
 -0.1993524D-01 -0.4572718D-03  0.3532239D-06  0.0000000D+00
 -0.8979430D-02 -0.4436764D-03  0.9355481D-04  0.0000000D+00
 -0.1133139D-01  0.1197660D-02 -0.7054375D-04  0.0000000D+00
 -0.4961506D-02 -0.1779609D-02 -0.2669652D-04  0.0000000D+00
 -0.9432370D-02  0.2831931D-02 -0.4520275D-03  0.0000000D+00
 -0.7377453D-02 -0.6650283D-02  0.5919558D-03  0.0000000D+00
 -0.1133593D-01 -0.4152649D-02 -0.2851653D-02  0.0000000D+00
 -0.1116719D-01 -0.9432951D-02 -0.2351707D-02  0.0000000D+00
 -0.1000576D-01 -0.8797833D-02 -0.1218131D-02  0.0000000D+00
 -0.9324484D-02 -0.8483574D-02 -0.5487652D-03  0.0000000D+00
  0.8412418D-02 -0.3011186D-03  0.2137394D-04  0.0000000D+00
 -0.1580716D-01  0.9838762D-04 -0.5772990D-04  0.0000000D+00
 -0.2246172D-02  0.2409635D-03  0.1137001D-03  0.0000000D+00
 -0.1120906D-01  0.3388232D-03 -0.9020138D-04  0.0000000D+00
 -0.9151822D-03 -0.3388808D-04  0.1607691D-03  0.0000000D+00
 -0.1472155D-01 -0.1252734D-03 -0.8414346D-03  0.0000000D+00
 -0.1680396D-02  0.9478983D-02 -0.1516967D-03  0.0000000D+00
  0.7459729D-03  0.5930422D-03  0.6479969D-03  0.0000000D+00
  0.7167265D-03  0.6314554D-03 -0.6792276D-03  0.0000000D+00
  0.1890821D-02  0.8930940D-03 -0.7188400D-03  0.0000000D+00
  0.2578296D-02  0.1046653D-02 -0.7568964D-03  0.0000000D+00
  0.5267874D-02  0.1446693D-03  0.2834090D-04  0.0000000D+00
  0.1191711D-01  0.7813281D-03  0.3438481D-04  0.0000000D+00
  0.6678915D-02 -0.7082135D-03  0.6394000D-05  0.0000000D+00
  0.7472405D-02  0.2134944D-02  0.1868325D-03  0.0000000D+00
  0.1890094D-01 -0.2545485D-02 -0.2951435D-03  0.0000000D+00
  0.9934817D-02  0.5348310D-02  0.9932396D-03  0.0000000D+00
  0.3220987D-02 -0.1285679D-01  0.6345985D-03  0.0000000D+00
  0.8496637D-02  0.1108062D-02  0.9789402D-03  0.0000000D+00
  0.6452702D-02  0.4920670D-02  0.4056060D-03  0.0000000D+00
  0.4643922D-02  0.4050138D-02  0.4874358D-03  0.0000000D+00
  0.3562124D-02  0.3583777D-02  0.5286131D-03  0.0000000D+00
  0.1282172D-01 -0.1295461D-01  0.6821370D-03  0.0000000D+00
  0.3640190D-01 -0.2660943D-01 -0.2202034D-02  0.0000000D+00
  0.1241148D-01 -0.3920351D-02  0.1638593D-02  0.0000000D+00
  0.4933757D-01 -0.2124162D-01 -0.3057003D-02  0.0000000D+00
  0.3780440D-01 -0.2547014D-01  0.1347535D-02  0.0000000D+00
  0.5315159D-01  0.3218578D-02 -0.1466301D-02  0.0000000D+00
  0.5133260D-01 -0.8012472D-02  0.3128239D-02  0.0000000D+00
  0.4126757D-01 -0.3208511D-02  0.2807113D-02  0.0000000D+00
  0.3364102D-01 -0.3710562D-03  0.1026828D-02  0.0000000D+00
  0.2030726D-01 -0.1525111D-03  0.4242451D-03  0.0000000D+00
  0.1241650D-01  0.7783805D-05  0.5163440D-04  0.0000000D+00
 -0.4585914D-01  0.1988494D-01  0.7821438D-02  0.0000000D+00
 -0.4516891D-01  0.2670721D-01 -0.8513170D-03  0.0000000D+00
 -0.2410751D-02  0.1296415D-01 -0.1058483D-02  0.0000000D+00
 -0.1982332D-01  0.1923432D-01 -0.1843375D-02  0.0000000D+00
  0.5502190D-02  0.1543413D-01 -0.5366307D-02  0.0000000D+00
 -0.1681501D-01  0.1038730D-01 -0.1401853D-02  0.0000000D+00
  0.4258295D-04 -0.1368105D-01 -0.1930218D-02  0.0000000D+00
 -0.1404547D-01 -0.6368823D-02  0.3342160D-02  0.0000000D+00
 -0.1992559D-01 -0.3249086D-03  0.6146106D-02  0.0000000D+00
 -0.1459547D-01  0.6899951D-02  0.7116796D-02  0.0000000D+00
 -0.1154130D-01  0.1119728D-01  0.7716869D-02  0.0000000D+00
  0.5020708D-01 -0.3121586D-02 -0.4718017D-03  0.0000000D+00
  0.3414252D-01  0.2348781D-01 -0.4754723D-02  0.0000000D+00
  0.1667342D-01  0.1853670D-01  0.6404945D-02  0.0000000D+00
  0.1967723D-01  0.6771652D-02  0.5072780D-03  0.0000000D+00
  0.2370229D-01  0.6969469D-02 -0.1724631D-02  0.0000000D+00
  0.3068732D-01 -0.3578764D-02 -0.1661106D-02  0.0000000D+00
  0.3630949D-01 -0.1490848D-01  0.2955725D-02  0.0000000D+00
  0.3770221D-01 -0.9322172D-02  0.3293629D-02  0.0000000D+00
  0.3576188D-01 -0.1522609D-01  0.5101424D-02  0.0000000D+00
  0.2659045D-01 -0.1719045D-01  0.5973998D-02  0.0000000D+00
  0.2120021D-01 -0.1840583D-01  0.6504865D-02  0.0000000D+00
  0.9308966D-02 -0.1827938D-03 -0.4186477D-04  0.0000000D+00
  0.4970782D-02 -0.7271745D-05 -0.2277996D-03  0.0000000D+00
  0.7173049D-02  0.1268033D-05  0.2031463D-03  0.0000000D+00
  0.3344943D-02  0.7692703D-03 -0.3920154D-03  0.0000000D+00
  0.1044140D-01 -0.1026448D-02  0.1070873D-02  0.0000000D+00
  0.1998092D-01 -0.5335959D-03 -0.2871618D-02  0.0000000D+00
  0.1397952D-01 -0.1104337D-02 -0.6671468D-03  0.0000000D+00
  0.1293397D-01  0.5988546D-03  0.7896907D-03  0.0000000D+00
  0.7838678D-02  0.7046826D-02 -0.6699572D-03  0.0000000D+00
 -0.6309702D-03  0.9588919D-02 -0.1343052D-02  0.0000000D+00
 -0.5646255D-02  0.1114958D-01 -0.1753270D-02  0.0000000D+00
 -0.1025532D-01  0.9399108D-04 -0.4231412D-04  0.0000000D+00
  0.9412106D-02  0.7915221D-04  0.6218425D-04  0.0000000D+00
  0.4272067D-02  0.4700354D-05 -0.2434486D-03  0.0000000D+00
 -0.1072987D-01  0.5973938D-03  0.3917312D-03  0.0000000D+00
 -0.4566661D-02 -0.9443124D-04 -0.4221124D-03  0.0000000D+00
  0.7259944D-02  0.9355366D-03  0.1458114D-02  0.0000000D+00
  0.9533968D-02  0.4001805D-02 -0.6833846D-03  0.0000000D+00
 -0.3579747D-02  0.1294400D-01  0.1513330D-02  0.0000000D+00
 -0.7529351D-02  0.1205210D-01  0.2186271D-02  0.0000000D+00
 -0.2720203D-02  0.1228803D-01  0.1365799D-02  0.0000000D+00
  0.5030080D-04  0.1241548D-01  0.8931135D-03  0.0000000D+00
  0.1074882D-01  0.4282331D-04 -0.1063488D-03  0.0000000D+00
 -0.2122503D-02  0.2522099D-03 -0.1122311D-03  0.0000000D+00
  0.1240864D-01  0.8153178D-03 -0.2705437D-04  0.0000000D+00
  0.2622437D-02  0.5779567D-03  0.1339176D-03  0.0000000D+00
  0.8039933D-02  0.1617553D-04 -0.4933835D-03  0.0000000D+00
 -0.1640159D-01  0.4458442D-04  0.1406627D-02  0.0000000D+00
 -0.1442198D-01  0.4340724D-02  0.1874041D-02  0.0000000D+00
 -0.1897240D-01  0.1006162D-02  0.1773566D-02  0.0000000D+00
 -0.1543830D-01  0.4797252D-02  0.2050277D-02  0.0000000D+00
 -0.8332637D-02  0.5444964D-02  0.1867888D-02  0.0000000D+00
 -0.4133841D-02  0.5866886D-02  0.1764112D-02  0.0000000D+00
  0.1114604D-01 -0.6949820D-04 -0.1466189D-03  0.0000000D+00
  0.6314694D-02  0.1662425D-03  0.1595769D-04  0.0000000D+00
  0.1566182D-02  0.7344926D-03 -0.1554988D-03  0.0000000D+00
  0.2543868D-02 -0.1261984D-02  0.2799530D-03  0.0000000D+00
  0.1149389D-01  0.2585934D-02 -0.2998969D-03  0.0000000D+00
  0.1975530D-01 -0.3246409D-02  0.4599127D-03  0.0000000D+00
  0.1830333D-01  0.3642781D-02 -0.4263829D-03  0.0000000D+00
  0.2342295D-01  0.5155725D-02  0.2110213D-02  0.0000000D+00
  0.1825530D-01  0.6541245D-02  0.3158737D-02  0.0000000D+00
  0.9543845D-02  0.8261172D-02  0.2174653D-02  0.0000000D+00
  0.4386022D-02  0.9282620D-02  0.1610066D-02  0.0000000D+00
  0.4042258D-02  0.1244626D-03  0.4589810D-04  0.0000000D+00
  0.4101030D-02 -0.1230622D-03 -0.2290487D-03  0.0000000D+00
  0.7006276D-02  0.6955189D-03  0.3544444D-04  0.0000000D+00
  0.3147237D-02 -0.3546052D-03  0.1127215D-03  0.0000000D+00
  0.5604801D-02  0.4660717D-03 -0.7021902D-05  0.0000000D+00
 -0.1374513D-02 -0.3779992D-03 -0.2935280D-03  0.0000000D+00
  0.3400535D-02 -0.3353019D-02  0.2393974D-03  0.0000000D+00
  0.1878316D-02 -0.2759208D-02  0.3364823D-03  0.0000000D+00
  0.6316091D-03  0.8157264D-04  0.1034808D-02  0.0000000D+00
  0.1100616D-02  0.9771091D-03  0.1317989D-02  0.0000000D+00
  0.1361480D-02  0.1532965D-02  0.1491678D-02  0.0000000D+00
 -0.8306582D-02 -0.2384338D-04  0.4789079D-05  0.0000000D+00
 -0.1055494D-01 -0.4486637D-03 -0.8155916D-04  0.0000000D+00
 -0.1094602D-03 -0.2998276D-03  0.1577832D-03  0.0000000D+00
 -0.9722597D-02 -0.4639099D-03 -0.9558917D-04  0.0000000D+00
 -0.2417267D-02 -0.8574138D-04  0.1910281D-04  0.0000000D+00
 -0.6823404D-02 -0.1787520D-02 -0.3754827D-04  0.0000000D+00
  0.4433431D-03  0.5743377D-02 -0.1054626D-02  0.0000000D+00
 -0.6499859D-02 -0.1106219D-02  0.9520902D-03  0.0000000D+00
 -0.8451763D-02  0.9159163D-03  0.1952618D-04  0.0000000D+00
 -0.4424411D-02  0.1817558D-02 -0.1533802D-02  0.0000000D+00
 -0.2089415D-02  0.2367619D-02 -0.2453583D-02  0.0000000D+00
 -0.2526824D-01  0.1503063D-01  0.4976824D-02  0.0000000D+00
 -0.2877862D-01 -0.6398415D-02  0.2764856D-02  0.0000000D+00
 -0.1897493D-01  0.3540935D-02  0.2962409D-02  0.0000000D+00
 -0.4046764D-01  0.6098497D-02  0.1861922D-02  0.0000000D+00
 -0.3291917D-01  0.3587051D-02  0.1974505D-02  0.0000000D+00
 -0.2132032D-01  0.5107177D-02 -0.1712181D-02  0.0000000D+00
 -0.1292358D-01 -0.1293999D-02  0.1912162D-02  0.0000000D+00
 -0.1963863D-01  0.2512932D-02  0.3924161D-02  0.0000000D+00
 -0.1818518D-01 -0.5547861D-03  0.3799735D-02  0.0000000D+00
 -0.6685489D-02 -0.2745625D-02  0.2003194D-02  0.0000000D+00
  0.6239045D-04 -0.4062629D-02  0.9500739D-03  0.0000000D+00
 -0.2089507D-01  0.1938311D-01 -0.9103444D-03  0.0000000D+00
 -0.4423775D-01  0.1716242D-01  0.3948597D-02  0.0000000D+00
 -0.1829402D-01 -0.1749109D-02 -0.1444589D-02  0.0000000D+00
 -0.2551090D-01  0.8373758D-02  0.1180206D-03  0.0000000D+00
 -0.4294035D-01 -0.7719931D-02 -0.2309896D-02  0.0000000D+00
 -0.1443930D-01  0.1551241D-01 -0.1097201D-03  0.0000000D+00
 -0.8637549D-02 -0.5152668D-02  0.2969810D-02  0.0000000D+00
 -0.1735774D-01  0.7065843D-02  0.1554714D-03  0.0000000D+00
 -0.1655927D-01  0.6671341D-02  0.7765588D-03  0.0000000D+00
 -0.1035384D-01  0.4543047D-02  0.3854043D-02  0.0000000D+00
 -0.6713088D-02  0.3292125D-02  0.5662687D-02  0.0000000D+00
  0.5618668D-02 -0.6026339D-03 -0.1024735D-02  0.0000000D+00
  0.1225360D-01 -0.1131613D-02 -0.4751689D-02  0.0000000D+00
  0.2391769D-01 -0.7102962D-02 -0.1355388D-02  0.0000000D+00
  0.1313294D-01  0.1436387D-01 -0.7625991D-02  0.0000000D+00
  0.1419841D-01  0.7934984D-02 -0.2353485D-02  0.0000000D+00
  0.1991341D-01  0.4408457D-02  0.2880396D-03  0.0000000D+00
  0.5330750D-02  0.1472940D-01  0.4431032D-02  0.0000000D+00
  0.3529145D-03  0.1799273D-01  0.1673668D-02  0.0000000D+00
 -0.2598843D-02  0.2304316D-01  0.1329911D-02  0.0000000D+00
 -0.4953807D-02  0.2508433D-01  0.1729319D-02  0.0000000D+00
 -0.6365689D-02  0.2633566D-01  0.1959113D-02  0.0000000D+00
 -0.8817596D-02 -0.2234504D-03 -0.2153794D-04  0.0000000D+00
 -0.5659755D-02  0.2869004D-03  0.6290650D-04  0.0000000D+00
 -0.7682328D-02  0.3702872D-04 -0.1769225D-03  0.0000000D+00
  0.5490798D-03  0.3482017D-03  0.3477576D-03  0.0000000D+00
 -0.5399776D-02 -0.8004856D-03 -0.5909892D-03  0.0000000D+00
 -0.1311243D-01  0.1857834D-02  0.9933554D-03  0.0000000D+00
 -0.6595917D-02  0.7587606D-02 -0.2089146D-02  0.0000000D+00
 -0.1071232D-01  0.1238139D-01  0.2046609D-02  0.0000000D+00
 -0.8704527D-02  0.1071168D-01  0.6609660D-03  0.0000000D+00
 -0.6816486D-02  0.8738078D-02 -0.6181685D-03  0.0000000D+00
 -0.5689072D-02  0.7563993D-02 -0.1382170D-02  0.0000000D+00
  0.8221537D-02 -0.1299911D-03 -0.8540344D-04  0.0000000D+00
  0.6915451D-02  0.1228715D-03  0.5621777D-04  0.0000000D+00
  0.1148347D-01 -0.9981063D-04  0.1673005D-03  0.0000000D+00
 -0.2137869D-02  0.6035196D-03 -0.2633255D-03  0.0000000D+00
 -0.6433378D-02 -0.7649187D-03  0.4519556D-03  0.0000000D+00
 -0.3952443D-02  0.2846976D-02 -0.7739170D-03  0.0000000D+00
 -0.1246039D-01 -0.4495792D-02  0.4058874D-02  0.0000000D+00
 -0.5752269D-02 -0.2725060D-02  0.3552044D-02  0.0000000D+00
 -0.4933721D-02 -0.6075335D-02  0.1406030D-02  0.0000000D+00
 -0.7016564D-02 -0.5877243D-02  0.7747447D-03  0.0000000D+00
 -0.8227232D-02 -0.5798129D-02  0.3810069D-03  0.0000000D+00
  0.1664251D-02  0.1732080D-03  0.6323742D-04  0.0000000D+00
  0.8766475D-02  0.7207586D-03 -0.7143347D-04  0.0000000D+00
 -0.9730937D-03  0.1601298D-03  0.8592820D-05  0.0000000D+00
  0.1520727D-02 -0.1117892D-03  0.8690666D-05  0.0000000D+00
 -0.4590112D-02  0.9386022D-03  0.2920611D-03  0.0000000D+00
 -0.2563970D-02 -0.2931558D-02 -0.6023766D-03  0.0000000D+00
 -0.1318145D-02 -0.1292667D-02 -0.6984972D-03  0.0000000D+00
  0.5372503D-03  0.6592087D-02 -0.4356541D-04  0.0000000D+00
  0.1548661D-03  0.6237459D-02 -0.1859473D-03  0.0000000D+00
  0.2429232D-02  0.5799127D-02  0.6440705D-03  0.0000000D+00
  0.3756016D-02  0.5538756D-02  0.1128627D-02  0.0000000D+00
 -0.3935781D-02 -0.1506460D-03 -0.2984354D-04  0.0000000D+00
 -0.9278684D-02  0.1236318D-03  0.4552053D-04  0.0000000D+00
  0.8285667D-02  0.2936938D-03 -0.8123611D-04  0.0000000D+00
  0.3758136D-02  0.8608724D-04  0.1612544D-03  0.0000000D+00
 -0.2998029D-02  0.8000255D-03 -0.8283345D-04  0.0000000D+00
 -0.5537977D-02 -0.3715856D-02 -0.2696620D-03  0.0000000D+00
 -0.5245338D-02  0.1427982D-03 -0.1285000D-02  0.0000000D+00
  0.1258779D-02 -0.3604838D-02  0.2699223D-02  0.0000000D+00
  0.2616157D-02 -0.5619176D-02  0.2674011D-02  0.0000000D+00
  0.2277259D-02 -0.5825237D-02  0.1180193D-02  0.0000000D+00
  0.2094242D-02 -0.5968185D-02  0.3055182D-03  0.0000000D+00
 -0.3997768D-02  0.2559685D-03  0.1261971D-04  0.0000000D+00
 -0.2073673D-02  0.1914557D-03  0.4903568D-04  0.0000000D+00
  0.1943926D-02  0.9338056D-03  0.1109905D-03  0.0000000D+00
  0.7760086D-03  0.1056421D-03 -0.9584044D-04  0.0000000D+00
 -0.4585445D-02  0.3944412D-03 -0.2032631D-04  0.0000000D+00
 -0.3853116D-02 -0.1091530D-02  0.6461796D-04  0.0000000D+00
  0.3169815D-02  0.2604995D-02  0.6643750D-03  0.0000000D+00
  0.1862024D-02 -0.7178826D-03 -0.1028564D-02  0.0000000D+00
  0.1386651D-03  0.8912261D-03 -0.1810768D-02  0.0000000D+00
 -0.1738535D-02  0.1858995D-02  0.1665750D-03  0.0000000D+00
 -0.2856532D-02  0.2443643D-02  0.1315399D-02  0.0000000D+00
 -0.2479728D-02  0.7488935D-04 -0.8460961D-04  0.0000000D+00
 -0.5137568D-02 -0.3302594D-03 -0.9446638D-04  0.0000000D+00
 -0.2476450D-02 -0.1291572D-03  0.9703023D-04  0.0000000D+00
  0.3978322D-02  0.8373054D-03 -0.1032931D-03  0.0000000D+00
 -0.4923029D-02 -0.1771624D-02  0.1830853D-03  0.0000000D+00
  0.3761114D-03  0.4402535D-02  0.6414609D-04  0.0000000D+00
 -0.1533084D-02 -0.3016351D-02  0.2109403D-02  0.0000000D+00
 -0.7802418D-03 -0.6011172D-02  0.2630788D-03  0.0000000D+00
  0.3026312D-04 -0.3619939D-02  0.6288360D-03  0.0000000D+00
  0.1896127D-02 -0.4171081D-02  0.1484205D-02  0.0000000D+00
  0.2997444D-02 -0.4466524D-02  0.1988854D-02  0.0000000D+00
 -0.3708894D-02 -0.1899768D-01  0.1007909D-02  0.0000000D+00
 -0.7149874D-02  0.1691578D-02  0.2245610D-02  0.0000000D+00
 -0.1427876D-01 -0.2145680D-01  0.1448663D-02  0.0000000D+00
 -0.1108010D-03  0.9246069D-03  0.2556550D-02  0.0000000D+00
 -0.4591676D-03 -0.2293916D-02  0.7507653D-04  0.0000000D+00
  0.1038906D-02  0.4915705D-02  0.6605241D-03  0.0000000D+00
  0.6607586D-02  0.2247727D-02  0.5063560D-03  0.0000000D+00
  0.1184816D-01  0.6256758D-02 -0.1357572D-02  0.0000000D+00
  0.1037681D-01  0.2766749D-02 -0.2076651D-02  0.0000000D+00
  0.4258829D-02 -0.1773879D-02 -0.1378551D-02  0.0000000D+00
  0.6610051D-03 -0.4470769D-02 -0.9778760D-03  0.0000000D+00
 -0.3683013D-01 -0.1742375D-01 -0.2891020D-02  0.0000000D+00
 -0.4468023D-01 -0.1552865D-01  0.1135787D-02  0.0000000D+00
 -0.1967078D-01 -0.2369854D-01  0.1063419D-02  0.0000000D+00
 -0.2349759D-01 -0.1090102D-01  0.3488978D-03  0.0000000D+00
 -0.1683298D-01 -0.2901602D-01  0.1363907D-02  0.0000000D+00
 -0.2446780D-01 -0.3963717D-02  0.1594399D-02  0.0000000D+00
 -0.1848596D-01  0.2828423D-04  0.2374841D-02  0.0000000D+00
 -0.1874336D-01 -0.2820750D-02  0.3894249D-03  0.0000000D+00
 -0.1595669D-01 -0.2187352D-02  0.2364983D-02  0.0000000D+00
 -0.3908867D-02  0.1850535D-02  0.2877005D-02  0.0000000D+00
  0.3174741D-02  0.4221647D-02  0.3198768D-02  0.0000000D+00
 -0.1174924D-01 -0.9326747D-02 -0.3417548D-02  0.0000000D+00
 -0.7737119D-02 -0.5073276D-02 -0.6136101D-02  0.0000000D+00
 -0.1970361D-02  0.2122082D-02  0.3221804D-02  0.0000000D+00
 -0.9496781D-02 -0.1235102D-01 -0.2933933D-02  0.0000000D+00
 -0.8778526D-02  0.6276632D-02  0.4561997D-03  0.0000000D+00
 -0.1285157D-01 -0.3000805D-02 -0.8046631D-03  0.0000000D+00
 -0.5927053D-02  0.1719067D-02 -0.2918346D-03  0.0000000D+00
  0.6157261D-03  0.8832357D-03 -0.1197645D-02  0.0000000D+00
  0.4471626D-02 -0.3884604D-02  0.6450623D-04  0.0000000D+00
  0.1511596D-02 -0.5835834D-02  0.1359656D-02  0.0000000D+00
 -0.1782286D-03 -0.7030946D-02  0.2131740D-02  0.0000000D+00
  0.8022000D-02 -0.1299067D-04  0.3822350D-04  0.0000000D+00
 -0.1168023D-02 -0.2418293D-03 -0.2376501D-03  0.0000000D+00
 -0.5557583D-02  0.6177810D-03  0.1819928D-03  0.0000000D+00
  0.6196934D-02 -0.3363646D-04 -0.3025322D-03  0.0000000D+00
 -0.1131998D-02  0.3960525D-03  0.5135899D-03  0.0000000D+00
  0.1460450D-01 -0.1573506D-02 -0.1044480D-02  0.0000000D+00
  0.1956240D-01  0.3971531D-02  0.1330125D-02  0.0000000D+00
  0.2263596D-01  0.1787920D-02 -0.8354617D-05  0.0000000D+00
  0.1624346D-01  0.4449630D-02  0.1782336D-04  0.0000000D+00
  0.8552604D-02  0.4689908D-02  0.6713156D-03  0.0000000D+00
  0.3978911D-02  0.4860606D-02  0.1054089D-02  0.0000000D+00
 -0.1896858D-01  0.8094234D-04 -0.1427762D-03  0.0000000D+00
 -0.1232481D-01  0.2127565D-03  0.1688869D-03  0.0000000D+00
 -0.8570687D-02 -0.1585694D-03 -0.3198217D-03  0.0000000D+00
 -0.1365809D-01  0.4017228D-03  0.2599946D-03  0.0000000D+00
 -0.1667012D-01 -0.1908928D-03 -0.3066755D-03  0.0000000D+00
 -0.6255634D-02  0.1362393D-02  0.4159566D-03  0.0000000D+00
 -0.6573933D-02 -0.5086310D-02  0.5645771D-03  0.0000000D+00
 -0.9283857D-02 -0.5017507D-02  0.2553298D-03  0.0000000D+00
 -0.8220778D-02 -0.2360259D-02  0.1145385D-03  0.0000000D+00
 -0.3289042D-02 -0.1341393D-02  0.3518830D-03  0.0000000D+00
 -0.3906326D-03 -0.7155276D-03  0.4890959D-03  0.0000000D+00
 -0.1149989D-01  0.1956472D-03 -0.2458660D-04  0.0000000D+00
 -0.1503341D-01 -0.7309813D-03  0.1375288D-03  0.0000000D+00
 -0.6830462D-02 -0.2211564D-03 -0.1032170D-03  0.0000000D+00
 -0.8513613D-02  0.2341601D-03 -0.4113109D-04  0.0000000D+00
 -0.3532199D-02 -0.6676742D-03  0.1254417D-03  0.0000000D+00
 -0.9253086D-02  0.1146081D-02  0.1334899D-03  0.0000000D+00
 -0.5617418D-02 -0.2259656D-02  0.1630605D-02  0.0000000D+00
 -0.6028867D-02 -0.1194093D-02  0.3982959D-03  0.0000000D+00
 -0.4523251D-02  0.4489462D-02  0.1013976D-02  0.0000000D+00
  0.1270558D-02  0.7158243D-02  0.1199639D-02  0.0000000D+00
  0.4678869D-02  0.8784525D-02  0.1314950D-02  0.0000000D+00
  0.1417894D-01  0.2189266D-03  0.7654613D-04  0.0000000D+00
  0.7792372D-02 -0.7719342D-04  0.9223137D-04  0.0000000D+00
  0.2469801D-02 -0.6205209D-03 -0.2156408D-03  0.0000000D+00
  0.2232381D-02 -0.4454145D-03  0.1154503D-03  0.0000000D+00
  0.3309197D-02 -0.6668885D-03 -0.7960736D-04  0.0000000D+00
  0.1045126D-02  0.7317184D-03  0.2023766D-03  0.0000000D+00
  0.5728824D-02  0.3076635D-02 -0.8635302D-03  0.0000000D+00
  0.1167298D-01  0.4107758D-03  0.9006269D-03  0.0000000D+00
  0.9725018D-02  0.1495179D-02  0.1657905D-02  0.0000000D+00
  0.5894104D-02  0.3464272D-02  0.1676233D-02  0.0000000D+00
  0.3629904D-02  0.4630149D-02  0.1695158D-02  0.0000000D+00
  0.5897654D-02 -0.4696865D-04 -0.1958749D-04  0.0000000D+00
  0.5109482D-02 -0.3610664D-03  0.1459606D-03  0.0000000D+00
  0.3920086D-02 -0.5022317D-03 -0.9943219D-04  0.0000000D+00
  0.3143558D-02  0.6008798D-03 -0.4113653D-04  0.0000000D+00
 -0.1078958D-02 -0.2425448D-03  0.3343957D-04  0.0000000D+00
  0.9290928D-02  0.1504850D-03 -0.3491821D-03  0.0000000D+00
  0.8892639D-02  0.1632612D-02  0.2231887D-03  0.0000000D+00
  0.3126834D-02 -0.6405212D-03 -0.1277480D-03  0.0000000D+00
  0.1105338D-02 -0.1224209D-02  0.2070113D-03  0.0000000D+00
 -0.8401357D-03 -0.1435157D-02 -0.1058287D-04  0.0000000D+00
 -0.2001979D-02 -0.1565573D-02 -0.1342042D-03  0.0000000D+00
 -0.4312546D-02 -0.1931034D-03 -0.6156725D-04  0.0000000D+00
 -0.1163024D-01  0.7707714D-03 -0.9938661D-04  0.0000000D+00
  0.7584265D-03  0.1736424D-03  0.1151698D-04  0.0000000D+00
 -0.8176037D-02 -0.2045371D-03 -0.1106229D-03  0.0000000D+00
 -0.3931559D-02  0.2065974D-03  0.2382289D-03  0.0000000D+00
 -0.7223812D-02 -0.8652991D-03 -0.1722972D-03  0.0000000D+00
  0.7827881D-03  0.3699634D-03  0.1136526D-02  0.0000000D+00
 -0.3081609D-02  0.7575201D-03 -0.4329591D-03  0.0000000D+00
 -0.1975020D-02 -0.7977992D-03 -0.7814525D-03  0.0000000D+00
  0.9898760D-03 -0.1593186D-02 -0.6298535D-05  0.0000000D+00
  0.2737453D-02 -0.2075618D-02  0.4436525D-03  0.0000000D+00
