  4  2   693 10944  4  4  9 11  7  1    0.00   24.00  100.00  600.00    0.00    6.28   45.00   45.00
  100.0  100.0  100.0  100.0  125.0  150.0  190.0  230.0  275.0  350.0  450.0  600.0  600.0  600.0  600.0
  0.7657011D+00  0.1072117D+01 -0.1652476D+01  0.0000000D+00
  0.1013909D+02 -0.5024544D+01 -0.1087030D+01  0.0000000D+00
  0.3917606D+01  0.1105967D+01 -0.1050582D+01  0.0000000D+00
  0.6917748D+01 -0.6332199D+01 -0.1221023D+01  0.0000000D+00
  0.1444072D+01 -0.3115607D+01  0.1203769D+01  0.0000000D+00
 -0.2481456D+01 -0.5454536D+01 -0.1225866D+00  0.0000000D+00
 -0.5116426D+01 -0.4817062D+00 -0.1433423D+01  0.0000000D+00
 -0.3273029D+01 -0.4249575D+01 -0.3173618D+01  0.0000000D+00
  0.3185104D+01 -0.3601050D+01 -0.2919701D+01  0.0000000D+00
  0.9586235D+01 -0.5491947D+01 -0.2009117D+01  0.0000000D+00
  0.1340616D+02 -0.6592236D+01 -0.1473181D+01  0.0000000D+00
  0.1385901D+01 -0.3093289D+00 -0.1780800D+01  0.0000000D+00
  0.2191098D+02 -0.1066400D+02 -0.1166790D+01  0.0000000D+00
  0.4394005D+01  0.3666169D+01  0.3203924D+01  0.0000000D+00
  0.1023641D+02 -0.2710683D+01 -0.6683849D-01  0.0000000D+00
  0.1589876D+02  0.2018100D+01  0.2765077D+01  0.0000000D+00
  0.2023242D+02 -0.5911896D+00  0.2760718D+01  0.0000000D+00
  0.2369231D+02 -0.8921669D+00  0.4017801D+01  0.0000000D+00
  0.2232434D+02  0.6423489D+00  0.5270305D+01  0.0000000D+00
  0.8094355D+01  0.1903101D+01  0.4123610D+01  0.0000000D+00
 -0.2184379D+01  0.3029966D+01  0.4191458D+01  0.0000000D+00
 -0.8360795D+01  0.3703662D+01  0.4218646D+01  0.0000000D+00
  0.1484408D+01  0.1633567D+01  0.2607954D+00  0.0000000D+00
  0.3581618D+01 -0.4775625D+01 -0.8516383D+00  0.0000000D+00
  0.6545279D+00  0.4722621D+01  0.2235202D+01  0.0000000D+00
 -0.1923863D+01 -0.2685482D+01  0.2324645D+01  0.0000000D+00
  0.2322951D+01 -0.3631446D+01 -0.9822326D+00  0.0000000D+00
  0.4406541D+01 -0.2811262D+01  0.1056244D+01  0.0000000D+00
 -0.7797200D+00  0.3772295D+01  0.1356679D+01  0.0000000D+00
 -0.6654038D+01  0.2849518D+01  0.1277677D+01  0.0000000D+00
 -0.3359216D+01 -0.8034357D+00  0.1422182D+01  0.0000000D+00
 -0.9136349D+00 -0.2761047D+01  0.1995631D+01  0.0000000D+00
  0.5542195D+00 -0.3947848D+01  0.2333087D+01  0.0000000D+00
  0.3518591D-01 -0.1297038D-02  0.5199799D-02  0.0000000D+00
 -0.1667549D+00  0.3170871D-01 -0.2430214D-01  0.0000000D+00
  0.2414522D+00 -0.5310088D-01  0.4421062D-01  0.0000000D+00
 -0.4128036D+00  0.1101870D+00 -0.7149136D-01  0.0000000D+00
  0.6758229D+00 -0.2306800D+00  0.1229945D+00  0.0000000D+00
 -0.9055839D+00  0.5666656D+00 -0.2572382D+00  0.0000000D+00
  0.6192655D+01 -0.9239389D+00  0.4015030D+00  0.0000000D+00
  0.8150128D+01 -0.2918818D+01 -0.1230336D+01  0.0000000D+00
  0.8302337D+01 -0.1548200D+01 -0.7906178D+00  0.0000000D+00
  0.1268567D+02 -0.2192667D+01  0.7546831D+00  0.0000000D+00
  0.1525465D+02 -0.2554753D+01  0.1664326D+01  0.0000000D+00
 -0.9253017D-02  0.9453619D-03 -0.7454958D-02  0.0000000D+00
  0.2531801D-01  0.2399386D-01  0.2161430D-01  0.0000000D+00
  0.1281243D-02 -0.2153778D-01 -0.4297607D-01  0.0000000D+00
  0.8704266D-02  0.7582282D-01  0.6612082D-01  0.0000000D+00
  0.6523071D-01 -0.1393051D+00 -0.9934120D-01  0.0000000D+00
 -0.6423188D+00  0.2892042D+00  0.1062712D-02  0.0000000D+00
 -0.2411437D+01 -0.6750617D+00 -0.6164162D+00  0.0000000D+00
 -0.4009855D+01  0.3314969D+01 -0.1246739D+01  0.0000000D+00
 -0.9203932D+01  0.2528908D+01 -0.2348116D+01  0.0000000D+00
 -0.1391693D+02 -0.1128819D+00 -0.2454821D+01  0.0000000D+00
 -0.1673383D+02 -0.1668328D+01 -0.2529626D+01  0.0000000D+00
  0.1201420D-01  0.3742333D-02 -0.3397289D-02  0.0000000D+00
 -0.5668335D-01 -0.2649489D-01 -0.5579151D-02  0.0000000D+00
  0.1575150D+00 -0.4557964D-02  0.1035692D-01  0.0000000D+00
 -0.2624582D+00  0.5492015D-01 -0.1546673D-01  0.0000000D+00
  0.6021688D+00 -0.1100145D+00  0.2989419D-01  0.0000000D+00
 -0.1478452D+01  0.2880420D-01 -0.4137054D-01  0.0000000D+00
  0.1414501D+01 -0.8168928D+00 -0.2471853D-01  0.0000000D+00
  0.3080633D+01 -0.1059975D+01 -0.2873906D+00  0.0000000D+00
  0.2632939D+01 -0.1048653D+00 -0.6691825D+00  0.0000000D+00
  0.4209484D+01 -0.5114783D+00 -0.7992182D+00  0.0000000D+00
  0.5127996D+01 -0.7387557D+00 -0.8796243D+00  0.0000000D+00
  0.1932077D-01 -0.8457034D-02  0.7090926D-02  0.0000000D+00
 -0.8051476D-01  0.8653595D-01 -0.2196396D-01  0.0000000D+00
  0.8448539D-01 -0.1061477D+00  0.3888890D-01  0.0000000D+00
 -0.1611589D+00  0.1268541D+00 -0.6490879D-01  0.0000000D+00
  0.2256369D+00 -0.2537255D+00  0.8706132D-01  0.0000000D+00
  0.1771073D+00  0.2729918D+00  0.3561319D-01  0.0000000D+00
  0.4270883D+01 -0.1028751D+01  0.5447473D+00  0.0000000D+00
  0.5066348D+01  0.2378391D+00  0.5316453D+00  0.0000000D+00
  0.4763043D+01  0.1374649D+00  0.4936085D+00  0.0000000D+00
  0.4871764D+01  0.2112894D+00  0.8189665D+00  0.0000000D+00
  0.4932477D+01  0.2534275D+00  0.1009176D+01  0.0000000D+00
 -0.7988635D-04 -0.1381211D-02 -0.9327668D-03  0.0000000D+00
  0.2829034D-01 -0.3506002D-01  0.1871769D-02  0.0000000D+00
 -0.3225562D-01  0.1823945D-01 -0.6259599D-03  0.0000000D+00
  0.7100519D-01 -0.2201353D-01  0.1982489D-01  0.0000000D+00
 -0.1703755D+00  0.1662342D-01 -0.2960827D-01  0.0000000D+00
  0.9420184D+00  0.3436482D-01  0.6298456D-01  0.0000000D+00
 -0.2502139D+00  0.2087097D+00  0.2630412D+00  0.0000000D+00
 -0.8167371D+00 -0.4806553D+00  0.2623289D+00  0.0000000D+00
 -0.1591126D+01 -0.2887142D+00  0.5630037D+00  0.0000000D+00
 -0.2836929D+01  0.5804958D+00  0.1925003D+00  0.0000000D+00
 -0.3575236D+01  0.1091451D+01 -0.2104923D-01  0.0000000D+00
 -0.5431742D-02 -0.3632432D-02  0.3855321D-02  0.0000000D+00
 -0.3243594D-01 -0.7110041D-02 -0.7116135D-02  0.0000000D+00
  0.3359078D-01 -0.2854166D-02  0.1466080D-01  0.0000000D+00
 -0.8578120D-01 -0.2703066D-02 -0.2864867D-01  0.0000000D+00
  0.1270918D+00 -0.4098636D-01  0.4978455D-01  0.0000000D+00
 -0.7041414D+00  0.1364639D+00 -0.2088995D+00  0.0000000D+00
 -0.5771739D+00 -0.1535748D+00  0.3387817D-01  0.0000000D+00
  0.2901943D+01  0.2350356D+00  0.2030874D+00  0.0000000D+00
  0.1934600D+01  0.5810005D+00  0.1773088D+00  0.0000000D+00
 -0.3967718D+00  0.7710152D+00 -0.1264862D+00  0.0000000D+00
 -0.1772404D+01  0.8861661D+00 -0.3047080D+00  0.0000000D+00
  0.6111042D+01 -0.2364057D+01  0.6787299D+00  0.0000000D+00
 -0.2830038D+01 -0.3819361D+01 -0.1877023D+01  0.0000000D+00
  0.1694626D+01 -0.8808299D+00  0.6307995D+00  0.0000000D+00
  0.7488896D+00  0.1171727D+00  0.1816439D+01  0.0000000D+00
 -0.2699671D+01 -0.6326482D+01 -0.6397479D+00  0.0000000D+00
 -0.8506419D+00 -0.1409857D+01 -0.1771038D+00  0.0000000D+00
 -0.2097055D+00 -0.6969161D+00 -0.7484289D+00  0.0000000D+00
  0.9056181D+00 -0.3682208D+01 -0.7403884D+00  0.0000000D+00
 -0.2242675D+01 -0.1530014D+01 -0.6865102D+00  0.0000000D+00
 -0.5005794D+01 -0.5961090D+00 -0.2535727D+00  0.0000000D+00
 -0.6658477D+01 -0.2551718D-01  0.5749096D-03  0.0000000D+00
  0.1790323D+02 -0.4942896D+01  0.1276752D+01  0.0000000D+00
 -0.1434206D+02 -0.1257999D+01 -0.1981867D+01  0.0000000D+00
  0.4067113D+01 -0.8017679D+00 -0.2441331D+00  0.0000000D+00
  0.3425470D-01  0.7664981D+01  0.3401841D-01  0.0000000D+00
 -0.2287246D+01 -0.4402282D+01 -0.1260758D+01  0.0000000D+00
 -0.1792316D+01  0.1218451D+01 -0.3268174D+00  0.0000000D+00
 -0.2507172D+01 -0.2896609D+01 -0.6898526D+00  0.0000000D+00
 -0.2649301D+01 -0.3748261D+01 -0.1152158D+01  0.0000000D+00
 -0.6849593D+01 -0.4405184D+01 -0.6687279D+00  0.0000000D+00
 -0.9266478D+01 -0.3773772D+01 -0.7940139D+00  0.0000000D+00
 -0.1072909D+02 -0.3410932D+01 -0.8620159D+00  0.0000000D+00
 -0.4621677D+01  0.1632403D+01  0.2524698D+00  0.0000000D+00
  0.2020905D+01 -0.3511755D+01 -0.8499587D+00  0.0000000D+00
  0.2036557D+01  0.4105327D+01 -0.1367776D+01  0.0000000D+00
 -0.8284159D+01  0.7602832D+01 -0.1552186D+01  0.0000000D+00
 -0.2961589D+01 -0.5122703D+00  0.6140524D+00  0.0000000D+00
 -0.3799297D+01  0.3505150D+00 -0.1124084D+01  0.0000000D+00
 -0.6752019D+01 -0.4664715D+00 -0.4684895D+00  0.0000000D+00
 -0.4217067D+01  0.6347406D+00 -0.4663674D+00  0.0000000D+00
 -0.8247091D-01  0.1694932D+01 -0.7568920D-01  0.0000000D+00
  0.1476280D+00  0.3681701D+01 -0.6099764D+00  0.0000000D+00
  0.3279074D+00  0.4856304D+01 -0.9185842D+00  0.0000000D+00
  0.6351181D-02  0.1150609D-01  0.5040031D-02  0.0000000D+00
 -0.2919536D-01 -0.2448044D-02 -0.1831255D-01  0.0000000D+00
  0.1182641D+00  0.4773731D-02  0.1908761D-01  0.0000000D+00
 -0.2327940D+00  0.2007249D-01 -0.5905229D-01  0.0000000D+00
  0.4053731D+00 -0.6292745D-02  0.1169087D+00  0.0000000D+00
 -0.1134769D+01 -0.3586912D+00 -0.2994440D+00  0.0000000D+00
  0.3068041D+01 -0.1220342D+01  0.1466219D+00  0.0000000D+00
  0.1892580D+01 -0.3589723D+01  0.1552754D+00  0.0000000D+00
  0.1459421D+01 -0.4739575D+01  0.2368148D+00  0.0000000D+00
 -0.1141582D+01 -0.8467922D+00  0.2796663D+00  0.0000000D+00
 -0.2669093D+01  0.1419509D+01  0.3056134D+00  0.0000000D+00
  0.1613529D-01 -0.1562368D-01  0.4435692D-02  0.0000000D+00
 -0.5143516D-01  0.9750973D-01 -0.1680203D-01  0.0000000D+00
  0.6568656D-01 -0.1179827D+00  0.2964243D-01  0.0000000D+00
 -0.9542362D-01  0.1931487D+00 -0.4013580D-01  0.0000000D+00
  0.1834788D+00 -0.3492642D+00  0.9343525D-01  0.0000000D+00
 -0.1859427D+00  0.9854052D+00 -0.2057198D+00  0.0000000D+00
 -0.8895385D+00  0.5221325D+00  0.7161506D+00  0.0000000D+00
 -0.3034033D+01  0.5756876D+00 -0.2186530D+00  0.0000000D+00
 -0.3499971D+01 -0.1084670D+01 -0.3282008D+00  0.0000000D+00
 -0.6278952D+01  0.9633542D+00 -0.4304139D-01  0.0000000D+00
 -0.7911512D+01  0.2144768D+01  0.1226953D+00  0.0000000D+00
  0.2375435D-02 -0.8928366D-02 -0.3077977D-02  0.0000000D+00
 -0.1318305D-01 -0.1835486D-01  0.2249439D-01  0.0000000D+00
 -0.6731546D-02 -0.3145698D-01 -0.3682505D-01  0.0000000D+00
  0.2747547D-01  0.8184711D-01  0.8391753D-01  0.0000000D+00
 -0.8617837D-01 -0.1705531D+00 -0.1652342D+00  0.0000000D+00
  0.9755804D-01  0.5581537D+00  0.3805848D+00  0.0000000D+00
  0.3784616D-01  0.1635425D+00 -0.2954079D+00  0.0000000D+00
  0.8801250D+00 -0.6174529D+00  0.6754350D+00  0.0000000D+00
  0.5083116D+01 -0.1060368D+01  0.6566252D+00  0.0000000D+00
  0.6660919D+01 -0.7045750D+00  0.4883859D+00  0.0000000D+00
  0.7631553D+01 -0.5016806D+00  0.3897299D+00  0.0000000D+00
 -0.4140257D-02  0.7361882D-02 -0.1232917D-02  0.0000000D+00
 -0.2366346D-01 -0.1349745D-01 -0.7330329D-02  0.0000000D+00
  0.8201714D-01  0.4154069D-01  0.1978863D-01  0.0000000D+00
 -0.1512218D+00 -0.8527742D-01 -0.2273913D-01  0.0000000D+00
  0.3092743D+00  0.9039151D-01  0.2108981D-01  0.0000000D+00
 -0.8690631D+00 -0.1910616D+00  0.2077698D-01  0.0000000D+00
  0.3959548D+01 -0.1300756D+01  0.2993663D+00  0.0000000D+00
  0.2950755D+01 -0.4318412D+00  0.6951681D+00  0.0000000D+00
  0.3601607D+01  0.3087236D-01  0.4374855D+00  0.0000000D+00
  0.4096273D+01  0.1931681D+01  0.2323149D+00  0.0000000D+00
  0.4392739D+01  0.3049659D+01  0.1094738D+00  0.0000000D+00
  0.1049869D-01  0.7473396D-02 -0.3859444D-02  0.0000000D+00
  0.3725202D-01 -0.5150565D-01  0.1677866D-01  0.0000000D+00
 -0.7057273D-01  0.5523847D-01 -0.2447394D-01  0.0000000D+00
  0.1196518D+00 -0.7987506D-01  0.2059590D-01  0.0000000D+00
 -0.2141077D+00  0.1187125D+00 -0.4519691D-01  0.0000000D+00
  0.2338277D+00 -0.1911277D+00  0.7278239D-01  0.0000000D+00
 -0.5403943D+00  0.6599528D-01 -0.5489643D+00  0.0000000D+00
 -0.2216291D+01  0.7852058D+00 -0.2514728D+00  0.0000000D+00
 -0.5366115D+01 -0.2263692D+00 -0.2421168D+00  0.0000000D+00
 -0.7192137D+01 -0.4956933D+00  0.2742023D-02  0.0000000D+00
 -0.8296725D+01 -0.6646055D+00  0.1462098D+00  0.0000000D+00
 -0.2183035D-01 -0.1187921D-02 -0.9753454D-03  0.0000000D+00
 -0.3705610D-01  0.1745806D-01 -0.5619390D-02  0.0000000D+00
  0.9369142D-01 -0.5740713D-01  0.3623669D-02  0.0000000D+00
 -0.1575903D+00  0.7106293D-01 -0.2442936D-01  0.0000000D+00
  0.2380188D+00 -0.1910458D+00  0.6044002D-01  0.0000000D+00
 -0.1043605D+00  0.1560106D+00 -0.1484774D+00  0.0000000D+00
 -0.4987395D+00 -0.5474075D+00 -0.1239260D+00  0.0000000D+00
 -0.2726144D+01  0.2403596D+00 -0.1663834D+00  0.0000000D+00
 -0.5006316D+00  0.7187113D-01  0.8517368D-01  0.0000000D+00
 -0.3609745D+00  0.1407024D+00  0.1723262D+00  0.0000000D+00
 -0.2541607D+00  0.1787820D+00  0.2261125D+00  0.0000000D+00
 -0.3376963D+00  0.1349569D+01 -0.1711926D+00  0.0000000D+00
 -0.2591190D+01  0.1038423D+02 -0.6162650D-01  0.0000000D+00
 -0.1533766D+01  0.1589142D+01 -0.6515172D+00  0.0000000D+00
 -0.5164535D+01  0.1239973D+02 -0.4738284D+00  0.0000000D+00
 -0.4129958D+01  0.7683734D+01 -0.3197699D+00  0.0000000D+00
 -0.9113980D+00  0.3631350D+01 -0.4206417D-01  0.0000000D+00
 -0.6835134D+00  0.6252457D+01 -0.1100033D+00  0.0000000D+00
 -0.4854388D+01  0.6465017D+01 -0.9711683D+00  0.0000000D+00
 -0.1926099D+01  0.4127409D+01 -0.8350356D+00  0.0000000D+00
  0.1652985D+01  0.5258060D+01 -0.2882674D+00  0.0000000D+00
  0.3781161D+01  0.5894296D+01  0.3336314D-01  0.0000000D+00
 -0.1560056D+01  0.1085411D+01 -0.5791739D+00  0.0000000D+00
 -0.6733364D+01  0.1574057D+02 -0.2873323D-01  0.0000000D+00
  0.4260244D-01 -0.2633591D+01 -0.4111627D+00  0.0000000D+00
 -0.2536931D+01  0.2547264D+01 -0.1122621D+01  0.0000000D+00
 -0.7351769D+01  0.1329515D+02  0.5901261D+00  0.0000000D+00
 -0.1743579D+01  0.7380062D+01  0.1036041D+01  0.0000000D+00
 -0.8898064D+01  0.1209222D+02  0.9993799D+00  0.0000000D+00
 -0.6292536D+01  0.7750633D+01 -0.8358272D+00  0.0000000D+00
 -0.6178587D+01  0.8837539D+01 -0.1015472D+01  0.0000000D+00
 -0.7408311D+01  0.4495199D+01 -0.4750851D+00  0.0000000D+00
 -0.8127931D+01  0.1965658D+01 -0.1608323D+00  0.0000000D+00
  0.6435797D+00 -0.2836976D+01 -0.7840381D+00  0.0000000D+00
 -0.4010941D+01  0.7554898D+01  0.3121303D-01  0.0000000D+00
  0.1929746D+01 -0.2936732D+01 -0.1448342D+01  0.0000000D+00
  0.1521227D+01 -0.5407233D+01 -0.2275039D+01  0.0000000D+00
  0.1196004D+00  0.4420867D+00 -0.5467344D+00  0.0000000D+00
 -0.1138494D+01  0.8049852D-01  0.3313055D+00  0.0000000D+00
  0.3936554D+01 -0.2713703D+01 -0.9081510D-01  0.0000000D+00
  0.1016315D+01 -0.1585303D+01 -0.1204029D+01  0.0000000D+00
  0.3357490D+01 -0.3959027D+01 -0.1872823D+00  0.0000000D+00
  0.9194190D+01 -0.4142262D+01  0.2300887D+00  0.0000000D+00
  0.1263717D+02 -0.4275601D+01  0.4855801D+00  0.0000000D+00
 -0.6059051D-02  0.5796238D-02  0.2467568D-02  0.0000000D+00
  0.7604245D-01 -0.8226670D-01 -0.1883689D-01  0.0000000D+00
 -0.8876306D-01  0.1130538D+00  0.2735942D-01  0.0000000D+00
  0.1485995D+00 -0.1982537D+00 -0.4558080D-01  0.0000000D+00
 -0.2127501D+00  0.3317193D+00  0.9322444D-01  0.0000000D+00
  0.3088148D-01 -0.1168675D+00 -0.9945753D-01  0.0000000D+00
 -0.2350791D+01  0.4799841D+01  0.8365730D+00  0.0000000D+00
 -0.3644038D+01  0.3887356D+01  0.3071400D+00  0.0000000D+00
 -0.3716680D+01  0.3915813D+01 -0.3841440D+00  0.0000000D+00
 -0.5586872D+01  0.4733166D+01 -0.3791367D+00  0.0000000D+00
 -0.6682768D+01  0.5211997D+01 -0.3839732D+00  0.0000000D+00
  0.7569220D-03 -0.3191346D-03 -0.3101638D-02  0.0000000D+00
 -0.6363686D-01 -0.3230108D-01  0.4425607D-02  0.0000000D+00
  0.1116294D+00  0.2658153D-01 -0.1463449D-01  0.0000000D+00
 -0.1908577D+00 -0.9531512D-01  0.1347613D-01  0.0000000D+00
  0.2808674D+00  0.2033232D+00 -0.1607320D-01  0.0000000D+00
 -0.4839843D+00 -0.6449550D+00 -0.5698577D-01  0.0000000D+00
  0.2548362D+01  0.1048903D+01  0.7741338D+00  0.0000000D+00
  0.1690431D+01 -0.6279980D+00  0.6536395D+00  0.0000000D+00
  0.3221007D+01  0.3569796D+00 -0.2017771D+00  0.0000000D+00
  0.5509035D+01  0.1202876D+01 -0.5195076D+00  0.0000000D+00
  0.6865336D+01  0.1709493D+01 -0.7150931D+00  0.0000000D+00
 -0.7624524D-02  0.1005910D-01  0.3708314D-02  0.0000000D+00
  0.2069852D-01 -0.1033097D-02 -0.4012908D-01  0.0000000D+00
 -0.5343107D-01  0.1046695D+00  0.7500486D-01  0.0000000D+00
  0.1004532D+00 -0.2425196D+00 -0.1247866D+00  0.0000000D+00
 -0.2504112D+00  0.5377544D+00  0.2272069D+00  0.0000000D+00
  0.6160856D+00 -0.1560480D+01 -0.4837454D+00  0.0000000D+00
 -0.5788391D+00  0.7663286D+00  0.5032849D+00  0.0000000D+00
 -0.3350707D+00  0.1905298D+01  0.1619886D+00  0.0000000D+00
 -0.1866403D+01  0.1141921D+01 -0.1099968D+00  0.0000000D+00
 -0.5770099D+01  0.1364907D+01  0.4290308D+00  0.0000000D+00
 -0.8073268D+01  0.1487521D+01  0.7415592D+00  0.0000000D+00
  0.1109051D-01  0.2200922D-01  0.6430528D-02  0.0000000D+00
  0.9124960D-02 -0.1814746D+00 -0.3673746D-01  0.0000000D+00
  0.6597643D-02  0.2283848D+00  0.6996718D-01  0.0000000D+00
  0.8987250D-02 -0.3360750D+00 -0.1136043D+00  0.0000000D+00
 -0.1632488D-01  0.6032360D+00  0.2123859D+00  0.0000000D+00
  0.1821083D+00 -0.1152869D+01 -0.3051379D+00  0.0000000D+00
 -0.1070774D+01  0.2720069D+01  0.3437187D+00  0.0000000D+00
  0.8075488D+00  0.1179753D+01  0.6926237D+00  0.0000000D+00
 -0.7433129D+00  0.3250568D+01  0.8730984D+00  0.0000000D+00
 -0.7950401D+00  0.3239528D+01  0.1580104D+01  0.0000000D+00
 -0.8426617D+00  0.3256529D+01  0.1995988D+01  0.0000000D+00
  0.2678612D-02 -0.7427884D-03 -0.5207542D-02  0.0000000D+00
 -0.4638654D-01  0.8111224D-01  0.1841662D-01  0.0000000D+00
  0.6074677D-01 -0.3463724D-01 -0.2883565D-01  0.0000000D+00
 -0.1039422D+00  0.2734575D-01  0.3123137D-01  0.0000000D+00
  0.1377538D+00 -0.1121910D+00 -0.8579058D-01  0.0000000D+00
 -0.1562088D+00  0.4876954D+00  0.2384511D+00  0.0000000D+00
  0.5666886D+00  0.1942921D+00  0.4868724D-01  0.0000000D+00
 -0.4336319D+00 -0.7630482D+00 -0.6888639D-01  0.0000000D+00
  0.1562129D+00 -0.1787893D+01 -0.2755259D+00  0.0000000D+00
 -0.7328992D+00 -0.1092882D+01 -0.4057342D+00  0.0000000D+00
 -0.1247423D+01 -0.6974754D+00 -0.4842573D+00  0.0000000D+00
 -0.8988181D-02  0.3047911D-02  0.3503305D-02  0.0000000D+00
  0.4887052D-01  0.2877338D-02 -0.3810165D-02  0.0000000D+00
 -0.5671823D-01  0.1546501D-01  0.2922147D-02  0.0000000D+00
  0.9504658D-01 -0.2175192D-01 -0.6807171D-03  0.0000000D+00
 -0.1574490D+00  0.1406146D-01  0.5255101D-02  0.0000000D+00
  0.1262235D+00  0.2497539D-01  0.3637165D-01  0.0000000D+00
  0.1196916D+00  0.1274471D+01  0.1601056D+00  0.0000000D+00
 -0.9229141D+00  0.1905386D+01  0.3396920D+00  0.0000000D+00
  0.6780163D-01  0.7592530D+00 -0.1144278D-01  0.0000000D+00
  0.9346718D+00 -0.9158581D-02 -0.2293877D+00  0.0000000D+00
  0.1454092D+01 -0.4717609D+00 -0.3609447D+00  0.0000000D+00
 -0.4646756D+01  0.3161111D+00 -0.6620684D+00  0.0000000D+00
  0.2716669D+01 -0.1480103D+00  0.3417740D+00  0.0000000D+00
 -0.9293603D-01  0.2715683D+00 -0.4043814D+00  0.0000000D+00
  0.1929301D+01 -0.8012127D+00 -0.1929403D+00  0.0000000D+00
 -0.4702103D+00  0.7582083D+00  0.8472352D-02  0.0000000D+00
  0.5711277D+00 -0.7442566D-01 -0.1887893D+00  0.0000000D+00
  0.2329514D+00 -0.6103724D+00 -0.8259017D-02  0.0000000D+00
 -0.8498476D-01 -0.1435497D+00  0.2782203D+00  0.0000000D+00
  0.4180180D+00  0.1222939D+01  0.2982510D+00  0.0000000D+00
  0.1466948D+01  0.4988744D+00  0.1969879D+00  0.0000000D+00
  0.2086751D+01  0.9015461D-01  0.1379534D+00  0.0000000D+00
  0.3669531D+01 -0.4069428D+00 -0.1032784D+01  0.0000000D+00
  0.6415961D+01 -0.2491418D+00  0.5024182D+00  0.0000000D+00
  0.3068031D+00 -0.2403138D+00  0.1286062D+00  0.0000000D+00
  0.2487100D+01 -0.2489836D+01 -0.6673861D+00  0.0000000D+00
  0.3030961D+01  0.2128100D+01  0.5554756D+00  0.0000000D+00
  0.4752165D+01 -0.1347299D+01  0.1101752D+00  0.0000000D+00
  0.3952864D+01 -0.9923872D+00  0.1977232D+00  0.0000000D+00
  0.4335701D+01  0.5322087D+00  0.7704069D-01  0.0000000D+00
  0.4290342D+01 -0.1350394D+00  0.1321802D-01  0.0000000D+00
  0.3504516D+01 -0.7730506D+00 -0.1590405D+00  0.0000000D+00
  0.3043261D+01 -0.1153259D+01 -0.2606216D+00  0.0000000D+00
 -0.1309136D+01 -0.4149260D+00 -0.9663972D-01  0.0000000D+00
  0.2994391D+01  0.1211369D+01 -0.7015956D+00  0.0000000D+00
 -0.1221552D+01  0.5603558D+00  0.7833264D+00  0.0000000D+00
  0.2206685D+00 -0.1131105D+01  0.7993750D-01  0.0000000D+00
  0.1783121D+01 -0.8325138D+00  0.2767639D+00  0.0000000D+00
 -0.3182180D+00 -0.7368344D+00  0.2178814D-01  0.0000000D+00
  0.1929600D+00  0.9950675D+00 -0.1058304D+00  0.0000000D+00
  0.1720633D+00 -0.3573115D+00  0.5097217D+00  0.0000000D+00
  0.4274759D+00 -0.6448153D+00  0.2247686D+00  0.0000000D+00
  0.1927553D-01 -0.2803895D+00 -0.5632065D-01  0.0000000D+00
 -0.2167802D+00 -0.7029778D-01 -0.2240957D+00  0.0000000D+00
  0.1563535D-01 -0.6619684D-02 -0.6823432D-03  0.0000000D+00
 -0.8510186D-01  0.2709151D-01 -0.3336020D-02  0.0000000D+00
  0.1145422D+00 -0.9080921D-01  0.8191610D-02  0.0000000D+00
 -0.1953184D+00  0.1672569D+00  0.1659534D-01  0.0000000D+00
  0.3670527D+00 -0.2556521D+00 -0.2749754D-01  0.0000000D+00
 -0.6930823D+00  0.2722881D+00  0.2538799D-01  0.0000000D+00
 -0.2196347D+00 -0.4678847D+00 -0.9824574D-01  0.0000000D+00
 -0.9163901D+00 -0.1121762D+00 -0.3349277D+00  0.0000000D+00
 -0.6248217D+00  0.1261148D+01  0.2491675D-02  0.0000000D+00
  0.8906974D+00  0.1095075D+01  0.1466678D+00  0.0000000D+00
  0.1780959D+01  0.1013115D+01  0.2348409D+00  0.0000000D+00
  0.2526894D-01  0.2876822D-02  0.3695975D-02  0.0000000D+00
 -0.8386978D-01 -0.4340408D-01 -0.9433451D-02  0.0000000D+00
  0.1532651D+00  0.4859897D-01  0.1272001D-01  0.0000000D+00
 -0.2506950D+00 -0.7214452D-01 -0.3323243D-01  0.0000000D+00
  0.5563685D+00  0.1153438D+00  0.5362841D-01  0.0000000D+00
 -0.1566805D+01 -0.5276717D-01 -0.7413463D-01  0.0000000D+00
  0.1473357D+01  0.1889666D+00 -0.2442815D-01  0.0000000D+00
 -0.1296347D+00  0.3115914D+00  0.1509436D-01  0.0000000D+00
 -0.1971843D+00 -0.3012204D+00 -0.2130931D+00  0.0000000D+00
  0.8198614D+00 -0.1597105D+00 -0.6023299D-02  0.0000000D+00
  0.1414476D+01 -0.8366583D-01  0.1127341D+00  0.0000000D+00
 -0.2003355D-01 -0.2357259D-02  0.4397737D-03  0.0000000D+00
  0.8413343D-01  0.1746383D-01  0.1214654D-01  0.0000000D+00
 -0.1072119D+00  0.4599717D-03 -0.3258106D-01  0.0000000D+00
  0.1941419D+00 -0.4983550D-02  0.2515317D-01  0.0000000D+00
 -0.3893843D+00  0.2999673D-01 -0.5253882D-01  0.0000000D+00
  0.1147885D+01  0.1042460D+00  0.1102739D+00  0.0000000D+00
  0.2885126D+00 -0.1424451D+00 -0.1262447D+00  0.0000000D+00
  0.2146107D+01 -0.6499339D+00  0.1565127D+00  0.0000000D+00
  0.2260589D+01 -0.3682060D+00  0.9504760D-01  0.0000000D+00
  0.3570103D+00 -0.8358370D+00 -0.4461200D-01  0.0000000D+00
 -0.7564137D+00 -0.1106267D+01 -0.1270534D+00  0.0000000D+00
 -0.2406934D-01  0.5395236D-02  0.1124838D-02  0.0000000D+00
  0.7834776D-01 -0.7068540D-01  0.1050712D-01  0.0000000D+00
 -0.1394569D+00  0.9669277D-01 -0.1764493D-01  0.0000000D+00
  0.2342333D+00 -0.1489901D+00  0.1406081D-01  0.0000000D+00
 -0.6001708D+00  0.2947060D+00 -0.1647691D-01  0.0000000D+00
  0.2073354D+01 -0.6016368D+00  0.1619613D-01  0.0000000D+00
 -0.6716889D+00  0.1266234D+01  0.3756361D-02  0.0000000D+00
  0.2505351D+01 -0.4024685D+00 -0.1601700D+00  0.0000000D+00
  0.3653704D+01 -0.1571066D+00 -0.1406280D+00  0.0000000D+00
  0.2373117D+01 -0.6054861D-01 -0.2528087D+00  0.0000000D+00
  0.1636030D+01 -0.1294201D-02 -0.3182902D+00  0.0000000D+00
  0.3253225D-01 -0.7550049D-02  0.3003329D-02  0.0000000D+00
 -0.1016220D+00  0.8145559D-01 -0.5368595D-02  0.0000000D+00
  0.1573977D+00 -0.5879016D-01  0.2219587D-01  0.0000000D+00
 -0.2695097D+00  0.5649979D-01 -0.1751049D-01  0.0000000D+00
  0.4979456D+00 -0.2239230D-01  0.1527951D-01  0.0000000D+00
 -0.7692697D+00  0.5237729D-02 -0.6048502D-01  0.0000000D+00
 -0.1420378D+00 -0.2945098D+00  0.2249180D-01  0.0000000D+00
 -0.7794892D+00 -0.5481157D-01 -0.3373829D-01  0.0000000D+00
 -0.1297173D+01  0.4189824D-02  0.5453646D-01  0.0000000D+00
 -0.2964989D+00  0.9082616D-01  0.8850101D-01  0.0000000D+00
  0.2833575D+00  0.1422928D+00  0.1093911D+00  0.0000000D+00
 -0.4255419D-02  0.7465477D-02 -0.8318284D-03  0.0000000D+00
 -0.5355134D-02 -0.3465143D-01 -0.6635311D-02  0.0000000D+00
  0.2008178D-01  0.5331014D-01  0.1418786D-01  0.0000000D+00
 -0.5879203D-01 -0.1110038D+00  0.3946883D-03  0.0000000D+00
  0.1972316D+00  0.1323194D+00  0.3720626D-02  0.0000000D+00
 -0.1045565D+01 -0.1973350D+00 -0.4734622D-01  0.0000000D+00
 -0.1602965D+01  0.7836891D+00  0.1502952D+00  0.0000000D+00
 -0.1869565D+01 -0.1006386D+00 -0.1007721D+00  0.0000000D+00
 -0.1572409D+01  0.9707023D-01 -0.3835440D-01  0.0000000D+00
 -0.1364325D+00 -0.1291964D+00 -0.7731552D-01  0.0000000D+00
  0.7081537D+00 -0.2594967D+00 -0.9944331D-01  0.0000000D+00
 -0.3637823D+01  0.1307945D+01 -0.4383830D+00  0.0000000D+00
  0.2945056D+01 -0.8414075D+00  0.9008258D+00  0.0000000D+00
 -0.8820508D+00  0.1850363D+00 -0.8048738D-01  0.0000000D+00
  0.8107689D+00 -0.3095773D+01  0.1648116D+00  0.0000000D+00
  0.3572315D+01 -0.7149616D+00  0.8587889D-01  0.0000000D+00
  0.1267475D+01 -0.3282898D+00 -0.1692549D-01  0.0000000D+00
  0.1293187D+01 -0.1355658D+01  0.1164555D+00  0.0000000D+00
  0.3382574D+01 -0.9512309D+00  0.3339082D+00  0.0000000D+00
  0.5720389D+01 -0.1709847D+01  0.7277636D-01  0.0000000D+00
  0.6248172D+01 -0.1105413D+01  0.1678437D+00  0.0000000D+00
  0.6583338D+01 -0.7599584D+00  0.2205725D+00  0.0000000D+00
 -0.5216555D+01  0.2404106D+01 -0.7162748D+00  0.0000000D+00
  0.7322680D+01 -0.2263460D+01  0.7570447D+00  0.0000000D+00
 -0.2069161D+01 -0.2038379D+00 -0.1750551D-01  0.0000000D+00
 -0.8972023D+00 -0.8875059D-01  0.2030981D+00  0.0000000D+00
  0.4566739D+01 -0.1144626D+01  0.4874912D+00  0.0000000D+00
  0.2087659D+01 -0.6784363D+00 -0.4642952D+00  0.0000000D+00
 -0.1990121D+00 -0.2530676D+01 -0.2094727D-02  0.0000000D+00
 -0.7788152D+00 -0.3783830D+00  0.2549091D+00  0.0000000D+00
 -0.2364685D+01 -0.2472389D+00 -0.2150773D-01  0.0000000D+00
 -0.4671870D+01  0.3920353D+00 -0.4622537D+00  0.0000000D+00
 -0.6039924D+01  0.7676122D+00 -0.7233768D+00  0.0000000D+00
  0.6452761D+00 -0.1801765D+01 -0.2518993D-01  0.0000000D+00
  0.1661965D+01 -0.3952525D+00  0.5005659D+00  0.0000000D+00
 -0.7022702D+00  0.1061945D+01  0.1311341D+00  0.0000000D+00
  0.9618021D+00 -0.1149205D+01  0.6579138D+00  0.0000000D+00
  0.1993931D+01  0.1188938D+01  0.1864570D+00  0.0000000D+00
  0.7122137D+00  0.5814311D+00 -0.2517742D-01  0.0000000D+00
  0.8091424D+00 -0.6242731D+00  0.8725244D-01  0.0000000D+00
  0.1634540D+01 -0.6049169D+00  0.1126035D+00  0.0000000D+00
  0.1424724D+01 -0.5768323D+00 -0.1564969D+00  0.0000000D+00
  0.1341029D+01  0.1587220D+00 -0.3012194D+00  0.0000000D+00
  0.1290189D+01  0.5901124D+00 -0.3889993D+00  0.0000000D+00
  0.7442069D-02 -0.7634250D-02 -0.5266405D-03  0.0000000D+00
  0.9818579D-02 -0.1141765D-02  0.6546641D-03  0.0000000D+00
 -0.5424719D-01 -0.5334022D-02 -0.3322020D-02  0.0000000D+00
  0.9008177D-01 -0.9472258D-02  0.1804632D-01  0.0000000D+00
 -0.1774449D+00 -0.1906521D-01 -0.4550984D-01  0.0000000D+00
  0.6966614D+00  0.9845414D-01  0.1268242D+00  0.0000000D+00
 -0.7105456D+00 -0.1018009D+00  0.1193652D+00  0.0000000D+00
 -0.4257254D+00  0.3654792D-01  0.1423139D+00  0.0000000D+00
  0.1381848D+01  0.1011410D-01  0.2612335D+00  0.0000000D+00
  0.2851782D+01 -0.7407865D+00  0.3428156D+00  0.0000000D+00
  0.3732236D+01 -0.1180789D+01  0.3919514D+00  0.0000000D+00
 -0.8224396D-02 -0.1449077D-02  0.2077514D-02  0.0000000D+00
  0.3583206D-02 -0.4660579D-01  0.5979839D-02  0.0000000D+00
  0.8123156D-02  0.3084963D-02 -0.3826125D-02  0.0000000D+00
 -0.2221640D-01  0.3540865D-01  0.1030868D-01  0.0000000D+00
  0.9615351D-01 -0.5917516D-01  0.1360779D-02  0.0000000D+00
 -0.1645939D+00  0.6775166D-01 -0.8014931D-01  0.0000000D+00
  0.2196425D+00 -0.6651410D+00  0.3434782D-02  0.0000000D+00
  0.1413665D+01 -0.2785420D+00 -0.2541716D+00  0.0000000D+00
  0.2161619D+01  0.3677867D+00 -0.4218654D+00  0.0000000D+00
 -0.2069125D+00  0.5064353D+00 -0.4090465D+00  0.0000000D+00
 -0.1585781D+01  0.5946900D+00 -0.4033975D+00  0.0000000D+00
 -0.1377902D-01 -0.1061175D-01  0.2262089D-02  0.0000000D+00
  0.5576637D-01  0.6593187D-01  0.7272373D-02  0.0000000D+00
 -0.5423481D-01 -0.6220562D-01 -0.1375196D-01  0.0000000D+00
  0.7663580D-01  0.8264067D-01  0.6904718D-02  0.0000000D+00
 -0.1310475D+00 -0.8614435D-01  0.1310726D-01  0.0000000D+00
 -0.7144074D-01  0.2594735D+00 -0.1348057D+00  0.0000000D+00
 -0.1315170D+01 -0.3407139D+00  0.1501638D+00  0.0000000D+00
 -0.1034238D+01  0.3126057D+00 -0.1344933D+00  0.0000000D+00
 -0.1878582D+01  0.6806067D+00  0.6723413D-01  0.0000000D+00
 -0.3889067D+01 -0.3197466D+00  0.6260768D-01  0.0000000D+00
 -0.5075907D+01 -0.9012136D+00  0.6215340D-01  0.0000000D+00
  0.5481973D-02 -0.4835218D-02  0.1285545D-03  0.0000000D+00
  0.2705096D-01  0.1669769D-01  0.8303162D-03  0.0000000D+00
 -0.6060985D-01 -0.5296573D-01 -0.8244860D-02  0.0000000D+00
  0.9686136D-01  0.7808941D-01  0.8219897D-02  0.0000000D+00
 -0.1159705D+00 -0.5617300D-01 -0.2268428D-01  0.0000000D+00
  0.3629147D+00  0.1802810D+00  0.3802063D-01  0.0000000D+00
 -0.7768204D+00 -0.6466400D-01 -0.1174472D+00  0.0000000D+00
 -0.1329283D+01  0.2355440D+00 -0.8988467D-01  0.0000000D+00
 -0.1855291D+00 -0.1882789D+00  0.1327162D+00  0.0000000D+00
  0.1399875D+01 -0.6031968D+00  0.3188501D-01  0.0000000D+00
  0.2341087D+01 -0.8506792D+00 -0.2460256D-01  0.0000000D+00
 -0.9608820D-02 -0.3729482D-02  0.2607313D-03  0.0000000D+00
  0.2284972D-01  0.5290802D-01 -0.4157540D-03  0.0000000D+00
 -0.6528209D-01 -0.4787974D-01  0.9981112D-02  0.0000000D+00
  0.1269677D+00  0.5903204D-01 -0.1099930D-01  0.0000000D+00
 -0.2792881D+00 -0.1925479D-01  0.1148573D-01  0.0000000D+00
  0.9433436D+00 -0.6571134D-01  0.5094836D-02  0.0000000D+00
 -0.1085212D+01 -0.6872328D-01 -0.2889547D-01  0.0000000D+00
  0.1315824D+01  0.5579200D-01  0.1353191D+00  0.0000000D+00
  0.9205503D+00  0.4165472D+00  0.1539166D+00  0.0000000D+00
 -0.4851215D+00 -0.1272870D+00 -0.3332631D-01  0.0000000D+00
 -0.1312283D+01 -0.4415717D+00 -0.1427637D+00  0.0000000D+00
 -0.3027591D-02  0.9862868D-04 -0.4205106D-02  0.0000000D+00
  0.4092900D-01  0.8709176D-02  0.3970320D-02  0.0000000D+00
 -0.6403331D-01  0.1167833D-01 -0.1509028D-02  0.0000000D+00
  0.1006371D+00 -0.7251758D-02  0.9707910D-02  0.0000000D+00
 -0.1511555D+00  0.1150146D+00 -0.2166952D-01  0.0000000D+00
  0.2683256D+00 -0.1624167D+00  0.3766514D-01  0.0000000D+00
 -0.7885913D+00 -0.2416307D+00 -0.1530936D-01  0.0000000D+00
 -0.2341417D+01  0.7717657D-02 -0.9747405D-01  0.0000000D+00
 -0.1661284D+01  0.4074212D+00  0.1709531D+00  0.0000000D+00
 -0.2167851D+01  0.8339127D+00  0.1462539D-02  0.0000000D+00
 -0.2457165D+01  0.1088040D+01 -0.9478653D-01  0.0000000D+00
 -0.4970418D+00 -0.1499797D+01  0.9100263D-01  0.0000000D+00
  0.2201372D+00  0.6404687D+00 -0.6070958D-02  0.0000000D+00
  0.8682029D-02 -0.6217556D+00 -0.4523180D-02  0.0000000D+00
 -0.6187083D+00 -0.3850743D+00  0.2489383D+00  0.0000000D+00
 -0.1054145D+01  0.7709102D+00  0.1981859D+00  0.0000000D+00
  0.1709908D+01  0.5073023D+00 -0.2037855D+00  0.0000000D+00
  0.5219139D+00  0.3417685D+00 -0.2965937D+00  0.0000000D+00
 -0.1472409D+00 -0.1457176D+01 -0.2287461D+00  0.0000000D+00
 -0.6012317D+00 -0.8919096D+00 -0.4155352D-01  0.0000000D+00
 -0.6339648D+00  0.3465094D+00 -0.1889000D-01  0.0000000D+00
 -0.6582248D+00  0.1077762D+01 -0.3549508D-02  0.0000000D+00
  0.4973348D+01 -0.1677590D+01 -0.1124831D-01  0.0000000D+00
 -0.3114229D+01 -0.3388185D+00  0.2832496D+00  0.0000000D+00
  0.8650559D+00  0.2846853D+00  0.1281699D+00  0.0000000D+00
 -0.2874073D+01  0.1062141D+01 -0.2139972D+00  0.0000000D+00
 -0.1439181D+01  0.2757087D+00  0.4166037D+00  0.0000000D+00
 -0.7732541D+00  0.1369133D+01 -0.3858212D+00  0.0000000D+00
 -0.2474696D+01 -0.4339721D+00  0.1343118D+00  0.0000000D+00
  0.1941145D+00  0.3890411D+00 -0.2518940D+00  0.0000000D+00
 -0.3461236D+00  0.2921800D+00 -0.2063026D+00  0.0000000D+00
 -0.1019915D+01  0.1712945D+00  0.4777580D-01  0.0000000D+00
 -0.1420337D+01  0.9966930D-01  0.1970195D+00  0.0000000D+00
 -0.2505760D+01 -0.6211524D+00  0.1206143D+00  0.0000000D+00
  0.1989433D+01 -0.1056356D+01 -0.1294855D+00  0.0000000D+00
 -0.6411507D+00  0.4067568D+00 -0.4107136D+00  0.0000000D+00
 -0.2377806D+01  0.1898631D+00  0.4001662D-02  0.0000000D+00
 -0.2374945D+01 -0.8077246D+00  0.7963764D-01  0.0000000D+00
 -0.1365222D+01 -0.1664014D+01 -0.5270868D-01  0.0000000D+00
 -0.1061260D+01  0.1701768D+00  0.1435671D+00  0.0000000D+00
 -0.5779814D+00 -0.9388998D+00 -0.5346374D-01  0.0000000D+00
  0.5246764D+00 -0.1323045D+01  0.3417420D+00  0.0000000D+00
  0.1426676D+01  0.1813922D+00  0.2098332D+00  0.0000000D+00
  0.1966959D+01  0.1058001D+01  0.1369891D+00  0.0000000D+00
  0.4598341D-02 -0.5074824D-02  0.8202146D-03  0.0000000D+00
  0.4699285D-02  0.2294308D-02  0.2422697D-03  0.0000000D+00
 -0.2454051D-01 -0.3386351D-01 -0.8538160D-03  0.0000000D+00
  0.2303089D-01  0.6276872D-01 -0.1103222D-01  0.0000000D+00
 -0.3625528D-01 -0.1082149D+00  0.2080270D-01  0.0000000D+00
  0.2407294D-01  0.2540092D+00 -0.2254870D-01  0.0000000D+00
 -0.8210477D-01 -0.6948642D+00  0.6356065D-01  0.0000000D+00
 -0.1230521D+01 -0.5310296D+00  0.4892512D-01  0.0000000D+00
 -0.1833486D+01 -0.6140577D-01 -0.1080247D+00  0.0000000D+00
 -0.3860175D+01 -0.2390707D+00 -0.1905892D-01  0.0000000D+00
 -0.5053552D+01 -0.3379260D+00  0.3127267D-01  0.0000000D+00
  0.1388055D-01 -0.9747831D-02  0.2185149D-03  0.0000000D+00
 -0.4261818D-01 -0.2853846D-01 -0.3337479D-02  0.0000000D+00
  0.7290622D-01 -0.3095790D-02  0.1963003D-04  0.0000000D+00
 -0.1302068D+00  0.5629197D-01 -0.2503072D-02  0.0000000D+00
  0.2821912D+00 -0.7812708D-01  0.2022343D-02  0.0000000D+00
 -0.3943963D+00 -0.3553616D-01  0.3652557D-01  0.0000000D+00
  0.4418153D+00 -0.1865901D+00  0.3486320D-01  0.0000000D+00
 -0.9944724D-01  0.4260055D-01 -0.3724770D-01  0.0000000D+00
  0.2343178D-01  0.9912675D+00  0.3593089D-01  0.0000000D+00
  0.1986365D+00  0.6969797D+00  0.3405388D-01  0.0000000D+00
  0.3025605D+00  0.5353656D+00  0.3381336D-01  0.0000000D+00
 -0.1564482D-01 -0.7586769D-02 -0.1941986D-02  0.0000000D+00
  0.2612801D-01  0.4030735D-01 -0.7961725D-03  0.0000000D+00
 -0.5633402D-01 -0.3785277D-01  0.5133617D-02  0.0000000D+00
  0.1018672D+00  0.6693375D-01 -0.7657511D-02  0.0000000D+00
 -0.1479584D+00 -0.1159995D+00  0.9979299D-02  0.0000000D+00
  0.1300949D+00  0.1669427D+00 -0.4122891D-02  0.0000000D+00
 -0.7836919D+00 -0.4932128D+00 -0.6988494D-01  0.0000000D+00
  0.3122249D+00 -0.2658793D+00  0.9555860D-01  0.0000000D+00
 -0.2351835D+00 -0.5019176D+00 -0.1272185D+00  0.0000000D+00
 -0.2193042D+01 -0.6830379D+00 -0.1039361D+00  0.0000000D+00
 -0.3345392D+01 -0.7916185D+00 -0.9279691D-01  0.0000000D+00
 -0.5601021D-02  0.2005250D-02 -0.7271201D-03  0.0000000D+00
  0.4733907D-02 -0.2722539D-02  0.9765439D-04  0.0000000D+00
 -0.2549371D-01 -0.2098284D-01  0.7687295D-02  0.0000000D+00
  0.3357653D-01  0.2308810D-01 -0.5316501D-02  0.0000000D+00
  0.7384357D-02 -0.2351391D-01  0.1800202D-01  0.0000000D+00
  0.4757025D-01  0.1852464D+00 -0.3977531D-01  0.0000000D+00
  0.9508852D+00  0.4553527D-02 -0.4521490D-01  0.0000000D+00
  0.2330272D+01  0.2652600D+00 -0.6559496D-01  0.0000000D+00
  0.1908204D+01  0.3056483D+00 -0.9884457D-01  0.0000000D+00
  0.8653818D+00 -0.1637225D+00  0.6719375D-01  0.0000000D+00
  0.2502734D+00 -0.4379512D+00  0.1640509D+00  0.0000000D+00
  0.7221787D-02 -0.3957663D-02 -0.2538311D-02  0.0000000D+00
  0.4731758D-01  0.8122870D-01  0.5699091D-02  0.0000000D+00
 -0.6434096D-01 -0.7614881D-01 -0.1199711D-01  0.0000000D+00
  0.1054804D+00  0.1016057D+00  0.1279343D-01  0.0000000D+00
 -0.2699320D+00 -0.1492398D+00 -0.2092722D-01  0.0000000D+00
  0.6378367D+00  0.2277102D+00  0.6291821D-01  0.0000000D+00
 -0.4788876D+00 -0.5917207D+00 -0.7296793D-01  0.0000000D+00
 -0.6884164D+00  0.3681414D-01 -0.1190299D+00  0.0000000D+00
 -0.1429057D+01  0.2016860D+00 -0.2443760D-01  0.0000000D+00
 -0.1036180D+01 -0.1912704D+00 -0.4391776D-01  0.0000000D+00
 -0.8146128D+00 -0.4194803D+00 -0.5428039D-01  0.0000000D+00
 -0.1421662D-01  0.5138671D-02  0.3379902D-02  0.0000000D+00
 -0.3911653D-02  0.1529076D-01 -0.3756345D-02  0.0000000D+00
 -0.6234994D-02 -0.3108896D-01 -0.2429331D-02  0.0000000D+00
  0.3564737D-01  0.2839172D-01  0.5612873D-03  0.0000000D+00
 -0.5507405D-01  0.1168972D-01 -0.1508376D-01  0.0000000D+00
  0.1559506D+00 -0.3931562D-01  0.1777717D-01  0.0000000D+00
 -0.6982645D+00 -0.2727550D+00 -0.3202404D-01  0.0000000D+00
 -0.3128232D+00 -0.1264772D+00 -0.7520088D-01  0.0000000D+00
  0.2235023D+00 -0.1239640D+00 -0.1415430D+00  0.0000000D+00
 -0.1025325D+01 -0.1671782D-01  0.4161521D-01  0.0000000D+00
 -0.1750581D+01  0.4614524D-01  0.1481238D+00  0.0000000D+00
  0.2404756D+01  0.4696168D+00  0.1576693D+00  0.0000000D+00
 -0.2229132D+01  0.1949031D+01  0.3103125D+00  0.0000000D+00
  0.1101814D+01  0.1332228D+01 -0.4175616D+00  0.0000000D+00
 -0.1457966D+01  0.9695643D+00  0.1048734D+00  0.0000000D+00
  0.1627716D+00  0.1879630D+01 -0.2007899D+00  0.0000000D+00
 -0.2271684D+00  0.4397312D+00  0.1585829D-01  0.0000000D+00
 -0.9931827D+00  0.3673357D+00 -0.7514968D-01  0.0000000D+00
 -0.3539588D+00  0.1411100D+01 -0.9274900D-01  0.0000000D+00
 -0.3999904D+00 -0.3685120D+00  0.7136340D-01  0.0000000D+00
  0.2738433D+00 -0.4133126D+00  0.7046531D-01  0.0000000D+00
  0.6679760D+00 -0.4592907D+00  0.7180168D-01  0.0000000D+00
  0.2600831D+01  0.1132652D+01  0.2735567D+00  0.0000000D+00
 -0.2793225D+01  0.3206859D+01  0.3577337D-01  0.0000000D+00
  0.2675522D+01  0.7236930D+00 -0.1518663D+00  0.0000000D+00
 -0.1419191D+01  0.6677234D+00 -0.6457044D-01  0.0000000D+00
 -0.2893134D+00  0.1830854D+01 -0.2459662D+00  0.0000000D+00
 -0.4108663D-01  0.7400105D+00  0.1471138D+00  0.0000000D+00
 -0.1972288D+01  0.1136136D+01  0.9172050D-01  0.0000000D+00
 -0.1264431D+01  0.3894867D+00 -0.2599422D+00  0.0000000D+00
 -0.1787818D+01  0.4254540D+00 -0.2449914D+00  0.0000000D+00
 -0.1169005D+01  0.6367999D+00 -0.2363426D+00  0.0000000D+00
 -0.8122925D+00  0.7609945D+00 -0.2311400D+00  0.0000000D+00
  0.3305568D+00 -0.5341080D+00 -0.6561794D-01  0.0000000D+00
 -0.2727688D+01  0.8431208D+00  0.2780106D+00  0.0000000D+00
  0.8676169D+00  0.1312462D+00 -0.3630807D+00  0.0000000D+00
  0.4534627D+00  0.1750586D+00 -0.1466539D+00  0.0000000D+00
  0.3094562D+00  0.2779115D+00 -0.5789366D+00  0.0000000D+00
  0.3163823D+00  0.2786523D+00  0.3386315D+00  0.0000000D+00
 -0.4656574D+00 -0.2413552D+00 -0.2967050D+00  0.0000000D+00
  0.2661879D+00  0.5662460D+00 -0.5563004D-02  0.0000000D+00
 -0.2077500D+00  0.7762657D-01  0.2008725D+00  0.0000000D+00
 -0.1177063D-01 -0.9242299D+00  0.1266864D+00  0.0000000D+00
  0.9810401D-01 -0.1516316D+01  0.8554002D-01  0.0000000D+00
 -0.3104531D-02 -0.4949773D-02  0.1844072D-02  0.0000000D+00
  0.4162893D-01  0.4058227D-01  0.1089220D-03  0.0000000D+00
 -0.5887740D-01 -0.2567953D-01  0.7429087D-02  0.0000000D+00
  0.8832900D-01  0.3024492D-02 -0.1833797D-01  0.0000000D+00
 -0.1475824D+00 -0.6590777D-01  0.2666050D-01  0.0000000D+00
 -0.7546007D-01  0.1991403D+00 -0.4677407D-01  0.0000000D+00
 -0.8015191D+00 -0.8080372D-01  0.1302845D+00  0.0000000D+00
  0.5423709D-01  0.4489005D+00 -0.2365531D-01  0.0000000D+00
 -0.1724333D-01 -0.2043410D+00 -0.1572356D+00  0.0000000D+00
 -0.5339929D+00 -0.1259718D+00  0.4750812D-01  0.0000000D+00
 -0.8371896D+00 -0.8719140D-01  0.1659096D+00  0.0000000D+00
  0.1053922D-01  0.9735908D-03 -0.7445808D-03  0.0000000D+00
 -0.1889926D-01 -0.1252487D-01 -0.5863210D-02  0.0000000D+00
  0.4547305D-01  0.2496850D-01  0.3889401D-02  0.0000000D+00
 -0.6179805D-01 -0.6467599D-01 -0.7129180D-02  0.0000000D+00
  0.4871541D-01  0.9319574D-01  0.9974616D-02  0.0000000D+00
  0.9060831D-01 -0.2006306D+00 -0.1146693D-01  0.0000000D+00
  0.4492144D+00  0.5253766D+00  0.7930329D-01  0.0000000D+00
  0.1609572D+00  0.7182693D-01  0.2604612D-01  0.0000000D+00
  0.3262089D+00  0.4516782D+00 -0.8893113D-01  0.0000000D+00
  0.1228015D+01  0.3122450D+00  0.4439204D-01  0.0000000D+00
  0.1757770D+01  0.2348465D+00  0.1211682D+00  0.0000000D+00
 -0.6295769D-02 -0.5220522D-02  0.1463736D-02  0.0000000D+00
  0.2821782D-01  0.1970333D-02 -0.1632961D-01  0.0000000D+00
 -0.5383723D-01  0.1095114D-01  0.1663553D-01  0.0000000D+00
  0.7770718D-01 -0.2839169D-01 -0.1369093D-01  0.0000000D+00
 -0.1118957D+00  0.8800422D-02  0.3941091D-01  0.0000000D+00
  0.2450311D+00 -0.1150102D+00 -0.6019149D-01  0.0000000D+00
 -0.2312671D+00 -0.8764317D-01  0.1327671D-01  0.0000000D+00
 -0.1534268D+00 -0.2155050D+00 -0.5262126D-01  0.0000000D+00
 -0.5826390D+00 -0.1958449D+00 -0.9612719D-02  0.0000000D+00
 -0.1067409D+01  0.4566172D+00  0.3323770D-01  0.0000000D+00
 -0.1356015D+01  0.8389913D+00  0.5881099D-01  0.0000000D+00
 -0.2188395D-02  0.7052536D-02 -0.3483115D-03  0.0000000D+00
 -0.1571481D-01 -0.2205264D-01 -0.2542075D-02  0.0000000D+00
  0.2088914D-01  0.5460425D-01  0.9874922D-02  0.0000000D+00
 -0.5049630D-01 -0.7856510D-01 -0.1313945D-01  0.0000000D+00
  0.2270800D-01  0.1585369D+00  0.2262209D-01  0.0000000D+00
 -0.1202486D+00 -0.3189066D+00 -0.4666202D-02  0.0000000D+00
  0.1967417D+00  0.4669270D+00  0.3834964D-01  0.0000000D+00
 -0.1726646D+00  0.5782611D+00  0.7406693D-01  0.0000000D+00
 -0.9341015D+00  0.2871025D+00 -0.8426245D-02  0.0000000D+00
 -0.1047496D+01 -0.2626557D+00  0.1040271D+00  0.0000000D+00
 -0.1122258D+01 -0.5877697D+00  0.1689262D+00  0.0000000D+00
  0.3929245D-02  0.7302002D-02 -0.1877750D-02  0.0000000D+00
  0.1126456D-02 -0.4687465D-01  0.9129526D-02  0.0000000D+00
 -0.9059050D-02  0.3350091D-01 -0.6417342D-02  0.0000000D+00
  0.3151370D-01 -0.1243870D-01  0.1060772D-01  0.0000000D+00
 -0.5464478D-01 -0.4026790D-01 -0.2846232D-01  0.0000000D+00
  0.2887922D+00 -0.1597845D-01  0.9148323D-01  0.0000000D+00
 -0.4786045D+00 -0.2024151D+00 -0.6508222D-01  0.0000000D+00
  0.4866987D+00 -0.7833191D-01 -0.2903395D-01  0.0000000D+00
  0.3425950D+00 -0.4923813D+00 -0.2243981D-01  0.0000000D+00
 -0.3051204D+00  0.2367675D-01 -0.4348327D-01  0.0000000D+00
 -0.6858279D+00  0.3210840D+00 -0.5571150D-01  0.0000000D+00
  0.3889118D-02  0.8200432D-02  0.4331081D-02  0.0000000D+00
 -0.3070194D-01 -0.3349402D-03  0.2041751D-02  0.0000000D+00
  0.5373229D-01  0.3927308D-01 -0.4390114D-02  0.0000000D+00
 -0.7943271D-01 -0.3524951D-01 -0.1209031D-02  0.0000000D+00
  0.1366698D+00  0.1141981D+00  0.7338776D-02  0.0000000D+00
 -0.3360485D+00 -0.2725377D-03 -0.2476416D-01  0.0000000D+00
  0.8219579D+00  0.3836871D+00  0.9557023D-02  0.0000000D+00
  0.4818996D+00  0.4793881D+00  0.3496755D-01  0.0000000D+00
 -0.3551625D+00  0.1845862D+00 -0.2445700D-01  0.0000000D+00
 -0.1740632D+00  0.1188655D+00 -0.7204094D-01  0.0000000D+00
 -0.7734202D-01  0.7709871D-01 -0.1005688D+00  0.0000000D+00
