  2  2   693 10944  4  4  9 11  7  1    0.00   24.00  100.00  600.00    0.00    6.28   45.00   45.00
  100.0  100.0  100.0  100.0  125.0  150.0  190.0  230.0  275.0  350.0  450.0  600.0  600.0  600.0  600.0
  0.4396643D+04 -0.1488069D+05 -0.6107784D+03  0.0000000D+00
  0.6480008D+05 -0.1081743D+05  0.3578221D+04  0.0000000D+00
 -0.3660542D+05  0.5332258D+05 -0.4918453D+04  0.0000000D+00
  0.2584882D+06 -0.6014295D+03  0.2687848D+05  0.0000000D+00
  0.4241477D+06  0.2043616D+05 -0.5715492D+04  0.0000000D+00
  0.4243796D+05  0.6452553D+05  0.3202416D+05  0.0000000D+00
  0.1750709D+06  0.9518963D+04  0.1224569D+05  0.0000000D+00
  0.1437095D+05  0.1377784D+02  0.1286338D+05  0.0000000D+00
  0.2082303D+06 -0.3596627D+05  0.1894433D+05  0.0000000D+00
  0.4883678D+06 -0.3471771D+05  0.2552333D+05  0.0000000D+00
  0.6545424D+06 -0.3438820D+05  0.2944324D+05  0.0000000D+00
 -0.3610329D+03 -0.3320338D+04 -0.7020767D+03  0.0000000D+00
  0.1451807D+05 -0.1662718D+04 -0.1360319D+03  0.0000000D+00
 -0.1064789D+05 -0.1310570D+05  0.1894243D+04  0.0000000D+00
  0.8213856D+05 -0.1619959D+05  0.3030540D+04  0.0000000D+00
  0.8774811D+05  0.1013758D+05  0.4819689D+04  0.0000000D+00
  0.7057087D+05 -0.5519164D+04  0.1494305D+05  0.0000000D+00
  0.2164999D+05  0.1779930D+05  0.7650543D+03  0.0000000D+00
  0.2103141D+05 -0.4076628D+04 -0.8578397D+04  0.0000000D+00
  0.2241060D+05 -0.8475238D+04 -0.5578348D+04  0.0000000D+00
  0.4202569D+05 -0.6181590D+04 -0.2165328D+03  0.0000000D+00
  0.5352618D+05 -0.4881965D+04  0.2956243D+04  0.0000000D+00
 -0.1622304D+04  0.3470017D+04  0.1641435D+04  0.0000000D+00
  0.1860168D+05 -0.1531222D+05 -0.4166004D+04  0.0000000D+00
 -0.3403144D+05  0.1775021D+05  0.9762298D+04  0.0000000D+00
  0.9002014D+05 -0.2391683D+05 -0.3217495D+04  0.0000000D+00
 -0.3283056D+05 -0.6546174D+03  0.1490594D+05  0.0000000D+00
  0.5039821D+05 -0.1646194D+05 -0.2210982D+04  0.0000000D+00
  0.4550015D+05  0.1866003D+05  0.7077513D+04  0.0000000D+00
  0.5945023D+05 -0.8942991D+04  0.9409703D+04  0.0000000D+00
  0.1070355D+06  0.1652904D+05  0.7207310D+04  0.0000000D+00
  0.1230338D+06  0.1508235D+05 -0.3215562D+04  0.0000000D+00
  0.1329291D+06  0.1451855D+05 -0.9341974D+04  0.0000000D+00
 -0.2658555D+02 -0.8630192D+02 -0.1100658D+02  0.0000000D+00
  0.1550061D+03  0.2242978D+02  0.7626779D+02  0.0000000D+00
  0.2013652D+03 -0.3372633D+03 -0.1392023D+03  0.0000000D+00
  0.8967142D+03  0.7153413D+03  0.1747869D+03  0.0000000D+00
 -0.3003595D+04  0.1080560D+04 -0.5115055D+03  0.0000000D+00
  0.4982055D+04 -0.1321011D+04  0.1735420D+04  0.0000000D+00
 -0.1271827D+05  0.2633472D+04 -0.2346948D+04  0.0000000D+00
  0.2836387D+04  0.2058168D+05  0.6111220D+04  0.0000000D+00
 -0.2397668D+05  0.9665641D+04 -0.1844898D+04  0.0000000D+00
 -0.4876511D+05  0.1445354D+04 -0.6837622D+04  0.0000000D+00
 -0.6357588D+05 -0.3489026D+04 -0.9850137D+04  0.0000000D+00
  0.1680181D+03  0.6397479D+02  0.2396057D+01  0.0000000D+00
  0.5825871D+03 -0.1123769D+03 -0.2881657D+02  0.0000000D+00
 -0.8156789D+03 -0.1645349D+03  0.5104529D+02  0.0000000D+00
  0.1634713D+04  0.8223770D+03 -0.1367602D+03  0.0000000D+00
 -0.5070970D+04 -0.2129641D+04  0.3846984D+03  0.0000000D+00
 -0.1312160D+04 -0.2654862D+04 -0.1679577D+04  0.0000000D+00
  0.8099052D+04  0.1226346D+05 -0.1924919D+04  0.0000000D+00
  0.1918021D+04  0.3096396D+04 -0.3410374D+04  0.0000000D+00
  0.2959343D+05  0.7095297D+04 -0.2726765D+04  0.0000000D+00
  0.3397514D+05  0.9426886D+04 -0.6141876D+04  0.0000000D+00
  0.3684574D+05  0.1083632D+05 -0.8132183D+04  0.0000000D+00
 -0.2372234D+03  0.9616771D+02  0.8766606D+01  0.0000000D+00
 -0.4945343D+03 -0.4078045D+02 -0.5188440D+02  0.0000000D+00
 -0.7686896D+03  0.9441326D+02  0.1114794D+03  0.0000000D+00
 -0.3997634D+03 -0.1304278D+03 -0.1443911D+03  0.0000000D+00
  0.8572426D+03 -0.2642644D+04  0.3014265D+03  0.0000000D+00
 -0.3075258D+04  0.1542151D+04 -0.7289196D+03  0.0000000D+00
 -0.2037703D+04 -0.3511630D+03  0.1549871D+04  0.0000000D+00
 -0.1007659D+05  0.4253688D+04  0.2631740D+04  0.0000000D+00
 -0.2261733D+05  0.3970418D+04  0.1649791D+04  0.0000000D+00
 -0.7282990D+04 -0.7750218D+02  0.4673083D+04  0.0000000D+00
  0.1555746D+04 -0.2450124D+04  0.6432439D+04  0.0000000D+00
 -0.8205055D+02 -0.7155823D+00 -0.7066664D+01  0.0000000D+00
  0.2144245D+03  0.1126433D+03  0.5510605D+02  0.0000000D+00
 -0.2449443D+03 -0.2168276D+03 -0.1000540D+03  0.0000000D+00
  0.1464906D+04 -0.8250000D+02  0.1032424D+03  0.0000000D+00
 -0.3927315D+04  0.1041802D+04 -0.2143168D+03  0.0000000D+00
  0.6909861D+03 -0.1796050D+04  0.8007825D+03  0.0000000D+00
 -0.6521506D+04  0.3639025D+04  0.2137804D+04  0.0000000D+00
  0.7197740D+04  0.8575630D+04  0.3077609D+04  0.0000000D+00
 -0.9766122D+04 -0.4984284D+04  0.1919110D+04  0.0000000D+00
 -0.1232896D+05 -0.3915540D+04  0.4316721D+04  0.0000000D+00
 -0.1401866D+05 -0.3439618D+04  0.5707692D+04  0.0000000D+00
  0.4606732D+03 -0.9106824D+02  0.1181785D+02  0.0000000D+00
  0.4068790D+03  0.2591146D+03 -0.7054097D+02  0.0000000D+00
  0.1063758D+04 -0.3025414D+03  0.1246618D+03  0.0000000D+00
  0.4249561D+03  0.5233467D+03 -0.1221785D+03  0.0000000D+00
 -0.1965395D+04 -0.2005677D+04  0.3211849D+03  0.0000000D+00
  0.2224196D+04  0.8330213D+03 -0.8254561D+03  0.0000000D+00
  0.3107100D+04 -0.4795769D+04  0.1231023D+04  0.0000000D+00
 -0.5476345D+04 -0.2372408D+04  0.1897073D+03  0.0000000D+00
  0.5943160D+03  0.2388172D+04  0.1470987D+04  0.0000000D+00
  0.4632168D+04 -0.9054096D+03  0.1555573D+04  0.0000000D+00
  0.7064785D+04 -0.2781058D+04  0.1618782D+04  0.0000000D+00
 -0.2586415D+03  0.5422358D+01  0.6112980D+01  0.0000000D+00
 -0.1505776D+03 -0.5956580D+02 -0.2314149D+02  0.0000000D+00
 -0.4510143D+03  0.3688483D+03  0.4696500D+02  0.0000000D+00
 -0.2979026D+03 -0.2700473D+03 -0.3643428D+02  0.0000000D+00
 -0.1647741D+04 -0.2450333D+03  0.2226207D+03  0.0000000D+00
  0.1061338D+04  0.3343307D+03 -0.4088742D+03  0.0000000D+00
 -0.4191371D+04  0.1247826D+04 -0.1290078D+03  0.0000000D+00
 -0.1236895D+04  0.4914333D+04 -0.9426256D+02  0.0000000D+00
 -0.3524423D+04  0.3846661D+04 -0.3901379D+03  0.0000000D+00
 -0.8832333D+04 -0.7041224D+03 -0.2334548D+04  0.0000000D+00
 -0.1196625D+05 -0.3379466D+04 -0.3476474D+04  0.0000000D+00
  0.7121970D+03  0.1106809D+04 -0.1267123D+04  0.0000000D+00
  0.1593221D+05  0.5329350D+04  0.4242030D+04  0.0000000D+00
 -0.2826610D+05 -0.1825703D+05 -0.9161274D+04  0.0000000D+00
  0.1266826D+06 -0.2227687D+05  0.1751304D+05  0.0000000D+00
  0.1296638D+06 -0.2226081D+05 -0.1256094D+05  0.0000000D+00
  0.5471391D+05 -0.8104132D+04  0.2075358D+05  0.0000000D+00
  0.2499755D+05 -0.2430552D+05 -0.5115528D+04  0.0000000D+00
  0.6630225D+05 -0.8861191D+04  0.2050846D+04  0.0000000D+00
  0.9284996D+05 -0.2726428D+05 -0.2849529D+03  0.0000000D+00
  0.4580728D+05 -0.5716931D+04 -0.1341599D+04  0.0000000D+00
  0.1856325D+05  0.6695165D+04 -0.1985890D+04  0.0000000D+00
  0.1639325D+04 -0.6543655D+04 -0.7835753D+02  0.0000000D+00
  0.3917486D+04  0.3777121D+04 -0.2666684D+04  0.0000000D+00
 -0.7515775D+04 -0.1957399D+05  0.9018835D+03  0.0000000D+00
  0.4682064D+05 -0.2120463D+05 -0.1668349D+04  0.0000000D+00
 -0.4557370D+05 -0.1519023D+05 -0.2328528D+05  0.0000000D+00
  0.6304997D+05 -0.1212480D+05  0.1001754D+05  0.0000000D+00
 -0.3226698D+05  0.5909061D+04 -0.1514164D+05  0.0000000D+00
  0.3998545D+05 -0.1610768D+05 -0.2788681D+04  0.0000000D+00
 -0.5480463D+04 -0.1229342D+05 -0.6189156D+04  0.0000000D+00
 -0.7223335D+05 -0.1687896D+04 -0.2490326D+04  0.0000000D+00
 -0.1118225D+06  0.4562083D+04 -0.3627578D+03  0.0000000D+00
  0.5267904D+03 -0.2220240D+04  0.6292666D+03  0.0000000D+00
  0.2240068D+05 -0.7687896D+04  0.8283894D+03  0.0000000D+00
 -0.3432463D+05 -0.3828300D+04  0.3784101D+03  0.0000000D+00
  0.6014076D+05 -0.1944305D+05  0.5574614D+03  0.0000000D+00
  0.4643321D+04 -0.2629655D+05  0.1268116D+05  0.0000000D+00
  0.3789504D+05  0.1697346D+04  0.7945790D+04  0.0000000D+00
  0.1945902D+05 -0.1811885D+05  0.2677134D+04  0.0000000D+00
  0.4840030D+05 -0.1350515D+05  0.2053220D+04  0.0000000D+00
  0.6707847D+05 -0.2337124D+04  0.3871203D+04  0.0000000D+00
  0.3878768D+05  0.5180811D+04  0.6489027D+04  0.0000000D+00
  0.2243438D+05  0.9702823D+04  0.8041780D+04  0.0000000D+00
 -0.5083844D+03  0.1952049D+03 -0.1713374D+02  0.0000000D+00
  0.4057816D+02 -0.1187060D+04  0.1072216D+03  0.0000000D+00
  0.2569592D+03  0.2612151D+04 -0.1824471D+03  0.0000000D+00
 -0.2946414D+03 -0.4007414D+04  0.3218058D+03  0.0000000D+00
 -0.2349826D+04  0.3847239D+04 -0.6480420D+03  0.0000000D+00
 -0.3495186D+04 -0.3106552D+04  0.1161467D+04  0.0000000D+00
 -0.1403004D+05  0.1700390D+05 -0.3523099D+04  0.0000000D+00
 -0.1247416D+05  0.1317351D+05 -0.9003068D+03  0.0000000D+00
 -0.8580543D+04  0.1362632D+04 -0.3819425D+04  0.0000000D+00
 -0.1875996D+05 -0.4617726D+04 -0.5149989D+04  0.0000000D+00
 -0.2467782D+05 -0.8251144D+04 -0.5960849D+04  0.0000000D+00
 -0.5502541D+03  0.1426953D+03 -0.7383112D-01  0.0000000D+00
  0.1341157D+04 -0.1255049D+04 -0.2585217D+02  0.0000000D+00
 -0.3120893D+04  0.2480220D+04  0.5055092D+02  0.0000000D+00
  0.6241882D+04 -0.4552359D+04 -0.1460702D+03  0.0000000D+00
 -0.1730698D+05  0.5500169D+04  0.2858479D+02  0.0000000D+00
  0.5639121D+04 -0.6519691D+04 -0.5191302D+02  0.0000000D+00
 -0.2148497D+05  0.1532720D+05 -0.4764296D+04  0.0000000D+00
 -0.4511897D+04  0.7841574D+04 -0.3988706D+04  0.0000000D+00
 -0.1450032D+05  0.1288555D+05 -0.4448712D+04  0.0000000D+00
 -0.2541569D+05  0.1244617D+05 -0.3543802D+04  0.0000000D+00
 -0.3191376D+05  0.1224297D+05 -0.3019449D+04  0.0000000D+00
  0.8337650D+03 -0.9476368D+02 -0.8978115D+01  0.0000000D+00
 -0.2947397D+03  0.2612977D+03  0.3261462D+02  0.0000000D+00
 -0.1816292D+03 -0.7344721D+03 -0.6346419D+02  0.0000000D+00
  0.1539718D+04  0.3655519D+03  0.1293879D+03  0.0000000D+00
 -0.8150923D+03  0.2960859D+04 -0.5348087D+03  0.0000000D+00
  0.2571837D+04 -0.2657466D+04  0.1278493D+04  0.0000000D+00
 -0.1878755D+04  0.1601559D+02 -0.7304800D+03  0.0000000D+00
  0.6993978D+03 -0.4149218D+04  0.1180874D+04  0.0000000D+00
  0.9757304D+03 -0.2824429D+04  0.2401251D+04  0.0000000D+00
  0.1591694D+04 -0.8599142D+04  0.8936511D+03  0.0000000D+00
  0.1953651D+04 -0.1196454D+05  0.2431291D+02  0.0000000D+00
  0.1663069D+03  0.1173308D+03 -0.1200713D+02  0.0000000D+00
  0.3636599D+03 -0.3347437D+03  0.8354666D+02  0.0000000D+00
 -0.7038826D+03  0.7402833D+03 -0.1320352D+03  0.0000000D+00
  0.2289306D+04 -0.1287306D+04  0.2391532D+03  0.0000000D+00
 -0.2582672D+04  0.1983321D+04 -0.5257047D+03  0.0000000D+00
  0.3961050D+04 -0.1807182D+04  0.1024307D+04  0.0000000D+00
 -0.2088201D+04  0.5144779D+04  0.3081379D+03  0.0000000D+00
 -0.9687768D+04  0.3317601D+04 -0.3244890D+04  0.0000000D+00
 -0.4762702D+04  0.2059260D+04 -0.2319292D+04  0.0000000D+00
  0.1046910D+05 -0.1648412D+04  0.3075063D+03  0.0000000D+00
  0.1944171D+05 -0.3833890D+04  0.1855684D+04  0.0000000D+00
 -0.4503584D+03  0.7715591D+02  0.7479672D+01  0.0000000D+00
  0.1474209D+03 -0.1799958D+03 -0.4048305D+02  0.0000000D+00
  0.4030634D+03  0.3543784D+03  0.6724419D+02  0.0000000D+00
 -0.1117051D+04 -0.4615183D+03 -0.1235210D+03  0.0000000D+00
 -0.4681288D+03  0.1806433D+04  0.3356878D+03  0.0000000D+00
  0.8852653D+03  0.1033141D+04 -0.9565834D+03  0.0000000D+00
 -0.1018756D+04 -0.2736187D+04  0.5165696D+03  0.0000000D+00
 -0.4359445D+04 -0.1295312D+04 -0.2236805D+02  0.0000000D+00
  0.4478451D+04 -0.2474441D+04  0.2134478D+04  0.0000000D+00
  0.1334966D+04 -0.2439224D+04  0.1647557D+04  0.0000000D+00
 -0.4055385D+03 -0.2433385D+04  0.1386794D+04  0.0000000D+00
 -0.3036082D+02  0.5597715D+02  0.3701856D+01  0.0000000D+00
  0.4625063D+03 -0.1230582D+03 -0.1581848D+02  0.0000000D+00
 -0.2058607D+03  0.1734467D+03  0.2024801D+02  0.0000000D+00
 -0.9513979D+03 -0.2245859D+03  0.5217764D+02  0.0000000D+00
  0.1395768D+04  0.6728129D+03  0.9269213D+02  0.0000000D+00
 -0.4289340D+04 -0.2321866D+03 -0.2942389D+03  0.0000000D+00
  0.2884634D+04  0.5658976D+02 -0.2785667D+03  0.0000000D+00
  0.3557895D+04  0.3691519D+04  0.6889784D+03  0.0000000D+00
  0.2369951D+04  0.1403208D+04 -0.2298416D+03  0.0000000D+00
 -0.3659720D+04 -0.1743532D+04 -0.6251739D+03  0.0000000D+00
 -0.7204606D+04 -0.3610825D+04 -0.8671504D+03  0.0000000D+00
  0.9566670D+04 -0.1463776D+05  0.5598604D+03  0.0000000D+00
  0.3311139D+04 -0.2662748D+05 -0.7427605D+03  0.0000000D+00
  0.1426597D+05  0.2686034D+05  0.2404006D+04  0.0000000D+00
 -0.1925575D+05 -0.4171007D+05 -0.2566436D+04  0.0000000D+00
 -0.1000659D+05  0.2534479D+05 -0.1574808D+05  0.0000000D+00
 -0.1783495D+05  0.5727657D+04 -0.1044363D+05  0.0000000D+00
 -0.3320701D+05  0.3510254D+05  0.4365340D+04  0.0000000D+00
 -0.2017118D+05  0.2319840D+05  0.2094555D+04  0.0000000D+00
 -0.3404114D+05 -0.6414231D+04 -0.7983362D+04  0.0000000D+00
 -0.5151115D+05 -0.9743124D+04 -0.1318641D+04  0.0000000D+00
 -0.6189823D+05 -0.1201842D+05  0.2472594D+04  0.0000000D+00
  0.3025887D+04 -0.3148778D+04 -0.2367481D+03  0.0000000D+00
 -0.7289147D+04 -0.3003500D+04  0.1350752D+04  0.0000000D+00
  0.2429192D+05  0.9972083D+04 -0.1956474D+03  0.0000000D+00
 -0.5071731D+05 -0.2914804D+04  0.7223711D+04  0.0000000D+00
 -0.2976365D+05  0.2185971D+04  0.1868319D+05  0.0000000D+00
 -0.2344479D+05  0.4046935D+04 -0.2140400D+05  0.0000000D+00
 -0.3820866D+05  0.2010726D+05  0.8147996D+04  0.0000000D+00
 -0.1874151D+05 -0.1439553D+05 -0.2885614D+04  0.0000000D+00
 -0.3822151D+05 -0.4916074D+04  0.3029758D+04  0.0000000D+00
 -0.5802570D+05  0.9547202D+03  0.1241460D+05  0.0000000D+00
 -0.6983342D+05  0.4488398D+04  0.1797555D+05  0.0000000D+00
 -0.1721382D+04  0.1466640D+04 -0.1252703D+03  0.0000000D+00
 -0.1528780D+05  0.9192482D+04  0.1735772D+04  0.0000000D+00
  0.1242691D+05  0.9263053D+04 -0.1620637D+04  0.0000000D+00
 -0.3606175D+05  0.2623472D+05  0.8106169D+04  0.0000000D+00
  0.1634592D+05 -0.2290884D+05  0.1748570D+05  0.0000000D+00
 -0.8577562D+04 -0.1493884D+04  0.9949640D+04  0.0000000D+00
 -0.1270980D+05  0.2694127D+05  0.7706781D+04  0.0000000D+00
 -0.1484142D+05 -0.1846020D+05  0.8777716D+04  0.0000000D+00
 -0.1255283D+05 -0.2255767D+05  0.9212870D+04  0.0000000D+00
 -0.2063249D+05 -0.8432750D+03  0.7431788D+04  0.0000000D+00
 -0.2533928D+05  0.1182269D+05  0.6394242D+04  0.0000000D+00
  0.7752146D+02  0.1704764D+03 -0.5814630D+01  0.0000000D+00
  0.4042376D+02 -0.1833034D+04  0.4615428D+02  0.0000000D+00
 -0.8477822D+03  0.3578499D+04 -0.8913466D+02  0.0000000D+00
  0.8546954D+03 -0.8324571D+04  0.1617264D+03  0.0000000D+00
  0.2179797D+04  0.3803675D+04  0.1385259D+03  0.0000000D+00
  0.6441771D+03  0.1588938D+03 -0.2056164D+04  0.0000000D+00
 -0.1869911D+02 -0.1140093D+05 -0.1245742D+04  0.0000000D+00
  0.2003688D+05 -0.2049186D+03  0.3199658D+04  0.0000000D+00
  0.2096905D+05 -0.5340535D+03  0.7304473D+03  0.0000000D+00
  0.8875172D+04 -0.3711218D+04 -0.3782209D+04  0.0000000D+00
  0.1805050D+04 -0.5573762D+04 -0.6451672D+04  0.0000000D+00
  0.1533248D+03  0.4610859D+03 -0.1641618D+01  0.0000000D+00
 -0.1268441D+04 -0.2160156D+04  0.2849269D+02  0.0000000D+00
  0.2013378D+04  0.4165264D+04 -0.4721261D+02  0.0000000D+00
 -0.3077079D+04 -0.8472574D+04  0.1439346D+02  0.0000000D+00
  0.4473440D+04 -0.2208776D+04 -0.4246301D+02  0.0000000D+00
 -0.3205894D+04 -0.4282293D+04  0.2610729D+03  0.0000000D+00
 -0.6823465D+04  0.1365726D+05 -0.2214063D+04  0.0000000D+00
 -0.2569842D+05 -0.4738236D+04 -0.7417773D+04  0.0000000D+00
 -0.2640190D+05  0.5766154D+04 -0.9509555D+04  0.0000000D+00
 -0.1678072D+05  0.4053978D+04 -0.1003411D+05  0.0000000D+00
 -0.1115336D+05  0.3166466D+04 -0.1036559D+05  0.0000000D+00
 -0.3482433D+02 -0.6953178D+02  0.6659903D+01  0.0000000D+00
  0.6591471D+03  0.1266106D+04 -0.3923489D+02  0.0000000D+00
  0.4755533D+03 -0.2155355D+04  0.7165917D+02  0.0000000D+00
 -0.1283975D+04  0.4848534D+04 -0.1904262D+02  0.0000000D+00
 -0.1398365D+04 -0.6171848D+04 -0.1419105D+03  0.0000000D+00
  0.6267672D+04  0.5572073D+04  0.1474862D+04  0.0000000D+00
  0.8052451D+03 -0.4346704D+04  0.2414574D+04  0.0000000D+00
  0.1880032D+05  0.6718646D+04  0.4633131D+04  0.0000000D+00
  0.1502002D+05 -0.1941574D+04  0.2291719D+04  0.0000000D+00
  0.5024016D+04 -0.7765025D+03  0.1321232D+04  0.0000000D+00
 -0.8684015D+03 -0.1887760D+03  0.7271629D+03  0.0000000D+00
  0.1957893D+03  0.1321259D+03 -0.9644823D+01  0.0000000D+00
  0.6749374D+03 -0.4289472D+03  0.5665123D+02  0.0000000D+00
 -0.6304794D+03  0.7567757D+03 -0.1064574D+03  0.0000000D+00
  0.1088481D+03 -0.1150100D+04  0.1756787D+03  0.0000000D+00
  0.1745016D+04  0.4517200D+03 -0.6052894D+03  0.0000000D+00
  0.5405335D+04  0.2160398D+04  0.1916452D+04  0.0000000D+00
  0.4481364D+04 -0.4430748D+04 -0.1234280D+03  0.0000000D+00
  0.8238618D+04 -0.2234266D+04  0.5169809D+04  0.0000000D+00
 -0.2748727D+04 -0.2914955D+03  0.1160005D+04  0.0000000D+00
 -0.1567747D+05 -0.6591194D+04  0.2074456D+04  0.0000000D+00
 -0.2336814D+05 -0.1025800D+05  0.2565720D+04  0.0000000D+00
 -0.1189478D+03 -0.8085127D+02  0.7782756D+01  0.0000000D+00
 -0.4187331D+03  0.1724262D+03 -0.5170073D+02  0.0000000D+00
 -0.8656162D+03 -0.4208167D+03  0.9403041D+02  0.0000000D+00
  0.2562508D+04  0.8296793D+03 -0.1282153D+03  0.0000000D+00
  0.1765857D+04 -0.2797214D+04  0.2737662D+03  0.0000000D+00
 -0.1489683D+04 -0.4404549D+02 -0.8030678D+03  0.0000000D+00
  0.1217028D+04 -0.4923192D+04  0.1022150D+04  0.0000000D+00
  0.7187857D+04  0.6130948D+04  0.2897887D+03  0.0000000D+00
  0.1460789D+05 -0.1103205D+04  0.1221639D+04  0.0000000D+00
  0.8484057D+04 -0.1633391D+04  0.1781657D+03  0.0000000D+00
  0.4982553D+04 -0.2025302D+04 -0.4224599D+03  0.0000000D+00
 -0.2412885D+03 -0.3326836D+02  0.4484657D+01  0.0000000D+00
 -0.5424770D+03 -0.1376725D+03 -0.3118462D+02  0.0000000D+00
  0.1024636D+04  0.2168180D+03  0.5952370D+02  0.0000000D+00
 -0.1337799D+04 -0.8132627D+03 -0.5126817D+02  0.0000000D+00
  0.2609964D+03 -0.1172412D+03  0.1601681D+03  0.0000000D+00
 -0.5234741D+03 -0.2276340D+03 -0.1340292D+04  0.0000000D+00
 -0.2842030D+04 -0.2200786D+04  0.2480445D+03  0.0000000D+00
  0.8532295D+03  0.2417110D+03 -0.8057699D+03  0.0000000D+00
  0.2748916D+04  0.1404624D+04 -0.7248248D+03  0.0000000D+00
 -0.7419661D+02  0.2969968D+04 -0.2465288D+04  0.0000000D+00
 -0.1703400D+04  0.3898907D+04 -0.3483084D+04  0.0000000D+00
 -0.6320466D+04  0.7393677D+04 -0.4312103D+03  0.0000000D+00
 -0.8723980D+04 -0.2010662D+04  0.2557047D+03  0.0000000D+00
  0.1683122D+05 -0.4146012D+03 -0.1704740D+03  0.0000000D+00
 -0.3278875D+05 -0.5188003D+04  0.2734676D+03  0.0000000D+00
  0.2820221D+05  0.4785771D+05  0.6793082D+04  0.0000000D+00
 -0.2700563D+05 -0.4022023D+04  0.3272829D+04  0.0000000D+00
 -0.8996391D+04  0.2558717D+03  0.1429260D+04  0.0000000D+00
 -0.2106833D+05  0.1465289D+03 -0.6502846D+03  0.0000000D+00
 -0.3845957D+05  0.2011639D+04  0.1529073D+04  0.0000000D+00
 -0.2039243D+05  0.7498746D+04  0.3223551D+04  0.0000000D+00
 -0.1001031D+05  0.1073321D+05  0.4239578D+04  0.0000000D+00
 -0.2892977D+02 -0.4238875D+03 -0.9305975D+02  0.0000000D+00
 -0.1223281D+05 -0.3213279D+04 -0.2091070D+04  0.0000000D+00
  0.2073083D+05 -0.8761940D+04  0.3232037D+04  0.0000000D+00
 -0.3265911D+05  0.1204541D+05 -0.7744981D+04  0.0000000D+00
  0.2332926D+04 -0.3341973D+05 -0.1622964D+04  0.0000000D+00
 -0.2764911D+05  0.6442428D+04 -0.1081957D+04  0.0000000D+00
 -0.1578097D+05  0.2931270D+04 -0.1739744D+04  0.0000000D+00
 -0.2394124D+05 -0.1306180D+02  0.9884681D+03  0.0000000D+00
 -0.2721334D+05 -0.4447033D+03  0.7870218D+03  0.0000000D+00
 -0.1464599D+05  0.1530954D+04 -0.1997635D+04  0.0000000D+00
 -0.7326741D+04  0.2682422D+04 -0.3630300D+04  0.0000000D+00
  0.2545454D+04 -0.1477473D+04  0.2556892D+03  0.0000000D+00
 -0.6328612D+04 -0.2236300D+04  0.8152504D+03  0.0000000D+00
  0.1081539D+05  0.3231816D+04 -0.2002340D+04  0.0000000D+00
 -0.2408815D+05 -0.1345228D+05  0.2889412D+04  0.0000000D+00
 -0.4373199D+05  0.3291955D+05 -0.5619382D+04  0.0000000D+00
 -0.1065945D+05 -0.6929204D+04  0.2030065D+04  0.0000000D+00
 -0.7877925D+04  0.4838277D+04 -0.6477245D+03  0.0000000D+00
 -0.1553605D+05 -0.5615816D+04  0.6873089D+03  0.0000000D+00
 -0.1409818D+05 -0.9072980D+03  0.3725336D+04  0.0000000D+00
 -0.7316503D+04 -0.2611981D+03  0.4666081D+03  0.0000000D+00
 -0.3332113D+04  0.1689605D+03 -0.1407690D+04  0.0000000D+00
 -0.1290733D+03  0.1465069D+03 -0.2685797D+01  0.0000000D+00
 -0.8560720D+03 -0.1362984D+03  0.1857982D+02  0.0000000D+00
  0.1432007D+04  0.1799166D+03 -0.5428891D+02  0.0000000D+00
 -0.1734810D+04 -0.3493142D+03  0.1190871D+03  0.0000000D+00
  0.7405266D+03 -0.4794030D+04  0.1060460D+03  0.0000000D+00
 -0.3686196D+04  0.8328131D+03 -0.3900366D+03  0.0000000D+00
 -0.3241170D+04  0.2435314D+04  0.1102413D+04  0.0000000D+00
  0.6452776D+04  0.6231264D+04 -0.5258825D+03  0.0000000D+00
  0.2269451D+05  0.4257431D+04  0.1137429D+04  0.0000000D+00
  0.1158231D+05  0.6483560D+03  0.7019174D+02  0.0000000D+00
  0.5258661D+04 -0.1488147D+04 -0.5359384D+03  0.0000000D+00
 -0.3559599D+03  0.3947551D+02  0.4254107D+01  0.0000000D+00
 -0.1186018D+04 -0.2352985D+03 -0.5463259D+02  0.0000000D+00
  0.5130712D+03  0.7268520D+03  0.9571467D+02  0.0000000D+00
 -0.9414730D+03 -0.2196578D+04 -0.1594166D+03  0.0000000D+00
 -0.1699211D+04  0.5346727D+04  0.1382887D+03  0.0000000D+00
 -0.7373367D+04 -0.6670931D+01 -0.4267196D+03  0.0000000D+00
  0.3168512D+04  0.1370888D+04  0.6014021D+03  0.0000000D+00
 -0.2148416D+05  0.1981697D+04  0.9913671D+03  0.0000000D+00
 -0.2079064D+05 -0.3515027D+03  0.5005245D+03  0.0000000D+00
 -0.2395225D+04 -0.2417306D+04  0.1432179D+03  0.0000000D+00
  0.8379709D+04 -0.3651122D+04 -0.7131912D+02  0.0000000D+00
  0.2437213D+03 -0.1261555D+03  0.3501973D+01  0.0000000D+00
  0.3457311D+03  0.1922553D+03 -0.2210020D+02  0.0000000D+00
 -0.3096706D+03 -0.2734368D+03  0.4408459D+02  0.0000000D+00
  0.7703934D+03  0.1052954D+04 -0.1270516D+03  0.0000000D+00
  0.2607788D+03  0.7515346D+03 -0.5121930D+02  0.0000000D+00
  0.5999424D+04 -0.5950967D+03  0.8748802D+02  0.0000000D+00
  0.9641113D+03 -0.2912872D+04 -0.8513567D+03  0.0000000D+00
  0.7891954D+04  0.9336890D+03 -0.4559858D+03  0.0000000D+00
  0.9734536D+04  0.1241957D+04 -0.1579906D+04  0.0000000D+00
  0.9874699D+03  0.2391677D+03 -0.2025373D+04  0.0000000D+00
 -0.4111844D+04 -0.3446753D+03 -0.2299205D+04  0.0000000D+00
  0.4711050D+03  0.7298625D+01 -0.6398485D+00  0.0000000D+00
  0.1185834D+04 -0.2418283D+03 -0.1620079D+01  0.0000000D+00
 -0.3916374D+02  0.3400557D+03 -0.4906209D+01  0.0000000D+00
  0.1139259D+04 -0.2255001D+03  0.4058509D+02  0.0000000D+00
  0.9026241D+03 -0.1343350D+04 -0.9058933D+02  0.0000000D+00
  0.6571027D+04 -0.7928940D+03  0.6366002D+03  0.0000000D+00
  0.2535811D+04  0.1061307D+04  0.1963488D+03  0.0000000D+00
  0.4220883D+04 -0.1784043D+04 -0.1047861D+04  0.0000000D+00
  0.1363525D+05 -0.4376411D+03  0.1679658D+03  0.0000000D+00
  0.6154868D+04 -0.4562489D+03  0.2441201D+03  0.0000000D+00
  0.1881306D+04 -0.4530505D+03  0.3020929D+03  0.0000000D+00
 -0.3178373D+03  0.2021019D+02 -0.1821878D+01  0.0000000D+00
 -0.1580226D+03  0.1520737D+03  0.3916043D+01  0.0000000D+00
 -0.3617718D+02 -0.2177341D+03  0.9075206D+00  0.0000000D+00
 -0.7359984D+03  0.2586982D+03 -0.2783993D+02  0.0000000D+00
 -0.3224411D+04 -0.2933056D+03  0.8976585D+02  0.0000000D+00
 -0.1326777D+04  0.1357284D+04  0.1874942D+03  0.0000000D+00
 -0.1621711D+04 -0.6640446D+03  0.6456533D+03  0.0000000D+00
 -0.3710250D+04  0.2045349D+02 -0.1713597D+03  0.0000000D+00
 -0.7522370D+03 -0.5534450D+03  0.7595353D+03  0.0000000D+00
 -0.2119411D+03 -0.7657646D+03  0.7375778D+03  0.0000000D+00
  0.1381584D+03 -0.8969394D+03  0.7351773D+03  0.0000000D+00
  0.2443026D+03 -0.1714690D+02 -0.5720675D+01  0.0000000D+00
 -0.4782770D+03  0.1476208D+03  0.4929135D+02  0.0000000D+00
 -0.2806978D+03 -0.3207543D+03 -0.9542057D+02  0.0000000D+00
 -0.1114246D+04  0.7733416D+03  0.1386607D+03  0.0000000D+00
 -0.1167774D+04 -0.1530382D+04 -0.3655204D+02  0.0000000D+00
 -0.2029184D+04  0.1610046D+04 -0.8980836D+02  0.0000000D+00
 -0.5630397D+03 -0.3289544D+04 -0.4690570D+03  0.0000000D+00
  0.7791405D+03  0.3539163D+04  0.1364056D+04  0.0000000D+00
  0.2264401D+04  0.1610770D+04  0.4731518D+03  0.0000000D+00
 -0.2654214D+04 -0.1290634D+04  0.7970111D+03  0.0000000D+00
 -0.5517854D+04 -0.3010535D+04  0.9765790D+03  0.0000000D+00
 -0.2953961D+04  0.4432042D+04 -0.4235384D+02  0.0000000D+00
 -0.4986672D+04  0.5582745D+04  0.1109619D+04  0.0000000D+00
 -0.1668960D+04 -0.3490250D+04 -0.1828024D+04  0.0000000D+00
  0.1264516D+04  0.2897816D+04  0.3383696D+04  0.0000000D+00
 -0.2089748D+05 -0.3620273D+05  0.3733871D+04  0.0000000D+00
 -0.6686056D+04  0.1335790D+04  0.8280331D+03  0.0000000D+00
 -0.3562443D+04  0.5519136D+04  0.1710002D+03  0.0000000D+00
 -0.2966361D+04  0.1015308D+04  0.1441472D+04  0.0000000D+00
 -0.1872355D+05  0.4837336D+04  0.1373425D+04  0.0000000D+00
 -0.7017217D+04  0.2548378D+04 -0.1284752D+04  0.0000000D+00
 -0.3382165D+03  0.1251352D+04 -0.2841810D+04  0.0000000D+00
  0.1070166D+04 -0.6158126D+02  0.1891913D+03  0.0000000D+00
  0.2395734D+04 -0.3880936D+04 -0.2170270D+03  0.0000000D+00
 -0.1082547D+05  0.6139148D+04  0.5760354D+03  0.0000000D+00
  0.9259821D+04 -0.8019297D+04 -0.1268400D+04  0.0000000D+00
  0.1782413D+05  0.6362086D+04 -0.5207656D+04  0.0000000D+00
 -0.1089767D+05 -0.4008756D+04  0.1879693D+04  0.0000000D+00
  0.4221709D+04  0.9617362D+04 -0.7822488D+03  0.0000000D+00
 -0.1456322D+05 -0.1631534D+04 -0.9866883D+03  0.0000000D+00
 -0.2820389D+04  0.1755955D+04 -0.6685159D+03  0.0000000D+00
  0.1633402D+05  0.2848141D+04 -0.2690169D+03  0.0000000D+00
  0.2767913D+05  0.3524707D+04 -0.3143238D+02  0.0000000D+00
  0.1126670D+04  0.1738665D+04  0.1187962D+03  0.0000000D+00
  0.2304874D+04 -0.6376554D+04 -0.3403655D+03  0.0000000D+00
 -0.2995738D+04  0.6940086D+04  0.1764548D+03  0.0000000D+00
 -0.6785767D+04 -0.1377021D+05  0.4092619D+03  0.0000000D+00
 -0.8595996D+04  0.7978270D+04 -0.3770877D+03  0.0000000D+00
  0.3767248D+04 -0.2505088D+04  0.2650383D+04  0.0000000D+00
 -0.5236215D+04  0.8086372D+04  0.7138038D+03  0.0000000D+00
 -0.5695748D+04 -0.4528986D+03  0.1433788D+04  0.0000000D+00
 -0.9672812D+04 -0.3172672D+03  0.2397279D+04  0.0000000D+00
  0.4114408D+04  0.5820453D+04  0.2260098D+04  0.0000000D+00
  0.1214166D+05  0.9415055D+04  0.2190521D+04  0.0000000D+00
 -0.2748670D+03 -0.7017246D+02 -0.5209745D+01  0.0000000D+00
  0.9453948D+03  0.4375809D+03  0.2707034D+02  0.0000000D+00
 -0.1544236D+04 -0.7137407D+03 -0.4863988D+02  0.0000000D+00
  0.1355377D+04  0.1525996D+04  0.4021646D+02  0.0000000D+00
 -0.2623056D+04  0.4135208D+03 -0.3447513D+02  0.0000000D+00
 -0.6542203D+03  0.9727318D+03 -0.4222857D+03  0.0000000D+00
  0.5920741D+04 -0.4193134D+04 -0.6908902D+03  0.0000000D+00
 -0.1380710D+04 -0.2292465D+04 -0.1453358D+04  0.0000000D+00
 -0.1806014D+04 -0.3135949D+04 -0.1168171D+04  0.0000000D+00
  0.2874183D+04 -0.1392852D+04 -0.8172822D+03  0.0000000D+00
  0.5609407D+04 -0.3812195D+03 -0.6089275D+03  0.0000000D+00
 -0.3528899D+03 -0.9201514D+02 -0.1250202D+02  0.0000000D+00
 -0.5599399D+03  0.1541026D+03  0.5700459D+02  0.0000000D+00
  0.9776686D+03 -0.1433857D+03 -0.1060428D+03  0.0000000D+00
 -0.2018743D+04  0.4693875D+03  0.2150792D+03  0.0000000D+00
 -0.4870547D+03  0.3784427D+04 -0.1455204D+03  0.0000000D+00
 -0.3370113D+03 -0.9812453D+03  0.1422779D+03  0.0000000D+00
 -0.3009679D+04  0.4438072D+04 -0.1155256D+04  0.0000000D+00
 -0.1465801D+05  0.2271004D+04 -0.2041352D+03  0.0000000D+00
 -0.1215252D+05 -0.7555526D+03 -0.1844489D+04  0.0000000D+00
  0.5457945D+03  0.9548972D+03 -0.3045828D+04  0.0000000D+00
  0.8005949D+04  0.1922014D+04 -0.3767260D+04  0.0000000D+00
 -0.1666905D+03  0.5043012D+01 -0.3256510D+01  0.0000000D+00
 -0.2277438D+03 -0.2824590D+03  0.3519892D+02  0.0000000D+00
  0.8965609D+03  0.4945199D+03 -0.6282150D+02  0.0000000D+00
 -0.1253167D+03 -0.1422148D+04  0.1245338D+03  0.0000000D+00
 -0.1590473D+04  0.3655611D+04 -0.9734140D+02  0.0000000D+00
  0.2163807D+04  0.7839382D+03  0.2672275D+03  0.0000000D+00
 -0.2523605D+04 -0.3870617D+04 -0.6431095D+03  0.0000000D+00
 -0.1836764D+04 -0.3512275D+03 -0.2454471D+03  0.0000000D+00
  0.1453477D+04 -0.1617353D+03  0.4581199D+03  0.0000000D+00
 -0.1067809D+04  0.2095402D+03 -0.3202689D+03  0.0000000D+00
 -0.2506118D+04  0.4288243D+03 -0.7681622D+03  0.0000000D+00
  0.5536329D+03  0.2081119D+01 -0.2172586D+01  0.0000000D+00
 -0.6181809D+03 -0.3633273D+00 -0.3710622D+01  0.0000000D+00
  0.9758975D+03 -0.1203591D+03  0.7543372D+01  0.0000000D+00
  0.3939203D+03  0.2860245D+03 -0.5274337D+02  0.0000000D+00
 -0.2099928D+03  0.6333333D+03  0.4550245D+02  0.0000000D+00
 -0.1056603D+04 -0.5216685D+03  0.1990878D+03  0.0000000D+00
  0.7571411D+04 -0.2856208D+04 -0.2655264D+03  0.0000000D+00
 -0.4690662D+04 -0.2655171D+04 -0.1135528D+04  0.0000000D+00
 -0.5807790D+04 -0.4842389D+04 -0.9880072D+03  0.0000000D+00
 -0.3741280D+04 -0.3333638D+04  0.1154523D+04  0.0000000D+00
 -0.2543152D+04 -0.2475296D+04  0.2410692D+04  0.0000000D+00
  0.2420506D+03  0.3440098D+02 -0.1021774D+00  0.0000000D+00
  0.3504847D+03 -0.1332339D+03 -0.2649924D+01  0.0000000D+00
 -0.1111386D+04  0.2484350D+03  0.6354585D+01  0.0000000D+00
  0.1070110D+04 -0.4661052D+03 -0.3535549D+01  0.0000000D+00
  0.2980148D+03  0.2686648D+04  0.4872704D+02  0.0000000D+00
  0.1783361D+04  0.8011422D+02 -0.1451703D+03  0.0000000D+00
 -0.5161948D+04 -0.3617386D+04  0.4480977D+03  0.0000000D+00
  0.3125308D+04  0.1820097D+04 -0.1440690D+03  0.0000000D+00
 -0.2973208D+03  0.1904839D+04  0.8225853D+03  0.0000000D+00
 -0.1673533D+04 -0.2170170D+03  0.6836496D+03  0.0000000D+00
 -0.2518053D+04 -0.1457950D+04  0.6131107D+03  0.0000000D+00
 -0.1651956D+03  0.4474812D+02 -0.1734882D+01  0.0000000D+00
  0.5201768D+03  0.1078009D+03  0.1277819D+01  0.0000000D+00
 -0.8023002D+03 -0.2010009D+02  0.3495813D+01  0.0000000D+00
 -0.5055443D+03 -0.8218026D+02  0.1321292D+02  0.0000000D+00
  0.5068540D+03  0.4739624D+03 -0.2918943D+03  0.0000000D+00
  0.2768291D+03  0.1553295D+04  0.5340707D+03  0.0000000D+00
 -0.2945338D+04 -0.3676546D+04 -0.4585698D+03  0.0000000D+00
 -0.7629703D+04  0.2742193D+03 -0.2307800D+03  0.0000000D+00
 -0.2652022D+04 -0.1131771D+02  0.1543849D+03  0.0000000D+00
  0.2073393D+02  0.1312284D+04 -0.8157982D+03  0.0000000D+00
  0.1641729D+04  0.2083492D+04 -0.1379599D+04  0.0000000D+00
  0.2931384D+04 -0.3911451D+04 -0.2014890D+03  0.0000000D+00
  0.6296004D+04  0.1334317D+05 -0.1198739D+03  0.0000000D+00
 -0.9583963D+04 -0.2721821D+05  0.5236100D+03  0.0000000D+00
  0.2016815D+05  0.4797855D+05 -0.1276835D+04  0.0000000D+00
 -0.9483951D+04 -0.3251117D+05 -0.6314869D+03  0.0000000D+00
 -0.4528003D+04  0.5095027D+04  0.1271043D+04  0.0000000D+00
 -0.7420521D+04 -0.5365610D+04  0.8592252D+03  0.0000000D+00
 -0.4898832D+04 -0.1335033D+04 -0.1965106D+03  0.0000000D+00
 -0.1955942D+04  0.1252755D+04  0.1005452D+03  0.0000000D+00
 -0.1837047D+04  0.6560237D+04  0.1192194D+04  0.0000000D+00
 -0.1734758D+04  0.9695913D+04  0.1834575D+04  0.0000000D+00
 -0.1512672D+04 -0.1546935D+04 -0.2433516D+03  0.0000000D+00
  0.5568949D+04  0.6993554D+04 -0.3126381D+03  0.0000000D+00
 -0.6489677D+04 -0.1092931D+05  0.1032652D+04  0.0000000D+00
  0.2169581D+05  0.1245100D+05 -0.2210481D+04  0.0000000D+00
 -0.1053285D+05  0.3113746D+05  0.2331612D+04  0.0000000D+00
 -0.5981120D+04 -0.6948525D+04 -0.1162133D+04  0.0000000D+00
 -0.4069661D+04 -0.3773262D+03  0.2149100D+03  0.0000000D+00
 -0.6330505D+04 -0.1237060D+04 -0.4766325D+03  0.0000000D+00
 -0.4817809D+04  0.1035839D+04 -0.1059011D+04  0.0000000D+00
 -0.3821397D+04 -0.9984527D+03 -0.1081261D+04  0.0000000D+00
 -0.3221290D+04 -0.2163899D+04 -0.1100799D+04  0.0000000D+00
 -0.1904869D+04  0.5110070D+03  0.4022230D+03  0.0000000D+00
 -0.9888868D+03 -0.2680857D+04 -0.3625339D+03  0.0000000D+00
 -0.1941370D+02  0.8294759D+04  0.9275599D+03  0.0000000D+00
 -0.2114361D+03 -0.1798774D+05 -0.6012594D+03  0.0000000D+00
  0.1213321D+05 -0.1247051D+05 -0.1264597D+04  0.0000000D+00
 -0.1061158D+05  0.3268577D+03  0.1332022D+04  0.0000000D+00
 -0.1775061D+04 -0.4196597D+03  0.5384665D+03  0.0000000D+00
 -0.7378144D+04 -0.3942820D+04  0.6838373D+03  0.0000000D+00
 -0.9416359D+04 -0.1126940D+04  0.2001435D+03  0.0000000D+00
 -0.2514853D+04  0.3488346D+04  0.9942337D+03  0.0000000D+00
  0.1500671D+04  0.6220940D+04  0.1453885D+04  0.0000000D+00
  0.1119823D+03 -0.2785612D+03 -0.1697474D+01  0.0000000D+00
 -0.2514125D+03  0.1788701D+04  0.2992580D+02  0.0000000D+00
 -0.2939831D+02 -0.3469888D+04 -0.5616557D+02  0.0000000D+00
  0.5783442D+03  0.6999680D+04  0.8453662D+02  0.0000000D+00
  0.2150600D+03 -0.9644167D+03 -0.1278638D+03  0.0000000D+00
  0.2412007D+03  0.2556313D+03  0.1388834D+03  0.0000000D+00
 -0.5852571D+03  0.8608237D+03  0.1814579D+03  0.0000000D+00
 -0.1102474D+04  0.2968157D+04  0.7864100D+01  0.0000000D+00
  0.2221762D+04  0.1719292D+04 -0.1720964D+02  0.0000000D+00
  0.1027634D+03 -0.1616327D+04 -0.5870754D+03  0.0000000D+00
 -0.1101240D+04 -0.3582982D+04 -0.9209475D+03  0.0000000D+00
  0.3166828D+03 -0.2879736D+03 -0.2810007D+01  0.0000000D+00
 -0.7707611D+03  0.1744771D+04 -0.2330688D+01  0.0000000D+00
  0.1428164D+04 -0.3602124D+04  0.5819306D+00  0.0000000D+00
 -0.3544545D+04  0.7996265D+04  0.3319140D+02  0.0000000D+00
  0.4883636D+04 -0.6296766D+04 -0.1597451D+01  0.0000000D+00
 -0.4092510D+04  0.1289158D+04 -0.3349776D+03  0.0000000D+00
  0.1945155D+04  0.2071034D+03  0.3133592D+03  0.0000000D+00
 -0.8982887D+04  0.1982590D+03 -0.6852456D+03  0.0000000D+00
 -0.9205739D+04  0.1534074D+04 -0.1245471D+04  0.0000000D+00
 -0.5260038D+04 -0.1033330D+04  0.4612680D+03  0.0000000D+00
 -0.2953963D+04 -0.2521492D+04  0.1454377D+04  0.0000000D+00
 -0.1630732D+02  0.1392094D+03  0.2892924D+01  0.0000000D+00
  0.3323404D+03 -0.6183401D+03 -0.1548372D+02  0.0000000D+00
 -0.2053112D+03  0.9190311D+03  0.2837382D+02  0.0000000D+00
  0.5275989D+03 -0.2075751D+04 -0.7684156D+02  0.0000000D+00
 -0.7827874D+03 -0.2892406D+04  0.8483432D+02  0.0000000D+00
  0.1967741D+04  0.3066936D+03 -0.2368539D+03  0.0000000D+00
  0.1445824D+03 -0.5611277D+03  0.3809169D+02  0.0000000D+00
  0.5333382D+04  0.9969041D+02 -0.1559701D+03  0.0000000D+00
  0.3335646D+04 -0.3213033D+03 -0.5358956D+02  0.0000000D+00
 -0.1509671D+04  0.8732256D+03 -0.2150675D+03  0.0000000D+00
 -0.4367675D+04  0.1567109D+04 -0.3086801D+03  0.0000000D+00
 -0.2095567D+03 -0.5831719D+02 -0.4691010D+01  0.0000000D+00
 -0.4456079D+03  0.4331626D+03  0.2626181D+02  0.0000000D+00
  0.6185061D+03 -0.8027274D+03 -0.4127717D+02  0.0000000D+00
 -0.2426042D+03  0.1276967D+04  0.4153090D+02  0.0000000D+00
 -0.5750820D+03 -0.4103340D+02 -0.2400776D+03  0.0000000D+00
  0.1373519D+04 -0.7477786D+03  0.5409164D+03  0.0000000D+00
  0.1344511D+04  0.1572382D+04 -0.3133102D+03  0.0000000D+00
 -0.4280615D+04 -0.3003542D+04  0.3079763D+03  0.0000000D+00
 -0.8233640D+04 -0.7028800D+03  0.3897285D+03  0.0000000D+00
 -0.3419402D+04 -0.4460011D+03  0.4551177D+03  0.0000000D+00
 -0.6452167D+03 -0.2714139D+03  0.4945569D+03  0.0000000D+00
  0.1406959D+03 -0.6835284D+02  0.2301990D+01  0.0000000D+00
 -0.7779680D+03  0.2639528D+03 -0.1577522D+02  0.0000000D+00
  0.1277984D+04 -0.3811944D+03  0.1834645D+02  0.0000000D+00
 -0.2745621D+04  0.8651157D+03 -0.1185675D+02  0.0000000D+00
 -0.5215393D+02 -0.3169200D+04  0.9728131D+02  0.0000000D+00
 -0.2146219D+04  0.1929920D+04 -0.2449963D+03  0.0000000D+00
  0.1692206D+04 -0.3657087D+04  0.5902837D+03  0.0000000D+00
  0.1188817D+04  0.1071749D+04 -0.5330565D+03  0.0000000D+00
  0.4940166D+04  0.9383389D+02  0.7341076D+03  0.0000000D+00
  0.4596599D+04 -0.1353331D+04  0.5101937D+03  0.0000000D+00
  0.4438287D+04 -0.2211091D+04  0.3931507D+03  0.0000000D+00
  0.6718425D+02 -0.1581035D+03  0.2374161D+01  0.0000000D+00
 -0.3599161D+03  0.2693521D+03 -0.4317320D+01  0.0000000D+00
  0.7978944D+03 -0.4755710D+03  0.1205875D+02  0.0000000D+00
 -0.6428818D+03  0.8415895D+03 -0.4063147D+02  0.0000000D+00
  0.2692973D+04 -0.1014496D+04  0.6092136D+02  0.0000000D+00
  0.5067419D+02  0.7345734D+03  0.1477175D+03  0.0000000D+00
 -0.3954951D+03 -0.1344774D+04 -0.2729497D+03  0.0000000D+00
  0.2696302D+04  0.2485289D+04  0.1645344D+03  0.0000000D+00
  0.5139409D+04 -0.1140090D+04 -0.2477251D+03  0.0000000D+00
  0.9353165D+03 -0.1673246D+04  0.1819015D+03  0.0000000D+00
 -0.1497724D+04 -0.2025812D+04  0.4286735D+03  0.0000000D+00
 -0.2431901D+04 -0.8482334D+03 -0.8203669D+02  0.0000000D+00
  0.6138377D+04  0.6947659D+04  0.9330573D+03  0.0000000D+00
 -0.1196362D+05 -0.1428893D+05 -0.1464813D+04  0.0000000D+00
  0.1811691D+05  0.2679937D+05  0.3017741D+04  0.0000000D+00
 -0.8712885D+04  0.3208585D+05 -0.9725822D+03  0.0000000D+00
  0.6451859D+04 -0.6413278D+04  0.9844704D+03  0.0000000D+00
  0.5504771D+04  0.3241289D+04 -0.3985094D+03  0.0000000D+00
  0.3005731D+04  0.2168844D+04 -0.6451451D+03  0.0000000D+00
  0.3253269D+04  0.2114291D+04  0.3141901D+02  0.0000000D+00
  0.1447523D+04 -0.8983507D+03  0.6824607D+03  0.0000000D+00
  0.3929918D+03 -0.2661839D+04  0.1071267D+04  0.0000000D+00
 -0.2034698D+04 -0.7739936D+03  0.1473076D+03  0.0000000D+00
  0.5793747D+04 -0.1352867D+04 -0.5204872D+03  0.0000000D+00
 -0.1382793D+05  0.1086526D+03  0.1057898D+04  0.0000000D+00
  0.2392038D+05  0.5185857D+04 -0.2893429D+04  0.0000000D+00
  0.6482985D+04 -0.2477889D+05 -0.3063356D+03  0.0000000D+00
  0.4689073D+04  0.6352119D+04  0.3176844D+03  0.0000000D+00
  0.7751877D+04 -0.1154062D+04  0.6894255D+02  0.0000000D+00
  0.2161160D+04 -0.1871158D+04 -0.6602379D+02  0.0000000D+00
  0.4612806D+04  0.1432440D+04  0.2016844D+03  0.0000000D+00
  0.3141645D+04  0.6730519D+04 -0.7608981D+03  0.0000000D+00
  0.2307877D+04  0.9869024D+04 -0.1321502D+04  0.0000000D+00
 -0.1508119D+04 -0.1059343D+04 -0.2357631D+02  0.0000000D+00
  0.3631926D+04 -0.2593052D+04  0.5152127D+03  0.0000000D+00
 -0.1052804D+05  0.5143005D+04 -0.1013544D+04  0.0000000D+00
  0.1817618D+05 -0.1375596D+05  0.2308271D+04  0.0000000D+00
  0.1318341D+04  0.1025678D+05  0.1139956D+04  0.0000000D+00
  0.2072826D+04 -0.8636226D+03  0.3442178D+03  0.0000000D+00
  0.3790775D+04  0.1031145D+04  0.3022889D+03  0.0000000D+00
  0.4302256D+04  0.2916980D+04 -0.1480552D+03  0.0000000D+00
 -0.4787087D+03 -0.2900553D+04  0.1405904D+04  0.0000000D+00
 -0.1719856D+04 -0.2464246D+03  0.2199999D+04  0.0000000D+00
 -0.2499186D+04  0.1244918D+04  0.2682142D+04  0.0000000D+00
  0.1064087D+03 -0.2564395D+03  0.2156894D+01  0.0000000D+00
 -0.5209419D+03  0.2011891D+04 -0.2310115D+02  0.0000000D+00
  0.3676250D+03 -0.3665809D+04  0.3631043D+02  0.0000000D+00
 -0.7285127D+03  0.7444021D+04 -0.9444169D+02  0.0000000D+00
 -0.3660534D+04 -0.9702707D+04  0.2446117D+03  0.0000000D+00
 -0.1294613D+04  0.3148093D+04  0.2397139D+03  0.0000000D+00
  0.1258975D+04 -0.1927332D+04  0.4942930D+03  0.0000000D+00
 -0.5151184D+04 -0.2375714D+04 -0.1094344D+03  0.0000000D+00
 -0.8595931D+04  0.1058175D+04 -0.6856851D+03  0.0000000D+00
 -0.3035753D+04  0.4266566D+03 -0.3077787D+03  0.0000000D+00
  0.1808921D+03  0.9563456D+02 -0.9280596D+02  0.0000000D+00
 -0.2128640D+03 -0.1500715D+03 -0.9627968D+01  0.0000000D+00
 -0.3977719D+03  0.1158656D+04  0.5163318D+02  0.0000000D+00
  0.4952612D+03 -0.2300679D+04 -0.9402083D+02  0.0000000D+00
 -0.7393654D+03  0.4650713D+04  0.1915621D+03  0.0000000D+00
 -0.2354246D+04  0.2544590D+04 -0.2457433D+03  0.0000000D+00
  0.2176231D+04 -0.1118333D+03  0.5551861D+03  0.0000000D+00
 -0.1179798D+04  0.1005088D+04  0.4251774D+03  0.0000000D+00
  0.2229579D+03 -0.1391642D+04  0.4800008D+03  0.0000000D+00
  0.3458822D+03 -0.2571883D+04 -0.4424668D+03  0.0000000D+00
  0.4513975D+03 -0.9678065D+03 -0.1567161D+04  0.0000000D+00
  0.5147777D+03 -0.4162189D+02 -0.2235759D+04  0.0000000D+00
 -0.3365182D+03  0.7697511D+02 -0.5393614D+01  0.0000000D+00
  0.9245686D+03 -0.5734387D+03  0.2682937D+02  0.0000000D+00
 -0.7169885D+03  0.8116334D+03 -0.4320678D+02  0.0000000D+00
  0.1831754D+04 -0.1513153D+04  0.4721276D+02  0.0000000D+00
 -0.8803943D+03 -0.1502309D+04  0.3592072D+02  0.0000000D+00
 -0.1207330D+04  0.1365851D+04 -0.8396887D+03  0.0000000D+00
 -0.7109259D+02 -0.3749172D+04 -0.3408742D+03  0.0000000D+00
 -0.4821258D+04  0.3226163D+03 -0.1748798D+03  0.0000000D+00
 -0.2748798D+04  0.1532945D+04 -0.5438898D+03  0.0000000D+00
  0.5600113D+03 -0.9064577D+03 -0.6455883D+03  0.0000000D+00
  0.2520373D+04 -0.2321208D+04 -0.7092958D+03  0.0000000D+00
  0.1556410D+03 -0.1450494D+03  0.1014729D+01  0.0000000D+00
  0.7772316D+03  0.3734810D+03 -0.1019764D+02  0.0000000D+00
 -0.1284447D+04 -0.7825955D+03  0.6113076D+01  0.0000000D+00
  0.2125699D+04  0.1416664D+04 -0.4233914D+02  0.0000000D+00
 -0.3677508D+04 -0.2749250D+04  0.1412848D+03  0.0000000D+00
 -0.2403034D+04  0.2036816D+03 -0.6144447D+03  0.0000000D+00
  0.1783200D+04  0.3115390D+03  0.4919424D+02  0.0000000D+00
 -0.2648087D+04 -0.6294583D+03 -0.2361230D+03  0.0000000D+00
 -0.3284640D+04  0.6531405D+03  0.8460649D+03  0.0000000D+00
 -0.1252239D+04  0.6410808D+03  0.8385113D+03  0.0000000D+00
 -0.6949713D+02  0.6482849D+03  0.8461576D+03  0.0000000D+00
  0.1318999D+03 -0.2663337D+02 -0.3192041D+01  0.0000000D+00
  0.3647243D+03  0.1369901D+03  0.2449250D+02  0.0000000D+00
 -0.1006647D+04 -0.3999526D+03 -0.4509148D+02  0.0000000D+00
  0.6083765D+03  0.5731624D+03  0.9269997D+02  0.0000000D+00
  0.1635975D+03 -0.2143370D+04 -0.2278023D+03  0.0000000D+00
  0.2834474D+03  0.4350409D+03  0.8724250D+03  0.0000000D+00
 -0.4797099D+03  0.6202181D+02  0.6328863D+03  0.0000000D+00
  0.2473883D+03 -0.1329575D+04  0.4980116D+03  0.0000000D+00
 -0.1951822D+04  0.4552171D+03  0.7800749D+03  0.0000000D+00
  0.1350496D+04  0.2148517D+04 -0.5967366D+02  0.0000000D+00
  0.3259191D+04  0.3159865D+04 -0.5482015D+03  0.0000000D+00
  0.8811437D+02 -0.2154229D+02 -0.9967912D+00  0.0000000D+00
 -0.1817301D+03  0.3431938D+03 -0.9566451D+01  0.0000000D+00
  0.9583754D+02 -0.5940592D+03  0.2078145D+02  0.0000000D+00
 -0.5060504D+03  0.1363508D+04 -0.9559498D+02  0.0000000D+00
 -0.5854272D+03 -0.2811119D+04  0.6081140D+02  0.0000000D+00
  0.1305377D+03  0.1656158D+04  0.5443527D+03  0.0000000D+00
 -0.7891906D+03 -0.2405684D+04 -0.4678605D+03  0.0000000D+00
 -0.1564473D+04  0.4173736D+03  0.1377498D+03  0.0000000D+00
 -0.8182251D+03 -0.5294042D+03 -0.5122837D+03  0.0000000D+00
 -0.1514607D+04 -0.7818057D+03 -0.2323649D+03  0.0000000D+00
 -0.1914421D+04 -0.9395802D+03 -0.7580481D+02  0.0000000D+00
