  1  2   693 10944  4  4  9 11  7  1    0.00   24.00  100.00  600.00    0.00    6.28   45.00   45.00
  100.0  100.0  100.0  100.0  125.0  150.0  190.0  230.0  275.0  350.0  450.0  600.0  600.0  600.0  600.0
  0.8749676D-01 -0.7971114D-02  0.1210666D-01  0.0000000D+00
  0.1363093D+00  0.7307789D-01 -0.1846751D-02  0.0000000D+00
  0.1118086D+00 -0.6189620D-02  0.9668041D-02  0.0000000D+00
  0.9492020D-01  0.2114675D-01  0.5795598D-03  0.0000000D+00
  0.7433494D-01  0.2042567D-01  0.3764544D-02  0.0000000D+00
  0.6302749D-01  0.4200657D-01  0.2626270D-02  0.0000000D+00
  0.6778951D-01  0.2755963D-01 -0.4926156D-02  0.0000000D+00
  0.5908182D-01  0.2754927D-01 -0.8282357D-02  0.0000000D+00
  0.6316956D-01  0.1346238D-01 -0.6647686D-02  0.0000000D+00
  0.7302595D-01 -0.7582178D-02 -0.2030729D-02  0.0000000D+00
  0.7884190D-01 -0.2005816D-01  0.6912787D-03  0.0000000D+00
  0.2632900D-01 -0.2161448D-01  0.1332585D-03  0.0000000D+00
  0.4127850D-01 -0.8788350D-02  0.2268674D-01  0.0000000D+00
  0.4727029D-01 -0.1181357D-01 -0.2051472D-01  0.0000000D+00
  0.4874740D-01 -0.1620775D-01  0.2480392D-02  0.0000000D+00
  0.2059174D-01  0.3656380D-02 -0.4647141D-03  0.0000000D+00
  0.1809783D-01  0.6015045D-02 -0.3630215D-02  0.0000000D+00
  0.1045817D-01  0.7432212D-02 -0.3555098D-02  0.0000000D+00
  0.8189859D-02 -0.6059498D-02 -0.7300445D-02  0.0000000D+00
  0.2420775D-02 -0.2029702D-02 -0.9097655D-02  0.0000000D+00
 -0.1101114D-02 -0.1099481D-02 -0.4866525D-02  0.0000000D+00
 -0.3227745D-02 -0.5096648D-03 -0.2410425D-02  0.0000000D+00
  0.1403688D-01 -0.1964498D-02  0.4361097D-02  0.0000000D+00
  0.1469416D-01 -0.7447949D-02  0.1087805D-01  0.0000000D+00
 -0.2551768D-01  0.1308158D-01 -0.1225763D-02  0.0000000D+00
 -0.2374967D-01  0.6805289D-02  0.9866968D-02  0.0000000D+00
 -0.3646613D-02 -0.1714932D-01  0.6713771D-02  0.0000000D+00
  0.2417860D-02  0.3615677D-02 -0.1291912D-01  0.0000000D+00
  0.1033621D-01  0.6023948D-02 -0.8732666D-02  0.0000000D+00
  0.9107482D-03  0.9411750D-03  0.4217986D-02  0.0000000D+00
  0.3536272D-02 -0.8112397D-02  0.7906138D-02  0.0000000D+00
  0.4144616D-02 -0.1056828D-01  0.1119303D-01  0.0000000D+00
  0.4529848D-02 -0.1210664D-01  0.1315846D-01  0.0000000D+00
 -0.1670089D-01  0.3302558D-04 -0.4413028D-04  0.0000000D+00
 -0.1416402D-01 -0.1190498D-03 -0.1115788D-03  0.0000000D+00
 -0.2009353D-01  0.4325960D-03  0.3215076D-03  0.0000000D+00
  0.1397797D-01 -0.3412122D-03 -0.4687781D-03  0.0000000D+00
  0.1473153D-02  0.6073361D-03  0.1350088D-02  0.0000000D+00
  0.1578002D-01 -0.9912390D-03 -0.5080936D-02  0.0000000D+00
  0.1319409D-01 -0.7232916D-03  0.6259894D-02  0.0000000D+00
  0.1377833D-01 -0.2352818D-02  0.8253651D-02  0.0000000D+00
  0.1250004D-01 -0.4259749D-02  0.5003721D-02  0.0000000D+00
  0.1245539D-01 -0.1062403D-01  0.2663886D-02  0.0000000D+00
  0.1241511D-01 -0.1437088D-01  0.1257254D-02  0.0000000D+00
 -0.1107576D-01  0.1266832D-03  0.3806513D-04  0.0000000D+00
  0.2327741D-02 -0.1113236D-03 -0.2064222D-03  0.0000000D+00
 -0.8627445D-02  0.6085007D-03  0.2697210D-03  0.0000000D+00
 -0.1678905D-02 -0.1467777D-02 -0.3487669D-03  0.0000000D+00
 -0.2132753D-02  0.2894665D-02  0.3359629D-03  0.0000000D+00
  0.1695925D-02 -0.7622549D-02  0.1478010D-02  0.0000000D+00
 -0.6187540D-02  0.8883732D-02 -0.2443874D-02  0.0000000D+00
 -0.1102464D-01  0.5466041D-03 -0.4997116D-02  0.0000000D+00
 -0.1227223D-01 -0.1737184D-02 -0.6208578D-02  0.0000000D+00
 -0.9191278D-02 -0.3507718D-02 -0.3767317D-02  0.0000000D+00
 -0.7401927D-02 -0.4569138D-02 -0.2351237D-02  0.0000000D+00
  0.1439471D-02 -0.6767712D-04  0.1496322D-03  0.0000000D+00
  0.4873059D-03  0.8539409D-04 -0.1805487D-03  0.0000000D+00
 -0.1016375D-01 -0.2084884D-03  0.3382584D-03  0.0000000D+00
  0.1884607D-02  0.5050203D-03 -0.5208794D-03  0.0000000D+00
 -0.4703896D-02 -0.6611505D-03  0.5450193D-03  0.0000000D+00
  0.4674486D-02  0.1487456D-02  0.6305532D-03  0.0000000D+00
  0.2074203D-02  0.1089388D-02  0.4809141D-02  0.0000000D+00
  0.3412162D-02  0.2696816D-02  0.1298042D-02  0.0000000D+00
  0.8215676D-03  0.3163420D-02 -0.7184163D-03  0.0000000D+00
 -0.4838440D-03  0.3976613D-02 -0.1120614D-02  0.0000000D+00
 -0.1277173D-02  0.4458372D-02 -0.1379270D-02  0.0000000D+00
  0.5995621D-02  0.1794599D-04  0.8060419D-05  0.0000000D+00
 -0.1471805D-02 -0.5882256D-03 -0.2789827D-05  0.0000000D+00
  0.7673963D-02  0.3137313D-03 -0.1129312D-03  0.0000000D+00
 -0.2192434D-02 -0.3000845D-03  0.1009273D-03  0.0000000D+00
 -0.6645116D-03  0.4033648D-03  0.1935620D-04  0.0000000D+00
 -0.6734355D-03  0.1071114D-02 -0.1269780D-02  0.0000000D+00
 -0.1462025D-02  0.1059143D-01 -0.3246408D-03  0.0000000D+00
 -0.2626241D-02  0.1789969D-01  0.1374179D-02  0.0000000D+00
 -0.4150903D-02  0.1864724D-01  0.1546824D-02  0.0000000D+00
 -0.2071721D-02  0.1410798D-01  0.2769375D-02  0.0000000D+00
 -0.8713183D-03  0.1145806D-01  0.3486757D-02  0.0000000D+00
  0.3556531D-02  0.1119374D-06  0.1478712D-04  0.0000000D+00
  0.9521978D-02  0.1772982D-03 -0.7159180D-04  0.0000000D+00
  0.4689395D-03 -0.6076439D-04  0.1379103D-03  0.0000000D+00
  0.4121802D-02  0.2478803D-03 -0.1892281D-03  0.0000000D+00
  0.3399472D-03 -0.4054866D-03  0.3930339D-03  0.0000000D+00
  0.4662203D-02  0.6373158D-03 -0.9917805D-03  0.0000000D+00
  0.3309947D-02 -0.6624317D-02 -0.1792021D-02  0.0000000D+00
  0.1736762D-02 -0.4754873D-03  0.1864007D-02  0.0000000D+00
  0.1245892D-03  0.1461911D-03  0.7509386D-03  0.0000000D+00
 -0.2343740D-03  0.2322600D-03 -0.9152559D-03  0.0000000D+00
 -0.4627907D-03  0.2893166D-03 -0.1902760D-02  0.0000000D+00
  0.8114622D-02  0.3122425D-04 -0.5638809D-04  0.0000000D+00
  0.3410891D-02  0.1133972D-03 -0.9091940D-04  0.0000000D+00
  0.7216482D-02  0.1213736D-03  0.2592216D-04  0.0000000D+00
  0.2370818D-02 -0.3115166D-03  0.5997111D-05  0.0000000D+00
 -0.1111711D-02  0.9237103D-03 -0.1161188D-03  0.0000000D+00
  0.2327859D-02 -0.3050626D-02  0.8042188D-03  0.0000000D+00
 -0.2268340D-02  0.5537776D-03 -0.1270215D-02  0.0000000D+00
 -0.3031831D-02 -0.3735533D-03  0.2765501D-03  0.0000000D+00
 -0.2520399D-02 -0.5515335D-03 -0.1406293D-02  0.0000000D+00
 -0.1946779D-02 -0.7362152D-03 -0.7867072D-03  0.0000000D+00
 -0.1604976D-02 -0.8464305D-03 -0.4426073D-03  0.0000000D+00
  0.2889856D-01 -0.3669836D-01  0.1863657D-02  0.0000000D+00
  0.8457708D-01 -0.4743930D-01  0.2761388D-02  0.0000000D+00
  0.8244387D-01 -0.4531675D-01 -0.9834687D-03  0.0000000D+00
  0.5626038D-01 -0.3198939D-01  0.1147173D-02  0.0000000D+00
  0.4831574D-01 -0.2800083D-01  0.1534810D-02  0.0000000D+00
  0.3779305D-01  0.1069925D-01 -0.6763427D-02  0.0000000D+00
  0.4515515D-01 -0.1737363D-01 -0.4176282D-03  0.0000000D+00
  0.4045185D-01 -0.4111096D-02 -0.5895420D-03  0.0000000D+00
  0.3981540D-01 -0.8618776D-02  0.7000553D-03  0.0000000D+00
  0.3967009D-01 -0.1610534D-01 -0.5084987D-02  0.0000000D+00
  0.3957883D-01 -0.2053870D-01 -0.8457224D-02  0.0000000D+00
  0.8000501D-05 -0.2471190D-01  0.1059570D-02  0.0000000D+00
  0.4389888D-02 -0.3077910D-01  0.5612670D-02  0.0000000D+00
  0.3657299D-01 -0.4403108D-01 -0.8336703D-02  0.0000000D+00
  0.3478800D-01 -0.3406641D-01  0.2032444D-02  0.0000000D+00
 -0.3406031D-02  0.2684092D-02 -0.1563911D-01  0.0000000D+00
  0.1098754D-01 -0.1244446D-01 -0.2808999D-02  0.0000000D+00
  0.1535736D-01 -0.1013564D-02  0.3849179D-02  0.0000000D+00
  0.1791103D-01 -0.1733968D-01  0.5511703D-03  0.0000000D+00
  0.1504858D-01 -0.1651053D-01  0.4279643D-02  0.0000000D+00
  0.9582075D-02 -0.1302322D-01  0.8079149D-02  0.0000000D+00
  0.6349586D-02 -0.1097138D-01  0.1034463D-01  0.0000000D+00
  0.1995160D-01 -0.3976991D-01 -0.1562651D-02  0.0000000D+00
  0.1647042D-01 -0.1635088D-01  0.6691706D-02  0.0000000D+00
 -0.2276384D-01  0.3489503D-02 -0.4139911D-02  0.0000000D+00
 -0.1737057D-01  0.5466501D-02  0.1409207D-01  0.0000000D+00
 -0.5972027D-02 -0.1679804D-01  0.9560649D-02  0.0000000D+00
 -0.2466417D-02 -0.2763234D-03 -0.2718564D-02  0.0000000D+00
  0.3992369D-02 -0.9004149D-02 -0.3388890D-02  0.0000000D+00
 -0.1291376D-01  0.1074257D-01  0.1064999D-01  0.0000000D+00
 -0.9708078D-02  0.7453670D-02  0.1243821D-01  0.0000000D+00
 -0.5215299D-02  0.1263106D-02  0.1319712D-01  0.0000000D+00
 -0.2549427D-02 -0.2396735D-02  0.1366069D-01  0.0000000D+00
 -0.2275027D-01  0.3105820D-04 -0.1045439D-03  0.0000000D+00
 -0.2048927D-01  0.1398550D-03 -0.5761568D-04  0.0000000D+00
 -0.1991071D-01 -0.5240800D-03  0.1434166D-03  0.0000000D+00
  0.6734462D-02  0.8864850D-03 -0.4071047D-03  0.0000000D+00
 -0.5656990D-02 -0.1939485D-02  0.1070676D-02  0.0000000D+00
  0.2322945D-02  0.4941440D-02 -0.4842974D-02  0.0000000D+00
  0.1264006D-01 -0.1247433D-01 -0.1257430D-01  0.0000000D+00
  0.1281464D-01 -0.8636846D-02 -0.7015081D-02  0.0000000D+00
  0.1350843D-01 -0.1821212D-01 -0.9339777D-02  0.0000000D+00
  0.1163864D-01 -0.2246727D-01 -0.9459151D-02  0.0000000D+00
  0.1055183D-01 -0.2506564D-01 -0.9553884D-02  0.0000000D+00
 -0.7907101D-02  0.1864481D-03  0.1395731D-04  0.0000000D+00
 -0.7297681D-02 -0.1669227D-03 -0.1153970D-03  0.0000000D+00
 -0.9307611D-02  0.4936372D-03  0.2164630D-04  0.0000000D+00
 -0.1535426D-02 -0.5174446D-03  0.1228109D-03  0.0000000D+00
 -0.2425516D-02  0.8944118D-03 -0.3176468D-03  0.0000000D+00
 -0.8572125D-03  0.1214424D-02  0.4524998D-03  0.0000000D+00
 -0.5562148D-02  0.1505435D-01  0.6139541D-02  0.0000000D+00
 -0.1766635D-01  0.2309399D-01 -0.9264682D-02  0.0000000D+00
 -0.1797968D-01  0.2474223D-01 -0.1667686D-02  0.0000000D+00
 -0.1465056D-01  0.2666679D-01  0.1991822D-03  0.0000000D+00
 -0.1270579D-01  0.2781073D-01  0.1376507D-02  0.0000000D+00
 -0.1251461D-02  0.4519419D-05 -0.7995039D-04  0.0000000D+00
 -0.1698069D-02  0.6175538D-04  0.2756754D-03  0.0000000D+00
 -0.9862653D-02 -0.1836755D-03 -0.4439888D-03  0.0000000D+00
 -0.2516522D-02  0.1487295D-03  0.8244585D-03  0.0000000D+00
 -0.4546328D-02 -0.3901935D-03 -0.1745179D-02  0.0000000D+00
  0.1716111D-02  0.7101632D-03  0.6168892D-02  0.0000000D+00
  0.5017460D-04  0.3831545D-02  0.3356004D-02  0.0000000D+00
  0.1164917D-02  0.6699042D-04  0.4519642D-02  0.0000000D+00
 -0.4086342D-03  0.1858282D-02  0.1799754D-02  0.0000000D+00
  0.7078052D-03  0.2313677D-02  0.1096649D-02  0.0000000D+00
  0.1343842D-02  0.2600183D-02  0.6546579D-03  0.0000000D+00
 -0.5251296D-02  0.1858623D-03  0.6667009D-04  0.0000000D+00
 -0.1110623D-01  0.1452697D-03 -0.1361942D-03  0.0000000D+00
  0.7796461D-02  0.6326676D-03  0.2040504D-03  0.0000000D+00
 -0.8681116D-02 -0.1017940D-02 -0.3027709D-03  0.0000000D+00
  0.5794922D-02  0.1746754D-02  0.3853333D-03  0.0000000D+00
 -0.6797999D-03 -0.7436667D-02 -0.5453648D-04  0.0000000D+00
 -0.2805389D-02  0.1930681D-02  0.3607366D-02  0.0000000D+00
 -0.8531659D-02  0.8144136D-02  0.4158269D-02  0.0000000D+00
 -0.7892799D-02  0.8976165D-02  0.2377102D-02  0.0000000D+00
 -0.5429820D-02  0.8299021D-02  0.2522248D-02  0.0000000D+00
 -0.3980994D-02  0.7912853D-02  0.2587197D-02  0.0000000D+00
 -0.2473379D-02 -0.1492172D-03  0.3719163D-04  0.0000000D+00
  0.7933158D-02 -0.2328839D-03  0.1907664D-04  0.0000000D+00
  0.4693666D-02 -0.6453329D-04  0.5665308D-04  0.0000000D+00
  0.2263254D-02 -0.1761646D-03 -0.9674953D-04  0.0000000D+00
  0.3900218D-02  0.6187513D-03  0.3405835D-03  0.0000000D+00
  0.5000219D-02 -0.3639274D-02 -0.2043138D-02  0.0000000D+00
  0.8616182D-02 -0.1357416D-02  0.1231766D-02  0.0000000D+00
  0.2837170D-02 -0.8940863D-03 -0.1162902D-02  0.0000000D+00
  0.3719742D-03 -0.2092302D-03 -0.1518021D-03  0.0000000D+00
 -0.3540820D-04  0.1901423D-02 -0.1629712D-02  0.0000000D+00
 -0.3017283D-03  0.3144649D-02 -0.2483293D-02  0.0000000D+00
 -0.2383547D-02  0.1128331D-03  0.1376940D-04  0.0000000D+00
  0.3293821D-02  0.8343265D-04 -0.1791612D-03  0.0000000D+00
  0.5643566D-02 -0.4833372D-04  0.3873310D-03  0.0000000D+00
 -0.2250741D-02  0.1483946D-03 -0.7804313D-03  0.0000000D+00
  0.7946501D-03 -0.4798713D-03  0.1499592D-02  0.0000000D+00
  0.2247809D-02  0.3321955D-02 -0.3363397D-02  0.0000000D+00
  0.1607313D-02  0.8377646D-03  0.5736005D-02  0.0000000D+00
 -0.1802257D-02  0.6338934D-02  0.1243369D-02  0.0000000D+00
 -0.3009713D-02  0.3748011D-02 -0.4322825D-03  0.0000000D+00
 -0.3676835D-02  0.1944817D-02 -0.5539559D-05  0.0000000D+00
 -0.4080729D-02  0.8603340D-03  0.2252771D-03  0.0000000D+00
 -0.1531260D-02 -0.1129311D-01 -0.5468664D-02  0.0000000D+00
 -0.2739120D-04  0.3738083D-02  0.6469816D-02  0.0000000D+00
 -0.5749427D-02 -0.2657835D-03 -0.4438505D-02  0.0000000D+00
  0.1719797D-02 -0.1972507D-01 -0.2589777D-02  0.0000000D+00
 -0.2085802D-02 -0.5265668D-03 -0.2657748D-02  0.0000000D+00
  0.3922119D-02 -0.7634562D-02 -0.1009760D-01  0.0000000D+00
  0.4784260D-02 -0.1975996D-01 -0.2685747D-02  0.0000000D+00
  0.5071787D-02 -0.2158771D-01 -0.3370350D-02  0.0000000D+00
  0.1549549D-02 -0.1905041D-01 -0.3245026D-02  0.0000000D+00
 -0.4623664D-02 -0.2575136D-02 -0.3827562D-02  0.0000000D+00
 -0.8277843D-02  0.7100841D-02 -0.4166851D-02  0.0000000D+00
 -0.5493140D-02 -0.1519297D-01 -0.5509580D-02  0.0000000D+00
  0.2108771D-02  0.1883739D-02 -0.3383226D-02  0.0000000D+00
  0.1262210D-01 -0.8354347D-02 -0.8890401D-03  0.0000000D+00
 -0.1951511D-02 -0.1167937D-01 -0.2187890D-02  0.0000000D+00
  0.5893031D-02 -0.2385735D-01 -0.7448626D-02  0.0000000D+00
 -0.1302712D-02 -0.1368106D-02 -0.5866012D-02  0.0000000D+00
  0.1959000D-02 -0.2028336D-01  0.3996859D-02  0.0000000D+00
  0.4376702D-02 -0.1574610D-01  0.2716727D-02  0.0000000D+00
  0.3657296D-02 -0.1047862D-01 -0.6299073D-04  0.0000000D+00
  0.5000452D-02 -0.1526067D-01 -0.5338399D-03  0.0000000D+00
  0.5779019D-02 -0.1800114D-01 -0.8402786D-03  0.0000000D+00
  0.4241678D-02 -0.1942715D-01  0.9323717D-02  0.0000000D+00
  0.5225022D-04  0.5052230D-02  0.1700114D-01  0.0000000D+00
  0.9530353D-02 -0.1662804D-01 -0.3674939D-03  0.0000000D+00
  0.4826808D-02 -0.2266914D-01  0.1092095D-01  0.0000000D+00
  0.2805948D-02  0.5669904D-03 -0.3764816D-02  0.0000000D+00
 -0.3835075D-03 -0.8397364D-02  0.2458875D-02  0.0000000D+00
 -0.3787658D-02 -0.2716673D-01  0.1086833D-01  0.0000000D+00
 -0.4501065D-02 -0.1832011D-01 -0.4356395D-02  0.0000000D+00
 -0.5124488D-02 -0.1127303D-01 -0.3519507D-02  0.0000000D+00
 -0.2910498D-02 -0.9801098D-02 -0.4445198D-04  0.0000000D+00
 -0.1621419D-02 -0.8860280D-02  0.2000342D-02  0.0000000D+00
 -0.6739568D-03  0.1897215D-04  0.7339190D-04  0.0000000D+00
  0.1239420D-01  0.7403207D-03 -0.3314385D-03  0.0000000D+00
  0.1349920D-01 -0.2820285D-03  0.4778043D-03  0.0000000D+00
  0.7562320D-02  0.3496436D-04 -0.8646311D-03  0.0000000D+00
 -0.4999768D-02 -0.2961653D-03  0.1884256D-02  0.0000000D+00
 -0.4402755D-02  0.2971778D-02 -0.5829817D-02  0.0000000D+00
  0.1243541D-02  0.2921448D-02  0.1067221D-02  0.0000000D+00
 -0.2434830D-02  0.9067194D-02  0.3855008D-03  0.0000000D+00
  0.1515428D-03  0.2127915D-02  0.1393986D-02  0.0000000D+00
  0.1105519D-02 -0.1558057D-02  0.7553129D-04  0.0000000D+00
  0.1692738D-02 -0.3792972D-02 -0.6851789D-03  0.0000000D+00
  0.4407584D-02 -0.9189423D-04  0.2277095D-04  0.0000000D+00
  0.7577718D-02  0.3605816D-04 -0.2301622D-03  0.0000000D+00
 -0.2334522D-02 -0.4475523D-03  0.4740635D-03  0.0000000D+00
 -0.4738904D-03  0.1073495D-02 -0.6539453D-03  0.0000000D+00
  0.1307251D-02 -0.1889683D-02  0.1159915D-02  0.0000000D+00
 -0.2239843D-02  0.5492363D-02 -0.2905119D-02  0.0000000D+00
  0.6557309D-02 -0.1250406D-01  0.2283538D-02  0.0000000D+00
  0.8913146D-02 -0.1579652D-01  0.4922865D-02  0.0000000D+00
  0.6584227D-02 -0.1308721D-01  0.1765587D-02  0.0000000D+00
  0.3503304D-02 -0.5911798D-02  0.2263983D-02  0.0000000D+00
  0.1673607D-02 -0.1680922D-02  0.2520553D-02  0.0000000D+00
  0.4086229D-02 -0.2120983D-04 -0.1821841D-04  0.0000000D+00
  0.1681592D-01 -0.5488086D-03  0.5888603D-04  0.0000000D+00
  0.1305551D-01  0.4418884D-03 -0.1607639D-03  0.0000000D+00
  0.6110286D-02 -0.8354116D-03  0.3846016D-03  0.0000000D+00
  0.3700998D-02  0.1386572D-02 -0.1021148D-02  0.0000000D+00
 -0.4592306D-02 -0.4002904D-02  0.4158467D-02  0.0000000D+00
  0.8418953D-03  0.6127533D-02  0.6971251D-02  0.0000000D+00
  0.2754681D-03  0.9851683D-02  0.1523714D-02  0.0000000D+00
  0.2249626D-02  0.6804014D-02  0.5523526D-03  0.0000000D+00
  0.3127317D-02  0.9911737D-03  0.9753213D-03  0.0000000D+00
  0.3663462D-02 -0.2445667D-02  0.1212266D-02  0.0000000D+00
 -0.1194987D-01 -0.4851517D-04  0.5635199D-04  0.0000000D+00
  0.8845160D-02  0.2546963D-03  0.9622297D-04  0.0000000D+00
 -0.2504207D-03 -0.2838235D-04 -0.2552622D-04  0.0000000D+00
  0.4482762D-02 -0.5012654D-04  0.8910794D-04  0.0000000D+00
  0.6561451D-03  0.1894885D-03 -0.4759244D-03  0.0000000D+00
  0.5968100D-02 -0.1897216D-02  0.2452577D-02  0.0000000D+00
  0.6655435D-02  0.1871997D-02  0.2128383D-02  0.0000000D+00
  0.4823080D-02 -0.1748446D-02  0.2546789D-02  0.0000000D+00
  0.1358298D-02  0.1922054D-02  0.2834867D-02  0.0000000D+00
  0.6830449D-03  0.2400472D-02  0.2391096D-02  0.0000000D+00
  0.2492934D-03  0.2721013D-02  0.2134256D-02  0.0000000D+00
 -0.6254293D-02 -0.1250973D-03  0.1056581D-03  0.0000000D+00
 -0.3454141D-03 -0.2785354D-03 -0.4313822D-03  0.0000000D+00
  0.5366597D-02  0.1462784D-03  0.5708904D-03  0.0000000D+00
 -0.1207907D-02 -0.2725384D-03 -0.8783446D-03  0.0000000D+00
  0.3338400D-02  0.5654138D-03  0.2051951D-02  0.0000000D+00
 -0.8715730D-02 -0.3898960D-03 -0.5390922D-02  0.0000000D+00
 -0.5374219D-02  0.3979659D-02  0.2380806D-02  0.0000000D+00
 -0.9821976D-03  0.3986025D-02 -0.7260696D-03  0.0000000D+00
  0.4004250D-03  0.2313593D-02 -0.8604426D-03  0.0000000D+00
  0.9187385D-03  0.1733931D-02 -0.1060961D-02  0.0000000D+00
  0.1237510D-02  0.1375038D-02 -0.1180311D-02  0.0000000D+00
 -0.6855878D-02  0.6567374D-04 -0.3191322D-04  0.0000000D+00
  0.2068618D-02 -0.3188589D-03 -0.1741072D-04  0.0000000D+00
  0.1514052D-02  0.2570307D-03  0.1381507D-03  0.0000000D+00
 -0.1702415D-02 -0.5977567D-03 -0.2120600D-03  0.0000000D+00
 -0.9703195D-03  0.7785396D-03  0.6129518D-03  0.0000000D+00
  0.2641113D-02 -0.5535105D-03 -0.2109440D-02  0.0000000D+00
  0.2443185D-02  0.2202279D-02 -0.8690767D-03  0.0000000D+00
 -0.5775414D-04  0.3872707D-02  0.3233570D-02  0.0000000D+00
  0.1563221D-02 -0.1835696D-02  0.1394833D-02  0.0000000D+00
  0.1638171D-03 -0.4464143D-03  0.4275722D-03  0.0000000D+00
 -0.6374598D-03  0.3036132D-03 -0.1595993D-03  0.0000000D+00
 -0.5596369D-03  0.5818875D-02  0.3175815D-02  0.0000000D+00
  0.4761073D-02 -0.1841662D-01  0.2315812D-02  0.0000000D+00
  0.1149884D-01 -0.1277705D-01  0.2201313D-02  0.0000000D+00
 -0.6967876D-03  0.1568457D-02 -0.1674225D-02  0.0000000D+00
  0.1367790D-02 -0.1099200D-01 -0.1072831D-02  0.0000000D+00
  0.2429060D-02 -0.1096525D-02  0.7803791D-03  0.0000000D+00
  0.5771446D-02 -0.7831260D-02  0.1689400D-03  0.0000000D+00
  0.9542500D-02 -0.1104662D-01  0.1336875D-03  0.0000000D+00
  0.9511876D-02 -0.8270384D-02  0.9918842D-03  0.0000000D+00
  0.7368718D-02 -0.6136156D-02  0.1167307D-02  0.0000000D+00
  0.6113992D-02 -0.4855451D-02  0.1279379D-02  0.0000000D+00
 -0.6146304D-02  0.7070048D-02  0.1110245D-02  0.0000000D+00
 -0.1833143D-01 -0.6609085D-02  0.3974638D-02  0.0000000D+00
 -0.1101193D-01 -0.1121489D-01  0.4674480D-03  0.0000000D+00
 -0.5361590D-02  0.3220807D-02 -0.2431708D-02  0.0000000D+00
 -0.1263832D-01  0.2072805D-03  0.4650839D-02  0.0000000D+00
 -0.1073945D-01  0.2797018D-03 -0.2370647D-02  0.0000000D+00
 -0.2351709D-02 -0.2707582D-02 -0.8186870D-03  0.0000000D+00
  0.1488420D-02 -0.6405731D-02 -0.3539404D-02  0.0000000D+00
  0.3024184D-02 -0.7436791D-02 -0.1864073D-02  0.0000000D+00
  0.2629697D-02 -0.5847989D-02 -0.1827748D-02  0.0000000D+00
  0.2415769D-02 -0.4929371D-02 -0.1787094D-02  0.0000000D+00
 -0.2126884D-02 -0.2440734D-02 -0.2696721D-02  0.0000000D+00
 -0.5638778D-02 -0.9988157D-02 -0.4198477D-02  0.0000000D+00
 -0.1134158D-01  0.4943569D-02  0.3869095D-02  0.0000000D+00
 -0.7670075D-02  0.5463818D-02 -0.7685381D-02  0.0000000D+00
 -0.4230670D-02 -0.3977281D-02  0.1388134D-02  0.0000000D+00
 -0.8607415D-02  0.3649346D-02 -0.5959048D-04  0.0000000D+00
 -0.5878168D-02 -0.2605379D-02 -0.2110198D-02  0.0000000D+00
 -0.6076357D-02  0.9457803D-03  0.1799387D-04  0.0000000D+00
 -0.4093625D-02  0.2534784D-02 -0.2727095D-03  0.0000000D+00
 -0.1806974D-02  0.2259324D-02 -0.7671223D-03  0.0000000D+00
 -0.4459148D-03  0.2115916D-02 -0.1059799D-02  0.0000000D+00
 -0.1156532D-02 -0.3426218D-04 -0.8218901D-04  0.0000000D+00
 -0.9912508D-03  0.4670451D-04  0.1379730D-03  0.0000000D+00
 -0.7159402D-02  0.6768761D-04 -0.2390506D-03  0.0000000D+00
 -0.1141619D-02  0.2139016D-05  0.2486308D-03  0.0000000D+00
 -0.2092030D-02 -0.3706037D-03 -0.3381941D-03  0.0000000D+00
 -0.8492046D-02  0.1531027D-02  0.3551474D-03  0.0000000D+00
  0.3649366D-02 -0.5136711D-02 -0.1989638D-03  0.0000000D+00
  0.4928198D-02 -0.3045207D-02  0.1450773D-02  0.0000000D+00
  0.7098733D-02 -0.5012691D-02  0.1314048D-02  0.0000000D+00
  0.6068890D-02 -0.5090784D-02  0.5164608D-03  0.0000000D+00
  0.5490048D-02 -0.5158613D-02  0.4754880D-04  0.0000000D+00
 -0.4543462D-02  0.4578941D-04 -0.3121918D-04  0.0000000D+00
 -0.1109106D-01 -0.3711674D-03  0.1144988D-03  0.0000000D+00
 -0.8935056D-02 -0.2784025D-03 -0.3346715D-04  0.0000000D+00
 -0.2580555D-02  0.6498348D-03  0.2238308D-03  0.0000000D+00
 -0.3562150D-02 -0.6499194D-03 -0.6260334D-03  0.0000000D+00
  0.1298576D-02  0.1329623D-02  0.2436343D-02  0.0000000D+00
 -0.1267670D-02 -0.3767851D-02 -0.1777766D-03  0.0000000D+00
 -0.4390263D-02  0.2758886D-02  0.2027607D-02  0.0000000D+00
 -0.5422661D-02  0.5804740D-02  0.1920913D-02  0.0000000D+00
 -0.4612304D-02  0.4437058D-02  0.4119563D-03  0.0000000D+00
 -0.4149757D-02  0.3671167D-02 -0.4726318D-03  0.0000000D+00
  0.1358839D-02  0.2131522D-04  0.5472419D-04  0.0000000D+00
 -0.2829976D-03  0.9447401D-04 -0.1173893D-03  0.0000000D+00
 -0.9264179D-03  0.3294352D-03  0.2126940D-03  0.0000000D+00
 -0.2101251D-02 -0.5596435D-03 -0.4339855D-03  0.0000000D+00
 -0.2427745D-02  0.1242931D-02  0.7257001D-03  0.0000000D+00
 -0.4578924D-02 -0.2008739D-02 -0.9348183D-03  0.0000000D+00
 -0.6013458D-02  0.6673179D-02  0.1711919D-02  0.0000000D+00
 -0.3808309D-02  0.5335512D-02 -0.7357298D-03  0.0000000D+00
 -0.1933369D-02  0.1657149D-02 -0.1777928D-02  0.0000000D+00
 -0.4449472D-03  0.1815921D-02 -0.3649407D-03  0.0000000D+00
  0.4473524D-03  0.1867331D-02  0.4504644D-03  0.0000000D+00
 -0.4966460D-02  0.4684625D-05  0.3718276D-04  0.0000000D+00
 -0.7183848D-03  0.2221391D-03 -0.1147544D-03  0.0000000D+00
  0.1189110D-02 -0.4087432D-03  0.9968197D-04  0.0000000D+00
 -0.1154039D-02  0.4294106D-03 -0.2390396D-03  0.0000000D+00
  0.6571783D-02 -0.7446804D-03  0.5921846D-03  0.0000000D+00
  0.2910520D-05  0.3612412D-03 -0.2122722D-02  0.0000000D+00
 -0.1179417D-02 -0.1436812D-02 -0.1929488D-02  0.0000000D+00
 -0.5412832D-02  0.8815123D-02 -0.1303733D-02  0.0000000D+00
 -0.4601824D-02  0.7689527D-02 -0.3181013D-03  0.0000000D+00
 -0.2484606D-02  0.4887216D-02  0.6164945D-03  0.0000000D+00
 -0.1236213D-02  0.3235200D-02  0.1174734D-02  0.0000000D+00
  0.7409696D-03  0.2074119D-05 -0.3396831D-04  0.0000000D+00
 -0.1237936D-02  0.5232223D-04  0.8583998D-04  0.0000000D+00
 -0.1222480D-02  0.8448066D-04 -0.7036329D-04  0.0000000D+00
  0.8780709D-03 -0.1584627D-03  0.1747305D-03  0.0000000D+00
 -0.4258258D-03  0.2602662D-03 -0.3232616D-03  0.0000000D+00
  0.1980221D-02 -0.1414517D-02  0.1441345D-03  0.0000000D+00
  0.2220568D-02  0.1451466D-02 -0.6052186D-03  0.0000000D+00
  0.7332423D-03  0.2733644D-02  0.1410864D-02  0.0000000D+00
  0.1265524D-02 -0.6321963D-04 -0.8946461D-04  0.0000000D+00
  0.6588174D-03  0.1176325D-02 -0.3167507D-03  0.0000000D+00
  0.3095045D-03  0.1870674D-02 -0.4664080D-03  0.0000000D+00
  0.8312681D-03 -0.8554371D-04  0.2517722D-04  0.0000000D+00
 -0.2603639D-02 -0.2489268D-03  0.9688725D-05  0.0000000D+00
 -0.2305363D-02 -0.9110701D-04 -0.1171932D-03  0.0000000D+00
 -0.2644537D-02  0.2205279D-03  0.2369362D-03  0.0000000D+00
 -0.3106515D-02 -0.2041140D-03 -0.5110992D-03  0.0000000D+00
  0.1701149D-02  0.2499928D-03  0.1364841D-02  0.0000000D+00
 -0.1912607D-02  0.2845715D-03  0.2127107D-02  0.0000000D+00
 -0.4489551D-03  0.2608268D-02 -0.1279908D-02  0.0000000D+00
  0.6558689D-04  0.2172696D-02 -0.1003609D-02  0.0000000D+00
 -0.1168782D-02  0.3289752D-03 -0.1220778D-02  0.0000000D+00
 -0.1885364D-02 -0.7549141D-03 -0.1344956D-02  0.0000000D+00
 -0.1009716D-01  0.1038529D-01  0.1740749D-02  0.0000000D+00
 -0.1777682D-01  0.1090507D-01  0.1690552D-02  0.0000000D+00
 -0.5604178D-02  0.3962968D-02  0.3800908D-02  0.0000000D+00
 -0.6799167D-02  0.4097282D-02  0.1944899D-03  0.0000000D+00
 -0.1013610D-01  0.4297752D-02 -0.5895334D-03  0.0000000D+00
 -0.2325894D-03  0.1296753D-02  0.1063747D-02  0.0000000D+00
 -0.1930867D-02  0.5681749D-02 -0.1056149D-02  0.0000000D+00
  0.2127005D-02  0.6840832D-03  0.1330501D-02  0.0000000D+00
 -0.9779531D-03  0.1626403D-02  0.1761081D-04  0.0000000D+00
 -0.1335507D-02 -0.4013745D-03  0.1243061D-02  0.0000000D+00
 -0.1579461D-02 -0.1578258D-02  0.1945578D-02  0.0000000D+00
 -0.1184248D-02  0.1361748D-01  0.2039928D-02  0.0000000D+00
  0.4895514D-02  0.5523657D-02  0.4870455D-03  0.0000000D+00
  0.7226043D-02  0.2571979D-02  0.4176994D-02  0.0000000D+00
  0.3181020D-02 -0.1867449D-02  0.1570673D-02  0.0000000D+00
  0.8490765D-02 -0.4777121D-03 -0.1085849D-02  0.0000000D+00
  0.3164041D-02 -0.7256281D-03  0.3490408D-02  0.0000000D+00
  0.1629385D-02  0.3223615D-04  0.3918489D-02  0.0000000D+00
  0.3672327D-02  0.2249996D-02  0.1631928D-02  0.0000000D+00
  0.4893715D-02 -0.1373612D-02  0.2524085D-02  0.0000000D+00
  0.3996292D-02 -0.3945787D-02  0.4251240D-02  0.0000000D+00
  0.3484812D-02 -0.5491481D-02  0.5272243D-02  0.0000000D+00
  0.5796880D-02  0.5659302D-02 -0.4904513D-03  0.0000000D+00
 -0.7872636D-03  0.6264430D-02 -0.4211182D-03  0.0000000D+00
  0.1116129D-03 -0.6158491D-02 -0.1758787D-02  0.0000000D+00
  0.4362824D-02  0.1551922D-02 -0.3768092D-02  0.0000000D+00
 -0.3543310D-02 -0.1875707D-02 -0.9610416D-03  0.0000000D+00
 -0.2344853D-03  0.9152222D-03  0.3956423D-02  0.0000000D+00
 -0.3753795D-04  0.1985054D-02 -0.2954921D-02  0.0000000D+00
  0.2117544D-02  0.6139447D-03 -0.8040593D-03  0.0000000D+00
  0.1572679D-03  0.6751701D-03 -0.2728514D-03  0.0000000D+00
 -0.1536528D-02  0.2416032D-02 -0.1406661D-02  0.0000000D+00
 -0.2550023D-02  0.3435472D-02 -0.2064857D-02  0.0000000D+00
 -0.3305679D-03 -0.2000884D-04 -0.1749544D-04  0.0000000D+00
  0.3667372D-02 -0.4338165D-03 -0.1379804D-03  0.0000000D+00
  0.6224483D-02  0.2403552D-03  0.2085205D-03  0.0000000D+00
  0.6003543D-03 -0.1120068D-03 -0.2615289D-03  0.0000000D+00
 -0.5901807D-03  0.5589092D-03  0.7181115D-03  0.0000000D+00
  0.2764795D-03 -0.2046653D-02 -0.2272021D-02  0.0000000D+00
 -0.3236331D-02  0.8946200D-03  0.1662426D-02  0.0000000D+00
 -0.2281792D-02 -0.3169475D-03  0.3531300D-02  0.0000000D+00
 -0.1940141D-03 -0.2680664D-02  0.2360989D-03  0.0000000D+00
  0.1179159D-02 -0.3758282D-02 -0.4257754D-03  0.0000000D+00
  0.2006863D-02 -0.4415199D-02 -0.8503266D-03  0.0000000D+00
  0.5669473D-02 -0.1779486D-04 -0.4470023D-04  0.0000000D+00
 -0.1706937D-02  0.1737032D-03  0.3242627D-04  0.0000000D+00
 -0.7768524D-02 -0.3087183D-03  0.3408101D-04  0.0000000D+00
 -0.1116614D-02 -0.7992669D-04 -0.1019576D-03  0.0000000D+00
 -0.5788287D-03  0.5559669D-04  0.1216963D-03  0.0000000D+00
 -0.1635545D-02 -0.3485787D-03  0.1319700D-02  0.0000000D+00
  0.4173101D-02  0.2009651D-02  0.1525606D-02  0.0000000D+00
  0.3028348D-02  0.2948313D-03 -0.4392653D-03  0.0000000D+00
  0.2921550D-02 -0.1082941D-03 -0.1181686D-02  0.0000000D+00
  0.1970275D-02 -0.1802205D-02 -0.2545646D-03  0.0000000D+00
  0.1411965D-02 -0.2798933D-02  0.2794042D-03  0.0000000D+00
 -0.2510796D-02  0.1285975D-03 -0.2610492D-04  0.0000000D+00
  0.7549939D-02 -0.3185141D-04  0.7325999D-05  0.0000000D+00
  0.4492881D-03 -0.5579857D-04 -0.8846988D-04  0.0000000D+00
 -0.7647254D-03  0.2593192D-03  0.2246114D-03  0.0000000D+00
  0.1399682D-02 -0.8090188D-04 -0.4811924D-03  0.0000000D+00
 -0.2032162D-02  0.6073896D-03  0.1214523D-02  0.0000000D+00
 -0.1508193D-02  0.6629331D-03 -0.1080331D-03  0.0000000D+00
  0.6044980D-03  0.1723599D-03  0.7460013D-03  0.0000000D+00
  0.1579682D-02  0.2099927D-03  0.1533068D-02  0.0000000D+00
  0.1475832D-02 -0.8530985D-03  0.1366193D-02  0.0000000D+00
  0.1425961D-02 -0.1475355D-02  0.1277435D-02  0.0000000D+00
 -0.9356848D-03 -0.2272576D-03 -0.1706380D-04  0.0000000D+00
  0.2106088D-02 -0.2184422D-03 -0.1161794D-04  0.0000000D+00
 -0.6215303D-02  0.4995713D-04  0.1113943D-03  0.0000000D+00
  0.4366947D-02 -0.1420961D-03 -0.8521247D-04  0.0000000D+00
 -0.1883001D-02  0.2343739D-03  0.1431721D-03  0.0000000D+00
  0.4751796D-02  0.1306364D-03 -0.4636180D-03  0.0000000D+00
  0.3521544D-03  0.1744599D-04 -0.7444583D-03  0.0000000D+00
  0.3860332D-02  0.1892209D-02 -0.7005362D-04  0.0000000D+00
  0.2562835D-02 -0.1138923D-02  0.7549303D-03  0.0000000D+00
  0.5857885D-03 -0.2764815D-03  0.1740122D-03  0.0000000D+00
 -0.5858046D-03  0.1947415D-03 -0.1566885D-03  0.0000000D+00
 -0.3362089D-02  0.1013073D-03 -0.3932435D-04  0.0000000D+00
 -0.7832459D-02 -0.6185799D-04 -0.1504740D-03  0.0000000D+00
 -0.7586996D-02  0.1267832D-03  0.1889809D-03  0.0000000D+00
 -0.3940560D-02 -0.3169450D-04 -0.3187312D-03  0.0000000D+00
 -0.1732503D-02 -0.7123594D-05  0.3805570D-03  0.0000000D+00
 -0.8228894D-03 -0.1511116D-04 -0.8092067D-04  0.0000000D+00
 -0.2729696D-02 -0.3226179D-03 -0.5182499D-04  0.0000000D+00
  0.1787095D-02 -0.1209807D-02 -0.5217853D-03  0.0000000D+00
  0.2470073D-02 -0.3151973D-03 -0.8499409D-03  0.0000000D+00
  0.2051105D-02 -0.1189486D-02 -0.5508139D-03  0.0000000D+00
  0.1813708D-02 -0.1691490D-02 -0.3794936D-03  0.0000000D+00
 -0.1082924D-02 -0.1630599D-03  0.4483896D-04  0.0000000D+00
 -0.4566932D-02  0.4041061D-03 -0.7849701D-05  0.0000000D+00
 -0.3895008D-02 -0.2857856D-03 -0.7944761D-04  0.0000000D+00
 -0.2620950D-02  0.2542773D-03 -0.9259868D-05  0.0000000D+00
 -0.9200608D-03 -0.2696745D-03  0.1809236D-03  0.0000000D+00
 -0.1736629D-02 -0.1430162D-03 -0.7372956D-03  0.0000000D+00
 -0.9383595D-03  0.1828537D-02  0.2553300D-04  0.0000000D+00
 -0.2448497D-02  0.4069734D-03  0.1632698D-03  0.0000000D+00
 -0.6105126D-03  0.8193535D-03  0.5152780D-03  0.0000000D+00
 -0.7849821D-04 -0.4219091D-03  0.6378195D-03  0.0000000D+00
  0.2534994D-03 -0.1144175D-02  0.7134973D-03  0.0000000D+00
 -0.4436616D-03 -0.6389037D-04 -0.8246026D-03  0.0000000D+00
 -0.3463372D-03 -0.1331246D-01  0.1110697D-03  0.0000000D+00
  0.2016188D-02  0.3116945D-03 -0.3375963D-02  0.0000000D+00
 -0.3675040D-02 -0.5495500D-02  0.2936257D-03  0.0000000D+00
  0.2581608D-02 -0.3816646D-02 -0.1726461D-02  0.0000000D+00
  0.4873576D-03 -0.2815236D-02 -0.2646803D-02  0.0000000D+00
 -0.3507552D-03 -0.1004009D-02 -0.8956072D-03  0.0000000D+00
 -0.1043612D-02 -0.3169819D-02 -0.4315138D-03  0.0000000D+00
  0.5671327D-03 -0.1387525D-02  0.1258941D-02  0.0000000D+00
  0.5163342D-03 -0.1540041D-02  0.1818161D-02  0.0000000D+00
  0.5047382D-03 -0.1609436D-02  0.2164316D-02  0.0000000D+00
 -0.3628424D-02 -0.1372656D-02 -0.9098654D-03  0.0000000D+00
 -0.4001538D-02 -0.4840019D-02  0.2955580D-02  0.0000000D+00
  0.6574755D-03  0.1733672D-03 -0.1077423D-02  0.0000000D+00
 -0.4955099D-02 -0.4386219D-02 -0.6116744D-03  0.0000000D+00
  0.1549056D-02  0.2468125D-02 -0.3092662D-02  0.0000000D+00
  0.7960997D-03 -0.5991611D-02  0.1538819D-02  0.0000000D+00
 -0.1966267D-02 -0.6514812D-03 -0.5989728D-03  0.0000000D+00
  0.2043911D-02 -0.3998914D-02 -0.8139252D-03  0.0000000D+00
  0.2824943D-02 -0.1280554D-02 -0.2301507D-02  0.0000000D+00
  0.9001916D-03 -0.1080552D-02 -0.3443957D-02  0.0000000D+00
 -0.2177218D-03 -0.9327262D-03 -0.4129288D-02  0.0000000D+00
 -0.3251881D-02 -0.7271164D-03  0.1881543D-02  0.0000000D+00
 -0.4506286D-02 -0.2761323D-02 -0.2562069D-02  0.0000000D+00
 -0.6018319D-02  0.4652575D-02  0.1861415D-02  0.0000000D+00
  0.2526985D-03  0.3522971D-02  0.1924563D-02  0.0000000D+00
  0.5625378D-03 -0.1584778D-02  0.7008799D-03  0.0000000D+00
 -0.4855513D-02  0.4690237D-03 -0.1458276D-02  0.0000000D+00
 -0.4326097D-02 -0.9222015D-03  0.1556209D-02  0.0000000D+00
 -0.3995250D-02 -0.3162239D-03 -0.2721714D-02  0.0000000D+00
 -0.3034371D-02  0.3182948D-03 -0.7389476D-03  0.0000000D+00
 -0.1473898D-02 -0.5603071D-03 -0.3045121D-03  0.0000000D+00
 -0.5495858D-03 -0.1067472D-02 -0.2811506D-04  0.0000000D+00
  0.7813695D-03  0.7532115D-04 -0.7943767D-04  0.0000000D+00
  0.4414294D-02 -0.1055878D-03  0.6949522D-04  0.0000000D+00
  0.7045394D-02  0.3172973D-03 -0.1009593D-03  0.0000000D+00
  0.1766003D-02 -0.1009740D-03  0.1564283D-03  0.0000000D+00
  0.1347410D-02  0.6206863D-04 -0.1543561D-03  0.0000000D+00
  0.5013313D-03 -0.2195513D-03 -0.2768932D-03  0.0000000D+00
 -0.6714358D-03 -0.2362310D-03 -0.4598508D-04  0.0000000D+00
 -0.2061289D-03 -0.1952649D-02  0.1995384D-03  0.0000000D+00
  0.1915452D-02 -0.9442338D-03  0.8812170D-03  0.0000000D+00
  0.2427068D-02  0.6713228D-03  0.1596899D-02  0.0000000D+00
  0.2750444D-02  0.1628451D-02  0.2023487D-02  0.0000000D+00
  0.8033830D-03 -0.3347759D-04 -0.4489051D-04  0.0000000D+00
 -0.5453954D-02  0.2811985D-03  0.1463929D-03  0.0000000D+00
 -0.5228879D-02 -0.1359197D-03 -0.2838731D-03  0.0000000D+00
 -0.1553106D-02  0.2068599D-04  0.4364911D-03  0.0000000D+00
 -0.1356084D-03 -0.5948898D-03 -0.8958949D-03  0.0000000D+00
  0.7564967D-03  0.1233304D-02  0.2420135D-02  0.0000000D+00
  0.6305842D-03 -0.1332409D-02 -0.8959002D-04  0.0000000D+00
 -0.6642894D-03  0.2544290D-02  0.9820903D-03  0.0000000D+00
 -0.8052069D-03  0.5186449D-03  0.1171013D-02  0.0000000D+00
 -0.8153247D-03 -0.1408616D-02  0.8313391D-03  0.0000000D+00
 -0.8227271D-03 -0.2559087D-02  0.6346515D-03  0.0000000D+00
  0.2978196D-03  0.1478441D-04 -0.7098668D-05  0.0000000D+00
  0.3597345D-02 -0.6381037D-03  0.3157207D-05  0.0000000D+00
  0.5271979D-02  0.1105629D-03  0.1495189D-04  0.0000000D+00
  0.2180582D-02  0.2108197D-03 -0.5200255D-04  0.0000000D+00
  0.2476387D-02 -0.2604021D-03  0.1184698D-03  0.0000000D+00
  0.1606098D-02  0.4626470D-04 -0.4438911D-04  0.0000000D+00
 -0.4290280D-02  0.1488213D-02 -0.5609337D-03  0.0000000D+00
 -0.1634715D-02 -0.4383859D-03 -0.8010320D-03  0.0000000D+00
 -0.1078937D-03  0.5402093D-03 -0.2140327D-02  0.0000000D+00
 -0.2512527D-03  0.1542961D-02 -0.2014120D-02  0.0000000D+00
 -0.3180173D-03  0.2140706D-02 -0.1954926D-02  0.0000000D+00
  0.7558854D-03 -0.5896759D-04  0.7738690D-04  0.0000000D+00
  0.1732610D-02  0.2360351D-04 -0.2765918D-03  0.0000000D+00
 -0.3478149D-03 -0.1037415D-04  0.2086708D-03  0.0000000D+00
 -0.1503263D-03  0.4020228D-04 -0.2141388D-03  0.0000000D+00
  0.6443588D-03  0.6157923D-04  0.5703598D-03  0.0000000D+00
  0.3517161D-02 -0.6655269D-03 -0.1897577D-02  0.0000000D+00
  0.2256627D-02  0.2205142D-02  0.4469654D-03  0.0000000D+00
  0.6945354D-04  0.2862537D-03 -0.1068957D-02  0.0000000D+00
 -0.5839789D-03  0.4915776D-03 -0.6512140D-03  0.0000000D+00
 -0.7278782D-03 -0.4201469D-03 -0.9693394D-03  0.0000000D+00
 -0.8194901D-03 -0.9509355D-03 -0.1151064D-02  0.0000000D+00
 -0.2694970D-02 -0.2666405D-04  0.6005993D-05  0.0000000D+00
  0.2528572D-02  0.1851778D-03  0.5201489D-04  0.0000000D+00
  0.2069662D-02 -0.2952563D-04 -0.1131156D-03  0.0000000D+00
  0.2614491D-02  0.2233275D-04  0.2965406D-03  0.0000000D+00
  0.1809247D-02  0.2107542D-04 -0.4194359D-03  0.0000000D+00
  0.2332287D-02 -0.6457014D-04  0.7046198D-03  0.0000000D+00
 -0.1241766D-02 -0.1100206D-02  0.1944614D-03  0.0000000D+00
 -0.1524420D-03  0.8886928D-04 -0.9591651D-04  0.0000000D+00
 -0.3451223D-05 -0.2049004D-03  0.1006450D-02  0.0000000D+00
 -0.4209914D-03  0.5308039D-04  0.4822104D-03  0.0000000D+00
 -0.6637242D-03  0.2007932D-03  0.1873881D-03  0.0000000D+00
 -0.3825053D-03  0.6882009D-04 -0.5784017D-04  0.0000000D+00
  0.1162510D-02 -0.1682295D-03  0.7568101D-04  0.0000000D+00
 -0.2559812D-02  0.2543117D-03 -0.1613120D-03  0.0000000D+00
 -0.3792633D-03 -0.2685984D-03  0.2636156D-03  0.0000000D+00
 -0.1004252D-02  0.5857803D-04 -0.5515748D-03  0.0000000D+00
  0.1900355D-03 -0.1504754D-03  0.1260010D-02  0.0000000D+00
  0.2957424D-02 -0.4514943D-03 -0.1546818D-02  0.0000000D+00
  0.2912488D-02 -0.1747338D-02  0.2508678D-03  0.0000000D+00
  0.2593685D-02 -0.1912663D-02  0.5375341D-03  0.0000000D+00
  0.8342649D-03 -0.2164808D-02 -0.3077188D-04  0.0000000D+00
 -0.1993166D-03 -0.2313926D-02 -0.3603172D-03  0.0000000D+00
 -0.3503873D-02 -0.7892605D-02  0.1335974D-02  0.0000000D+00
 -0.5951909D-02  0.2889682D-02 -0.2046446D-02  0.0000000D+00
 -0.2028416D-02  0.1862398D-02 -0.3649455D-02  0.0000000D+00
 -0.1626279D-02  0.3746950D-02  0.2076563D-03  0.0000000D+00
 -0.5146721D-02  0.5487519D-04 -0.1257889D-02  0.0000000D+00
  0.6569296D-03  0.4138674D-02  0.1139083D-02  0.0000000D+00
 -0.7127485D-03  0.6821648D-03  0.5295901D-03  0.0000000D+00
  0.1506049D-02  0.2566998D-02  0.1255575D-03  0.0000000D+00
 -0.5676441D-03  0.7741136D-03  0.9173330D-03  0.0000000D+00
 -0.8980714D-03  0.6581041D-03  0.6683912D-03  0.0000000D+00
 -0.1114659D-02  0.5698434D-03  0.5313768D-03  0.0000000D+00
 -0.1151817D-02 -0.1247513D-01  0.8251912D-03  0.0000000D+00
  0.9968595D-04  0.9592187D-03 -0.2478416D-02  0.0000000D+00
  0.1103293D-02 -0.6172753D-04 -0.4102320D-02  0.0000000D+00
  0.2513803D-03  0.3573333D-02  0.6078962D-03  0.0000000D+00
  0.3565028D-02 -0.5925346D-02 -0.4905399D-03  0.0000000D+00
  0.2094640D-02  0.5667611D-02 -0.1039074D-02  0.0000000D+00
  0.5177716D-04 -0.2016217D-02 -0.2376938D-02  0.0000000D+00
  0.1385855D-02 -0.1872466D-02 -0.2903913D-02  0.0000000D+00
  0.7795213D-03 -0.2671742D-02 -0.8233028D-03  0.0000000D+00
  0.8007098D-03  0.7628456D-05 -0.5324508D-03  0.0000000D+00
  0.8062815D-03  0.1566932D-02 -0.3392767D-03  0.0000000D+00
  0.1521436D-02  0.9595679D-02 -0.2361390D-02  0.0000000D+00
 -0.1235401D-03 -0.3581073D-02  0.6517249D-02  0.0000000D+00
  0.1722862D-02 -0.3317976D-02  0.1174606D-02  0.0000000D+00
 -0.1762995D-03  0.2344832D-03  0.4171323D-02  0.0000000D+00
 -0.1692221D-03 -0.1234662D-02  0.2117451D-02  0.0000000D+00
  0.2263574D-02  0.9022157D-04 -0.1184993D-02  0.0000000D+00
  0.9422113D-03  0.1307696D-02  0.8779219D-04  0.0000000D+00
 -0.2467825D-03  0.1065427D-02  0.9177563D-03  0.0000000D+00
 -0.7431573D-04 -0.1016330D-02  0.3218906D-03  0.0000000D+00
  0.2250339D-03 -0.1691520D-02  0.7305098D-03  0.0000000D+00
  0.4020430D-03 -0.2110146D-02  0.9628776D-03  0.0000000D+00
  0.2563762D-03  0.3798404D-04  0.9385181D-04  0.0000000D+00
 -0.7393460D-02 -0.1551444D-03 -0.6362408D-04  0.0000000D+00
 -0.3952117D-02  0.1479540D-03  0.7741286D-04  0.0000000D+00
 -0.2301462D-02  0.1370760D-03 -0.1229769D-03  0.0000000D+00
 -0.4000388D-02 -0.1786063D-03  0.3363772D-03  0.0000000D+00
 -0.3494526D-04  0.1350037D-03  0.1127113D-03  0.0000000D+00
 -0.1925457D-02 -0.5006258D-03 -0.9348050D-03  0.0000000D+00
 -0.1231284D-02  0.2093837D-02 -0.2177901D-02  0.0000000D+00
 -0.1137089D-02  0.1040897D-02 -0.7705853D-03  0.0000000D+00
 -0.9514997D-05 -0.6360662D-03 -0.6447206D-03  0.0000000D+00
  0.6518500D-03 -0.1630207D-02 -0.5549302D-03  0.0000000D+00
 -0.6734064D-03 -0.1155765D-03  0.1378429D-04  0.0000000D+00
 -0.7738230D-03  0.1320861D-03 -0.7390487D-04  0.0000000D+00
 -0.1263174D-02  0.3301567D-03  0.7951164D-04  0.0000000D+00
 -0.1630878D-02 -0.5704738D-03  0.7183165D-04  0.0000000D+00
  0.2061630D-02  0.7318920D-03 -0.1890996D-03  0.0000000D+00
 -0.1822463D-02 -0.1143213D-02  0.4788590D-03  0.0000000D+00
 -0.3825499D-03  0.4062276D-05 -0.3435983D-03  0.0000000D+00
  0.1229277D-02 -0.1996024D-02 -0.3080842D-02  0.0000000D+00
  0.8318464D-03 -0.1604427D-02 -0.1667862D-02  0.0000000D+00
 -0.3998693D-03 -0.8425233D-04 -0.1328052D-02  0.0000000D+00
 -0.1125356D-02  0.8100668D-03 -0.1113127D-02  0.0000000D+00
  0.4589781D-03 -0.7570835D-05 -0.4521434D-04  0.0000000D+00
 -0.8563118D-03  0.3343870D-03  0.8466116D-04  0.0000000D+00
 -0.2194815D-02 -0.5393143D-04 -0.1943420D-03  0.0000000D+00
 -0.6884639D-03 -0.6688614D-04  0.3244982D-03  0.0000000D+00
 -0.9826206D-03  0.3137732D-03 -0.6447957D-03  0.0000000D+00
  0.4232637D-03 -0.3385533D-03  0.1171458D-02  0.0000000D+00
  0.8314652D-03  0.5361840D-03 -0.5450260D-03  0.0000000D+00
  0.1039150D-02 -0.2318872D-04 -0.1277606D-02  0.0000000D+00
  0.1618284D-02  0.4245213D-03  0.1359864D-03  0.0000000D+00
  0.8920466D-03  0.9371828D-03 -0.5884244D-03  0.0000000D+00
  0.4734529D-03  0.1242601D-02 -0.9966299D-03  0.0000000D+00
  0.8027765D-03  0.8180668D-04  0.6312150D-04  0.0000000D+00
 -0.9734592D-03 -0.5919711D-04 -0.4181084D-04  0.0000000D+00
 -0.9211961D-03 -0.6477330D-04 -0.3568611D-04  0.0000000D+00
  0.5143704D-03  0.1794285D-03  0.8456083D-04  0.0000000D+00
 -0.1586637D-02 -0.3784324D-03 -0.2842998D-03  0.0000000D+00
  0.1451536D-02  0.9254137D-03  0.1518959D-03  0.0000000D+00
 -0.1084956D-02  0.1195779D-02  0.6786184D-04  0.0000000D+00
  0.2522380D-02  0.3583986D-03  0.6543201D-03  0.0000000D+00
  0.1136860D-02 -0.6806053D-03 -0.7336508D-03  0.0000000D+00
 -0.2382706D-03 -0.7560983D-03 -0.7635459D-03  0.0000000D+00
 -0.1058812D-02 -0.8118554D-03 -0.7962730D-03  0.0000000D+00
  0.8062910D-03 -0.1045743D-03  0.7866557D-04  0.0000000D+00
 -0.4243905D-02  0.8783431D-03  0.3317446D-04  0.0000000D+00
 -0.4736992D-02 -0.5983178D-03 -0.3487629D-04  0.0000000D+00
 -0.1043662D-02  0.5574969D-03 -0.5960794D-04  0.0000000D+00
 -0.3200390D-02 -0.9003027D-03  0.1907245D-03  0.0000000D+00
  0.5500600D-03  0.1084538D-02 -0.7844781D-03  0.0000000D+00
 -0.2574779D-02 -0.8142596D-03  0.3912725D-03  0.0000000D+00
  0.6575446D-04  0.2464211D-02 -0.5046011D-03  0.0000000D+00
  0.2525091D-03  0.7975135D-03  0.2762072D-03  0.0000000D+00
  0.1427787D-03 -0.3584125D-03  0.6249160D-03  0.0000000D+00
  0.8070812D-04 -0.1053647D-02  0.8380254D-03  0.0000000D+00
 -0.1129199D-02  0.2552221D-04  0.1106476D-04  0.0000000D+00
 -0.2460717D-02 -0.5509944D-04  0.5950247D-04  0.0000000D+00
 -0.3221069D-02  0.3163874D-03 -0.7286015D-04  0.0000000D+00
 -0.9453118D-03 -0.4229265D-03  0.5938166D-04  0.0000000D+00
  0.2787481D-03  0.5574352D-03 -0.1670240D-03  0.0000000D+00
 -0.1881256D-02 -0.1122055D-02  0.3183829D-03  0.0000000D+00
  0.1180753D-03  0.7180244D-03 -0.4561530D-03  0.0000000D+00
 -0.3043917D-03  0.2747373D-03 -0.1191137D-02  0.0000000D+00
 -0.1731843D-03 -0.1453977D-03  0.5018880D-05  0.0000000D+00
 -0.1695419D-03 -0.5731793D-03  0.1186090D-03  0.0000000D+00
 -0.1659679D-03 -0.8279864D-03  0.1988215D-03  0.0000000D+00
