  3  2   693 10944  4  4  9 11  7  1    0.00   24.00  100.00  600.00    0.00    6.28   45.00   45.00
  100.0  100.0  100.0  100.0  125.0  150.0  190.0  230.0  275.0  350.0  450.0  600.0  600.0  600.0  600.0
  0.1342334D+05 -0.1234617D+05  0.2640422D+03  0.0000000D+00
  0.2950487D+05  0.1359299D+04 -0.1892035D+03  0.0000000D+00
 -0.8055011D+03 -0.3599674D+04  0.2563675D+04  0.0000000D+00
  0.6868321D+05  0.2661927D+05 -0.1775023D+04  0.0000000D+00
  0.3100522D+06  0.4673325D+05 -0.6793264D+04  0.0000000D+00
  0.5551034D+05  0.5414634D+04  0.4185396D+04  0.0000000D+00
  0.1967007D+06 -0.1021930D+04  0.1938824D+05  0.0000000D+00
  0.1944418D+06 -0.2840346D+04  0.1186982D+05  0.0000000D+00
  0.4143674D+06 -0.3798661D+05  0.1456134D+05  0.0000000D+00
  0.5798615D+06 -0.5216431D+05  0.2828366D+05  0.0000000D+00
  0.6792042D+06 -0.6085870D+05  0.3634687D+05  0.0000000D+00
  0.2597262D+04 -0.4391294D+04 -0.5317952D+02  0.0000000D+00
  0.6692634D+04  0.3737277D+04 -0.1043373D+04  0.0000000D+00
 -0.4155988D+04 -0.6089962D+04  0.1103858D+04  0.0000000D+00
  0.2703958D+05 -0.2189991D+05 -0.2027412D+04  0.0000000D+00
  0.1211381D+06 -0.4957584D+05 -0.9780567D+04  0.0000000D+00
 -0.2105396D+05  0.1294567D+05  0.9438779D+04  0.0000000D+00
  0.3061980D+05 -0.1991596D+05 -0.1236198D+05  0.0000000D+00
 -0.4904348D+05  0.4914754D+05 -0.1500074D+05  0.0000000D+00
 -0.9620723D+05  0.4974709D+04 -0.3837040D+04  0.0000000D+00
 -0.1086814D+06 -0.4708462D+04  0.2265230D+04  0.0000000D+00
 -0.1165235D+06 -0.1087013D+05  0.5961851D+04  0.0000000D+00
  0.1689298D+04  0.1612433D+04 -0.4015095D+03  0.0000000D+00
  0.4633374D+03 -0.1728941D+04  0.4231299D+04  0.0000000D+00
  0.4756967D+04  0.2287896D+04 -0.5260223D+04  0.0000000D+00
 -0.4208234D+04 -0.2780207D+03  0.1108087D+05  0.0000000D+00
 -0.8614603D+04 -0.2014035D+05  0.3885933D+04  0.0000000D+00
  0.2886387D+05  0.1067825D+05 -0.1983504D+04  0.0000000D+00
  0.2789321D+05  0.1219455D+05  0.1398537D+05  0.0000000D+00
  0.8204870D+05  0.1732183D+05  0.1248111D+05  0.0000000D+00
  0.8017998D+05  0.1077425D+05 -0.7231153D+04  0.0000000D+00
  0.7137187D+05  0.1038901D+04  0.5672516D+04  0.0000000D+00
  0.6619799D+05 -0.4738998D+04  0.1300937D+05  0.0000000D+00
 -0.7199260D+02  0.3520210D+02 -0.6219227D+01  0.0000000D+00
  0.9630789D+03 -0.1527044D+03  0.3897537D+02  0.0000000D+00
 -0.1141285D+04  0.1006616D+03 -0.7138759D+02  0.0000000D+00
  0.1836268D+04 -0.1248894D+03  0.1323593D+03  0.0000000D+00
 -0.1319237D+04  0.2672340D+03 -0.3050287D+03  0.0000000D+00
  0.5074099D+04 -0.3435409D+03  0.7176255D+03  0.0000000D+00
 -0.1819276D+05  0.1023215D+05  0.2771288D+03  0.0000000D+00
  0.3179162D+05  0.3958258D+03  0.8410804D+04  0.0000000D+00
  0.2289977D+05 -0.4326865D+04  0.1320620D+05  0.0000000D+00
  0.3515404D+03 -0.1603150D+04  0.6190180D+04  0.0000000D+00
 -0.1295208D+05 -0.6067591D+02  0.2136169D+04  0.0000000D+00
  0.3080337D+02  0.3344716D+02 -0.2965267D+02  0.0000000D+00
 -0.1954605D+03 -0.4076470D+03  0.1566678D+03  0.0000000D+00
  0.4755725D+03  0.6180978D+03 -0.2824202D+03  0.0000000D+00
 -0.2121142D+04 -0.1120877D+04  0.4693922D+03  0.0000000D+00
  0.3969274D+04  0.2341419D+04 -0.6499577D+03  0.0000000D+00
 -0.8246949D+04 -0.6746061D+04 -0.8242168D+02  0.0000000D+00
  0.1832220D+05  0.6785308D+04 -0.8437959D+04  0.0000000D+00
 -0.3851769D+05 -0.2323204D+04 -0.9565318D+04  0.0000000D+00
 -0.2101191D+03 -0.1804292D+04 -0.9036088D+02  0.0000000D+00
 -0.1933849D+04  0.2356898D+04 -0.5778977D+04  0.0000000D+00
 -0.2519503D+04  0.4799029D+04 -0.9003412D+04  0.0000000D+00
 -0.7174123D+02 -0.4342463D+02  0.1747684D+02  0.0000000D+00
 -0.7291383D+03  0.1388127D+03 -0.8386450D+02  0.0000000D+00
 -0.2878150D+03 -0.1101031D+03  0.1491807D+03  0.0000000D+00
 -0.1909772D+03  0.8090673D+02 -0.2557110D+03  0.0000000D+00
  0.1508994D+04 -0.3160268D+03  0.4278405D+03  0.0000000D+00
  0.2118258D+04  0.8262987D+03 -0.1062995D+04  0.0000000D+00
 -0.2715371D+04 -0.5313424D+04  0.3930968D+04  0.0000000D+00
  0.1259173D+05 -0.1023946D+04  0.7071834D+04  0.0000000D+00
  0.9317182D+03 -0.6375804D+03  0.4259044D+04  0.0000000D+00
 -0.2060530D+04  0.1128645D+03  0.5843381D+03  0.0000000D+00
 -0.3941760D+04  0.5564364D+03 -0.1598174D+04  0.0000000D+00
  0.1306709D+03 -0.6298652D+02 -0.1608508D+02  0.0000000D+00
  0.3702117D+02  0.1628522D+03  0.8414996D+02  0.0000000D+00
 -0.2118592D+03 -0.1535836D+03 -0.1509331D+03  0.0000000D+00
  0.2126339D+04  0.3796550D+03  0.2448383D+03  0.0000000D+00
 -0.2614848D+04 -0.5799345D+03 -0.5099794D+03  0.0000000D+00
  0.5464148D+04  0.1743997D+04  0.1653049D+04  0.0000000D+00
  0.3939939D+04  0.1681392D+04  0.2429661D+04  0.0000000D+00
  0.3597896D+05  0.6979854D+04  0.5096555D+04  0.0000000D+00
  0.2861505D+05 -0.2488759D+04  0.2157295D+04  0.0000000D+00
  0.1673928D+05 -0.3577976D+03 -0.1015863D+04  0.0000000D+00
  0.9703822D+04  0.7853215D+03 -0.2905950D+04  0.0000000D+00
  0.1174798D+03 -0.1668323D+02 -0.4762945D+01  0.0000000D+00
  0.1341256D+04  0.5171748D+02  0.3307899D+02  0.0000000D+00
 -0.2706475D+02 -0.1509943D+03 -0.5079564D+02  0.0000000D+00
  0.7381208D+03  0.3638926D+03  0.8230198D+02  0.0000000D+00
 -0.7112521D+03 -0.2242525D+03 -0.7806158D+02  0.0000000D+00
  0.2773123D+04 -0.1325475D+04 -0.4864250D+02  0.0000000D+00
 -0.8037477D+04 -0.8725276D+03 -0.2826736D+04  0.0000000D+00
 -0.7214385D+04  0.2957538D+04 -0.1647696D+04  0.0000000D+00
 -0.1304359D+05  0.1082797D+04 -0.2064609D+03  0.0000000D+00
  0.1072499D+04  0.2701382D+04 -0.7831473D+03  0.0000000D+00
  0.9273348D+04  0.3628668D+04 -0.1104241D+04  0.0000000D+00
 -0.2859442D+03  0.1037100D+03  0.4772125D+01  0.0000000D+00
  0.1327220D+03 -0.1178812D+03 -0.1670042D+02  0.0000000D+00
 -0.1299179D+03  0.1108910D+03  0.2945413D+02  0.0000000D+00
  0.1899872D+03 -0.2681779D+03 -0.6224720D+02  0.0000000D+00
 -0.1386146D+04  0.4993406D+03  0.1243109D+03  0.0000000D+00
  0.5447032D+03 -0.1006767D+04 -0.3307608D+03  0.0000000D+00
 -0.9506562D+04 -0.1075493D+04 -0.1302811D+04  0.0000000D+00
  0.2508680D+05  0.1066998D+04  0.1084760D+04  0.0000000D+00
 -0.1071417D+04  0.1254538D+04 -0.1217598D+04  0.0000000D+00
 -0.8909461D+04  0.6186323D+03 -0.1819154D+04  0.0000000D+00
 -0.1378821D+05  0.2493401D+03 -0.2196682D+04  0.0000000D+00
 -0.2174642D+04 -0.6541737D+03  0.1323982D+03  0.0000000D+00
  0.3262847D+05 -0.5440906D+03 -0.2374868D+04  0.0000000D+00
 -0.3711096D+05 -0.5208239D+03  0.2114035D+04  0.0000000D+00
  0.8330067D+05 -0.2590400D+05 -0.1555421D+04  0.0000000D+00
  0.1436796D+06 -0.3496206D+05 -0.4192332D+04  0.0000000D+00
  0.1926028D+05 -0.3597495D+05  0.4150449D+04  0.0000000D+00
  0.8799231D+05 -0.2543340D+05 -0.1329327D+04  0.0000000D+00
  0.1117777D+06 -0.3001181D+05  0.9942595D+04  0.0000000D+00
  0.1390006D+06 -0.1098439D+05 -0.1210894D+05  0.0000000D+00
  0.1032809D+06  0.1208482D+05 -0.2586463D+05  0.0000000D+00
  0.8266753D+05  0.2580180D+05 -0.3416676D+05  0.0000000D+00
  0.1172891D+04 -0.2974083D+04  0.7816700D+03  0.0000000D+00
  0.1343177D+05 -0.1718863D+05 -0.6131266D+04  0.0000000D+00
 -0.1123765D+05  0.1926235D+05  0.5751619D+04  0.0000000D+00
  0.2785016D+05 -0.4564162D+05 -0.9665578D+04  0.0000000D+00
  0.9804412D+05  0.1064709D+05 -0.1241879D+05  0.0000000D+00
 -0.4566337D+05 -0.2120750D+05  0.1695337D+04  0.0000000D+00
  0.4833573D+04 -0.2314485D+05 -0.1057922D+05  0.0000000D+00
  0.1355627D+04 -0.3668631D+05  0.8269693D+04  0.0000000D+00
 -0.3509416D+05 -0.9346417D+03  0.6483147D+04  0.0000000D+00
 -0.1705843D+04  0.1301237D+05  0.2420714D+04  0.0000000D+00
  0.1742825D+05  0.2157380D+05  0.2319326D+02  0.0000000D+00
  0.3408470D+04 -0.4131960D+04  0.8661746D+02  0.0000000D+00
  0.7771283D+04 -0.6191410D+04  0.2703752D+04  0.0000000D+00
 -0.6270677D+04 -0.9876118D+04 -0.2323879D+04  0.0000000D+00
  0.4900167D+03  0.1823369D+05  0.8633941D+04  0.0000000D+00
 -0.1181291D+05 -0.6679334D+05  0.2132989D+05  0.0000000D+00
  0.3826997D+05  0.1148844D+05  0.2190822D+04  0.0000000D+00
  0.3737355D+05 -0.1358108D+05  0.1382186D+05  0.0000000D+00
  0.4203364D+05 -0.1631425D+05  0.1469959D+05  0.0000000D+00
 -0.6368166D+04  0.1082648D+05  0.1666769D+05  0.0000000D+00
 -0.5482147D+05  0.1512341D+05  0.8512728D+04  0.0000000D+00
 -0.8373251D+05  0.1794091D+05  0.3758318D+04  0.0000000D+00
 -0.3464664D+03  0.1925962D+03 -0.4730318D+00  0.0000000D+00
  0.9218500D+03 -0.9222271D+03 -0.1216099D+02  0.0000000D+00
 -0.1204413D+04  0.1819847D+04  0.3933699D+02  0.0000000D+00
  0.1766870D+04 -0.2971083D+04 -0.4046109D+02  0.0000000D+00
 -0.1340647D+04  0.4936550D+04  0.2472674D+02  0.0000000D+00
 -0.2531612D+04 -0.1955780D+04  0.3542011D+03  0.0000000D+00
 -0.2216343D+05  0.2416961D+05 -0.8318496D+03  0.0000000D+00
  0.5940611D+04  0.7303214D+04 -0.1812380D+05  0.0000000D+00
 -0.1207894D+05 -0.1452205D+05 -0.1197768D+05  0.0000000D+00
 -0.4059148D+05 -0.2248383D+04 -0.3834048D+04  0.0000000D+00
 -0.5748271D+05  0.4693863D+04  0.1002909D+04  0.0000000D+00
 -0.3671574D+03 -0.2369449D+02 -0.4891629D+02  0.0000000D+00
  0.1068464D+04  0.2952629D+03  0.2656136D+03  0.0000000D+00
 -0.2397038D+04 -0.6571963D+03 -0.4885457D+03  0.0000000D+00
  0.4112631D+04  0.9795893D+03  0.8127564D+03  0.0000000D+00
 -0.7722024D+04 -0.1467300D+04 -0.1290016D+04  0.0000000D+00
  0.1164840D+05 -0.5133534D+03  0.9766931D+03  0.0000000D+00
 -0.3319272D+05 -0.9658613D+04 -0.1289555D+05  0.0000000D+00
 -0.1277847D+05  0.9426244D+04 -0.9140578D+04  0.0000000D+00
 -0.3531798D+04  0.1204818D+05 -0.9597912D+04  0.0000000D+00
 -0.1898153D+03  0.6406487D+04 -0.5367297D+04  0.0000000D+00
  0.1873760D+04  0.3136625D+04 -0.2893397D+04  0.0000000D+00
  0.8269306D+03 -0.8198243D+01 -0.2994703D+00  0.0000000D+00
 -0.4903467D+03  0.9729078D+02  0.1098199D+01  0.0000000D+00
  0.5373845D+03 -0.3787930D+03 -0.7178796D+01  0.0000000D+00
 -0.1390533D+04  0.5748434D+03 -0.1390770D+01  0.0000000D+00
  0.1572083D+04 -0.4514906D+03 -0.1391679D+03  0.0000000D+00
  0.4870722D+04 -0.5118693D+04  0.3550171D+03  0.0000000D+00
  0.1070719D+05 -0.2396107D+04  0.2406520D+04  0.0000000D+00
  0.2525736D+05 -0.6488009D+04  0.9019448D+04  0.0000000D+00
  0.3827962D+05 -0.2222418D+04  0.9219115D+04  0.0000000D+00
  0.2252081D+05 -0.2328889D+04  0.2036847D+04  0.0000000D+00
  0.1343869D+05 -0.2342760D+04 -0.2166127D+04  0.0000000D+00
  0.1943636D+03  0.1030201D+03 -0.2002596D+01  0.0000000D+00
  0.8057646D+03 -0.3068171D+03  0.5573130D+01  0.0000000D+00
 -0.8129046D+03  0.5563409D+03  0.2723369D+01  0.0000000D+00
  0.5296614D+03 -0.8063078D+03 -0.1885673D+02  0.0000000D+00
  0.5247279D+03  0.1991369D+04 -0.6182728D+02  0.0000000D+00
  0.5749975D+02 -0.3255021D+04  0.1057488D+04  0.0000000D+00
  0.2134618D+05  0.6338007D+04  0.4603575D+04  0.0000000D+00
  0.4741798D+04  0.7632655D+04 -0.7887642D+03  0.0000000D+00
 -0.1695385D+05 -0.8248265D+04 -0.4047874D+04  0.0000000D+00
 -0.1060345D+05 -0.3232477D+04 -0.3405559D+04  0.0000000D+00
 -0.7130352D+04 -0.4745139D+03 -0.3066035D+04  0.0000000D+00
 -0.6273853D+03 -0.2813402D+02 -0.1459579D+01  0.0000000D+00
  0.5020899D+02  0.8799522D+02  0.2283325D+02  0.0000000D+00
  0.1476789D+03 -0.1095940D+03 -0.4508054D+02  0.0000000D+00
  0.1474440D+03  0.2238489D+03  0.6714540D+02  0.0000000D+00
  0.2601059D+04 -0.9502210D+03  0.2046225D+02  0.0000000D+00
 -0.2576315D+04  0.2769677D+04 -0.7200374D+03  0.0000000D+00
 -0.7372704D+04 -0.6236214D+04 -0.3364572D+04  0.0000000D+00
 -0.1422285D+05 -0.1909382D+04 -0.5361594D+04  0.0000000D+00
 -0.2005426D+03 -0.9137132D+03 -0.1861824D+04  0.0000000D+00
  0.4351226D+04  0.3149998D+04 -0.3535347D+03  0.0000000D+00
  0.7171588D+04  0.5541033D+04  0.5687348D+03  0.0000000D+00
  0.1386652D+03 -0.1913351D+02  0.4158409D+01  0.0000000D+00
  0.2603278D+03 -0.1678084D+02 -0.2026541D+02  0.0000000D+00
  0.6797724D+03  0.7115156D+02  0.4441422D+02  0.0000000D+00
 -0.4564277D+03 -0.2200136D+03 -0.9979226D+02  0.0000000D+00
  0.1372629D+04  0.1769089D+03  0.2104918D+03  0.0000000D+00
 -0.4380116D+04  0.8893268D+03 -0.7046389D+03  0.0000000D+00
 -0.4688800D+04  0.2291267D+04 -0.1313377D+04  0.0000000D+00
  0.2188794D+05 -0.3626490D+04 -0.6962926D+03  0.0000000D+00
  0.1208893D+05 -0.2711622D+03  0.3333969D+04  0.0000000D+00
 -0.7244823D+04  0.3796139D+04  0.4674571D+04  0.0000000D+00
 -0.1867335D+05  0.6216334D+04  0.5504551D+04  0.0000000D+00
  0.7733914D+04 -0.1735365D+05  0.9481941D+02  0.0000000D+00
  0.1063816D+05 -0.9215985D+04  0.2408452D+04  0.0000000D+00
 -0.1519007D+05  0.2834274D+04 -0.4553987D+04  0.0000000D+00
  0.2817155D+05 -0.7827448D+04  0.8297636D+04  0.0000000D+00
 -0.4208217D+05  0.2729567D+05 -0.2889756D+05  0.0000000D+00
  0.5521974D+04 -0.2007768D+05  0.1210481D+05  0.0000000D+00
 -0.1642456D+05  0.2515567D+05 -0.1486218D+05  0.0000000D+00
 -0.5053145D+04  0.2499272D+05 -0.7765902D+04  0.0000000D+00
 -0.4513888D+05 -0.1031104D+05 -0.1283634D+05  0.0000000D+00
 -0.4534495D+05  0.1671924D+04 -0.2255199D+05  0.0000000D+00
 -0.4591343D+05  0.8293487D+04 -0.2829712D+05  0.0000000D+00
  0.2640369D+04 -0.6234654D+04  0.1573870D+02  0.0000000D+00
  0.2555237D+04  0.9952729D+04  0.1349882D+04  0.0000000D+00
 -0.4556964D+04 -0.1524014D+05 -0.2076833D+04  0.0000000D+00
  0.3576955D+04  0.2625328D+05  0.5025663D+04  0.0000000D+00
 -0.4648297D+05  0.5867453D+04 -0.8388249D+04  0.0000000D+00
 -0.1308595D+05  0.9338261D+04 -0.5826283D+04  0.0000000D+00
  0.9691893D+04  0.3560055D+05  0.9329716D+04  0.0000000D+00
  0.7039024D+05 -0.2542769D+05  0.8161388D+04  0.0000000D+00
  0.1559703D+05 -0.2108123D+04  0.9681844D+04  0.0000000D+00
  0.9956610D+04 -0.1406534D+04  0.1081957D+05  0.0000000D+00
  0.6038415D+04 -0.7341594D+03  0.1150236D+05  0.0000000D+00
 -0.1672712D+04  0.2934288D+04  0.2490470D+03  0.0000000D+00
 -0.9715483D+04  0.1171571D+05  0.6848065D+03  0.0000000D+00
  0.9855253D+04 -0.3998928D+04 -0.6211847D+03  0.0000000D+00
 -0.1839786D+05  0.8855289D+04  0.2893152D+04  0.0000000D+00
 -0.2605224D+05  0.4311108D+04  0.7226870D+04  0.0000000D+00
  0.5824748D+04 -0.1182837D+05 -0.4639762D+04  0.0000000D+00
  0.1899550D+05 -0.2112210D+05  0.1607077D+05  0.0000000D+00
  0.1630657D+05 -0.1743978D+05 -0.7751807D+04  0.0000000D+00
  0.2493760D+05 -0.1590013D+04 -0.4694328D+04  0.0000000D+00
  0.5128858D+05  0.1491000D+05 -0.2153181D+04  0.0000000D+00
  0.6681107D+05  0.2474406D+05 -0.6311019D+03  0.0000000D+00
 -0.3496832D+03  0.1043018D+03 -0.8213215D+02  0.0000000D+00
  0.1182673D+04 -0.5192622D+03  0.4220589D+03  0.0000000D+00
 -0.1661074D+04  0.9285386D+03 -0.7598847D+03  0.0000000D+00
  0.2075704D+04 -0.1561530D+04  0.1275820D+04  0.0000000D+00
 -0.3122341D+04  0.1433372D+04 -0.2275209D+04  0.0000000D+00
 -0.2482088D+04  0.1153617D+04  0.3822131D+04  0.0000000D+00
 -0.1021715D+05  0.1225690D+05 -0.1335002D+05  0.0000000D+00
  0.3653507D+05  0.2890194D+04  0.2509244D+04  0.0000000D+00
  0.5018378D+05 -0.4183751D+03  0.1583146D+04  0.0000000D+00
  0.8850087D+04  0.4289113D+04 -0.1402467D+04  0.0000000D+00
 -0.1519272D+05  0.7006841D+04 -0.3161381D+04  0.0000000D+00
 -0.4347352D+02 -0.1422298D+02 -0.4910485D+02  0.0000000D+00
 -0.1130486D+03 -0.2932873D+03  0.2705249D+03  0.0000000D+00
 -0.3899400D+03  0.5623159D+03 -0.4820686D+03  0.0000000D+00
  0.4676571D+02 -0.8066284D+03  0.8064993D+03  0.0000000D+00
 -0.2468529D+04  0.1248005D+04 -0.1399746D+04  0.0000000D+00
  0.5779109D+04 -0.1845575D+04  0.2164197D+04  0.0000000D+00
 -0.1215595D+05  0.1582077D+05 -0.6625342D+04  0.0000000D+00
 -0.4035940D+04  0.9020605D+04 -0.1151316D+04  0.0000000D+00
 -0.6785539D+04  0.9037284D+04 -0.4074346D+04  0.0000000D+00
  0.1306239D+05  0.1733808D+04 -0.1276855D+05  0.0000000D+00
  0.2465177D+05 -0.2539434D+04 -0.1789044D+05  0.0000000D+00
  0.3473482D+03 -0.1249783D+03  0.3453871D+02  0.0000000D+00
 -0.7491342D+03  0.4953493D+03 -0.1861182D+03  0.0000000D+00
  0.7006319D+03 -0.7233274D+03  0.3366910D+03  0.0000000D+00
 -0.1055207D+04  0.1348661D+04 -0.5604161D+03  0.0000000D+00
  0.5633419D+03 -0.1216669D+04  0.1020551D+04  0.0000000D+00
  0.4963222D+04 -0.1606556D+04 -0.1827865D+04  0.0000000D+00
  0.9371761D+04 -0.1225599D+05  0.7284424D+04  0.0000000D+00
  0.2654154D+05 -0.7362401D+04  0.1063819D+05  0.0000000D+00
  0.3735965D+05 -0.2407284D+04  0.6765029D+04  0.0000000D+00
  0.1058716D+05 -0.1592913D+04  0.3121385D+04  0.0000000D+00
 -0.4964445D+04 -0.1062142D+04  0.9443754D+03  0.0000000D+00
  0.7531248D+00  0.2298717D+02 -0.1393217D+02  0.0000000D+00
  0.4734517D+02 -0.3465550D+03  0.6087756D+02  0.0000000D+00
  0.1044510D+04  0.5554068D+03 -0.1189693D+03  0.0000000D+00
 -0.1308927D+04 -0.1045525D+04  0.2146115D+03  0.0000000D+00
  0.1902904D+04  0.2017515D+04 -0.4340577D+03  0.0000000D+00
 -0.3640507D+03 -0.7401179D+04  0.1394715D+04  0.0000000D+00
  0.8218089D+04  0.4679918D+04 -0.3047013D+04  0.0000000D+00
 -0.7863045D+04  0.2871843D+04  0.4463544D+04  0.0000000D+00
 -0.7466058D+04  0.3051590D+04  0.5436022D+04  0.0000000D+00
 -0.1423159D+04 -0.1775686D+04  0.6647827D+04  0.0000000D+00
  0.2119865D+04 -0.4600361D+04  0.7367497D+04  0.0000000D+00
 -0.1971698D+03  0.2920844D+02 -0.3746407D+01  0.0000000D+00
  0.6780323D+02 -0.9408048D+02  0.2009148D+02  0.0000000D+00
  0.3565525D+03 -0.2367883D+02 -0.3269834D+02  0.0000000D+00
  0.1677852D+03 -0.1014788D+03  0.5557866D+02  0.0000000D+00
 -0.1297772D+04 -0.2150068D+03 -0.1733901D+03  0.0000000D+00
 -0.2462823D+04  0.2388591D+04  0.5434640D+03  0.0000000D+00
  0.3142596D+04 -0.9043588D+03 -0.2383073D+04  0.0000000D+00
  0.5406337D+04  0.1350283D+03 -0.2424866D+04  0.0000000D+00
 -0.8935337D+04  0.7753745D+03  0.4416015D+03  0.0000000D+00
 -0.1485407D+05 -0.1932767D+04  0.3299802D+03  0.0000000D+00
 -0.1848133D+05 -0.3510864D+04  0.2965219D+03  0.0000000D+00
  0.3531223D+01  0.9617102D+02 -0.6671627D+01  0.0000000D+00
  0.7362562D+02  0.1710422D+03  0.3307993D+02  0.0000000D+00
 -0.6925297D+03 -0.3319521D+03 -0.5633157D+02  0.0000000D+00
  0.8399773D+03  0.6786179D+03  0.8147432D+02  0.0000000D+00
 -0.1696701D+04 -0.1115926D+04 -0.8175932D+02  0.0000000D+00
 -0.3739382D+04  0.4736039D+04 -0.2254765D+03  0.0000000D+00
  0.1001484D+05 -0.2338423D+04  0.8232334D+03  0.0000000D+00
 -0.4685925D+04 -0.2499668D+04  0.4283040D+04  0.0000000D+00
  0.1052776D+05 -0.3501016D+04  0.1270771D+04  0.0000000D+00
  0.4226263D+04 -0.1829470D+04 -0.4328074D+04  0.0000000D+00
  0.7077381D+03 -0.8634603D+03 -0.7639398D+04  0.0000000D+00
 -0.6042044D+04  0.7570839D+04 -0.9595176D+02  0.0000000D+00
 -0.2312984D+04 -0.2035423D+04  0.5414305D+02  0.0000000D+00
  0.9302384D+03  0.7331591D+04 -0.3295418D+03  0.0000000D+00
  0.4824512D+02 -0.1815651D+05  0.4874469D+03  0.0000000D+00
  0.1244174D+05 -0.1002618D+04 -0.6775397D+03  0.0000000D+00
 -0.2756537D+04 -0.3954840D+04  0.2188418D+04  0.0000000D+00
  0.1039382D+05 -0.1371798D+05 -0.1404677D+04  0.0000000D+00
 -0.3514083D+05  0.8548355D+04  0.5570247D+01  0.0000000D+00
 -0.2792314D+05 -0.7678243D+04 -0.3187256D+03  0.0000000D+00
 -0.1323439D+05 -0.2389812D+05 -0.1598181D+04  0.0000000D+00
 -0.4554824D+04 -0.3357330D+05 -0.2350871D+04  0.0000000D+00
 -0.9749039D+03  0.1335183D+04  0.5754687D+03  0.0000000D+00
 -0.3989609D+04 -0.8651388D+04 -0.3017749D+04  0.0000000D+00
  0.1096307D+05  0.1068777D+05  0.4043465D+04  0.0000000D+00
 -0.1751828D+05 -0.2400452D+05 -0.8117558D+04  0.0000000D+00
 -0.2507407D+05  0.2329807D+05  0.5262282D+04  0.0000000D+00
 -0.2153269D+05 -0.7530215D+04 -0.4617392D+04  0.0000000D+00
 -0.4871116D+04  0.2089906D+04  0.7374604D+04  0.0000000D+00
 -0.4007779D+05 -0.4550161D+04 -0.5861786D+03  0.0000000D+00
 -0.5610347D+05  0.5348321D+04 -0.6229363D+03  0.0000000D+00
 -0.3163782D+05  0.1812461D+05  0.4740337D+04  0.0000000D+00
 -0.1749745D+05  0.2571610D+05  0.7879946D+04  0.0000000D+00
  0.1048188D+03 -0.2265407D+04 -0.1383523D+03  0.0000000D+00
 -0.1104436D+04 -0.1767513D+04  0.1483183D+04  0.0000000D+00
  0.2602887D+04 -0.7643672D+03 -0.2362303D+04  0.0000000D+00
 -0.1077402D+05  0.8206055D+04  0.5455694D+04  0.0000000D+00
  0.1203769D+05 -0.2879360D+03  0.2753402D+02  0.0000000D+00
 -0.4184783D+04  0.5767863D+04 -0.1687270D+04  0.0000000D+00
  0.2971584D+05 -0.1015455D+05  0.4806237D+04  0.0000000D+00
 -0.1470360D+05  0.3626520D+04 -0.2782853D+04  0.0000000D+00
 -0.6766135D+04  0.5469008D+04 -0.2275407D+03  0.0000000D+00
  0.1611222D+05 -0.3757226D+04  0.4059446D+04  0.0000000D+00
  0.2959264D+05 -0.9138872D+04  0.6597331D+04  0.0000000D+00
  0.9180824D+02  0.2207529D+01 -0.1960503D+02  0.0000000D+00
 -0.3966901D+03  0.1127613D+03  0.1073327D+03  0.0000000D+00
  0.2737868D+03 -0.2750132D+03 -0.1887567D+03  0.0000000D+00
 -0.2460751D+03  0.4931376D+03  0.3383877D+03  0.0000000D+00
  0.7035429D+03 -0.6560330D+03 -0.6316701D+03  0.0000000D+00
 -0.5616418D+04  0.3712651D+04  0.1254048D+04  0.0000000D+00
 -0.1784293D+04  0.4843907D+03 -0.2781025D+04  0.0000000D+00
  0.1754428D+05  0.2719779D+04  0.4301773D+02  0.0000000D+00
  0.4044426D+05 -0.3650801D+04  0.2545077D+04  0.0000000D+00
  0.1561290D+05 -0.2090637D+04  0.2299483D+04  0.0000000D+00
  0.1330206D+04 -0.1247036D+04  0.2183998D+04  0.0000000D+00
 -0.6715388D+03  0.2166724D+02  0.2734355D+02  0.0000000D+00
  0.1243659D+01  0.3795733D+02 -0.1492026D+03  0.0000000D+00
 -0.9983317D+03  0.4375206D+02  0.2704168D+03  0.0000000D+00
  0.8101157D+03 -0.1055825D+01 -0.4531623D+03  0.0000000D+00
 -0.2199025D+04  0.3035227D+03  0.9064826D+03  0.0000000D+00
  0.6487890D+04 -0.6516566D+03 -0.2263827D+04  0.0000000D+00
 -0.1761779D+05 -0.1561380D+04  0.1232748D+03  0.0000000D+00
  0.1508670D+05  0.3344833D+03  0.1283578D+04  0.0000000D+00
  0.1696629D+04  0.3762192D+04  0.7261389D+03  0.0000000D+00
 -0.7279906D+04  0.5058593D+04  0.5951725D+03  0.0000000D+00
 -0.1268474D+05  0.5856813D+04  0.5126915D+03  0.0000000D+00
  0.1740015D+03  0.4478217D+02  0.1608532D+02  0.0000000D+00
  0.1888832D+03 -0.2038184D+03 -0.9870170D+02  0.0000000D+00
  0.9330223D+03  0.4519951D+03  0.1657493D+03  0.0000000D+00
 -0.1447476D+04 -0.7040127D+03 -0.2829989D+03  0.0000000D+00
  0.1360015D+04  0.9902721D+03  0.4284430D+03  0.0000000D+00
 -0.5326015D+02 -0.3548420D+04 -0.7931313D+03  0.0000000D+00
  0.1599345D+05  0.3348096D+04  0.3461825D+04  0.0000000D+00
 -0.5935654D+04 -0.1387245D+04 -0.5774997D+03  0.0000000D+00
  0.6821794D+04 -0.1634414D+03 -0.2760421D+04  0.0000000D+00
  0.1338913D+05  0.1127838D+04 -0.2389011D+04  0.0000000D+00
  0.1737378D+05  0.1897045D+04 -0.2196805D+04  0.0000000D+00
  0.7440107D+03 -0.4180258D+02 -0.1861881D+02  0.0000000D+00
  0.8355324D+03  0.2382764D+03  0.8641616D+02  0.0000000D+00
  0.6743527D+03 -0.4865094D+03 -0.1583044D+03  0.0000000D+00
 -0.3668069D+02  0.7126412D+03  0.2524043D+03  0.0000000D+00
  0.3505084D+02 -0.1409841D+04 -0.4620110D+03  0.0000000D+00
  0.7186852D+03  0.8508981D+03  0.1127038D+04  0.0000000D+00
  0.1732335D+05 -0.6187140D+04  0.1571010D+04  0.0000000D+00
 -0.1328947D+05 -0.2588891D+04  0.1558112D+04  0.0000000D+00
  0.4602505D+04 -0.4495965D+03  0.3295911D+04  0.0000000D+00
  0.4413028D+04 -0.4563035D+03  0.1059352D+04  0.0000000D+00
  0.4499740D+04 -0.4344628D+03 -0.2306642D+03  0.0000000D+00
 -0.1636488D+03 -0.5416214D+01 -0.1416702D+02  0.0000000D+00
 -0.3503823D+03 -0.1174852D+03  0.8605911D+02  0.0000000D+00
 -0.9137853D+03  0.1830761D+03 -0.1576216D+03  0.0000000D+00
  0.1286117D+04 -0.3795483D+03  0.2642165D+03  0.0000000D+00
 -0.3640757D+04  0.7916467D+03 -0.4198446D+03  0.0000000D+00
  0.3350517D+04 -0.2141488D+04  0.5730794D+03  0.0000000D+00
 -0.1128131D+05  0.2092527D+04 -0.4313797D+04  0.0000000D+00
 -0.5432099D+04  0.1293128D+04 -0.1752752D+04  0.0000000D+00
 -0.1567556D+05 -0.1157725D+04  0.3783482D+03  0.0000000D+00
 -0.1258369D+05  0.1261517D+04  0.1971625D+04  0.0000000D+00
 -0.1088613D+05  0.2650498D+04  0.2928585D+04  0.0000000D+00
  0.1679342D+03 -0.9756399D+02  0.1723135D+02  0.0000000D+00
 -0.7459467D+03  0.2147954D+03 -0.9534905D+02  0.0000000D+00
  0.5253145D+03 -0.2960730D+03  0.1618957D+03  0.0000000D+00
 -0.1085329D+04  0.5600359D+03 -0.2792533D+03  0.0000000D+00
  0.2120703D+04 -0.6983144D+03  0.4511818D+03  0.0000000D+00
 -0.4185983D+04  0.2493837D+04 -0.6997176D+03  0.0000000D+00
 -0.2251966D+04 -0.1771871D+04  0.1442039D+03  0.0000000D+00
  0.8594800D+04 -0.1218415D+04  0.1716219D+03  0.0000000D+00
  0.5519774D+04 -0.2717134D+04 -0.1803797D+04  0.0000000D+00
  0.2080804D+04  0.1413793D+04  0.9556703D+03  0.0000000D+00
  0.3382442D+02  0.3815696D+04  0.2548406D+04  0.0000000D+00
 -0.2660460D+04  0.2027852D+04  0.2650048D+03  0.0000000D+00
  0.1552280D+04  0.5197998D+04 -0.1020273D+04  0.0000000D+00
 -0.8518387D+04 -0.5612891D+04  0.1359059D+04  0.0000000D+00
  0.1501734D+05  0.1217597D+05 -0.2013871D+04  0.0000000D+00
  0.2402274D+04 -0.3083801D+04 -0.1168165D+04  0.0000000D+00
  0.1467365D+03  0.8673160D+03  0.3698672D+04  0.0000000D+00
 -0.1532225D+05  0.8472790D+04 -0.3711236D+03  0.0000000D+00
 -0.1242148D+05  0.2422623D+04  0.3845385D+04  0.0000000D+00
  0.1855887D+05 -0.4797809D+04  0.7228253D+04  0.0000000D+00
  0.2559794D+05 -0.1162505D+05  0.3632722D+04  0.0000000D+00
  0.3006869D+05 -0.1570246D+05  0.1564752D+04  0.0000000D+00
  0.7657010D+03 -0.2712524D+04  0.2772405D+03  0.0000000D+00
  0.7040754D+04  0.2466488D+03 -0.4160964D+03  0.0000000D+00
 -0.1512415D+05 -0.2846076D+04 -0.1337284D+02  0.0000000D+00
  0.2580942D+05  0.1002888D+05  0.1958670D+03  0.0000000D+00
 -0.1881939D+05 -0.8865127D+04 -0.5963229D+04  0.0000000D+00
  0.1370443D+05 -0.1704531D+04  0.4457882D+04  0.0000000D+00
 -0.6700318D+04 -0.3144209D+04 -0.3832415D+03  0.0000000D+00
 -0.1007114D+05  0.4367079D+04  0.1489890D+04  0.0000000D+00
  0.1304025D+05 -0.1908853D+04 -0.4123679D+04  0.0000000D+00
 -0.1567002D+04 -0.5750269D+04  0.1888361D+03  0.0000000D+00
 -0.9864342D+04 -0.8064933D+04  0.2651566D+04  0.0000000D+00
  0.2317209D+04 -0.1042846D+04  0.1712452D+03  0.0000000D+00
 -0.1208555D+05  0.1656807D+04 -0.1212008D+03  0.0000000D+00
  0.1647053D+05 -0.3976989D+04  0.3461901D+03  0.0000000D+00
 -0.2510264D+05  0.4696555D+04  0.4523134D+03  0.0000000D+00
 -0.2721157D+04  0.9514153D+03  0.5737943D+04  0.0000000D+00
  0.1303722D+05  0.1927684D+04  0.2462134D+04  0.0000000D+00
 -0.1805014D+05  0.1597097D+04 -0.1091248D+04  0.0000000D+00
  0.4814685D+04 -0.1983681D+04  0.2559893D+04  0.0000000D+00
  0.2894460D+05 -0.5846097D+04  0.2074014D+04  0.0000000D+00
  0.2952312D+05 -0.1765371D+05 -0.2219280D+04  0.0000000D+00
  0.3013144D+05 -0.2461000D+05 -0.4739126D+04  0.0000000D+00
  0.3420710D+03 -0.8808925D+01 -0.7034459D+00  0.0000000D+00
 -0.1089785D+04  0.2393596D+03  0.1486980D+01  0.0000000D+00
  0.2037109D+04 -0.3471068D+03 -0.1566002D+01  0.0000000D+00
 -0.3080731D+04  0.4504764D+03  0.2200908D+01  0.0000000D+00
  0.4323829D+04 -0.7103024D+03  0.5765630D+02  0.0000000D+00
 -0.5604849D+04  0.4017719D+03 -0.7069490D+02  0.0000000D+00
  0.1021686D+05 -0.5792444D+04 -0.8245337D+02  0.0000000D+00
 -0.1199946D+05  0.4959639D+04 -0.1946267D+04  0.0000000D+00
 -0.4111654D+05  0.2918948D+04 -0.1249692D+04  0.0000000D+00
 -0.1469571D+05 -0.2203808D+04  0.4560835D+03  0.0000000D+00
  0.4469962D+03 -0.5226629D+04  0.1463852D+04  0.0000000D+00
 -0.4224688D+03  0.3218920D+02  0.8639056D+01  0.0000000D+00
 -0.5222542D+03  0.1170522D+03 -0.5422490D+02  0.0000000D+00
  0.4834735D+03 -0.2412869D+03  0.9464387D+02  0.0000000D+00
 -0.5343589D+03  0.4531819D+03 -0.1552929D+03  0.0000000D+00
  0.2317429D+02 -0.7595019D+03  0.2423862D+03  0.0000000D+00
  0.6917778D+03  0.1474015D+04 -0.4004890D+03  0.0000000D+00
 -0.4318389D+04 -0.2949421D+04  0.1637587D+04  0.0000000D+00
 -0.9239787D+02  0.7664200D+03  0.1781105D+04  0.0000000D+00
 -0.4968755D+04  0.2536386D+04  0.6549190D+03  0.0000000D+00
 -0.6036834D+04 -0.2547083D+04  0.4024051D+04  0.0000000D+00
 -0.6717833D+04 -0.5504603D+04  0.5984404D+04  0.0000000D+00
  0.6914513D+01  0.9548797D+02  0.1790126D+02  0.0000000D+00
 -0.1420790D+01 -0.3951128D+03 -0.9307255D+02  0.0000000D+00
  0.6120544D+03  0.5332777D+03  0.1753062D+03  0.0000000D+00
 -0.1029419D+04 -0.8669878D+03 -0.2941657D+03  0.0000000D+00
  0.6264708D+03  0.1566978D+04  0.5563004D+03  0.0000000D+00
  0.7563996D+03 -0.1895154D+04 -0.1109241D+04  0.0000000D+00
  0.4064238D+04  0.6939282D+04  0.1699718D+04  0.0000000D+00
 -0.1158748D+05  0.2084207D+04  0.1912694D+03  0.0000000D+00
 -0.2235878D+05  0.1674783D+04 -0.9879747D+03  0.0000000D+00
 -0.6277616D+04 -0.3046627D+03 -0.1782663D+04  0.0000000D+00
  0.3017280D+04 -0.1469899D+04 -0.2262160D+04  0.0000000D+00
  0.5280929D+03  0.1003591D+03 -0.5649572D+01  0.0000000D+00
  0.6634892D+03 -0.1637513D+03  0.2634855D+02  0.0000000D+00
 -0.4346206D+03  0.3099732D+03 -0.5259143D+02  0.0000000D+00
  0.8715804D+03 -0.5043682D+03  0.9219723D+02  0.0000000D+00
 -0.1453456D+04  0.9459422D+03 -0.1429953D+03  0.0000000D+00
  0.4308039D+04 -0.1232863D+04  0.7600995D+02  0.0000000D+00
 -0.4274630D+04  0.1116184D+04 -0.1111342D+04  0.0000000D+00
 -0.9187402D+04  0.7372490D+03 -0.6393015D+04  0.0000000D+00
 -0.9148034D+04  0.5765098D+03 -0.2471210D+04  0.0000000D+00
 -0.1103339D+04  0.8131705D+03 -0.5197794D+03  0.0000000D+00
  0.3607822D+04  0.9485242D+03  0.6669528D+03  0.0000000D+00
  0.3809446D+02 -0.1878284D+02 -0.1311456D+02  0.0000000D+00
 -0.6028160D+03  0.1383110D+03  0.7826317D+02  0.0000000D+00
  0.2206485D+03 -0.7345103D+02 -0.1422016D+03  0.0000000D+00
 -0.6721970D+03  0.8863856D+02  0.2328676D+03  0.0000000D+00
  0.7058171D+03 -0.2698651D+03 -0.4579402D+03  0.0000000D+00
  0.1991836D+03 -0.5087556D+03  0.1005800D+04  0.0000000D+00
 -0.2543204D+04 -0.1877447D+03 -0.1192718D+04  0.0000000D+00
  0.1178429D+05  0.1851875D+03  0.2682029D+04  0.0000000D+00
  0.1135401D+05  0.9672272D+03  0.1375386D+04  0.0000000D+00
 -0.3466920D+04  0.6186989D+03 -0.1287347D+02  0.0000000D+00
 -0.1214591D+05  0.4240900D+03 -0.8400006D+03  0.0000000D+00
 -0.3587907D+03 -0.2807349D+02  0.9211972D+01  0.0000000D+00
  0.1529743D+03 -0.1209483D+03 -0.4733067D+02  0.0000000D+00
 -0.3673715D+03  0.2959086D+03  0.9442845D+02  0.0000000D+00
  0.1154015D+03 -0.5370907D+03 -0.1566994D+03  0.0000000D+00
  0.7570124D+03  0.6277547D+03  0.2792901D+03  0.0000000D+00
 -0.3391284D+04 -0.9749475D+03 -0.3115744D+03  0.0000000D+00
  0.4782574D+03  0.6367912D+04  0.1379957D+04  0.0000000D+00
 -0.9131965D+04  0.2805848D+04  0.2996332D+04  0.0000000D+00
 -0.4723796D+03  0.2751553D+04 -0.1242918D+04  0.0000000D+00
  0.6924343D+04 -0.7235342D+03 -0.1293768D+04  0.0000000D+00
  0.1135171D+05 -0.2758983D+04 -0.1370994D+04  0.0000000D+00
  0.4029715D+04 -0.2069910D+04 -0.4227787D+02  0.0000000D+00
 -0.6847328D+04 -0.1100634D+04  0.1650443D+02  0.0000000D+00
  0.1187004D+05  0.1068472D+04 -0.2417123D+03  0.0000000D+00
 -0.2059014D+05 -0.5722136D+04  0.6777826D+03  0.0000000D+00
 -0.2141992D+05  0.3306916D+04 -0.1788097D+04  0.0000000D+00
  0.1228261D+05 -0.3290816D+04  0.9427654D+03  0.0000000D+00
 -0.2219838D+04 -0.2833832D+04 -0.1482914D+04  0.0000000D+00
  0.3144473D+05  0.3088349D+04 -0.2059479D+04  0.0000000D+00
  0.2657597D+05 -0.3554634D+04 -0.1860891D+04  0.0000000D+00
  0.1221096D+05 -0.1022649D+05 -0.4415583D+04  0.0000000D+00
  0.3750610D+04 -0.1420585D+05 -0.5908961D+04  0.0000000D+00
  0.1745778D+04  0.4896787D+03 -0.1293100D+02  0.0000000D+00
 -0.8112977D+04  0.1332562D+04 -0.4645603D+03  0.0000000D+00
  0.1269427D+05  0.6655961D+03  0.8011128D+03  0.0000000D+00
 -0.2163682D+05 -0.2727810D+04 -0.1462996D+04  0.0000000D+00
 -0.3292365D+05 -0.1438314D+04 -0.1681330D+04  0.0000000D+00
  0.1200521D+05  0.4515022D+04 -0.2007059D+04  0.0000000D+00
 -0.8393011D+04 -0.6578831D+04  0.1012655D+04  0.0000000D+00
  0.1960360D+05 -0.1757775D+04  0.2173044D+04  0.0000000D+00
  0.1242158D+05 -0.6952426D+04  0.1549306D+04  0.0000000D+00
 -0.1549818D+05 -0.1483661D+04  0.5621328D+03  0.0000000D+00
 -0.3192547D+05  0.1663422D+04 -0.2306865D+02  0.0000000D+00
 -0.5325507D+03 -0.4185056D+03 -0.8289169D+02  0.0000000D+00
  0.1371500D+04  0.3199806D+04  0.7354719D+03  0.0000000D+00
 -0.1651680D+04 -0.3548447D+04 -0.1313590D+04  0.0000000D+00
  0.2706029D+04  0.8049202D+04  0.2701731D+04  0.0000000D+00
  0.2206043D+04  0.2409958D+04  0.1110124D+04  0.0000000D+00
 -0.5024975D+04  0.9173390D+03  0.4296520D+03  0.0000000D+00
  0.5429496D+04  0.2507410D+04 -0.6515403D+02  0.0000000D+00
  0.2571258D+04 -0.6198903D+04 -0.1302987D+04  0.0000000D+00
 -0.3519028D+03 -0.3916297D+04 -0.1027555D+04  0.0000000D+00
  0.1737361D+05  0.5780264D+04 -0.3620754D+03  0.0000000D+00
  0.2771799D+05  0.1148317D+05  0.3181577D+02  0.0000000D+00
  0.2655200D+03 -0.3569954D+02 -0.3652837D+01  0.0000000D+00
 -0.3703295D+03  0.4044777D+02  0.2332933D+02  0.0000000D+00
  0.4448124D+03 -0.1833538D+03 -0.4403099D+02  0.0000000D+00
 -0.9078602D+02  0.3311171D+03  0.8131121D+02  0.0000000D+00
  0.1264378D+03 -0.9027152D+03 -0.1678388D+03  0.0000000D+00
  0.1236502D+04  0.2066497D+04  0.3384615D+03  0.0000000D+00
  0.1433123D+04 -0.6390167D+04  0.3848501D+03  0.0000000D+00
  0.5841469D+04  0.4450823D+04 -0.2077276D+04  0.0000000D+00
 -0.1164965D+04  0.5449901D+03 -0.1034823D+04  0.0000000D+00
  0.4694724D+04 -0.1056557D+04 -0.1244718D+04  0.0000000D+00
  0.8045326D+04 -0.2037574D+04 -0.1356257D+04  0.0000000D+00
  0.3045573D+03 -0.6095136D+02  0.2902378D+02  0.0000000D+00
  0.5136993D+03  0.1316459D+02 -0.1628907D+03  0.0000000D+00
 -0.5880769D+03  0.2157789D+02  0.2902321D+03  0.0000000D+00
  0.1039403D+04  0.3901274D+02 -0.4811923D+03  0.0000000D+00
 -0.3183003D+04  0.3100040D+03  0.9217503D+03  0.0000000D+00
  0.2407767D+04 -0.5761711D+01 -0.1854021D+04  0.0000000D+00
 -0.1010571D+05  0.2887918D+04 -0.2978186D+03  0.0000000D+00
 -0.4898335D+04  0.4129775D+04  0.1054030D+04  0.0000000D+00
 -0.5070862D+04  0.1818618D+04 -0.6566558D+03  0.0000000D+00
 -0.1516412D+05 -0.2016582D+04 -0.3800578D+04  0.0000000D+00
 -0.2107544D+05 -0.4287978D+04 -0.5661267D+04  0.0000000D+00
 -0.1340998D+03 -0.5895725D+02 -0.7142276D+01  0.0000000D+00
 -0.3085534D+03  0.2574879D+03  0.4894949D+02  0.0000000D+00
  0.3287083D+03 -0.3062477D+03 -0.7855178D+02  0.0000000D+00
 -0.8048906D+03  0.3564687D+03  0.1338458D+03  0.0000000D+00
 -0.3048855D+03 -0.4257126D+03 -0.2808230D+03  0.0000000D+00
 -0.7406287D+02  0.7020037D+03  0.3477270D+03  0.0000000D+00
  0.4644635D+04 -0.2328971D+04 -0.7438176D+02  0.0000000D+00
  0.8421867D+04  0.4984138D+03  0.6900169D+03  0.0000000D+00
 -0.8377342D+04  0.1143291D+04  0.2817852D+04  0.0000000D+00
  0.1622173D+04 -0.2439731D+04  0.2114410D+04  0.0000000D+00
  0.7288242D+04 -0.4529537D+04  0.1726686D+04  0.0000000D+00
 -0.1273068D+03 -0.9461581D+02 -0.2516146D+02  0.0000000D+00
 -0.3422534D+03  0.4031285D+02  0.1431095D+03  0.0000000D+00
  0.8581087D+01 -0.8897386D+02 -0.2502789D+03  0.0000000D+00
 -0.3268753D+03  0.7951287D+02  0.4016604D+03  0.0000000D+00
  0.1309219D+04 -0.1768690D+03 -0.6946022D+03  0.0000000D+00
  0.3729840D+03 -0.5972852D+03  0.1299433D+04  0.0000000D+00
  0.1592561D+04 -0.3100237D+04 -0.1030116D+03  0.0000000D+00
 -0.2883058D+04 -0.6066435D+03 -0.1442963D+04  0.0000000D+00
  0.5953288D+04  0.6699841D+03  0.9132992D+03  0.0000000D+00
  0.4044049D+04  0.1649783D+02  0.8161618D+03  0.0000000D+00
  0.3022765D+04 -0.3520135D+03  0.7852313D+03  0.0000000D+00
  0.3604341D+02  0.1616671D+02  0.1453208D+02  0.0000000D+00
  0.1066227D+03 -0.2013182D+03 -0.7504234D+02  0.0000000D+00
  0.2429134D+03  0.2300836D+03  0.1260608D+03  0.0000000D+00
 -0.7898259D+02 -0.2429243D+03 -0.2088773D+03  0.0000000D+00
 -0.7232642D+03  0.3273429D+03  0.3680887D+03  0.0000000D+00
 -0.1146512D+04 -0.1258046D+04 -0.6485415D+03  0.0000000D+00
 -0.1890240D+04  0.1758024D+04 -0.2317843D+03  0.0000000D+00
  0.9419401D+01  0.3137676D+03  0.1811910D+03  0.0000000D+00
 -0.2836995D+04 -0.1298145D+04  0.1524293D+02  0.0000000D+00
 -0.4850543D+04  0.2199972D+04  0.1143656D+04  0.0000000D+00
 -0.6060778D+04  0.4228730D+04  0.1802668D+04  0.0000000D+00
  0.1374463D+03  0.5530196D+02  0.8136182D+01  0.0000000D+00
 -0.7562723D+02  0.2797700D+02 -0.3923714D+02  0.0000000D+00
  0.6622864D+03 -0.1561311D+03  0.7483365D+02  0.0000000D+00
 -0.1196192D+04  0.3322955D+03 -0.1321584D+03  0.0000000D+00
  0.2498021D+04 -0.7558278D+03  0.1659545D+03  0.0000000D+00
 -0.1973582D+04  0.1830831D+04 -0.3126051D+03  0.0000000D+00
  0.5210474D+04 -0.2371181D+04 -0.6653140D+02  0.0000000D+00
  0.3537447D+04 -0.6172299D+02  0.2875148D+04  0.0000000D+00
  0.1104886D+05  0.4516247D+03  0.6899513D+03  0.0000000D+00
  0.9720341D+04 -0.9288777D+03 -0.1211202D+04  0.0000000D+00
  0.9029187D+04 -0.1731261D+04 -0.2347910D+04  0.0000000D+00
 -0.2491526D+04  0.9000035D+03 -0.4038085D+02  0.0000000D+00
  0.4927139D+04  0.6833652D+03  0.4497804D+03  0.0000000D+00
 -0.1056144D+05  0.3269437D+03 -0.5771095D+03  0.0000000D+00
  0.1708449D+05 -0.1585077D+04  0.9400105D+03  0.0000000D+00
  0.2613688D+04  0.1125734D+05 -0.1156565D+04  0.0000000D+00
 -0.6870751D+03 -0.3032762D+04 -0.1938881D+03  0.0000000D+00
 -0.5884343D+04  0.6547410D+04 -0.1489121D+04  0.0000000D+00
 -0.1701655D+04 -0.1817275D+04  0.1675453D+03  0.0000000D+00
  0.2246453D+04  0.6456000D+04 -0.1604568D+04  0.0000000D+00
 -0.4866874D+03  0.2395884D+05 -0.2187946D+04  0.0000000D+00
 -0.2040777D+04  0.3429593D+05 -0.2549137D+04  0.0000000D+00
 -0.3173045D+04 -0.1344476D+04  0.2491712D+03  0.0000000D+00
  0.8226085D+04  0.2507713D+04  0.1529404D+03  0.0000000D+00
 -0.1562694D+05 -0.3383117D+04  0.1407677D+02  0.0000000D+00
  0.2336642D+05  0.3127442D+04 -0.1020919D+03  0.0000000D+00
  0.5675206D+04  0.1630894D+04  0.5289809D+03  0.0000000D+00
 -0.3096629D+04  0.5787305D+04 -0.1751259D+04  0.0000000D+00
  0.6005000D+04 -0.1768591D+04  0.2770639D+03  0.0000000D+00
 -0.3687654D+04 -0.8399776D+02 -0.3098676D+04  0.0000000D+00
  0.6918916D+04 -0.6718161D+04 -0.1360575D+03  0.0000000D+00
  0.1026490D+05 -0.1414679D+05  0.9361124D+03  0.0000000D+00
  0.1234258D+05 -0.1856736D+05  0.1597348D+04  0.0000000D+00
 -0.2895589D+03  0.2291321D+03  0.2319118D+02  0.0000000D+00
 -0.3822196D+04 -0.1218437D+04  0.2547621D+03  0.0000000D+00
  0.5410942D+04  0.1846469D+04 -0.6884123D+03  0.0000000D+00
 -0.7273847D+04 -0.5915983D+03  0.1316035D+04  0.0000000D+00
 -0.1503615D+05  0.1536147D+04  0.5525671D+03  0.0000000D+00
  0.4769344D+04  0.1709413D+04 -0.1493163D+04  0.0000000D+00
 -0.1287487D+05  0.4416232D+03  0.9530712D+03  0.0000000D+00
  0.2816653D+04  0.4602335D+04 -0.4220822D+03  0.0000000D+00
 -0.4202573D+04  0.4384429D+04  0.6431893D+03  0.0000000D+00
 -0.1426429D+05 -0.4296741D+04  0.6668763D+03  0.0000000D+00
 -0.2023161D+05 -0.9383693D+04  0.6929083D+03  0.0000000D+00
 -0.8436713D+02  0.2796679D+02  0.7411943D+01  0.0000000D+00
  0.5449597D+03 -0.2638603D+02 -0.5072806D+02  0.0000000D+00
 -0.7688104D+03  0.7745008D+02  0.9461708D+02  0.0000000D+00
  0.9206568D+03 -0.1550450D+03 -0.1615242D+03  0.0000000D+00
  0.8773339D+03 -0.9928410D+02  0.3242322D+03  0.0000000D+00
 -0.1518398D+03 -0.1234528D+04 -0.3956066D+03  0.0000000D+00
  0.4372424D+04 -0.1494338D+04  0.2781916D+03  0.0000000D+00
 -0.1811619D+04 -0.4471885D+04  0.1050798D+04  0.0000000D+00
 -0.1724891D+05  0.3000463D+04 -0.1132835D+04  0.0000000D+00
 -0.1117089D+05  0.3070397D+04 -0.2589980D+04  0.0000000D+00
 -0.7784976D+04  0.3193164D+04 -0.3468041D+04  0.0000000D+00
 -0.1623762D+02 -0.6754978D+01 -0.2022743D+01  0.0000000D+00
 -0.4567148D+03  0.6947431D+01  0.1760916D+02  0.0000000D+00
  0.5579874D+03 -0.9605708D+01 -0.2857940D+02  0.0000000D+00
 -0.4840302D+03 -0.1070686D+03  0.5050620D+02  0.0000000D+00
  0.1775149D+03  0.3897599D+03 -0.1235289D+03  0.0000000D+00
 -0.2938575D+04 -0.8752093D+03  0.4926763D+03  0.0000000D+00
  0.7270599D+03 -0.9004642D+03 -0.1300715D+03  0.0000000D+00
  0.6549564D+03  0.1297377D+04 -0.1862152D+04  0.0000000D+00
  0.2758886D+04  0.1334656D+04 -0.2501059D+03  0.0000000D+00
  0.3942219D+04 -0.1557127D+04  0.2580295D+03  0.0000000D+00
  0.4660877D+04 -0.3250819D+04  0.5735945D+03  0.0000000D+00
 -0.8386075D+01 -0.2810433D+02 -0.1480299D+02  0.0000000D+00
 -0.3354166D+03  0.9032169D+02  0.7255018D+02  0.0000000D+00
  0.6216364D+03 -0.2846764D+03 -0.1328228D+03  0.0000000D+00
 -0.1152822D+04  0.4691933D+03  0.2122948D+03  0.0000000D+00
  0.2902186D+04 -0.4334301D+03 -0.3310446D+03  0.0000000D+00
 -0.6329247D+03  0.1167384D+04  0.2747333D+03  0.0000000D+00
 -0.1604909D+04 -0.2329614D+04 -0.1382813D+04  0.0000000D+00
 -0.8710997D+04  0.4152021D+03 -0.7520991D+03  0.0000000D+00
 -0.9822255D+04  0.3869861D+03  0.8605645D+03  0.0000000D+00
 -0.6401654D+04 -0.1983982D+04  0.8923467D+03  0.0000000D+00
 -0.4415240D+04 -0.3371852D+04  0.9292026D+03  0.0000000D+00
  0.1255059D+03 -0.3333987D+02  0.2130150D+01  0.0000000D+00
  0.1907952D+03  0.9947879D+02 -0.2467853D+02  0.0000000D+00
 -0.6482482D+03 -0.1704300D+03  0.3984445D+02  0.0000000D+00
  0.1339364D+04  0.3606957D+03 -0.5573058D+02  0.0000000D+00
 -0.1400522D+04 -0.8922562D+03  0.1174078D+03  0.0000000D+00
  0.2960004D+04  0.1133879D+04 -0.6056653D+03  0.0000000D+00
  0.6474058D+03 -0.1735552D+04 -0.3215493D+03  0.0000000D+00
 -0.1214708D+04  0.1031135D+04  0.2745057D+04  0.0000000D+00
 -0.6202990D+04 -0.2721960D+03 -0.1282233D+02  0.0000000D+00
  0.1875746D+04 -0.2395863D+04 -0.7214548D+03  0.0000000D+00
  0.6547829D+04 -0.3654239D+04 -0.1167435D+04  0.0000000D+00
  0.1579493D+03 -0.4469859D+02  0.5366302D+01  0.0000000D+00
 -0.3052235D+03  0.7689040D+02 -0.1116602D+02  0.0000000D+00
  0.5030637D+03  0.5587496D+01  0.2470994D+02  0.0000000D+00
 -0.8154698D+03  0.1359779D+02 -0.3845511D+02  0.0000000D+00
  0.3012869D+04 -0.1417971D+03  0.2831672D+02  0.0000000D+00
 -0.4101126D+04  0.8023018D+03  0.2232339D+03  0.0000000D+00
  0.6503501D+04  0.1032250D+03  0.5633233D+03  0.0000000D+00
  0.3296126D+04 -0.1021147D+04 -0.5783210D+03  0.0000000D+00
  0.5342353D+04 -0.9982256D+03 -0.1456306D+04  0.0000000D+00
  0.6850243D+04 -0.2017224D+04 -0.3299638D+02  0.0000000D+00
  0.7755880D+04 -0.2613309D+04  0.7903573D+03  0.0000000D+00
  0.3091284D+01 -0.1586799D+02 -0.7635769D+01  0.0000000D+00
  0.1452083D+03  0.6662709D+02  0.2800376D+02  0.0000000D+00
  0.1151863D+03 -0.6274240D+02 -0.5725079D+02  0.0000000D+00
 -0.7926556D+03  0.9537079D+02  0.9335765D+02  0.0000000D+00
  0.1164410D+04 -0.3696891D+03 -0.2396010D+03  0.0000000D+00
 -0.1479534D+04  0.8590631D+03  0.6003411D+03  0.0000000D+00
 -0.1193128D+04 -0.1478570D+04 -0.4154849D+03  0.0000000D+00
 -0.2195389D+04  0.7139203D+03 -0.1126176D+04  0.0000000D+00
  0.1947829D+04  0.1007105D+04  0.1035748D+04  0.0000000D+00
  0.8430413D+03 -0.3063809D+03  0.8018240D+03  0.0000000D+00
  0.2409309D+03 -0.1071779D+04  0.6891406D+03  0.0000000D+00
