  2  2   693 10944  4  4  9 11  7  1    0.00   24.00  100.00  600.00    0.00    6.28   45.00   45.00
  100.0  100.0  100.0  100.0  125.0  150.0  190.0  230.0  275.0  350.0  450.0  600.0  600.0  600.0  600.0
  0.2206413D+03 -0.3478818D+02 -0.3984617D+00  0.0000000D+00
  0.3547233D+03 -0.9278719D+00  0.1772540D+02  0.0000000D+00
  0.2845215D+03 -0.9120561D+02 -0.9552676D+01  0.0000000D+00
  0.6341130D+03 -0.1563516D+03  0.2132753D+02  0.0000000D+00
  0.6529788D+03 -0.3413832D+03  0.1669012D+02  0.0000000D+00
  0.9700493D+03 -0.3988444D+02 -0.1623180D+02  0.0000000D+00
  0.1036368D+04  0.1324410D+03  0.2399148D+02  0.0000000D+00
  0.1284578D+04  0.2346064D+03  0.5695506D+02  0.0000000D+00
  0.1189610D+04  0.2276081D+03  0.3825486D+02  0.0000000D+00
  0.1058831D+04  0.1752644D+03  0.2405500D+02  0.0000000D+00
  0.9812075D+03  0.1445440D+03  0.1553213D+02  0.0000000D+00
  0.6788952D+01 -0.3431312D+02 -0.2513287D+01  0.0000000D+00
  0.8473564D+01 -0.2114910D+02  0.2679177D+00  0.0000000D+00
 -0.8362255D+02  0.5785045D+02 -0.3098349D+01  0.0000000D+00
 -0.1114465D+03  0.9312849D+02 -0.7435442D+01  0.0000000D+00
 -0.1661875D+03 -0.2430460D+02 -0.6192121D+01  0.0000000D+00
 -0.9542557D+02 -0.1710819D+03 -0.8400731D+01  0.0000000D+00
 -0.4136535D+02 -0.5788794D+01 -0.1469590D+02  0.0000000D+00
 -0.2915601D+02 -0.1594088D+02 -0.1124119D+02  0.0000000D+00
 -0.8664927D+01 -0.2365386D+02 -0.6573922D+01  0.0000000D+00
 -0.9032698D+01 -0.3482651D+00 -0.1132125D+02  0.0000000D+00
 -0.9020276D+01  0.1321492D+02 -0.1404852D+02  0.0000000D+00
  0.9343816D+01  0.1555725D+02  0.3580377D+01  0.0000000D+00
 -0.1277049D+02  0.9415360D+01  0.2364071D+00  0.0000000D+00
 -0.2503875D+01 -0.5595006D+00 -0.3519068D+01  0.0000000D+00
  0.8064802D+02 -0.1125972D+02  0.7003979D+01  0.0000000D+00
  0.4609487D+02  0.6643950D+02  0.9878103D+01  0.0000000D+00
 -0.3824413D+02 -0.1033100D+01  0.4861942D+01  0.0000000D+00
 -0.3214624D+02 -0.5751943D+01 -0.8186015D+01  0.0000000D+00
  0.1332923D+02  0.1872677D+02  0.2440664D+01  0.0000000D+00
 -0.1098862D+02 -0.3410685D+01 -0.4412034D+01  0.0000000D+00
 -0.1744740D+02  0.2551528D+02 -0.5353212D+01  0.0000000D+00
 -0.2150208D+02  0.4221136D+02 -0.5983595D+01  0.0000000D+00
  0.5653029D+00  0.6649238D-01  0.5556346D-03  0.0000000D+00
 -0.1860683D+01 -0.4836680D+00  0.2476907D-01  0.0000000D+00
  0.3425956D+01  0.3052194D-01 -0.1152902D+00  0.0000000D+00
 -0.2528730D+01 -0.2095216D+01  0.2613700D+00  0.0000000D+00
  0.1823795D+01  0.3476405D+01 -0.6134892D+00  0.0000000D+00
 -0.3008443D+01 -0.1211302D+02  0.2450110D+01  0.0000000D+00
  0.1637582D+02  0.8477399D+00  0.5033673D+00  0.0000000D+00
 -0.1902165D+02  0.6282218D+01  0.1154947D+01  0.0000000D+00
  0.2668479D+01 -0.3211340D+01  0.1460865D+02  0.0000000D+00
  0.1425948D+02 -0.1061572D+02  0.1748336D+02  0.0000000D+00
  0.2128776D+02 -0.1505414D+02  0.1931754D+02  0.0000000D+00
  0.2134436D+00 -0.1351295D+00  0.2043213D-01  0.0000000D+00
  0.1179125D+01  0.5588066D+00 -0.1710595D+00  0.0000000D+00
 -0.2748469D+00 -0.3188616D+00  0.3244739D+00  0.0000000D+00
  0.7975224D+01  0.2175398D+00 -0.5387463D+00  0.0000000D+00
 -0.1412988D+01 -0.1827676D+01  0.1149774D+01  0.0000000D+00
 -0.2954513D+01 -0.1952074D+01 -0.4679859D+01  0.0000000D+00
 -0.3327280D+02 -0.2979873D+02  0.1678060D+01  0.0000000D+00
 -0.1641386D+01  0.1057165D+02 -0.6134519D+01  0.0000000D+00
 -0.2502691D+02 -0.3380635D+02  0.1645764D+01  0.0000000D+00
 -0.4008999D+02 -0.8060554D+02  0.8436003D+01  0.0000000D+00
 -0.4916896D+02 -0.1084961D+03  0.1249605D+02  0.0000000D+00
 -0.1301510D+01 -0.5862679D-01  0.1687525D-01  0.0000000D+00
 -0.3059815D-01  0.1336103D+00 -0.7171736D-01  0.0000000D+00
 -0.2881499D+01  0.6341277D+00  0.1424701D+00  0.0000000D+00
 -0.1168742D+01  0.9681074D+00 -0.3522171D+00  0.0000000D+00
 -0.5516637D+01 -0.2331650D+01  0.8537993D+00  0.0000000D+00
 -0.1863858D+01  0.1249950D+02 -0.3062753D+01  0.0000000D+00
  0.1770633D+02 -0.3828559D+01  0.4781059D+01  0.0000000D+00
  0.1945580D+02 -0.1716214D+02  0.1852957D+01  0.0000000D+00
  0.1986171D+02 -0.8106465D+01  0.1485503D+01  0.0000000D+00
  0.1070254D+02  0.2495968D+00  0.2369141D+00  0.0000000D+00
  0.5345643D+01  0.5239103D+01 -0.4983293D+00  0.0000000D+00
 -0.3119478D+00 -0.1611855D+00 -0.3991142D-02  0.0000000D+00
 -0.1216792D+01  0.1197353D+01  0.8827966D-01  0.0000000D+00
 -0.1914150D+01 -0.2463609D+01 -0.1360405D+00  0.0000000D+00
 -0.8035939D+01  0.5390893D+01  0.2521779D+00  0.0000000D+00
 -0.5411373D+01 -0.5612704D+01 -0.4482568D+00  0.0000000D+00
  0.3727327D+01  0.1433002D+02  0.1618943D+01  0.0000000D+00
  0.1293949D+02 -0.4739467D+01  0.1322059D+01  0.0000000D+00
 -0.5912636D+01  0.1047725D+02  0.2231903D+01  0.0000000D+00
  0.2414873D+02 -0.5167935D+00  0.2375237D+01  0.0000000D+00
  0.3218866D+02 -0.7647809D+01  0.5557754D-01  0.0000000D+00
  0.3723355D+02 -0.1194651D+02 -0.1301644D+01  0.0000000D+00
  0.2145502D+01  0.4602350D-01  0.3024423D-02  0.0000000D+00
 -0.1249273D+00  0.3338389D-01  0.2970140D-01  0.0000000D+00
  0.3852817D+01 -0.3918477D+00 -0.2142698D-01  0.0000000D+00
 -0.1595020D+01  0.1885188D+00  0.6526231D-01  0.0000000D+00
  0.1043797D+02  0.1582747D+01 -0.2436629D+00  0.0000000D+00
  0.1730923D+01 -0.5606024D+01  0.6698515D+00  0.0000000D+00
 -0.1597020D+01  0.3161919D+01 -0.2240223D+01  0.0000000D+00
  0.8839402D+01 -0.6112499D+01  0.2811317D+01  0.0000000D+00
 -0.1243430D+01  0.3475740D+01  0.1243042D+01  0.0000000D+00
 -0.2704413D+01  0.4440469D+01 -0.1860782D+01  0.0000000D+00
 -0.3671733D+01  0.5110655D+01 -0.3695217D+01  0.0000000D+00
 -0.6206851D-01  0.8369379D-01  0.2068203D-01  0.0000000D+00
  0.5039813D+00 -0.6075567D+00 -0.5526844D-01  0.0000000D+00
 -0.1771562D+01  0.1192757D+01  0.8098227D-01  0.0000000D+00
  0.6201782D+01 -0.2998561D+01 -0.1597548D+00  0.0000000D+00
  0.3892049D+01  0.2612381D+01  0.2568858D+00  0.0000000D+00
 -0.3807019D+01 -0.6146610D+01  0.3597960D-01  0.0000000D+00
  0.9195398D+01 -0.3126653D+00 -0.4489939D+00  0.0000000D+00
 -0.3262529D+01  0.9695548D-01 -0.8141584D-01  0.0000000D+00
  0.7573403D+00  0.4277787D+01 -0.5689637D-01  0.0000000D+00
  0.7618698D-01  0.6800058D+01 -0.1281597D+00  0.0000000D+00
 -0.2767505D+00  0.8320234D+01 -0.1699059D+00  0.0000000D+00
  0.1998308D+02 -0.4028594D+02  0.3065873D+01  0.0000000D+00
 -0.1116771D+02  0.1344103D+02  0.1111724D+00  0.0000000D+00
 -0.7678590D+02  0.3918474D+02 -0.5314567D+01  0.0000000D+00
 -0.9923287D+02  0.4909035D+02  0.3544195D+01  0.0000000D+00
 -0.1622275D+03  0.7353305D+02 -0.2660890D+01  0.0000000D+00
 -0.1089478D+03 -0.2837622D+02 -0.3114095D+01  0.0000000D+00
 -0.7780297D+02  0.1182528D+01  0.1245500D+02  0.0000000D+00
 -0.1106749D+03 -0.4140495D+02  0.1575843D+02  0.0000000D+00
 -0.1414090D+03  0.2460093D+02  0.3614664D+02  0.0000000D+00
 -0.9546723D+02  0.6286119D+02  0.4475300D+02  0.0000000D+00
 -0.6891719D+02  0.8599919D+02  0.5001908D+02  0.0000000D+00
  0.1086203D+02 -0.6748136D+02 -0.7667014D+00  0.0000000D+00
  0.1364671D+02  0.2527049D+02 -0.4015283D+01  0.0000000D+00
 -0.3454625D+02  0.1451860D+02  0.4003590D+01  0.0000000D+00
 -0.4324011D+02  0.4200483D+02  0.2064091D+02  0.0000000D+00
  0.5044279D+02 -0.3027067D+02  0.5032201D+01  0.0000000D+00
 -0.2775596D+02  0.4701651D+01  0.7390403D+01  0.0000000D+00
  0.2576536D+02 -0.7940807D+01 -0.1280200D+01  0.0000000D+00
 -0.2782951D+02  0.1146646D+02  0.2505005D+01  0.0000000D+00
  0.1367573D+02  0.1987366D+02  0.1463816D+01  0.0000000D+00
  0.6772811D+02  0.4083820D+02 -0.7443719D+01  0.0000000D+00
  0.9983659D+02  0.5320444D+02 -0.1266941D+02  0.0000000D+00
  0.9807194D+01 -0.5191217D+01  0.1734337D+01  0.0000000D+00
  0.1111445D+02 -0.3999820D+02  0.3197127D+01  0.0000000D+00
 -0.4312429D+02  0.6116920D+02 -0.1800520D+02  0.0000000D+00
  0.6450421D+02 -0.1013229D+03 -0.1029797D+02  0.0000000D+00
 -0.1745376D+02  0.1025385D+03 -0.3026476D+01  0.0000000D+00
  0.2032825D+01  0.2516313D+02 -0.3089837D+01  0.0000000D+00
 -0.6153766D+02  0.2271664D+02 -0.8304698D+01  0.0000000D+00
 -0.3597875D+02 -0.1554311D+01 -0.1800595D+01  0.0000000D+00
 -0.4556332D+02  0.5566308D+02 -0.9236031D+01  0.0000000D+00
 -0.4888442D+02  0.7930224D+02 -0.1999098D+02  0.0000000D+00
 -0.5093954D+02  0.9377335D+02 -0.2637104D+02  0.0000000D+00
  0.2911880D+00 -0.3669176D+00  0.1949257D-01  0.0000000D+00
 -0.2679609D+00  0.1328673D+01 -0.1197389D+00  0.0000000D+00
 -0.8489622D+00 -0.1993349D+01  0.2265993D+00  0.0000000D+00
 -0.4100730D+01  0.3720294D+01 -0.3364161D+00  0.0000000D+00
  0.4760673D+01 -0.6901008D+01  0.3148242D+00  0.0000000D+00
 -0.8637127D+01  0.9663208D+01  0.7438006D+00  0.0000000D+00
  0.6414273D+01 -0.1034237D+02  0.5683613D+00  0.0000000D+00
 -0.3296471D+02  0.4086045D+02 -0.2519002D+01  0.0000000D+00
 -0.3414527D+02  0.9106373D+01  0.9115463D+00  0.0000000D+00
 -0.1032913D+02 -0.1653383D+02  0.2657078D+01  0.0000000D+00
  0.3600838D+01 -0.3189834D+02  0.3717482D+01  0.0000000D+00
 -0.7852152D+00 -0.2710817D-01  0.1775333D-01  0.0000000D+00
 -0.2444813D+01  0.2509657D+00 -0.1165421D+00  0.0000000D+00
  0.3373305D+01 -0.5301276D+00  0.1476159D+00  0.0000000D+00
 -0.5541435D+01  0.1331921D+01 -0.3664719D+00  0.0000000D+00
  0.2429457D+01 -0.4944881D+01  0.8876460D+00  0.0000000D+00
 -0.1149796D+02  0.9281861D+01 -0.3290417D+00  0.0000000D+00
  0.4744579D+01 -0.9073324D+01  0.4398799D+01  0.0000000D+00
 -0.3146842D+02  0.6187390D+01 -0.6501311D+01  0.0000000D+00
 -0.2037091D+02  0.6416395D+01 -0.4494507D+01  0.0000000D+00
  0.5964275D+01  0.2573687D+01 -0.8215140D+01  0.0000000D+00
  0.2150002D+02  0.3212537D+00 -0.1037095D+02  0.0000000D+00
  0.9011860D+00  0.2962162D-01  0.1915435D-01  0.0000000D+00
 -0.6654513D+00 -0.4239115D+00 -0.1011816D+00  0.0000000D+00
  0.3003496D+01  0.4512652D+00  0.1650451D+00  0.0000000D+00
  0.5787020D+00 -0.6226171D+00 -0.2300606D+00  0.0000000D+00
  0.8354089D+01  0.2099168D+01  0.5493158D+00  0.0000000D+00
  0.8382411D+01 -0.4719262D+01 -0.2037941D+01  0.0000000D+00
  0.1867424D+02 -0.9071651D+00  0.4091076D+01  0.0000000D+00
  0.2676957D+02 -0.3105518D+01  0.4030989D+01  0.0000000D+00
  0.2616120D+02  0.1732256D+01  0.3616997D+00  0.0000000D+00
  0.1576021D+02 -0.1086717D+02  0.2248220D+01  0.0000000D+00
  0.9666272D+01 -0.1818795D+02  0.3312263D+01  0.0000000D+00
  0.1612259D+01  0.4645958D-01  0.2345169D-02  0.0000000D+00
  0.7592524D+00 -0.1570225D+00 -0.4892259D-01  0.0000000D+00
 -0.4754036D-01 -0.5147731D-01  0.1766786D+00  0.0000000D+00
  0.1209918D+01 -0.9964468D+00 -0.1445700D+00  0.0000000D+00
 -0.1219631D+01  0.2652186D+01  0.3739277D+00  0.0000000D+00
 -0.6694041D+01 -0.5854697D+01 -0.2226576D+01  0.0000000D+00
  0.2335688D+01 -0.1929340D+01  0.2709704D+01  0.0000000D+00
 -0.1800692D+02  0.2396406D+02 -0.4297535D+01  0.0000000D+00
 -0.2217686D+02  0.4363151D+01 -0.2927085D+01  0.0000000D+00
 -0.1950754D+02 -0.1043997D+02  0.5273103D+00  0.0000000D+00
 -0.1799237D+02 -0.1931449D+02  0.2565902D+01  0.0000000D+00
 -0.1385368D+01  0.2245169D+00  0.1042031D-01  0.0000000D+00
  0.3999102D+01 -0.6545524D+00 -0.7239920D-03  0.0000000D+00
 -0.8976326D+01  0.1070915D+01  0.2126783D-01  0.0000000D+00
  0.9314210D+01 -0.2385144D+01 -0.1512095D+00  0.0000000D+00
 -0.1026365D+02 -0.1183522D+00  0.1978098D+00  0.0000000D+00
 -0.1739882D+01  0.3294346D+01 -0.7390113D-01  0.0000000D+00
 -0.6047079D+01  0.3754168D+01  0.5785069D+00  0.0000000D+00
 -0.2405234D+01  0.2968973D+01  0.7717205D+00  0.0000000D+00
  0.8412997D+00  0.4425367D+01  0.7724424D+00  0.0000000D+00
  0.6173309D+01 -0.1128413D+01  0.9358943D+00  0.0000000D+00
  0.9330496D+01 -0.4364540D+01  0.1031366D+01  0.0000000D+00
 -0.5554805D+00 -0.2653986D-01 -0.1205154D-02  0.0000000D+00
 -0.3075655D+00  0.2871534D+00  0.4139836D-01  0.0000000D+00
 -0.6647212D+00 -0.3728477D+00 -0.2219197D-01  0.0000000D+00
  0.1034678D+01  0.8904850D+00 -0.6776512D-01  0.0000000D+00
 -0.1829536D+01 -0.5594616D+00 -0.1089081D+00  0.0000000D+00
 -0.3679751D+01  0.3412408D+01  0.1242190D+01  0.0000000D+00
  0.1561431D+02 -0.2954530D+01 -0.3824781D+00  0.0000000D+00
  0.3905633D+01  0.3272609D+01  0.1555551D+01  0.0000000D+00
  0.3586581D+01 -0.2938372D+01 -0.9313151D+00  0.0000000D+00
  0.6013784D+01 -0.6736722D+01 -0.2647500D+01  0.0000000D+00
  0.7432317D+01 -0.9026126D+01 -0.3679408D+01  0.0000000D+00
 -0.1101162D+02  0.8645880D+01 -0.3319767D-01  0.0000000D+00
 -0.2223818D+02 -0.2949548D+02  0.6454036D+01  0.0000000D+00
 -0.3637818D+01  0.7332464D+02 -0.4515551D+01  0.0000000D+00
 -0.1316602D+02 -0.1956084D+02  0.1276223D+02  0.0000000D+00
  0.4102650D+02 -0.7062639D+02  0.1751650D+02  0.0000000D+00
  0.3307156D+02  0.8944614D+00  0.9067544D+01  0.0000000D+00
  0.4433756D+02  0.7103937D+01  0.5715269D+01  0.0000000D+00
  0.6248527D+01  0.3527300D+02  0.5442715D+01  0.0000000D+00
  0.8515305D+02  0.4067546D+02  0.2244486D+02  0.0000000D+00
  0.1394756D+03  0.4622170D+02  0.1665529D+02  0.0000000D+00
  0.1721610D+03  0.4951959D+02  0.1345339D+02  0.0000000D+00
  0.1371257D+02 -0.1818248D+02 -0.2623822D+01  0.0000000D+00
 -0.3160226D+02  0.8670364D+01  0.4751178D+01  0.0000000D+00
  0.1931343D+02  0.1555878D+02 -0.1350190D+02  0.0000000D+00
  0.3267939D+02 -0.2859882D+02 -0.7439715D+00  0.0000000D+00
  0.3561185D+01 -0.5327899D+02 -0.1078203D+02  0.0000000D+00
  0.4090755D+02 -0.3382827D+02  0.4022670D+01  0.0000000D+00
  0.2160437D+02 -0.9074942D+01 -0.1444080D+02  0.0000000D+00
  0.3739629D+01  0.2253632D+02  0.5370457D+01  0.0000000D+00
  0.1922097D+02  0.2129322D+02 -0.2683113D+01  0.0000000D+00
  0.1675730D+02  0.1427023D+02 -0.1311372D+02  0.0000000D+00
  0.1548235D+02  0.1014850D+02 -0.1931201D+02  0.0000000D+00
 -0.8496222D+01  0.1299193D+02 -0.4614994D-01  0.0000000D+00
  0.1661456D+02 -0.1294552D+02  0.2885778D+01  0.0000000D+00
  0.1170230D+01 -0.1748723D+02  0.9455964D+00  0.0000000D+00
  0.3695785D+02 -0.4101865D+02  0.1239604D+02  0.0000000D+00
  0.3580718D+01 -0.2326445D+02  0.5208710D+01  0.0000000D+00
 -0.1769161D+02  0.3081771D+02 -0.1499895D+02  0.0000000D+00
  0.3094564D+02 -0.1841299D+02  0.4805106D+01  0.0000000D+00
  0.3847271D+02  0.8289219D+01  0.1200779D+02  0.0000000D+00
  0.2084566D+02  0.2220232D+02 -0.1085646D+00  0.0000000D+00
  0.8436027D+01  0.4232279D+01  0.4384818D+01  0.0000000D+00
  0.9768529D+00 -0.6134742D+01  0.6878460D+01  0.0000000D+00
  0.6675177D+00 -0.2101212D+00  0.2015384D-01  0.0000000D+00
 -0.4716300D+01  0.1032121D+01 -0.9482375D-01  0.0000000D+00
  0.7535635D+01 -0.1291804D+01  0.1567904D+00  0.0000000D+00
 -0.4945163D+01  0.1469644D+01 -0.2037585D+00  0.0000000D+00
  0.4716890D+01 -0.1377796D+01  0.1765558D+00  0.0000000D+00
  0.1039516D+02  0.9953208D+01  0.3967839D+00  0.0000000D+00
 -0.2543945D+02  0.9666664D+01  0.4383593D+01  0.0000000D+00
 -0.1557945D+02  0.5259063D+01 -0.4641204D+01  0.0000000D+00
 -0.2340531D+02  0.2408837D+02  0.2399101D+01  0.0000000D+00
 -0.1508524D+02  0.1136897D+02  0.5342927D+01  0.0000000D+00
 -0.1029917D+02  0.4125385D+01  0.7145776D+01  0.0000000D+00
 -0.1248622D+01  0.2689566D+00  0.3936032D-01  0.0000000D+00
 -0.1973777D+01 -0.1389628D+01 -0.1967239D+00  0.0000000D+00
  0.1077912D+01  0.1281576D+01  0.3006096D+00  0.0000000D+00
 -0.1075073D+01 -0.1930210D+01 -0.5532183D+00  0.0000000D+00
  0.1516867D+02  0.2136950D-01  0.1157495D+01  0.0000000D+00
 -0.1012060D+02 -0.6587792D+00 -0.4433917D+01  0.0000000D+00
  0.3816589D+02 -0.3765842D+02 -0.1553324D+01  0.0000000D+00
  0.3501069D+02 -0.2754014D+02  0.4529133D+00  0.0000000D+00
  0.4124463D+02 -0.2899169D+02  0.1383470D+02  0.0000000D+00
  0.2975201D+02  0.5151651D+01  0.1694103D+02  0.0000000D+00
  0.2309128D+02  0.2512612D+02  0.1890843D+02  0.0000000D+00
 -0.1040576D+01  0.3372037D+00 -0.1949042D-01  0.0000000D+00
  0.6785905D+01 -0.1867602D+01  0.1378334D+00  0.0000000D+00
 -0.7809966D+01  0.2304782D+01 -0.2602709D+00  0.0000000D+00
  0.2663032D+01 -0.3407115D+01  0.3680389D+00  0.0000000D+00
  0.2649703D+01  0.4883169D+01 -0.3763236D+00  0.0000000D+00
  0.1434722D+02 -0.1811078D+02  0.1472473D+00  0.0000000D+00
 -0.2130761D+02  0.1070375D+02 -0.3448756D+01  0.0000000D+00
 -0.3309300D+02  0.1331413D+02 -0.5245853D+00  0.0000000D+00
 -0.1706089D+02  0.1157968D+02 -0.3189326D+01  0.0000000D+00
 -0.6708666D+01  0.2191897D+01 -0.5568961D+01  0.0000000D+00
 -0.4692762D+00 -0.3326243D+01 -0.6992158D+01  0.0000000D+00
  0.1732937D+01 -0.4193265D+00  0.1078111D-02  0.0000000D+00
  0.2217825D+01  0.2572850D+01  0.3126511D-02  0.0000000D+00
 -0.2139929D+01 -0.3746372D+01  0.2680666D-01  0.0000000D+00
 -0.1007395D+01  0.5534605D+01 -0.5908669D-01  0.0000000D+00
 -0.1192335D+02 -0.3932619D+01  0.2700145D-01  0.0000000D+00
 -0.1177077D+02  0.6453172D+01  0.1371239D+01  0.0000000D+00
 -0.5127589D+01  0.2766227D+01  0.7153417D+01  0.0000000D+00
 -0.1498370D+01  0.3359161D+01  0.1014228D+01  0.0000000D+00
  0.2979161D+01  0.1724659D+02  0.5761296D+01  0.0000000D+00
  0.8814993D+01 -0.3843635D+01  0.4236826D+01  0.0000000D+00
  0.1227921D+02 -0.1603969D+02  0.3396660D+01  0.0000000D+00
  0.4073760D+00  0.9438548D-01  0.2314863D-02  0.0000000D+00
 -0.4193945D+01 -0.1411061D+00 -0.4386864D-01  0.0000000D+00
  0.3861953D+01  0.8574733D+00  0.1065040D+00  0.0000000D+00
 -0.3186664D+00 -0.2215042D+01 -0.1027077D+00  0.0000000D+00
 -0.3002014D+01  0.1275694D+01 -0.1856472D-01  0.0000000D+00
  0.3659951D+01  0.9218952D+01  0.3902476D+00  0.0000000D+00
 -0.5669316D+01  0.5562906D+01 -0.2345967D+01  0.0000000D+00
 -0.3950192D+01  0.8280186D+01 -0.2097991D+01  0.0000000D+00
 -0.3527197D+01  0.5040664D+01 -0.3356507D+01  0.0000000D+00
 -0.4287881D+01  0.2607789D+01 -0.4632457D+01  0.0000000D+00
 -0.4727855D+01  0.1149555D+01 -0.5393721D+01  0.0000000D+00
 -0.2870098D+00  0.3020019D+00  0.3615869D-01  0.0000000D+00
  0.9521027D+00 -0.1355428D+01 -0.1567983D+00  0.0000000D+00
  0.1083254D+01  0.2075814D+01  0.2379703D+00  0.0000000D+00
  0.3228922D+01 -0.2297390D+01 -0.3551818D+00  0.0000000D+00
  0.8786320D+00  0.2986459D+01  0.8383654D+00  0.0000000D+00
  0.4900698D+01 -0.4872351D+01 -0.1799990D+01  0.0000000D+00
  0.3937875D+00 -0.3332142D+00  0.7406178D+00  0.0000000D+00
  0.1274639D+01 -0.1778441D+00  0.6922110D+00  0.0000000D+00
 -0.1561151D+01 -0.5773668D+00  0.1287647D+00  0.0000000D+00
 -0.1620233D+01  0.2904740D+01  0.3688768D+00  0.0000000D+00
 -0.1687367D+01  0.4939032D+01  0.5026477D+00  0.0000000D+00
 -0.3524360D+01 -0.2010618D+01 -0.2249990D+00  0.0000000D+00
 -0.8439360D+01  0.1822377D+02  0.4034972D+01  0.0000000D+00
  0.9382443D+00  0.2609710D+01 -0.6671750D+01  0.0000000D+00
 -0.2360931D+02  0.1194123D+02  0.4613292D+01  0.0000000D+00
  0.2463684D+02  0.4253914D+02 -0.4030205D+01  0.0000000D+00
  0.4049189D+02 -0.3743912D+01 -0.1332084D+01  0.0000000D+00
  0.2026309D+02  0.1515896D+02  0.3156295D+01  0.0000000D+00
  0.1520588D+01  0.7789615D+01  0.4893596D+01  0.0000000D+00
  0.5264617D+02 -0.7152520D+01  0.6279350D+01  0.0000000D+00
  0.5617318D+02 -0.9381273D+01  0.3481270D+01  0.0000000D+00
  0.5881259D+02 -0.1085474D+02  0.1859502D+01  0.0000000D+00
 -0.9689861D+00 -0.5943340D+01  0.2161347D+00  0.0000000D+00
 -0.1484726D+02  0.1700267D+02 -0.9203214D+00  0.0000000D+00
  0.1111348D+02  0.8357500D+01  0.1530326D+01  0.0000000D+00
 -0.2052441D+02  0.1154020D+02  0.1344609D+01  0.0000000D+00
  0.1866590D+02 -0.3248565D+02 -0.5907936D+01  0.0000000D+00
  0.5980403D+02  0.1390979D+02  0.2200734D+01  0.0000000D+00
  0.1012942D+02 -0.3325962D+01 -0.6269560D+01  0.0000000D+00
 -0.8000156D+01  0.1688691D+02 -0.2842260D+01  0.0000000D+00
 -0.8046887D+01  0.1960041D+01 -0.1263119D+02  0.0000000D+00
 -0.1564037D+02 -0.6722833D+01 -0.1447555D+02  0.0000000D+00
 -0.2008683D+02 -0.1197242D+02 -0.1566423D+02  0.0000000D+00
 -0.1869136D+01 -0.2501352D+01  0.1242576D+01  0.0000000D+00
 -0.1281592D+02  0.5334498D+01 -0.2459386D+01  0.0000000D+00
  0.1856890D+02  0.2717741D+01  0.2924612D+01  0.0000000D+00
  0.2458937D+02 -0.1997355D+02  0.3335153D+01  0.0000000D+00
  0.3902292D+02  0.8218319D+01 -0.4081836D+01  0.0000000D+00
  0.1357503D+02  0.1064737D+02  0.5544921D+01  0.0000000D+00
  0.2328862D+02  0.7965123D+00 -0.2971716D+01  0.0000000D+00
  0.2590844D+02  0.5583332D+01  0.6228912D+01  0.0000000D+00
  0.1998016D+02  0.2953220D+01 -0.8277892D+00  0.0000000D+00
 -0.5030956D+01 -0.1489966D+02 -0.4874723D+01  0.0000000D+00
 -0.1973837D+02 -0.2537839D+02 -0.7322504D+01  0.0000000D+00
 -0.5655232D-01 -0.8328500D-01 -0.5834746D-02  0.0000000D+00
  0.4054602D+00 -0.1341200D+00  0.2504025D-01  0.0000000D+00
 -0.1805112D+01  0.3751791D+00 -0.8471765D-02  0.0000000D+00
  0.2552989D+01 -0.1272091D+01  0.3131051D-01  0.0000000D+00
 -0.6206603D+01  0.5401064D+00 -0.1085807D-01  0.0000000D+00
  0.1357780D+02  0.2013646D+01  0.1727210D+01  0.0000000D+00
 -0.2601811D+02  0.9847985D+01 -0.1243519D+01  0.0000000D+00
 -0.3196476D+02  0.1088964D+02 -0.1002998D+01  0.0000000D+00
 -0.4462176D+02  0.5204833D+01 -0.1512574D+01  0.0000000D+00
 -0.2810502D+02  0.2478978D+01 -0.6102642D+00  0.0000000D+00
 -0.1857800D+02  0.8197277D+00 -0.8847833D-01  0.0000000D+00
 -0.1247263D+01  0.7958413D-01 -0.1677987D-01  0.0000000D+00
  0.1362815D+01 -0.3560992D+00  0.1445900D+00  0.0000000D+00
  0.1941029D+01 -0.5404533D+00 -0.1981605D+00  0.0000000D+00
 -0.3095343D+01  0.1315835D+01  0.4136076D+00  0.0000000D+00
 -0.5469586D+01  0.6792871D+00 -0.7330228D+00  0.0000000D+00
  0.1270564D+01 -0.3687947D+01  0.8370393D+00  0.0000000D+00
  0.9000843D+01  0.2799510D+01 -0.1713318D+01  0.0000000D+00
  0.2019158D+02 -0.1096164D+02  0.2477771D+01  0.0000000D+00
  0.1074089D+02 -0.1415022D+02 -0.1403292D+01  0.0000000D+00
 -0.1141625D+01 -0.3314119D+01 -0.4812565D+01  0.0000000D+00
 -0.8201554D+01  0.2995950D+01 -0.6851562D+01  0.0000000D+00
  0.2777057D+00 -0.7466765D-01  0.3753484D-02  0.0000000D+00
  0.1392419D+01  0.2329144D+00 -0.4857410D-01  0.0000000D+00
 -0.4443566D+00 -0.1167615D+01  0.6239646D-01  0.0000000D+00
  0.1361985D+01  0.2991509D+01 -0.1812894D+00  0.0000000D+00
 -0.1145906D+02 -0.1952230D+01  0.1999571D+00  0.0000000D+00
  0.2661576D+01 -0.5206987D+01 -0.1631359D+01  0.0000000D+00
 -0.6437920D+01  0.5526547D+01  0.7817649D-01  0.0000000D+00
 -0.1334880D+02  0.4258284D+00 -0.1695821D+01  0.0000000D+00
 -0.1283020D+02 -0.2224887D+00 -0.2123428D+01  0.0000000D+00
 -0.3060611D+01  0.6606347D-01 -0.5837328D+00  0.0000000D+00
  0.2663788D+01  0.2260371D+00  0.3127829D+00  0.0000000D+00
  0.1689273D+01 -0.1253942D+00  0.1434337D-01  0.0000000D+00
 -0.7842323D+00  0.2001995D+00 -0.1142366D+00  0.0000000D+00
 -0.4863328D+01  0.6181914D+00  0.1918785D+00  0.0000000D+00
  0.3608457D+01 -0.1328565D+01 -0.3350921D+00  0.0000000D+00
 -0.9423135D+00 -0.1298307D+01  0.7466379D+00  0.0000000D+00
 -0.1244877D+02  0.3843407D+01 -0.2077691D+01  0.0000000D+00
 -0.6463485D+01  0.1047543D+00  0.1226815D+01  0.0000000D+00
 -0.5820979D+01  0.5861366D+01  0.4788065D+00  0.0000000D+00
 -0.2769313D+02  0.1018118D+02 -0.1910285D+01  0.0000000D+00
 -0.1477154D+02  0.2512633D+01 -0.1189843D+01  0.0000000D+00
 -0.7454309D+01 -0.1930382D+01 -0.7954048D+00  0.0000000D+00
 -0.1004978D-02  0.3835442D-02 -0.1074203D-01  0.0000000D+00
 -0.1698914D+01  0.4090264D+00  0.1054255D+00  0.0000000D+00
  0.1649137D+01  0.2503012D-01 -0.1603019D+00  0.0000000D+00
  0.1640059D+00 -0.1258257D+01  0.2690792D+00  0.0000000D+00
  0.4280618D+01  0.6683684D+00 -0.3253370D+00  0.0000000D+00
 -0.8057315D+01  0.1228549D+01  0.7634984D+00  0.0000000D+00
 -0.4039514D+01 -0.1513337D+01 -0.1087864D+01  0.0000000D+00
 -0.5087493D+01  0.2144337D+01 -0.2788821D+00  0.0000000D+00
  0.5094316D+01 -0.3542857D+01  0.7721842D+00  0.0000000D+00
  0.3924624D+01 -0.1144721D+01 -0.6853567D+00  0.0000000D+00
  0.3354686D+01  0.1945012D+00 -0.1527046D+01  0.0000000D+00
 -0.5234283D+00 -0.2637391D-01 -0.1379512D-01  0.0000000D+00
  0.1644069D+01  0.1135894D+00  0.2467177D-01  0.0000000D+00
 -0.1127536D+01 -0.6174606D+00 -0.1631819D-01  0.0000000D+00
  0.4864843D+01  0.1380201D+01  0.9845370D-02  0.0000000D+00
 -0.2090088D+01 -0.6777556D+00 -0.4225981D+00  0.0000000D+00
  0.8997460D+01 -0.1034927D+01  0.1792154D+01  0.0000000D+00
  0.5898951D+01 -0.3235601D+01 -0.8067894D+00  0.0000000D+00
  0.2927326D+00  0.3972832D+01  0.1070531D+00  0.0000000D+00
  0.9092845D+01 -0.3523459D+01  0.1226058D+01  0.0000000D+00
  0.8358673D+01 -0.1679209D+01  0.2516602D+01  0.0000000D+00
  0.8026622D+01 -0.6834194D+00  0.3284382D+01  0.0000000D+00
  0.2344096D+02 -0.3386038D+01  0.6560327D+00  0.0000000D+00
 -0.1282105D+02  0.1109673D+02 -0.2582864D+01  0.0000000D+00
  0.8179278D+01 -0.1050967D+02  0.2096654D+01  0.0000000D+00
  0.1768450D+00 -0.4431135D+01 -0.1299360D+01  0.0000000D+00
  0.2998719D+01  0.5238364D+01 -0.4764455D+00  0.0000000D+00
  0.3812660D+02 -0.2384472D+02 -0.3287684D+01  0.0000000D+00
  0.1044571D+00 -0.1294749D+02 -0.2606533D+00  0.0000000D+00
  0.3505461D+02 -0.1475472D+02 -0.1519260D+01  0.0000000D+00
  0.9995730D+01 -0.1747084D+02 -0.3011672D+01  0.0000000D+00
 -0.2414801D+02 -0.1443215D+02  0.2598958D+01  0.0000000D+00
 -0.4441956D+02 -0.1268072D+02  0.5866891D+01  0.0000000D+00
  0.5219253D+01 -0.4990628D+01  0.1057748D+01  0.0000000D+00
 -0.2364536D+02  0.1656764D+02 -0.4515559D+01  0.0000000D+00
  0.3954091D+00  0.1845179D+01  0.6363581D+01  0.0000000D+00
  0.8763087D+01 -0.2121818D+02 -0.7073557D+01  0.0000000D+00
 -0.4850502D+02  0.2777709D+02  0.2342009D+01  0.0000000D+00
  0.7821586D+01 -0.1518599D+02  0.1843306D+00  0.0000000D+00
 -0.2759794D+02  0.4596543D+01 -0.3160585D+01  0.0000000D+00
 -0.5522150D+01  0.6289188D+01  0.2204996D+01  0.0000000D+00
 -0.3609076D+02  0.4346505D+01  0.3455837D+01  0.0000000D+00
 -0.3318898D+02 -0.1253276D+02  0.4528242D+01  0.0000000D+00
 -0.3183312D+02 -0.2243710D+02  0.5170950D+01  0.0000000D+00
 -0.1140802D+02  0.5884690D+01  0.2142561D+00  0.0000000D+00
  0.9780497D+01 -0.1062337D+02 -0.4747528D-01  0.0000000D+00
 -0.1091427D+02  0.7581009D+01 -0.2441443D+01  0.0000000D+00
  0.7667508D+01  0.8012485D+01 -0.4595062D+00  0.0000000D+00
  0.1062875D+02 -0.5466851D+01 -0.2620297D+01  0.0000000D+00
 -0.6307868D+01 -0.4813532D+01 -0.5988431D+00  0.0000000D+00
  0.1670847D+02 -0.8985966D+01 -0.3468391D+01  0.0000000D+00
  0.1619983D+02 -0.2316773D+01 -0.6600143D+00  0.0000000D+00
  0.2820301D+01 -0.2868896D+01  0.3136087D+01  0.0000000D+00
  0.4416588D+01 -0.8269587D+01  0.2454319D+01  0.0000000D+00
  0.5202670D+01 -0.1143669D+02  0.2096377D+01  0.0000000D+00
  0.4815858D+00  0.7027556D-01  0.1137595D-01  0.0000000D+00
 -0.4205427D+00 -0.4168230D+00  0.1239090D-02  0.0000000D+00
  0.2746835D+00  0.4285067D+00 -0.1087424D-01  0.0000000D+00
 -0.1940984D+01 -0.1414919D+00 -0.4635086D-01  0.0000000D+00
  0.9037756D-01 -0.8380444D+00  0.3721234D-01  0.0000000D+00
 -0.3507985D+00  0.2192047D+01 -0.1308998D+00  0.0000000D+00
 -0.9052563D+01 -0.3020692D+01 -0.1501209D+01  0.0000000D+00
  0.2319889D+02 -0.4411887D+01  0.1314485D+00  0.0000000D+00
  0.2891033D+02 -0.1139646D+02 -0.1854927D+01  0.0000000D+00
  0.1031801D+02 -0.4550867D+01 -0.3848950D+01  0.0000000D+00
 -0.4999013D+00 -0.6208624D+00 -0.5038244D+01  0.0000000D+00
 -0.1198262D+01  0.1622757D-01 -0.1633995D-01  0.0000000D+00
 -0.1275051D+01 -0.8676819D-01  0.6282954D-01  0.0000000D+00
  0.5537807D+01 -0.6628798D-01 -0.9162976D-01  0.0000000D+00
 -0.6634089D+01 -0.2419454D+00  0.1570903D+00  0.0000000D+00
 -0.2139251D+01 -0.5797997D+00 -0.1157482D+00  0.0000000D+00
 -0.1324314D+01 -0.9946873D+00  0.1035267D+01  0.0000000D+00
 -0.1165735D+01  0.1193662D+01 -0.2601110D+01  0.0000000D+00
 -0.2982097D+01  0.4118197D+01 -0.1169041D+01  0.0000000D+00
 -0.2805675D+02  0.1045727D+02 -0.2357762D+01  0.0000000D+00
 -0.2437449D+02  0.2223912D+01 -0.2306787D+01  0.0000000D+00
 -0.2249620D+02 -0.2526662D+01 -0.2290005D+01  0.0000000D+00
 -0.2546904D+00 -0.7493134D-01  0.1176414D-01  0.0000000D+00
  0.1932668D+01  0.5441676D+00 -0.1130564D-01  0.0000000D+00
 -0.2820595D+01 -0.1041256D+01  0.1345193D-01  0.0000000D+00
  0.4104693D+01  0.1106413D+01 -0.1354895D-01  0.0000000D+00
 -0.8478615D+00 -0.2760764D+00 -0.7160720D-02  0.0000000D+00
 -0.6094691D+01 -0.6821473D+00  0.3156399D+00  0.0000000D+00
  0.5071033D+00 -0.1498836D+01  0.3829804D+00  0.0000000D+00
 -0.5391270D+01 -0.8569659D+00 -0.9003498D+00  0.0000000D+00
  0.5573565D+01 -0.4532748D+01 -0.1949587D+01  0.0000000D+00
  0.6141428D+01  0.5646998D+01  0.1515777D+01  0.0000000D+00
  0.6597720D+01  0.1156611D+02  0.3533432D+01  0.0000000D+00
  0.2126094D+01  0.3657113D-01  0.4669181D-02  0.0000000D+00
  0.1904689D+01  0.5151845D+00  0.4310090D-03  0.0000000D+00
 -0.6471387D+01 -0.4736251D+00 -0.3752252D-01  0.0000000D+00
  0.5499481D+01  0.1607834D+01  0.7423913D-01  0.0000000D+00
  0.1798842D+01 -0.2696185D+00 -0.1351854D+00  0.0000000D+00
  0.1052440D+02 -0.4131853D+00  0.1475447D+00  0.0000000D+00
  0.3540306D+01 -0.2577728D+01 -0.2394883D+00  0.0000000D+00
  0.1291000D+02 -0.4891288D+01 -0.1960514D+01  0.0000000D+00
  0.2262113D+02  0.2399099D+01 -0.1858309D+01  0.0000000D+00
  0.1458851D+02  0.3340726D+01  0.2429236D+01  0.0000000D+00
  0.9992821D+01  0.3971177D+01  0.4941093D+01  0.0000000D+00
  0.5118075D+00  0.8235663D-01  0.8267409D-02  0.0000000D+00
 -0.1837096D+01 -0.3267632D+00 -0.7181562D-01  0.0000000D+00
  0.3458179D+01  0.1092409D+01  0.9595201D-01  0.0000000D+00
 -0.4163292D+01 -0.7655758D+00 -0.2505089D+00  0.0000000D+00
  0.1257649D+01  0.4771540D+00  0.3905286D+00  0.0000000D+00
 -0.1206996D+02 -0.2214970D+01 -0.6766029D+00  0.0000000D+00
  0.7793503D+01  0.2563092D+01  0.1442607D+01  0.0000000D+00
 -0.3585281D+01 -0.2286334D+00  0.5720704D+00  0.0000000D+00
 -0.1876624D+01  0.2185139D+01 -0.4432445D+00  0.0000000D+00
  0.9327363D+00  0.6035617D+01  0.2205785D+01  0.0000000D+00
  0.2595886D+01  0.8317542D+01  0.3745126D+01  0.0000000D+00
 -0.7811285D+00  0.2859108D-01 -0.3598984D-02  0.0000000D+00
 -0.2258563D+01 -0.5212435D+00  0.4055873D-01  0.0000000D+00
  0.2770544D+01  0.4962447D+00  0.3067888D-01  0.0000000D+00
 -0.3227004D+01 -0.1272445D+01 -0.8460106D-01  0.0000000D+00
 -0.3364949D+01  0.7205885D+00  0.1717218D+00  0.0000000D+00
 -0.6388666D+00  0.8731329D+00 -0.5463445D+00  0.0000000D+00
 -0.6305587D+01  0.1991429D+01  0.1111188D+01  0.0000000D+00
 -0.1255527D+01 -0.1707869D+01  0.1007294D+00  0.0000000D+00
  0.3119684D+00 -0.2441204D+01 -0.1275297D+01  0.0000000D+00
 -0.2115901D+01  0.2453349D+01 -0.7680384D+00  0.0000000D+00
 -0.3520249D+01  0.5311328D+01 -0.4861989D+00  0.0000000D+00
 -0.5642264D+01 -0.3117287D+01  0.6953354D+00  0.0000000D+00
 -0.5629520D+01  0.1641590D+01  0.4188415D+00  0.0000000D+00
  0.1675974D+02  0.6587075D+01 -0.7863491D+00  0.0000000D+00
  0.2363041D+02  0.2635223D+02  0.1922812D+01  0.0000000D+00
  0.1601667D+02  0.1906878D+02  0.2315049D+01  0.0000000D+00
  0.9495701D-01 -0.4747956D+01  0.1421679D+01  0.0000000D+00
 -0.3144452D+00 -0.8501525D+01  0.3200649D+01  0.0000000D+00
 -0.4273142D+01 -0.4782537D+01  0.4258879D+00  0.0000000D+00
 -0.9336857D+01 -0.1078768D+02  0.3586378D+01  0.0000000D+00
 -0.6580614D+01 -0.6392208D+01  0.3969795D+01  0.0000000D+00
 -0.5024312D+01 -0.3885633D+01  0.4229253D+01  0.0000000D+00
 -0.2728219D+00 -0.1187903D+01  0.5189922D-01  0.0000000D+00
  0.2184310D+01  0.4314086D+01  0.1790344D+01  0.0000000D+00
  0.3923161D+01 -0.2828211D+01 -0.4261703D+01  0.0000000D+00
  0.4816277D+02  0.1856847D+02  0.7270052D+01  0.0000000D+00
 -0.2348569D+02  0.1782845D+01 -0.7105733D+00  0.0000000D+00
  0.1163396D+02  0.1168300D+02  0.1304098D+01  0.0000000D+00
 -0.7258849D+01 -0.1561286D+02 -0.2056762D+01  0.0000000D+00
  0.2908375D+01  0.7405124D+01 -0.1661332D+01  0.0000000D+00
  0.3555315D+01 -0.1295684D+01 -0.3400389D+01  0.0000000D+00
  0.7430340D+01 -0.9644663D+01 -0.3427085D+01  0.0000000D+00
  0.9704903D+01 -0.1462709D+02 -0.3462377D+01  0.0000000D+00
  0.6489349D+01  0.5728628D+01  0.4823235D+00  0.0000000D+00
 -0.1804138D+01 -0.6919480D+01 -0.1416396D+01  0.0000000D+00
  0.6485956D+01  0.5248356D+01  0.1827232D+01  0.0000000D+00
 -0.2357922D+02 -0.2103658D+02 -0.3688665D+01  0.0000000D+00
  0.6800371D+01 -0.3831878D+01  0.1889065D+01  0.0000000D+00
  0.3216018D+01  0.4412663D+00 -0.5684940D+00  0.0000000D+00
  0.1610950D+02 -0.1227895D+02 -0.9428724D+00  0.0000000D+00
 -0.1234692D+01  0.5013557D+01  0.1893709D+01  0.0000000D+00
  0.7933749D+00 -0.1149668D+01 -0.2963257D+00  0.0000000D+00
  0.7061978D+00 -0.8485257D+01 -0.3088587D+01  0.0000000D+00
  0.6772307D+00 -0.1284622D+02 -0.4746891D+01  0.0000000D+00
 -0.3110073D+00 -0.7996368D-01  0.1437301D-01  0.0000000D+00
 -0.4096490D+00  0.3056299D+00 -0.1035277D+00  0.0000000D+00
  0.1504088D+01 -0.1744499D+00  0.2277715D+00  0.0000000D+00
 -0.2036011D+01 -0.1364439D-01 -0.3578369D+00  0.0000000D+00
 -0.3003010D+01 -0.3179289D+00  0.4641929D+00  0.0000000D+00
  0.2728419D+00  0.4124851D+01 -0.7325610D+00  0.0000000D+00
 -0.1073175D+02 -0.1576682D+01  0.2106350D+01  0.0000000D+00
 -0.7709334D+01 -0.1315354D+01 -0.1532531D+01  0.0000000D+00
  0.1808381D+00  0.3949309D+00 -0.1750324D+01  0.0000000D+00
  0.6285797D+01  0.6609997D+01  0.1663487D+01  0.0000000D+00
  0.9949132D+01  0.1026836D+02  0.3659304D+01  0.0000000D+00
  0.3911077D+00  0.1644702D+00 -0.1296018D-01  0.0000000D+00
  0.1713339D+00 -0.7148667D+00  0.8225183D-01  0.0000000D+00
 -0.6234596D+00  0.1069271D+01 -0.1849804D+00  0.0000000D+00
  0.2631576D+01 -0.1580694D+01  0.2267000D+00  0.0000000D+00
 -0.4682429D+01  0.1695618D+01 -0.3701003D+00  0.0000000D+00
 -0.7281104D+01 -0.3619495D+01  0.4974906D+00  0.0000000D+00
  0.1525982D+02 -0.1551844D+01 -0.1628429D+01  0.0000000D+00
 -0.4174510D+01  0.3294170D+01  0.3902378D+00  0.0000000D+00
  0.3734145D+00 -0.4041909D+01  0.2343521D+01  0.0000000D+00
  0.2292008D+01 -0.6149125D+01  0.9778935D+00  0.0000000D+00
  0.3465372D+01 -0.7462850D+01  0.1995586D+00  0.0000000D+00
  0.3812613D+00  0.4879154D-01  0.3540891D-02  0.0000000D+00
  0.8263328D+00 -0.3938978D+00  0.3639149D-02  0.0000000D+00
 -0.1414880D+01  0.4917527D+00  0.5885632D-01  0.0000000D+00
 -0.5121843D+00 -0.7063945D+00 -0.3836471D-01  0.0000000D+00
  0.5361886D+01 -0.2155572D+00  0.1452593D+00  0.0000000D+00
 -0.5261978D+01 -0.1513545D+01 -0.2640727D+00  0.0000000D+00
 -0.5075604D+01  0.2145695D+01  0.8441302D+00  0.0000000D+00
 -0.2853929D+01 -0.1823435D+01 -0.4269194D+00  0.0000000D+00
 -0.2884594D+01  0.7430381D+00 -0.6143637D+00  0.0000000D+00
  0.5392487D+00  0.4732977D+01  0.5447794D+00  0.0000000D+00
  0.2543921D+01  0.7097776D+01  0.1221168D+01  0.0000000D+00
 -0.1056232D+01 -0.8059933D-01 -0.1330339D-01  0.0000000D+00
  0.6342016D+00  0.2895804D+00  0.8523321D-02  0.0000000D+00
 -0.7294200D+00 -0.3100051D+00 -0.4979612D-01  0.0000000D+00
 -0.2174920D+00 -0.4466908D+00  0.8866144D-01  0.0000000D+00
  0.2725948D+01 -0.3989288D+00 -0.3187591D+00  0.0000000D+00
 -0.1139305D+01  0.1679655D+01  0.6211771D+00  0.0000000D+00
  0.1656860D+01 -0.1365591D+01 -0.4318599D-02  0.0000000D+00
 -0.1962705D+01 -0.1223211D-01  0.2027090D+00  0.0000000D+00
  0.1018563D+02  0.7224584D+01  0.9581674D+00  0.0000000D+00
  0.8070412D+01  0.8953837D+00 -0.2805527D+00  0.0000000D+00
  0.6968696D+01 -0.2731073D+01 -0.9976045D+00  0.0000000D+00
 -0.1081320D+00  0.6672821D-01 -0.1074643D-01  0.0000000D+00
 -0.2151422D+00 -0.2127713D+00  0.8792708D-02  0.0000000D+00
 -0.4955444D+00  0.6008192D+00 -0.6113836D-01  0.0000000D+00
  0.3708737D+01 -0.1574664D+01  0.8056839D-01  0.0000000D+00
 -0.3135636D+01  0.6586044D+00 -0.5608324D-01  0.0000000D+00
  0.2344373D+01 -0.5652437D+00  0.2530383D+00  0.0000000D+00
  0.3761348D+01 -0.1324988D+01 -0.2616143D+00  0.0000000D+00
 -0.1031354D+01 -0.3887864D+00  0.6612134D+00  0.0000000D+00
 -0.5114105D+01 -0.1644377D+01 -0.5351996D+00  0.0000000D+00
 -0.4375361D+01  0.4546489D+01 -0.1083288D+01  0.0000000D+00
 -0.3988752D+01  0.8157536D+01 -0.1417617D+01  0.0000000D+00
  0.1259634D+01 -0.9206356D-01  0.8101707D-02  0.0000000D+00
 -0.1288611D+01  0.1235441D+00 -0.3399289D-01  0.0000000D+00
  0.1721975D+01 -0.5678879D+00  0.6153078D-01  0.0000000D+00
 -0.2140812D+01  0.1259973D+01 -0.7072494D-01  0.0000000D+00
 -0.5640956D+01  0.5517027D+00  0.1685232D+00  0.0000000D+00
  0.4154552D+01 -0.3596176D+00 -0.1440398D+00  0.0000000D+00
 -0.8056676D+01  0.5592234D+01 -0.9401889D+00  0.0000000D+00
 -0.1908661D+01 -0.3759150D+01 -0.8476832D-01  0.0000000D+00
 -0.1032361D+02 -0.9511870D+00  0.4207301D+00  0.0000000D+00
 -0.5106409D+01  0.3586363D+01  0.2981104D+00  0.0000000D+00
 -0.2146334D+01  0.6275462D+01  0.2316570D+00  0.0000000D+00
  0.5200738D+01  0.1266174D+01 -0.1350390D+01  0.0000000D+00
  0.1437196D+01  0.2010559D-01  0.2526660D+01  0.0000000D+00
  0.5830312D+01  0.2225431D+01 -0.3342883D+01  0.0000000D+00
 -0.9629578D+01 -0.1574291D+01  0.4105642D+01  0.0000000D+00
 -0.2094453D+02 -0.1672340D+02 -0.2515639D+01  0.0000000D+00
 -0.6251750D+01 -0.1983939D+01  0.1270471D+01  0.0000000D+00
 -0.9399220D+01 -0.8363285D+00  0.1346391D+01  0.0000000D+00
 -0.4695801D+01 -0.1528837D+01  0.1040830D+01  0.0000000D+00
 -0.1208189D+02  0.2334004D+01 -0.9599696D+00  0.0000000D+00
 -0.1953071D+01  0.2618212D+01 -0.3120183D+01  0.0000000D+00
  0.3892996D+01  0.2827098D+01 -0.4406936D+01  0.0000000D+00
  0.6827398D+01  0.5786047D+01 -0.1351996D+01  0.0000000D+00
 -0.5956155D+01 -0.6133779D+01  0.2937386D+01  0.0000000D+00
  0.1064679D+02  0.1637546D+02 -0.4652008D+01  0.0000000D+00
  0.2087353D+01 -0.1776235D+01  0.8647597D+01  0.0000000D+00
  0.1327281D+02 -0.2125476D+02 -0.6005182D+01  0.0000000D+00
 -0.8438987D+01  0.1710721D+01  0.1340697D+01  0.0000000D+00
 -0.5603228D+01 -0.1216282D+02  0.1151024D+01  0.0000000D+00
 -0.4550999D+01 -0.1014379D+02 -0.1133492D+00  0.0000000D+00
  0.6015411D+01 -0.6764070D+01  0.6948169D+00  0.0000000D+00
  0.1025384D+02  0.3044682D+00  0.2880406D+00  0.0000000D+00
  0.1285139D+02  0.4480089D+01  0.5870760D-01  0.0000000D+00
 -0.4919161D+01  0.5505802D+01  0.2132560D+00  0.0000000D+00
  0.6880146D+01 -0.4537983D+01  0.1093105D+01  0.0000000D+00
 -0.2566436D+01  0.1943278D+01  0.1349182D+00  0.0000000D+00
  0.4392383D+01 -0.8337928D+01 -0.9538316D-01  0.0000000D+00
 -0.6633262D+01  0.8193169D+01  0.1579496D+01  0.0000000D+00
 -0.1217449D+02 -0.3912470D+01 -0.1067574D+01  0.0000000D+00
 -0.4778385D+01  0.1117517D+01  0.1952366D+01  0.0000000D+00
 -0.1252604D+02 -0.1883036D+01  0.1237733D+01  0.0000000D+00
 -0.6182581D+01  0.4251132D+00  0.1279982D+01  0.0000000D+00
  0.2705963D+01  0.2851659D+01  0.5980757D+00  0.0000000D+00
  0.7979863D+01  0.4295944D+01  0.1997771D+00  0.0000000D+00
 -0.2074168D+00 -0.1054088D+00 -0.1194535D-01  0.0000000D+00
 -0.1187976D+01  0.7100200D+00  0.8987813D-01  0.0000000D+00
  0.3094290D+01 -0.1894124D+01 -0.5419662D-01  0.0000000D+00
 -0.3916458D+01  0.2436432D+01  0.1181584D+00  0.0000000D+00
  0.7070108D+01 -0.5588079D+00  0.7970968D-01  0.0000000D+00
 -0.1879845D+01 -0.6244894D+00  0.3729567D+00  0.0000000D+00
  0.3608254D+01 -0.4718681D+00  0.1386973D+01  0.0000000D+00
  0.9700386D+01 -0.3706905D+01  0.5340782D-01  0.0000000D+00
  0.4663982D+01 -0.4107869D+01 -0.6037594D+00  0.0000000D+00
 -0.2389562D+01  0.5865017D+01 -0.8107895D+00  0.0000000D+00
 -0.6575775D+01  0.1170056D+02 -0.9396814D+00  0.0000000D+00
 -0.1188974D+00 -0.5618294D-04  0.9152683D-02  0.0000000D+00
 -0.4344979D+00  0.2364179D+00  0.1086615D-01  0.0000000D+00
  0.6055211D+00 -0.3191277D+00 -0.1573163D-01  0.0000000D+00
 -0.2052238D+01  0.1293690D-01  0.1887130D+00  0.0000000D+00
  0.3234507D+01 -0.7190369D-01 -0.1541716D+00  0.0000000D+00
 -0.5442966D+01 -0.1761337D+01 -0.8714545D+00  0.0000000D+00
  0.2138514D+01 -0.1049415D+01 -0.1320309D+01  0.0000000D+00
 -0.9179064D+01 -0.8136419D+01 -0.6290376D+00  0.0000000D+00
  0.8310912D+01  0.3643430D+01  0.3206740D+00  0.0000000D+00
  0.1545487D+02  0.2040876D+01 -0.2485068D+01  0.0000000D+00
  0.1983151D+02  0.1233204D+01 -0.4117017D+01  0.0000000D+00
  0.4894793D+00 -0.1223300D-01  0.2144300D-01  0.0000000D+00
 -0.2138003D+01  0.9630614D-01 -0.9402180D-01  0.0000000D+00
  0.1131993D+01  0.3397689D+00  0.8816684D-01  0.0000000D+00
 -0.2182394D+01  0.2689631D+00 -0.2787547D+00  0.0000000D+00
  0.2080490D+01 -0.2155141D+01  0.2520098D+00  0.0000000D+00
 -0.4294443D+01  0.1235824D+01 -0.9588785D+00  0.0000000D+00
  0.3052949D+01 -0.2458871D+01  0.6402044D+00  0.0000000D+00
  0.1022332D+02  0.2964172D+01 -0.1268719D+01  0.0000000D+00
 -0.1504626D+01  0.5282348D+01 -0.1748978D+00  0.0000000D+00
 -0.6067968D+01 -0.9980832D+00 -0.1286523D+00  0.0000000D+00
 -0.8870038D+01 -0.4648296D+01 -0.8962856D-01  0.0000000D+00
 -0.5178774D+00  0.2651524D-01 -0.2719046D-01  0.0000000D+00
  0.1348053D+01  0.2151852D+00  0.9942936D-01  0.0000000D+00
 -0.2478860D+01 -0.3134752D+00 -0.1344851D+00  0.0000000D+00
  0.5412476D+01  0.8862080D+00  0.1235229D+00  0.0000000D+00
 -0.4093620D+01 -0.2623059D+00 -0.2788753D+00  0.0000000D+00
  0.1270848D+01  0.6092081D-02  0.5364565D+00  0.0000000D+00
 -0.4095220D+00  0.5831657D+01 -0.4219188D+00  0.0000000D+00
  0.3065887D+01 -0.2263272D+01 -0.7077113D+00  0.0000000D+00
 -0.4265298D+01 -0.6253136D+01 -0.1342455D+00  0.0000000D+00
 -0.8718279D+01  0.5831069D+01 -0.8225862D+00  0.0000000D+00
 -0.1140658D+02  0.1286182D+02 -0.1219526D+01  0.0000000D+00
  0.1242964D+00 -0.7680496D-01  0.1348445D-01  0.0000000D+00
  0.1313753D+01  0.4677100D+00  0.1590945D-01  0.0000000D+00
 -0.3118754D+00 -0.9232766D+00 -0.6356115D-01  0.0000000D+00
  0.3682203D-01  0.6299826D+00  0.1276063D+00  0.0000000D+00
  0.4610829D+01 -0.1593107D+01  0.3877660D-01  0.0000000D+00
 -0.3578419D+01  0.2282414D+01 -0.1866482D+00  0.0000000D+00
  0.4044016D+01 -0.5988508D+01 -0.5940093D+00  0.0000000D+00
 -0.1657971D+01 -0.1613398D+01  0.1778654D+01  0.0000000D+00
 -0.1701518D+01 -0.5222031D-01 -0.1953363D+00  0.0000000D+00
 -0.1862118D+01 -0.4721290D+01 -0.1397963D+01  0.0000000D+00
 -0.1958859D+01 -0.7438247D+01 -0.2124147D+01  0.0000000D+00
  0.1189929D+01  0.1226570D+00  0.5663054D-02  0.0000000D+00
 -0.2135702D+01 -0.6913079D+00 -0.9147927D-01  0.0000000D+00
  0.2541690D+01  0.1377412D+01  0.1448150D+00  0.0000000D+00
 -0.4822934D+01 -0.2133664D+01 -0.2238263D+00  0.0000000D+00
  0.6086927D+01  0.2209592D+01  0.7470491D-01  0.0000000D+00
 -0.6397897D+01 -0.2054839D+01  0.3056987D+00  0.0000000D+00
 -0.6563339D+00  0.1125194D+01  0.2634061D+00  0.0000000D+00
  0.4433170D+01 -0.1439960D+01 -0.1483472D+01  0.0000000D+00
 -0.5449834D+01  0.1981614D+01 -0.7398500D+00  0.0000000D+00
 -0.5360247D+01  0.1103042D+01  0.4567038D+00  0.0000000D+00
 -0.5417909D+01  0.6260487D+00  0.1165510D+01  0.0000000D+00
