  3  2   693 10944  4  4  9 11  7  1    0.00   24.00  100.00  600.00    0.00    6.28   45.00   45.00
  100.0  100.0  100.0  100.0  125.0  150.0  190.0  230.0  275.0  350.0  450.0  600.0  600.0  600.0  600.0
  0.2350893D+03 -0.5582680D+02 -0.6547350D+00  0.0000000D+00
  0.3387769D+03  0.2249267D+02  0.1154764D+02  0.0000000D+00
  0.4105005D+03  0.5404136D+00 -0.1135410D+00  0.0000000D+00
  0.9446534D+03  0.7332770D+01  0.1622787D+01  0.0000000D+00
  0.1628817D+04 -0.1597358D+03 -0.9685430D+01  0.0000000D+00
  0.1789004D+04  0.1435376D+02 -0.5254917D+02  0.0000000D+00
  0.2019543D+04 -0.7502539D+02  0.6065782D+02  0.0000000D+00
  0.2311656D+04 -0.3960052D+01  0.1317949D+03  0.0000000D+00
  0.2603337D+04 -0.1338001D+02  0.1105791D+03  0.0000000D+00
  0.2667676D+04 -0.8037195D+02  0.8154689D+02  0.0000000D+00
  0.2708588D+04 -0.1196870D+03  0.6431026D+02  0.0000000D+00
  0.1944246D+01 -0.2514292D+02 -0.2841830D+01  0.0000000D+00
  0.2296008D+02 -0.3651107D+02  0.2451419D+01  0.0000000D+00
 -0.8423198D+02  0.2617911D+02 -0.3298000D+01  0.0000000D+00
  0.9891028D+02 -0.1258235D+03 -0.4118559D+01  0.0000000D+00
 -0.2449941D+03  0.3563804D+02  0.3443780D+02  0.0000000D+00
 -0.2497617D+03 -0.5727579D+02 -0.3319517D+02  0.0000000D+00
 -0.2397427D+03  0.8631495D+02 -0.4884556D+01  0.0000000D+00
 -0.4074119D+03  0.5442119D+02 -0.4583969D+02  0.0000000D+00
 -0.5308020D+03  0.4872333D+02 -0.3129667D+02  0.0000000D+00
 -0.4590771D+03  0.5187978D+02 -0.8861297D+01  0.0000000D+00
 -0.4184789D+03  0.5369056D+02  0.4437655D+01  0.0000000D+00
  0.3016715D+01  0.1410742D+02  0.2087274D+01  0.0000000D+00
  0.4626943D+01 -0.1560422D+02  0.7066253D+01  0.0000000D+00
  0.1268858D+02  0.2342668D+02 -0.4262463D+01  0.0000000D+00
  0.4646216D+02 -0.1248752D+02  0.2094033D+02  0.0000000D+00
 -0.2911192D+02 -0.7989933D+02  0.3893269D+01  0.0000000D+00
 -0.4185483D+02  0.4970012D+01  0.2102337D+02  0.0000000D+00
  0.4311164D+02 -0.5498233D+02 -0.2803461D+02  0.0000000D+00
  0.2103644D+03 -0.5848814D+02  0.3454820D+02  0.0000000D+00
  0.1484682D+03 -0.5902548D+02  0.5659676D+01  0.0000000D+00
 -0.1869881D+02 -0.2375495D+02 -0.1453150D+02  0.0000000D+00
 -0.1172666D+03 -0.3103545D+01 -0.2667128D+02  0.0000000D+00
 -0.2513178D+00  0.4886684D+00  0.1281438D+00  0.0000000D+00
  0.1069137D+01 -0.1985469D+01 -0.6316638D+00  0.0000000D+00
  0.1213984D+01  0.3478416D+01  0.1100879D+01  0.0000000D+00
  0.3806308D+01 -0.5729392D+01 -0.1788525D+01  0.0000000D+00
  0.3768462D+01  0.8303579D+01  0.2556358D+01  0.0000000D+00
 -0.3299455D+02 -0.1624557D+01 -0.4021706D+00  0.0000000D+00
 -0.8278315D+02  0.6509056D+02  0.1604307D+01  0.0000000D+00
 -0.3870943D+02  0.8524941D+01 -0.1320381D+02  0.0000000D+00
 -0.1853624D+02 -0.3412757D+02 -0.9852067D+00  0.0000000D+00
 -0.5961257D+02 -0.3693367D+02  0.2815774D+02  0.0000000D+00
 -0.8344708D+02 -0.3905741D+02  0.4535665D+02  0.0000000D+00
 -0.9629383D-01  0.1914832D+00 -0.2482812D-01  0.0000000D+00
 -0.5841742D-01 -0.9585763D+00  0.1518858D+00  0.0000000D+00
  0.1276735D+01  0.1610500D+01 -0.3093932D+00  0.0000000D+00
 -0.7782644D+01 -0.2572439D+01  0.4724762D+00  0.0000000D+00
  0.1744435D+02  0.3946658D+01 -0.6744549D+00  0.0000000D+00
  0.2255541D+02 -0.3615879D+01 -0.7223578D-01  0.0000000D+00
  0.7097636D+02 -0.2518019D+02 -0.3432036D+02  0.0000000D+00
  0.1340000D+03 -0.1044345D+02 -0.3032468D+02  0.0000000D+00
  0.1055132D+03 -0.9611897D+01 -0.3977150D+02  0.0000000D+00
  0.9544314D+02 -0.1282636D+02 -0.3873299D+02  0.0000000D+00
  0.8921882D+02 -0.1469493D+02 -0.3822736D+02  0.0000000D+00
 -0.4034413D+00  0.1593030D+00 -0.3814800D-01  0.0000000D+00
 -0.2589045D+01 -0.8042069D+00  0.1441320D+00  0.0000000D+00
 -0.1355680D+01  0.1370709D+01 -0.1625586D+00  0.0000000D+00
 -0.5507253D+01 -0.2729512D+01  0.2488385D+00  0.0000000D+00
 -0.3447644D+01  0.6348846D+01  0.4566121D+00  0.0000000D+00
  0.1148343D+01 -0.2349826D+02 -0.7424939D+01  0.0000000D+00
 -0.5890107D+01  0.1574118D+02  0.5091738D+01  0.0000000D+00
 -0.4887681D+02  0.1036492D+02 -0.3584132D+01  0.0000000D+00
  0.4105205D+02  0.8010498D+01  0.6662766D+01  0.0000000D+00
  0.3183769D+02  0.3274079D+01 -0.1832763D+01  0.0000000D+00
  0.2744358D+02  0.4742597D+00 -0.6692170D+01  0.0000000D+00
  0.5351654D+00  0.7873565D-02 -0.1314096D+00  0.0000000D+00
 -0.1345282D+01 -0.5843099D+00  0.7647433D+00  0.0000000D+00
  0.1639313D+01  0.1119123D+01 -0.1350170D+01  0.0000000D+00
  0.3498890D+01 -0.2008419D+01  0.2244600D+01  0.0000000D+00
 -0.1024463D+02  0.4771463D+01 -0.4101355D+01  0.0000000D+00
 -0.7050231D+01 -0.1661139D+02  0.7562920D+01  0.0000000D+00
 -0.1122499D+02  0.5914912D+02  0.7636271D+01  0.0000000D+00
 -0.7148735D+02 -0.7549712D+01  0.1043731D+02  0.0000000D+00
 -0.3609575D+02 -0.3602516D+02  0.1154952D+02  0.0000000D+00
 -0.2325128D+02 -0.1494006D+02  0.1134172D+02  0.0000000D+00
 -0.1534614D+02 -0.2925259D+01  0.1123162D+02  0.0000000D+00
  0.7477928D+00 -0.1703894D+00 -0.2589810D-01  0.0000000D+00
  0.5663953D+01  0.4316875D-01  0.1680674D+00  0.0000000D+00
 -0.5523016D+01  0.1210679D-01 -0.3133890D+00  0.0000000D+00
  0.1144646D+02  0.1755384D+00  0.5754081D+00  0.0000000D+00
 -0.3430208D+01 -0.7927194D+00 -0.1629479D+01  0.0000000D+00
  0.1308456D+02  0.4179184D+01  0.7702572D+01  0.0000000D+00
 -0.1236803D+02  0.6531130D+01  0.2910073D+00  0.0000000D+00
  0.9201881D+01  0.5515782D+01  0.1137130D+02  0.0000000D+00
 -0.2167409D+02  0.2560838D+01  0.6334250D+01  0.0000000D+00
 -0.3446854D+01 -0.5449860D+01 -0.8957522D+00  0.0000000D+00
  0.6882932D+01 -0.1017236D+02 -0.5184737D+01  0.0000000D+00
 -0.1200946D+01  0.9661728D-01  0.4143135D-01  0.0000000D+00
  0.1688608D+01 -0.8342087D+00 -0.2715438D+00  0.0000000D+00
 -0.1104120D+01  0.1549253D+01  0.5262138D+00  0.0000000D+00
  0.2223709D+01 -0.2523987D+01 -0.8059881D+00  0.0000000D+00
 -0.9165135D+01  0.4329909D+01  0.1224159D+01  0.0000000D+00
  0.2553923D+02 -0.3610268D+01 -0.1809142D+01  0.0000000D+00
 -0.1017125D+02 -0.7778750D+01 -0.8906009D+01  0.0000000D+00
  0.2433072D+02 -0.2693595D+01 -0.2648564D+01  0.0000000D+00
  0.5396358D+02 -0.5671569D+01 -0.8845611D+01  0.0000000D+00
  0.1170484D+02 -0.6102569D+01 -0.5126065D+01  0.0000000D+00
 -0.1269939D+02 -0.6388327D+01 -0.3017279D+01  0.0000000D+00
  0.1469793D+02 -0.2956324D+02 -0.8556616D+00  0.0000000D+00
 -0.1963992D+02 -0.8813639D+01  0.4340188D+01  0.0000000D+00
 -0.2176802D+00 -0.4590135D+01 -0.9643737D+01  0.0000000D+00
 -0.3002688D+02 -0.1052487D+03  0.6193728D+01  0.0000000D+00
 -0.2712159D+03 -0.4441652D+02  0.2640994D+02  0.0000000D+00
 -0.3531196D+03  0.2955625D+02  0.4630678D+02  0.0000000D+00
 -0.4222292D+03 -0.1557823D+02  0.6546914D+02  0.0000000D+00
 -0.5370450D+03 -0.3985225D+02 -0.4818662D+01  0.0000000D+00
 -0.4805912D+03  0.1553194D+01 -0.1433859D+02  0.0000000D+00
 -0.4134242D+03  0.3109726D+02 -0.7863643D+01  0.0000000D+00
 -0.3734645D+03  0.4885991D+02 -0.4184628D+01  0.0000000D+00
  0.7713167D+01 -0.4953363D+02 -0.2119577D+01  0.0000000D+00
  0.7970139D+01 -0.2237634D+02 -0.4945149D+01  0.0000000D+00
  0.3046877D+02 -0.1663793D+02  0.1124917D+01  0.0000000D+00
 -0.1813243D+02 -0.7143946D+02 -0.7904852D+01  0.0000000D+00
 -0.8405901D+02  0.5570532D+02 -0.1904915D+02  0.0000000D+00
 -0.7946908D+02 -0.4663643D+01 -0.2440490D+02  0.0000000D+00
 -0.4503380D+02 -0.1004831D+03 -0.4508796D+02  0.0000000D+00
 -0.1827882D+03 -0.1481303D+02 -0.1572732D+02  0.0000000D+00
 -0.2163058D+03 -0.2580231D+02  0.7552648D+01  0.0000000D+00
 -0.2479636D+03  0.3412897D+02 -0.4700304D+00  0.0000000D+00
 -0.2669141D+03  0.6909250D+02 -0.4903605D+01  0.0000000D+00
  0.2813623D+01 -0.8188456D+00  0.2480991D+00  0.0000000D+00
  0.2154733D+02 -0.2139099D+02  0.1185979D+02  0.0000000D+00
 -0.2010133D+02 -0.1502517D+02 -0.1725822D+02  0.0000000D+00
 -0.5089241D+02  0.7670031D+00  0.2240802D+02  0.0000000D+00
  0.1548932D+03 -0.1086777D+02  0.5487108D+01  0.0000000D+00
 -0.5502826D+01 -0.4989709D+01  0.1448710D+02  0.0000000D+00
  0.1149975D+03 -0.2078188D+02  0.6061175D+02  0.0000000D+00
  0.1284899D+03 -0.1344002D+01  0.1304393D+02  0.0000000D+00
  0.5897509D+02 -0.1017082D+02  0.8672304D+01  0.0000000D+00
  0.6547121D+02 -0.2158321D+01 -0.9141883D+01  0.0000000D+00
  0.6852064D+02  0.2414162D+01 -0.1962236D+02  0.0000000D+00
 -0.4000681D+00  0.6268146D-01 -0.1078966D+00  0.0000000D+00
  0.1950112D+01  0.8380006D+00  0.6905428D+00  0.0000000D+00
  0.1944798D+01 -0.1304702D+01 -0.1204325D+01  0.0000000D+00
 -0.3990031D+01  0.2623427D+01  0.2000365D+01  0.0000000D+00
  0.2515122D+02 -0.6030771D+01 -0.3513310D+01  0.0000000D+00
  0.1193127D+02  0.2267157D+02  0.4321991D+01  0.0000000D+00
 -0.4447611D+02  0.5301895D+02 -0.8070472D+01  0.0000000D+00
  0.5195552D+02  0.4882386D+02 -0.1057152D+02  0.0000000D+00
 -0.1191354D+02  0.4216319D+02 -0.2373512D+02  0.0000000D+00
 -0.1118375D+03  0.5723272D+01 -0.2009883D+02  0.0000000D+00
 -0.1710709D+03 -0.1569050D+02 -0.1811459D+02  0.0000000D+00
 -0.1168612D+01 -0.5209149D+00  0.2159278D+00  0.0000000D+00
  0.4304179D+00  0.2703210D+01 -0.1129860D+01  0.0000000D+00
  0.6058828D+01 -0.4885116D+01  0.1957285D+01  0.0000000D+00
 -0.3834529D+01  0.7730619D+01 -0.3327827D+01  0.0000000D+00
 -0.2582538D+02 -0.1236698D+02  0.6665133D+01  0.0000000D+00
 -0.3169024D+01  0.1076484D+02 -0.1648758D+02  0.0000000D+00
  0.1110055D+03 -0.8031632D+02 -0.1059529D+02  0.0000000D+00
  0.9844028D+02 -0.1483701D+02 -0.1214033D+02  0.0000000D+00
  0.1669552D+03  0.6216652D+01 -0.7274974D+01  0.0000000D+00
  0.1314427D+03 -0.2120312D+02 -0.2124129D+01  0.0000000D+00
  0.1114142D+03 -0.3701800D+02  0.9459072D+00  0.0000000D+00
  0.6632106D+00  0.4896262D+00  0.1439228D+00  0.0000000D+00
  0.2197110D+01 -0.3863573D+01 -0.8775041D+00  0.0000000D+00
 -0.7289331D+01  0.6839213D+01  0.1621819D+01  0.0000000D+00
  0.6505107D+01 -0.1157999D+02 -0.2767113D+01  0.0000000D+00
 -0.3399446D+01  0.2177319D+02  0.4757266D+01  0.0000000D+00
  0.4310612D+01 -0.4586796D+02 -0.8046704D+01  0.0000000D+00
  0.4063675D+02  0.3705170D+02  0.6818263D+01  0.0000000D+00
  0.1839147D+02 -0.8928323D+01  0.7071139D+01  0.0000000D+00
  0.2950572D+02 -0.3967000D+02  0.8271011D+01  0.0000000D+00
  0.4757912D+02 -0.3588412D+02 -0.5401769D+01  0.0000000D+00
  0.5828638D+02 -0.3401594D+02 -0.1339517D+02  0.0000000D+00
  0.1899485D+01  0.1606908D-03 -0.1528983D-01  0.0000000D+00
  0.2328887D-01 -0.4286537D+00  0.1536875D+00  0.0000000D+00
 -0.9691963D+01  0.9526427D+00 -0.2689070D+00  0.0000000D+00
  0.7839317D+01 -0.1236494D+01  0.5361421D+00  0.0000000D+00
  0.8956852D+01  0.1607527D+01 -0.1818627D+01  0.0000000D+00
 -0.3290606D+02  0.1377295D+01  0.9011688D+01  0.0000000D+00
  0.1336714D+02  0.1476029D+02  0.2278298D+02  0.0000000D+00
 -0.6400335D+02  0.2168204D+02  0.9787017D+00  0.0000000D+00
 -0.5307932D+02 -0.1554683D+02  0.4029011D+01  0.0000000D+00
 -0.2669534D+02 -0.1361745D+02  0.9915932D+01  0.0000000D+00
 -0.1113946D+02 -0.1290620D+02  0.1339890D+02  0.0000000D+00
 -0.3811436D+00 -0.2840440D+00 -0.4774585D-01  0.0000000D+00
 -0.4279189D+01  0.1203184D+01  0.2732659D+00  0.0000000D+00
  0.5686507D+01 -0.2307305D+01 -0.4522227D+00  0.0000000D+00
 -0.3505313D+01  0.3592288D+01  0.8046515D+00  0.0000000D+00
  0.1723279D+01 -0.6070229D+01 -0.1402544D+01  0.0000000D+00
  0.4941788D+01  0.1215424D+02  0.3971349D+01  0.0000000D+00
 -0.6034106D+02  0.6303432D+01  0.3469445D+01  0.0000000D+00
  0.4763139D+01 -0.8925745D+00  0.7406074D-01  0.0000000D+00
 -0.2876649D+02  0.9516808D+01 -0.6929924D+01  0.0000000D+00
 -0.2889523D+02  0.2103216D+02 -0.2637033D+01  0.0000000D+00
 -0.2933888D+02  0.2788885D+02 -0.2018249D+00  0.0000000D+00
  0.4289559D+00 -0.1558397D+00 -0.1410218D-01  0.0000000D+00
 -0.3821162D+01  0.8501436D+00 -0.1075084D-01  0.0000000D+00
  0.7511902D+01 -0.1312928D+01  0.9167552D-01  0.0000000D+00
 -0.8731537D+01  0.2363101D+01 -0.2497416D+00  0.0000000D+00
 -0.5582921D+01 -0.4025128D+01  0.9580165D+00  0.0000000D+00
 -0.1858292D+02  0.6417791D+01 -0.5081360D+01  0.0000000D+00
  0.7238507D+01 -0.1081003D+02 -0.7445342D+01  0.0000000D+00
  0.5417916D+02 -0.7442772D+01  0.5628839D+00  0.0000000D+00
  0.4566679D+02 -0.2292358D+02 -0.2010641D+01  0.0000000D+00
  0.8889654D+01 -0.2023905D+02 -0.6893714D+01  0.0000000D+00
 -0.1274003D+02 -0.1883477D+02 -0.9783109D+01  0.0000000D+00
 -0.7764312D+01  0.9754121D+01  0.2840407D+01  0.0000000D+00
 -0.1324500D+02 -0.4418750D+01  0.7931833D+00  0.0000000D+00
 -0.2247041D+02  0.3574894D+02 -0.4646631D+01  0.0000000D+00
 -0.1261147D+00 -0.4085011D+01  0.4540538D+01  0.0000000D+00
  0.7827450D+02 -0.2569169D+02  0.2201168D+02  0.0000000D+00
  0.8683999D+02 -0.1467340D+02  0.2791460D+01  0.0000000D+00
  0.3789506D+02  0.8504254D+01  0.2110765D+02  0.0000000D+00
  0.1371657D+03 -0.3189684D+02  0.2731485D+02  0.0000000D+00
  0.1921108D+03  0.6007219D+01  0.3894592D+02  0.0000000D+00
  0.1339943D+03 -0.4021249D+02  0.4774173D+02  0.0000000D+00
  0.1005953D+03 -0.6684262D+02  0.5302045D+02  0.0000000D+00
  0.1265293D+02 -0.1765644D+02  0.1590121D+00  0.0000000D+00
 -0.3541078D+01  0.2025037D+02  0.5830674D+01  0.0000000D+00
 -0.3892187D+02  0.2419432D+02 -0.1053650D+02  0.0000000D+00
  0.3400660D+02 -0.2782130D+02  0.6862370D+01  0.0000000D+00
 -0.4315985D+02  0.7731117D+02  0.3679834D+02  0.0000000D+00
 -0.7792961D+02  0.2419409D+02 -0.3381515D+02  0.0000000D+00
 -0.3608613D+02 -0.1808298D+01  0.4252846D+01  0.0000000D+00
 -0.1123159D+03  0.1105403D+03  0.1667964D+01  0.0000000D+00
  0.1959848D+02  0.3628156D+02 -0.2942299D+00  0.0000000D+00
 -0.1085835D+02 -0.1712509D+02 -0.8183738D+01  0.0000000D+00
 -0.2724024D+02 -0.4923931D+02 -0.1282479D+02  0.0000000D+00
 -0.6683570D+01  0.6912120D+01 -0.4840378D+00  0.0000000D+00
 -0.9044378D+01  0.1898791D+02  0.9015993D+01  0.0000000D+00
  0.2665036D+02 -0.1369363D+02 -0.8808030D+01  0.0000000D+00
 -0.2118537D+02 -0.5714451D+01  0.2274133D+02  0.0000000D+00
  0.2562083D+02  0.8204055D+02 -0.9644059D+01  0.0000000D+00
  0.9622325D+02 -0.1197408D+03 -0.1186831D+02  0.0000000D+00
 -0.6816317D+02  0.2321139D+01  0.2397496D+02  0.0000000D+00
  0.3161214D+02  0.7733374D+02  0.2791950D+02  0.0000000D+00
 -0.8451756D+02  0.1142383D+03  0.1186409D+02  0.0000000D+00
 -0.1569489D+03  0.7068161D+02  0.8515377D+01  0.0000000D+00
 -0.2006262D+03  0.4559285D+02  0.6375847D+01  0.0000000D+00
  0.7678133D+00  0.1504159D+00  0.8194728D-02  0.0000000D+00
 -0.3895602D+01 -0.3321091D+00 -0.3677312D-01  0.0000000D+00
  0.7805738D+01  0.5780416D+00  0.8188156D-01  0.0000000D+00
 -0.1012649D+02 -0.9521903D+00 -0.1796258D+00  0.0000000D+00
  0.4563001D+02  0.2813539D+01  0.7115963D+00  0.0000000D+00
 -0.5132154D+02 -0.8602438D+01 -0.5258394D+01  0.0000000D+00
  0.3590699D+02  0.4330729D+02 -0.5100969D+01  0.0000000D+00
 -0.1173880D+03  0.2484640D+02 -0.3145548D+01  0.0000000D+00
 -0.1546780D+03 -0.6685728D+01 -0.1283995D+02  0.0000000D+00
 -0.2743004D+01 -0.3277132D+02  0.5173688D+00  0.0000000D+00
  0.8577725D+02 -0.4839759D+02  0.8232410D+01  0.0000000D+00
 -0.2147258D+00  0.1486322D+00 -0.6907375D-01  0.0000000D+00
  0.1321685D+01 -0.9745722D+00  0.3949095D+00  0.0000000D+00
 -0.6817250D+01  0.1968185D+01 -0.7354982D+00  0.0000000D+00
  0.1218331D+02 -0.3365674D+01  0.1132712D+01  0.0000000D+00
 -0.9575160D+01  0.6089489D+01 -0.1910342D+01  0.0000000D+00
  0.1561941D+02 -0.7865263D+01  0.3690042D+01  0.0000000D+00
 -0.3397667D+02  0.5551147D+02 -0.1675445D+02  0.0000000D+00
 -0.4980693D+02  0.3098605D+01 -0.4695065D+01  0.0000000D+00
  0.4393811D+02  0.5495774D+01 -0.1005048D+02  0.0000000D+00
 -0.1672213D+02 -0.1301558D+02 -0.2633009D+02  0.0000000D+00
 -0.5119482D+02 -0.2384258D+02 -0.3592343D+02  0.0000000D+00
 -0.1200443D+01 -0.1550947D+00  0.1408809D-01  0.0000000D+00
  0.3223272D+01  0.5966894D+00 -0.5430754D-01  0.0000000D+00
 -0.6227383D+01 -0.9285082D+00  0.1290969D+00  0.0000000D+00
  0.2324652D+01  0.1536726D+01 -0.1537995D+00  0.0000000D+00
 -0.1144915D+02 -0.3881110D+01  0.1940921D+00  0.0000000D+00
  0.1379752D+02  0.1506316D+02  0.4530015D+00  0.0000000D+00
  0.3848837D+02 -0.5760986D+02  0.1688160D+01  0.0000000D+00
  0.1095983D+03  0.3959920D+00 -0.1216517D+02  0.0000000D+00
 -0.9530582D+00 -0.2446294D+02 -0.1320111D+01  0.0000000D+00
  0.1921030D+02 -0.3688650D+02  0.2747314D+01  0.0000000D+00
  0.2978694D+02 -0.4443059D+02  0.5248056D+01  0.0000000D+00
  0.7700541D+00  0.2097128D+00  0.5270226D-01  0.0000000D+00
 -0.2994662D+00 -0.1118946D+01 -0.2708625D+00  0.0000000D+00
  0.2947638D+01  0.1791392D+01  0.4587220D+00  0.0000000D+00
 -0.4561181D+01 -0.3031917D+01 -0.7131064D+00  0.0000000D+00
 -0.1072119D+02  0.5394394D+01  0.7686668D+00  0.0000000D+00
  0.1030378D+02 -0.5809585D+01  0.1195380D+01  0.0000000D+00
 -0.5901614D+01 -0.3539060D+01  0.7371883D+01  0.0000000D+00
 -0.1651061D+02 -0.6609267D+01 -0.5411189D+01  0.0000000D+00
 -0.2726475D+02 -0.3923359D+01 -0.5071350D+01  0.0000000D+00
 -0.6481637D+01 -0.9638093D+01  0.1142684D+02  0.0000000D+00
  0.5548529D+01 -0.1296206D+02  0.2109008D+02  0.0000000D+00
  0.1153681D+01 -0.2956003D+00 -0.3764525D-01  0.0000000D+00
 -0.3548538D+01  0.1210867D+01  0.1860405D+00  0.0000000D+00
  0.5504057D+01 -0.2164811D+01 -0.3488047D+00  0.0000000D+00
 -0.8028975D+00  0.3657224D+01  0.6859773D+00  0.0000000D+00
 -0.2316855D+01 -0.6026472D+01 -0.1465145D+01  0.0000000D+00
 -0.1113816D+02  0.6253770D+01  0.5265824D+01  0.0000000D+00
  0.1515211D+02 -0.1009508D+02 -0.4369687D+01  0.0000000D+00
 -0.1561775D+02  0.2827374D+01  0.1023100D+02  0.0000000D+00
 -0.4114091D+02  0.4383986D+01  0.6990102D+01  0.0000000D+00
 -0.1031060D+02  0.2517336D+01  0.6980799D+00  0.0000000D+00
  0.7452022D+01  0.1444705D+01 -0.3021930D+01  0.0000000D+00
 -0.8455234D+00 -0.2485707D+00 -0.6010067D-01  0.0000000D+00
  0.7426436D+01  0.1239711D+01  0.2895742D+00  0.0000000D+00
 -0.1083423D+02 -0.2153638D+01 -0.4657784D+00  0.0000000D+00
  0.1578637D+02  0.3670700D+01  0.8600667D+00  0.0000000D+00
 -0.2255692D+02 -0.5344989D+01 -0.1277801D+01  0.0000000D+00
  0.1035968D+02  0.2484902D+01  0.9331490D-01  0.0000000D+00
 -0.3804179D+02 -0.1954596D+02 -0.6503732D+01  0.0000000D+00
  0.8183705D+02  0.9484509D+00 -0.6349103D+01  0.0000000D+00
 -0.4453402D+01 -0.8111028D+01 -0.2488374D+01  0.0000000D+00
  0.5480146D+01 -0.6351153D+01 -0.1009065D+01  0.0000000D+00
  0.1034448D+02 -0.5419510D+01 -0.9980015D-01  0.0000000D+00
  0.6347207D+00  0.2502371D+01 -0.1200873D+01  0.0000000D+00
 -0.1280603D+02 -0.2209141D+01  0.2451849D+01  0.0000000D+00
  0.5299383D+01 -0.2762055D+01 -0.2746371D+01  0.0000000D+00
  0.4225518D+01 -0.1416593D+02  0.4724631D+01  0.0000000D+00
  0.1055462D+03  0.2295567D+02  0.2827304D+01  0.0000000D+00
  0.4555892D+01  0.9674029D+01 -0.8728979D+01  0.0000000D+00
  0.2098068D+02  0.3796012D+02  0.1420313D+02  0.0000000D+00
  0.1299503D+03  0.3544350D+02 -0.7681309D+00  0.0000000D+00
  0.7546401D+02  0.1338094D+02 -0.2948712D+01  0.0000000D+00
  0.3757886D+02 -0.4773597D+01 -0.7759098D+01  0.0000000D+00
  0.1479691D+02 -0.1565308D+02 -0.1059892D+02  0.0000000D+00
  0.6661126D+01  0.2713042D+00 -0.1251952D+01  0.0000000D+00
 -0.1732235D+02 -0.1049634D+02 -0.6284156D+01  0.0000000D+00
  0.1573283D+02 -0.8294212D+01  0.5391514D+01  0.0000000D+00
  0.1141267D+02  0.2011907D+01 -0.3990636D+01  0.0000000D+00
 -0.5432958D+02 -0.8331835D+01 -0.4865061D+01  0.0000000D+00
  0.6899588D+02  0.4013287D+01 -0.8913215D+01  0.0000000D+00
  0.7298574D+02  0.3566707D+01 -0.1487770D+02  0.0000000D+00
  0.1773034D+03 -0.1996245D+02 -0.6075140D+01  0.0000000D+00
  0.1459649D+03 -0.2621538D+02 -0.3519389D+01  0.0000000D+00
  0.8474897D+02 -0.3494163D+02 -0.5538540D+01  0.0000000D+00
  0.4857217D+02 -0.4011440D+02 -0.6691425D+01  0.0000000D+00
 -0.3285942D+01  0.1708786D+01  0.1110292D+01  0.0000000D+00
 -0.9567891D+01  0.5130277D-02  0.7354641D+00  0.0000000D+00
  0.1377089D+02  0.1498475D+01 -0.5982021D-01  0.0000000D+00
 -0.8841766D+00  0.5220278D+01  0.4002641D+01  0.0000000D+00
 -0.4060811D+02 -0.1932873D+02 -0.1494100D+02  0.0000000D+00
  0.6400181D+02 -0.2000521D+02 -0.3624781D+01  0.0000000D+00
 -0.3819149D+02 -0.1281720D+02  0.6655870D+01  0.0000000D+00
 -0.2510914D+02  0.5173382D+01 -0.9635044D+00  0.0000000D+00
 -0.5826181D+02 -0.3133424D+02  0.2142501D+01  0.0000000D+00
 -0.2313506D+02 -0.2471817D+02  0.1462928D+00  0.0000000D+00
 -0.2929874D+01 -0.2124574D+02 -0.9869121D+00  0.0000000D+00
  0.4510020D+00 -0.2271539D-01 -0.6192519D-02  0.0000000D+00
  0.3059377D+00 -0.1940954D+00  0.1362619D+00  0.0000000D+00
  0.1292242D+01  0.3864879D+00 -0.2016698D+00  0.0000000D+00
  0.3262020D+01 -0.4812576D+00  0.3586212D+00  0.0000000D+00
 -0.1102219D+01 -0.1505449D+00 -0.8436712D+00  0.0000000D+00
 -0.1581560D+02  0.5824887D+01  0.2924763D+01  0.0000000D+00
  0.2873391D+02  0.9606150D+01 -0.1480976D+01  0.0000000D+00
  0.4595557D+02  0.1065921D+02  0.8079597D+00  0.0000000D+00
  0.1996015D+02  0.1119390D+02  0.3464352D+01  0.0000000D+00
  0.2454423D+02 -0.4641972D+01  0.1805282D+01  0.0000000D+00
  0.2693356D+02 -0.1390323D+02  0.8633062D+00  0.0000000D+00
  0.4833320D+00  0.1664637D-01  0.5170884D-01  0.0000000D+00
 -0.3535034D+01  0.1155313D+00 -0.2138687D+00  0.0000000D+00
  0.2058834D+01 -0.1581301D-01  0.3650751D+00  0.0000000D+00
  0.3725404D+01  0.3702816D-01 -0.6642358D+00  0.0000000D+00
 -0.1016280D+02 -0.4255572D+00  0.1320744D+01  0.0000000D+00
  0.3689806D+02  0.1138816D+01 -0.3864792D+01  0.0000000D+00
 -0.1983631D+02 -0.8350480D+01 -0.9963947D+01  0.0000000D+00
 -0.8032935D+01 -0.2792947D+02  0.1508380D+01  0.0000000D+00
  0.4540080D+02 -0.7291905D+01 -0.5232862D+01  0.0000000D+00
  0.3687071D+02 -0.1282188D+01 -0.1343470D+01  0.0000000D+00
  0.3248784D+02  0.2460743D+01  0.8609631D+00  0.0000000D+00
  0.8580720D+00 -0.2404690D+00  0.2776376D-01  0.0000000D+00
 -0.4137278D+01  0.2347275D+00 -0.3165617D+00  0.0000000D+00
  0.5129336D+01 -0.3067245D+00  0.5957289D+00  0.0000000D+00
 -0.1134379D+02  0.4892107D+00 -0.1038967D+01  0.0000000D+00
  0.2342006D+02 -0.2332026D-01  0.2087200D+01  0.0000000D+00
 -0.2957486D+02 -0.9466215D+01 -0.6193048D+01  0.0000000D+00
  0.3805882D+02 -0.1772156D+02  0.5578798D+01  0.0000000D+00
  0.2709803D+02 -0.6188093D+01  0.2180671D+01  0.0000000D+00
 -0.2446404D+02  0.1566249D+00 -0.4913211D+00  0.0000000D+00
 -0.9300845D+01 -0.4633834D+01 -0.9821454D-01  0.0000000D+00
 -0.1004031D+01 -0.7366683D+01  0.1017113D+00  0.0000000D+00
 -0.1818138D+00  0.1152081D+00 -0.6940418D-01  0.0000000D+00
  0.2416587D+01 -0.1094382D+00  0.3909169D+00  0.0000000D+00
 -0.1614402D+00 -0.3429740D-01 -0.6680611D+00  0.0000000D+00
 -0.4869128D+01 -0.4389229D-01  0.1096536D+01  0.0000000D+00
  0.1854329D+02  0.3992367D+00 -0.2005345D+01  0.0000000D+00
 -0.1862959D+02 -0.4600274D+01  0.4201095D+01  0.0000000D+00
  0.3905263D+02  0.2315682D+01 -0.9734256D+00  0.0000000D+00
  0.1557250D+02  0.1312214D+02  0.3045656D+01  0.0000000D+00
  0.1487950D+02  0.1265651D+02  0.2707079D+01  0.0000000D+00
  0.1967822D+02 -0.3779705D+00  0.3051871D+01  0.0000000D+00
  0.2247709D+02 -0.8011227D+01  0.3250491D+01  0.0000000D+00
 -0.3627103D+00 -0.7003179D-01  0.1443325D-01  0.0000000D+00
  0.2890159D+01  0.1941805D+00 -0.2867399D-01  0.0000000D+00
 -0.3452927D+01 -0.3704677D+00  0.3022738D-01  0.0000000D+00
  0.5288742D+01  0.6601641D+00  0.1540291D-02  0.0000000D+00
 -0.1666699D+02 -0.1512435D+01 -0.1329651D+00  0.0000000D+00
  0.3034528D+02  0.1007040D+02  0.2046469D+01  0.0000000D+00
 -0.1951145D+02  0.2294866D+01  0.1965750D+01  0.0000000D+00
  0.2598879D+02 -0.1002073D+02 -0.4565586D+00  0.0000000D+00
  0.3431227D+02 -0.4059854D+01  0.5492643D+00  0.0000000D+00
  0.1866494D+02  0.3463609D+01  0.1160224D+01  0.0000000D+00
  0.9603827D+01  0.7934358D+01  0.1529449D+01  0.0000000D+00
 -0.3137036D+00 -0.8848352D-01 -0.1220977D-01  0.0000000D+00
  0.2737393D+00 -0.7006417D-02 -0.3791768D-01  0.0000000D+00
 -0.2109681D+01  0.3364017D-02  0.4990122D-01  0.0000000D+00
 -0.1165864D+01  0.9877625D-01 -0.1014789D+00  0.0000000D+00
  0.1157432D+02 -0.5408796D+00  0.1543277D+00  0.0000000D+00
 -0.6327773D+01  0.2911893D+01 -0.5454120D+00  0.0000000D+00
  0.2517148D+02  0.1228861D+01 -0.2557476D+01  0.0000000D+00
  0.6698538D+02 -0.9508317D+01  0.4386294D+01  0.0000000D+00
 -0.2372354D+02  0.1080067D+01  0.7514045D+00  0.0000000D+00
 -0.3336658D+02  0.8645586D+00 -0.2634398D+01  0.0000000D+00
 -0.4002915D+02  0.8557664D+00 -0.4657694D+01  0.0000000D+00
  0.1960228D+02 -0.8878282D+00 -0.5225379D+00  0.0000000D+00
  0.1814096D+02  0.4056547D+01  0.2901763D+01  0.0000000D+00
 -0.3018262D+02 -0.3226261D+00 -0.4579014D+01  0.0000000D+00
  0.2799828D+02  0.4820290D+01  0.1015021D+01  0.0000000D+00
  0.3689482D+02  0.1067009D+01  0.7018495D+01  0.0000000D+00
  0.6136156D+02  0.1301257D+01  0.1459080D+02  0.0000000D+00
  0.3865409D+02 -0.3262288D+02  0.1210703D+02  0.0000000D+00
  0.9688945D+02 -0.1784405D+02 -0.4469443D+00  0.0000000D+00
  0.7454956D+02  0.2449711D+01 -0.1969047D+01  0.0000000D+00
  0.3066737D+02  0.3185941D+02 -0.8560313D+01  0.0000000D+00
  0.4728489D+01  0.4930378D+02 -0.1243809D+02  0.0000000D+00
 -0.3576755D+01  0.1088375D+01  0.4062116D+00  0.0000000D+00
  0.7977732D+01  0.6972929D+01  0.3932081D+01  0.0000000D+00
 -0.2410864D+02 -0.1878095D+02 -0.2818671D+01  0.0000000D+00
  0.1198802D+02  0.5391190D+02 -0.3841604D+01  0.0000000D+00
 -0.4879640D+02 -0.2688014D+02 -0.4971931D+01  0.0000000D+00
 -0.4027296D+02 -0.1451906D+01 -0.1007115D+02  0.0000000D+00
 -0.2726508D+02  0.1988214D+02 -0.5000909D+00  0.0000000D+00
 -0.6381408D+02 -0.3465498D+01 -0.1416075D+01  0.0000000D+00
 -0.8505819D+02 -0.4499462D+01 -0.2947240D+01  0.0000000D+00
 -0.3150748D+02  0.2410095D+02 -0.5660010D+01  0.0000000D+00
 -0.3887416D+00  0.4084182D+02 -0.7267662D+01  0.0000000D+00
 -0.1133851D+02  0.7390655D+01 -0.2356631D+00  0.0000000D+00
  0.3596288D+01 -0.3623206D+01  0.1944093D+01  0.0000000D+00
  0.1800202D+01 -0.9077551D+00 -0.3877125D+01  0.0000000D+00
  0.1687896D+01 -0.1282583D+02  0.2042701D+01  0.0000000D+00
 -0.4069870D+02  0.6394358D+01  0.7306008D+01  0.0000000D+00
  0.4639338D+02  0.2971331D+02  0.8615918D+01  0.0000000D+00
  0.1354968D+02 -0.1910827D+02  0.1500741D+02  0.0000000D+00
 -0.1704832D+02  0.5788302D+01  0.1663673D+01  0.0000000D+00
  0.2465157D+02 -0.6819449D+00 -0.2905568D+01  0.0000000D+00
  0.1602671D+02 -0.7985131D+01 -0.1060371D+02  0.0000000D+00
  0.1144332D+02 -0.1233441D+02 -0.1516382D+02  0.0000000D+00
 -0.8820362D-01  0.2755218D-01  0.8968318D-02  0.0000000D+00
 -0.1062015D+01 -0.3257557D-01 -0.2795140D-01  0.0000000D+00
  0.1530858D+01 -0.1175010D+00 -0.7742148D-02  0.0000000D+00
 -0.4203522D+01 -0.2174002D-01  0.6112929D-01  0.0000000D+00
  0.1664746D+01 -0.7022422D+00 -0.1516915D+00  0.0000000D+00
 -0.1347240D+02  0.6692771D+01  0.1941478D-01  0.0000000D+00
  0.4151926D+02 -0.5306790D+01 -0.9276268D+01  0.0000000D+00
  0.8732556D+02  0.5888608D+01 -0.2630395D+01  0.0000000D+00
  0.3209857D+00  0.2574020D+02 -0.2019588D+01  0.0000000D+00
 -0.1815154D+02  0.1196604D+02 -0.1719826D+01  0.0000000D+00
 -0.2993804D+02  0.4122812D+01 -0.1535996D+01  0.0000000D+00
  0.3914651D+00  0.1150287D+00 -0.2231775D-01  0.0000000D+00
 -0.1241877D+01  0.1856739D-01  0.7177742D-01  0.0000000D+00
 -0.1526129D+00 -0.6529533D-01 -0.9677332D-01  0.0000000D+00
 -0.6517608D+00  0.1789230D+00  0.1714562D+00  0.0000000D+00
 -0.1782839D+02 -0.3126856D-01 -0.3041196D+00  0.0000000D+00
  0.1837083D+02  0.1253372D+00  0.1507784D-02  0.0000000D+00
 -0.2184739D+02  0.5525259D+01  0.7952866D+00  0.0000000D+00
 -0.1699230D+02 -0.1490424D+01 -0.2243866D+01  0.0000000D+00
  0.7288608D+01 -0.8700166D+01 -0.6739024D+00  0.0000000D+00
  0.8668453D+01 -0.1909494D+02  0.4393872D+01  0.0000000D+00
  0.9747927D+01 -0.2526003D+02  0.7379121D+01  0.0000000D+00
  0.6754991D+00  0.3222861D-01 -0.6209657D-01  0.0000000D+00
 -0.3368606D+01  0.4129967D+00  0.2928258D+00  0.0000000D+00
  0.5787917D+01 -0.5234893D+00 -0.5430921D+00  0.0000000D+00
 -0.1420005D+01  0.9144080D+00  0.8296619D+00  0.0000000D+00
  0.1114747D+02 -0.3318601D+00 -0.1394298D+01  0.0000000D+00
 -0.1059759D+02 -0.6097062D+01  0.1928026D+01  0.0000000D+00
  0.2690502D+02  0.7873997D+01 -0.5086392D+01  0.0000000D+00
  0.2166002D+02 -0.9253971D+01  0.2155765D+01  0.0000000D+00
  0.3323460D+01 -0.2675635D+01  0.2125063D+00  0.0000000D+00
  0.2287630D+01 -0.1884197D+01 -0.7516385D+01  0.0000000D+00
  0.1468694D+01 -0.1345690D+01 -0.1206424D+02  0.0000000D+00
 -0.5176554D+00 -0.1623319D+00  0.3376922D-01  0.0000000D+00
 -0.1476969D+00  0.5379493D-01 -0.1638335D+00  0.0000000D+00
  0.1961588D+01  0.8879592D-01  0.2384608D+00  0.0000000D+00
 -0.1975061D+01 -0.1729282D+00 -0.3611547D+00  0.0000000D+00
  0.1057514D+02  0.1815208D+01  0.4892135D+00  0.0000000D+00
 -0.1309399D+02 -0.7491653D+01  0.2894607D+00  0.0000000D+00
  0.1915850D+02  0.5543714D+01  0.4391816D+01  0.0000000D+00
  0.4646183D+02  0.4772515D+01 -0.1014053D+01  0.0000000D+00
  0.2544311D+02 -0.2355539D+01  0.1856421D+01  0.0000000D+00
  0.1264315D+02 -0.2520068D+02  0.3251354D+01  0.0000000D+00
  0.4922799D+01 -0.3865023D+02  0.4100986D+01  0.0000000D+00
  0.4777105D+00 -0.1548819D+00 -0.1371762D-01  0.0000000D+00
  0.5727602D+00 -0.5467878D+00  0.5693864D-01  0.0000000D+00
 -0.1318923D+01  0.8711970D+00 -0.3997510D-01  0.0000000D+00
 -0.6144895D+01 -0.1504275D+01  0.9527785D-01  0.0000000D+00
  0.5671257D+01  0.2260700D+01 -0.2860856D+00  0.0000000D+00
 -0.1859294D+02 -0.2089879D+00  0.2291973D+01  0.0000000D+00
  0.4850545D+02  0.2304379D+01  0.1561913D+01  0.0000000D+00
 -0.2537411D+02 -0.3609421D+00 -0.1207700D+01  0.0000000D+00
  0.6423840D+01 -0.1153419D+02 -0.2349515D+00  0.0000000D+00
  0.8837697D+01 -0.6650562D+01 -0.1880599D+01  0.0000000D+00
  0.1060452D+02 -0.3918078D+01 -0.2833604D+01  0.0000000D+00
  0.4464846D+00  0.3854189D-01  0.1047795D-02  0.0000000D+00
 -0.2018786D+01 -0.2562160D+00 -0.3576529D-01  0.0000000D+00
  0.2279162D+01  0.3785014D+00  0.8346430D-01  0.0000000D+00
  0.7852007D-01 -0.9496353D+00 -0.1876207D+00  0.0000000D+00
  0.6175866D+01  0.1104907D+01  0.3476086D+00  0.0000000D+00
 -0.1901806D+02  0.2602748D+01 -0.1159530D+01  0.0000000D+00
  0.2287528D+02  0.8447968D+01 -0.3701417D+00  0.0000000D+00
  0.1428830D+02  0.3627601D+01  0.5559335D+00  0.0000000D+00
 -0.3598924D+02  0.5919142D+01  0.1334778D+01  0.0000000D+00
 -0.2528994D+02 -0.7350057D+01 -0.4259985D+01  0.0000000D+00
 -0.1959424D+02 -0.1509209D+02 -0.7527166D+01  0.0000000D+00
 -0.3117779D+01  0.4429639D+01  0.1181918D+00  0.0000000D+00
 -0.1342730D+02 -0.9266268D+01  0.1873673D+01  0.0000000D+00
  0.2281761D+02  0.4317621D+01 -0.1967038D+01  0.0000000D+00
 -0.3345557D+02 -0.1772067D+01  0.3414159D+01  0.0000000D+00
  0.5826006D+01  0.1615117D+02  0.1328369D+01  0.0000000D+00
  0.1217227D+02 -0.2066743D+02 -0.8944761D-02  0.0000000D+00
 -0.1101313D+02 -0.4942560D+00  0.9755824D+01  0.0000000D+00
  0.2300877D+01  0.2311225D+02  0.6312166D+01  0.0000000D+00
  0.1755991D+02  0.1371518D+02  0.9952887D+01  0.0000000D+00
  0.1782293D+02  0.1153911D+02  0.1313233D+02  0.0000000D+00
  0.1815229D+02  0.1016109D+02  0.1503538D+02  0.0000000D+00
 -0.2863943D+00  0.3430665D+01 -0.5005484D+00  0.0000000D+00
 -0.6123003D+01  0.1664048D+01  0.8331123D+00  0.0000000D+00
  0.1334225D+02 -0.1083055D+02 -0.3121466D+01  0.0000000D+00
 -0.1653213D+02  0.1638800D+02  0.7933108D+01  0.0000000D+00
 -0.3205103D+02 -0.1564321D+02 -0.5876142D+01  0.0000000D+00
 -0.1334454D+02  0.1055562D+02 -0.1881107D+01  0.0000000D+00
 -0.1274882D+02 -0.4496249D+01 -0.1350113D+01  0.0000000D+00
 -0.1447784D+02  0.1147138D+02 -0.7646619D+01  0.0000000D+00
 -0.5149119D+01  0.6553362D+01 -0.5450161D+01  0.0000000D+00
  0.6508242D+01 -0.1571868D+02  0.4504335D+01  0.0000000D+00
  0.1344479D+02 -0.2882208D+02  0.1035682D+02  0.0000000D+00
  0.2453119D+01 -0.1974834D+01  0.3650973D+00  0.0000000D+00
  0.1319790D+02 -0.2654355D+01  0.3018077D+00  0.0000000D+00
 -0.9861596D+01  0.1255869D+02 -0.1285736D+00  0.0000000D+00
  0.3712841D+01 -0.1054768D+02  0.2155580D+01  0.0000000D+00
  0.2967525D+02  0.4371439D+01 -0.3996425D+01  0.0000000D+00
  0.3319916D+02  0.1218861D+02 -0.5230637D+01  0.0000000D+00
  0.1260901D+02 -0.2619318D+02 -0.6540211D+01  0.0000000D+00
  0.1754164D+02 -0.7121319D+01 -0.3857505D+01  0.0000000D+00
  0.8553634D+01 -0.7766179D+01 -0.3720931D+01  0.0000000D+00
 -0.1698018D+01 -0.1156111D+02 -0.3295056D+00  0.0000000D+00
 -0.7801257D+01 -0.1379251D+02  0.1657495D+01  0.0000000D+00
  0.3585881D+00 -0.2651583D+00  0.1616836D-03  0.0000000D+00
 -0.4017939D+01  0.5007758D+00  0.4527519D-01  0.0000000D+00
  0.6646486D+01 -0.8746704D+00 -0.7960780D-01  0.0000000D+00
 -0.1028369D+02  0.1180740D+01  0.1441422D+00  0.0000000D+00
  0.1078922D+02 -0.1453455D+01 -0.4017234D+00  0.0000000D+00
 -0.1050292D+02  0.1560026D+00  0.1130880D+01  0.0000000D+00
  0.1355780D+02  0.8440829D+00 -0.1742887D+01  0.0000000D+00
 -0.3787283D+02  0.7229759D+01  0.7672688D-01  0.0000000D+00
 -0.4482647D+02 -0.7539622D+01 -0.7354698D+00  0.0000000D+00
 -0.2962586D+01  0.8280205D+00 -0.2128754D+01  0.0000000D+00
  0.2146862D+02  0.5566251D+01 -0.2953024D+01  0.0000000D+00
 -0.5736431D+00  0.1134378D+00  0.1667770D-01  0.0000000D+00
  0.3834793D+01 -0.2489564D-01 -0.5710010D-01  0.0000000D+00
 -0.9265161D+01 -0.6057673D-02  0.3988244D-01  0.0000000D+00
  0.1140831D+02  0.9016542D-01 -0.3374027D-01  0.0000000D+00
 -0.6985635D+01 -0.6358686D+00 -0.1302013D+00  0.0000000D+00
  0.1256868D+02  0.4347316D+01  0.1359912D+01  0.0000000D+00
 -0.6775236D+01  0.2761271D+01 -0.1277821D+01  0.0000000D+00
  0.2948434D+01  0.4969031D+01  0.2905753D+01  0.0000000D+00
  0.1909298D+02  0.4846449D+01  0.2111780D+00  0.0000000D+00
  0.6004051D+01  0.9507428D+01 -0.5922267D+00  0.0000000D+00
 -0.1477993D+01  0.1223656D+02 -0.1092483D+01  0.0000000D+00
  0.9003524D+00 -0.2329434D+00 -0.1714219D-01  0.0000000D+00
 -0.1343014D+01  0.1011325D+00 -0.1865271D-01  0.0000000D+00
  0.2283560D+01 -0.1024759D+00  0.7452626D-01  0.0000000D+00
 -0.5465122D+01  0.1815278D+00 -0.1882745D+00  0.0000000D+00
  0.3480001D+01 -0.3798017D+00  0.3218969D+00  0.0000000D+00
 -0.9757885D+01  0.2738674D+01 -0.8820498D+00  0.0000000D+00
  0.2357636D+02 -0.6689265D+01  0.2661313D+01  0.0000000D+00
  0.1580443D+01 -0.4578187D+01 -0.3990249D-02  0.0000000D+00
  0.3679553D+01  0.1314012D+02 -0.2853181D+01  0.0000000D+00
  0.1229094D+02  0.2044090D+02  0.1971042D+01  0.0000000D+00
  0.1735486D+02  0.2491268D+02  0.4764842D+01  0.0000000D+00
 -0.1076845D+00  0.1688111D+00 -0.4586816D-01  0.0000000D+00
 -0.2877620D+01 -0.1138954D+00  0.2647649D+00  0.0000000D+00
  0.2917358D+01  0.3310394D+00 -0.4149518D+00  0.0000000D+00
 -0.2898066D+01 -0.5391478D+00  0.6865105D+00  0.0000000D+00
 -0.8137752D+01  0.1511766D+01 -0.1027472D+01  0.0000000D+00
 -0.1107452D+02 -0.2799442D+01  0.9541662D+00  0.0000000D+00
  0.1382582D+02  0.3077892D+01 -0.4830140D+01  0.0000000D+00
  0.2017389D+02 -0.2282645D+01 -0.4238580D+00  0.0000000D+00
  0.2686964D+01  0.4856773D+01  0.7512239D+00  0.0000000D+00
 -0.8390791D+01  0.8188518D+01 -0.1169953D+01  0.0000000D+00
 -0.1507374D+02  0.1021913D+02 -0.2281366D+01  0.0000000D+00
 -0.3235995D+00  0.1404585D-01  0.4664051D-01  0.0000000D+00
 -0.5008323D+00 -0.5386716D+00 -0.1687245D+00  0.0000000D+00
  0.3912738D+00  0.9851941D+00  0.2793528D+00  0.0000000D+00
  0.1622483D+01 -0.1657540D+01 -0.4571424D+00  0.0000000D+00
 -0.7873905D+01  0.2288359D+01  0.8963374D+00  0.0000000D+00
 -0.5462839D+01 -0.4185291D+01 -0.1417159D+01  0.0000000D+00
  0.1564454D+02  0.1312767D+02  0.2735588D+01  0.0000000D+00
  0.1471244D+02  0.2712496D+01 -0.6350262D+00  0.0000000D+00
  0.2784944D+01 -0.4178459D+01  0.2944583D+00  0.0000000D+00
 -0.3290915D+01 -0.1737369D+01  0.3493255D+01  0.0000000D+00
 -0.6979454D+01 -0.3859650D+00  0.5375224D+01  0.0000000D+00
  0.3703502D+00 -0.1159000D+00 -0.2979261D-01  0.0000000D+00
  0.2034135D+01  0.1751396D+00  0.3375289D-01  0.0000000D+00
  0.4314856D+00 -0.3168403D+00 -0.5174270D-01  0.0000000D+00
  0.1738575D+01  0.3185626D+00  0.3112935D-01  0.0000000D+00
 -0.4126332D+01 -0.6063941D+00  0.2231726D-01  0.0000000D+00
 -0.3853303D+01 -0.7283086D+00 -0.2879326D+00  0.0000000D+00
 -0.2612216D+00  0.5628920D+00 -0.3013587D+00  0.0000000D+00
 -0.9132557D+01 -0.7584387D+01 -0.1852014D+01  0.0000000D+00
 -0.7548498D+01  0.8918524D+00 -0.1320934D+01  0.0000000D+00
 -0.8515060D+01  0.1780789D+01  0.1836143D+01  0.0000000D+00
 -0.9063336D+01  0.2398582D+01  0.3690200D+01  0.0000000D+00
  0.1084855D+01  0.2408118D+01 -0.1619944D+00  0.0000000D+00
  0.1348561D+02  0.8823046D+01 -0.7618420D+00  0.0000000D+00
 -0.1455360D+02 -0.9677671D+01 -0.1473977D+00  0.0000000D+00
  0.1414239D+02  0.1286695D+02  0.4462471D+01  0.0000000D+00
 -0.1897381D+02 -0.1840441D+02 -0.6405078D+01  0.0000000D+00
 -0.6252240D+01 -0.4893427D+01 -0.2000884D+01  0.0000000D+00
  0.4011518D+01 -0.1540387D+02  0.1973860D+01  0.0000000D+00
 -0.4606746D+02  0.1452827D+02  0.1369303D+01  0.0000000D+00
 -0.2164372D+02  0.2102565D+02  0.2018966D+01  0.0000000D+00
  0.2695591D+01  0.3286869D+00  0.2534851D+01  0.0000000D+00
  0.1721424D+02 -0.1171711D+02  0.2844508D+01  0.0000000D+00
  0.4235591D+01  0.6610484D+01  0.2718893D+00  0.0000000D+00
  0.8302794D+01  0.1294260D+02 -0.2191476D+01  0.0000000D+00
 -0.5548509D+01 -0.1787733D+02  0.2576060D+01  0.0000000D+00
 -0.1069294D+02  0.2411876D+02  0.1588357D+00  0.0000000D+00
  0.3505931D+02 -0.4208159D+01 -0.5645193D+01  0.0000000D+00
 -0.3069641D+02 -0.1266556D+02 -0.3140129D+01  0.0000000D+00
 -0.1999895D+02 -0.2882510D+01  0.1592810D+01  0.0000000D+00
 -0.3197174D+02 -0.9870835D+00 -0.1662448D+01  0.0000000D+00
 -0.2972505D+02 -0.1469967D+02 -0.1479416D+01  0.0000000D+00
 -0.2222793D+02 -0.4568872D+02 -0.4041446D+01  0.0000000D+00
 -0.1780987D+02 -0.6397763D+02 -0.5538423D+01  0.0000000D+00
 -0.4016304D+01  0.4316524D+01  0.8192226D+00  0.0000000D+00
  0.2643048D+00 -0.8199454D+00 -0.1542380D+01  0.0000000D+00
  0.8515768D+01 -0.1375866D+01  0.2404752D+01  0.0000000D+00
 -0.1481019D+02 -0.9346380D+01  0.9912485D+00  0.0000000D+00
  0.4842951D+02  0.8836676D+01 -0.8753946D+01  0.0000000D+00
 -0.2942742D+02  0.2205954D+01 -0.4394618D+01  0.0000000D+00
  0.3065882D+02  0.4989755D+01  0.3451842D+00  0.0000000D+00
  0.1809677D+02  0.1385116D+02 -0.6173659D-01  0.0000000D+00
  0.2670134D+02  0.3020434D+02  0.3614919D+01  0.0000000D+00
  0.3635645D+02  0.1459582D+02  0.4901274D+01  0.0000000D+00
  0.4210296D+02  0.5648007D+01  0.5695044D+01  0.0000000D+00
  0.1419085D+00  0.1111282D+00  0.3308908D-01  0.0000000D+00
 -0.1187378D+01 -0.7120353D-01 -0.5868062D-01  0.0000000D+00
  0.1974426D+01  0.6658356D-01  0.1410029D+00  0.0000000D+00
 -0.6507442D+01  0.5974021D-01 -0.3885268D+00  0.0000000D+00
  0.9889293D+01  0.1816247D+00  0.5396977D+00  0.0000000D+00
  0.1128170D+02 -0.3311402D+01 -0.2634759D+00  0.0000000D+00
 -0.1225390D+02 -0.2758331D+01 -0.1123853D+01  0.0000000D+00
  0.3488940D+02  0.1207648D+02  0.1618018D+01  0.0000000D+00
  0.2032820D+02 -0.2122717D+02  0.2500467D+00  0.0000000D+00
 -0.1266896D+02 -0.1934472D+02  0.8788585D+00  0.0000000D+00
 -0.3214166D+02 -0.1861444D+02  0.1231832D+01  0.0000000D+00
  0.7082307D+00 -0.9691162D-01  0.5302996D-01  0.0000000D+00
  0.5154488D+00  0.5962781D+00 -0.2665060D+00  0.0000000D+00
 -0.2317971D+01 -0.1006373D+01  0.5345213D+00  0.0000000D+00
  0.5647326D+00  0.1559329D+01 -0.9190443D+00  0.0000000D+00
 -0.8001880D+01 -0.2147957D+01  0.2101759D+01  0.0000000D+00
 -0.8690037D+01  0.1145758D+01 -0.6828314D+01  0.0000000D+00
 -0.1063935D+02  0.3268373D+01  0.2971230D+01  0.0000000D+00
  0.1855591D+02 -0.2380401D+02 -0.1623132D+01  0.0000000D+00
 -0.7515349D+01  0.6515892D+01 -0.7235666D+01  0.0000000D+00
  0.2646535D+01 -0.2434978D+01 -0.5708428D+01  0.0000000D+00
  0.8306834D+01 -0.7337951D+01 -0.4875501D+01  0.0000000D+00
 -0.1254344D+00 -0.1017829D+00 -0.1574298D-01  0.0000000D+00
 -0.9865636D-02  0.5378674D+00  0.1434473D-01  0.0000000D+00
  0.4674823D+00 -0.1179727D+01 -0.8871933D-01  0.0000000D+00
 -0.2759812D+01  0.1907378D+01  0.9465602D-01  0.0000000D+00
  0.1482805D+02 -0.3661485D+01  0.8158887D-01  0.0000000D+00
  0.9558157D+01  0.9339732D+01 -0.2046749D+01  0.0000000D+00
 -0.1689289D+01 -0.7878185D+01 -0.3417340D+01  0.0000000D+00
  0.5679232D+01  0.6149318D+01 -0.3267014D+01  0.0000000D+00
  0.1303725D+02  0.2908937D+01  0.2274010D+01  0.0000000D+00
  0.3757010D+01  0.7386589D+01  0.4788107D+01  0.0000000D+00
 -0.1598495D+01  0.9970828D+01  0.6321863D+01  0.0000000D+00
 -0.2084013D+01 -0.1440858D+00  0.4181312D-02  0.0000000D+00
  0.3646075D+01 -0.1208400D+00  0.5911361D-02  0.0000000D+00
 -0.3753248D+01  0.1303661D+00  0.2486540D-01  0.0000000D+00
  0.7893580D+01 -0.1091672D+00 -0.1116020D+00  0.0000000D+00
  0.2790553D-01 -0.3177699D+00  0.1331046D+00  0.0000000D+00
  0.1237013D+02  0.9503288D+01 -0.2793953D-01  0.0000000D+00
 -0.1374524D+02 -0.1826801D+02 -0.2687904D+01  0.0000000D+00
  0.7243872D+01  0.4264140D+01 -0.1786913D+01  0.0000000D+00
 -0.2371835D+01  0.4085284D+01  0.7980625D+00  0.0000000D+00
 -0.4742205D+00  0.3093371D+01  0.3064818D+01  0.0000000D+00
  0.5319379D+00  0.2506716D+01  0.4420775D+01  0.0000000D+00
  0.2444791D+00  0.1331015D+00  0.2068041D-01  0.0000000D+00
 -0.6828568D+00 -0.8342796D+00 -0.4703352D-01  0.0000000D+00
  0.1632908D+01  0.1841557D+01  0.1040580D+00  0.0000000D+00
  0.5049048D+00 -0.2883520D+01 -0.4419639D-01  0.0000000D+00
 -0.5709263D+01  0.5082112D+01  0.1744688D+00  0.0000000D+00
  0.3049117D+01 -0.7922978D+01  0.7706640D-01  0.0000000D+00
 -0.2912521D+01  0.9383663D+01  0.2451547D+01  0.0000000D+00
 -0.6286617D+01 -0.7011196D+01 -0.1104381D+01  0.0000000D+00
  0.5122683D+01  0.2766468D+01 -0.2272802D+01  0.0000000D+00
 -0.3451617D+01  0.1621562D+02  0.1073008D+01  0.0000000D+00
 -0.8343552D+01  0.2419940D+02  0.3018701D+01  0.0000000D+00
  0.1447935D+01 -0.7188528D-01 -0.6032769D-01  0.0000000D+00
 -0.5353625D+01  0.8129866D+00  0.2594761D+00  0.0000000D+00
  0.7222186D+01 -0.1385099D+01 -0.5162689D+00  0.0000000D+00
 -0.1156038D+02  0.2332051D+01  0.8713938D+00  0.0000000D+00
 -0.3019791D+01 -0.3520815D+01 -0.1722380D+01  0.0000000D+00
 -0.4758337D+01  0.1549197D+01  0.4070398D+01  0.0000000D+00
  0.2793918D+01 -0.1403577D+02 -0.1599438D+01  0.0000000D+00
 -0.8747215D+01  0.1048274D+02 -0.1052049D+01  0.0000000D+00
 -0.7041797D+01 -0.5207773D+01 -0.1785560D+01  0.0000000D+00
  0.8350657D+01 -0.1185715D+02 -0.1731092D+01  0.0000000D+00
  0.1737967D+02 -0.1592209D+02 -0.1707038D+01  0.0000000D+00
