  4  2   693 10944  4  4  9 11  7  1    0.00   24.00  100.00  600.00    0.00    6.28   45.00   45.00
  100.0  100.0  100.0  100.0  125.0  150.0  190.0  230.0  275.0  350.0  450.0  600.0  600.0  600.0  600.0
  0.2610323D+04  0.8826718D+03 -0.5728171D+03  0.0000000D+00
  0.2414401D+04  0.1459510D+04 -0.5021189D+02  0.0000000D+00
  0.3614168D+04  0.1488386D+04 -0.3259087D+03  0.0000000D+00
  0.3294941D+03  0.3466416D+04 -0.5386475D+03  0.0000000D+00
  0.6717050D+04  0.2920429D+04 -0.6491278D+03  0.0000000D+00
  0.5293593D+04  0.2016158D+04  0.8223028D+03  0.0000000D+00
  0.4312083D+04  0.1369112D+04  0.6480817D+03  0.0000000D+00
  0.1071049D+04 -0.4684743D+03  0.2271863D+03  0.0000000D+00
  0.9862337D+04 -0.3335851D+04  0.4624244D+03  0.0000000D+00
  0.1716242D+05 -0.3148456D+04  0.6828053D+03  0.0000000D+00
  0.2153422D+05 -0.3071221D+04  0.8144135D+03  0.0000000D+00
  0.1703196D+04 -0.6497908D+03 -0.3900265D+03  0.0000000D+00
 -0.9528106D+02  0.5464261D+03  0.2623735D+03  0.0000000D+00
  0.1669885D+04 -0.2315243D+04 -0.4970524D+03  0.0000000D+00
 -0.1526752D+04  0.1178277D+03 -0.1047108D+03  0.0000000D+00
  0.1836068D+04 -0.2804429D+04 -0.8776254D+02  0.0000000D+00
  0.3822396D+04 -0.2297483D+04  0.4100325D+03  0.0000000D+00
  0.2274120D+03  0.2699322D+03  0.2371785D+03  0.0000000D+00
  0.1848311D+04 -0.5858170D+03 -0.1682527D+03  0.0000000D+00
  0.1983567D+03  0.1990007D+03  0.6853544D+02  0.0000000D+00
 -0.1516529D+04 -0.5206094D+03  0.3300014D+03  0.0000000D+00
 -0.2538882D+04 -0.9333496D+03  0.4856824D+03  0.0000000D+00
 -0.1716225D+02  0.2238664D+03 -0.2298532D+03  0.0000000D+00
 -0.7980324D+03 -0.5325697D+03  0.4639990D+03  0.0000000D+00
  0.7178529D+03 -0.1939568D+03 -0.3042787D+03  0.0000000D+00
  0.4320694D+03 -0.1257918D+04 -0.5532132D+03  0.0000000D+00
 -0.2657801D+03 -0.1329711D+04 -0.4920457D+03  0.0000000D+00
  0.1982467D+04 -0.1935368D+03 -0.8691410D+03  0.0000000D+00
  0.2088208D+04  0.1091482D+04 -0.5250706D+03  0.0000000D+00
  0.1506930D+04  0.4436479D+02 -0.6914229D+03  0.0000000D+00
  0.3535951D+04 -0.6876286D+02 -0.3211915D+03  0.0000000D+00
  0.3524809D+04 -0.1029099D+04 -0.3435319D+03  0.0000000D+00
  0.3541218D+04 -0.1592330D+04 -0.3525340D+03  0.0000000D+00
 -0.5167925D+02 -0.6042866D+01 -0.2013142D+00  0.0000000D+00
  0.1997109D+02 -0.1170992D+02  0.5603407D+01  0.0000000D+00
 -0.1331044D+02  0.1983460D+02 -0.1100928D+02  0.0000000D+00
  0.2257329D+02 -0.6322552D+02  0.1836748D+02  0.0000000D+00
  0.2102406D+03  0.6052788D+02 -0.3085118D+02  0.0000000D+00
  0.1840334D+02  0.1604872D+02  0.8020014D+02  0.0000000D+00
 -0.3709323D+03 -0.4449407D+02 -0.1317832D+01  0.0000000D+00
 -0.1728191D+03 -0.3891300D+03  0.1806531D+03  0.0000000D+00
  0.4647771D+03 -0.2065356D+02  0.1182459D+03  0.0000000D+00
  0.6341375D+03 -0.1211386D+03 -0.1220821D+03  0.0000000D+00
  0.7402734D+03 -0.1760048D+03 -0.2635505D+03  0.0000000D+00
  0.3659522D+02 -0.4693879D+00 -0.6754698D+00  0.0000000D+00
 -0.1935380D+02 -0.7687397D+01 -0.3348290D+01  0.0000000D+00
 -0.9697130D+01  0.5142698D+00  0.5134639D+01  0.0000000D+00
 -0.1602016D+03 -0.3627707D+02 -0.9648177D+01  0.0000000D+00
  0.1209526D+03  0.6103430D+02  0.3819251D+02  0.0000000D+00
 -0.3497212D+03 -0.4182796D+03 -0.2449188D+03  0.0000000D+00
  0.1166293D+04  0.3009249D+03 -0.3292515D+03  0.0000000D+00
  0.4175173D+03 -0.7566760D+03 -0.4956632D+03  0.0000000D+00
  0.8085730D+03  0.2916837D+03 -0.5239559D+03  0.0000000D+00
  0.6700456D+03  0.5862915D+03 -0.6198160D+03  0.0000000D+00
  0.5932890D+03  0.7705562D+03 -0.6762559D+03  0.0000000D+00
  0.4217699D+02  0.2726651D+01 -0.6828980D+00  0.0000000D+00
 -0.1435043D+01 -0.5838565D+01 -0.1042037D+01  0.0000000D+00
 -0.5956506D+02 -0.8778374D+00  0.3257862D+01  0.0000000D+00
 -0.1977062D+02  0.3442982D+02 -0.8113892D+01  0.0000000D+00
 -0.1497005D+03 -0.4252276D+02  0.2043468D+02  0.0000000D+00
  0.1697349D+03  0.4479649D+02 -0.6552127D+02  0.0000000D+00
 -0.2598831D+03 -0.1087558D+03  0.1403869D+03  0.0000000D+00
 -0.7198333D+03  0.6206007D+03  0.4680680D+03  0.0000000D+00
 -0.8105643D+03  0.1195960D+03  0.3073440D+03  0.0000000D+00
 -0.4729527D+03 -0.7094976D+02 -0.3675753D+02  0.0000000D+00
 -0.2764149D+03 -0.1882275D+03 -0.2399972D+03  0.0000000D+00
 -0.4383063D+02  0.7316403D+01 -0.2528920D+01  0.0000000D+00
 -0.4230725D+02 -0.2081339D+02  0.1484398D+02  0.0000000D+00
  0.1004556D+03  0.3254723D+02 -0.2681191D+02  0.0000000D+00
  0.1812542D+03  0.2436981D-01  0.4850854D+02  0.0000000D+00
 -0.4407836D+02  0.1873164D+02 -0.9892891D+02  0.0000000D+00
  0.1193316D+03  0.1954853D+03  0.3019951D+03  0.0000000D+00
  0.4356339D+02  0.3131519D+03 -0.1256602D+03  0.0000000D+00
 -0.1655652D+03  0.2754699D+03 -0.8093745D+02  0.0000000D+00
 -0.7518559D+03  0.1682998D+03  0.1443850D+03  0.0000000D+00
 -0.3715969D+03  0.1986297D+03  0.1124524D+02  0.0000000D+00
 -0.1553284D+03  0.2152119D+03 -0.6420373D+02  0.0000000D+00
 -0.6559936D+01  0.4916480D+01  0.6249169D-02  0.0000000D+00
  0.8211352D+02 -0.7956465D+01 -0.3793684D+01  0.0000000D+00
 -0.3350947D+01  0.1088382D+02  0.6975109D+01  0.0000000D+00
  0.8722872D+02 -0.2603141D+02 -0.1380213D+02  0.0000000D+00
 -0.3468517D+02  0.4132427D+02  0.1876129D+02  0.0000000D+00
 -0.6778824D+02 -0.1324632D+03 -0.2332202D+02  0.0000000D+00
  0.4784768D+02  0.2810982D+03  0.2951042D+02  0.0000000D+00
 -0.1874561D+03  0.3417499D+03  0.1057672D+03  0.0000000D+00
  0.5026894D+03 -0.5506722D+02  0.5183030D+02  0.0000000D+00
  0.1971329D+03 -0.1606946D+03 -0.6708875D+02  0.0000000D+00
  0.2584496D+02 -0.2269969D+03 -0.1373386D+03  0.0000000D+00
  0.1876361D+02  0.3154726D+00  0.1712953D+01  0.0000000D+00
  0.3071363D+01 -0.1500991D+01 -0.6271081D-01  0.0000000D+00
 -0.9641475D+02  0.1216882D+02  0.1926834D+01  0.0000000D+00
 -0.4774894D+02 -0.4351478D+02 -0.5114516D+01  0.0000000D+00
 -0.3032300D+02  0.6987198D+02  0.1749787D+02  0.0000000D+00
 -0.1061857D+03 -0.2227998D+03 -0.6641489D+02  0.0000000D+00
 -0.3974412D+03  0.2466712D+03  0.1495808D+02  0.0000000D+00
 -0.5536821D+03  0.1274841D+03 -0.7524649D+02  0.0000000D+00
 -0.7414311D+02  0.1163822D+03  0.9572001D+01  0.0000000D+00
  0.1438910D+03  0.1439511D+03 -0.8274203D+02  0.0000000D+00
  0.2767002D+03  0.1599596D+03 -0.1358566D+03  0.0000000D+00
  0.1472487D+03 -0.1345488D+03 -0.1514241D+03  0.0000000D+00
  0.1632056D+04 -0.4361479D+03 -0.1947488D+03  0.0000000D+00
  0.7384840D+03 -0.5718547D+03  0.1626008D+03  0.0000000D+00
 -0.4210295D+03  0.2289286D+03  0.4055632D+03  0.0000000D+00
  0.3188509D+03 -0.1536299D+03 -0.2496726D+03  0.0000000D+00
  0.1126960D+04 -0.1327301D+04  0.6923890D+03  0.0000000D+00
 -0.1385875D+04  0.1650022D+03  0.3953649D+03  0.0000000D+00
  0.4521559D+03 -0.7500048D+03  0.3194504D+03  0.0000000D+00
  0.2656987D+04 -0.2239759D+04 -0.2447417D+03  0.0000000D+00
  0.1689784D+04 -0.1016187D+04 -0.6376629D+03  0.0000000D+00
  0.1148305D+04 -0.3167192D+03 -0.8738901D+03  0.0000000D+00
  0.7426474D+03 -0.7331573D+03 -0.5419563D+02  0.0000000D+00
 -0.2275916D+04  0.1002691D+03  0.4174456D+02  0.0000000D+00
  0.1699370D+04 -0.7498505D+03 -0.2100343D+03  0.0000000D+00
 -0.2401677D+04  0.2740495D+04  0.3576294D+03  0.0000000D+00
  0.2128202D+03 -0.9994316D+03 -0.6431439D+03  0.0000000D+00
  0.1036906D+03 -0.1523245D+04 -0.1637033D+03  0.0000000D+00
 -0.9582540D+03  0.6932471D+03 -0.1663843D+03  0.0000000D+00
 -0.6482558D+03 -0.2948341D+03 -0.3186065D+03  0.0000000D+00
 -0.2702477D+04  0.1104016D+04 -0.2891676D+02  0.0000000D+00
 -0.2218282D+04  0.3992177D+03  0.2460316D+03  0.0000000D+00
 -0.1957649D+04  0.2172459D+01  0.4103029D+03  0.0000000D+00
  0.6072075D+03  0.7873498D+01  0.2630296D+03  0.0000000D+00
 -0.2802542D+03 -0.5018868D+03  0.5606152D+03  0.0000000D+00
 -0.4241047D+02 -0.1943121D+03  0.1073282D+03  0.0000000D+00
  0.2910966D+03  0.1911208D+03 -0.9738185D+01  0.0000000D+00
  0.2202377D+03 -0.7062952D+03  0.2761847D+02  0.0000000D+00
  0.1592287D+04  0.5303503D+03  0.4737890D+03  0.0000000D+00
  0.1530397D+04 -0.2212237D+02  0.7066338D+03  0.0000000D+00
  0.1614416D+04 -0.4173295D+03  0.1905593D+03  0.0000000D+00
  0.3552343D+04 -0.7494528D+03 -0.2575248D+03  0.0000000D+00
  0.1599564D+04 -0.1551884D+04 -0.5191348D+02  0.0000000D+00
  0.4780837D+03 -0.2025514D+04  0.6350660D+02  0.0000000D+00
 -0.9674575D+02 -0.2752996D+01  0.8557894D+00  0.0000000D+00
  0.3311775D+02  0.1094567D+02  0.7009834D+01  0.0000000D+00
  0.2160243D+02 -0.2204501D+02 -0.1191666D+02  0.0000000D+00
 -0.1141307D+03  0.2746961D+02  0.1783134D+02  0.0000000D+00
  0.3278212D+03 -0.7686441D+02 -0.2929302D+02  0.0000000D+00
 -0.7828926D+03  0.2007596D+03  0.3239326D+02  0.0000000D+00
 -0.4620339D+03 -0.2828550D+03 -0.3830946D+03  0.0000000D+00
 -0.9313359D+03  0.2668641D+03 -0.3291606D+03  0.0000000D+00
  0.4915808D+03 -0.1834140D+03 -0.2651841D+03  0.0000000D+00
  0.2229100D+03 -0.1860274D+03 -0.3304355D+03  0.0000000D+00
  0.8127463D+02 -0.1925662D+03 -0.3679053D+03  0.0000000D+00
  0.9971624D+02 -0.1531582D+02  0.3180247D+00  0.0000000D+00
 -0.2066877D+01  0.2593678D+02 -0.1593236D+01  0.0000000D+00
  0.3967733D+02 -0.5633350D+02  0.3815662D+01  0.0000000D+00
  0.9186347D+01  0.1053886D+03 -0.4695103D+01  0.0000000D+00
 -0.6823997D+02 -0.1911366D+03  0.9808938D+01  0.0000000D+00
 -0.4309416D+03  0.2821301D+03 -0.1368084D+02  0.0000000D+00
  0.3470263D+03 -0.8600418D+03 -0.1060306D+03  0.0000000D+00
  0.1893249D+03 -0.2661486D+03 -0.3114781D+03  0.0000000D+00
 -0.9197402D+03 -0.2584122D+03 -0.3904571D+03  0.0000000D+00
 -0.4600205D+03 -0.6141837D+03 -0.2531018D+03  0.0000000D+00
 -0.2029238D+03 -0.8222781D+03 -0.1735220D+03  0.0000000D+00
  0.1352258D+03 -0.2634362D+01 -0.1676060D+01  0.0000000D+00
 -0.2929923D+02 -0.3694261D+01  0.4752605D+01  0.0000000D+00
 -0.1112982D+02  0.8755900D+01 -0.8904465D+01  0.0000000D+00
  0.1305771D+03  0.2992769D+01  0.1397850D+02  0.0000000D+00
 -0.2720649D+03  0.4521279D+02 -0.3842442D+02  0.0000000D+00
  0.8105615D+03 -0.1478499D+03  0.1585548D+03  0.0000000D+00
 -0.4659260D+02 -0.3249296D+02  0.1513976D+03  0.0000000D+00
 -0.1832628D+03 -0.1396823D+03  0.1655824D+03  0.0000000D+00
 -0.1243835D+03 -0.9810384D+02  0.3660904D+03  0.0000000D+00
 -0.2716122D+03 -0.1855146D+03  0.4296939D+03  0.0000000D+00
 -0.3572993D+03 -0.2361826D+03  0.4691503D+03  0.0000000D+00
 -0.1952246D+03  0.5617319D+01 -0.9339685D+00  0.0000000D+00
 -0.1471008D+03  0.2039058D+02  0.4798633D+01  0.0000000D+00
  0.6178674D+01 -0.1822398D+02 -0.9816720D+01  0.0000000D+00
 -0.3170625D+02  0.1641067D+01  0.1640205D+02  0.0000000D+00
 -0.1370436D+03 -0.2698011D+02 -0.2475997D+02  0.0000000D+00
  0.9027676D+03  0.6590188D+02 -0.3875814D+01  0.0000000D+00
  0.2226159D+03 -0.4890790D+01 -0.8420069D+02  0.0000000D+00
  0.6902884D+03 -0.2813348D+03 -0.1150423D+03  0.0000000D+00
  0.1292424D+03 -0.1047744D+03  0.1860551D+03  0.0000000D+00
  0.3083984D+03 -0.7369473D+02  0.1792011D+03  0.0000000D+00
  0.4070170D+03 -0.5342162D+02  0.1785499D+03  0.0000000D+00
 -0.7039160D+02  0.6574854D+00  0.1675559D+01  0.0000000D+00
  0.3401015D+02  0.8802861D+01 -0.8689826D+01  0.0000000D+00
 -0.1014941D+03 -0.9072350D+01  0.1612241D+02  0.0000000D+00
  0.1010996D+03 -0.4575602D+01 -0.2761485D+02  0.0000000D+00
 -0.1215441D+03 -0.3169062D+02  0.6446805D+02  0.0000000D+00
  0.2849970D+03  0.8443695D+02 -0.2301185D+03  0.0000000D+00
 -0.5226984D+03  0.1850896D+03  0.3169901D+02  0.0000000D+00
  0.2669856D+03  0.2344428D+02 -0.2171505D+02  0.0000000D+00
  0.2080680D+03 -0.4954624D+00  0.1504311D+02  0.0000000D+00
 -0.1086073D+04  0.1588699D+03 -0.2161308D+02  0.0000000D+00
 -0.1844585D+04  0.2519116D+03 -0.4267504D+02  0.0000000D+00
  0.1725553D+03  0.4105746D+01  0.1225599D+01  0.0000000D+00
 -0.8445852D+01 -0.1233326D+02 -0.1180931D+01  0.0000000D+00
  0.1312824D+03  0.2592951D+02  0.3390133D+01  0.0000000D+00
 -0.2064403D+03 -0.1324736D+02 -0.8071392D+01  0.0000000D+00
  0.3415803D+03  0.4765669D+02  0.4584974D+01  0.0000000D+00
 -0.9187188D+03 -0.9857333D+02  0.5897146D+02  0.0000000D+00
  0.2353052D+03  0.2471052D+03  0.1671542D+03  0.0000000D+00
 -0.5914365D+03 -0.5577847D+02  0.3934293D+02  0.0000000D+00
 -0.4408350D+03 -0.2602044D+03 -0.1100884D+02  0.0000000D+00
  0.4226609D+03 -0.7246685D+01 -0.4504872D+02  0.0000000D+00
  0.9297860D+03  0.1387016D+03 -0.6554387D+02  0.0000000D+00
  0.7674645D+03 -0.8918542D+03  0.6685340D+03  0.0000000D+00
 -0.8341514D+03 -0.4547466D+03 -0.3289453D+03  0.0000000D+00
 -0.2447380D+03  0.2609208D+04  0.1455317D+03  0.0000000D+00
  0.4412682D+03  0.8246537D+03  0.7490254D+03  0.0000000D+00
  0.8374523D+02  0.1964656D+04 -0.2268452D+03  0.0000000D+00
 -0.6959335D+03 -0.1076926D+03  0.7927313D+03  0.0000000D+00
 -0.1818441D+04  0.2704470D+04 -0.8056108D+02  0.0000000D+00
 -0.9684693D+03  0.1306506D+03  0.5478200D+03  0.0000000D+00
 -0.2661372D+04  0.9141422D+03  0.9408680D+02  0.0000000D+00
 -0.1580118D+04  0.5793511D+03  0.1611365D+02  0.0000000D+00
 -0.9663117D+03  0.3923615D+03 -0.3467858D+02  0.0000000D+00
  0.1643174D+03  0.5272442D+03  0.4665283D+03  0.0000000D+00
 -0.9892500D+02 -0.5343509D+03  0.1738249D+02  0.0000000D+00
 -0.6750669D+03  0.2447127D+04 -0.3252616D+02  0.0000000D+00
 -0.3598903D+03  0.1418600D+04  0.6181675D+03  0.0000000D+00
 -0.1821996D+03  0.1603117D+04 -0.3918409D+03  0.0000000D+00
 -0.2231251D+04  0.1178519D+04  0.7627002D+02  0.0000000D+00
 -0.1330112D+04  0.2199537D+04 -0.3132213D+03  0.0000000D+00
 -0.1843293D+04  0.3036186D+03  0.5066516D+03  0.0000000D+00
 -0.1470117D+04  0.1413638D+03  0.3278532D+02  0.0000000D+00
  0.8928642D+03  0.1367346D+01 -0.3518044D+03  0.0000000D+00
  0.2280323D+04 -0.8235901D+02 -0.5822692D+03  0.0000000D+00
 -0.3399326D+03  0.1650606D+04  0.3144828D+02  0.0000000D+00
  0.5053883D+02  0.2152787D+03 -0.3471278D+03  0.0000000D+00
 -0.3840247D+03  0.9261658D+03  0.2584894D+03  0.0000000D+00
 -0.5963542D+03  0.2711965D+04  0.2407932D+03  0.0000000D+00
 -0.1491913D+03  0.1071041D+04  0.5239797D+03  0.0000000D+00
 -0.1450923D+04  0.6654416D+03  0.8238741D+03  0.0000000D+00
 -0.1367280D+04  0.8740675D+03  0.4440852D+03  0.0000000D+00
 -0.1706242D+04 -0.4318692D+03  0.7271687D+03  0.0000000D+00
 -0.3484993D+03 -0.7366198D+03  0.3804506D+02  0.0000000D+00
  0.3829693D+03 -0.7204003D+02  0.8048220D+02  0.0000000D+00
  0.8259005D+03  0.3135696D+03  0.9765839D+02  0.0000000D+00
  0.1977714D+02  0.1090634D+02 -0.1531270D+01  0.0000000D+00
 -0.6913280D+01 -0.2886283D+02  0.2044884D+01  0.0000000D+00
 -0.1374187D+01  0.4668059D+02 -0.6899212D+01  0.0000000D+00
 -0.4200495D+02 -0.9948605D+02  0.1215453D+02  0.0000000D+00
  0.3418433D+03  0.1282795D+03 -0.2166394D+02  0.0000000D+00
 -0.2532938D+03 -0.1575842D+03 -0.2338801D+02  0.0000000D+00
  0.8728756D+03  0.7218858D+03 -0.2850550D+03  0.0000000D+00
  0.9718547D+03 -0.1153724D+03  0.1239615D+02  0.0000000D+00
  0.6900442D+03 -0.4041319D+03  0.4414494D+02  0.0000000D+00
  0.3262887D+03 -0.3266532D+03 -0.1536502D+03  0.0000000D+00
  0.1104399D+03 -0.2845891D+03 -0.2690459D+03  0.0000000D+00
 -0.4446994D+02  0.4213015D+01 -0.1129554D+01  0.0000000D+00
  0.8780193D+02  0.1803969D+02  0.9362421D+01  0.0000000D+00
 -0.1987547D+03  0.5224022D+01 -0.1720808D+02  0.0000000D+00
  0.8638913D+01 -0.3748831D+02  0.3015467D+02  0.0000000D+00
 -0.3158976D+03  0.4733815D+02 -0.8929848D+02  0.0000000D+00
  0.2410460D+03 -0.1378657D+03  0.4344741D+03  0.0000000D+00
 -0.1466968D+04  0.3788541D+03  0.1296154D+03  0.0000000D+00
 -0.8021024D+03 -0.7934684D+02  0.1859791D+03  0.0000000D+00
 -0.3098027D+03 -0.6762332D+02  0.4382551D+02  0.0000000D+00
 -0.3569089D+03  0.1990869D+03 -0.3989303D+03  0.0000000D+00
 -0.3791657D+03  0.3553687D+03 -0.6598558D+03  0.0000000D+00
  0.3612252D+02  0.2400339D+01 -0.1117946D+00  0.0000000D+00
 -0.3957992D+02  0.1090514D+02  0.1394256D+01  0.0000000D+00
  0.1152118D+03 -0.4827663D+01 -0.4161126D+01  0.0000000D+00
 -0.6300072D+02  0.3922942D+02  0.1135111D+02  0.0000000D+00
  0.2947775D+03 -0.6358610D+01 -0.2725476D+02  0.0000000D+00
 -0.2273675D+03 -0.6967056D+02  0.9923075D+02  0.0000000D+00
  0.1251504D+04 -0.1525579D+03  0.3139658D+02  0.0000000D+00
  0.1865714D+04 -0.2839796D+02 -0.1282700D+03  0.0000000D+00
  0.1002368D+04  0.7150664D+02 -0.2345858D+03  0.0000000D+00
  0.2547479D+03 -0.2105495D+03 -0.1374683D+03  0.0000000D+00
 -0.1923914D+03 -0.3745674D+03 -0.8175531D+02  0.0000000D+00
  0.9000095D+01 -0.7838038D+01  0.1937641D+01  0.0000000D+00
  0.3526310D+02 -0.1847099D+02 -0.1168409D+02  0.0000000D+00
  0.2700486D+02  0.1313620D+02  0.2398883D+02  0.0000000D+00
  0.3367595D+03 -0.1010801D+01 -0.4387871D+02  0.0000000D+00
 -0.2922867D+03  0.4671891D+02  0.9295126D+02  0.0000000D+00
  0.6406769D+03 -0.4565695D+02 -0.3339844D+03  0.0000000D+00
 -0.5458079D+03 -0.8371429D+02  0.3575995D+02  0.0000000D+00
  0.5226002D+03  0.3928613D+02 -0.8937326D+02  0.0000000D+00
 -0.2355248D+03  0.4200884D+02 -0.5016516D+02  0.0000000D+00
 -0.9251325D+03  0.2251704D+02  0.1463927D+03  0.0000000D+00
 -0.1337089D+04  0.1111676D+02  0.2619509D+03  0.0000000D+00
 -0.7319094D+02 -0.4010515D+01  0.1013219D+01  0.0000000D+00
 -0.3751681D+02  0.1191214D+02 -0.1674811D+01  0.0000000D+00
 -0.1046773D+02 -0.1184379D+02  0.5288776D+01  0.0000000D+00
 -0.8106729D+02  0.1010356D+02 -0.7392183D+01  0.0000000D+00
  0.1537902D+03 -0.3709951D+02  0.2284992D+02  0.0000000D+00
 -0.4229243D+03  0.1163411D+03 -0.4797524D+02  0.0000000D+00
  0.4832747D+03 -0.1599316D+03  0.8186583D+02  0.0000000D+00
  0.5499403D+03 -0.2436263D+03  0.8736960D+02  0.0000000D+00
  0.5737364D+03  0.6702561D+02  0.7809727D+02  0.0000000D+00
  0.3345816D+03 -0.2154564D+01 -0.4439421D+02  0.0000000D+00
  0.1947575D+03 -0.3914884D+02 -0.1162097D+03  0.0000000D+00
 -0.2735843D+02  0.5079445D+01 -0.9192322D+00  0.0000000D+00
  0.1122270D+02 -0.1935524D+02  0.1663332D+01  0.0000000D+00
 -0.1080610D+02  0.9642239D+01 -0.1896271D+01  0.0000000D+00
 -0.1301300D+03 -0.7816904D+01  0.5167690D+01  0.0000000D+00
  0.1367886D+03 -0.1736491D+02 -0.1107102D+02  0.0000000D+00
 -0.2836278D+03  0.3163267D+02  0.3694723D+02  0.0000000D+00
  0.4266841D+03  0.1346138D+03  0.9753395D+02  0.0000000D+00
  0.4675207D+03  0.1119087D+02  0.8335738D+02  0.0000000D+00
 -0.1700438D+03 -0.1532845D+03 -0.1461877D+02  0.0000000D+00
 -0.4280290D+03 -0.4904330D+01 -0.8781608D+02  0.0000000D+00
 -0.5860827D+03  0.8015025D+02 -0.1317411D+03  0.0000000D+00
 -0.8720671D+03 -0.1360011D+03  0.7537230D+02  0.0000000D+00
  0.9844740D+03 -0.4041716D+03 -0.1185847D+02  0.0000000D+00
 -0.1694989D+03  0.9956556D+01  0.2333068D+03  0.0000000D+00
  0.4953929D+03 -0.1332638D+03  0.5197804D+02  0.0000000D+00
 -0.2008776D+04 -0.2497454D+03  0.8667760D+02  0.0000000D+00
 -0.2709669D+04  0.4296527D+02  0.2086929D+03  0.0000000D+00
 -0.3224741D+04  0.2070889D+03  0.1194327D+03  0.0000000D+00
 -0.4877778D+03  0.2866787D+03  0.8125053D+02  0.0000000D+00
 -0.3593857D+04  0.2032991D+03 -0.7090210D+02  0.0000000D+00
 -0.5413734D+04  0.1243004D+03 -0.1305124D+02  0.0000000D+00
 -0.6513483D+04  0.7726333D+02  0.1910039D+02  0.0000000D+00
  0.1167716D+03 -0.5406218D+03  0.1621121D+03  0.0000000D+00
 -0.1364734D+04 -0.1966653D+03  0.2137910D+03  0.0000000D+00
  0.2730202D+03  0.2523309D+03  0.2001996D+02  0.0000000D+00
 -0.5491623D+01  0.4761207D+02  0.5113675D+02  0.0000000D+00
 -0.1730316D+04  0.2614622D+03 -0.7639332D+02  0.0000000D+00
 -0.4128299D+04 -0.2703893D+03 -0.1884665D+03  0.0000000D+00
 -0.1846694D+04  0.3787219D+03 -0.4338075D+02  0.0000000D+00
 -0.1862664D+04  0.8048355D+01 -0.1516690D+02  0.0000000D+00
 -0.2454951D+04  0.5277216D+03  0.6104207D+02  0.0000000D+00
  0.7376432D+03  0.3840809D+03  0.1419362D+03  0.0000000D+00
  0.2600276D+04  0.3057421D+03  0.1901336D+03  0.0000000D+00
  0.2953088D+03  0.7438580D+02  0.8096789D+01  0.0000000D+00
 -0.8033421D+03  0.3007668D+03  0.1034622D+03  0.0000000D+00
  0.1155469D+03 -0.1070454D+03  0.6585410D+02  0.0000000D+00
  0.4006596D+02  0.5308294D+03 -0.5308406D+02  0.0000000D+00
  0.2416844D+03  0.1353809D+03  0.1824304D+02  0.0000000D+00
 -0.8803677D+03  0.8561008D+03 -0.1414523D+03  0.0000000D+00
 -0.6211861D+03 -0.1022472D+03  0.3409898D+03  0.0000000D+00
 -0.3669446D+03  0.1713109D+03  0.1091736D+03  0.0000000D+00
  0.9370330D+03  0.2023765D+03  0.2024520D+02  0.0000000D+00
 -0.8580217D+03 -0.1559338D+03 -0.1680296D+02  0.0000000D+00
 -0.1894162D+04 -0.3653422D+03 -0.3944584D+02  0.0000000D+00
 -0.2778485D+02  0.3694359D+01  0.7414634D+00  0.0000000D+00
  0.4873481D+02  0.1093338D+02  0.2668180D+01  0.0000000D+00
  0.1225111D+02 -0.1193804D+02 -0.4496573D+01  0.0000000D+00
 -0.4996493D+02 -0.3219236D+00  0.6775737D+01  0.0000000D+00
  0.5270015D+02 -0.1308442D+02 -0.1483754D+02  0.0000000D+00
 -0.7003318D+03  0.1225801D+03  0.3694551D+02  0.0000000D+00
 -0.1810632D+03  0.2652432D+03 -0.2444679D+03  0.0000000D+00
  0.4803151D+03  0.3841938D+03 -0.2127018D+02  0.0000000D+00
  0.1006446D+04  0.9186698D+02 -0.1233333D+03  0.0000000D+00
  0.4005367D+03 -0.2803012D+02 -0.1753456D+02  0.0000000D+00
  0.5162866D+02 -0.1014957D+03  0.4324016D+02  0.0000000D+00
 -0.1243693D+03  0.5953406D+01 -0.1162503D+01  0.0000000D+00
 -0.1353242D+03  0.3812268D+01  0.2209615D+01  0.0000000D+00
 -0.2196213D+02 -0.6118591D+01 -0.1682855D+01  0.0000000D+00
  0.1321856D+03  0.1589198D+02  0.2550968D+01  0.0000000D+00
  0.6251452D+02 -0.1150590D+02 -0.3034472D+01  0.0000000D+00
 -0.2854760D+03  0.1023224D+03 -0.2245975D+02  0.0000000D+00
 -0.6462318D+03 -0.6236044D+01 -0.3012606D+02  0.0000000D+00
 -0.8431060D+03 -0.4051305D+03 -0.5082843D+01  0.0000000D+00
 -0.1132865D+04  0.1737450D+03  0.5198821D+02  0.0000000D+00
 -0.2777724D+02  0.1823839D+03  0.3900599D+02  0.0000000D+00
  0.6162275D+03  0.1938950D+03  0.3202913D+02  0.0000000D+00
  0.4736946D+02  0.8231061D+00 -0.1010336D+01  0.0000000D+00
 -0.9836416D+02 -0.3436706D-01  0.1315852D+01  0.0000000D+00
  0.1066160D+03  0.2426756D+02 -0.1938562D+01  0.0000000D+00
  0.2359423D+02 -0.4919528D+02  0.5065877D+01  0.0000000D+00
  0.1812871D+02  0.7304946D+02 -0.1196930D+02  0.0000000D+00
  0.4922509D+03 -0.2033073D+03  0.6161175D+02  0.0000000D+00
  0.9616710D+03  0.1873486D+03  0.1002920D+03  0.0000000D+00
  0.1145229D+04 -0.2624653D+02  0.1163564D+03  0.0000000D+00
  0.1191313D+04 -0.2162694D+03  0.3639382D+02  0.0000000D+00
  0.7452556D+03 -0.1424751D+03  0.7936737D+02  0.0000000D+00
  0.4845384D+03 -0.1014637D+03  0.1036171D+03  0.0000000D+00
  0.1314445D+03 -0.9963715D+01 -0.1122108D+01  0.0000000D+00
  0.1615663D+03  0.4750142D+01  0.3192765D+00  0.0000000D+00
  0.1222734D+02  0.7808657D+01 -0.3071217D+01  0.0000000D+00
 -0.5478808D+02 -0.1279048D+02  0.6700595D+01  0.0000000D+00
 -0.2674522D+03  0.2311465D+02 -0.1729252D+02  0.0000000D+00
  0.8914998D+03 -0.1579352D+03  0.5274735D+02  0.0000000D+00
  0.2018825D+03 -0.4203191D+02 -0.1536953D+03  0.0000000D+00
  0.8595546D+02  0.7001913D+01  0.5640702D+02  0.0000000D+00
  0.5173749D+03  0.8773152D+02 -0.6126269D+02  0.0000000D+00
  0.1060800D+04  0.3945683D+02 -0.4443152D+02  0.0000000D+00
  0.1383685D+04  0.1204680D+02 -0.3587361D+02  0.0000000D+00
 -0.5062076D+01 -0.3659443D+01  0.9006634D+00  0.0000000D+00
  0.5814239D+02  0.1011201D+02 -0.5692828D+01  0.0000000D+00
 -0.1038041D+03 -0.1007674D+02  0.8961288D+01  0.0000000D+00
 -0.1357094D+03  0.1993696D+02 -0.1522785D+02  0.0000000D+00
  0.5435814D+02 -0.6019516D+00  0.3501864D+02  0.0000000D+00
 -0.2798181D+03  0.4095878D+01 -0.1167901D+03  0.0000000D+00
  0.3904262D+03 -0.2259252D+02  0.1124789D+02  0.0000000D+00
  0.3491885D+03 -0.5401690D+02  0.3047717D+02  0.0000000D+00
  0.5529034D+02 -0.2018541D+01  0.1631229D+02  0.0000000D+00
 -0.1347984D+03 -0.9971701D+02  0.2557987D+02  0.0000000D+00
 -0.2493537D+03 -0.1563522D+03  0.3082714D+02  0.0000000D+00
  0.3283998D+02  0.3721623D+01  0.1545575D+01  0.0000000D+00
 -0.1323035D+02 -0.8794790D+01 -0.3329654D+01  0.0000000D+00
 -0.6526164D+02 -0.3938726D+01  0.1917600D+01  0.0000000D+00
 -0.4936018D+02 -0.4368000D+01 -0.2421152D+01  0.0000000D+00
  0.4413256D+02  0.1427760D+02  0.4735161D+01  0.0000000D+00
 -0.6945496D+03  0.4820439D+02 -0.3025826D-01  0.0000000D+00
 -0.2568677D+03  0.1712044D+03  0.6903161D+02  0.0000000D+00
 -0.3753996D+03  0.5243495D+02  0.7867222D+02  0.0000000D+00
 -0.7053571D+03  0.9173549D+01  0.1402807D+02  0.0000000D+00
 -0.5278081D+03 -0.1240565D+01  0.1890627D+02  0.0000000D+00
 -0.4275780D+03 -0.7834671D+01  0.2103350D+02  0.0000000D+00
 -0.1246368D+04  0.2292635D+03 -0.1086820D+02  0.0000000D+00
  0.3808004D+03 -0.7728936D+02 -0.1796500D+02  0.0000000D+00
 -0.7559021D+03  0.4836963D+03 -0.7770070D+02  0.0000000D+00
 -0.7669504D+03 -0.4763570D+03 -0.1277842D+02  0.0000000D+00
 -0.8360195D+02  0.1971539D+03 -0.1223340D+03  0.0000000D+00
 -0.1294778D+04  0.4496809D+03 -0.6864722D-01  0.0000000D+00
 -0.6992969D+03  0.1401315D+03  0.2160775D+02  0.0000000D+00
 -0.1257141D+04  0.4944730D+03 -0.5434665D+02  0.0000000D+00
 -0.1257704D+04  0.7376705D+03  0.9165968D+02  0.0000000D+00
  0.9358521D+02  0.7695832D+02  0.1265395D+03  0.0000000D+00
  0.8845471D+03 -0.3069347D+03  0.1485871D+03  0.0000000D+00
 -0.7830569D+03  0.5477130D+02 -0.1346715D+03  0.0000000D+00
  0.8292974D+03 -0.9815752D+02 -0.3597945D+01  0.0000000D+00
 -0.9482658D+03  0.5195417D+03 -0.8196176D+02  0.0000000D+00
 -0.6960017D+03 -0.9809251D+03  0.1696950D+03  0.0000000D+00
 -0.1581757D+03  0.2845762D+03 -0.3357178D+03  0.0000000D+00
 -0.9065228D+03  0.3076903D+03  0.4903970D+02  0.0000000D+00
 -0.1080612D+04  0.2895137D+03  0.1531698D+02  0.0000000D+00
 -0.6422566D+03  0.1136479D+03 -0.1224215D+03  0.0000000D+00
 -0.7733459D+03  0.4120706D+03 -0.3062580D+03  0.0000000D+00
 -0.4275502D+03  0.2791105D+03 -0.2574902D+03  0.0000000D+00
 -0.2264646D+03  0.2045546D+03 -0.2309582D+03  0.0000000D+00
  0.1307297D+03  0.2218852D+03 -0.5977330D+01  0.0000000D+00
 -0.5546023D+03  0.1704084D+03 -0.1595292D+03  0.0000000D+00
  0.3990105D+03 -0.9332791D+02  0.1408690D+03  0.0000000D+00
  0.4940808D+03 -0.3183140D+03  0.4972577D+02  0.0000000D+00
 -0.4945106D+03 -0.1096333D+03  0.1837226D+03  0.0000000D+00
 -0.2003800D+03  0.3976999D+02 -0.2084932D+02  0.0000000D+00
  0.6239960D+00 -0.1281697D+03  0.6910774D+02  0.0000000D+00
 -0.5139302D+03 -0.2414551D+01  0.2653062D+01  0.0000000D+00
 -0.1292359D+03  0.2461758D+03  0.1038098D+03  0.0000000D+00
  0.1503562D+03  0.3225489D+03  0.4644632D+02  0.0000000D+00
  0.3181823D+03  0.3701343D+03  0.1403395D+02  0.0000000D+00
 -0.4631473D+02  0.1324814D+01 -0.1546980D+01  0.0000000D+00
  0.2343376D+01 -0.6814624D+01  0.3324498D+01  0.0000000D+00
 -0.8691997D+02  0.1153701D+02 -0.9872049D+01  0.0000000D+00
  0.7806524D+02 -0.2239840D+02  0.1813621D+02  0.0000000D+00
 -0.4867811D+02  0.2714645D+02 -0.3097302D+02  0.0000000D+00
  0.7378059D+02 -0.5609677D+01  0.4767432D+02  0.0000000D+00
  0.1337922D+03  0.1651310D+03 -0.1665563D+02  0.0000000D+00
  0.2810755D+03  0.7702870D+00 -0.7673052D+01  0.0000000D+00
  0.2697363D+03 -0.4824640D+02  0.1620765D+03  0.0000000D+00
  0.7637546D+01  0.1890961D+03  0.1218583D+03  0.0000000D+00
 -0.1459874D+03  0.3274094D+03  0.1002198D+03  0.0000000D+00
 -0.1030970D+03  0.7172966D+01  0.1135004D+01  0.0000000D+00
  0.2203958D+02 -0.2615872D+02 -0.2372846D+01  0.0000000D+00
 -0.1204458D+02  0.2191071D+02  0.5118841D+01  0.0000000D+00
 -0.6908971D+02 -0.1525464D+02 -0.1119383D+02  0.0000000D+00
 -0.1206127D+03  0.3586856D+02  0.1921822D+02  0.0000000D+00
 -0.2399720D+03 -0.1616276D+03 -0.3635402D+02  0.0000000D+00
 -0.7172780D+03  0.2946195D+03  0.1458894D+02  0.0000000D+00
 -0.9070676D+03  0.2318730D+03 -0.8381818D+02  0.0000000D+00
 -0.8287610D+03  0.2694579D+03 -0.1323127D+03  0.0000000D+00
  0.4732977D+01  0.2022783D+02 -0.7946644D+02  0.0000000D+00
  0.4937019D+03 -0.1253418D+03 -0.4904548D+02  0.0000000D+00
  0.1112898D+02  0.8762596D+01  0.9040958D+00  0.0000000D+00
  0.9928946D+02 -0.1248329D+02 -0.2082526D+01  0.0000000D+00
 -0.4847808D+02  0.1840087D+02  0.3705385D+01  0.0000000D+00
  0.2991968D+02 -0.1333156D+02 -0.2321363D+01  0.0000000D+00
 -0.6983090D+01  0.3482515D+02  0.5252523D+01  0.0000000D+00
 -0.1767582D+03 -0.9240572D+02 -0.2179929D+02  0.0000000D+00
  0.1871011D+03  0.4122774D+02 -0.3629241D+02  0.0000000D+00
  0.1127295D+03  0.7749975D+02 -0.8294657D+02  0.0000000D+00
  0.2314081D+03 -0.7495142D+02 -0.7879491D+02  0.0000000D+00
  0.4697360D+03  0.6629727D+02 -0.4352078D+02  0.0000000D+00
  0.6105269D+03  0.1472977D+03 -0.2285056D+02  0.0000000D+00
  0.1472443D+03 -0.6303161D+01 -0.1100054D+01  0.0000000D+00
 -0.4512739D+02  0.5704690D+01  0.1013646D+02  0.0000000D+00
  0.1002013D+03  0.1108121D+01 -0.1480079D+02  0.0000000D+00
 -0.5891098D+02 -0.1980196D+02  0.2490793D+02  0.0000000D+00
  0.4953354D+02  0.2856983D+02 -0.4404178D+02  0.0000000D+00
  0.2264800D+03 -0.6712538D+01  0.8531590D+02  0.0000000D+00
  0.1073489D+03  0.1156796D+03 -0.1369751D+03  0.0000000D+00
 -0.4148065D+03  0.8055461D+02 -0.9065980D+02  0.0000000D+00
 -0.6145470D+03  0.5436569D+02 -0.2659570D+02  0.0000000D+00
  0.1473664D+03  0.9444832D+02  0.4864434D+01  0.0000000D+00
  0.5912124D+03  0.1175887D+03  0.2403883D+02  0.0000000D+00
  0.1001078D+02 -0.9860204D+01  0.5868820D+00  0.0000000D+00
 -0.6988418D+02  0.8813084D+01 -0.1149945D+01  0.0000000D+00
  0.1001368D+03 -0.3036672D+02  0.3212535D+01  0.0000000D+00
 -0.9283166D+02  0.4030586D+02 -0.5863748D+01  0.0000000D+00
  0.1130157D+03 -0.5163120D+02  0.9053199D+01  0.0000000D+00
 -0.1526363D+03  0.1066851D+03 -0.3553919D+01  0.0000000D+00
  0.4720132D+02 -0.2126240D+03  0.9488222D+02  0.0000000D+00
  0.3177888D+02  0.3177464D+02  0.9614333D+02  0.0000000D+00
  0.1088668D+03 -0.4453863D+01  0.5529529D+02  0.0000000D+00
  0.6228579D+02 -0.1275454D+03 -0.2088376D+02  0.0000000D+00
  0.3570445D+02 -0.1999843D+03 -0.6592871D+02  0.0000000D+00
 -0.8413409D+01  0.4930317D+01 -0.8462193D+00  0.0000000D+00
 -0.3827171D+02  0.9236665D+01 -0.3325313D+00  0.0000000D+00
  0.1746462D+02  0.1540355D+02 -0.1511192D+01  0.0000000D+00
  0.1672363D+01 -0.1279992D+02  0.6851023D+01  0.0000000D+00
  0.3691868D+02  0.2182068D+02 -0.1355146D+02  0.0000000D+00
 -0.1464843D+03 -0.4677907D+02  0.2089994D+02  0.0000000D+00
  0.1663113D+03  0.2090130D+02 -0.1056382D+03  0.0000000D+00
 -0.2101379D+03  0.1268231D+03 -0.4074428D+02  0.0000000D+00
  0.2234196D+02  0.5004105D+02  0.1713771D+02  0.0000000D+00
  0.1817097D+03  0.5561829D+02 -0.2321317D+02  0.0000000D+00
  0.2774878D+03  0.5795498D+02 -0.4618868D+02  0.0000000D+00
  0.9494866D+02 -0.2921423D+03 -0.4460064D+02  0.0000000D+00
  0.1934491D+03 -0.2305550D+03 -0.8719810D+02  0.0000000D+00
 -0.8729736D+03 -0.5002966D+03  0.8267409D+02  0.0000000D+00
  0.1578820D+03 -0.1117032D+03  0.1304772D+03  0.0000000D+00
 -0.2053875D+04 -0.4631148D+03  0.8919765D+01  0.0000000D+00
 -0.1815689D+04 -0.1382895D+03  0.3066358D+03  0.0000000D+00
 -0.2185452D+04 -0.3166094D+03 -0.6409122D+02  0.0000000D+00
 -0.6809533D+03 -0.3008311D+02  0.2227108D+03  0.0000000D+00
 -0.9997217D+03  0.2485691D+03 -0.1055025D+02  0.0000000D+00
 -0.2532313D+04  0.1948438D+03 -0.1596377D+03  0.0000000D+00
 -0.3433260D+04  0.1664997D+03 -0.2495286D+03  0.0000000D+00
  0.4086880D+03 -0.4828604D+03  0.1286424D+02  0.0000000D+00
 -0.1256437D+04 -0.3946950D+03  0.2334438D+01  0.0000000D+00
 -0.4028045D+03 -0.2061914D+03  0.3267570D+02  0.0000000D+00
 -0.1095550D+03  0.2695472D+01  0.2635293D+03  0.0000000D+00
 -0.1854187D+04 -0.2694832D+02  0.1211222D+02  0.0000000D+00
 -0.2142437D+04  0.1625666D+03 -0.2840367D+02  0.0000000D+00
 -0.1799375D+04 -0.8487589D+02  0.2697024D+02  0.0000000D+00
 -0.1329762D+04  0.2778223D+03  0.1612083D+03  0.0000000D+00
 -0.1417263D+04  0.1654204D+03  0.1260478D+03  0.0000000D+00
 -0.6397483D+03  0.8874658D+02  0.7477766D+02  0.0000000D+00
 -0.1854627D+03  0.4249117D+02  0.4438345D+02  0.0000000D+00
 -0.2321615D+02 -0.2282959D+03  0.1687699D+03  0.0000000D+00
 -0.3883001D+03  0.6945181D+02 -0.1221891D+03  0.0000000D+00
  0.5117005D+03 -0.1961799D+03  0.2443769D+03  0.0000000D+00
  0.3550007D+03 -0.7555010D+01  0.8019081D+02  0.0000000D+00
  0.6503506D+03 -0.5356767D+03  0.1811090D+02  0.0000000D+00
 -0.2895554D+03  0.9894909D+02  0.6233393D+02  0.0000000D+00
 -0.1933074D+03 -0.1175818D+03 -0.2243765D+02  0.0000000D+00
  0.1762768D+03  0.5051518D+02  0.1650107D+03  0.0000000D+00
  0.1511226D+03 -0.1120959D+03 -0.2816789D+02  0.0000000D+00
 -0.8143635D+03 -0.4683618D+02 -0.8936605D+02  0.0000000D+00
 -0.1379749D+04 -0.1019941D+02 -0.1273477D+03  0.0000000D+00
  0.3459392D+02  0.1851282D+01 -0.5472818D+00  0.0000000D+00
 -0.8906733D+02 -0.1590055D+01  0.8481556D+01  0.0000000D+00
  0.9701479D+02  0.3851109D+01 -0.1247693D+02  0.0000000D+00
 -0.1839740D+03  0.1920879D+02  0.2001969D+02  0.0000000D+00
  0.2478826D+03 -0.4471426D+02 -0.3302551D+02  0.0000000D+00
 -0.3425547D+03  0.2287909D+03  0.3126586D+02  0.0000000D+00
 -0.2890734D+02 -0.2072640D+03 -0.7133200D+02  0.0000000D+00
 -0.1707731D+03  0.3123906D+03  0.5577272D+02  0.0000000D+00
  0.2227084D+03  0.1338832D+03  0.8150474D+02  0.0000000D+00
  0.4191401D+03  0.8177422D+02 -0.3564655D+02  0.0000000D+00
  0.5384699D+03  0.4925849D+02 -0.1039235D+03  0.0000000D+00
  0.3734961D+02 -0.7762612D+00 -0.9894755D-01  0.0000000D+00
  0.3643305D+02 -0.9036691D+01  0.7991432D-01  0.0000000D+00
 -0.4501937D+02  0.1659890D+02  0.9657891D+00  0.0000000D+00
  0.7179409D+02 -0.3765194D+02 -0.4051306D+01  0.0000000D+00
 -0.6081193D+02  0.1908814D+02  0.2881621D+01  0.0000000D+00
 -0.2941530D+03  0.3146257D+02  0.4305486D+02  0.0000000D+00
 -0.5541106D+03  0.8379039D+02 -0.5238715D+02  0.0000000D+00
 -0.4065501D+03 -0.1224173D+03  0.3747923D+02  0.0000000D+00
 -0.4106259D+03 -0.7109708D+02  0.8926100D+02  0.0000000D+00
 -0.1909391D+03 -0.1252391D+02  0.7426099D+02  0.0000000D+00
 -0.6215648D+02  0.2236123D+02  0.6604610D+02  0.0000000D+00
 -0.3385225D+02  0.2073084D+01  0.5243438D+00  0.0000000D+00
 -0.2429569D+01 -0.1726558D+02 -0.4970726D+01  0.0000000D+00
 -0.3955592D+02  0.4441522D+01  0.9079996D+01  0.0000000D+00
  0.7370503D+02 -0.8513607D+01 -0.1035758D+02  0.0000000D+00
 -0.1314975D+03  0.2523990D+02  0.1573050D+02  0.0000000D+00
  0.1166970D+03 -0.1777060D+03  0.5921328D+01  0.0000000D+00
  0.5337652D+03 -0.1567065D+02  0.8543404D+02  0.0000000D+00
  0.5428474D+03 -0.9644578D+02  0.7593457D+02  0.0000000D+00
  0.3738515D+03 -0.1136586D+03 -0.6664697D+01  0.0000000D+00
  0.8868142D+02 -0.6439564D+01 -0.2727760D+00  0.0000000D+00
 -0.8016990D+02  0.5611585D+02  0.2548236D+01  0.0000000D+00
 -0.4774557D+02  0.4210145D+00 -0.1309001D+01  0.0000000D+00
  0.2998847D+02 -0.7873535D+01  0.3619125D+01  0.0000000D+00
 -0.7131339D+02  0.1653552D+02 -0.8054568D+01  0.0000000D+00
  0.1374667D+03 -0.3295191D+02  0.1477595D+02  0.0000000D+00
 -0.2626329D+03  0.7762892D+02 -0.2353382D+02  0.0000000D+00
  0.7193477D+03 -0.2129919D+03  0.6570042D+01  0.0000000D+00
  0.7471029D+02  0.1939343D+03 -0.1198107D+03  0.0000000D+00
  0.3041036D+03  0.1109707D+03  0.8794831D+01  0.0000000D+00
  0.9227498D+02  0.1504780D+02  0.2616928D+02  0.0000000D+00
  0.1897277D+03 -0.9560852D+02  0.1101715D+02  0.0000000D+00
  0.2444779D+03 -0.1614952D+03  0.2350318D+01  0.0000000D+00
  0.2012599D+02 -0.6961639D+01  0.9381042D+00  0.0000000D+00
  0.3823489D+02  0.1817468D+02 -0.3061727D+01  0.0000000D+00
 -0.2338028D+01 -0.1892262D+02  0.4089297D+01  0.0000000D+00
 -0.2432796D+02 -0.8163428D+01 -0.6306047D+01  0.0000000D+00
 -0.1139716D+02  0.1636356D+01  0.1457536D+02  0.0000000D+00
 -0.2816144D+01  0.5634474D+02 -0.3926083D+02  0.0000000D+00
 -0.2878111D+02 -0.1051274D+03  0.1116907D+01  0.0000000D+00
 -0.7642071D+02 -0.1152787D+03  0.1705128D+02  0.0000000D+00
 -0.5640054D+02  0.1503116D+02  0.3262170D+02  0.0000000D+00
  0.3341481D+02 -0.9582160D+02  0.1114643D+02  0.0000000D+00
  0.8602438D+02 -0.1592595D+03 -0.1247630D+01  0.0000000D+00
  0.2447668D+02  0.1265092D+01  0.1191317D+01  0.0000000D+00
 -0.1060331D+02  0.2270767D+01 -0.3002723D+01  0.0000000D+00
  0.4893135D+02 -0.2428077D+02  0.2990194D+01  0.0000000D+00
 -0.5825425D+02  0.3232134D+02 -0.6614316D+00  0.0000000D+00
  0.2441888D+03 -0.2848754D+02 -0.5184163D+00  0.0000000D+00
 -0.5665383D+03  0.4682920D+02  0.1678825D+02  0.0000000D+00
 -0.5337917D+02  0.1074549D+01  0.3426970D+02  0.0000000D+00
 -0.2094376D+03  0.7456067D+02  0.5841696D+02  0.0000000D+00
 -0.3343111D+03  0.1339007D+03  0.4342305D+02  0.0000000D+00
 -0.2368083D+03 -0.1829167D+02 -0.5239366D+02  0.0000000D+00
 -0.1812233D+03 -0.1067714D+03 -0.1086666D+03  0.0000000D+00
 -0.3761520D+03  0.1508726D+03  0.4553612D+02  0.0000000D+00
 -0.2650641D+03  0.1067845D+03 -0.2310805D+03  0.0000000D+00
 -0.1456770D+03  0.1250116D+03  0.6069544D+02  0.0000000D+00
  0.1423527D+03  0.2437014D+03  0.7072552D+02  0.0000000D+00
  0.2136816D+03  0.2997551D+03 -0.6586754D+01  0.0000000D+00
  0.5276450D+03 -0.9078264D+02  0.7093758D+02  0.0000000D+00
  0.6422292D+03  0.2891761D+03  0.2639653D+01  0.0000000D+00
  0.2208973D+03 -0.1932535D+03 -0.4961419D+01  0.0000000D+00
  0.1165796D+04  0.1179988D+03  0.2700406D+02  0.0000000D+00
  0.8345399D+03  0.2246038D+03  0.2943497D+02  0.0000000D+00
  0.6510135D+03  0.2904001D+03  0.3121333D+02  0.0000000D+00
 -0.7035622D+02  0.2704349D+03 -0.4278463D+02  0.0000000D+00
  0.1231258D+03  0.1202846D+03 -0.1800904D+03  0.0000000D+00
 -0.2206408D+03 -0.1627574D+03  0.3947181D+01  0.0000000D+00
  0.1038654D+03  0.2726363D+03 -0.6730905D+01  0.0000000D+00
  0.2077029D+03 -0.2993693D+02 -0.1652250D+03  0.0000000D+00
  0.5439122D+03 -0.3149021D+03 -0.1973996D+03  0.0000000D+00
  0.2778147D+03  0.5010484D+03 -0.1697551D+03  0.0000000D+00
  0.4315592D+03 -0.2629225D+03 -0.4066062D+02  0.0000000D+00
  0.4104463D+03 -0.2169185D+03 -0.1600286D+03  0.0000000D+00
 -0.3436299D+03 -0.1662626D+03 -0.1050973D+03  0.0000000D+00
 -0.7850812D+03 -0.1361920D+03 -0.7428254D+02  0.0000000D+00
  0.3548837D+03  0.4023075D+03  0.5842885D+02  0.0000000D+00
 -0.1106040D+03 -0.2989234D+03 -0.1530402D+03  0.0000000D+00
  0.3135498D+03  0.3562312D+03  0.2160120D+03  0.0000000D+00
  0.1610773D+02  0.7354168D+03  0.1362989D+03  0.0000000D+00
  0.5627746D+02  0.1488807D+03  0.1621689D+03  0.0000000D+00
  0.1355668D+03 -0.2791051D+03  0.2186896D+03  0.0000000D+00
  0.4992101D+02  0.5076372D+03  0.2954245D+03  0.0000000D+00
  0.9158499D+03  0.2722033D+02  0.1464311D+03  0.0000000D+00
 -0.7903869D+03 -0.3344493D+03  0.1772335D+03  0.0000000D+00
 -0.1638958D+04 -0.9261517D+02  0.1713977D+03  0.0000000D+00
 -0.2154669D+04  0.4495689D+02  0.1682925D+03  0.0000000D+00
  0.1769859D+02 -0.6732773D+01 -0.1364195D+01  0.0000000D+00
 -0.3665784D+02  0.1282921D+02 -0.2567914D+01  0.0000000D+00
  0.5618368D+02 -0.5324348D+01  0.1201615D+01  0.0000000D+00
 -0.2539433D+02 -0.1113123D+02 -0.1187163D+01  0.0000000D+00
 -0.2893668D+01  0.2231362D+02  0.9947833D+00  0.0000000D+00
  0.2156198D+03 -0.9598800D+02 -0.7786552D+01  0.0000000D+00
 -0.8903620D+02  0.1836377D+03 -0.8182039D+02  0.0000000D+00
 -0.2422183D+03 -0.1055615D+03 -0.4590117D+02  0.0000000D+00
  0.5588798D+02 -0.1290833D+02  0.3227116D+02  0.0000000D+00
  0.1266077D+02 -0.2641305D+02  0.1199447D+02  0.0000000D+00
 -0.9452546D+01 -0.3330197D+02  0.1008273D+01  0.0000000D+00
  0.8873299D+01 -0.4119941D+01  0.1062031D+01  0.0000000D+00
  0.3753116D+02 -0.8949890D+01 -0.2066388D+01  0.0000000D+00
  0.1255337D+02  0.4745741D+01  0.3806647D+01  0.0000000D+00
  0.2331486D+02 -0.1102609D+02 -0.7926233D+01  0.0000000D+00
  0.5761330D+01  0.3650586D+02  0.1345023D+02  0.0000000D+00
  0.1002338D+03 -0.1538148D+03  0.1705069D+01  0.0000000D+00
 -0.3482358D+03 -0.2834437D+02 -0.1189069D+02  0.0000000D+00
  0.6506517D+03  0.1531921D+03  0.2536293D+01  0.0000000D+00
 -0.3576901D+03 -0.1318508D+03 -0.1422198D+03  0.0000000D+00
 -0.7950573D+03 -0.8084561D+02 -0.1392397D+03  0.0000000D+00
 -0.1062029D+04 -0.5420522D+02 -0.1391398D+03  0.0000000D+00
 -0.2380012D+02  0.1372714D+01 -0.9391344D+00  0.0000000D+00
 -0.5142387D+01 -0.3460604D+01  0.5798519D+01  0.0000000D+00
 -0.6177556D+01  0.5407798D+01 -0.7754089D+01  0.0000000D+00
 -0.1011748D+02  0.1012994D+01  0.1152636D+02  0.0000000D+00
  0.1049789D+03 -0.4851415D+01 -0.2184603D+02  0.0000000D+00
 -0.4028980D+02  0.6579210D+02  0.3311493D+02  0.0000000D+00
 -0.1842829D+03  0.1028717D+03  0.8794824D+01  0.0000000D+00
 -0.1734531D+03  0.2484570D+02 -0.1274707D+03  0.0000000D+00
 -0.2844055D+02 -0.1249517D+02 -0.2555229D+02  0.0000000D+00
  0.2077139D+03 -0.3706215D+02  0.5469507D+02  0.0000000D+00
  0.3475232D+03 -0.5187126D+02  0.1028095D+03  0.0000000D+00
  0.1289888D+02  0.1395952D+00 -0.3959874D+00  0.0000000D+00
 -0.2614001D+02  0.1199784D+01  0.1515332D+01  0.0000000D+00
 -0.7635631D+02  0.1005361D+02  0.1418460D+01  0.0000000D+00
  0.2795248D+02 -0.6050024D+01 -0.3760336D+01  0.0000000D+00
 -0.1397988D+03 -0.7114301D+01  0.7501220D+01  0.0000000D+00
  0.1360932D+03  0.1453007D+03 -0.2530693D+02  0.0000000D+00
 -0.3681876D+03 -0.1447678D+03  0.8152804D+02  0.0000000D+00
  0.3579316D+02  0.1367052D+03  0.2157833D+02  0.0000000D+00
 -0.2907687D+03 -0.4100122D+02  0.9475991D+02  0.0000000D+00
 -0.3336914D+03 -0.1148702D+03  0.9386470D+02  0.0000000D+00
 -0.3624288D+03 -0.1601006D+03  0.9413347D+02  0.0000000D+00
  0.2598052D+02  0.5672882D+01  0.8881902D+00  0.0000000D+00
 -0.1969243D+02 -0.2966589D+01 -0.1561501D+01  0.0000000D+00
  0.2979525D+02  0.3448147D+01  0.5518362D+01  0.0000000D+00
 -0.3845924D+02 -0.8541489D+01 -0.8820842D+01  0.0000000D+00
  0.4770219D+02  0.2370393D+02  0.1530156D+02  0.0000000D+00
 -0.2144619D+02 -0.1114959D+03 -0.2989655D+02  0.0000000D+00
 -0.2660104D+02  0.1965556D+02  0.1434613D+02  0.0000000D+00
 -0.5318014D+02 -0.4396698D+02 -0.2103893D+02  0.0000000D+00
 -0.7664662D+02  0.3548836D+02  0.3175863D+01  0.0000000D+00
  0.9131778D+02 -0.1371960D+02  0.5889017D+01  0.0000000D+00
  0.1892240D+03 -0.4162509D+02  0.7766316D+01  0.0000000D+00
 -0.3415949D+02  0.3210836D+01 -0.1153695D+01  0.0000000D+00
  0.3077800D+02 -0.1257006D+01 -0.2813053D+01  0.0000000D+00
  0.2644256D+02  0.2598145D+01  0.3144215D+01  0.0000000D+00
  0.2723392D+02 -0.1555480D+02 -0.3604282D+01  0.0000000D+00
 -0.1175102D+03  0.3215537D+02  0.3507768D+01  0.0000000D+00
  0.1291550D+03 -0.7791060D+02  0.6330260D+01  0.0000000D+00
 -0.7828929D+01  0.1500604D+03 -0.8937773D+01  0.0000000D+00
  0.6430443D+02  0.9701362D+02 -0.6045302D+02  0.0000000D+00
  0.3522118D+03 -0.3530973D+02 -0.2638095D+02  0.0000000D+00
  0.1082649D+03  0.3021021D+02  0.4811044D+02  0.0000000D+00
 -0.3150341D+02  0.6705530D+02  0.9209647D+02  0.0000000D+00
