  3  2   693 10944  4  4  9 11  7  1    0.00   24.00  100.00  600.00    0.00    6.28   45.00   45.00
  100.0  100.0  100.0  100.0  125.0  150.0  190.0  230.0  275.0  350.0  450.0  600.0  600.0  600.0  600.0
  0.1861421D+03 -0.4609670D+02 -0.3188013D+01  0.0000000D+00
  0.2824048D+03 -0.4855952D+00 -0.6927082D+00  0.0000000D+00
  0.4160343D+03  0.6566044D+01  0.1337354D+02  0.0000000D+00
  0.7251852D+03  0.6125828D+02 -0.4884622D+01  0.0000000D+00
  0.1014481D+04  0.9701564D+02 -0.5255679D+02  0.0000000D+00
  0.1250059D+04  0.6242650D+02 -0.3998131D+01  0.0000000D+00
  0.1498301D+04 -0.1705418D+02 -0.6267717D+00  0.0000000D+00
  0.1659486D+04  0.7731810D+02  0.2821165D+01  0.0000000D+00
  0.1827056D+04  0.3004064D+02 -0.1748071D+02  0.0000000D+00
  0.1888863D+04 -0.4758430D+02 -0.2978778D+02  0.0000000D+00
  0.1926922D+04 -0.9355129D+02 -0.3721918D+02  0.0000000D+00
 -0.2119600D+02 -0.8957078D+02 -0.1518788D+02  0.0000000D+00
  0.4369316D+02 -0.1933548D+02 -0.7680352D+00  0.0000000D+00
  0.4159978D+02 -0.4656337D+01  0.3425963D+01  0.0000000D+00
 -0.2525393D+03 -0.3953887D+02 -0.1315522D+02  0.0000000D+00
 -0.5130234D+03 -0.2013302D+03  0.1134889D+01  0.0000000D+00
 -0.5419579D+03  0.2532782D+02  0.2586671D+02  0.0000000D+00
 -0.4658570D+03  0.1560431D+03  0.1441535D+02  0.0000000D+00
 -0.5726892D+03  0.2322078D+03  0.8338667D+01  0.0000000D+00
 -0.6025119D+03  0.1042805D+03  0.3545607D+01  0.0000000D+00
 -0.5973225D+03 -0.6271109D+02  0.7444364D+01  0.0000000D+00
 -0.5946234D+03 -0.1618916D+03  0.9673984D+01  0.0000000D+00
 -0.2598873D+02  0.1944945D+02 -0.1840020D+00  0.0000000D+00
  0.3332578D+02 -0.1001795D+02 -0.3312977D+01  0.0000000D+00
 -0.1421423D+02 -0.1350469D+01  0.3783567D+01  0.0000000D+00
 -0.4455785D+01  0.3252160D+02 -0.4323160D+01  0.0000000D+00
  0.1430810D+02 -0.6663431D+02 -0.9060301D+01  0.0000000D+00
 -0.3020643D+02 -0.2398558D+02  0.9668786D+01  0.0000000D+00
  0.2227729D+03  0.9171762D+02  0.2653062D+02  0.0000000D+00
  0.2870368D+03  0.1495937D+03  0.5880977D+02  0.0000000D+00
  0.1385888D+03  0.3593644D+02  0.4440525D+02  0.0000000D+00
  0.2757415D+02 -0.3742259D+02  0.3838888D+02  0.0000000D+00
 -0.3907563D+02 -0.8164303D+02  0.3470678D+02  0.0000000D+00
  0.2982418D+01 -0.4734973D+00 -0.1419601D+00  0.0000000D+00
  0.1869612D+01  0.1540068D+01  0.5271827D+00  0.0000000D+00
 -0.5773559D+01 -0.2913799D+01 -0.9341997D+00  0.0000000D+00
  0.6899096D+01  0.4576468D+01  0.1553668D+01  0.0000000D+00
 -0.4157189D+01 -0.8376757D+01 -0.3233383D+01  0.0000000D+00
 -0.7122969D+01  0.1123970D+02  0.4397822D+01  0.0000000D+00
 -0.9206206D+02 -0.7090909D+02 -0.2230005D+02  0.0000000D+00
 -0.1442617D+03 -0.3573121D+02 -0.1090221D+02  0.0000000D+00
 -0.1290743D+03  0.1331903D+02 -0.2795693D+01  0.0000000D+00
 -0.7251859D+02  0.2633126D+02  0.5504039D+00  0.0000000D+00
 -0.3922890D+02  0.3449257D+02  0.2599972D+01  0.0000000D+00
  0.8260877D+00  0.5238588D+00  0.6048830D-01  0.0000000D+00
 -0.1795919D+01  0.6025084D+00  0.1809033D+00  0.0000000D+00
  0.5054565D+01 -0.9196651D+00 -0.3899920D+00  0.0000000D+00
  0.3766429D+01  0.2061099D+01  0.7128857D+00  0.0000000D+00
  0.5743669D+01 -0.2219455D+01 -0.1610043D+01  0.0000000D+00
  0.1109216D+01  0.1632783D+02  0.1760292D+01  0.0000000D+00
 -0.3795832D+02 -0.1175502D+02 -0.8954905D+01  0.0000000D+00
 -0.1808672D+03 -0.9566881D+02 -0.1663654D+02  0.0000000D+00
 -0.1490859D+03 -0.6653697D+02 -0.2704287D+02  0.0000000D+00
 -0.6125102D+02 -0.3456905D+02 -0.1714862D+02  0.0000000D+00
 -0.9475443D+01 -0.1552617D+02 -0.1147067D+02  0.0000000D+00
  0.4116971D+00 -0.6381983D+00 -0.1708575D+00  0.0000000D+00
 -0.3729914D+00  0.6507028D+00  0.3012507D+00  0.0000000D+00
  0.9264724D+01 -0.1512395D+01 -0.5653474D+00  0.0000000D+00
 -0.1433034D+02  0.2206717D+01  0.9388758D+00  0.0000000D+00
 -0.1464029D+01 -0.6414952D+01 -0.2044813D+01  0.0000000D+00
  0.2990118D+02  0.9971862D+01  0.4820263D+01  0.0000000D+00
  0.8660562D+02 -0.3229492D+01 -0.8400786D+01  0.0000000D+00
  0.1826786D+03  0.3376627D+02 -0.5748297D+01  0.0000000D+00
  0.1400382D+03  0.5552039D+01 -0.1950577D+01  0.0000000D+00
  0.5410098D+02  0.1491302D+01  0.1260802D+01  0.0000000D+00
  0.3315510D+01 -0.1204436D+01  0.3182164D+01  0.0000000D+00
 -0.9190293D+00 -0.6580422D+00 -0.7057040D-01  0.0000000D+00
  0.8296167D+01  0.6505905D+00  0.2336757D-01  0.0000000D+00
 -0.1370935D+02 -0.1380403D+01 -0.1967366D-01  0.0000000D+00
  0.2140680D+01  0.1860067D+01  0.9182184D-01  0.0000000D+00
 -0.2105392D+02 -0.5502956D+01 -0.1203301D+01  0.0000000D+00
  0.2037634D+02  0.5592365D+00  0.2748858D+01  0.0000000D+00
 -0.8627021D+02 -0.3407621D+02  0.1332824D+01  0.0000000D+00
 -0.5945029D+02 -0.1710140D+02  0.2578343D+01  0.0000000D+00
 -0.1081078D+02 -0.6216969D+01  0.6426873D+01  0.0000000D+00
  0.3564102D+01 -0.3667178D+01  0.3474413D+01  0.0000000D+00
  0.1252172D+02 -0.2052869D+01  0.1788934D+01  0.0000000D+00
  0.8818857D+00 -0.1241338D+00 -0.2449033D-01  0.0000000D+00
 -0.1704516D+01 -0.5872336D+00  0.8589066D-01  0.0000000D+00
 -0.3974476D+01  0.1050728D+01 -0.1342984D+00  0.0000000D+00
  0.4380188D+01 -0.1568816D+01  0.2261534D+00  0.0000000D+00
  0.9460413D+01  0.2721908D+01 -0.3014173D+00  0.0000000D+00
 -0.4357904D+02 -0.3823636D+01  0.9447801D+00  0.0000000D+00
  0.1059178D+02  0.1003957D+02 -0.2336046D+00  0.0000000D+00
  0.3378137D+02  0.1513344D+02 -0.2117269D+01  0.0000000D+00
  0.1574613D+02  0.8771910D+01  0.1352148D+01  0.0000000D+00
  0.5801227D+01 -0.1831394D+01  0.1991854D+01  0.0000000D+00
 -0.2231001D+00 -0.8107032D+01  0.2404807D+01  0.0000000D+00
  0.1634240D+01 -0.1541535D+00 -0.4246627D-01  0.0000000D+00
 -0.5404491D+01 -0.1684117D-01 -0.6185505D-01  0.0000000D+00
  0.7748338D+01 -0.7429216D-01  0.1165641D+00  0.0000000D+00
  0.8925163D+00  0.2292428D+00 -0.1906038D+00  0.0000000D+00
  0.3590193D+01 -0.8638500D-02 -0.1821539D-01  0.0000000D+00
 -0.7221777D+01  0.2779217D+01 -0.9532659D+00  0.0000000D+00
  0.9990220D+01  0.4603419D+01 -0.2485232D+01  0.0000000D+00
  0.4029869D+02  0.2412032D+02 -0.4636902D+01  0.0000000D+00
  0.2767844D+02  0.6918873D+01 -0.3079000D+01  0.0000000D+00
  0.8037388D+01  0.2301701D+01 -0.5409213D+00  0.0000000D+00
 -0.3601234D+01 -0.5951632D+00  0.9619168D+00  0.0000000D+00
 -0.6333977D+01  0.1656326D+02  0.2090988D+02  0.0000000D+00
 -0.3299669D+02 -0.1514943D+02 -0.1286015D+02  0.0000000D+00
  0.4356290D+02  0.8162144D+01  0.1222112D+02  0.0000000D+00
 -0.1144520D+03 -0.2377378D+02 -0.1628701D+02  0.0000000D+00
 -0.1917281D+03 -0.3822978D+02 -0.3497530D+02  0.0000000D+00
 -0.1033962D+03 -0.7994427D+02  0.2276189D+02  0.0000000D+00
 -0.2468174D+03 -0.1732554D+03 -0.3815441D+02  0.0000000D+00
 -0.1167077D+03 -0.1050387D+03 -0.3575180D+02  0.0000000D+00
 -0.1106679D+03 -0.9060916D+02 -0.1738116D+02  0.0000000D+00
 -0.8243576D+02  0.3491336D+02  0.7701261D+01  0.0000000D+00
 -0.6584255D+02  0.1085492D+03  0.2258791D+02  0.0000000D+00
 -0.2013849D+01  0.8979440D+01  0.1982774D+02  0.0000000D+00
 -0.2039528D+02 -0.1847702D+02 -0.1011861D+02  0.0000000D+00
  0.1300844D+02 -0.8360897D+01  0.4893700D+01  0.0000000D+00
  0.7315513D+02  0.3964147D+02 -0.6457031D+01  0.0000000D+00
 -0.1772417D+03 -0.5740864D+02 -0.5336989D+02  0.0000000D+00
  0.2123896D+03  0.2508558D+02  0.2361278D+02  0.0000000D+00
  0.1908863D+03  0.8017371D+02 -0.6071191D+01  0.0000000D+00
  0.2466429D+03  0.8856214D+02  0.1820367D+01  0.0000000D+00
  0.2059433D+03  0.5834915D+02  0.2248064D+01  0.0000000D+00
  0.2204182D+03  0.8532258D+02 -0.9970982D+01  0.0000000D+00
  0.2284371D+03  0.1007736D+03 -0.1711864D+02  0.0000000D+00
  0.9779327D+01  0.1150412D+02  0.1117879D+02  0.0000000D+00
 -0.2851813D+02 -0.3155806D+02 -0.7428840D+01  0.0000000D+00
  0.2412156D+02  0.2326852D+02  0.1161865D+02  0.0000000D+00
 -0.1696827D+02 -0.5467382D+01 -0.1555018D+02  0.0000000D+00
 -0.8958402D+02 -0.1115212D+02 -0.1613908D+01  0.0000000D+00
  0.1057108D+03 -0.3164122D+02  0.3208621D+02  0.0000000D+00
  0.5624768D+01 -0.6209590D+00  0.2128441D+02  0.0000000D+00
 -0.6433378D+02  0.4038635D+02 -0.7282450D+01  0.0000000D+00
 -0.9712017D+02  0.3236815D+01 -0.3968546D+01  0.0000000D+00
 -0.4345174D+02 -0.5063828D+02  0.1056853D+02  0.0000000D+00
 -0.1240121D+02 -0.8258987D+02  0.1911432D+02  0.0000000D+00
 -0.2396015D+01  0.1637438D+00 -0.4161625D-02  0.0000000D+00
 -0.5410676D+00  0.3276256D+00  0.4260310D+00  0.0000000D+00
  0.1395603D+01 -0.8835428D+00 -0.8270307D+00  0.0000000D+00
 -0.2912209D+01  0.1535178D+01  0.1482930D+01  0.0000000D+00
  0.1940426D+01 -0.3353358D+01 -0.3782231D+01  0.0000000D+00
  0.3307194D+02  0.7788214D+01  0.6392419D+01  0.0000000D+00
  0.4449664D+02 -0.2118270D+02 -0.2682899D+02  0.0000000D+00
  0.6987331D+02 -0.6114157D+02 -0.3087071D+02  0.0000000D+00
  0.9682489D+02 -0.2102509D+02 -0.2691731D+02  0.0000000D+00
  0.5613913D+02  0.1222590D+02 -0.1623252D+02  0.0000000D+00
  0.3261497D+02  0.3212766D+02 -0.9930324D+01  0.0000000D+00
 -0.3804110D+00  0.1985179D+00 -0.9020825D-01  0.0000000D+00
  0.2390479D+01 -0.1008206D+01  0.1679278D+00  0.0000000D+00
 -0.1481442D+01  0.1775841D+01 -0.2733992D+00  0.0000000D+00
  0.3137419D+01 -0.2971901D+01  0.5316815D+00  0.0000000D+00
 -0.1958457D+02  0.4960817D+01 -0.1626562D+01  0.0000000D+00
  0.1654706D+02  0.2572045D+01  0.3115281D+01  0.0000000D+00
 -0.4328557D+02  0.4070152D+02 -0.9708401D+01  0.0000000D+00
 -0.4340523D+02  0.7423643D+01 -0.1302391D+02  0.0000000D+00
 -0.2974589D+02 -0.2329698D+02 -0.5150606D+01  0.0000000D+00
 -0.1061810D+02 -0.1808355D+02 -0.1889794D+01  0.0000000D+00
  0.7311927D+00 -0.1537460D+02  0.1075495D+00  0.0000000D+00
 -0.9944479D-02 -0.8372172D-01  0.9264233D-01  0.0000000D+00
 -0.2297082D+01  0.1207411D+01  0.2839296D+00  0.0000000D+00
  0.3103702D+01 -0.2424419D+01 -0.6099218D+00  0.0000000D+00
 -0.3911006D+01  0.4466152D+01  0.1037765D+01  0.0000000D+00
  0.5411973D+01 -0.5813321D+01 -0.2507104D+01  0.0000000D+00
 -0.3115360D+02  0.5892240D+01  0.3785099D+01  0.0000000D+00
  0.2246306D+02 -0.3190663D+02 -0.7467999D+01  0.0000000D+00
  0.1442616D+02  0.5651781D+01 -0.2545777D+01  0.0000000D+00
 -0.4725599D+01  0.7587036D+01 -0.7263727D+01  0.0000000D+00
 -0.2773864D+01  0.1522104D+02 -0.5320995D+01  0.0000000D+00
 -0.1846706D+01  0.1970427D+02 -0.4235523D+01  0.0000000D+00
 -0.1288644D+01 -0.5145658D-02  0.9824069D-01  0.0000000D+00
 -0.4746645D+01 -0.9603586D+00  0.7096034D-01  0.0000000D+00
  0.1747755D+01  0.1671924D+01 -0.2471664D+00  0.0000000D+00
  0.1660759D+00 -0.2761141D+01  0.4978927D+00  0.0000000D+00
  0.1801998D+02  0.5352379D+01 -0.2423091D+01  0.0000000D+00
 -0.4234485D+02 -0.1768580D+02  0.3076401D+01  0.0000000D+00
 -0.5185007D+01  0.1838641D+01 -0.3186169D+01  0.0000000D+00
  0.1897849D+02 -0.1589096D+02 -0.3363630D+01  0.0000000D+00
  0.3197568D+02 -0.2890886D+01 -0.4941406D+01  0.0000000D+00
  0.1709367D+02  0.5616319D+01 -0.5307572D+01  0.0000000D+00
  0.8527084D+01  0.1073594D+02 -0.5537781D+01  0.0000000D+00
  0.3262860D+00  0.7670855D-01 -0.1881278D-01  0.0000000D+00
  0.8569536D-01 -0.1214760D+01  0.7382058D-01  0.0000000D+00
 -0.7604587D+00  0.2185853D+01 -0.1636544D+00  0.0000000D+00
  0.1515279D+01 -0.3790960D+01  0.2597886D+00  0.0000000D+00
  0.1960048D+01  0.4015850D+01 -0.3267115D+00  0.0000000D+00
 -0.1362238D+01 -0.2579076D+01  0.1335560D+01  0.0000000D+00
 -0.6157274D+02  0.2026020D+02 -0.2077861D+01  0.0000000D+00
 -0.1083380D+03  0.4731384D+01  0.3284888D+01  0.0000000D+00
 -0.8907153D+02  0.6317114D+01  0.5110219D+01  0.0000000D+00
 -0.4007340D+02  0.2269558D+01  0.2591525D+01  0.0000000D+00
 -0.1117270D+02 -0.8316379D-01  0.1137547D+01  0.0000000D+00
  0.1970362D+00 -0.2064914D+00  0.4537319D-01  0.0000000D+00
  0.2943677D+01  0.1114981D+01 -0.2942996D-01  0.0000000D+00
 -0.7959435D+00 -0.2245099D+01  0.4020921D-01  0.0000000D+00
  0.2670236D+01  0.3929157D+01  0.1946684D-01  0.0000000D+00
 -0.7552959D+01 -0.7296603D+01 -0.9899645D+00  0.0000000D+00
  0.2580500D+02  0.1448848D+02  0.7103313D+00  0.0000000D+00
  0.1808026D+02 -0.2676802D+02 -0.2855407D+01  0.0000000D+00
  0.5635114D+01 -0.4041502D+01 -0.4687192D+01  0.0000000D+00
 -0.7687120D+01 -0.8064091D+01 -0.2146412D+01  0.0000000D+00
  0.3827702D+00 -0.6221230D+01 -0.2407070D+01  0.0000000D+00
  0.4954466D+01 -0.5185745D+01 -0.2530053D+01  0.0000000D+00
 -0.4839439D+02 -0.1828339D+02  0.1105058D+02  0.0000000D+00
  0.8674717D+01  0.4127143D+02 -0.7536704D+01  0.0000000D+00
 -0.2429152D+01  0.1438063D+01  0.7509577D+01  0.0000000D+00
  0.4978184D+02  0.3257686D+02  0.1547763D+01  0.0000000D+00
  0.1136012D+02 -0.2080409D+01 -0.5354240D+02  0.0000000D+00
  0.6938448D+02 -0.7578446D+01  0.2199405D+02  0.0000000D+00
  0.6698580D+02  0.1044448D+03 -0.5882119D+01  0.0000000D+00
  0.3387474D+02 -0.8751689D+02  0.1276415D+02  0.0000000D+00
 -0.3142535D+02 -0.9186977D+02  0.5451072D+01  0.0000000D+00
 -0.6067077D+02  0.1542502D+02  0.3561546D+01  0.0000000D+00
 -0.7852650D+02  0.7817730D+02  0.2372344D+01  0.0000000D+00
 -0.6143873D+02 -0.3533440D+02  0.1243920D+02  0.0000000D+00
  0.1736602D+02  0.7489630D+02 -0.8188961D+01  0.0000000D+00
  0.1347721D+01 -0.3304143D+02  0.1144964D+02  0.0000000D+00
  0.9216857D+01  0.4873823D+02  0.2483317D+01  0.0000000D+00
 -0.2198614D+01  0.8339466D+01 -0.7966125D+02  0.0000000D+00
  0.4290374D+01 -0.3537628D+01  0.3200505D+02  0.0000000D+00
 -0.6993614D+02 -0.8130823D+02 -0.1800460D+02  0.0000000D+00
 -0.6691561D+02 -0.6500536D+02 -0.9914361D+01  0.0000000D+00
 -0.1081548D+03 -0.5902064D+02 -0.1654494D+02  0.0000000D+00
 -0.9283277D+02 -0.2807509D+02 -0.5005028D+01  0.0000000D+00
 -0.8433084D+02 -0.9901056D+01  0.1675957D+01  0.0000000D+00
  0.2763161D+02  0.2227206D+02 -0.1974936D+01  0.0000000D+00
  0.2663800D+01 -0.5133917D+02 -0.1006690D+01  0.0000000D+00
 -0.6095083D+00  0.4075443D+02 -0.9403386D+00  0.0000000D+00
  0.9889502D+01 -0.2694462D+02  0.2003613D+01  0.0000000D+00
 -0.6195061D+01 -0.3548696D+02 -0.1684778D+02  0.0000000D+00
 -0.1223334D+02  0.2252884D+02  0.1168124D+02  0.0000000D+00
 -0.6412752D+01 -0.3633304D+02 -0.6470814D-01  0.0000000D+00
 -0.3759135D+01  0.9024685D+01 -0.5660418D+01  0.0000000D+00
  0.4610035D+02  0.2703274D+02  0.6208546D+01  0.0000000D+00
  0.5815581D+02  0.2064469D+02  0.2692743D+02  0.0000000D+00
  0.6576683D+02  0.1710716D+02  0.3918703D+02  0.0000000D+00
  0.1918820D+01 -0.1443694D-01  0.6518777D-01  0.0000000D+00
  0.4660485D+00 -0.6163186D+00 -0.2346312D+00  0.0000000D+00
 -0.5104775D+00  0.1241084D+01  0.3904528D+00  0.0000000D+00
 -0.2897528D+01 -0.1783369D+01 -0.5618897D+00  0.0000000D+00
  0.1324118D+00  0.4417307D+01  0.3846835D+00  0.0000000D+00
 -0.7914924D+01 -0.9356074D+01  0.2876235D+00  0.0000000D+00
 -0.6385487D+01  0.2743032D+02  0.1549035D+02  0.0000000D+00
  0.1766934D+02  0.1600449D+01  0.8105268D+01  0.0000000D+00
 -0.2576094D+02  0.1530334D+02 -0.3729852D+01  0.0000000D+00
 -0.4105979D+02  0.1700417D+02 -0.6610673D+01  0.0000000D+00
 -0.5048721D+02  0.1814501D+02 -0.8427701D+01  0.0000000D+00
  0.1440752D+01  0.2512817D+00  0.4564200D-02  0.0000000D+00
 -0.5421520D+00 -0.8200870D+00 -0.3859050D+00  0.0000000D+00
  0.4141224D+01  0.7581204D+00  0.7194782D+00  0.0000000D+00
 -0.4881922D+01 -0.9235336D+00 -0.1303385D+01  0.0000000D+00
  0.1507065D+02  0.4536566D-02  0.2137320D+01  0.0000000D+00
 -0.1767053D+02 -0.8265985D+01 -0.3813306D+01  0.0000000D+00
  0.1731587D+02 -0.5579680D+02  0.6865777D+01  0.0000000D+00
 -0.3326039D+02 -0.1426220D+02  0.1139962D+02  0.0000000D+00
 -0.5209109D+02 -0.1414262D+02 -0.4950328D+01  0.0000000D+00
 -0.1684001D+02 -0.9402708D+01 -0.6358092D+01  0.0000000D+00
  0.3580351D+01 -0.6622789D+01 -0.7363658D+01  0.0000000D+00
  0.7871578D+00 -0.5309293D-01  0.1205589D+00  0.0000000D+00
 -0.1424553D+00 -0.1402191D+00 -0.1874313D+00  0.0000000D+00
  0.1357428D+01  0.9454144D+00  0.3037784D+00  0.0000000D+00
  0.3072079D+01 -0.2095227D+01 -0.3390297D+00  0.0000000D+00
  0.3668799D+01  0.4397011D+01  0.1399942D+00  0.0000000D+00
  0.2224128D+01 -0.8097774D+01 -0.2955929D+01  0.0000000D+00
  0.9382780D+01  0.4489252D+02 -0.8166987D+01  0.0000000D+00
  0.1320233D+02  0.1773878D+02 -0.1070456D+02  0.0000000D+00
  0.6603602D+01  0.6090147D+01 -0.5278305D+01  0.0000000D+00
 -0.1078305D+02 -0.1304186D+01 -0.1681147D+01  0.0000000D+00
 -0.2102732D+02 -0.5761666D+01  0.4850390D+00  0.0000000D+00
 -0.1140845D+01 -0.2888593D+00  0.6669418D-01  0.0000000D+00
  0.1538460D+01  0.1704283D+01 -0.8533947D-01  0.0000000D+00
 -0.4359642D+01 -0.2748862D+01  0.9002119D-01  0.0000000D+00
  0.1714277D+01  0.4290033D+01 -0.2850575D-01  0.0000000D+00
 -0.1355320D+02 -0.7196157D+01 -0.5695962D+00  0.0000000D+00
  0.1508254D+02  0.2100679D+02 -0.5639857D+00  0.0000000D+00
  0.1912219D+02  0.2979527D+01 -0.1331290D+01  0.0000000D+00
  0.2938775D+02 -0.4435976D+01 -0.2641952D+00  0.0000000D+00
 -0.1626319D+01 -0.1019532D+02 -0.7116172D+00  0.0000000D+00
 -0.1358071D+02 -0.1608612D+02 -0.1634570D+01  0.0000000D+00
 -0.2092169D+02 -0.1959271D+02 -0.2179223D+01  0.0000000D+00
 -0.2465575D+00  0.1244720D+00 -0.4754106D-01  0.0000000D+00
 -0.1482405D+00 -0.9526660D+00  0.1106074D+00  0.0000000D+00
  0.3590611D+00  0.1763468D+01 -0.1758512D+00  0.0000000D+00
 -0.3080459D+01 -0.2335208D+01  0.2697749D+00  0.0000000D+00
 -0.2064947D+00  0.3314394D+01 -0.3481297D+00  0.0000000D+00
  0.5435236D+01 -0.4750644D+01  0.1394918D+01  0.0000000D+00
  0.3685871D+01 -0.9237588D+01  0.3820260D+01  0.0000000D+00
  0.7513117D+01  0.6798863D+01 -0.1469336D+01  0.0000000D+00
  0.2215425D+02 -0.2290327D+01  0.2736823D+01  0.0000000D+00
  0.1607768D+02 -0.3373775D+01  0.2652159D+01  0.0000000D+00
  0.1268163D+02 -0.4108953D+01  0.2649259D+01  0.0000000D+00
  0.1166904D+01  0.6828986D-01 -0.1153182D-01  0.0000000D+00
 -0.1304112D+01 -0.4201944D+00  0.2074480D+00  0.0000000D+00
 -0.1735143D+00  0.9762854D+00 -0.3628254D+00  0.0000000D+00
  0.2467650D+01 -0.1310436D+01  0.7569985D+00  0.0000000D+00
  0.4363955D+00  0.2635270D+01 -0.2255157D+01  0.0000000D+00
 -0.6841434D+01 -0.8440688D+01  0.3955260D+01  0.0000000D+00
 -0.2558753D+02  0.5563726D+01 -0.6645166D+01  0.0000000D+00
  0.2635310D+01  0.8070347D+01 -0.2059983D+01  0.0000000D+00
 -0.3327746D+01  0.8068522D+00 -0.3743595D+01  0.0000000D+00
 -0.1032641D+02 -0.2102280D+01 -0.2614580D+01  0.0000000D+00
 -0.1448512D+02 -0.3886919D+01 -0.1971905D+01  0.0000000D+00
 -0.3703673D+02 -0.1517392D+02 -0.1732654D+01  0.0000000D+00
 -0.5803749D+01 -0.1484982D+02  0.3198335D+01  0.0000000D+00
  0.2030588D+02  0.7881609D+01 -0.1940513D+01  0.0000000D+00
 -0.4424694D+01  0.1484049D+02  0.9919402D+00  0.0000000D+00
  0.9220765D+01 -0.1022766D+02  0.7126664D+01  0.0000000D+00
  0.1424779D+02  0.2478103D+02 -0.3505517D+01  0.0000000D+00
  0.7576338D+02  0.1153376D+02 -0.3797460D+01  0.0000000D+00
  0.1054308D+03  0.2790241D+02 -0.2834171D+01  0.0000000D+00
  0.6858373D+02  0.3174205D+02 -0.2288843D+01  0.0000000D+00
  0.3225004D+02  0.4067074D+02 -0.4786630D+01  0.0000000D+00
  0.1057295D+02  0.4594359D+02 -0.6243001D+01  0.0000000D+00
 -0.3841995D+02 -0.2691272D+02 -0.1583169D+01  0.0000000D+00
 -0.2819646D+02 -0.2251867D+02  0.3529302D+01  0.0000000D+00
  0.3737080D+02  0.1594279D+02 -0.4027139D+01  0.0000000D+00
  0.4893939D+01  0.1526487D+02  0.3417205D+01  0.0000000D+00
  0.6688915D+01 -0.4657804D+01  0.8038819D+01  0.0000000D+00
 -0.4905499D+01 -0.1180551D+01 -0.6223853D+00  0.0000000D+00
 -0.5772234D+02 -0.2180115D+02 -0.4121931D+01  0.0000000D+00
 -0.2932647D+02 -0.3317579D+02 -0.7171941D+01  0.0000000D+00
 -0.2319108D+02 -0.2256974D+02 -0.3442186D+01  0.0000000D+00
 -0.3943451D+02  0.3404671D+02 -0.1673891D+01  0.0000000D+00
 -0.4887297D+02  0.6730775D+02 -0.5961747D+00  0.0000000D+00
  0.2254582D+02  0.3569084D+01  0.1048554D+01  0.0000000D+00
 -0.2570401D+02 -0.1487610D+02 -0.1081248D+01  0.0000000D+00
  0.3361761D+02  0.1915597D+02  0.8846726D+00  0.0000000D+00
 -0.4565104D+02 -0.7698673D+01 -0.1665139D+01  0.0000000D+00
  0.3182358D+02 -0.1553452D+02 -0.8340820D+01  0.0000000D+00
 -0.4241257D+02  0.2554231D-02 -0.3222709D-01  0.0000000D+00
 -0.1650693D+02 -0.2929357D+02  0.1086448D+01  0.0000000D+00
 -0.3071519D+02 -0.1351638D+02  0.3951635D+01  0.0000000D+00
 -0.3308488D+02 -0.5664987D+01  0.2079559D+01  0.0000000D+00
 -0.3808303D+02 -0.5176958D+01 -0.3996459D+01  0.0000000D+00
 -0.4103171D+02 -0.4804251D+01 -0.7573408D+01  0.0000000D+00
  0.2709401D+01  0.9167972D-01 -0.8364282D-02  0.0000000D+00
 -0.3128457D+01 -0.6845993D+00  0.3236981D-01  0.0000000D+00
  0.4252278D+01  0.1139602D+01 -0.7179232D-01  0.0000000D+00
 -0.2996904D+01 -0.1763955D+01  0.1956270D+00  0.0000000D+00
  0.9406039D+01  0.3020509D+01 -0.8234024D+00  0.0000000D+00
 -0.1485810D+02 -0.9423278D+01  0.1566482D+01  0.0000000D+00
 -0.5065425D+01  0.2347498D+01 -0.5053771D+01  0.0000000D+00
  0.2133590D+02  0.2309934D+02 -0.4653231D+01  0.0000000D+00
  0.3539119D+02  0.2745270D+02 -0.1582899D+01  0.0000000D+00
  0.2501013D+02  0.1693289D+02 -0.3029230D+00  0.0000000D+00
  0.1908568D+02  0.1081991D+02  0.4808637D+00  0.0000000D+00
  0.6820627D-01  0.3532028D+00  0.4477848D-01  0.0000000D+00
 -0.2383685D+00 -0.3435135D+00 -0.6753002D-01  0.0000000D+00
  0.5231717D+00  0.7043848D+00  0.7445577D-01  0.0000000D+00
 -0.7147427D+00 -0.1361760D+01 -0.3455427D-01  0.0000000D+00
  0.5995881D+01  0.2114520D+01 -0.5473751D+00  0.0000000D+00
 -0.1324749D+02 -0.7557727D+01  0.3548348D+00  0.0000000D+00
  0.1965725D+02  0.1077736D+02  0.1152338D+01  0.0000000D+00
  0.1022145D+02  0.3620773D+02 -0.3865789D+01  0.0000000D+00
  0.3016349D+01  0.9056941D+01 -0.3880942D+01  0.0000000D+00
 -0.4730372D+01 -0.6611589D+01 -0.2430694D+01  0.0000000D+00
 -0.9340971D+01 -0.1608314D+02 -0.1581292D+01  0.0000000D+00
  0.3172878D+00 -0.1633668D+00 -0.1933101D-01  0.0000000D+00
  0.2987286D+01  0.3283108D+00  0.8602913D-01  0.0000000D+00
 -0.4193119D+01 -0.8536281D+00 -0.1713747D+00  0.0000000D+00
  0.2957604D+01  0.1740414D+01  0.2291802D+00  0.0000000D+00
 -0.9608112D+01 -0.3176493D+01 -0.5693639D+00  0.0000000D+00
  0.1637676D+01  0.6754783D+01  0.7293027D+00  0.0000000D+00
  0.1462855D+01 -0.6081761D+01  0.2672193D+00  0.0000000D+00
 -0.2016876D+02 -0.7660547D+01 -0.2922969D+01  0.0000000D+00
 -0.1130288D+02 -0.1044662D+02  0.1505874D+00  0.0000000D+00
  0.1021094D+01 -0.1880935D+01  0.1433312D+01  0.0000000D+00
  0.8331352D+01  0.3100944D+01  0.2217855D+01  0.0000000D+00
  0.9135652D+00 -0.4503765D+00 -0.6895524D-02  0.0000000D+00
  0.3836758D+00  0.1011756D+00  0.1020689D+00  0.0000000D+00
 -0.2258636D+01 -0.3044225D+00 -0.1518832D+00  0.0000000D+00
  0.5662780D+01  0.8013265D+00  0.2587532D+00  0.0000000D+00
 -0.8537827D+01 -0.1160270D+01 -0.9817475D+00  0.0000000D+00
  0.9264131D+01  0.3976431D+01  0.1027022D+01  0.0000000D+00
 -0.8683995D+01  0.1223348D+02 -0.3077923D+01  0.0000000D+00
 -0.4196052D+02 -0.1662063D+01 -0.3330703D+01  0.0000000D+00
 -0.3643777D+02  0.2466052D+01 -0.1726658D+01  0.0000000D+00
 -0.9405990D+01  0.1704298D+00 -0.7002166D+00  0.0000000D+00
  0.6477589D+01 -0.1126035D+01 -0.8127495D-01  0.0000000D+00
  0.1203404D+01 -0.1071461D+00 -0.3302941D-01  0.0000000D+00
 -0.2941803D+01 -0.6180792D-01  0.3194132D-01  0.0000000D+00
  0.4171946D+01  0.1805591D+00 -0.2943944D-01  0.0000000D+00
 -0.6208567D+01 -0.2049114D+00  0.4626650D-01  0.0000000D+00
  0.1094583D+02  0.1010880D+01  0.3103613D-01  0.0000000D+00
 -0.2557947D+01 -0.9265277D+00 -0.1911686D+00  0.0000000D+00
  0.1059332D+02  0.2420958D+01 -0.2573081D+01  0.0000000D+00
  0.3583307D+02  0.4792850D+01  0.3821734D+01  0.0000000D+00
  0.1038703D+02  0.2610478D+01 -0.5716263D+00  0.0000000D+00
 -0.2527283D+01  0.4404523D+01 -0.2280398D+01  0.0000000D+00
 -0.1036903D+02  0.5427457D+01 -0.3328954D+01  0.0000000D+00
 -0.7186922D+00  0.2466758D-01 -0.1296249D-02  0.0000000D+00
  0.2465804D+01 -0.9301238D-01 -0.1338695D+00  0.0000000D+00
  0.1081115D+00  0.1545299D+00  0.2583436D+00  0.0000000D+00
 -0.3231567D+01 -0.3076946D+00 -0.3941485D+00  0.0000000D+00
 -0.1092581D+01  0.1016952D+01  0.1202411D+00  0.0000000D+00
  0.1622135D+02 -0.7432598D+00 -0.4175670D+00  0.0000000D+00
 -0.2334147D+02 -0.1378460D+02 -0.3636588D+00  0.0000000D+00
 -0.2245107D+01 -0.4624032D+01 -0.1017946D+01  0.0000000D+00
  0.4195892D+01 -0.2460284D+01  0.2650048D+01  0.0000000D+00
  0.4942373D+01  0.3302565D+01  0.2568910D+01  0.0000000D+00
  0.5450827D+01  0.6697557D+01  0.2561741D+01  0.0000000D+00
  0.2536093D+02  0.2504578D+02  0.2737190D+00  0.0000000D+00
 -0.3457325D+02 -0.7973625D+01 -0.4523962D+01  0.0000000D+00
  0.1388874D+02 -0.1164796D+01  0.8410764D+01  0.0000000D+00
 -0.1501118D+02  0.1273981D+02 -0.7051679D+01  0.0000000D+00
  0.4875573D+02  0.1399059D+02 -0.2279674D+02  0.0000000D+00
 -0.1673819D+02 -0.1835677D+02  0.7322469D+01  0.0000000D+00
 -0.3280041D+02  0.2064251D+02 -0.2424339D+01  0.0000000D+00
 -0.4973759D+02 -0.2146710D+01  0.5012891D+01  0.0000000D+00
 -0.2663669D+02 -0.1766089D+02  0.9066768D+00  0.0000000D+00
 -0.2160377D+01 -0.5103631D+01 -0.2628827D+01  0.0000000D+00
  0.1242621D+02  0.2072900D+01 -0.4744658D+01  0.0000000D+00
  0.2763894D+02  0.3336936D+02  0.1505447D+01  0.0000000D+00
 -0.4585068D+02 -0.6823165D+01 -0.5844564D+01  0.0000000D+00
  0.1336230D+02 -0.9112997D+01  0.1063606D+02  0.0000000D+00
 -0.2577236D+02  0.1476387D+02 -0.8720376D+01  0.0000000D+00
  0.3910177D+02  0.5328652D+01 -0.2769618D+02  0.0000000D+00
 -0.4580517D+00  0.1770024D+02  0.1125127D+02  0.0000000D+00
  0.2487061D+02 -0.7032536D+00 -0.7836814D+01  0.0000000D+00
 -0.7383760D+01 -0.2955476D+02 -0.5212304D+01  0.0000000D+00
 -0.2259431D+02 -0.2003748D+02 -0.5103594D+00  0.0000000D+00
 -0.6425526D+01  0.1501718D+02  0.4239604D+01  0.0000000D+00
  0.2871762D+01  0.3564169D+02  0.7072197D+01  0.0000000D+00
 -0.2498046D+00 -0.6281217D+01  0.1535729D+00  0.0000000D+00
  0.2247395D+01  0.8086859D+01  0.7708483D+00  0.0000000D+00
 -0.3528864D+01 -0.6595410D+01 -0.1697338D+00  0.0000000D+00
  0.1643723D+02  0.9264044D+01 -0.1425517D-01  0.0000000D+00
  0.9309876D+01  0.9490082D+01 -0.1171456D+02  0.0000000D+00
  0.6256994D+01  0.2108521D+01  0.1994076D+01  0.0000000D+00
  0.4238890D+01 -0.1326878D+01 -0.9915159D+00  0.0000000D+00
 -0.7697190D+01  0.9090320D+01  0.3490976D+01  0.0000000D+00
 -0.1726751D+02 -0.1908214D+02  0.3042723D+01  0.0000000D+00
 -0.2112164D+02 -0.2108146D+02  0.4745209D+01  0.0000000D+00
 -0.2348785D+02 -0.2256647D+02  0.5736710D+01  0.0000000D+00
 -0.2936738D+01  0.4141456D-01 -0.4085784D-01  0.0000000D+00
 -0.3276388D+00 -0.5823981D+00  0.6889562D-01  0.0000000D+00
 -0.2063938D+01  0.1181528D+01 -0.1160278D+00  0.0000000D+00
  0.3956314D+01 -0.1782104D+01  0.2487344D+00  0.0000000D+00
 -0.3627578D-01  0.2550678D+01 -0.1090156D+01  0.0000000D+00
  0.7617217D+01 -0.3113459D+01  0.1464468D+01  0.0000000D+00
  0.3309430D+02  0.4951401D+01  0.2640910D+01  0.0000000D+00
  0.3083990D+02 -0.5219437D+00 -0.1915075D+01  0.0000000D+00
  0.4869500D+01  0.6757877D+01 -0.1321649D+01  0.0000000D+00
  0.3973182D+00  0.6609058D+01 -0.1513455D+01  0.0000000D+00
 -0.2512744D+01  0.6600273D+01 -0.1618440D+01  0.0000000D+00
 -0.2346943D+01 -0.3039956D+00  0.1380815D-01  0.0000000D+00
  0.3218906D+00  0.4064217D+00 -0.1069676D+00  0.0000000D+00
  0.9372408D+00 -0.5733357D+00  0.1717985D+00  0.0000000D+00
 -0.1487502D+01  0.8837700D+00 -0.3035082D+00  0.0000000D+00
  0.6710150D+00 -0.8453057D+00  0.3549231D-03  0.0000000D+00
  0.4199977D+01  0.4359407D+01 -0.1426478D+01  0.0000000D+00
 -0.1084487D+02  0.3815453D+01 -0.1976003D+01  0.0000000D+00
 -0.2668378D+02  0.9034412D+01 -0.2818274D+01  0.0000000D+00
 -0.3713513D+02 -0.3589912D+01  0.2289042D+01  0.0000000D+00
 -0.1432247D+02 -0.8588663D+01  0.2622091D+01  0.0000000D+00
 -0.1086585D+01 -0.1165168D+02  0.2873601D+01  0.0000000D+00
 -0.3672822D+00  0.2544452D+00  0.5610415D-01  0.0000000D+00
 -0.1166787D+01 -0.1738716D+00 -0.1400886D+00  0.0000000D+00
  0.4298345D+01  0.3714894D-01  0.2590414D+00  0.0000000D+00
 -0.8702114D+01 -0.9582049D-01 -0.3298547D+00  0.0000000D+00
 -0.5652146D+00  0.1415109D+01  0.2081185D+00  0.0000000D+00
 -0.6014618D+01 -0.5797214D+01 -0.8930911D+00  0.0000000D+00
 -0.2839397D+01  0.4556853D+01 -0.2824732D+01  0.0000000D+00
  0.1709989D+02 -0.5924075D+01  0.7188528D-01  0.0000000D+00
  0.2868716D+02 -0.5495176D+01 -0.5955490D+00  0.0000000D+00
  0.1382080D+02 -0.4984406D+01 -0.1184256D+01  0.0000000D+00
  0.5247255D+01 -0.4679103D+01 -0.1535809D+01  0.0000000D+00
  0.6111753D+00  0.3653673D+00 -0.9774629D-02  0.0000000D+00
 -0.2470676D+00 -0.8261885D+00 -0.4318552D-01  0.0000000D+00
 -0.3699479D-01  0.1401179D+01  0.8031367D-01  0.0000000D+00
  0.5836954D+00 -0.2284400D+01 -0.3990473D-01  0.0000000D+00
 -0.1394676D+01  0.2918888D+01 -0.8940808D+00  0.0000000D+00
 -0.9386292D+01 -0.9178660D+01  0.7717429D+00  0.0000000D+00
  0.5384347D+01  0.2456211D+01  0.1327153D+01  0.0000000D+00
  0.2140262D+02 -0.9731928D+01 -0.1193896D+01  0.0000000D+00
  0.1476389D+02 -0.6848202D+01 -0.9661050D+00  0.0000000D+00
  0.5107959D+01 -0.3135263D+01 -0.5510078D+00  0.0000000D+00
 -0.6183482D+00 -0.9289739D+00 -0.3055759D+00  0.0000000D+00
 -0.6413285D-01  0.1241862D+00 -0.4664305D-02  0.0000000D+00
  0.9523226D+00  0.9647313D-01  0.5982373D-01  0.0000000D+00
 -0.6543331D+00 -0.6734210D-02 -0.1086284D+00  0.0000000D+00
  0.2265856D+01 -0.5003519D-01  0.1371700D+00  0.0000000D+00
  0.5698825D+01 -0.3378174D+00  0.4809891D-01  0.0000000D+00
 -0.3632802D+01  0.4738428D+01 -0.1431325D+00  0.0000000D+00
  0.3506864D+00 -0.2615508D+01  0.2016554D+01  0.0000000D+00
 -0.1710094D+02  0.1669785D-01 -0.2999621D+00  0.0000000D+00
 -0.1924652D+02 -0.6473861D+01 -0.1334150D+01  0.0000000D+00
 -0.1534736D+02 -0.4678026D+01 -0.8169572D+00  0.0000000D+00
 -0.1308447D+02 -0.3698482D+01 -0.5258514D+00  0.0000000D+00
 -0.1218281D+01  0.1306063D+00  0.3980264D-02  0.0000000D+00
 -0.8226042D+00  0.1186787D+00  0.2588628D-01  0.0000000D+00
 -0.2904311D+00 -0.3156061D+00 -0.4460811D-01  0.0000000D+00
  0.1576923D+01  0.4103452D+00  0.1761923D+00  0.0000000D+00
  0.8902756D+01  0.3773138D+00 -0.1209058D+01  0.0000000D+00
 -0.3625022D+01  0.1959413D+01  0.1518071D+01  0.0000000D+00
  0.1925767D+01  0.8997066D+01 -0.5107988D+01  0.0000000D+00
 -0.1996660D+02 -0.4440771D+01 -0.2248258D+01  0.0000000D+00
  0.6060431D+01  0.4696519D+01 -0.2103493D+00  0.0000000D+00
  0.8642373D+01  0.1694412D+01 -0.8494371D+00  0.0000000D+00
  0.1044172D+02  0.3894762D-01 -0.1200122D+01  0.0000000D+00
  0.1375603D+02 -0.1241857D+02 -0.5699610D+00  0.0000000D+00
 -0.2056269D+02  0.1481014D+01 -0.1285414D+00  0.0000000D+00
  0.3214484D+02  0.3895892D+01  0.1092646D+01  0.0000000D+00
 -0.4828878D+02  0.7076185D+01  0.3688862D+00  0.0000000D+00
  0.2364033D+02  0.8457727D+01 -0.6972878D+01  0.0000000D+00
 -0.1766487D+02 -0.1976515D+02  0.2532123D+01  0.0000000D+00
 -0.8364892D+01  0.4751756D+01  0.1577226D+00  0.0000000D+00
 -0.1248404D+02 -0.7160199D+01  0.2847636D+01  0.0000000D+00
  0.1001043D+01  0.5653675D+01  0.1483181D+01  0.0000000D+00
  0.5016831D+01  0.1261572D+02 -0.9877388D+00  0.0000000D+00
  0.7518653D+01  0.1683439D+02 -0.2449491D+01  0.0000000D+00
  0.1663046D+02 -0.1006508D+02  0.4687270D+00  0.0000000D+00
 -0.2493912D+02 -0.3361117D+00 -0.8963859D+00  0.0000000D+00
  0.3841622D+02  0.4046188D+01  0.8977165D+00  0.0000000D+00
 -0.4596375D+02  0.5069653D+01  0.1880701D+01  0.0000000D+00
  0.3220844D+02  0.8385934D+01 -0.9480698D+01  0.0000000D+00
 -0.2239899D+02 -0.2101422D+02  0.4822853D+01  0.0000000D+00
  0.1954648D+02  0.8365482D+01 -0.2590818D+00  0.0000000D+00
  0.4159753D+02  0.1701598D+02  0.6550948D+00  0.0000000D+00
  0.3967313D+02  0.2446693D+02 -0.2131604D+00  0.0000000D+00
  0.1575265D+02  0.2337100D+02  0.2546090D+01  0.0000000D+00
  0.1729280D+01  0.2281898D+02  0.4151847D+01  0.0000000D+00
 -0.3206581D+01  0.4318417D+01 -0.1557634D+01  0.0000000D+00
  0.4270932D+01 -0.2452018D+01  0.1606650D+01  0.0000000D+00
  0.1631529D+01 -0.2661474D+01 -0.8308300D+00  0.0000000D+00
  0.3479150D+01  0.1411807D+02 -0.8952392D+00  0.0000000D+00
 -0.5420461D+01 -0.1047701D+02  0.1603721D+01  0.0000000D+00
 -0.5492008D+01  0.1481528D+01 -0.3305054D+01  0.0000000D+00
  0.8248221D+01 -0.1924579D+02 -0.6463501D+00  0.0000000D+00
  0.1017501D+02  0.7525902D+01  0.3050718D+00  0.0000000D+00
  0.1530339D+02  0.2988990D+01 -0.2547007D+01  0.0000000D+00
  0.2422448D+02 -0.2594367D+02 -0.3178031D+01  0.0000000D+00
  0.2950279D+02 -0.4292494D+02 -0.3578822D+01  0.0000000D+00
  0.1541307D+01  0.1851400D+00 -0.8397545D-02  0.0000000D+00
 -0.4665371D+00 -0.4604314D+00 -0.1512423D-01  0.0000000D+00
  0.1390566D+01  0.7827701D+00  0.2618050D-01  0.0000000D+00
  0.1890438D+01 -0.1108945D+01 -0.6629373D-01  0.0000000D+00
 -0.2876923D+01  0.1387442D+01 -0.1430599D+00  0.0000000D+00
  0.5970993D+01 -0.2468967D+01  0.1404662D+00  0.0000000D+00
 -0.7855142D+01  0.9190780D+01  0.4650606D+01  0.0000000D+00
  0.6829597D+01  0.7268985D+01  0.2613668D+01  0.0000000D+00
 -0.5612324D+01 -0.7075972D+01  0.2570438D+01  0.0000000D+00
 -0.6488471D+01 -0.6967002D+01  0.1619482D+01  0.0000000D+00
 -0.7139043D+01 -0.7061685D+01  0.1061937D+01  0.0000000D+00
  0.2228955D+00 -0.3056016D-01 -0.1474714D-01  0.0000000D+00
 -0.2435202D+00  0.3015865D+00  0.2105759D-01  0.0000000D+00
 -0.3890482D+00 -0.5839047D+00 -0.4384473D-01  0.0000000D+00
  0.7487303D+00  0.9425187D+00  0.5880316D-01  0.0000000D+00
 -0.2686447D+01 -0.1107837D+01 -0.2556926D+00  0.0000000D+00
  0.2288918D+00  0.7207757D+00  0.6496208D-01  0.0000000D+00
 -0.6808067D+01 -0.2815760D+01  0.5540019D+00  0.0000000D+00
 -0.2113184D+02 -0.4899834D+01 -0.1561873D+01  0.0000000D+00
 -0.1338560D+02  0.1056515D+02 -0.3716943D+01  0.0000000D+00
 -0.5671888D+01  0.8069025D+01 -0.2210924D+01  0.0000000D+00
 -0.1068373D+01  0.6779933D+01 -0.1353403D+01  0.0000000D+00
  0.1534801D+01 -0.4379616D-01  0.3108685D-01  0.0000000D+00
 -0.1170467D+01  0.5470096D-01 -0.9097349D-01  0.0000000D+00
 -0.7083537D-01 -0.6439712D-01  0.1782142D+00  0.0000000D+00
 -0.2081943D+01  0.3309546D+00 -0.2671017D+00  0.0000000D+00
  0.1891083D+01 -0.3197277D+00  0.2330931D+00  0.0000000D+00
  0.2640664D+01  0.1764584D+00 -0.6724434D+00  0.0000000D+00
  0.7319223D+01 -0.2275716D+01 -0.3746037D+00  0.0000000D+00
  0.1549508D+02  0.5317828D+01 -0.8793282D+00  0.0000000D+00
  0.1919769D+02  0.3654222D+01  0.5456016D+00  0.0000000D+00
  0.1018497D+02 -0.3744400D+00  0.1577899D+01  0.0000000D+00
  0.4949139D+01 -0.2749878D+01  0.2197504D+01  0.0000000D+00
 -0.2759310D+00 -0.4717768D-01  0.1661755D-01  0.0000000D+00
  0.2034332D+00 -0.3995174D+00 -0.1025800D+00  0.0000000D+00
 -0.9876534D+00  0.7266497D+00  0.1851151D+00  0.0000000D+00
  0.2168704D+01 -0.1486433D+01 -0.2909425D+00  0.0000000D+00
 -0.1547199D+01  0.2142161D+01  0.4642780D+00  0.0000000D+00
  0.3715762D+01 -0.3500950D+01 -0.6188788D+00  0.0000000D+00
 -0.7486445D+01  0.3401971D+01 -0.7913391D+00  0.0000000D+00
 -0.5014600D+00  0.3716365D+01 -0.2839562D+00  0.0000000D+00
 -0.4718981D+01 -0.5574419D+01  0.6280075D+00  0.0000000D+00
 -0.5155373D+01 -0.1643843D+01  0.1636943D+01  0.0000000D+00
 -0.5456058D+01  0.5515393D+00  0.2236761D+01  0.0000000D+00
 -0.2602743D+00 -0.2759506D-01 -0.1838915D-01  0.0000000D+00
  0.3409415D+00 -0.2034459D+00  0.4459601D-02  0.0000000D+00
  0.1362877D+01  0.3230953D+00 -0.3179435D-01  0.0000000D+00
 -0.2198530D+01 -0.6489397D+00  0.7820638D-01  0.0000000D+00
  0.2914473D+01  0.1691662D+01 -0.2761304D+00  0.0000000D+00
 -0.2961666D+01 -0.2711122D+01 -0.1716035D+00  0.0000000D+00
  0.7088704D+01  0.7553983D+01  0.2923636D+00  0.0000000D+00
 -0.4929041D+01 -0.1129407D+01  0.1804891D+01  0.0000000D+00
  0.4084900D+01 -0.4383953D+01 -0.1434045D+01  0.0000000D+00
  0.4043924D+01 -0.3812409D+01 -0.2293093D+01  0.0000000D+00
  0.4120422D+01 -0.3513258D+01 -0.2831286D+01  0.0000000D+00
 -0.1322379D+00 -0.8115646D-01 -0.1282343D-01  0.0000000D+00
  0.1095985D+00  0.1088603D+00  0.4323499D-01  0.0000000D+00
 -0.2363922D-01 -0.1253017D+00 -0.8689578D-01  0.0000000D+00
 -0.1910368D+01  0.9630571D+00  0.1432156D+00  0.0000000D+00
  0.3533525D+01 -0.1335883D+01 -0.5351416D+00  0.0000000D+00
 -0.8723927D+01  0.2874740D+01  0.7801533D+00  0.0000000D+00
  0.1776965D+02  0.5673610D+00 -0.1168787D+01  0.0000000D+00
 -0.1083753D+02  0.9749479D+00  0.6352919D+00  0.0000000D+00
 -0.7529896D+01 -0.5882439D+01 -0.2478743D+00  0.0000000D+00
 -0.1306822D+01 -0.6765818D+01  0.1050607D+00  0.0000000D+00
  0.2371980D+01 -0.7357248D+01  0.3016076D+00  0.0000000D+00
  0.5239997D+01  0.3330057D+02  0.7671985D+00  0.0000000D+00
 -0.5403093D+01 -0.1093638D+02 -0.3754579D+01  0.0000000D+00
  0.2719967D+01  0.6267149D+01  0.5317501D+01  0.0000000D+00
 -0.1474676D+01 -0.2127570D+01 -0.4199048D+01  0.0000000D+00
 -0.1751162D+02 -0.1659050D+02 -0.9948353D+01  0.0000000D+00
  0.2086393D+02  0.4764054D+01  0.4475996D+01  0.0000000D+00
 -0.8381853D+00 -0.1508753D+02 -0.2683271D+01  0.0000000D+00
  0.5186872D+01 -0.2335084D+02 -0.9830265D+00  0.0000000D+00
  0.2008076D+01 -0.9632096D+01  0.1319706D+01  0.0000000D+00
  0.7442658D+01  0.4860731D+01  0.4210343D+01  0.0000000D+00
  0.1058925D+02  0.1349972D+02  0.5927484D+01  0.0000000D+00
  0.5925382D+01  0.3998542D+02  0.3672727D+00  0.0000000D+00
 -0.7823607D+01 -0.1380939D+02 -0.5012337D+01  0.0000000D+00
  0.4792121D+01  0.8494365D+01  0.6323625D+01  0.0000000D+00
 -0.1020995D+02  0.3832322D+01 -0.5123559D+01  0.0000000D+00
 -0.7529391D+01 -0.1814583D+02 -0.1217651D+02  0.0000000D+00
  0.1931385D+02 -0.1293446D+02  0.6672707D+01  0.0000000D+00
 -0.3012235D+01  0.3179447D+02 -0.3212496D+01  0.0000000D+00
 -0.7658633D+00  0.1142261D+02  0.1847588D+01  0.0000000D+00
 -0.4228770D+01 -0.7656770D+01 -0.9584697D+00  0.0000000D+00
  0.7811920D+01 -0.3004069D+02 -0.2955179D+01  0.0000000D+00
  0.1482256D+02 -0.4335570D+02 -0.4155069D+01  0.0000000D+00
  0.1357854D+01  0.5635568D+01  0.2901339D+00  0.0000000D+00
  0.4979838D+01  0.6587737D-01  0.5491969D+00  0.0000000D+00
 -0.1216731D+02 -0.3468206D+00 -0.2939735D+00  0.0000000D+00
  0.1766764D+02  0.6858906D+01  0.7163071D+00  0.0000000D+00
 -0.1959103D+02  0.2823918D+01 -0.5008669D+01  0.0000000D+00
  0.1501861D+02  0.7464618D+01  0.1253883D+01  0.0000000D+00
 -0.6218789D+00  0.9046333D+01  0.7955673D+00  0.0000000D+00
 -0.1668174D+02  0.6914356D+01 -0.1040394D+01  0.0000000D+00
 -0.2051595D+01  0.6569193D+01 -0.1625851D+01  0.0000000D+00
  0.2353124D+02  0.4275888D+01  0.7411696D+00  0.0000000D+00
  0.3867318D+02  0.2929843D+01  0.2119443D+01  0.0000000D+00
  0.2939698D+01 -0.1987286D+00 -0.1685844D-01  0.0000000D+00
 -0.1993683D+01  0.5602384D+00  0.3321311D-01  0.0000000D+00
  0.2511950D+01 -0.1027197D+01 -0.7611351D-01  0.0000000D+00
 -0.3792454D+01  0.1702001D+01  0.1783439D+00  0.0000000D+00
  0.1548812D+01 -0.2468473D+01 -0.9394480D+00  0.0000000D+00
 -0.2574733D+01  0.4778390D+01  0.8584736D+00  0.0000000D+00
 -0.2449773D+02 -0.1133220D+02 -0.2980868D+01  0.0000000D+00
 -0.4202411D+01 -0.7355226D+01 -0.2011021D+01  0.0000000D+00
 -0.2408981D+00  0.4936948D+01  0.7915246D-01  0.0000000D+00
 -0.1366737D+01  0.5284643D+01  0.4275056D+00  0.0000000D+00
 -0.1979936D+01  0.5624594D+01  0.6547061D+00  0.0000000D+00
 -0.7243370D-01 -0.1973175D+00 -0.1145510D-01  0.0000000D+00
  0.2549153D+01 -0.5664836D-01  0.3242685D-01  0.0000000D+00
 -0.2283273D+01  0.1720176D+00 -0.9025182D-02  0.0000000D+00
  0.2326136D+01 -0.2474409D+00  0.3958220D-01  0.0000000D+00
 -0.3997500D+01  0.2515111D+00 -0.7480672D+00  0.0000000D+00
  0.9003279D+00  0.2039186D+01  0.1056281D+01  0.0000000D+00
  0.1620282D+02 -0.1112417D+01 -0.2081902D+01  0.0000000D+00
  0.2546674D+02 -0.1055920D+02 -0.2797844D+00  0.0000000D+00
  0.1185049D+02 -0.1434458D+02  0.1302888D+01  0.0000000D+00
  0.4839531D+01 -0.7202485D+01  0.1325129D+01  0.0000000D+00
  0.5822504D+00 -0.3062948D+01  0.1355623D+01  0.0000000D+00
  0.1355155D+01  0.3701194D+00  0.8457427D-02  0.0000000D+00
  0.2363872D+01 -0.4727187D+00  0.2724475D-01  0.0000000D+00
 -0.3636232D+01  0.6768805D+00 -0.7042585D-01  0.0000000D+00
  0.4839101D+01 -0.1233500D+01  0.1777515D+00  0.0000000D+00
 -0.1948172D+01  0.1508174D+01 -0.5825838D+00  0.0000000D+00
  0.4465232D+01 -0.3401893D+01  0.7977004D+00  0.0000000D+00
  0.7709020D+01  0.5353275D+01 -0.1148349D+01  0.0000000D+00
 -0.1058025D+02  0.9229609D+01  0.2758866D-03  0.0000000D+00
 -0.6557749D+01 -0.7882278D-01 -0.1094717D+01  0.0000000D+00
 -0.1657525D+01 -0.5188962D+00 -0.1640072D+01  0.0000000D+00
  0.1255217D+01 -0.8818110D+00 -0.1970913D+01  0.0000000D+00
  0.5617159D+00  0.1635787D+00  0.1029087D-01  0.0000000D+00
 -0.9928835D+00  0.4554486D+00 -0.7273426D-01  0.0000000D+00
  0.1365347D+01 -0.9010306D+00  0.1163460D+00  0.0000000D+00
 -0.1728505D+01  0.1452955D+01 -0.8098835D-01  0.0000000D+00
  0.5690175D+01 -0.1639395D+01 -0.7990030D+00  0.0000000D+00
 -0.1314569D+02  0.1054140D+01  0.3165142D+00  0.0000000D+00
  0.2921070D+01 -0.3151446D+01  0.6604506D+00  0.0000000D+00
 -0.5335990D+01  0.8628100D+01  0.1296452D+01  0.0000000D+00
 -0.1065270D+02  0.1518685D+02  0.3372479D+00  0.0000000D+00
 -0.5174776D+01  0.7948593D+01 -0.3181793D+00  0.0000000D+00
 -0.2027652D+01  0.3784843D+01 -0.7125077D+00  0.0000000D+00
  0.1956677D+00  0.1703045D+00 -0.1465189D-01  0.0000000D+00
 -0.1722584D+00 -0.4674421D-01  0.8102946D-01  0.0000000D+00
 -0.1703080D+00  0.6088766D-01 -0.1560787D+00  0.0000000D+00
  0.1642340D+01  0.1892951D+00  0.2544357D+00  0.0000000D+00
 -0.6373644D+01 -0.3282406D+00 -0.2902603D+00  0.0000000D+00
 -0.5414756D+00  0.1931348D+01  0.1084397D+01  0.0000000D+00
 -0.9481500D+01 -0.5575562D+01 -0.3065454D+01  0.0000000D+00
 -0.1026319D+00 -0.2291162D+01 -0.5865762D+00  0.0000000D+00
  0.8626694D+01 -0.1084207D+02  0.6071905D+00  0.0000000D+00
  0.6874592D+01 -0.6955807D+01  0.5244513D+00  0.0000000D+00
  0.5945807D+01 -0.4776070D+01  0.4892985D+00  0.0000000D+00
 -0.7153689D+00  0.3094567D+00  0.1887271D-02  0.0000000D+00
  0.6665916D+00 -0.3410631D+00  0.3194119D-01  0.0000000D+00
 -0.9059158D+00  0.5126412D+00 -0.5993537D-01  0.0000000D+00
  0.7214442D+00 -0.7898188D+00  0.1082786D+00  0.0000000D+00
 -0.3961872D+01  0.1181502D+01 -0.8379164D+00  0.0000000D+00
  0.7048964D+01 -0.1558585D+01  0.6580575D+00  0.0000000D+00
 -0.9627795D+01  0.3469809D+01 -0.3598277D+01  0.0000000D+00
 -0.2934606D+01  0.7869718D+01  0.4021113D+00  0.0000000D+00
 -0.9824111D+00  0.2806029D+01 -0.5510792D+00  0.0000000D+00
  0.1326637D+01  0.1228620D+01 -0.1267654D+01  0.0000000D+00
  0.2698806D+01  0.2480843D+00 -0.1697137D+01  0.0000000D+00
