  1  2   693 10944  4  4  9 11  7  1    0.00   24.00  100.00  600.00    0.00    6.28   45.00   45.00
  100.0  100.0  100.0  100.0  125.0  150.0  190.0  230.0  275.0  350.0  450.0  600.0  600.0  600.0  600.0
 -0.1100000D+02  0.0000000D+00  0.0000000D+00  0.0000000D+00
 -0.1100000D+02  0.0000000D+00  0.0000000D+00  0.0000000D+00
 -0.1100000D+02  0.0000000D+00  0.0000000D+00  0.0000000D+00
 -0.1100000D+02  0.0000000D+00  0.0000000D+00  0.0000000D+00
 -0.1100000D+02  0.0000000D+00  0.0000000D+00  0.0000000D+00
 -0.1100000D+02  0.0000000D+00  0.0000000D+00  0.0000000D+00
 -0.1100000D+02  0.0000000D+00  0.0000000D+00  0.0000000D+00
 -0.1100000D+02  0.0000000D+00  0.0000000D+00  0.0000000D+00
 -0.1100000D+02  0.0000000D+00  0.0000000D+00  0.0000000D+00
 -0.1100000D+02  0.0000000D+00  0.0000000D+00  0.0000000D+00
 -0.1100000D+02  0.0000000D+00  0.0000000D+00  0.0000000D+00
  0.1535717D-14  0.0000000D+00  0.0000000D+00  0.0000000D+00
 -0.8729854D-15  0.0000000D+00  0.0000000D+00  0.0000000D+00
 -0.1725406D-14  0.0000000D+00  0.0000000D+00  0.0000000D+00
  0.4081657D-15  0.0000000D+00  0.0000000D+00  0.0000000D+00
 -0.1259089D-14  0.0000000D+00  0.0000000D+00  0.0000000D+00
  0.2471709D-14  0.0000000D+00  0.0000000D+00  0.0000000D+00
 -0.2407259D-14  0.0000000D+00  0.0000000D+00  0.0000000D+00
 -0.1202999D-14  0.0000000D+00  0.0000000D+00  0.0000000D+00
  0.8964014D-15  0.0000000D+00  0.0000000D+00  0.0000000D+00
  0.2749666D-14  0.0000000D+00  0.0000000D+00  0.0000000D+00
  0.1479612D-14  0.0000000D+00  0.0000000D+00  0.0000000D+00
  0.1657351D-14  0.0000000D+00  0.0000000D+00  0.0000000D+00
 -0.1311293D-13  0.0000000D+00  0.0000000D+00  0.0000000D+00
  0.2686407D-13  0.0000000D+00  0.0000000D+00  0.0000000D+00
 -0.3077261D-13  0.0000000D+00  0.0000000D+00  0.0000000D+00
  0.3870448D-13  0.0000000D+00  0.0000000D+00  0.0000000D+00
 -0.6108780D-13  0.0000000D+00  0.0000000D+00  0.0000000D+00
  0.1368519D-12  0.0000000D+00  0.0000000D+00  0.0000000D+00
 -0.1881451D-12  0.0000000D+00  0.0000000D+00  0.0000000D+00
 -0.5845487D-14  0.0000000D+00  0.0000000D+00  0.0000000D+00
 -0.6663308D-14  0.0000000D+00  0.0000000D+00  0.0000000D+00
 -0.1653069D-14  0.0000000D+00  0.0000000D+00  0.0000000D+00
  0.2831343D-15  0.0000000D+00  0.0000000D+00  0.0000000D+00
 -0.3431463D-16  0.0000000D+00  0.0000000D+00  0.0000000D+00
  0.5561968D-15  0.0000000D+00  0.0000000D+00  0.0000000D+00
 -0.2824313D-15  0.0000000D+00  0.0000000D+00  0.0000000D+00
  0.2368118D-14  0.0000000D+00  0.0000000D+00  0.0000000D+00
 -0.7269850D-14  0.0000000D+00  0.0000000D+00  0.0000000D+00
  0.1820197D-13  0.0000000D+00  0.0000000D+00  0.0000000D+00
 -0.3116934D-13  0.0000000D+00  0.0000000D+00  0.0000000D+00
  0.3735044D-14  0.0000000D+00  0.0000000D+00  0.0000000D+00
  0.4209050D-16  0.0000000D+00  0.0000000D+00  0.0000000D+00
  0.3294158D-15  0.0000000D+00  0.0000000D+00  0.0000000D+00
  0.9808221D-15  0.0000000D+00  0.0000000D+00  0.0000000D+00
 -0.3414684D-14  0.0000000D+00  0.0000000D+00  0.0000000D+00
  0.9998641D-14  0.0000000D+00  0.0000000D+00  0.0000000D+00
 -0.1042369D-13  0.0000000D+00  0.0000000D+00  0.0000000D+00
  0.1182088D-13  0.0000000D+00  0.0000000D+00  0.0000000D+00
 -0.2189448D-13  0.0000000D+00  0.0000000D+00  0.0000000D+00
  0.4987013D-13  0.0000000D+00  0.0000000D+00  0.0000000D+00
 -0.6572923D-13  0.0000000D+00  0.0000000D+00  0.0000000D+00
 -0.1083763D-13  0.0000000D+00  0.0000000D+00  0.0000000D+00
 -0.3483944D-14  0.0000000D+00  0.0000000D+00  0.0000000D+00
 -0.1088453D-14  0.0000000D+00  0.0000000D+00  0.0000000D+00
 -0.8831142D-16  0.0000000D+00  0.0000000D+00  0.0000000D+00
  0.8688875D-15  0.0000000D+00  0.0000000D+00  0.0000000D+00
 -0.1559407D-14  0.0000000D+00  0.0000000D+00  0.0000000D+00
  0.9925456D-15  0.0000000D+00  0.0000000D+00  0.0000000D+00
 -0.1371747D-14  0.0000000D+00  0.0000000D+00  0.0000000D+00
  0.3245309D-14  0.0000000D+00  0.0000000D+00  0.0000000D+00
 -0.7695755D-14  0.0000000D+00  0.0000000D+00  0.0000000D+00
  0.8828506D-14  0.0000000D+00  0.0000000D+00  0.0000000D+00
 -0.2166827D-14  0.0000000D+00  0.0000000D+00  0.0000000D+00
 -0.2472537D-15  0.0000000D+00  0.0000000D+00  0.0000000D+00
  0.1435371D-14  0.0000000D+00  0.0000000D+00  0.0000000D+00
  0.8779025D-15  0.0000000D+00  0.0000000D+00  0.0000000D+00
 -0.3712037D-14  0.0000000D+00  0.0000000D+00  0.0000000D+00
  0.8460606D-14  0.0000000D+00  0.0000000D+00  0.0000000D+00
 -0.9039281D-14  0.0000000D+00  0.0000000D+00  0.0000000D+00
  0.1311315D-13  0.0000000D+00  0.0000000D+00  0.0000000D+00
 -0.2028750D-13  0.0000000D+00  0.0000000D+00  0.0000000D+00
  0.4524329D-13  0.0000000D+00  0.0000000D+00  0.0000000D+00
 -0.6217942D-13  0.0000000D+00  0.0000000D+00  0.0000000D+00
 -0.2828586D-14  0.0000000D+00  0.0000000D+00  0.0000000D+00
 -0.2824209D-14  0.0000000D+00  0.0000000D+00  0.0000000D+00
 -0.1856217D-14  0.0000000D+00  0.0000000D+00  0.0000000D+00
 -0.1337535D-15  0.0000000D+00  0.0000000D+00  0.0000000D+00
  0.1118174D-15  0.0000000D+00  0.0000000D+00  0.0000000D+00
 -0.1748276D-15  0.0000000D+00  0.0000000D+00  0.0000000D+00
 -0.5433404D-16  0.0000000D+00  0.0000000D+00  0.0000000D+00
  0.3654059D-15  0.0000000D+00  0.0000000D+00  0.0000000D+00
  0.1037294D-14  0.0000000D+00  0.0000000D+00  0.0000000D+00
 -0.2016006D-14  0.0000000D+00  0.0000000D+00  0.0000000D+00
  0.2453859D-14  0.0000000D+00  0.0000000D+00  0.0000000D+00
 -0.2493321D-15  0.0000000D+00  0.0000000D+00  0.0000000D+00
 -0.2660851D-15  0.0000000D+00  0.0000000D+00  0.0000000D+00
 -0.1521684D-15  0.0000000D+00  0.0000000D+00  0.0000000D+00
  0.3511837D-15  0.0000000D+00  0.0000000D+00  0.0000000D+00
 -0.1623476D-14  0.0000000D+00  0.0000000D+00  0.0000000D+00
  0.4849292D-14  0.0000000D+00  0.0000000D+00  0.0000000D+00
 -0.5014100D-14  0.0000000D+00  0.0000000D+00  0.0000000D+00
  0.5954266D-14  0.0000000D+00  0.0000000D+00  0.0000000D+00
 -0.8842561D-14  0.0000000D+00  0.0000000D+00  0.0000000D+00
  0.2193263D-13  0.0000000D+00  0.0000000D+00  0.0000000D+00
 -0.3027711D-13  0.0000000D+00  0.0000000D+00  0.0000000D+00
  0.8190864D-16  0.0000000D+00  0.0000000D+00  0.0000000D+00
 -0.1253696D-14  0.0000000D+00  0.0000000D+00  0.0000000D+00
 -0.1784252D-14  0.0000000D+00  0.0000000D+00  0.0000000D+00
  0.4795045D-13  0.0000000D+00  0.0000000D+00  0.0000000D+00
 -0.5351592D-13  0.0000000D+00  0.0000000D+00  0.0000000D+00
  0.1163665D-13  0.0000000D+00  0.0000000D+00  0.0000000D+00
 -0.1346072D-12  0.0000000D+00  0.0000000D+00  0.0000000D+00
  0.4932265D-13  0.0000000D+00  0.0000000D+00  0.0000000D+00
  0.1117826D-12  0.0000000D+00  0.0000000D+00  0.0000000D+00
 -0.3147043D-12  0.0000000D+00  0.0000000D+00  0.0000000D+00
  0.3713842D-12  0.0000000D+00  0.0000000D+00  0.0000000D+00
  0.4692232D-15  0.0000000D+00  0.0000000D+00  0.0000000D+00
  0.7172023D-14  0.0000000D+00  0.0000000D+00  0.0000000D+00
 -0.1848589D-13  0.0000000D+00  0.0000000D+00  0.0000000D+00
  0.4699723D-15  0.0000000D+00  0.0000000D+00  0.0000000D+00
  0.1143552D-14  0.0000000D+00  0.0000000D+00  0.0000000D+00
 -0.2131130D-14  0.0000000D+00  0.0000000D+00  0.0000000D+00
  0.6822195D-14  0.0000000D+00  0.0000000D+00  0.0000000D+00
 -0.6526918D-14  0.0000000D+00  0.0000000D+00  0.0000000D+00
  0.3816888D-14  0.0000000D+00  0.0000000D+00  0.0000000D+00
 -0.7718776D-14  0.0000000D+00  0.0000000D+00  0.0000000D+00
  0.1091697D-13  0.0000000D+00  0.0000000D+00  0.0000000D+00
 -0.7411534D-15  0.0000000D+00  0.0000000D+00  0.0000000D+00
 -0.3636074D-16  0.0000000D+00  0.0000000D+00  0.0000000D+00
  0.1556701D-14  0.0000000D+00  0.0000000D+00  0.0000000D+00
 -0.5431757D-14  0.0000000D+00  0.0000000D+00  0.0000000D+00
  0.1878743D-14  0.0000000D+00  0.0000000D+00  0.0000000D+00
 -0.1387309D-13  0.0000000D+00  0.0000000D+00  0.0000000D+00
  0.2825011D-13  0.0000000D+00  0.0000000D+00  0.0000000D+00
 -0.3719635D-13  0.0000000D+00  0.0000000D+00  0.0000000D+00
  0.3140724D-13  0.0000000D+00  0.0000000D+00  0.0000000D+00
 -0.7848582D-13  0.0000000D+00  0.0000000D+00  0.0000000D+00
  0.1000048D-12  0.0000000D+00  0.0000000D+00  0.0000000D+00
 -0.4268443D-14  0.0000000D+00  0.0000000D+00  0.0000000D+00
 -0.6990169D-14  0.0000000D+00  0.0000000D+00  0.0000000D+00
 -0.3793962D-14  0.0000000D+00  0.0000000D+00  0.0000000D+00
  0.1000785D-14  0.0000000D+00  0.0000000D+00  0.0000000D+00
 -0.2504087D-14  0.0000000D+00  0.0000000D+00  0.0000000D+00
  0.1566703D-14  0.0000000D+00  0.0000000D+00  0.0000000D+00
 -0.1980750D-14  0.0000000D+00  0.0000000D+00  0.0000000D+00
  0.1668822D-14  0.0000000D+00  0.0000000D+00  0.0000000D+00
 -0.4413487D-14  0.0000000D+00  0.0000000D+00  0.0000000D+00
  0.1136747D-13  0.0000000D+00  0.0000000D+00  0.0000000D+00
 -0.1448978D-13  0.0000000D+00  0.0000000D+00  0.0000000D+00
  0.6450375D-14  0.0000000D+00  0.0000000D+00  0.0000000D+00
 -0.1035921D-15  0.0000000D+00  0.0000000D+00  0.0000000D+00
 -0.2225867D-14  0.0000000D+00  0.0000000D+00  0.0000000D+00
 -0.1674405D-14  0.0000000D+00  0.0000000D+00  0.0000000D+00
  0.1948071D-14  0.0000000D+00  0.0000000D+00  0.0000000D+00
 -0.8736160D-14  0.0000000D+00  0.0000000D+00  0.0000000D+00
  0.1388332D-13  0.0000000D+00  0.0000000D+00  0.0000000D+00
 -0.1922300D-13  0.0000000D+00  0.0000000D+00  0.0000000D+00
  0.1775729D-13  0.0000000D+00  0.0000000D+00  0.0000000D+00
 -0.4117344D-13  0.0000000D+00  0.0000000D+00  0.0000000D+00
  0.4994071D-13  0.0000000D+00  0.0000000D+00  0.0000000D+00
 -0.3430362D-14  0.0000000D+00  0.0000000D+00  0.0000000D+00
 -0.2456076D-14  0.0000000D+00  0.0000000D+00  0.0000000D+00
  0.5674637D-15  0.0000000D+00  0.0000000D+00  0.0000000D+00
  0.1388229D-15  0.0000000D+00  0.0000000D+00  0.0000000D+00
 -0.2101385D-14  0.0000000D+00  0.0000000D+00  0.0000000D+00
  0.1337266D-14  0.0000000D+00  0.0000000D+00  0.0000000D+00
 -0.1409675D-14  0.0000000D+00  0.0000000D+00  0.0000000D+00
  0.1778693D-14  0.0000000D+00  0.0000000D+00  0.0000000D+00
 -0.2430328D-14  0.0000000D+00  0.0000000D+00  0.0000000D+00
  0.3583251D-14  0.0000000D+00  0.0000000D+00  0.0000000D+00
 -0.6670982D-14  0.0000000D+00  0.0000000D+00  0.0000000D+00
 -0.2373247D-14  0.0000000D+00  0.0000000D+00  0.0000000D+00
 -0.2289478D-15  0.0000000D+00  0.0000000D+00  0.0000000D+00
  0.2137992D-14  0.0000000D+00  0.0000000D+00  0.0000000D+00
 -0.1320569D-14  0.0000000D+00  0.0000000D+00  0.0000000D+00
  0.1396680D-14  0.0000000D+00  0.0000000D+00  0.0000000D+00
 -0.5768751D-14  0.0000000D+00  0.0000000D+00  0.0000000D+00
  0.9052388D-14  0.0000000D+00  0.0000000D+00  0.0000000D+00
 -0.1078378D-13  0.0000000D+00  0.0000000D+00  0.0000000D+00
  0.7029743D-14  0.0000000D+00  0.0000000D+00  0.0000000D+00
 -0.1801922D-13  0.0000000D+00  0.0000000D+00  0.0000000D+00
  0.2147809D-13  0.0000000D+00  0.0000000D+00  0.0000000D+00
  0.6696356D-17  0.0000000D+00  0.0000000D+00  0.0000000D+00
 -0.1332850D-14  0.0000000D+00  0.0000000D+00  0.0000000D+00
  0.2037738D-15  0.0000000D+00  0.0000000D+00  0.0000000D+00
 -0.2824145D-15  0.0000000D+00  0.0000000D+00  0.0000000D+00
  0.1216225D-14  0.0000000D+00  0.0000000D+00  0.0000000D+00
 -0.9705492D-15  0.0000000D+00  0.0000000D+00  0.0000000D+00
  0.1264067D-14  0.0000000D+00  0.0000000D+00  0.0000000D+00
 -0.1996227D-14  0.0000000D+00  0.0000000D+00  0.0000000D+00
  0.4997008D-14  0.0000000D+00  0.0000000D+00  0.0000000D+00
 -0.7947054D-14  0.0000000D+00  0.0000000D+00  0.0000000D+00
  0.1047994D-13  0.0000000D+00  0.0000000D+00  0.0000000D+00
 -0.1646952D-14  0.0000000D+00  0.0000000D+00  0.0000000D+00
 -0.2854168D-15  0.0000000D+00  0.0000000D+00  0.0000000D+00
 -0.2284653D-15  0.0000000D+00  0.0000000D+00  0.0000000D+00
 -0.1061803D-14  0.0000000D+00  0.0000000D+00  0.0000000D+00
  0.6863693D-15  0.0000000D+00  0.0000000D+00  0.0000000D+00
 -0.4897091D-14  0.0000000D+00  0.0000000D+00  0.0000000D+00
  0.6994674D-14  0.0000000D+00  0.0000000D+00  0.0000000D+00
 -0.8848190D-14  0.0000000D+00  0.0000000D+00  0.0000000D+00
  0.1030108D-13  0.0000000D+00  0.0000000D+00  0.0000000D+00
 -0.2362814D-13  0.0000000D+00  0.0000000D+00  0.0000000D+00
  0.3136728D-13  0.0000000D+00  0.0000000D+00  0.0000000D+00
  0.2456871D-14  0.0000000D+00  0.0000000D+00  0.0000000D+00
 -0.7200133D-15  0.0000000D+00  0.0000000D+00  0.0000000D+00
 -0.1636717D-14  0.0000000D+00  0.0000000D+00  0.0000000D+00
  0.4495287D-13  0.0000000D+00  0.0000000D+00  0.0000000D+00
 -0.1351633D-12  0.0000000D+00  0.0000000D+00  0.0000000D+00
  0.3836064D-12  0.0000000D+00  0.0000000D+00  0.0000000D+00
 -0.4513519D-12  0.0000000D+00  0.0000000D+00  0.0000000D+00
  0.6026609D-12  0.0000000D+00  0.0000000D+00  0.0000000D+00
 -0.8062283D-12  0.0000000D+00  0.0000000D+00  0.0000000D+00
  0.1842491D-11  0.0000000D+00  0.0000000D+00  0.0000000D+00
 -0.2481175D-11  0.0000000D+00  0.0000000D+00  0.0000000D+00
 -0.6624597D-13  0.0000000D+00  0.0000000D+00  0.0000000D+00
 -0.4756110D-13  0.0000000D+00  0.0000000D+00  0.0000000D+00
 -0.3816116D-13  0.0000000D+00  0.0000000D+00  0.0000000D+00
  0.5062135D-15  0.0000000D+00  0.0000000D+00  0.0000000D+00
  0.8189007D-15  0.0000000D+00  0.0000000D+00  0.0000000D+00
 -0.2872904D-15  0.0000000D+00  0.0000000D+00  0.0000000D+00
 -0.1699419D-14  0.0000000D+00  0.0000000D+00  0.0000000D+00
  0.1345498D-14  0.0000000D+00  0.0000000D+00  0.0000000D+00
 -0.2067725D-14  0.0000000D+00  0.0000000D+00  0.0000000D+00
  0.1785123D-14  0.0000000D+00  0.0000000D+00  0.0000000D+00
  0.4684624D-14  0.0000000D+00  0.0000000D+00  0.0000000D+00
  0.5138882D-15  0.0000000D+00  0.0000000D+00  0.0000000D+00
  0.2884095D-15  0.0000000D+00  0.0000000D+00  0.0000000D+00
 -0.6842442D-15  0.0000000D+00  0.0000000D+00  0.0000000D+00
  0.7717105D-14  0.0000000D+00  0.0000000D+00  0.0000000D+00
 -0.1340103D-13  0.0000000D+00  0.0000000D+00  0.0000000D+00
  0.6678349D-14  0.0000000D+00  0.0000000D+00  0.0000000D+00
 -0.2611646D-13  0.0000000D+00  0.0000000D+00  0.0000000D+00
  0.1287026D-13  0.0000000D+00  0.0000000D+00  0.0000000D+00
  0.5658803D-14  0.0000000D+00  0.0000000D+00  0.0000000D+00
 -0.2750083D-13  0.0000000D+00  0.0000000D+00  0.0000000D+00
  0.2787746D-13  0.0000000D+00  0.0000000D+00  0.0000000D+00
 -0.5065182D-14  0.0000000D+00  0.0000000D+00  0.0000000D+00
 -0.1986939D-14  0.0000000D+00  0.0000000D+00  0.0000000D+00
 -0.4695433D-14  0.0000000D+00  0.0000000D+00  0.0000000D+00
 -0.3921778D-17  0.0000000D+00  0.0000000D+00  0.0000000D+00
 -0.1036382D-14  0.0000000D+00  0.0000000D+00  0.0000000D+00
  0.8865128D-15  0.0000000D+00  0.0000000D+00  0.0000000D+00
 -0.9135480D-15  0.0000000D+00  0.0000000D+00  0.0000000D+00
  0.9923114D-16  0.0000000D+00  0.0000000D+00  0.0000000D+00
 -0.8407543D-15  0.0000000D+00  0.0000000D+00  0.0000000D+00
 -0.3249540D-14  0.0000000D+00  0.0000000D+00  0.0000000D+00
  0.6610721D-14  0.0000000D+00  0.0000000D+00  0.0000000D+00
 -0.4711043D-14  0.0000000D+00  0.0000000D+00  0.0000000D+00
 -0.9265370D-15  0.0000000D+00  0.0000000D+00  0.0000000D+00
  0.9849604D-15  0.0000000D+00  0.0000000D+00  0.0000000D+00
  0.5164450D-14  0.0000000D+00  0.0000000D+00  0.0000000D+00
 -0.4933440D-14  0.0000000D+00  0.0000000D+00  0.0000000D+00
  0.8083599D-15  0.0000000D+00  0.0000000D+00  0.0000000D+00
 -0.7632293D-14  0.0000000D+00  0.0000000D+00  0.0000000D+00
 -0.1604680D-14  0.0000000D+00  0.0000000D+00  0.0000000D+00
  0.2153977D-13  0.0000000D+00  0.0000000D+00  0.0000000D+00
 -0.5479483D-13  0.0000000D+00  0.0000000D+00  0.0000000D+00
  0.7395566D-13  0.0000000D+00  0.0000000D+00  0.0000000D+00
 -0.3344208D-14  0.0000000D+00  0.0000000D+00  0.0000000D+00
  0.1132018D-14  0.0000000D+00  0.0000000D+00  0.0000000D+00
 -0.1922526D-14  0.0000000D+00  0.0000000D+00  0.0000000D+00
 -0.2449910D-15  0.0000000D+00  0.0000000D+00  0.0000000D+00
  0.2445873D-15  0.0000000D+00  0.0000000D+00  0.0000000D+00
 -0.4347093D-15  0.0000000D+00  0.0000000D+00  0.0000000D+00
  0.3756044D-15  0.0000000D+00  0.0000000D+00  0.0000000D+00
 -0.3145706D-15  0.0000000D+00  0.0000000D+00  0.0000000D+00
  0.1117224D-16  0.0000000D+00  0.0000000D+00  0.0000000D+00
 -0.1420306D-14  0.0000000D+00  0.0000000D+00  0.0000000D+00
  0.2376596D-14  0.0000000D+00  0.0000000D+00  0.0000000D+00
  0.6200067D-14  0.0000000D+00  0.0000000D+00  0.0000000D+00
  0.5229257D-15  0.0000000D+00  0.0000000D+00  0.0000000D+00
 -0.2392264D-14  0.0000000D+00  0.0000000D+00  0.0000000D+00
  0.2525578D-14  0.0000000D+00  0.0000000D+00  0.0000000D+00
 -0.5205220D-15  0.0000000D+00  0.0000000D+00  0.0000000D+00
 -0.2810293D-14  0.0000000D+00  0.0000000D+00  0.0000000D+00
 -0.6734338D-14  0.0000000D+00  0.0000000D+00  0.0000000D+00
  0.1150034D-14  0.0000000D+00  0.0000000D+00  0.0000000D+00
  0.8948108D-14  0.0000000D+00  0.0000000D+00  0.0000000D+00
 -0.2528420D-13  0.0000000D+00  0.0000000D+00  0.0000000D+00
  0.3201389D-13  0.0000000D+00  0.0000000D+00  0.0000000D+00
 -0.1371915D-14  0.0000000D+00  0.0000000D+00  0.0000000D+00
 -0.9586124D-15  0.0000000D+00  0.0000000D+00  0.0000000D+00
 -0.2643123D-14  0.0000000D+00  0.0000000D+00  0.0000000D+00
 -0.1079034D-15  0.0000000D+00  0.0000000D+00  0.0000000D+00
 -0.1788990D-16  0.0000000D+00  0.0000000D+00  0.0000000D+00
 -0.7394245D-16  0.0000000D+00  0.0000000D+00  0.0000000D+00
 -0.5524167D-15  0.0000000D+00  0.0000000D+00  0.0000000D+00
  0.1337065D-14  0.0000000D+00  0.0000000D+00  0.0000000D+00
 -0.3588067D-14  0.0000000D+00  0.0000000D+00  0.0000000D+00
  0.7702457D-14  0.0000000D+00  0.0000000D+00  0.0000000D+00
 -0.8198655D-14  0.0000000D+00  0.0000000D+00  0.0000000D+00
 -0.8144276D-15  0.0000000D+00  0.0000000D+00  0.0000000D+00
  0.3749270D-16  0.0000000D+00  0.0000000D+00  0.0000000D+00
  0.7740885D-15  0.0000000D+00  0.0000000D+00  0.0000000D+00
  0.2034523D-14  0.0000000D+00  0.0000000D+00  0.0000000D+00
 -0.1635855D-14  0.0000000D+00  0.0000000D+00  0.0000000D+00
 -0.5585561D-15  0.0000000D+00  0.0000000D+00  0.0000000D+00
 -0.4988490D-14  0.0000000D+00  0.0000000D+00  0.0000000D+00
  0.5456056D-15  0.0000000D+00  0.0000000D+00  0.0000000D+00
  0.7318160D-14  0.0000000D+00  0.0000000D+00  0.0000000D+00
 -0.1805796D-13  0.0000000D+00  0.0000000D+00  0.0000000D+00
  0.2339969D-13  0.0000000D+00  0.0000000D+00  0.0000000D+00
  0.1298089D-15  0.0000000D+00  0.0000000D+00  0.0000000D+00
 -0.1070600D-15  0.0000000D+00  0.0000000D+00  0.0000000D+00
 -0.2572077D-14  0.0000000D+00  0.0000000D+00  0.0000000D+00
 -0.8533705D-14  0.0000000D+00  0.0000000D+00  0.0000000D+00
  0.1950787D-13  0.0000000D+00  0.0000000D+00  0.0000000D+00
 -0.3219667D-13  0.0000000D+00  0.0000000D+00  0.0000000D+00
  0.6011158D-13  0.0000000D+00  0.0000000D+00  0.0000000D+00
 -0.1019829D-12  0.0000000D+00  0.0000000D+00  0.0000000D+00
  0.1410255D-12  0.0000000D+00  0.0000000D+00  0.0000000D+00
 -0.3248727D-12  0.0000000D+00  0.0000000D+00  0.0000000D+00
  0.5189586D-12  0.0000000D+00  0.0000000D+00  0.0000000D+00
 -0.1465972D-13  0.0000000D+00  0.0000000D+00  0.0000000D+00
  0.3826706D-15  0.0000000D+00  0.0000000D+00  0.0000000D+00
  0.1436371D-13  0.0000000D+00  0.0000000D+00  0.0000000D+00
  0.3411355D-14  0.0000000D+00  0.0000000D+00  0.0000000D+00
 -0.8428738D-14  0.0000000D+00  0.0000000D+00  0.0000000D+00
  0.6973930D-14  0.0000000D+00  0.0000000D+00  0.0000000D+00
 -0.7525288D-14  0.0000000D+00  0.0000000D+00  0.0000000D+00
  0.1026691D-13  0.0000000D+00  0.0000000D+00  0.0000000D+00
 -0.1096346D-13  0.0000000D+00  0.0000000D+00  0.0000000D+00
  0.2281657D-13  0.0000000D+00  0.0000000D+00  0.0000000D+00
 -0.3228031D-13  0.0000000D+00  0.0000000D+00  0.0000000D+00
 -0.8527412D-14  0.0000000D+00  0.0000000D+00  0.0000000D+00
 -0.7434703D-15  0.0000000D+00  0.0000000D+00  0.0000000D+00
  0.1596304D-14  0.0000000D+00  0.0000000D+00  0.0000000D+00
 -0.2162516D-14  0.0000000D+00  0.0000000D+00  0.0000000D+00
 -0.6153768D-14  0.0000000D+00  0.0000000D+00  0.0000000D+00
  0.1114904D-13  0.0000000D+00  0.0000000D+00  0.0000000D+00
  0.6534155D-14  0.0000000D+00  0.0000000D+00  0.0000000D+00
 -0.1575979D-13  0.0000000D+00  0.0000000D+00  0.0000000D+00
  0.4312156D-13  0.0000000D+00  0.0000000D+00  0.0000000D+00
 -0.8609224D-13  0.0000000D+00  0.0000000D+00  0.0000000D+00
  0.1281237D-12  0.0000000D+00  0.0000000D+00  0.0000000D+00
 -0.2697966D-13  0.0000000D+00  0.0000000D+00  0.0000000D+00
 -0.4759942D-14  0.0000000D+00  0.0000000D+00  0.0000000D+00
 -0.2117911D-14  0.0000000D+00  0.0000000D+00  0.0000000D+00
  0.5154617D-15  0.0000000D+00  0.0000000D+00  0.0000000D+00
 -0.1519910D-14  0.0000000D+00  0.0000000D+00  0.0000000D+00
  0.2455672D-14  0.0000000D+00  0.0000000D+00  0.0000000D+00
 -0.2196196D-14  0.0000000D+00  0.0000000D+00  0.0000000D+00
  0.3078484D-14  0.0000000D+00  0.0000000D+00  0.0000000D+00
 -0.6680056D-14  0.0000000D+00  0.0000000D+00  0.0000000D+00
  0.1596193D-13  0.0000000D+00  0.0000000D+00  0.0000000D+00
 -0.1938017D-13  0.0000000D+00  0.0000000D+00  0.0000000D+00
 -0.3472624D-15  0.0000000D+00  0.0000000D+00  0.0000000D+00
 -0.1725252D-14  0.0000000D+00  0.0000000D+00  0.0000000D+00
 -0.1473190D-14  0.0000000D+00  0.0000000D+00  0.0000000D+00
 -0.2011449D-15  0.0000000D+00  0.0000000D+00  0.0000000D+00
 -0.3294977D-14  0.0000000D+00  0.0000000D+00  0.0000000D+00
  0.4640144D-14  0.0000000D+00  0.0000000D+00  0.0000000D+00
  0.3192776D-14  0.0000000D+00  0.0000000D+00  0.0000000D+00
 -0.5710099D-14  0.0000000D+00  0.0000000D+00  0.0000000D+00
  0.2004326D-13  0.0000000D+00  0.0000000D+00  0.0000000D+00
 -0.4228461D-13  0.0000000D+00  0.0000000D+00  0.0000000D+00
  0.6335204D-13  0.0000000D+00  0.0000000D+00  0.0000000D+00
 -0.1210361D-13  0.0000000D+00  0.0000000D+00  0.0000000D+00
 -0.1878413D-14  0.0000000D+00  0.0000000D+00  0.0000000D+00
 -0.2705702D-15  0.0000000D+00  0.0000000D+00  0.0000000D+00
  0.1959388D-15  0.0000000D+00  0.0000000D+00  0.0000000D+00
 -0.9342952D-15  0.0000000D+00  0.0000000D+00  0.0000000D+00
 -0.6010128D-15  0.0000000D+00  0.0000000D+00  0.0000000D+00
  0.1884694D-14  0.0000000D+00  0.0000000D+00  0.0000000D+00
 -0.2104362D-14  0.0000000D+00  0.0000000D+00  0.0000000D+00
  0.5357341D-14  0.0000000D+00  0.0000000D+00  0.0000000D+00
 -0.1127224D-13  0.0000000D+00  0.0000000D+00  0.0000000D+00
  0.1689172D-13  0.0000000D+00  0.0000000D+00  0.0000000D+00
 -0.3262551D-16  0.0000000D+00  0.0000000D+00  0.0000000D+00
  0.1085946D-15  0.0000000D+00  0.0000000D+00  0.0000000D+00
 -0.2115231D-14  0.0000000D+00  0.0000000D+00  0.0000000D+00
 -0.3561313D-15  0.0000000D+00  0.0000000D+00  0.0000000D+00
 -0.3304699D-14  0.0000000D+00  0.0000000D+00  0.0000000D+00
  0.4131885D-14  0.0000000D+00  0.0000000D+00  0.0000000D+00
  0.1033496D-16  0.0000000D+00  0.0000000D+00  0.0000000D+00
 -0.1830102D-14  0.0000000D+00  0.0000000D+00  0.0000000D+00
  0.9593457D-14  0.0000000D+00  0.0000000D+00  0.0000000D+00
 -0.2163622D-13  0.0000000D+00  0.0000000D+00  0.0000000D+00
  0.2857480D-13  0.0000000D+00  0.0000000D+00  0.0000000D+00
 -0.2616047D-14  0.0000000D+00  0.0000000D+00  0.0000000D+00
 -0.4554044D-15  0.0000000D+00  0.0000000D+00  0.0000000D+00
  0.3514921D-15  0.0000000D+00  0.0000000D+00  0.0000000D+00
  0.4139529D-15  0.0000000D+00  0.0000000D+00  0.0000000D+00
 -0.1706245D-14  0.0000000D+00  0.0000000D+00  0.0000000D+00
  0.1771833D-14  0.0000000D+00  0.0000000D+00  0.0000000D+00
 -0.1033471D-14  0.0000000D+00  0.0000000D+00  0.0000000D+00
  0.2032842D-14  0.0000000D+00  0.0000000D+00  0.0000000D+00
 -0.2998090D-14  0.0000000D+00  0.0000000D+00  0.0000000D+00
  0.4586491D-14  0.0000000D+00  0.0000000D+00  0.0000000D+00
 -0.7430958D-14  0.0000000D+00  0.0000000D+00  0.0000000D+00
 -0.1766009D-14  0.0000000D+00  0.0000000D+00  0.0000000D+00
 -0.8376372D-15  0.0000000D+00  0.0000000D+00  0.0000000D+00
  0.7305575D-15  0.0000000D+00  0.0000000D+00  0.0000000D+00
  0.6438372D-16  0.0000000D+00  0.0000000D+00  0.0000000D+00
 -0.2632916D-14  0.0000000D+00  0.0000000D+00  0.0000000D+00
  0.2783390D-14  0.0000000D+00  0.0000000D+00  0.0000000D+00
  0.6635126D-15  0.0000000D+00  0.0000000D+00  0.0000000D+00
 -0.1346346D-14  0.0000000D+00  0.0000000D+00  0.0000000D+00
  0.8809679D-14  0.0000000D+00  0.0000000D+00  0.0000000D+00
 -0.1649299D-13  0.0000000D+00  0.0000000D+00  0.0000000D+00
  0.2499321D-13  0.0000000D+00  0.0000000D+00  0.0000000D+00
 -0.3443985D-14  0.0000000D+00  0.0000000D+00  0.0000000D+00
 -0.7343427D-15  0.0000000D+00  0.0000000D+00  0.0000000D+00
 -0.1442594D-14  0.0000000D+00  0.0000000D+00  0.0000000D+00
  0.1766558D-13  0.0000000D+00  0.0000000D+00  0.0000000D+00
 -0.3795773D-13  0.0000000D+00  0.0000000D+00  0.0000000D+00
  0.1116400D-12  0.0000000D+00  0.0000000D+00  0.0000000D+00
 -0.1536839D-12  0.0000000D+00  0.0000000D+00  0.0000000D+00
  0.2078786D-12  0.0000000D+00  0.0000000D+00  0.0000000D+00
 -0.3892217D-12  0.0000000D+00  0.0000000D+00  0.0000000D+00
  0.8550719D-12  0.0000000D+00  0.0000000D+00  0.0000000D+00
 -0.1198301D-11  0.0000000D+00  0.0000000D+00  0.0000000D+00
  0.5878095D-14  0.0000000D+00  0.0000000D+00  0.0000000D+00
 -0.2981737D-13  0.0000000D+00  0.0000000D+00  0.0000000D+00
 -0.1829161D-13  0.0000000D+00  0.0000000D+00  0.0000000D+00
  0.1906621D-16  0.0000000D+00  0.0000000D+00  0.0000000D+00
  0.5517157D-14  0.0000000D+00  0.0000000D+00  0.0000000D+00
 -0.7759189D-14  0.0000000D+00  0.0000000D+00  0.0000000D+00
  0.7896711D-14  0.0000000D+00  0.0000000D+00  0.0000000D+00
 -0.6034627D-14  0.0000000D+00  0.0000000D+00  0.0000000D+00
  0.9870957D-14  0.0000000D+00  0.0000000D+00  0.0000000D+00
 -0.3913035D-14  0.0000000D+00  0.0000000D+00  0.0000000D+00
  0.1166646D-13  0.0000000D+00  0.0000000D+00  0.0000000D+00
  0.6136212D-15  0.0000000D+00  0.0000000D+00  0.0000000D+00
  0.1189621D-14  0.0000000D+00  0.0000000D+00  0.0000000D+00
  0.3028205D-14  0.0000000D+00  0.0000000D+00  0.0000000D+00
 -0.1143264D-14  0.0000000D+00  0.0000000D+00  0.0000000D+00
 -0.2532901D-15  0.0000000D+00  0.0000000D+00  0.0000000D+00
 -0.7566267D-14  0.0000000D+00  0.0000000D+00  0.0000000D+00
  0.2216152D-13  0.0000000D+00  0.0000000D+00  0.0000000D+00
 -0.3277899D-13  0.0000000D+00  0.0000000D+00  0.0000000D+00
  0.4595111D-13  0.0000000D+00  0.0000000D+00  0.0000000D+00
 -0.1018303D-12  0.0000000D+00  0.0000000D+00  0.0000000D+00
  0.1536433D-12  0.0000000D+00  0.0000000D+00  0.0000000D+00
  0.3471659D-14  0.0000000D+00  0.0000000D+00  0.0000000D+00
  0.2972608D-14  0.0000000D+00  0.0000000D+00  0.0000000D+00
  0.6105794D-14  0.0000000D+00  0.0000000D+00  0.0000000D+00
  0.4107773D-15  0.0000000D+00  0.0000000D+00  0.0000000D+00
 -0.3236622D-14  0.0000000D+00  0.0000000D+00  0.0000000D+00
  0.3458254D-14  0.0000000D+00  0.0000000D+00  0.0000000D+00
 -0.3707830D-14  0.0000000D+00  0.0000000D+00  0.0000000D+00
  0.2891403D-14  0.0000000D+00  0.0000000D+00  0.0000000D+00
 -0.6618498D-16  0.0000000D+00  0.0000000D+00  0.0000000D+00
 -0.1209255D-14  0.0000000D+00  0.0000000D+00  0.0000000D+00
  0.3635855D-14  0.0000000D+00  0.0000000D+00  0.0000000D+00
  0.1003430D-14  0.0000000D+00  0.0000000D+00  0.0000000D+00
  0.1526201D-14  0.0000000D+00  0.0000000D+00  0.0000000D+00
  0.1317738D-14  0.0000000D+00  0.0000000D+00  0.0000000D+00
  0.6412474D-15  0.0000000D+00  0.0000000D+00  0.0000000D+00
  0.3806997D-15  0.0000000D+00  0.0000000D+00  0.0000000D+00
 -0.4930690D-14  0.0000000D+00  0.0000000D+00  0.0000000D+00
  0.9483929D-14  0.0000000D+00  0.0000000D+00  0.0000000D+00
 -0.1762288D-13  0.0000000D+00  0.0000000D+00  0.0000000D+00
  0.2217887D-13  0.0000000D+00  0.0000000D+00  0.0000000D+00
 -0.5051659D-13  0.0000000D+00  0.0000000D+00  0.0000000D+00
  0.8762547D-13  0.0000000D+00  0.0000000D+00  0.0000000D+00
 -0.6957492D-14  0.0000000D+00  0.0000000D+00  0.0000000D+00
 -0.1250719D-14  0.0000000D+00  0.0000000D+00  0.0000000D+00
  0.3345507D-14  0.0000000D+00  0.0000000D+00  0.0000000D+00
 -0.8411351D-15  0.0000000D+00  0.0000000D+00  0.0000000D+00
  0.1528059D-14  0.0000000D+00  0.0000000D+00  0.0000000D+00
 -0.1309381D-14  0.0000000D+00  0.0000000D+00  0.0000000D+00
  0.1352421D-14  0.0000000D+00  0.0000000D+00  0.0000000D+00
 -0.1607534D-14  0.0000000D+00  0.0000000D+00  0.0000000D+00
  0.2317874D-14  0.0000000D+00  0.0000000D+00  0.0000000D+00
 -0.1546781D-14  0.0000000D+00  0.0000000D+00  0.0000000D+00
  0.2646925D-14  0.0000000D+00  0.0000000D+00  0.0000000D+00
 -0.1119561D-14  0.0000000D+00  0.0000000D+00  0.0000000D+00
 -0.6901555D-16  0.0000000D+00  0.0000000D+00  0.0000000D+00
 -0.5628555D-15  0.0000000D+00  0.0000000D+00  0.0000000D+00
 -0.7445069D-15  0.0000000D+00  0.0000000D+00  0.0000000D+00
  0.1942140D-14  0.0000000D+00  0.0000000D+00  0.0000000D+00
 -0.3870572D-14  0.0000000D+00  0.0000000D+00  0.0000000D+00
  0.7319434D-14  0.0000000D+00  0.0000000D+00  0.0000000D+00
 -0.1338281D-13  0.0000000D+00  0.0000000D+00  0.0000000D+00
  0.1993353D-13  0.0000000D+00  0.0000000D+00  0.0000000D+00
 -0.4498926D-13  0.0000000D+00  0.0000000D+00  0.0000000D+00
  0.7135521D-13  0.0000000D+00  0.0000000D+00  0.0000000D+00
 -0.2423227D-14  0.0000000D+00  0.0000000D+00  0.0000000D+00
 -0.5492411D-15  0.0000000D+00  0.0000000D+00  0.0000000D+00
  0.3647295D-15  0.0000000D+00  0.0000000D+00  0.0000000D+00
 -0.2626620D-15  0.0000000D+00  0.0000000D+00  0.0000000D+00
  0.3094385D-15  0.0000000D+00  0.0000000D+00  0.0000000D+00
 -0.1004534D-14  0.0000000D+00  0.0000000D+00  0.0000000D+00
  0.7653052D-15  0.0000000D+00  0.0000000D+00  0.0000000D+00
 -0.6129324D-15  0.0000000D+00  0.0000000D+00  0.0000000D+00
 -0.1488030D-14  0.0000000D+00  0.0000000D+00  0.0000000D+00
  0.4748115D-14  0.0000000D+00  0.0000000D+00  0.0000000D+00
 -0.3170095D-14  0.0000000D+00  0.0000000D+00  0.0000000D+00
  0.2667640D-14  0.0000000D+00  0.0000000D+00  0.0000000D+00
  0.6559362D-15  0.0000000D+00  0.0000000D+00  0.0000000D+00
 -0.1197040D-15  0.0000000D+00  0.0000000D+00  0.0000000D+00
 -0.7154903D-15  0.0000000D+00  0.0000000D+00  0.0000000D+00
  0.5648258D-15  0.0000000D+00  0.0000000D+00  0.0000000D+00
 -0.3136817D-14  0.0000000D+00  0.0000000D+00  0.0000000D+00
  0.6202888D-14  0.0000000D+00  0.0000000D+00  0.0000000D+00
 -0.1039574D-13  0.0000000D+00  0.0000000D+00  0.0000000D+00
  0.1495279D-13  0.0000000D+00  0.0000000D+00  0.0000000D+00
 -0.3562319D-13  0.0000000D+00  0.0000000D+00  0.0000000D+00
  0.5615949D-13  0.0000000D+00  0.0000000D+00  0.0000000D+00
 -0.8273632D-15  0.0000000D+00  0.0000000D+00  0.0000000D+00
  0.6069817D-15  0.0000000D+00  0.0000000D+00  0.0000000D+00
  0.9162626D-15  0.0000000D+00  0.0000000D+00  0.0000000D+00
 -0.5681515D-14  0.0000000D+00  0.0000000D+00  0.0000000D+00
  0.1388048D-13  0.0000000D+00  0.0000000D+00  0.0000000D+00
  0.2597356D-14  0.0000000D+00  0.0000000D+00  0.0000000D+00
  0.1377497D-13  0.0000000D+00  0.0000000D+00  0.0000000D+00
 -0.1088356D-13  0.0000000D+00  0.0000000D+00  0.0000000D+00
  0.1911281D-13  0.0000000D+00  0.0000000D+00  0.0000000D+00
 -0.2906687D-13  0.0000000D+00  0.0000000D+00  0.0000000D+00
  0.5453249D-13  0.0000000D+00  0.0000000D+00  0.0000000D+00
 -0.3192750D-13  0.0000000D+00  0.0000000D+00  0.0000000D+00
 -0.7719351D-14  0.0000000D+00  0.0000000D+00  0.0000000D+00
 -0.3708886D-14  0.0000000D+00  0.0000000D+00  0.0000000D+00
  0.1957921D-14  0.0000000D+00  0.0000000D+00  0.0000000D+00
 -0.1638404D-14  0.0000000D+00  0.0000000D+00  0.0000000D+00
 -0.4287444D-15  0.0000000D+00  0.0000000D+00  0.0000000D+00
 -0.5010818D-14  0.0000000D+00  0.0000000D+00  0.0000000D+00
  0.6352702D-14  0.0000000D+00  0.0000000D+00  0.0000000D+00
 -0.1082317D-13  0.0000000D+00  0.0000000D+00  0.0000000D+00
  0.2490550D-13  0.0000000D+00  0.0000000D+00  0.0000000D+00
 -0.4359954D-13  0.0000000D+00  0.0000000D+00  0.0000000D+00
  0.9883600D-14  0.0000000D+00  0.0000000D+00  0.0000000D+00
 -0.1123711D-14  0.0000000D+00  0.0000000D+00  0.0000000D+00
 -0.4923222D-14  0.0000000D+00  0.0000000D+00  0.0000000D+00
 -0.3400977D-15  0.0000000D+00  0.0000000D+00  0.0000000D+00
 -0.7769685D-15  0.0000000D+00  0.0000000D+00  0.0000000D+00
  0.4335989D-14  0.0000000D+00  0.0000000D+00  0.0000000D+00
 -0.3195597D-14  0.0000000D+00  0.0000000D+00  0.0000000D+00
  0.8681694D-14  0.0000000D+00  0.0000000D+00  0.0000000D+00
 -0.3330131D-13  0.0000000D+00  0.0000000D+00  0.0000000D+00
  0.8348236D-13  0.0000000D+00  0.0000000D+00  0.0000000D+00
 -0.1299037D-12  0.0000000D+00  0.0000000D+00  0.0000000D+00
  0.2031331D-13  0.0000000D+00  0.0000000D+00  0.0000000D+00
  0.4860560D-14  0.0000000D+00  0.0000000D+00  0.0000000D+00
 -0.4603349D-15  0.0000000D+00  0.0000000D+00  0.0000000D+00
  0.7111112D-15  0.0000000D+00  0.0000000D+00  0.0000000D+00
 -0.3491112D-14  0.0000000D+00  0.0000000D+00  0.0000000D+00
  0.2983791D-14  0.0000000D+00  0.0000000D+00  0.0000000D+00
 -0.5546887D-14  0.0000000D+00  0.0000000D+00  0.0000000D+00
  0.8216496D-14  0.0000000D+00  0.0000000D+00  0.0000000D+00
 -0.1155661D-13  0.0000000D+00  0.0000000D+00  0.0000000D+00
  0.2146932D-13  0.0000000D+00  0.0000000D+00  0.0000000D+00
 -0.3282521D-13  0.0000000D+00  0.0000000D+00  0.0000000D+00
  0.9433078D-14  0.0000000D+00  0.0000000D+00  0.0000000D+00
  0.4957880D-15  0.0000000D+00  0.0000000D+00  0.0000000D+00
 -0.1276353D-14  0.0000000D+00  0.0000000D+00  0.0000000D+00
  0.2171021D-15  0.0000000D+00  0.0000000D+00  0.0000000D+00
 -0.3237184D-14  0.0000000D+00  0.0000000D+00  0.0000000D+00
  0.3755484D-14  0.0000000D+00  0.0000000D+00  0.0000000D+00
 -0.4304650D-14  0.0000000D+00  0.0000000D+00  0.0000000D+00
  0.1079661D-13  0.0000000D+00  0.0000000D+00  0.0000000D+00
 -0.2356650D-13  0.0000000D+00  0.0000000D+00  0.0000000D+00
  0.5628205D-13  0.0000000D+00  0.0000000D+00  0.0000000D+00
 -0.8300033D-13  0.0000000D+00  0.0000000D+00  0.0000000D+00
  0.3806452D-14  0.0000000D+00  0.0000000D+00  0.0000000D+00
  0.2225605D-14  0.0000000D+00  0.0000000D+00  0.0000000D+00
  0.3458530D-14  0.0000000D+00  0.0000000D+00  0.0000000D+00
  0.1878020D-15  0.0000000D+00  0.0000000D+00  0.0000000D+00
 -0.7659291D-15  0.0000000D+00  0.0000000D+00  0.0000000D+00
  0.6360735D-15  0.0000000D+00  0.0000000D+00  0.0000000D+00
 -0.1601648D-14  0.0000000D+00  0.0000000D+00  0.0000000D+00
  0.4509467D-15  0.0000000D+00  0.0000000D+00  0.0000000D+00
  0.2759641D-15  0.0000000D+00  0.0000000D+00  0.0000000D+00
  0.2269762D-14  0.0000000D+00  0.0000000D+00  0.0000000D+00
 -0.3332986D-14  0.0000000D+00  0.0000000D+00  0.0000000D+00
 -0.6488717D-14  0.0000000D+00  0.0000000D+00  0.0000000D+00
 -0.2690932D-14  0.0000000D+00  0.0000000D+00  0.0000000D+00
 -0.1088952D-15  0.0000000D+00  0.0000000D+00  0.0000000D+00
 -0.9093496D-15  0.0000000D+00  0.0000000D+00  0.0000000D+00
 -0.2515877D-14  0.0000000D+00  0.0000000D+00  0.0000000D+00
  0.3851785D-14  0.0000000D+00  0.0000000D+00  0.0000000D+00
 -0.4563074D-14  0.0000000D+00  0.0000000D+00  0.0000000D+00
  0.8527023D-14  0.0000000D+00  0.0000000D+00  0.0000000D+00
 -0.1704225D-13  0.0000000D+00  0.0000000D+00  0.0000000D+00
  0.3820424D-13  0.0000000D+00  0.0000000D+00  0.0000000D+00
 -0.5460360D-13  0.0000000D+00  0.0000000D+00  0.0000000D+00
  0.7532344D-14  0.0000000D+00  0.0000000D+00  0.0000000D+00
  0.2205684D-14  0.0000000D+00  0.0000000D+00  0.0000000D+00
  0.1368569D-14  0.0000000D+00  0.0000000D+00  0.0000000D+00
 -0.3711696D-15  0.0000000D+00  0.0000000D+00  0.0000000D+00
  0.6077766D-15  0.0000000D+00  0.0000000D+00  0.0000000D+00
  0.1162464D-15  0.0000000D+00  0.0000000D+00  0.0000000D+00
  0.6018372D-16  0.0000000D+00  0.0000000D+00  0.0000000D+00
  0.9570894D-15  0.0000000D+00  0.0000000D+00  0.0000000D+00
 -0.3230122D-14  0.0000000D+00  0.0000000D+00  0.0000000D+00
  0.5245515D-14  0.0000000D+00  0.0000000D+00  0.0000000D+00
 -0.7635260D-14  0.0000000D+00  0.0000000D+00  0.0000000D+00
  0.4344690D-14  0.0000000D+00  0.0000000D+00  0.0000000D+00
  0.7504854D-15  0.0000000D+00  0.0000000D+00  0.0000000D+00
 -0.7797184D-15  0.0000000D+00  0.0000000D+00  0.0000000D+00
 -0.8849735D-15  0.0000000D+00  0.0000000D+00  0.0000000D+00
 -0.1419256D-15  0.0000000D+00  0.0000000D+00  0.0000000D+00
  0.7990467D-15  0.0000000D+00  0.0000000D+00  0.0000000D+00
 -0.1284130D-15  0.0000000D+00  0.0000000D+00  0.0000000D+00
  0.2800074D-14  0.0000000D+00  0.0000000D+00  0.0000000D+00
 -0.1133066D-13  0.0000000D+00  0.0000000D+00  0.0000000D+00
  0.2637230D-13  0.0000000D+00  0.0000000D+00  0.0000000D+00
 -0.3721997D-13  0.0000000D+00  0.0000000D+00  0.0000000D+00
  0.6029264D-14  0.0000000D+00  0.0000000D+00  0.0000000D+00
  0.1868399D-14  0.0000000D+00  0.0000000D+00  0.0000000D+00
  0.1076850D-14  0.0000000D+00  0.0000000D+00  0.0000000D+00
  0.1065587D-13  0.0000000D+00  0.0000000D+00  0.0000000D+00
 -0.2663942D-13  0.0000000D+00  0.0000000D+00  0.0000000D+00
  0.7377929D-13  0.0000000D+00  0.0000000D+00  0.0000000D+00
 -0.7874228D-13  0.0000000D+00  0.0000000D+00  0.0000000D+00
  0.1057084D-12  0.0000000D+00  0.0000000D+00  0.0000000D+00
 -0.1560406D-12  0.0000000D+00  0.0000000D+00  0.0000000D+00
  0.3574980D-12  0.0000000D+00  0.0000000D+00  0.0000000D+00
 -0.4718302D-12  0.0000000D+00  0.0000000D+00  0.0000000D+00
 -0.4980397D-13  0.0000000D+00  0.0000000D+00  0.0000000D+00
 -0.3617939D-13  0.0000000D+00  0.0000000D+00  0.0000000D+00
 -0.1983471D-13  0.0000000D+00  0.0000000D+00  0.0000000D+00
  0.4699968D-15  0.0000000D+00  0.0000000D+00  0.0000000D+00
 -0.5226207D-14  0.0000000D+00  0.0000000D+00  0.0000000D+00
  0.4830335D-14  0.0000000D+00  0.0000000D+00  0.0000000D+00
 -0.2770905D-14  0.0000000D+00  0.0000000D+00  0.0000000D+00
 -0.6352124D-14  0.0000000D+00  0.0000000D+00  0.0000000D+00
  0.8631935D-14  0.0000000D+00  0.0000000D+00  0.0000000D+00
 -0.2248721D-13  0.0000000D+00  0.0000000D+00  0.0000000D+00
  0.3554102D-13  0.0000000D+00  0.0000000D+00  0.0000000D+00
 -0.2703719D-14  0.0000000D+00  0.0000000D+00  0.0000000D+00
  0.4498509D-14  0.0000000D+00  0.0000000D+00  0.0000000D+00
  0.3025595D-14  0.0000000D+00  0.0000000D+00  0.0000000D+00
 -0.3770539D-14  0.0000000D+00  0.0000000D+00  0.0000000D+00
  0.9101838D-14  0.0000000D+00  0.0000000D+00  0.0000000D+00
 -0.5181648D-14  0.0000000D+00  0.0000000D+00  0.0000000D+00
  0.1156059D-13  0.0000000D+00  0.0000000D+00  0.0000000D+00
 -0.1556880D-13  0.0000000D+00  0.0000000D+00  0.0000000D+00
  0.2676071D-13  0.0000000D+00  0.0000000D+00  0.0000000D+00
 -0.5053121D-13  0.0000000D+00  0.0000000D+00  0.0000000D+00
  0.7212479D-13  0.0000000D+00  0.0000000D+00  0.0000000D+00
 -0.1970605D-14  0.0000000D+00  0.0000000D+00  0.0000000D+00
 -0.1217286D-14  0.0000000D+00  0.0000000D+00  0.0000000D+00
 -0.6515435D-14  0.0000000D+00  0.0000000D+00  0.0000000D+00
  0.2865151D-15  0.0000000D+00  0.0000000D+00  0.0000000D+00
 -0.2337931D-14  0.0000000D+00  0.0000000D+00  0.0000000D+00
  0.2798606D-14  0.0000000D+00  0.0000000D+00  0.0000000D+00
 -0.2680395D-14  0.0000000D+00  0.0000000D+00  0.0000000D+00
  0.5440014D-14  0.0000000D+00  0.0000000D+00  0.0000000D+00
 -0.6484040D-14  0.0000000D+00  0.0000000D+00  0.0000000D+00
  0.9845354D-14  0.0000000D+00  0.0000000D+00  0.0000000D+00
 -0.1424412D-13  0.0000000D+00  0.0000000D+00  0.0000000D+00
 -0.1751495D-14  0.0000000D+00  0.0000000D+00  0.0000000D+00
 -0.9142134D-15  0.0000000D+00  0.0000000D+00  0.0000000D+00
 -0.1202573D-14  0.0000000D+00  0.0000000D+00  0.0000000D+00
 -0.1075319D-14  0.0000000D+00  0.0000000D+00  0.0000000D+00
  0.3502140D-14  0.0000000D+00  0.0000000D+00  0.0000000D+00
 -0.2438145D-14  0.0000000D+00  0.0000000D+00  0.0000000D+00
  0.6525189D-14  0.0000000D+00  0.0000000D+00  0.0000000D+00
 -0.8827177D-14  0.0000000D+00  0.0000000D+00  0.0000000D+00
  0.1404334D-13  0.0000000D+00  0.0000000D+00  0.0000000D+00
 -0.3031369D-13  0.0000000D+00  0.0000000D+00  0.0000000D+00
  0.4901595D-13  0.0000000D+00  0.0000000D+00  0.0000000D+00
 -0.1316358D-13  0.0000000D+00  0.0000000D+00  0.0000000D+00
 -0.2768734D-14  0.0000000D+00  0.0000000D+00  0.0000000D+00
 -0.8728108D-15  0.0000000D+00  0.0000000D+00  0.0000000D+00
 -0.9615863D-15  0.0000000D+00  0.0000000D+00  0.0000000D+00
  0.1310667D-14  0.0000000D+00  0.0000000D+00  0.0000000D+00
  0.5210413D-15  0.0000000D+00  0.0000000D+00  0.0000000D+00
 -0.1674367D-14  0.0000000D+00  0.0000000D+00  0.0000000D+00
  0.2893558D-14  0.0000000D+00  0.0000000D+00  0.0000000D+00
 -0.3982022D-14  0.0000000D+00  0.0000000D+00  0.0000000D+00
  0.1141216D-13  0.0000000D+00  0.0000000D+00  0.0000000D+00
 -0.1538613D-13  0.0000000D+00  0.0000000D+00  0.0000000D+00
 -0.6077264D-15  0.0000000D+00  0.0000000D+00  0.0000000D+00
  0.1976960D-15  0.0000000D+00  0.0000000D+00  0.0000000D+00
  0.8622424D-15  0.0000000D+00  0.0000000D+00  0.0000000D+00
 -0.1411848D-14  0.0000000D+00  0.0000000D+00  0.0000000D+00
  0.2375641D-14  0.0000000D+00  0.0000000D+00  0.0000000D+00
 -0.1075321D-14  0.0000000D+00  0.0000000D+00  0.0000000D+00
  0.3267991D-14  0.0000000D+00  0.0000000D+00  0.0000000D+00
 -0.4527071D-14  0.0000000D+00  0.0000000D+00  0.0000000D+00
  0.7870072D-14  0.0000000D+00  0.0000000D+00  0.0000000D+00
 -0.1711942D-13  0.0000000D+00  0.0000000D+00  0.0000000D+00
  0.2548826D-13  0.0000000D+00  0.0000000D+00  0.0000000D+00
 -0.5348827D-14  0.0000000D+00  0.0000000D+00  0.0000000D+00
 -0.7898129D-15  0.0000000D+00  0.0000000D+00  0.0000000D+00
 -0.7816439D-16  0.0000000D+00  0.0000000D+00  0.0000000D+00
  0.6282283D-16  0.0000000D+00  0.0000000D+00  0.0000000D+00
 -0.7787437D-15  0.0000000D+00  0.0000000D+00  0.0000000D+00
  0.8899675D-15  0.0000000D+00  0.0000000D+00  0.0000000D+00
 -0.9306845D-15  0.0000000D+00  0.0000000D+00  0.0000000D+00
  0.9846254D-15  0.0000000D+00  0.0000000D+00  0.0000000D+00
  0.1886203D-14  0.0000000D+00  0.0000000D+00  0.0000000D+00
 -0.3484245D-14  0.0000000D+00  0.0000000D+00  0.0000000D+00
  0.4869281D-14  0.0000000D+00  0.0000000D+00  0.0000000D+00
  0.4123809D-14  0.0000000D+00  0.0000000D+00  0.0000000D+00
  0.9753415D-15  0.0000000D+00  0.0000000D+00  0.0000000D+00
 -0.1794245D-14  0.0000000D+00  0.0000000D+00  0.0000000D+00
 -0.6387809D-15  0.0000000D+00  0.0000000D+00  0.0000000D+00
  0.2698728D-14  0.0000000D+00  0.0000000D+00  0.0000000D+00
 -0.1477586D-14  0.0000000D+00  0.0000000D+00  0.0000000D+00
  0.1783520D-14  0.0000000D+00  0.0000000D+00  0.0000000D+00
 -0.1985042D-14  0.0000000D+00  0.0000000D+00  0.0000000D+00
  0.4186479D-14  0.0000000D+00  0.0000000D+00  0.0000000D+00
 -0.8762627D-14  0.0000000D+00  0.0000000D+00  0.0000000D+00
  0.1159511D-13  0.0000000D+00  0.0000000D+00  0.0000000D+00
 -0.7471760D-14  0.0000000D+00  0.0000000D+00  0.0000000D+00
 -0.2171121D-14  0.0000000D+00  0.0000000D+00  0.0000000D+00
  0.4133601D-15  0.0000000D+00  0.0000000D+00  0.0000000D+00
