  2  2   693 10944  4  4  9 11  7  1    0.00   24.00  100.00  600.00    0.00    6.28   45.00   45.00
  100.0  100.0  100.0  100.0  125.0  150.0  190.0  230.0  275.0  350.0  450.0  600.0  600.0  600.0  600.0
 -0.6000000D+05  0.0000000D+00  0.0000000D+00  0.0000000D+00
 -0.6000000D+05  0.0000000D+00  0.0000000D+00  0.0000000D+00
 -0.6000000D+05  0.0000000D+00  0.0000000D+00  0.0000000D+00
 -0.6000000D+05  0.0000000D+00  0.0000000D+00  0.0000000D+00
 -0.6000000D+05  0.0000000D+00  0.0000000D+00  0.0000000D+00
 -0.6000000D+05  0.0000000D+00  0.0000000D+00  0.0000000D+00
 -0.6000000D+05  0.0000000D+00  0.0000000D+00  0.0000000D+00
 -0.6000000D+05  0.0000000D+00  0.0000000D+00  0.0000000D+00
 -0.6000000D+05  0.0000000D+00  0.0000000D+00  0.0000000D+00
 -0.6000000D+05  0.0000000D+00  0.0000000D+00  0.0000000D+00
 -0.6000000D+05  0.0000000D+00  0.0000000D+00  0.0000000D+00
  0.4220548D-11  0.0000000D+00  0.0000000D+00  0.0000000D+00
 -0.3818009D-11  0.0000000D+00  0.0000000D+00  0.0000000D+00
  0.9029749D-11  0.0000000D+00  0.0000000D+00  0.0000000D+00
 -0.1292987D-10  0.0000000D+00  0.0000000D+00  0.0000000D+00
  0.2344130D-10  0.0000000D+00  0.0000000D+00  0.0000000D+00
 -0.2301184D-10  0.0000000D+00  0.0000000D+00  0.0000000D+00
  0.1647298D-10  0.0000000D+00  0.0000000D+00  0.0000000D+00
 -0.3169372D-10  0.0000000D+00  0.0000000D+00  0.0000000D+00
  0.1072169D-10  0.0000000D+00  0.0000000D+00  0.0000000D+00
  0.1602870D-10  0.0000000D+00  0.0000000D+00  0.0000000D+00
  0.6571943D-11  0.0000000D+00  0.0000000D+00  0.0000000D+00
  0.1823777D-10  0.0000000D+00  0.0000000D+00  0.0000000D+00
 -0.3354742D-10  0.0000000D+00  0.0000000D+00  0.0000000D+00
  0.5827446D-10  0.0000000D+00  0.0000000D+00  0.0000000D+00
 -0.1405106D-09  0.0000000D+00  0.0000000D+00  0.0000000D+00
  0.2478061D-09  0.0000000D+00  0.0000000D+00  0.0000000D+00
 -0.3764786D-09  0.0000000D+00  0.0000000D+00  0.0000000D+00
  0.7341906D-09  0.0000000D+00  0.0000000D+00  0.0000000D+00
 -0.1006580D-08  0.0000000D+00  0.0000000D+00  0.0000000D+00
 -0.2644854D-10  0.0000000D+00  0.0000000D+00  0.0000000D+00
 -0.3781359D-10  0.0000000D+00  0.0000000D+00  0.0000000D+00
 -0.1406270D-10  0.0000000D+00  0.0000000D+00  0.0000000D+00
  0.1110582D-11  0.0000000D+00  0.0000000D+00  0.0000000D+00
  0.4954199D-11  0.0000000D+00  0.0000000D+00  0.0000000D+00
 -0.3817295D-11  0.0000000D+00  0.0000000D+00  0.0000000D+00
 -0.3182691D-11  0.0000000D+00  0.0000000D+00  0.0000000D+00
  0.2039125D-10  0.0000000D+00  0.0000000D+00  0.0000000D+00
 -0.5436757D-10  0.0000000D+00  0.0000000D+00  0.0000000D+00
  0.1316227D-09  0.0000000D+00  0.0000000D+00  0.0000000D+00
 -0.1985494D-09  0.0000000D+00  0.0000000D+00  0.0000000D+00
  0.2041102D-10  0.0000000D+00  0.0000000D+00  0.0000000D+00
 -0.2844965D-11  0.0000000D+00  0.0000000D+00  0.0000000D+00
 -0.3561128D-11  0.0000000D+00  0.0000000D+00  0.0000000D+00
  0.8883141D-11  0.0000000D+00  0.0000000D+00  0.0000000D+00
 -0.1023895D-10  0.0000000D+00  0.0000000D+00  0.0000000D+00
  0.2395154D-10  0.0000000D+00  0.0000000D+00  0.0000000D+00
 -0.5446051D-10  0.0000000D+00  0.0000000D+00  0.0000000D+00
  0.9278024D-10  0.0000000D+00  0.0000000D+00  0.0000000D+00
 -0.1469990D-09  0.0000000D+00  0.0000000D+00  0.0000000D+00
  0.2737895D-09  0.0000000D+00  0.0000000D+00  0.0000000D+00
 -0.3563451D-09  0.0000000D+00  0.0000000D+00  0.0000000D+00
 -0.5005826D-10  0.0000000D+00  0.0000000D+00  0.0000000D+00
 -0.1845247D-10  0.0000000D+00  0.0000000D+00  0.0000000D+00
 -0.1017832D-10  0.0000000D+00  0.0000000D+00  0.0000000D+00
  0.4185151D-12  0.0000000D+00  0.0000000D+00  0.0000000D+00
  0.4298966D-11  0.0000000D+00  0.0000000D+00  0.0000000D+00
 -0.5375790D-11  0.0000000D+00  0.0000000D+00  0.0000000D+00
  0.4881214D-12  0.0000000D+00  0.0000000D+00  0.0000000D+00
  0.2941740D-11  0.0000000D+00  0.0000000D+00  0.0000000D+00
  0.6569417D-11  0.0000000D+00  0.0000000D+00  0.0000000D+00
 -0.2068892D-10  0.0000000D+00  0.0000000D+00  0.0000000D+00
  0.2380563D-10  0.0000000D+00  0.0000000D+00  0.0000000D+00
 -0.1185299D-10  0.0000000D+00  0.0000000D+00  0.0000000D+00
 -0.3440127D-11  0.0000000D+00  0.0000000D+00  0.0000000D+00
  0.4651069D-11  0.0000000D+00  0.0000000D+00  0.0000000D+00
  0.7663411D-11  0.0000000D+00  0.0000000D+00  0.0000000D+00
 -0.1211668D-10  0.0000000D+00  0.0000000D+00  0.0000000D+00
  0.2109009D-10  0.0000000D+00  0.0000000D+00  0.0000000D+00
 -0.4681442D-10  0.0000000D+00  0.0000000D+00  0.0000000D+00
  0.9236525D-10  0.0000000D+00  0.0000000D+00  0.0000000D+00
 -0.1281014D-09  0.0000000D+00  0.0000000D+00  0.0000000D+00
  0.2483749D-09  0.0000000D+00  0.0000000D+00  0.0000000D+00
 -0.3398972D-09  0.0000000D+00  0.0000000D+00  0.0000000D+00
 -0.9068147D-11  0.0000000D+00  0.0000000D+00  0.0000000D+00
 -0.1506079D-10  0.0000000D+00  0.0000000D+00  0.0000000D+00
 -0.1383474D-10  0.0000000D+00  0.0000000D+00  0.0000000D+00
 -0.9535660D-12  0.0000000D+00  0.0000000D+00  0.0000000D+00
  0.1206634D-11  0.0000000D+00  0.0000000D+00  0.0000000D+00
 -0.4395336D-12  0.0000000D+00  0.0000000D+00  0.0000000D+00
 -0.9284724D-12  0.0000000D+00  0.0000000D+00  0.0000000D+00
  0.4744807D-11  0.0000000D+00  0.0000000D+00  0.0000000D+00
 -0.3335475D-11  0.0000000D+00  0.0000000D+00  0.0000000D+00
  0.4899733D-11  0.0000000D+00  0.0000000D+00  0.0000000D+00
 -0.7586817D-11  0.0000000D+00  0.0000000D+00  0.0000000D+00
  0.3279672D-13  0.0000000D+00  0.0000000D+00  0.0000000D+00
 -0.1683383D-11  0.0000000D+00  0.0000000D+00  0.0000000D+00
 -0.1244212D-11  0.0000000D+00  0.0000000D+00  0.0000000D+00
  0.4318465D-11  0.0000000D+00  0.0000000D+00  0.0000000D+00
 -0.1667973D-11  0.0000000D+00  0.0000000D+00  0.0000000D+00
  0.5776949D-11  0.0000000D+00  0.0000000D+00  0.0000000D+00
 -0.2239587D-10  0.0000000D+00  0.0000000D+00  0.0000000D+00
  0.4584471D-10  0.0000000D+00  0.0000000D+00  0.0000000D+00
 -0.6370866D-10  0.0000000D+00  0.0000000D+00  0.0000000D+00
  0.1228022D-09  0.0000000D+00  0.0000000D+00  0.0000000D+00
 -0.1675755D-09  0.0000000D+00  0.0000000D+00  0.0000000D+00
  0.4774078D-11  0.0000000D+00  0.0000000D+00  0.0000000D+00
 -0.7325274D-11  0.0000000D+00  0.0000000D+00  0.0000000D+00
 -0.1350444D-10  0.0000000D+00  0.0000000D+00  0.0000000D+00
  0.3793664D-10  0.0000000D+00  0.0000000D+00  0.0000000D+00
 -0.3125391D-09  0.0000000D+00  0.0000000D+00  0.0000000D+00
  0.3422735D-09  0.0000000D+00  0.0000000D+00  0.0000000D+00
 -0.3410298D-09  0.0000000D+00  0.0000000D+00  0.0000000D+00
 -0.1585438D-09  0.0000000D+00  0.0000000D+00  0.0000000D+00
  0.5741954D-09  0.0000000D+00  0.0000000D+00  0.0000000D+00
 -0.1514044D-08  0.0000000D+00  0.0000000D+00  0.0000000D+00
  0.2052593D-08  0.0000000D+00  0.0000000D+00  0.0000000D+00
  0.5757237D-10  0.0000000D+00  0.0000000D+00  0.0000000D+00
  0.6352169D-10  0.0000000D+00  0.0000000D+00  0.0000000D+00
 -0.9305194D-10  0.0000000D+00  0.0000000D+00  0.0000000D+00
 -0.8345518D-11  0.0000000D+00  0.0000000D+00  0.0000000D+00
  0.3130385D-10  0.0000000D+00  0.0000000D+00  0.0000000D+00
 -0.3889038D-10  0.0000000D+00  0.0000000D+00  0.0000000D+00
  0.4172759D-10  0.0000000D+00  0.0000000D+00  0.0000000D+00
 -0.4125326D-10  0.0000000D+00  0.0000000D+00  0.0000000D+00
  0.3008935D-10  0.0000000D+00  0.0000000D+00  0.0000000D+00
 -0.8234692D-10  0.0000000D+00  0.0000000D+00  0.0000000D+00
  0.7338647D-10  0.0000000D+00  0.0000000D+00  0.0000000D+00
 -0.2659585D-10  0.0000000D+00  0.0000000D+00  0.0000000D+00
 -0.1651174D-10  0.0000000D+00  0.0000000D+00  0.0000000D+00
 -0.4164972D-11  0.0000000D+00  0.0000000D+00  0.0000000D+00
 -0.8561993D-11  0.0000000D+00  0.0000000D+00  0.0000000D+00
  0.4725658D-11  0.0000000D+00  0.0000000D+00  0.0000000D+00
 -0.2072366D-10  0.0000000D+00  0.0000000D+00  0.0000000D+00
  0.9616506D-10  0.0000000D+00  0.0000000D+00  0.0000000D+00
 -0.7809300D-10  0.0000000D+00  0.0000000D+00  0.0000000D+00
  0.1527978D-09  0.0000000D+00  0.0000000D+00  0.0000000D+00
 -0.3222098D-09  0.0000000D+00  0.0000000D+00  0.0000000D+00
  0.4810784D-09  0.0000000D+00  0.0000000D+00  0.0000000D+00
  0.2167673D-10  0.0000000D+00  0.0000000D+00  0.0000000D+00
 -0.1642634D-10  0.0000000D+00  0.0000000D+00  0.0000000D+00
 -0.1243881D-10  0.0000000D+00  0.0000000D+00  0.0000000D+00
  0.7108591D-11  0.0000000D+00  0.0000000D+00  0.0000000D+00
 -0.1596919D-10  0.0000000D+00  0.0000000D+00  0.0000000D+00
  0.1283671D-10  0.0000000D+00  0.0000000D+00  0.0000000D+00
 -0.1754742D-10  0.0000000D+00  0.0000000D+00  0.0000000D+00
  0.1994959D-10  0.0000000D+00  0.0000000D+00  0.0000000D+00
 -0.1565855D-10  0.0000000D+00  0.0000000D+00  0.0000000D+00
  0.5752536D-10  0.0000000D+00  0.0000000D+00  0.0000000D+00
 -0.7511404D-10  0.0000000D+00  0.0000000D+00  0.0000000D+00
  0.3737497D-10  0.0000000D+00  0.0000000D+00  0.0000000D+00
  0.3143262D-11  0.0000000D+00  0.0000000D+00  0.0000000D+00
 -0.6776894D-11  0.0000000D+00  0.0000000D+00  0.0000000D+00
 -0.4998966D-11  0.0000000D+00  0.0000000D+00  0.0000000D+00
  0.1320220D-10  0.0000000D+00  0.0000000D+00  0.0000000D+00
 -0.2120933D-10  0.0000000D+00  0.0000000D+00  0.0000000D+00
  0.5691613D-10  0.0000000D+00  0.0000000D+00  0.0000000D+00
 -0.5243092D-10  0.0000000D+00  0.0000000D+00  0.0000000D+00
  0.7157783D-10  0.0000000D+00  0.0000000D+00  0.0000000D+00
 -0.1487268D-09  0.0000000D+00  0.0000000D+00  0.0000000D+00
  0.2282948D-09  0.0000000D+00  0.0000000D+00  0.0000000D+00
 -0.2263102D-11  0.0000000D+00  0.0000000D+00  0.0000000D+00
 -0.6316517D-11  0.0000000D+00  0.0000000D+00  0.0000000D+00
  0.4419341D-11  0.0000000D+00  0.0000000D+00  0.0000000D+00
 -0.2148022D-11  0.0000000D+00  0.0000000D+00  0.0000000D+00
 -0.1972122D-11  0.0000000D+00  0.0000000D+00  0.0000000D+00
 -0.9125284D-11  0.0000000D+00  0.0000000D+00  0.0000000D+00
  0.2366015D-11  0.0000000D+00  0.0000000D+00  0.0000000D+00
 -0.2541316D-11  0.0000000D+00  0.0000000D+00  0.0000000D+00
 -0.1048998D-10  0.0000000D+00  0.0000000D+00  0.0000000D+00
  0.1838665D-10  0.0000000D+00  0.0000000D+00  0.0000000D+00
 -0.2662219D-10  0.0000000D+00  0.0000000D+00  0.0000000D+00
 -0.1129788D-10  0.0000000D+00  0.0000000D+00  0.0000000D+00
 -0.2396945D-11  0.0000000D+00  0.0000000D+00  0.0000000D+00
  0.9829170D-11  0.0000000D+00  0.0000000D+00  0.0000000D+00
 -0.2537478D-11  0.0000000D+00  0.0000000D+00  0.0000000D+00
  0.4730828D-11  0.0000000D+00  0.0000000D+00  0.0000000D+00
 -0.2008148D-11  0.0000000D+00  0.0000000D+00  0.0000000D+00
  0.2764377D-10  0.0000000D+00  0.0000000D+00  0.0000000D+00
 -0.1770231D-10  0.0000000D+00  0.0000000D+00  0.0000000D+00
  0.2692198D-10  0.0000000D+00  0.0000000D+00  0.0000000D+00
 -0.5221852D-10  0.0000000D+00  0.0000000D+00  0.0000000D+00
  0.9247291D-10  0.0000000D+00  0.0000000D+00  0.0000000D+00
  0.8640974D-11  0.0000000D+00  0.0000000D+00  0.0000000D+00
 -0.1910431D-11  0.0000000D+00  0.0000000D+00  0.0000000D+00
  0.4256115D-11  0.0000000D+00  0.0000000D+00  0.0000000D+00
  0.3317119D-12  0.0000000D+00  0.0000000D+00  0.0000000D+00
  0.1108356D-11  0.0000000D+00  0.0000000D+00  0.0000000D+00
 -0.3173870D-11  0.0000000D+00  0.0000000D+00  0.0000000D+00
  0.5998701D-11  0.0000000D+00  0.0000000D+00  0.0000000D+00
 -0.1385684D-10  0.0000000D+00  0.0000000D+00  0.0000000D+00
  0.2709035D-10  0.0000000D+00  0.0000000D+00  0.0000000D+00
 -0.4719389D-10  0.0000000D+00  0.0000000D+00  0.0000000D+00
  0.6347969D-10  0.0000000D+00  0.0000000D+00  0.0000000D+00
 -0.7274994D-11  0.0000000D+00  0.0000000D+00  0.0000000D+00
  0.1257756D-11  0.0000000D+00  0.0000000D+00  0.0000000D+00
  0.3211758D-11  0.0000000D+00  0.0000000D+00  0.0000000D+00
 -0.3950582D-11  0.0000000D+00  0.0000000D+00  0.0000000D+00
  0.7147858D-11  0.0000000D+00  0.0000000D+00  0.0000000D+00
 -0.8653171D-11  0.0000000D+00  0.0000000D+00  0.0000000D+00
  0.2135946D-10  0.0000000D+00  0.0000000D+00  0.0000000D+00
 -0.2179793D-10  0.0000000D+00  0.0000000D+00  0.0000000D+00
  0.4742869D-10  0.0000000D+00  0.0000000D+00  0.0000000D+00
 -0.9836490D-10  0.0000000D+00  0.0000000D+00  0.0000000D+00
  0.1535244D-09  0.0000000D+00  0.0000000D+00  0.0000000D+00
  0.2045528D-10  0.0000000D+00  0.0000000D+00  0.0000000D+00
 -0.1345413D-11  0.0000000D+00  0.0000000D+00  0.0000000D+00
 -0.8869186D-11  0.0000000D+00  0.0000000D+00  0.0000000D+00
  0.2768292D-09  0.0000000D+00  0.0000000D+00  0.0000000D+00
 -0.3899625D-09  0.0000000D+00  0.0000000D+00  0.0000000D+00
  0.7664677D-09  0.0000000D+00  0.0000000D+00  0.0000000D+00
 -0.1963688D-08  0.0000000D+00  0.0000000D+00  0.0000000D+00
  0.3168933D-08  0.0000000D+00  0.0000000D+00  0.0000000D+00
 -0.4741362D-08  0.0000000D+00  0.0000000D+00  0.0000000D+00
  0.9312512D-08  0.0000000D+00  0.0000000D+00  0.0000000D+00
 -0.1311530D-07  0.0000000D+00  0.0000000D+00  0.0000000D+00
 -0.4242573D-09  0.0000000D+00  0.0000000D+00  0.0000000D+00
 -0.3876523D-09  0.0000000D+00  0.0000000D+00  0.0000000D+00
 -0.3754588D-09  0.0000000D+00  0.0000000D+00  0.0000000D+00
  0.1659818D-12  0.0000000D+00  0.0000000D+00  0.0000000D+00
  0.8353367D-11  0.0000000D+00  0.0000000D+00  0.0000000D+00
 -0.1739184D-10  0.0000000D+00  0.0000000D+00  0.0000000D+00
  0.2669335D-11  0.0000000D+00  0.0000000D+00  0.0000000D+00
 -0.5305418D-11  0.0000000D+00  0.0000000D+00  0.0000000D+00
 -0.2116628D-11  0.0000000D+00  0.0000000D+00  0.0000000D+00
 -0.1812790D-10  0.0000000D+00  0.0000000D+00  0.0000000D+00
  0.2955915D-10  0.0000000D+00  0.0000000D+00  0.0000000D+00
  0.1122858D-10  0.0000000D+00  0.0000000D+00  0.0000000D+00
  0.1978384D-10  0.0000000D+00  0.0000000D+00  0.0000000D+00
  0.2010086D-10  0.0000000D+00  0.0000000D+00  0.0000000D+00
 -0.1266735D-11  0.0000000D+00  0.0000000D+00  0.0000000D+00
 -0.4936522D-10  0.0000000D+00  0.0000000D+00  0.0000000D+00
  0.7465290D-10  0.0000000D+00  0.0000000D+00  0.0000000D+00
 -0.8564580D-10  0.0000000D+00  0.0000000D+00  0.0000000D+00
  0.1894097D-10  0.0000000D+00  0.0000000D+00  0.0000000D+00
  0.3372822D-10  0.0000000D+00  0.0000000D+00  0.0000000D+00
 -0.1107697D-09  0.0000000D+00  0.0000000D+00  0.0000000D+00
  0.1359014D-09  0.0000000D+00  0.0000000D+00  0.0000000D+00
 -0.1673543D-10  0.0000000D+00  0.0000000D+00  0.0000000D+00
 -0.4162679D-11  0.0000000D+00  0.0000000D+00  0.0000000D+00
 -0.2035765D-10  0.0000000D+00  0.0000000D+00  0.0000000D+00
  0.4494480D-13  0.0000000D+00  0.0000000D+00  0.0000000D+00
 -0.1312360D-11  0.0000000D+00  0.0000000D+00  0.0000000D+00
 -0.3525948D-11  0.0000000D+00  0.0000000D+00  0.0000000D+00
  0.8168262D-11  0.0000000D+00  0.0000000D+00  0.0000000D+00
 -0.1460494D-10  0.0000000D+00  0.0000000D+00  0.0000000D+00
  0.1658521D-10  0.0000000D+00  0.0000000D+00  0.0000000D+00
 -0.3466602D-10  0.0000000D+00  0.0000000D+00  0.0000000D+00
  0.4736977D-10  0.0000000D+00  0.0000000D+00  0.0000000D+00
 -0.2195761D-10  0.0000000D+00  0.0000000D+00  0.0000000D+00
 -0.4745435D-11  0.0000000D+00  0.0000000D+00  0.0000000D+00
  0.2418801D-11  0.0000000D+00  0.0000000D+00  0.0000000D+00
  0.7637323D-11  0.0000000D+00  0.0000000D+00  0.0000000D+00
 -0.2702895D-10  0.0000000D+00  0.0000000D+00  0.0000000D+00
  0.1871080D-10  0.0000000D+00  0.0000000D+00  0.0000000D+00
 -0.7211297D-11  0.0000000D+00  0.0000000D+00  0.0000000D+00
 -0.4622881D-10  0.0000000D+00  0.0000000D+00  0.0000000D+00
  0.1171807D-09  0.0000000D+00  0.0000000D+00  0.0000000D+00
 -0.2796168D-09  0.0000000D+00  0.0000000D+00  0.0000000D+00
  0.3881440D-09  0.0000000D+00  0.0000000D+00  0.0000000D+00
 -0.7628022D-11  0.0000000D+00  0.0000000D+00  0.0000000D+00
  0.1002661D-10  0.0000000D+00  0.0000000D+00  0.0000000D+00
 -0.9958067D-11  0.0000000D+00  0.0000000D+00  0.0000000D+00
  0.1117838D-11  0.0000000D+00  0.0000000D+00  0.0000000D+00
 -0.4995423D-11  0.0000000D+00  0.0000000D+00  0.0000000D+00
  0.3008891D-11  0.0000000D+00  0.0000000D+00  0.0000000D+00
 -0.5328551D-11  0.0000000D+00  0.0000000D+00  0.0000000D+00
  0.2943945D-12  0.0000000D+00  0.0000000D+00  0.0000000D+00
  0.4616237D-11  0.0000000D+00  0.0000000D+00  0.0000000D+00
 -0.1808690D-10  0.0000000D+00  0.0000000D+00  0.0000000D+00
  0.2912856D-10  0.0000000D+00  0.0000000D+00  0.0000000D+00
  0.2634461D-10  0.0000000D+00  0.0000000D+00  0.0000000D+00
 -0.3824715D-12  0.0000000D+00  0.0000000D+00  0.0000000D+00
 -0.1527076D-10  0.0000000D+00  0.0000000D+00  0.0000000D+00
  0.1488226D-11  0.0000000D+00  0.0000000D+00  0.0000000D+00
 -0.8826027D-11  0.0000000D+00  0.0000000D+00  0.0000000D+00
  0.5670359D-11  0.0000000D+00  0.0000000D+00  0.0000000D+00
 -0.1194867D-10  0.0000000D+00  0.0000000D+00  0.0000000D+00
 -0.2693602D-10  0.0000000D+00  0.0000000D+00  0.0000000D+00
  0.5495667D-10  0.0000000D+00  0.0000000D+00  0.0000000D+00
 -0.1309995D-09  0.0000000D+00  0.0000000D+00  0.0000000D+00
  0.1760658D-09  0.0000000D+00  0.0000000D+00  0.0000000D+00
 -0.2361103D-11  0.0000000D+00  0.0000000D+00  0.0000000D+00
 -0.2981392D-11  0.0000000D+00  0.0000000D+00  0.0000000D+00
 -0.1393949D-10  0.0000000D+00  0.0000000D+00  0.0000000D+00
  0.6475540D-12  0.0000000D+00  0.0000000D+00  0.0000000D+00
 -0.4403758D-11  0.0000000D+00  0.0000000D+00  0.0000000D+00
  0.2020874D-11  0.0000000D+00  0.0000000D+00  0.0000000D+00
 -0.3965507D-11  0.0000000D+00  0.0000000D+00  0.0000000D+00
  0.5104389D-11  0.0000000D+00  0.0000000D+00  0.0000000D+00
 -0.1358800D-10  0.0000000D+00  0.0000000D+00  0.0000000D+00
  0.2950931D-10  0.0000000D+00  0.0000000D+00  0.0000000D+00
 -0.3568441D-10  0.0000000D+00  0.0000000D+00  0.0000000D+00
 -0.6457840D-11  0.0000000D+00  0.0000000D+00  0.0000000D+00
  0.2053679D-12  0.0000000D+00  0.0000000D+00  0.0000000D+00
  0.4610740D-11  0.0000000D+00  0.0000000D+00  0.0000000D+00
  0.9280543D-12  0.0000000D+00  0.0000000D+00  0.0000000D+00
 -0.8826616D-11  0.0000000D+00  0.0000000D+00  0.0000000D+00
  0.6199698D-11  0.0000000D+00  0.0000000D+00  0.0000000D+00
 -0.2274616D-11  0.0000000D+00  0.0000000D+00  0.0000000D+00
 -0.1979328D-10  0.0000000D+00  0.0000000D+00  0.0000000D+00
  0.4235597D-10  0.0000000D+00  0.0000000D+00  0.0000000D+00
 -0.9928577D-10  0.0000000D+00  0.0000000D+00  0.0000000D+00
  0.1360862D-09  0.0000000D+00  0.0000000D+00  0.0000000D+00
  0.4584185D-11  0.0000000D+00  0.0000000D+00  0.0000000D+00
  0.1970287D-12  0.0000000D+00  0.0000000D+00  0.0000000D+00
 -0.1549251D-10  0.0000000D+00  0.0000000D+00  0.0000000D+00
  0.6048238D-11  0.0000000D+00  0.0000000D+00  0.0000000D+00
 -0.6378270D-11  0.0000000D+00  0.0000000D+00  0.0000000D+00
  0.2096036D-10  0.0000000D+00  0.0000000D+00  0.0000000D+00
  0.3344831D-09  0.0000000D+00  0.0000000D+00  0.0000000D+00
 -0.4710493D-09  0.0000000D+00  0.0000000D+00  0.0000000D+00
  0.7653730D-09  0.0000000D+00  0.0000000D+00  0.0000000D+00
 -0.1883932D-08  0.0000000D+00  0.0000000D+00  0.0000000D+00
  0.2800914D-08  0.0000000D+00  0.0000000D+00  0.0000000D+00
 -0.9886824D-10  0.0000000D+00  0.0000000D+00  0.0000000D+00
  0.7363938D-11  0.0000000D+00  0.0000000D+00  0.0000000D+00
  0.9833958D-10  0.0000000D+00  0.0000000D+00  0.0000000D+00
  0.6449788D-11  0.0000000D+00  0.0000000D+00  0.0000000D+00
 -0.1720225D-10  0.0000000D+00  0.0000000D+00  0.0000000D+00
  0.9322955D-11  0.0000000D+00  0.0000000D+00  0.0000000D+00
 -0.2973422D-10  0.0000000D+00  0.0000000D+00  0.0000000D+00
  0.4791580D-10  0.0000000D+00  0.0000000D+00  0.0000000D+00
 -0.4463840D-10  0.0000000D+00  0.0000000D+00  0.0000000D+00
  0.9211110D-10  0.0000000D+00  0.0000000D+00  0.0000000D+00
 -0.1534558D-09  0.0000000D+00  0.0000000D+00  0.0000000D+00
 -0.3256904D-10  0.0000000D+00  0.0000000D+00  0.0000000D+00
  0.1958726D-11  0.0000000D+00  0.0000000D+00  0.0000000D+00
  0.9585768D-11  0.0000000D+00  0.0000000D+00  0.0000000D+00
 -0.1125869D-10  0.0000000D+00  0.0000000D+00  0.0000000D+00
  0.2192086D-10  0.0000000D+00  0.0000000D+00  0.0000000D+00
 -0.3901153D-10  0.0000000D+00  0.0000000D+00  0.0000000D+00
  0.7251137D-10  0.0000000D+00  0.0000000D+00  0.0000000D+00
 -0.1535109D-09  0.0000000D+00  0.0000000D+00  0.0000000D+00
  0.2340947D-09  0.0000000D+00  0.0000000D+00  0.0000000D+00
 -0.4521205D-09  0.0000000D+00  0.0000000D+00  0.0000000D+00
  0.6590491D-09  0.0000000D+00  0.0000000D+00  0.0000000D+00
 -0.1470595D-09  0.0000000D+00  0.0000000D+00  0.0000000D+00
 -0.2048506D-10  0.0000000D+00  0.0000000D+00  0.0000000D+00
 -0.2596778D-11  0.0000000D+00  0.0000000D+00  0.0000000D+00
  0.4375443D-11  0.0000000D+00  0.0000000D+00  0.0000000D+00
 -0.1977052D-10  0.0000000D+00  0.0000000D+00  0.0000000D+00
  0.1359757D-10  0.0000000D+00  0.0000000D+00  0.0000000D+00
 -0.1164039D-10  0.0000000D+00  0.0000000D+00  0.0000000D+00
  0.1167824D-10  0.0000000D+00  0.0000000D+00  0.0000000D+00
 -0.2610616D-10  0.0000000D+00  0.0000000D+00  0.0000000D+00
  0.7238413D-10  0.0000000D+00  0.0000000D+00  0.0000000D+00
 -0.9070278D-10  0.0000000D+00  0.0000000D+00  0.0000000D+00
 -0.1564986D-10  0.0000000D+00  0.0000000D+00  0.0000000D+00
 -0.1409668D-10  0.0000000D+00  0.0000000D+00  0.0000000D+00
 -0.8413399D-11  0.0000000D+00  0.0000000D+00  0.0000000D+00
 -0.3296277D-11  0.0000000D+00  0.0000000D+00  0.0000000D+00
 -0.1375148D-11  0.0000000D+00  0.0000000D+00  0.0000000D+00
  0.3599072D-11  0.0000000D+00  0.0000000D+00  0.0000000D+00
  0.1084101D-10  0.0000000D+00  0.0000000D+00  0.0000000D+00
 -0.6187925D-10  0.0000000D+00  0.0000000D+00  0.0000000D+00
  0.1035718D-09  0.0000000D+00  0.0000000D+00  0.0000000D+00
 -0.2268650D-09  0.0000000D+00  0.0000000D+00  0.0000000D+00
  0.3312899D-09  0.0000000D+00  0.0000000D+00  0.0000000D+00
 -0.8500485D-10  0.0000000D+00  0.0000000D+00  0.0000000D+00
 -0.1580523D-10  0.0000000D+00  0.0000000D+00  0.0000000D+00
  0.6733251D-12  0.0000000D+00  0.0000000D+00  0.0000000D+00
  0.8044204D-12  0.0000000D+00  0.0000000D+00  0.0000000D+00
 -0.1492802D-11  0.0000000D+00  0.0000000D+00  0.0000000D+00
 -0.6844085D-11  0.0000000D+00  0.0000000D+00  0.0000000D+00
  0.5994879D-11  0.0000000D+00  0.0000000D+00  0.0000000D+00
 -0.1087169D-10  0.0000000D+00  0.0000000D+00  0.0000000D+00
  0.3340048D-10  0.0000000D+00  0.0000000D+00  0.0000000D+00
 -0.6313699D-10  0.0000000D+00  0.0000000D+00  0.0000000D+00
  0.1010677D-09  0.0000000D+00  0.0000000D+00  0.0000000D+00
 -0.9679428D-12  0.0000000D+00  0.0000000D+00  0.0000000D+00
 -0.3771761D-12  0.0000000D+00  0.0000000D+00  0.0000000D+00
 -0.1337405D-10  0.0000000D+00  0.0000000D+00  0.0000000D+00
 -0.2223870D-11  0.0000000D+00  0.0000000D+00  0.0000000D+00
 -0.9434217D-11  0.0000000D+00  0.0000000D+00  0.0000000D+00
  0.3329189D-11  0.0000000D+00  0.0000000D+00  0.0000000D+00
  0.1141807D-11  0.0000000D+00  0.0000000D+00  0.0000000D+00
 -0.2618267D-10  0.0000000D+00  0.0000000D+00  0.0000000D+00
  0.4626949D-10  0.0000000D+00  0.0000000D+00  0.0000000D+00
 -0.1134624D-09  0.0000000D+00  0.0000000D+00  0.0000000D+00
  0.1546286D-09  0.0000000D+00  0.0000000D+00  0.0000000D+00
 -0.3097785D-10  0.0000000D+00  0.0000000D+00  0.0000000D+00
 -0.1196391D-10  0.0000000D+00  0.0000000D+00  0.0000000D+00
 -0.3314839D-11  0.0000000D+00  0.0000000D+00  0.0000000D+00
  0.7051013D-12  0.0000000D+00  0.0000000D+00  0.0000000D+00
 -0.4940438D-11  0.0000000D+00  0.0000000D+00  0.0000000D+00
  0.4485384D-11  0.0000000D+00  0.0000000D+00  0.0000000D+00
 -0.1036324D-11  0.0000000D+00  0.0000000D+00  0.0000000D+00
  0.5168592D-11  0.0000000D+00  0.0000000D+00  0.0000000D+00
 -0.5315099D-11  0.0000000D+00  0.0000000D+00  0.0000000D+00
  0.1092123D-10  0.0000000D+00  0.0000000D+00  0.0000000D+00
 -0.2519224D-10  0.0000000D+00  0.0000000D+00  0.0000000D+00
 -0.9087584D-11  0.0000000D+00  0.0000000D+00  0.0000000D+00
 -0.4390009D-11  0.0000000D+00  0.0000000D+00  0.0000000D+00
  0.3071445D-11  0.0000000D+00  0.0000000D+00  0.0000000D+00
  0.6200142D-13  0.0000000D+00  0.0000000D+00  0.0000000D+00
 -0.5802680D-11  0.0000000D+00  0.0000000D+00  0.0000000D+00
 -0.8444825D-12  0.0000000D+00  0.0000000D+00  0.0000000D+00
 -0.7943468D-12  0.0000000D+00  0.0000000D+00  0.0000000D+00
 -0.2036598D-10  0.0000000D+00  0.0000000D+00  0.0000000D+00
  0.4057285D-10  0.0000000D+00  0.0000000D+00  0.0000000D+00
 -0.7491107D-10  0.0000000D+00  0.0000000D+00  0.0000000D+00
  0.1216535D-09  0.0000000D+00  0.0000000D+00  0.0000000D+00
 -0.2097133D-10  0.0000000D+00  0.0000000D+00  0.0000000D+00
 -0.5501754D-11  0.0000000D+00  0.0000000D+00  0.0000000D+00
 -0.8623458D-11  0.0000000D+00  0.0000000D+00  0.0000000D+00
  0.1479701D-09  0.0000000D+00  0.0000000D+00  0.0000000D+00
 -0.1194880D-09  0.0000000D+00  0.0000000D+00  0.0000000D+00
  0.3037218D-09  0.0000000D+00  0.0000000D+00  0.0000000D+00
 -0.7534386D-09  0.0000000D+00  0.0000000D+00  0.0000000D+00
  0.1612044D-08  0.0000000D+00  0.0000000D+00  0.0000000D+00
 -0.2362821D-08  0.0000000D+00  0.0000000D+00  0.0000000D+00
  0.4615683D-08  0.0000000D+00  0.0000000D+00  0.0000000D+00
 -0.6443121D-08  0.0000000D+00  0.0000000D+00  0.0000000D+00
  0.2124685D-09  0.0000000D+00  0.0000000D+00  0.0000000D+00
 -0.1307569D-09  0.0000000D+00  0.0000000D+00  0.0000000D+00
 -0.1532242D-09  0.0000000D+00  0.0000000D+00  0.0000000D+00
  0.1241478D-11  0.0000000D+00  0.0000000D+00  0.0000000D+00
  0.1863086D-10  0.0000000D+00  0.0000000D+00  0.0000000D+00
 -0.3414099D-10  0.0000000D+00  0.0000000D+00  0.0000000D+00
  0.3203628D-10  0.0000000D+00  0.0000000D+00  0.0000000D+00
 -0.5883696D-10  0.0000000D+00  0.0000000D+00  0.0000000D+00
  0.6046344D-10  0.0000000D+00  0.0000000D+00  0.0000000D+00
 -0.6341573D-10  0.0000000D+00  0.0000000D+00  0.0000000D+00
  0.9629681D-10  0.0000000D+00  0.0000000D+00  0.0000000D+00
  0.2190784D-11  0.0000000D+00  0.0000000D+00  0.0000000D+00
 -0.3048550D-11  0.0000000D+00  0.0000000D+00  0.0000000D+00
  0.2799257D-11  0.0000000D+00  0.0000000D+00  0.0000000D+00
  0.1106012D-10  0.0000000D+00  0.0000000D+00  0.0000000D+00
 -0.3574653D-10  0.0000000D+00  0.0000000D+00  0.0000000D+00
  0.2978867D-10  0.0000000D+00  0.0000000D+00  0.0000000D+00
  0.1064444D-09  0.0000000D+00  0.0000000D+00  0.0000000D+00
 -0.1325315D-09  0.0000000D+00  0.0000000D+00  0.0000000D+00
  0.2587216D-09  0.0000000D+00  0.0000000D+00  0.0000000D+00
 -0.5880926D-09  0.0000000D+00  0.0000000D+00  0.0000000D+00
  0.8148389D-09  0.0000000D+00  0.0000000D+00  0.0000000D+00
  0.1959879D-10  0.0000000D+00  0.0000000D+00  0.0000000D+00
  0.2247573D-10  0.0000000D+00  0.0000000D+00  0.0000000D+00
  0.4296733D-10  0.0000000D+00  0.0000000D+00  0.0000000D+00
  0.1362531D-11  0.0000000D+00  0.0000000D+00  0.0000000D+00
 -0.5546268D-11  0.0000000D+00  0.0000000D+00  0.0000000D+00
  0.6219199D-11  0.0000000D+00  0.0000000D+00  0.0000000D+00
 -0.6784588D-11  0.0000000D+00  0.0000000D+00  0.0000000D+00
  0.5244649D-11  0.0000000D+00  0.0000000D+00  0.0000000D+00
 -0.1499869D-11  0.0000000D+00  0.0000000D+00  0.0000000D+00
 -0.1888091D-10  0.0000000D+00  0.0000000D+00  0.0000000D+00
  0.3776251D-10  0.0000000D+00  0.0000000D+00  0.0000000D+00
 -0.1019125D-11  0.0000000D+00  0.0000000D+00  0.0000000D+00
  0.6013301D-11  0.0000000D+00  0.0000000D+00  0.0000000D+00
  0.7926783D-11  0.0000000D+00  0.0000000D+00  0.0000000D+00
  0.8433754D-11  0.0000000D+00  0.0000000D+00  0.0000000D+00
 -0.1744982D-10  0.0000000D+00  0.0000000D+00  0.0000000D+00
  0.1128453D-10  0.0000000D+00  0.0000000D+00  0.0000000D+00
  0.6234639D-10  0.0000000D+00  0.0000000D+00  0.0000000D+00
 -0.8414829D-10  0.0000000D+00  0.0000000D+00  0.0000000D+00
  0.1251063D-09  0.0000000D+00  0.0000000D+00  0.0000000D+00
 -0.2917949D-09  0.0000000D+00  0.0000000D+00  0.0000000D+00
  0.4518550D-09  0.0000000D+00  0.0000000D+00  0.0000000D+00
 -0.3075387D-10  0.0000000D+00  0.0000000D+00  0.0000000D+00
 -0.1429182D-11  0.0000000D+00  0.0000000D+00  0.0000000D+00
  0.2279527D-10  0.0000000D+00  0.0000000D+00  0.0000000D+00
 -0.3168718D-11  0.0000000D+00  0.0000000D+00  0.0000000D+00
  0.3748258D-11  0.0000000D+00  0.0000000D+00  0.0000000D+00
 -0.6602884D-11  0.0000000D+00  0.0000000D+00  0.0000000D+00
  0.7878306D-11  0.0000000D+00  0.0000000D+00  0.0000000D+00
 -0.1628943D-10  0.0000000D+00  0.0000000D+00  0.0000000D+00
  0.2129460D-10  0.0000000D+00  0.0000000D+00  0.0000000D+00
 -0.2729180D-10  0.0000000D+00  0.0000000D+00  0.0000000D+00
  0.4041365D-10  0.0000000D+00  0.0000000D+00  0.0000000D+00
 -0.1074708D-10  0.0000000D+00  0.0000000D+00  0.0000000D+00
  0.2220575D-12  0.0000000D+00  0.0000000D+00  0.0000000D+00
  0.7504740D-12  0.0000000D+00  0.0000000D+00  0.0000000D+00
  0.3315543D-12  0.0000000D+00  0.0000000D+00  0.0000000D+00
 -0.8901109D-12  0.0000000D+00  0.0000000D+00  0.0000000D+00
 -0.6820508D-11  0.0000000D+00  0.0000000D+00  0.0000000D+00
  0.4846407D-10  0.0000000D+00  0.0000000D+00  0.0000000D+00
 -0.7628219D-10  0.0000000D+00  0.0000000D+00  0.0000000D+00
  0.1169981D-09  0.0000000D+00  0.0000000D+00  0.0000000D+00
 -0.2564608D-09  0.0000000D+00  0.0000000D+00  0.0000000D+00
  0.3739138D-09  0.0000000D+00  0.0000000D+00  0.0000000D+00
 -0.2148484D-10  0.0000000D+00  0.0000000D+00  0.0000000D+00
 -0.5298057D-12  0.0000000D+00  0.0000000D+00  0.0000000D+00
  0.1148401D-10  0.0000000D+00  0.0000000D+00  0.0000000D+00
 -0.1231685D-11  0.0000000D+00  0.0000000D+00  0.0000000D+00
  0.1668070D-11  0.0000000D+00  0.0000000D+00  0.0000000D+00
 -0.5149414D-11  0.0000000D+00  0.0000000D+00  0.0000000D+00
  0.3510868D-11  0.0000000D+00  0.0000000D+00  0.0000000D+00
 -0.5433429D-11  0.0000000D+00  0.0000000D+00  0.0000000D+00
 -0.3286899D-11  0.0000000D+00  0.0000000D+00  0.0000000D+00
  0.1007481D-10  0.0000000D+00  0.0000000D+00  0.0000000D+00
  0.8349571D-11  0.0000000D+00  0.0000000D+00  0.0000000D+00
  0.9614453D-11  0.0000000D+00  0.0000000D+00  0.0000000D+00
  0.4841036D-11  0.0000000D+00  0.0000000D+00  0.0000000D+00
  0.3261404D-11  0.0000000D+00  0.0000000D+00  0.0000000D+00
 -0.1169230D-12  0.0000000D+00  0.0000000D+00  0.0000000D+00
 -0.6787463D-11  0.0000000D+00  0.0000000D+00  0.0000000D+00
  0.4875296D-11  0.0000000D+00  0.0000000D+00  0.0000000D+00
  0.3577134D-10  0.0000000D+00  0.0000000D+00  0.0000000D+00
 -0.5698090D-10  0.0000000D+00  0.0000000D+00  0.0000000D+00
  0.8954196D-10  0.0000000D+00  0.0000000D+00  0.0000000D+00
 -0.2149435D-09  0.0000000D+00  0.0000000D+00  0.0000000D+00
  0.3094906D-09  0.0000000D+00  0.0000000D+00  0.0000000D+00
 -0.1158449D-10  0.0000000D+00  0.0000000D+00  0.0000000D+00
  0.1276874D-11  0.0000000D+00  0.0000000D+00  0.0000000D+00
  0.6328419D-11  0.0000000D+00  0.0000000D+00  0.0000000D+00
  0.5995281D-11  0.0000000D+00  0.0000000D+00  0.0000000D+00
  0.5662520D-11  0.0000000D+00  0.0000000D+00  0.0000000D+00
  0.6594009D-11  0.0000000D+00  0.0000000D+00  0.0000000D+00
  0.6069941D-10  0.0000000D+00  0.0000000D+00  0.0000000D+00
 -0.1255128D-09  0.0000000D+00  0.0000000D+00  0.0000000D+00
  0.1034607D-09  0.0000000D+00  0.0000000D+00  0.0000000D+00
 -0.2456686D-09  0.0000000D+00  0.0000000D+00  0.0000000D+00
  0.3137046D-09  0.0000000D+00  0.0000000D+00  0.0000000D+00
 -0.1394446D-09  0.0000000D+00  0.0000000D+00  0.0000000D+00
 -0.2964915D-10  0.0000000D+00  0.0000000D+00  0.0000000D+00
 -0.2065663D-10  0.0000000D+00  0.0000000D+00  0.0000000D+00
 -0.4586402D-11  0.0000000D+00  0.0000000D+00  0.0000000D+00
  0.3189040D-10  0.0000000D+00  0.0000000D+00  0.0000000D+00
 -0.2611543D-10  0.0000000D+00  0.0000000D+00  0.0000000D+00
  0.1867185D-11  0.0000000D+00  0.0000000D+00  0.0000000D+00
  0.3184030D-10  0.0000000D+00  0.0000000D+00  0.0000000D+00
 -0.5221986D-10  0.0000000D+00  0.0000000D+00  0.0000000D+00
  0.1387940D-09  0.0000000D+00  0.0000000D+00  0.0000000D+00
 -0.2342382D-09  0.0000000D+00  0.0000000D+00  0.0000000D+00
  0.4888672D-10  0.0000000D+00  0.0000000D+00  0.0000000D+00
  0.5287646D-11  0.0000000D+00  0.0000000D+00  0.0000000D+00
 -0.5868866D-11  0.0000000D+00  0.0000000D+00  0.0000000D+00
  0.1710585D-10  0.0000000D+00  0.0000000D+00  0.0000000D+00
 -0.1077184D-10  0.0000000D+00  0.0000000D+00  0.0000000D+00
  0.4808824D-10  0.0000000D+00  0.0000000D+00  0.0000000D+00
 -0.1152254D-09  0.0000000D+00  0.0000000D+00  0.0000000D+00
  0.1438750D-09  0.0000000D+00  0.0000000D+00  0.0000000D+00
 -0.2002734D-09  0.0000000D+00  0.0000000D+00  0.0000000D+00
  0.4755829D-09  0.0000000D+00  0.0000000D+00  0.0000000D+00
 -0.7038690D-09  0.0000000D+00  0.0000000D+00  0.0000000D+00
  0.1251931D-09  0.0000000D+00  0.0000000D+00  0.0000000D+00
  0.3416942D-10  0.0000000D+00  0.0000000D+00  0.0000000D+00
  0.5078876D-12  0.0000000D+00  0.0000000D+00  0.0000000D+00
  0.2058356D-11  0.0000000D+00  0.0000000D+00  0.0000000D+00
 -0.1614070D-10  0.0000000D+00  0.0000000D+00  0.0000000D+00
  0.1908079D-10  0.0000000D+00  0.0000000D+00  0.0000000D+00
 -0.3183928D-10  0.0000000D+00  0.0000000D+00  0.0000000D+00
  0.5163557D-10  0.0000000D+00  0.0000000D+00  0.0000000D+00
 -0.6150449D-10  0.0000000D+00  0.0000000D+00  0.0000000D+00
  0.1314602D-09  0.0000000D+00  0.0000000D+00  0.0000000D+00
 -0.1964825D-09  0.0000000D+00  0.0000000D+00  0.0000000D+00
  0.4150642D-10  0.0000000D+00  0.0000000D+00  0.0000000D+00
  0.1508873D-11  0.0000000D+00  0.0000000D+00  0.0000000D+00
 -0.2664767D-11  0.0000000D+00  0.0000000D+00  0.0000000D+00
  0.6409650D-11  0.0000000D+00  0.0000000D+00  0.0000000D+00
 -0.1338216D-10  0.0000000D+00  0.0000000D+00  0.0000000D+00
  0.2475707D-10  0.0000000D+00  0.0000000D+00  0.0000000D+00
 -0.6086509D-10  0.0000000D+00  0.0000000D+00  0.0000000D+00
  0.8219345D-10  0.0000000D+00  0.0000000D+00  0.0000000D+00
 -0.1284867D-09  0.0000000D+00  0.0000000D+00  0.0000000D+00
  0.3020817D-09  0.0000000D+00  0.0000000D+00  0.0000000D+00
 -0.4239186D-09  0.0000000D+00  0.0000000D+00  0.0000000D+00
  0.1559629D-10  0.0000000D+00  0.0000000D+00  0.0000000D+00
  0.1725982D-11  0.0000000D+00  0.0000000D+00  0.0000000D+00
  0.4607290D-11  0.0000000D+00  0.0000000D+00  0.0000000D+00
 -0.5508695D-12  0.0000000D+00  0.0000000D+00  0.0000000D+00
 -0.5397456D-12  0.0000000D+00  0.0000000D+00  0.0000000D+00
 -0.3188112D-11  0.0000000D+00  0.0000000D+00  0.0000000D+00
 -0.4607875D-11  0.0000000D+00  0.0000000D+00  0.0000000D+00
  0.3440545D-11  0.0000000D+00  0.0000000D+00  0.0000000D+00
 -0.2560241D-11  0.0000000D+00  0.0000000D+00  0.0000000D+00
  0.2881565D-10  0.0000000D+00  0.0000000D+00  0.0000000D+00
 -0.4397533D-10  0.0000000D+00  0.0000000D+00  0.0000000D+00
 -0.3564157D-10  0.0000000D+00  0.0000000D+00  0.0000000D+00
 -0.1534091D-10  0.0000000D+00  0.0000000D+00  0.0000000D+00
 -0.7323739D-12  0.0000000D+00  0.0000000D+00  0.0000000D+00
 -0.4066380D-12  0.0000000D+00  0.0000000D+00  0.0000000D+00
 -0.1338587D-10  0.0000000D+00  0.0000000D+00  0.0000000D+00
  0.2005587D-10  0.0000000D+00  0.0000000D+00  0.0000000D+00
 -0.4644173D-10  0.0000000D+00  0.0000000D+00  0.0000000D+00
  0.5585549D-10  0.0000000D+00  0.0000000D+00  0.0000000D+00
 -0.7814265D-10  0.0000000D+00  0.0000000D+00  0.0000000D+00
  0.2089025D-09  0.0000000D+00  0.0000000D+00  0.0000000D+00
 -0.2892305D-09  0.0000000D+00  0.0000000D+00  0.0000000D+00
  0.3579307D-10  0.0000000D+00  0.0000000D+00  0.0000000D+00
  0.5734863D-11  0.0000000D+00  0.0000000D+00  0.0000000D+00
 -0.2618497D-12  0.0000000D+00  0.0000000D+00  0.0000000D+00
 -0.2376689D-11  0.0000000D+00  0.0000000D+00  0.0000000D+00
  0.7488562D-11  0.0000000D+00  0.0000000D+00  0.0000000D+00
 -0.3394295D-11  0.0000000D+00  0.0000000D+00  0.0000000D+00
 -0.2366344D-11  0.0000000D+00  0.0000000D+00  0.0000000D+00
  0.1393887D-10  0.0000000D+00  0.0000000D+00  0.0000000D+00
 -0.2708791D-10  0.0000000D+00  0.0000000D+00  0.0000000D+00
  0.5261836D-10  0.0000000D+00  0.0000000D+00  0.0000000D+00
 -0.6558877D-10  0.0000000D+00  0.0000000D+00  0.0000000D+00
  0.2400885D-10  0.0000000D+00  0.0000000D+00  0.0000000D+00
  0.3454949D-11  0.0000000D+00  0.0000000D+00  0.0000000D+00
 -0.3925044D-11  0.0000000D+00  0.0000000D+00  0.0000000D+00
 -0.7663014D-12  0.0000000D+00  0.0000000D+00  0.0000000D+00
 -0.1916224D-11  0.0000000D+00  0.0000000D+00  0.0000000D+00
  0.3406159D-12  0.0000000D+00  0.0000000D+00  0.0000000D+00
 -0.2644041D-10  0.0000000D+00  0.0000000D+00  0.0000000D+00
  0.3504670D-10  0.0000000D+00  0.0000000D+00  0.0000000D+00
 -0.5838963D-10  0.0000000D+00  0.0000000D+00  0.0000000D+00
  0.1409001D-09  0.0000000D+00  0.0000000D+00  0.0000000D+00
 -0.1940928D-09  0.0000000D+00  0.0000000D+00  0.0000000D+00
  0.3179761D-10  0.0000000D+00  0.0000000D+00  0.0000000D+00
  0.7038999D-11  0.0000000D+00  0.0000000D+00  0.0000000D+00
  0.1145337D-11  0.0000000D+00  0.0000000D+00  0.0000000D+00
  0.7512059D-10  0.0000000D+00  0.0000000D+00  0.0000000D+00
 -0.4305878D-10  0.0000000D+00  0.0000000D+00  0.0000000D+00
  0.1187055D-09  0.0000000D+00  0.0000000D+00  0.0000000D+00
 -0.2831961D-09  0.0000000D+00  0.0000000D+00  0.0000000D+00
  0.6846873D-09  0.0000000D+00  0.0000000D+00  0.0000000D+00
 -0.1061688D-08  0.0000000D+00  0.0000000D+00  0.0000000D+00
  0.1907135D-08  0.0000000D+00  0.0000000D+00  0.0000000D+00
 -0.2554211D-08  0.0000000D+00  0.0000000D+00  0.0000000D+00
 -0.2163045D-09  0.0000000D+00  0.0000000D+00  0.0000000D+00
 -0.1813127D-09  0.0000000D+00  0.0000000D+00  0.0000000D+00
 -0.1145896D-09  0.0000000D+00  0.0000000D+00  0.0000000D+00
 -0.2700567D-11  0.0000000D+00  0.0000000D+00  0.0000000D+00
 -0.1395898D-10  0.0000000D+00  0.0000000D+00  0.0000000D+00
  0.8768464D-12  0.0000000D+00  0.0000000D+00  0.0000000D+00
  0.3796218D-11  0.0000000D+00  0.0000000D+00  0.0000000D+00
 -0.4816435D-10  0.0000000D+00  0.0000000D+00  0.0000000D+00
  0.7055549D-10  0.0000000D+00  0.0000000D+00  0.0000000D+00
 -0.1449213D-09  0.0000000D+00  0.0000000D+00  0.0000000D+00
  0.2108749D-09  0.0000000D+00  0.0000000D+00  0.0000000D+00
 -0.1227710D-10  0.0000000D+00  0.0000000D+00  0.0000000D+00
  0.1484117D-10  0.0000000D+00  0.0000000D+00  0.0000000D+00
 -0.5151650D-12  0.0000000D+00  0.0000000D+00  0.0000000D+00
 -0.6078283D-11  0.0000000D+00  0.0000000D+00  0.0000000D+00
  0.3043442D-10  0.0000000D+00  0.0000000D+00  0.0000000D+00
 -0.4076811D-10  0.0000000D+00  0.0000000D+00  0.0000000D+00
  0.8065793D-10  0.0000000D+00  0.0000000D+00  0.0000000D+00
 -0.1504946D-09  0.0000000D+00  0.0000000D+00  0.0000000D+00
  0.1922039D-09  0.0000000D+00  0.0000000D+00  0.0000000D+00
 -0.3348624D-09  0.0000000D+00  0.0000000D+00  0.0000000D+00
  0.4001472D-09  0.0000000D+00  0.0000000D+00  0.0000000D+00
 -0.2498129D-10  0.0000000D+00  0.0000000D+00  0.0000000D+00
  0.5062590D-11  0.0000000D+00  0.0000000D+00  0.0000000D+00
 -0.7893437D-11  0.0000000D+00  0.0000000D+00  0.0000000D+00
  0.3550211D-11  0.0000000D+00  0.0000000D+00  0.0000000D+00
 -0.1476911D-10  0.0000000D+00  0.0000000D+00  0.0000000D+00
  0.1351498D-10  0.0000000D+00  0.0000000D+00  0.0000000D+00
 -0.1409760D-10  0.0000000D+00  0.0000000D+00  0.0000000D+00
  0.1344759D-10  0.0000000D+00  0.0000000D+00  0.0000000D+00
 -0.1807508D-10  0.0000000D+00  0.0000000D+00  0.0000000D+00
  0.4660150D-10  0.0000000D+00  0.0000000D+00  0.0000000D+00
 -0.6649210D-10  0.0000000D+00  0.0000000D+00  0.0000000D+00
 -0.1199225D-10  0.0000000D+00  0.0000000D+00  0.0000000D+00
 -0.1291467D-11  0.0000000D+00  0.0000000D+00  0.0000000D+00
 -0.6063457D-12  0.0000000D+00  0.0000000D+00  0.0000000D+00
 -0.4339740D-11  0.0000000D+00  0.0000000D+00  0.0000000D+00
  0.1908321D-10  0.0000000D+00  0.0000000D+00  0.0000000D+00
 -0.2370394D-10  0.0000000D+00  0.0000000D+00  0.0000000D+00
  0.4931923D-10  0.0000000D+00  0.0000000D+00  0.0000000D+00
 -0.8508320D-10  0.0000000D+00  0.0000000D+00  0.0000000D+00
  0.9678690D-10  0.0000000D+00  0.0000000D+00  0.0000000D+00
 -0.1942929D-09  0.0000000D+00  0.0000000D+00  0.0000000D+00
  0.2634199D-09  0.0000000D+00  0.0000000D+00  0.0000000D+00
 -0.7288485D-10  0.0000000D+00  0.0000000D+00  0.0000000D+00
 -0.5517338D-11  0.0000000D+00  0.0000000D+00  0.0000000D+00
  0.1126715D-10  0.0000000D+00  0.0000000D+00  0.0000000D+00
 -0.3025364D-11  0.0000000D+00  0.0000000D+00  0.0000000D+00
  0.1104036D-11  0.0000000D+00  0.0000000D+00  0.0000000D+00
  0.4036953D-11  0.0000000D+00  0.0000000D+00  0.0000000D+00
 -0.7604339D-11  0.0000000D+00  0.0000000D+00  0.0000000D+00
  0.1537367D-10  0.0000000D+00  0.0000000D+00  0.0000000D+00
 -0.1895401D-10  0.0000000D+00  0.0000000D+00  0.0000000D+00
  0.6355389D-10  0.0000000D+00  0.0000000D+00  0.0000000D+00
 -0.8226803D-10  0.0000000D+00  0.0000000D+00  0.0000000D+00
 -0.1343047D-10  0.0000000D+00  0.0000000D+00  0.0000000D+00
  0.5244340D-12  0.0000000D+00  0.0000000D+00  0.0000000D+00
  0.8812929D-11  0.0000000D+00  0.0000000D+00  0.0000000D+00
 -0.4144563D-11  0.0000000D+00  0.0000000D+00  0.0000000D+00
  0.6550384D-11  0.0000000D+00  0.0000000D+00  0.0000000D+00
 -0.4580297D-11  0.0000000D+00  0.0000000D+00  0.0000000D+00
  0.1743085D-10  0.0000000D+00  0.0000000D+00  0.0000000D+00
 -0.4223490D-10  0.0000000D+00  0.0000000D+00  0.0000000D+00
  0.5740774D-10  0.0000000D+00  0.0000000D+00  0.0000000D+00
 -0.1127604D-09  0.0000000D+00  0.0000000D+00  0.0000000D+00
  0.1433442D-09  0.0000000D+00  0.0000000D+00  0.0000000D+00
 -0.2818860D-10  0.0000000D+00  0.0000000D+00  0.0000000D+00
 -0.6008587D-11  0.0000000D+00  0.0000000D+00  0.0000000D+00
 -0.4040379D-11  0.0000000D+00  0.0000000D+00  0.0000000D+00
 -0.1754620D-12  0.0000000D+00  0.0000000D+00  0.0000000D+00
  0.6796366D-12  0.0000000D+00  0.0000000D+00  0.0000000D+00
  0.2255182D-11  0.0000000D+00  0.0000000D+00  0.0000000D+00
 -0.4365987D-11  0.0000000D+00  0.0000000D+00  0.0000000D+00
  0.6199305D-11  0.0000000D+00  0.0000000D+00  0.0000000D+00
  0.6544155D-12  0.0000000D+00  0.0000000D+00  0.0000000D+00
 -0.9429324D-11  0.0000000D+00  0.0000000D+00  0.0000000D+00
  0.2295632D-10  0.0000000D+00  0.0000000D+00  0.0000000D+00
  0.1876017D-10  0.0000000D+00  0.0000000D+00  0.0000000D+00
  0.4210971D-11  0.0000000D+00  0.0000000D+00  0.0000000D+00
 -0.9712526D-11  0.0000000D+00  0.0000000D+00  0.0000000D+00
 -0.1793781D-11  0.0000000D+00  0.0000000D+00  0.0000000D+00
  0.8374824D-11  0.0000000D+00  0.0000000D+00  0.0000000D+00
 -0.6696421D-11  0.0000000D+00  0.0000000D+00  0.0000000D+00
  0.1492745D-10  0.0000000D+00  0.0000000D+00  0.0000000D+00
 -0.2948827D-10  0.0000000D+00  0.0000000D+00  0.0000000D+00
  0.3580978D-10  0.0000000D+00  0.0000000D+00  0.0000000D+00
 -0.6179603D-10  0.0000000D+00  0.0000000D+00  0.0000000D+00
  0.7388344D-10  0.0000000D+00  0.0000000D+00  0.0000000D+00
 -0.3786644D-10  0.0000000D+00  0.0000000D+00  0.0000000D+00
 -0.8913379D-11  0.0000000D+00  0.0000000D+00  0.0000000D+00
  0.5352650D-11  0.0000000D+00  0.0000000D+00  0.0000000D+00
