  1  2   693 10944  4  4  9 11  7  1    0.00   24.00  100.00  600.00    0.00    6.28   45.00   45.00
  100.0  100.0  100.0  100.0  125.0  150.0  190.0  230.0  275.0  350.0  450.0  600.0  600.0  600.0  600.0
  0.1002081D+02 -0.1737316D-01  0.1775355D-01  0.0000000D+00
  0.1027057D+02  0.4994322D-01  0.9829218D-02  0.0000000D+00
  0.1039608D+02  0.3208135D-01  0.4530961D-01  0.0000000D+00
  0.1034940D+02  0.3817425D-01  0.2124236D-01  0.0000000D+00
  0.1069745D+02  0.1334036D+00  0.1508325D-01  0.0000000D+00
  0.1116389D+02  0.2016428D+00 -0.4993993D-01  0.0000000D+00
  0.1158738D+02  0.5255112D+00 -0.3588284D-01  0.0000000D+00
  0.1143929D+02  0.7206048D+00 -0.9792161D-02  0.0000000D+00
  0.1114736D+02  0.6747863D+00  0.4033234D-02  0.0000000D+00
  0.1095284D+02  0.6156372D+00  0.1265428D-01  0.0000000D+00
  0.1083569D+02  0.5804955D+00  0.1785719D-01  0.0000000D+00
 -0.7442960D+00 -0.1021117D+00  0.4074799D-01  0.0000000D+00
 -0.6052817D+00 -0.5746418D-02  0.3603015D-01  0.0000000D+00
 -0.9154827D+00 -0.9345449D-01  0.6255662D-01  0.0000000D+00
 -0.9184606D+00 -0.8290833D-02  0.6460004D-01  0.0000000D+00
 -0.1056944D+01 -0.3495935D-01  0.4420594D-01  0.0000000D+00
 -0.7515001D+00 -0.1045071D+00  0.1162217D-03  0.0000000D+00
 -0.3353060D+00 -0.8343934D-01 -0.2075083D-01  0.0000000D+00
 -0.1632766D+00 -0.2857300D-01 -0.2165959D-01  0.0000000D+00
 -0.1746170D+00 -0.2060252D-01 -0.8522949D-02  0.0000000D+00
 -0.1819952D+00 -0.3868766D-01 -0.1326943D-02  0.0000000D+00
 -0.1864410D+00 -0.4918234D-01  0.3033951D-02  0.0000000D+00
  0.2022648D-01 -0.5966903D-01  0.1843823D-01  0.0000000D+00
  0.1557620D-01 -0.4743643D-01 -0.5205855D-03  0.0000000D+00
  0.3098051D-01  0.4042243D-02  0.4011743D-01  0.0000000D+00
  0.5348236D-01 -0.1889689D-01  0.5932470D-02  0.0000000D+00
 -0.4405106D-01 -0.9722266D-02  0.1979773D-01  0.0000000D+00
 -0.2200520D+00 -0.3169743D-01 -0.1214706D-01  0.0000000D+00
 -0.2460993D+00 -0.1788868D-01 -0.2510575D-01  0.0000000D+00
 -0.3012235D+00 -0.3453381D-02 -0.2673136D-01  0.0000000D+00
 -0.2729275D+00 -0.3651756D-01 -0.1980895D-01  0.0000000D+00
 -0.2489895D+00 -0.7589179D-01 -0.1715858D-01  0.0000000D+00
 -0.2346587D+00 -0.9931201D-01 -0.1552864D-01  0.0000000D+00
  0.3466311D-01  0.1870730D-02 -0.2420081D-03  0.0000000D+00
  0.9417723D-01 -0.5566896D-03 -0.1238354D-03  0.0000000D+00
  0.5861773D-01  0.2108262D-02 -0.8847322D-03  0.0000000D+00
  0.1731460D+00 -0.3125247D-02 -0.9556118D-05  0.0000000D+00
 -0.7590433D-01  0.5575533D-02 -0.1194679D-02  0.0000000D+00
 -0.9774940D-01 -0.1018546D-01  0.2038368D-02  0.0000000D+00
  0.1327067D-01  0.3449076D-01 -0.6537799D-02  0.0000000D+00
  0.5851509D-01  0.2014257D-01 -0.5771324D-02  0.0000000D+00
  0.3936105D-01  0.1573823D-01  0.1356284D-02  0.0000000D+00
  0.2027280D-01  0.2363651D-01  0.6601708D-02  0.0000000D+00
  0.8884774D-02  0.2820820D-01  0.9751937D-02  0.0000000D+00
  0.2074095D-01  0.5362614D-03  0.2982628D-03  0.0000000D+00
  0.7514528D-02 -0.1141173D-02  0.9650232D-04  0.0000000D+00
  0.1219782D-01  0.1727580D-02  0.1561960D-03  0.0000000D+00
  0.2906675D-01 -0.3914787D-02  0.6234145D-04  0.0000000D+00
 -0.6267532D-01  0.9264858D-02  0.2092990D-03  0.0000000D+00
 -0.9379396D-01 -0.3604908D-01  0.1028843D-02  0.0000000D+00
 -0.1647556D-01  0.2665654D-02  0.5642533D-02  0.0000000D+00
 -0.6080642D-02  0.2703872D-02  0.4360752D-02  0.0000000D+00
 -0.7029773D-02 -0.7987654D-02  0.1068997D-01  0.0000000D+00
 -0.6648864D-02 -0.1203239D-01  0.1027572D-01  0.0000000D+00
 -0.6436757D-02 -0.1452119D-01  0.1010382D-01  0.0000000D+00
  0.5292442D-01  0.9566592D-03 -0.1061658D-04  0.0000000D+00
  0.4348178D-01 -0.9021436D-03  0.7210787D-05  0.0000000D+00
  0.1024362D+00  0.2328928D-02 -0.2401262D-03  0.0000000D+00
  0.1476869D+00 -0.3169336D-02 -0.1420064D-03  0.0000000D+00
  0.1343993D+00  0.5325695D-02  0.1722725D-03  0.0000000D+00
  0.2136383D-01 -0.8229817D-02 -0.1353731D-02  0.0000000D+00
  0.1972260D-01  0.3283238D-01  0.2490628D-02  0.0000000D+00
  0.2814106D-01  0.3067802D-01  0.5379485D-02  0.0000000D+00
  0.2458331D-01  0.3806772D-01  0.2326104D-02  0.0000000D+00
  0.1758959D-01  0.3877556D-01  0.1615158D-02  0.0000000D+00
  0.1345630D-01  0.3927201D-01  0.1164968D-02  0.0000000D+00
  0.2202098D-02  0.1067168D-02 -0.3934504D-04  0.0000000D+00
  0.2697457D-01  0.1948558D-03 -0.1529155D-03  0.0000000D+00
  0.2584103D-02 -0.5316350D-03  0.1172903D-03  0.0000000D+00
  0.2827475D-01  0.1550398D-02 -0.7130193D-03  0.0000000D+00
  0.1412073D-01 -0.3595732D-02  0.1232687D-02  0.0000000D+00
  0.6090053D-01  0.2001825D-01 -0.3621790D-02  0.0000000D+00
  0.5368292D-01  0.1227605D-01  0.6987826D-02  0.0000000D+00
  0.4999572D-01 -0.2313928D-01  0.2828953D-02  0.0000000D+00
  0.4537638D-01 -0.1429831D-01  0.4534227D-02  0.0000000D+00
  0.3661919D-01  0.5110877D-02  0.4652375D-02  0.0000000D+00
  0.3144093D-01  0.1657125D-01  0.4740745D-02  0.0000000D+00
 -0.4472690D-01  0.4426997D-03  0.1655586D-03  0.0000000D+00
 -0.3225112D-01  0.5102067D-03 -0.8699103D-04  0.0000000D+00
 -0.3658514D-01  0.6476817D-04  0.2150422D-03  0.0000000D+00
 -0.3240899D-01 -0.1032946D-02 -0.1723934D-03  0.0000000D+00
  0.2872555D-02  0.2799308D-02  0.5005666D-03  0.0000000D+00
 -0.2413167D-01 -0.9969392D-02  0.1674415D-03  0.0000000D+00
 -0.4412873D-02  0.2334518D-02  0.3953407D-02  0.0000000D+00
  0.8033218D-02  0.1035177D-01  0.2994963D-02  0.0000000D+00
  0.2301767D-02  0.1086758D-01  0.5712087D-03  0.0000000D+00
 -0.8200698D-03  0.7742481D-02 -0.6040473D-03  0.0000000D+00
 -0.2711946D-02  0.5918921D-02 -0.1319223D-02  0.0000000D+00
 -0.7691425D-02  0.9729671D-03  0.2666797D-03  0.0000000D+00
  0.1784889D-01 -0.1198456D-02  0.9834420D-04  0.0000000D+00
 -0.8015617D-02  0.1723906D-02 -0.4664100D-04  0.0000000D+00
  0.5904807D-02 -0.2477541D-02  0.1648483D-03  0.0000000D+00
  0.1188082D-01  0.4078656D-02 -0.8523626D-04  0.0000000D+00
  0.4070806D-01 -0.9758563D-02  0.3496981D-03  0.0000000D+00
  0.2031314D-01  0.1175664D-01  0.9365898D-03  0.0000000D+00
  0.2469182D-01  0.8628380D-02  0.6142217D-03  0.0000000D+00
  0.1740044D-01  0.6949622D-02  0.2456737D-02  0.0000000D+00
  0.9328193D-02  0.1408592D-01  0.2263625D-02  0.0000000D+00
  0.4520849D-02  0.1824310D-01  0.2171201D-02  0.0000000D+00
 -0.1403401D+00 -0.9537970D-01  0.2774043D-01  0.0000000D+00
 -0.1509007D+00 -0.5831714D-01  0.4381505D-02  0.0000000D+00
 -0.2595839D+00 -0.9792624D-03  0.1490501D-02  0.0000000D+00
 -0.2800449D+00  0.1399110D-01 -0.1461814D-02  0.0000000D+00
 -0.8528251D-01  0.9379744D-01 -0.2020902D-01  0.0000000D+00
  0.4738388D-01 -0.6788438D-02  0.9863540D-02  0.0000000D+00
  0.1284810D-01  0.9549884D-01  0.7199774D-02  0.0000000D+00
 -0.8632147D-01  0.1106154D+00 -0.6911285D-02  0.0000000D+00
 -0.9165761D-01  0.7825242D-01 -0.5472529D-02  0.0000000D+00
 -0.8481530D-01  0.3022199D-01 -0.5738474D-02  0.0000000D+00
 -0.8087203D-01  0.1741589D-02 -0.5876944D-02  0.0000000D+00
  0.6929651D-02 -0.6426116D-01  0.2873103D-01  0.0000000D+00
  0.4674910D-01 -0.8698095D-01  0.1914775D-01  0.0000000D+00
 -0.6617523D-01 -0.1422061D-01 -0.1774962D-01  0.0000000D+00
 -0.6838165D-01  0.3056898D-01  0.3641619D-02  0.0000000D+00
 -0.6846456D-02  0.1632281D+00 -0.1769551D-01  0.0000000D+00
 -0.1342092D+00 -0.5486701D-01  0.1536874D-02  0.0000000D+00
 -0.1665640D+00 -0.9194842D-01 -0.2480327D-01  0.0000000D+00
 -0.1852111D+00 -0.3119482D-01 -0.4945536D-01  0.0000000D+00
 -0.1368117D+00 -0.2658506D-01 -0.4311404D-01  0.0000000D+00
 -0.1009613D+00 -0.6210247D-01 -0.4144991D-01  0.0000000D+00
 -0.7943438D-01 -0.8283748D-01 -0.4040420D-01  0.0000000D+00
 -0.3312503D-01 -0.4067440D-01  0.1932059D-01  0.0000000D+00
 -0.6924195D-01 -0.6294046D-01  0.7142214D-03  0.0000000D+00
 -0.3869947D-01 -0.1426033D-01  0.2260997D-01  0.0000000D+00
 -0.6415266D-01 -0.6110053D-01  0.9411174D-03  0.0000000D+00
 -0.5497141D-01 -0.2864632D-01  0.2302346D-01  0.0000000D+00
 -0.4314954D-01 -0.1104840D+00 -0.1596079D-02  0.0000000D+00
 -0.6343891D-01 -0.1408179D+00  0.1536865D-01  0.0000000D+00
 -0.3804480D-01 -0.1056682D+00  0.9077122D-02  0.0000000D+00
 -0.2723274D-01 -0.7651069D-01  0.1404867D-01  0.0000000D+00
 -0.1342647D-01 -0.7150705D-01  0.1458557D-01  0.0000000D+00
 -0.5224656D-02 -0.6825195D-01  0.1495622D-01  0.0000000D+00
  0.1687947D+00  0.1070683D-03  0.2821841D-04  0.0000000D+00
  0.8318801D-01  0.1126563D-02 -0.5278119D-03  0.0000000D+00
  0.1918005D+00 -0.7583871D-03  0.4667862D-03  0.0000000D+00
  0.1916343D+00  0.2570963D-02 -0.7762201D-03  0.0000000D+00
  0.1462709D+00 -0.7764980D-02  0.1763642D-02  0.0000000D+00
  0.9713556D-01  0.1774234D-01 -0.3318608D-02  0.0000000D+00
  0.4874358D-01 -0.1095371D-01  0.7299190D-02  0.0000000D+00
  0.1580964D-01  0.1372219D-01 -0.5036939D-02  0.0000000D+00
  0.2535601D-01  0.9582228D-02 -0.4514709D-02  0.0000000D+00
  0.2166105D-01 -0.4767278D-02 -0.7770725D-02  0.0000000D+00
  0.1960519D-01 -0.1321413D-01 -0.9670988D-02  0.0000000D+00
 -0.1489741D-01  0.2766533D-03  0.3624850D-03  0.0000000D+00
 -0.5749304D-01 -0.9282559D-03 -0.4695202D-03  0.0000000D+00
 -0.4692818D-01  0.1257042D-02  0.6867419D-03  0.0000000D+00
 -0.8972966D-01 -0.1385708D-02 -0.1206885D-02  0.0000000D+00
 -0.1968431D-01  0.6139204D-02  0.2068868D-02  0.0000000D+00
  0.3806069D-01 -0.3712916D-01 -0.5456759D-02  0.0000000D+00
  0.9874682D-02 -0.9189792D-01  0.1282480D-01  0.0000000D+00
  0.2467218D-01 -0.5953826D-01  0.2957777D-02  0.0000000D+00
  0.1313773D-01 -0.5542811D-01  0.5142017D-03  0.0000000D+00
  0.5958891D-02 -0.5879522D-01 -0.2832037D-02  0.0000000D+00
  0.1626096D-02 -0.6071894D-01 -0.4818059D-02  0.0000000D+00
  0.7671116D-03  0.6584021D-03  0.6340062D-05  0.0000000D+00
  0.1386071D-01 -0.3599757D-03 -0.1171956D-03  0.0000000D+00
 -0.1329214D-01  0.1524338D-02  0.6467898D-04  0.0000000D+00
  0.3375355D-01 -0.2229021D-02 -0.2904741D-03  0.0000000D+00
 -0.6015334D-01  0.4360015D-02  0.5389730D-03  0.0000000D+00
  0.3099044D-01 -0.1044673D-01 -0.2443721D-03  0.0000000D+00
  0.7913312D-02  0.9956549D-02  0.7044752D-02  0.0000000D+00
  0.8755938D-03  0.2083945D-01  0.1313108D-02  0.0000000D+00
  0.3123406D-02  0.1364013D-01  0.1129865D-02  0.0000000D+00
  0.4851272D-02  0.8739470D-02 -0.2205077D-02  0.0000000D+00
  0.5887768D-02  0.5787976D-02 -0.4159589D-02  0.0000000D+00
 -0.4861710D-03  0.2489386D-03  0.8330397D-04  0.0000000D+00
 -0.1158136D-01  0.1452838D-02 -0.2423617D-03  0.0000000D+00
 -0.2375405D-01 -0.2494013D-02  0.2786570D-03  0.0000000D+00
 -0.3202936D-01  0.5579014D-02 -0.6849465D-03  0.0000000D+00
  0.2559790D-01 -0.1264736D-01  0.5118811D-03  0.0000000D+00
  0.7146350D-01  0.4148862D-01  0.7535162D-03  0.0000000D+00
  0.4192101D-01  0.9188941D-02  0.3435295D-02  0.0000000D+00
  0.1128815D-01 -0.1265778D-01  0.2708898D-02  0.0000000D+00
  0.8119597D-02 -0.1223920D-01 -0.1207237D-02  0.0000000D+00
  0.1017201D-01  0.1822995D-02 -0.2828286D-02  0.0000000D+00
  0.1133723D-01  0.1006154D-01 -0.3821321D-02  0.0000000D+00
 -0.7614597D-01  0.9241238D-04  0.4334179D-04  0.0000000D+00
 -0.2786894D-01 -0.8250331D-03  0.1687595D-03  0.0000000D+00
 -0.1208394D+00  0.5574738D-03 -0.6179196D-04  0.0000000D+00
 -0.9842519D-01 -0.3414745D-03  0.1478741D-04  0.0000000D+00
 -0.1305933D+00  0.2076471D-02  0.4618725D-04  0.0000000D+00
 -0.5819963D-01 -0.6557645D-02 -0.5231688D-03  0.0000000D+00
 -0.2105718D-01 -0.1942796D-02 -0.2966612D-02  0.0000000D+00
 -0.1496331D-01  0.1170212D-02 -0.1155667D-02  0.0000000D+00
 -0.1282135D-01 -0.3092681D-02  0.2776549D-02  0.0000000D+00
 -0.7193647D-02 -0.7954113D-02  0.3506879D-02  0.0000000D+00
 -0.3876261D-02 -0.1084854D-01  0.3978163D-02  0.0000000D+00
 -0.3448815D-01  0.5877591D-03  0.3191099D-03  0.0000000D+00
 -0.1620412D-01 -0.7537799D-03  0.2085733D-03  0.0000000D+00
 -0.1115897D-01  0.1004502D-02 -0.6160026D-04  0.0000000D+00
  0.1884984D-03 -0.1768241D-02 -0.1829625D-04  0.0000000D+00
 -0.1378685D-01  0.3856905D-02 -0.2974648D-03  0.0000000D+00
 -0.2094866D-01 -0.1253609D-01 -0.1028718D-03  0.0000000D+00
  0.4350935D-02  0.1137337D-01 -0.1367642D-02  0.0000000D+00
 -0.1366304D-01  0.6722780D-03  0.3779770D-02  0.0000000D+00
 -0.1044460D-01  0.1037515D-03  0.1080109D-02  0.0000000D+00
 -0.8498451D-02  0.2079298D-02 -0.1961922D-02  0.0000000D+00
 -0.7323263D-02  0.3230753D-02 -0.3772898D-02  0.0000000D+00
 -0.2030995D-01 -0.5291602D-01 -0.1130571D-01  0.0000000D+00
 -0.6260601D-01 -0.1688532D+00 -0.9825432D-02  0.0000000D+00
 -0.3410051D-01 -0.7312869D-01 -0.1393967D-01  0.0000000D+00
  0.1278956D-01  0.8802722D-02  0.4261647D-02  0.0000000D+00
 -0.3992425D-01 -0.4704787D-01  0.4882183D-03  0.0000000D+00
  0.2218781D-01  0.8326465D-01  0.6987066D-02  0.0000000D+00
  0.5992233D-02  0.1593055D-01 -0.3753788D-02  0.0000000D+00
  0.5150568D-01  0.1013917D-01 -0.1415908D-01  0.0000000D+00
  0.3940788D-01 -0.1983297D-02 -0.9535952D-02  0.0000000D+00
  0.2843408D-01  0.9011831D-03 -0.4727872D-02  0.0000000D+00
  0.2187359D-01  0.2452716D-02 -0.1861212D-02  0.0000000D+00
 -0.9625327D-01 -0.1714203D+00 -0.9536740D-02  0.0000000D+00
 -0.1492540D+00 -0.2575162D+00 -0.8040550D-02  0.0000000D+00
 -0.9210138D-01 -0.6733124D-01 -0.4645231D-02  0.0000000D+00
 -0.5436595D-01  0.2650135D-01  0.5813323D-02  0.0000000D+00
 -0.5101925D-01 -0.5545219D-01 -0.7566959D-02  0.0000000D+00
  0.8223748D-01  0.1296027D+00  0.5808007D-02  0.0000000D+00
  0.4178817D-01  0.1143691D+00  0.9598650D-02  0.0000000D+00
  0.6461732D-01  0.5672693D-01 -0.2760603D-02  0.0000000D+00
  0.4753673D-01  0.1388384D-01  0.1887368D-02  0.0000000D+00
  0.3108405D-01  0.5112302D-02  0.6739585D-02  0.0000000D+00
  0.2126048D-01 -0.5055855D-03  0.9631924D-02  0.0000000D+00
 -0.4558118D-01  0.1486055D-02 -0.2727286D-02  0.0000000D+00
 -0.8433139D-02 -0.1672878D-01 -0.9424706D-02  0.0000000D+00
 -0.7667135D-01 -0.7178501D-02 -0.1003309D-01  0.0000000D+00
 -0.5606914D-01 -0.7133640D-01 -0.9171869D-03  0.0000000D+00
 -0.4987244D-01  0.7382280D-02 -0.1471087D-01  0.0000000D+00
 -0.2470295D-01 -0.9748119D-02  0.7962744D-02  0.0000000D+00
 -0.2338556D-01  0.1854363D-01  0.1308307D-01  0.0000000D+00
 -0.3010595D-01 -0.4124864D-01  0.1656550D-01  0.0000000D+00
 -0.3780253D-01 -0.4125980D-01  0.1074443D-01  0.0000000D+00
 -0.3652659D-01 -0.5081586D-01  0.7127136D-02  0.0000000D+00
 -0.3586767D-01 -0.5641591D-01  0.4944785D-02  0.0000000D+00
 -0.2568843D-01  0.2308343D-02  0.2692165D-04  0.0000000D+00
 -0.1503731D-01  0.1730004D-02  0.1716000D-03  0.0000000D+00
 -0.1405906D-01 -0.2783976D-03 -0.1818935D-03  0.0000000D+00
 -0.6637435D-01  0.1549816D-02 -0.3321667D-05  0.0000000D+00
  0.6062840D-02 -0.3224344D-02  0.2273600D-03  0.0000000D+00
 -0.2065168D-01  0.1117249D-01  0.5073596D-04  0.0000000D+00
 -0.1528957D-01  0.6969777D-02 -0.4945781D-02  0.0000000D+00
  0.4715436D-02  0.9657046D-02 -0.1499831D-01  0.0000000D+00
  0.1178058D-01  0.1070170D-01 -0.8408756D-02  0.0000000D+00
  0.1360204D-01  0.9024233D-02 -0.2170471D-02  0.0000000D+00
  0.1474794D-01  0.8054754D-02  0.1554672D-02  0.0000000D+00
 -0.2533722D-02  0.5862917D-03 -0.4358136D-04  0.0000000D+00
  0.1821287D-01 -0.2312086D-02 -0.2568987D-04  0.0000000D+00
 -0.4333165D-01  0.1923971D-02  0.3876549D-05  0.0000000D+00
 -0.1770783D-01 -0.2912520D-02  0.4520334D-03  0.0000000D+00
 -0.1005531D-01  0.2757748D-02 -0.8673964D-03  0.0000000D+00
 -0.1196704D-01  0.7576269D-02  0.8985309D-03  0.0000000D+00
 -0.8249463D-02  0.4540792D-01 -0.6162269D-02  0.0000000D+00
 -0.9431399D-02 -0.3087692D-02  0.6672674D-02  0.0000000D+00
 -0.1952444D-01 -0.2698726D-01  0.7679121D-02  0.0000000D+00
 -0.2637286D-01 -0.4078787D-01  0.5388172D-02  0.0000000D+00
 -0.3049530D-01 -0.4913778D-01  0.4057968D-02  0.0000000D+00
  0.3862785D-01  0.1473356D-02 -0.1024492D-03  0.0000000D+00
  0.5131154D-01  0.2080861D-03 -0.4307785D-04  0.0000000D+00
  0.5275634D-01 -0.3312734D-03 -0.2969868D-03  0.0000000D+00
  0.2152508D-01  0.1061897D-02  0.3208516D-03  0.0000000D+00
  0.2855632D-01 -0.1298821D-03 -0.4168050D-03  0.0000000D+00
 -0.2400804D-01 -0.6511072D-02  0.7741226D-03  0.0000000D+00
 -0.1596468D-01 -0.3301614D-01 -0.3954615D-02  0.0000000D+00
 -0.1591095D-01 -0.3457980D-02 -0.3326331D-02  0.0000000D+00
 -0.6880431D-02 -0.5785685D-02  0.8269324D-03  0.0000000D+00
  0.1998184D-02 -0.6484130D-02  0.3872672D-02  0.0000000D+00
  0.7296822D-02 -0.6919942D-02  0.5701764D-02  0.0000000D+00
  0.2728947D-01  0.1525718D-02 -0.1306475D-04  0.0000000D+00
  0.2948852D-01 -0.2245203D-02  0.4657992D-04  0.0000000D+00
  0.1241512D-01  0.3819348D-02  0.7048322D-04  0.0000000D+00
  0.1507231D-01 -0.5429748D-02  0.7754850D-04  0.0000000D+00
  0.7413200D-02  0.1067610D-01 -0.6496700D-03  0.0000000D+00
 -0.2326679D-01 -0.2967888D-01  0.2546787D-02  0.0000000D+00
 -0.2089589D-02  0.1516000D-01 -0.2338852D-02  0.0000000D+00
  0.6344506D-02 -0.1220450D-01  0.6240349D-02  0.0000000D+00
  0.6667210D-02 -0.2206981D-01  0.5215505D-02  0.0000000D+00
  0.2482023D-02 -0.2000319D-01  0.3951355D-02  0.0000000D+00
  0.3573188D-04 -0.1890621D-01  0.3200022D-02  0.0000000D+00
  0.2299732D-01  0.5691527D-03 -0.5264973D-04  0.0000000D+00
  0.4622094D-01  0.7856403D-03  0.1215667D-03  0.0000000D+00
  0.2146424D-01 -0.1037779D-02 -0.2942870D-03  0.0000000D+00
  0.4755826D-01  0.1633730D-02  0.3423251D-03  0.0000000D+00
  0.1426823D-01 -0.3654996D-02 -0.5315876D-03  0.0000000D+00
  0.4593201D-02  0.1001086D-01  0.1239815D-02  0.0000000D+00
 -0.4973403D-03 -0.6994117D-02  0.1606792D-02  0.0000000D+00
 -0.5650646D-02  0.3177527D-02 -0.1648029D-03  0.0000000D+00
 -0.3888191D-02  0.3844216D-02  0.3093706D-03  0.0000000D+00
 -0.2729289D-03 -0.2661059D-02  0.1007395D-02  0.0000000D+00
  0.1862026D-02 -0.6462256D-02  0.1420683D-02  0.0000000D+00
  0.5989430D-02  0.1275773D-02 -0.5452774D-04  0.0000000D+00
  0.1500936D-02 -0.1360328D-03 -0.1296863D-03  0.0000000D+00
  0.1401714D-01 -0.6450196D-03  0.2272218D-03  0.0000000D+00
  0.4164053D-02  0.1201011D-02 -0.4250570D-03  0.0000000D+00
 -0.1217335D-01 -0.2695562D-02  0.5454749D-03  0.0000000D+00
 -0.2344469D-01  0.8207367D-02 -0.1407298D-02  0.0000000D+00
  0.3262667D-02 -0.8937557D-02 -0.9032883D-04  0.0000000D+00
  0.3560575D-02 -0.9620167D-02  0.4132718D-03  0.0000000D+00
  0.5189589D-02 -0.1144853D-01  0.3231143D-03  0.0000000D+00
  0.4165447D-02 -0.2751935D-02  0.1045529D-02  0.0000000D+00
  0.3584329D-02  0.2317145D-02  0.1467404D-02  0.0000000D+00
  0.4374051D-01  0.4608163D-01 -0.1784497D-02  0.0000000D+00
  0.4995651D-01  0.2214037D-01  0.2449402D-02  0.0000000D+00
  0.4866967D-01  0.2061033D-02  0.3392799D-03  0.0000000D+00
  0.6889653D-01  0.2794720D-01 -0.2118416D-02  0.0000000D+00
  0.1775228D-01 -0.1463944D-01  0.2147733D-02  0.0000000D+00
  0.7603548D-02  0.5464373D-02 -0.1562657D-03  0.0000000D+00
 -0.1885616D-01 -0.3016371D-01  0.6915260D-02  0.0000000D+00
 -0.3817667D-01 -0.1118795D-01  0.6094752D-03  0.0000000D+00
 -0.3242983D-01 -0.1647359D-01  0.9083109D-03  0.0000000D+00
 -0.1713260D-01 -0.8619511D-02 -0.1884653D-02  0.0000000D+00
 -0.8114312D-02 -0.4082251D-02 -0.3516166D-02  0.0000000D+00
  0.4560289D-01 -0.1987268D-02 -0.2547735D-02  0.0000000D+00
  0.4051791D-01  0.9928485D-04  0.3205928D-03  0.0000000D+00
  0.7615720D-01 -0.5580570D-02 -0.7972164D-03  0.0000000D+00
  0.8819652D-01  0.3134261D-01 -0.5681646D-02  0.0000000D+00
  0.1302709D-01 -0.3465313D-01  0.1873526D-02  0.0000000D+00
  0.4013157D-01  0.2769325D-01 -0.4005752D-02  0.0000000D+00
  0.3823253D-01  0.1921127D-01 -0.2386200D-02  0.0000000D+00
  0.4392221D-01  0.2533294D-01 -0.1691669D-02  0.0000000D+00
  0.2620959D-01  0.4708751D-02 -0.5614175D-03  0.0000000D+00
  0.1176416D-01  0.4946878D-02 -0.4734859D-02  0.0000000D+00
  0.3109908D-02  0.4853904D-02 -0.7165440D-02  0.0000000D+00
 -0.3226197D-02  0.1200037D-01 -0.1696544D-02  0.0000000D+00
 -0.7515530D-02 -0.1437525D-01 -0.4889723D-02  0.0000000D+00
  0.3151338D-03  0.1384484D-01 -0.2061871D-02  0.0000000D+00
  0.1194113D-02 -0.3565907D-01 -0.4716757D-02  0.0000000D+00
 -0.3243793D-01  0.1046694D-01 -0.3573224D-02  0.0000000D+00
  0.2166704D-01 -0.2092980D-01  0.2226104D-03  0.0000000D+00
  0.2579958D-01  0.2177847D-01 -0.6212349D-02  0.0000000D+00
  0.3353250D-01  0.8831536D-02  0.2728766D-02  0.0000000D+00
  0.1916195D-01  0.2810629D-02 -0.1313019D-02  0.0000000D+00
  0.1064406D-01 -0.4318060D-02 -0.2485967D-02  0.0000000D+00
  0.5496880D-02 -0.8559603D-02 -0.3217562D-02  0.0000000D+00
  0.1979276D-01 -0.5283236D-03  0.1052319D-03  0.0000000D+00
 -0.3118999D-02 -0.3383633D-03 -0.2630977D-03  0.0000000D+00
  0.2741783D-01  0.1922929D-04  0.3080661D-03  0.0000000D+00
 -0.1365326D-02  0.5127608D-03 -0.3473138D-03  0.0000000D+00
 -0.9451408D-02 -0.1796148D-02  0.3654487D-03  0.0000000D+00
 -0.1022934D-01  0.5058306D-02 -0.6819247D-03  0.0000000D+00
  0.3298951D-02 -0.1303288D-01  0.2448594D-02  0.0000000D+00
  0.2063426D-02 -0.1456516D-01  0.1600646D-02  0.0000000D+00
  0.3416643D-03 -0.1100028D-01 -0.5179120D-03  0.0000000D+00
 -0.6474261D-03 -0.6335684D-02 -0.3257213D-02  0.0000000D+00
 -0.1245514D-02 -0.3564771D-02 -0.4884855D-02  0.0000000D+00
  0.9207067D-02 -0.2527746D-03  0.3188244D-05  0.0000000D+00
 -0.1538689D-01 -0.1254520D-03 -0.3014340D-03  0.0000000D+00
  0.3642243D-02  0.6940311D-03  0.1701834D-03  0.0000000D+00
  0.4311776D-02 -0.8220789D-03 -0.2215810D-03  0.0000000D+00
 -0.2608870D-01  0.1705459D-02  0.4346680D-05  0.0000000D+00
  0.1086622D-01 -0.4870080D-02  0.7803422D-04  0.0000000D+00
  0.1309192D-01  0.1263504D-01 -0.2649588D-02  0.0000000D+00
  0.9275112D-02  0.1143356D-01  0.9660575D-03  0.0000000D+00
  0.4391276D-02  0.2504739D-02 -0.4857824D-02  0.0000000D+00
  0.4656205D-02  0.9202487D-03 -0.5323990D-02  0.0000000D+00
  0.4757052D-02 -0.1071148D-03 -0.5662021D-02  0.0000000D+00
 -0.2600911D-01 -0.1083822D-02 -0.1295335D-05  0.0000000D+00
 -0.2238947D-01 -0.5452036D-03 -0.8710381D-04  0.0000000D+00
 -0.2752954D-01 -0.2171736D-03  0.1549737D-03  0.0000000D+00
 -0.3069120D-01  0.1004140D-02 -0.3592342D-03  0.0000000D+00
 -0.8017873D-02 -0.1436536D-02  0.5306379D-03  0.0000000D+00
 -0.3551081D-01  0.1091860D-02 -0.6762832D-03  0.0000000D+00
 -0.7750707D-02 -0.4127856D-02  0.2459614D-02  0.0000000D+00
 -0.2510356D-02 -0.6445330D-02  0.3292481D-02  0.0000000D+00
 -0.1276192D-02 -0.2837814D-02  0.4302100D-02  0.0000000D+00
 -0.1674070D-02  0.2934640D-03  0.3938236D-02  0.0000000D+00
 -0.1893697D-02  0.2166741D-02  0.3736834D-02  0.0000000D+00
  0.8638363D-02 -0.5682326D-03  0.6793795D-04  0.0000000D+00
 -0.1930464D-01  0.8249432D-03 -0.2524426D-03  0.0000000D+00
  0.8838442D-02 -0.4073113D-03  0.2167526D-03  0.0000000D+00
 -0.1080818D-02  0.8939775D-03 -0.3339160D-03  0.0000000D+00
 -0.1862109D-01 -0.9804145D-03  0.2683112D-03  0.0000000D+00
 -0.2285024D-01  0.1548451D-03 -0.4073226D-03  0.0000000D+00
  0.6355494D-02 -0.4624884D-02  0.9924358D-03  0.0000000D+00
 -0.4397686D-02  0.1657678D-01 -0.3668713D-03  0.0000000D+00
 -0.4307875D-02  0.1446208D-01 -0.2378254D-02  0.0000000D+00
 -0.4821142D-04  0.1154712D-01 -0.1542995D-02  0.0000000D+00
  0.2446682D-02  0.9817538D-02 -0.1076749D-02  0.0000000D+00
 -0.1255162D-02 -0.5746093D-03 -0.7905191D-04  0.0000000D+00
  0.1197171D-01 -0.1281190D-02  0.2191997D-03  0.0000000D+00
 -0.1011158D-01  0.1703564D-02 -0.2184500D-03  0.0000000D+00
  0.7015148D-02 -0.1923610D-02  0.3264399D-03  0.0000000D+00
  0.2814403D-01  0.3535020D-02 -0.4661057D-03  0.0000000D+00
 -0.1079701D-01 -0.6920781D-02  0.8299748D-03  0.0000000D+00
 -0.3573995D-02  0.1051057D-01 -0.4134810D-02  0.0000000D+00
  0.4541402D-02  0.2709513D-02 -0.2192206D-03  0.0000000D+00
  0.4259775D-02  0.4540821D-02 -0.1075265D-05  0.0000000D+00
  0.6370067D-03  0.4268729D-02 -0.1007261D-02  0.0000000D+00
 -0.1486283D-02  0.4130364D-02 -0.1593517D-02  0.0000000D+00
  0.4208625D-02 -0.6138810D-03  0.9732586D-04  0.0000000D+00
 -0.1546540D-01  0.8850156D-03  0.1068964D-03  0.0000000D+00
  0.8847441D-02 -0.2674410D-03 -0.2186595D-03  0.0000000D+00
 -0.1680141D-01  0.3350146D-03  0.2408338D-03  0.0000000D+00
 -0.1929806D-01 -0.2058183D-02 -0.7037629D-03  0.0000000D+00
 -0.2278126D-01  0.5388088D-02  0.1406308D-02  0.0000000D+00
 -0.7210165D-02  0.1384071D-02 -0.3803103D-02  0.0000000D+00
 -0.9332839D-02  0.9044982D-02  0.3105541D-03  0.0000000D+00
 -0.4669068D-02  0.1261177D-01 -0.7653813D-03  0.0000000D+00
 -0.8932183D-03  0.8244908D-02 -0.4020663D-03  0.0000000D+00
  0.1368954D-02  0.5728292D-02 -0.2016950D-03  0.0000000D+00
  0.1925988D-01  0.1849524D-01  0.5580325D-02  0.0000000D+00
  0.2365480D-01  0.2100752D-01 -0.5305768D-02  0.0000000D+00
  0.3032838D-01 -0.6593579D-03  0.3457647D-02  0.0000000D+00
  0.4076667D-01  0.2164174D-01 -0.1242276D-02  0.0000000D+00
  0.4853567D-01  0.1557538D-01  0.4012964D-02  0.0000000D+00
  0.3265649D-01  0.3103165D-01 -0.8106087D-03  0.0000000D+00
  0.1205103D-01 -0.1935425D-01 -0.7865125D-03  0.0000000D+00
  0.4082203D-02 -0.1552552D-01 -0.6244493D-02  0.0000000D+00
 -0.1042328D-02 -0.1024546D-01 -0.4390726D-02  0.0000000D+00
 -0.3785273D-02 -0.1688476D-01 -0.3154388D-02  0.0000000D+00
 -0.5448589D-02 -0.2071090D-01 -0.2409541D-02  0.0000000D+00
  0.4411994D-01  0.1553783D-01  0.9226564D-02  0.0000000D+00
  0.4192748D-01  0.4544950D-01 -0.5442640D-02  0.0000000D+00
  0.5075665D-01  0.1980388D-02  0.8551481D-02  0.0000000D+00
  0.5816310D-01  0.2432913D-01 -0.1742621D-02  0.0000000D+00
  0.8483972D-01  0.3248397D-01  0.7854669D-02  0.0000000D+00
  0.3997382D-01  0.2806992D-01 -0.1739364D-02  0.0000000D+00
  0.1116665D-01 -0.3141172D-01  0.8336901D-02  0.0000000D+00
 -0.2190950D-02 -0.2386729D-01 -0.3753692D-02  0.0000000D+00
 -0.3730079D-02 -0.8851514D-02 -0.2443245D-02  0.0000000D+00
 -0.5170705D-02 -0.1390421D-01 -0.6661641D-03  0.0000000D+00
 -0.6031504D-02 -0.1669301D-01  0.3885595D-03  0.0000000D+00
 -0.9892419D-03  0.2200241D-01 -0.7341928D-04  0.0000000D+00
  0.1093173D-01 -0.1149791D-01 -0.4294039D-02  0.0000000D+00
  0.7616629D-02 -0.6737910D-02 -0.2679573D-02  0.0000000D+00
  0.3944561D-01  0.1455844D-01 -0.4699395D-02  0.0000000D+00
 -0.7763465D-02 -0.2858438D-01  0.2237219D-03  0.0000000D+00
 -0.3789518D-01  0.2435511D-01 -0.4669813D-03  0.0000000D+00
 -0.1225561D-01  0.9670344D-02 -0.7565551D-03  0.0000000D+00
 -0.2461831D-01  0.1399657D-01 -0.1371890D-02  0.0000000D+00
 -0.1967745D-01  0.5290091D-02 -0.2595794D-03  0.0000000D+00
 -0.1063859D-01 -0.1131214D-01  0.1164327D-03  0.0000000D+00
 -0.5291608D-02 -0.2112777D-01  0.3492962D-03  0.0000000D+00
  0.4596367D-01  0.4820309D-03  0.3507807D-04  0.0000000D+00
  0.2381718D-01  0.2156385D-03  0.2542683D-04  0.0000000D+00
  0.2080581D-01 -0.4673428D-03  0.1087571D-03  0.0000000D+00
  0.2958544D-01  0.1006094D-02 -0.3021424D-03  0.0000000D+00
  0.5622537D-01 -0.2256332D-02  0.7446601D-03  0.0000000D+00
  0.2067270D-01  0.8413194D-02 -0.1160809D-02  0.0000000D+00
 -0.3457765D-02 -0.1296046D-01  0.8926714D-03  0.0000000D+00
 -0.2087183D-01 -0.8445980D-03 -0.5509151D-02  0.0000000D+00
 -0.1065036D-01  0.2462607D-02 -0.1531313D-02  0.0000000D+00
 -0.3828145D-02 -0.2250752D-02  0.1263250D-02  0.0000000D+00
  0.2795148D-03 -0.4972539D-02  0.2943617D-02  0.0000000D+00
  0.1403682D-02  0.7364775D-04  0.4604549D-04  0.0000000D+00
  0.1181083D-01  0.1158423D-02 -0.1027575D-03  0.0000000D+00
  0.2553831D-01 -0.1082903D-02  0.2976652D-04  0.0000000D+00
  0.6433421D-01  0.1661960D-02  0.1172043D-03  0.0000000D+00
  0.4911749D-02 -0.2200707D-02 -0.2584701D-03  0.0000000D+00
 -0.4912038D-01  0.3332153D-03  0.6837145D-03  0.0000000D+00
 -0.2278322D-01 -0.1271067D-01  0.2136261D-02  0.0000000D+00
 -0.1764587D-01 -0.3009986D-02  0.5137969D-02  0.0000000D+00
 -0.7448336D-02 -0.2456119D-02  0.4356822D-02  0.0000000D+00
 -0.1480738D-02 -0.5277004D-02  0.3413463D-02  0.0000000D+00
  0.2127151D-02 -0.6921966D-02  0.2852196D-02  0.0000000D+00
  0.4837714D-02 -0.2288097D-03 -0.1258645D-03  0.0000000D+00
 -0.1897396D-01  0.8883167D-03 -0.7399366D-04  0.0000000D+00
  0.3576073D-02 -0.8263162D-03  0.3379563D-04  0.0000000D+00
 -0.2986514D-02  0.3491515D-03 -0.8299170D-04  0.0000000D+00
  0.2701812D-01 -0.5360821D-03  0.3087997D-03  0.0000000D+00
  0.1278973D-01 -0.2338010D-02 -0.6744172D-03  0.0000000D+00
  0.2623995D-02  0.2160584D-02  0.3892988D-02  0.0000000D+00
 -0.6135290D-02  0.3497731D-02 -0.6660148D-03  0.0000000D+00
 -0.1945313D-02  0.3061005D-02 -0.7081947D-03  0.0000000D+00
  0.9781144D-04 -0.3288694D-02 -0.3667816D-03  0.0000000D+00
  0.1340612D-02 -0.7010287D-02 -0.1673986D-03  0.0000000D+00
  0.5287096D-02  0.5495597D-03  0.4130567D-04  0.0000000D+00
 -0.2379927D-02  0.1078436D-02  0.4217275D-05  0.0000000D+00
  0.1335733D-01 -0.5932650D-03 -0.8724377D-04  0.0000000D+00
  0.3571295D-01  0.2991158D-03  0.7203132D-04  0.0000000D+00
  0.9182984D-02 -0.5604047D-03 -0.3918316D-03  0.0000000D+00
 -0.7683018D-02 -0.2870127D-03  0.4533977D-03  0.0000000D+00
 -0.3880586D-02 -0.5947360D-02 -0.4466475D-02  0.0000000D+00
 -0.1452446D-02  0.7675542D-03 -0.2220416D-02  0.0000000D+00
  0.7405914D-02 -0.5929744D-02 -0.2634849D-03  0.0000000D+00
  0.6672256D-02 -0.8101561D-02  0.8671920D-03  0.0000000D+00
  0.6342327D-02 -0.9448594D-02  0.1550885D-02  0.0000000D+00
 -0.1522808D-01 -0.3157505D-03 -0.1083934D-03  0.0000000D+00
 -0.2325705D-01 -0.3451029D-03  0.6726415D-04  0.0000000D+00
 -0.1017230D-01  0.1371297D-02 -0.2356729D-03  0.0000000D+00
 -0.1226281D-01 -0.1757125D-02  0.3531415D-03  0.0000000D+00
 -0.3752324D-02  0.2956286D-02 -0.2347787D-03  0.0000000D+00
 -0.8646379D-02 -0.6092408D-02  0.3564403D-03  0.0000000D+00
 -0.9058318D-03  0.9231223D-02 -0.2709399D-02  0.0000000D+00
 -0.3894699D-02  0.6715800D-02 -0.7281090D-03  0.0000000D+00
 -0.6252426D-02  0.3248780D-02  0.5665183D-03  0.0000000D+00
 -0.4637797D-02 -0.1912515D-02  0.1692247D-02  0.0000000D+00
 -0.3718765D-02 -0.4974028D-02  0.2365344D-02  0.0000000D+00
  0.4083706D-02  0.4859241D-04 -0.9456640D-04  0.0000000D+00
  0.9112356D-03  0.1650794D-02  0.6782637D-05  0.0000000D+00
 -0.4574629D-02 -0.6142617D-03 -0.6521954D-04  0.0000000D+00
 -0.6500203D-02  0.8222055D-03 -0.1082016D-03  0.0000000D+00
 -0.1508404D-02 -0.2056004D-02 -0.1766420D-04  0.0000000D+00
  0.1311514D-01  0.5389987D-02  0.2141811D-03  0.0000000D+00
  0.3904227D-02 -0.5316590D-02 -0.1051643D-02  0.0000000D+00
  0.7671203D-02  0.4548836D-02 -0.1026744D-02  0.0000000D+00
  0.4775666D-02  0.2188313D-02  0.2576989D-03  0.0000000D+00
  0.1875785D-02 -0.1742104D-03  0.1751866D-02  0.0000000D+00
  0.1461236D-03 -0.1582878D-02  0.2641007D-02  0.0000000D+00
 -0.1269395D-01 -0.1991012D-02 -0.4126282D-02  0.0000000D+00
 -0.2169473D-01 -0.2092978D-01 -0.1341116D-02  0.0000000D+00
 -0.6041138D-02  0.6550469D-02 -0.7687181D-03  0.0000000D+00
 -0.8804656D-02  0.1214598D-02  0.4874034D-03  0.0000000D+00
 -0.1409728D-01  0.1179929D-01  0.1785151D-03  0.0000000D+00
 -0.8572528D-02  0.2564699D-02  0.1001899D-03  0.0000000D+00
 -0.1127907D-02 -0.1246793D-01 -0.1523581D-02  0.0000000D+00
 -0.2060895D-02 -0.6077706D-03 -0.8853477D-03  0.0000000D+00
 -0.2560150D-02  0.1658696D-02  0.1907839D-03  0.0000000D+00
  0.1552344D-02  0.2783162D-02  0.7065333D-03  0.0000000D+00
  0.3954360D-02  0.3467164D-02  0.1020239D-02  0.0000000D+00
 -0.1759358D-01 -0.3996795D-02 -0.4494055D-02  0.0000000D+00
 -0.2115325D-01 -0.8555038D-02  0.2137965D-03  0.0000000D+00
 -0.2401207D-01  0.3186221D-02  0.1688585D-02  0.0000000D+00
 -0.1937404D-01 -0.1812105D-02  0.2443634D-03  0.0000000D+00
 -0.2014675D-01  0.1442762D-01  0.1627766D-02  0.0000000D+00
 -0.2117875D-01  0.8587548D-02 -0.3488329D-03  0.0000000D+00
 -0.7314831D-02 -0.8456004D-02 -0.6241860D-02  0.0000000D+00
 -0.2537904D-02  0.7970628D-02 -0.9971820D-03  0.0000000D+00
 -0.6033116D-03  0.4754440D-02  0.1305877D-02  0.0000000D+00
  0.2963484D-02  0.6790745D-02  0.2060081D-02  0.0000000D+00
  0.5073313D-02  0.7946233D-02  0.2527234D-02  0.0000000D+00
 -0.2640580D-03  0.1017622D-01 -0.1814662D-02  0.0000000D+00
 -0.1172125D-01 -0.2602979D-02 -0.3291600D-02  0.0000000D+00
  0.1094732D-01 -0.1072000D-01  0.3638301D-02  0.0000000D+00
 -0.1608452D-01  0.1457095D-02 -0.1331029D-02  0.0000000D+00
  0.8259364D-02  0.7290088D-02  0.2945637D-02  0.0000000D+00
 -0.3958891D-02  0.2335676D-02  0.1584415D-02  0.0000000D+00
  0.6318671D-02 -0.9948131D-03  0.9448085D-03  0.0000000D+00
 -0.2869563D-02  0.2368159D-01  0.1885011D-02  0.0000000D+00
 -0.3092572D-02  0.1334921D-01  0.1209668D-02  0.0000000D+00
 -0.2945793D-03  0.2683880D-02  0.4182221D-03  0.0000000D+00
  0.1340943D-02 -0.3673845D-02 -0.5256989D-04  0.0000000D+00
 -0.3152148D-02 -0.3461879D-03 -0.5125890D-04  0.0000000D+00
  0.9645499D-02  0.3401025D-03 -0.2685572D-03  0.0000000D+00
 -0.2834181D-01  0.9188752D-04  0.1255567D-03  0.0000000D+00
 -0.6766390D-02 -0.5773144D-03  0.1590619D-04  0.0000000D+00
 -0.9924051D-02  0.9461487D-03  0.3581777D-04  0.0000000D+00
 -0.5246201D-02  0.8606676D-03 -0.4474539D-03  0.0000000D+00
 -0.3631814D-02  0.1302957D-01  0.1014274D-02  0.0000000D+00
 -0.2160963D-02  0.6817743D-02 -0.6500481D-04  0.0000000D+00
 -0.6778507D-03  0.2877776D-02  0.5771437D-03  0.0000000D+00
  0.1705435D-02  0.4655808D-02 -0.1056716D-03  0.0000000D+00
  0.3117289D-02  0.5651444D-02 -0.4983562D-03  0.0000000D+00
 -0.5558286D-03 -0.3436289D-03  0.6062484D-04  0.0000000D+00
 -0.2466382D-02 -0.4617517D-04 -0.3285730D-03  0.0000000D+00
  0.1206089D-01 -0.4178178D-03  0.1879116D-03  0.0000000D+00
 -0.1098700D-01  0.4255663D-03 -0.3018409D-03  0.0000000D+00
  0.2303981D-02  0.6797657D-04  0.1828724D-03  0.0000000D+00
 -0.5134922D-02 -0.3946168D-02 -0.2452754D-03  0.0000000D+00
 -0.2858899D-03 -0.1117002D-01  0.4826308D-03  0.0000000D+00
 -0.5063288D-03  0.3294312D-02  0.8590567D-03  0.0000000D+00
 -0.1204767D-02  0.4596998D-02  0.1586797D-02  0.0000000D+00
 -0.2796729D-03  0.1299938D-02  0.1358924D-02  0.0000000D+00
  0.2542837D-03 -0.6151028D-03  0.1233759D-02  0.0000000D+00
  0.9456228D-02  0.3185150D-03 -0.5928100D-04  0.0000000D+00
  0.2058284D-01 -0.5092856D-03 -0.1713779D-03  0.0000000D+00
 -0.4994989D-02  0.9579992D-03  0.9490710D-04  0.0000000D+00
  0.2065347D-01 -0.1294775D-02 -0.6665574D-04  0.0000000D+00
 -0.9179709D-04  0.2726801D-02  0.3483272D-03  0.0000000D+00
  0.1341957D-02 -0.7410623D-02 -0.7061344D-03  0.0000000D+00
 -0.4370684D-02  0.1417432D-01  0.1619067D-02  0.0000000D+00
  0.4807917D-02  0.2289590D-02  0.9411047D-03  0.0000000D+00
  0.1931384D-02  0.2327734D-02  0.1046537D-02  0.0000000D+00
 -0.4704576D-04 -0.2763781D-03  0.6815125D-03  0.0000000D+00
 -0.1237368D-02 -0.1800434D-02  0.4689403D-03  0.0000000D+00
  0.4382448D-02 -0.3887954D-03 -0.3425825D-05  0.0000000D+00
  0.1009130D-02  0.1388330D-02 -0.2151774D-04  0.0000000D+00
  0.7441406D-02 -0.1307202D-02 -0.1040399D-03  0.0000000D+00
 -0.1640685D-02  0.2113104D-02  0.2416849D-03  0.0000000D+00
 -0.2099889D-02 -0.4138354D-02 -0.4031681D-03  0.0000000D+00
  0.1434663D-04  0.7782620D-02  0.4659316D-03  0.0000000D+00
 -0.1036499D-02 -0.1169388D-01  0.7407676D-04  0.0000000D+00
  0.4856786D-03 -0.2852022D-02 -0.1270140D-02  0.0000000D+00
  0.1721685D-02 -0.2417899D-02 -0.1004315D-02  0.0000000D+00
  0.1214908D-03 -0.4481800D-02 -0.1822774D-02  0.0000000D+00
 -0.8012976D-03 -0.5685476D-02 -0.2298784D-02  0.0000000D+00
  0.5855619D-02  0.4490538D-03  0.3082955D-04  0.0000000D+00
  0.4794877D-02 -0.1445457D-02 -0.1042665D-03  0.0000000D+00
  0.9999659D-03  0.8516691D-03 -0.2210670D-04  0.0000000D+00
  0.1236515D-01 -0.1009741D-02  0.6996524D-04  0.0000000D+00
 -0.1599682D-02  0.1578842D-02 -0.2811926D-03  0.0000000D+00
  0.9203716D-03 -0.3735062D-02  0.8515966D-03  0.0000000D+00
 -0.3712454D-03  0.4099321D-02 -0.1548417D-02  0.0000000D+00
  0.1050369D-03 -0.2246279D-02  0.5308253D-03  0.0000000D+00
 -0.1118967D-02 -0.1610269D-02  0.1099462D-02  0.0000000D+00
 -0.1263012D-02  0.5035609D-03  0.8716830D-03  0.0000000D+00
 -0.1360697D-02  0.1747401D-02  0.7446810D-03  0.0000000D+00
  0.1251370D-02 -0.2596313D-04  0.6549835D-05  0.0000000D+00
  0.8447873D-03 -0.1035449D-03 -0.2406325D-03  0.0000000D+00
 -0.5877726D-02  0.6630298D-03  0.1785700D-03  0.0000000D+00
  0.1191451D-01 -0.9768058D-03  0.2546133D-03  0.0000000D+00
 -0.3691125D-02  0.1299006D-02 -0.2809631D-03  0.0000000D+00
  0.1389100D-01  0.1673812D-03  0.3218183D-03  0.0000000D+00
  0.3479607D-02 -0.9852938D-05 -0.9210989D-03  0.0000000D+00
  0.3919042D-02  0.5726080D-02  0.1278011D-02  0.0000000D+00
  0.1362780D-02  0.7345624D-03  0.4995385D-03  0.0000000D+00
  0.8804321D-03 -0.2179722D-02 -0.2599818D-03  0.0000000D+00
  0.5691960D-03 -0.3942790D-02 -0.7131296D-03  0.0000000D+00
 -0.6133090D-02  0.1247517D-01 -0.1369130D-02  0.0000000D+00
 -0.8981969D-02 -0.1939443D-01  0.3811105D-02  0.0000000D+00
 -0.3607695D-02 -0.8426554D-02 -0.6770489D-03  0.0000000D+00
 -0.2774741D-01 -0.1476888D-01 -0.9059729D-03  0.0000000D+00
  0.9434366D-02  0.7197046D-02  0.5241164D-02  0.0000000D+00
 -0.5592415D-02  0.1037827D-01  0.2504343D-02  0.0000000D+00
  0.1005719D-02  0.1037902D-01 -0.8772449D-03  0.0000000D+00
 -0.1440514D-01  0.7011584D-02  0.4348035D-02  0.0000000D+00
 -0.1071279D-01  0.2217170D-02  0.2926680D-02  0.0000000D+00
 -0.5863595D-02  0.2675736D-02  0.7944619D-03  0.0000000D+00
 -0.2983573D-02  0.2890388D-02 -0.4697516D-03  0.0000000D+00
 -0.1186246D-02  0.3850391D-01 -0.1413815D-02  0.0000000D+00
 -0.2567594D-02 -0.1542346D-01  0.1618743D-02  0.0000000D+00
 -0.7114390D-02 -0.1120093D-01  0.3419260D-02  0.0000000D+00
 -0.3105610D-01 -0.1583272D-01 -0.3735089D-02  0.0000000D+00
  0.4760825D-02  0.8766594D-02  0.7992069D-02  0.0000000D+00
 -0.1538658D-01  0.1715913D-01  0.3490378D-02  0.0000000D+00
 -0.9893509D-02  0.4034959D-02 -0.1733590D-02  0.0000000D+00
 -0.2475202D-01  0.1352314D-02  0.4308241D-02  0.0000000D+00
 -0.1617651D-01 -0.6893572D-02  0.2148054D-02  0.0000000D+00
 -0.6440745D-02 -0.4622057D-02 -0.1025598D-03  0.0000000D+00
 -0.6452184D-03 -0.3384436D-02 -0.1444382D-02  0.0000000D+00
  0.9595442D-03  0.8324664D-02 -0.3630402D-03  0.0000000D+00
 -0.1553321D-01 -0.7647462D-02  0.1031294D-02  0.0000000D+00
  0.2272432D-02  0.1480605D-01  0.2218492D-02  0.0000000D+00
 -0.2523192D-01  0.1956488D-02  0.2723628D-02  0.0000000D+00
  0.2733759D-02 -0.3447845D-02  0.1977625D-02  0.0000000D+00
 -0.5010941D-03 -0.7067466D-02  0.6852260D-03  0.0000000D+00
 -0.7549923D-02 -0.6248598D-02 -0.1289940D-02  0.0000000D+00
 -0.1582764D-01  0.1218185D-01 -0.1912012D-02  0.0000000D+00
 -0.1105061D-01  0.6131024D-02 -0.1556061D-02  0.0000000D+00
 -0.3010633D-02  0.2539749D-02 -0.1568062D-02  0.0000000D+00
  0.1749337D-02  0.3699980D-03 -0.1571040D-02  0.0000000D+00
 -0.1145113D-01 -0.9470231D-03  0.4439840D-04  0.0000000D+00
  0.4157409D-02 -0.7103853D-03  0.1087416D-03  0.0000000D+00
 -0.2526245D-01  0.1083335D-02 -0.2196953D-03  0.0000000D+00
 -0.2769864D-02 -0.9905486D-03  0.1744881D-03  0.0000000D+00
 -0.1527723D-01  0.1672846D-02 -0.4311490D-03  0.0000000D+00
 -0.1590615D-02  0.7559538D-04  0.7633982D-03  0.0000000D+00
  0.1611603D-02  0.1137802D-01 -0.1702405D-02  0.0000000D+00
 -0.9517087D-02  0.7001906D-02  0.7490697D-02  0.0000000D+00
 -0.6193681D-02 -0.1520902D-02  0.3515178D-02  0.0000000D+00
 -0.1402260D-02  0.1014519D-02  0.1444201D-02  0.0000000D+00
  0.1439896D-02  0.2403238D-02  0.1874555D-03  0.0000000D+00
  0.2468213D-02  0.1267383D-03  0.1081112D-03  0.0000000D+00
 -0.1465675D-01 -0.4362016D-03 -0.6367335D-04  0.0000000D+00
 -0.4419734D-02  0.2820990D-03  0.7600403D-04  0.0000000D+00
 -0.3219378D-01 -0.6103869D-04 -0.2182392D-03  0.0000000D+00
  0.2078457D-02 -0.3821729D-03  0.6758227D-03  0.0000000D+00
 -0.9783327D-02 -0.2321289D-02 -0.1245934D-02  0.0000000D+00
 -0.6510020D-02  0.3228021D-03  0.2980031D-02  0.0000000D+00
 -0.8424530D-02  0.9682003D-02 -0.2419805D-02  0.0000000D+00
 -0.4664089D-02  0.2829677D-02 -0.2827781D-02  0.0000000D+00
  0.9772093D-03  0.2390245D-02 -0.2725143D-02  0.0000000D+00
  0.4321604D-02  0.2057403D-02 -0.2669920D-02  0.0000000D+00
 -0.1339487D-01 -0.5900213D-03  0.1757057D-05  0.0000000D+00
  0.9961623D-02 -0.1571883D-02  0.5392893D-06  0.0000000D+00
 -0.1979570D-01  0.1938042D-02  0.6721249D-04  0.0000000D+00
 -0.2103734D-02 -0.1867216D-02 -0.1603115D-03  0.0000000D+00
 -0.1704718D-01  0.3701550D-02  0.6269008D-04  0.0000000D+00
  0.1223400D-01 -0.7950894D-02 -0.3779498D-03  0.0000000D+00
  0.3651172D-02  0.1048175D-01  0.6336907D-03  0.0000000D+00
  0.4439366D-03  0.1693805D-02  0.2778963D-03  0.0000000D+00
  0.1476196D-02  0.9466377D-03 -0.7935184D-03  0.0000000D+00
  0.2173679D-03  0.2121784D-02 -0.9529899D-03  0.0000000D+00
 -0.5079710D-03  0.2801258D-02 -0.1057874D-02  0.0000000D+00
 -0.5938322D-02 -0.7258113D-03  0.5664584D-04  0.0000000D+00
 -0.3032147D-02 -0.1143820D-02  0.9845238D-04  0.0000000D+00
 -0.1342685D-01  0.1238201D-02 -0.5782982D-04  0.0000000D+00
 -0.2121423D-01 -0.8035235D-03  0.2014149D-03  0.0000000D+00
  0.4465849D-02  0.2913213D-03 -0.3532109D-03  0.0000000D+00
 -0.4700563D-02  0.5059623D-03  0.5891563D-03  0.0000000D+00
  0.3807385D-03 -0.1108823D-02 -0.1114820D-02  0.0000000D+00
  0.1731453D-02  0.5578700D-02 -0.1881746D-02  0.0000000D+00
 -0.1040035D-02  0.3699615D-02 -0.1171474D-02  0.0000000D+00
 -0.6858782D-03  0.3016087D-02 -0.5354457D-03  0.0000000D+00
 -0.5093941D-03  0.2595300D-02 -0.1549571D-03  0.0000000D+00
  0.6014706D-02 -0.6055007D-03 -0.1633071D-03  0.0000000D+00
  0.4929327D-02  0.8215421D-05 -0.1731971D-04  0.0000000D+00
  0.4433955D-02 -0.3223566D-03 -0.1422020D-03  0.0000000D+00
 -0.3935101D-02  0.6677043D-03  0.2159480D-03  0.0000000D+00
 -0.2199313D-02 -0.8197564D-03 -0.1824685D-04  0.0000000D+00
  0.5965189D-02  0.1078620D-02 -0.1564450D-04  0.0000000D+00
  0.3517434D-03  0.9196433D-03  0.8190117D-03  0.0000000D+00
  0.1762092D-02 -0.4681490D-02  0.1219522D-02  0.0000000D+00
  0.2891104D-02  0.5496594D-03  0.3995799D-03  0.0000000D+00
  0.6384404D-03  0.1680083D-02  0.5795077D-04  0.0000000D+00
 -0.6678503D-03  0.2401271D-02 -0.1509061D-03  0.0000000D+00
 -0.1239263D-01 -0.7095801D-04  0.4672228D-04  0.0000000D+00
  0.8487359D-02 -0.4831787D-03 -0.1755044D-03  0.0000000D+00
 -0.7262716D-02  0.4251661D-03  0.2763494D-03  0.0000000D+00
  0.1150165D-02 -0.2853685D-03 -0.9895691D-04  0.0000000D+00
  0.3161182D-02  0.2129003D-03  0.3422788D-03  0.0000000D+00
  0.5413886D-02 -0.1916842D-03 -0.6713965D-03  0.0000000D+00
  0.2657766D-02  0.1797287D-03  0.1129752D-02  0.0000000D+00
  0.3533738D-03  0.7707264D-03  0.7366858D-03  0.0000000D+00
 -0.1355494D-03  0.5744576D-02 -0.9412842D-03  0.0000000D+00
  0.7478407D-03  0.4082281D-02 -0.1434474D-02  0.0000000D+00
  0.1259238D-02  0.3164653D-02 -0.1741872D-02  0.0000000D+00
