  2  2   693 10944  4  4  9 11  7  1    0.00   24.00  100.00  600.00    0.00    6.28   45.00   45.00
  100.0  100.0  100.0  100.0  125.0  150.0  190.0  230.0  275.0  350.0  450.0  600.0  600.0  600.0  600.0
  0.1941345D+03 -0.4379674D+02 -0.3263889D+01  0.0000000D+00
  0.2471925D+03 -0.7018109D+01  0.3650194D+00  0.0000000D+00
  0.4763738D+03  0.1378583D+02  0.1147513D+02  0.0000000D+00
  0.7067384D+03  0.6340669D+02 -0.2977586D+01  0.0000000D+00
  0.6872590D+03  0.1213051D+03 -0.3232083D+02  0.0000000D+00
  0.9757659D+03  0.2429594D+03  0.1596645D+02  0.0000000D+00
  0.1041655D+04  0.2915760D+03  0.2355468D+02  0.0000000D+00
  0.1028606D+04  0.2509110D+03  0.1784171D+02  0.0000000D+00
  0.1236290D+04  0.5237425D+02  0.7099714D+01  0.0000000D+00
  0.1395122D+04 -0.6247576D+02  0.9090942D+01  0.0000000D+00
  0.1490418D+04 -0.1319287D+03  0.1013467D+02  0.0000000D+00
 -0.1725613D+02 -0.8829384D+02 -0.1544377D+02  0.0000000D+00
  0.3031488D+02 -0.2772483D+02  0.1774532D+01  0.0000000D+00
  0.5497517D+02  0.1121551D+02 -0.6465307D+00  0.0000000D+00
 -0.1337584D+03 -0.7160601D+02 -0.1076797D+02  0.0000000D+00
 -0.2309503D+03 -0.1180662D+03 -0.1957852D+02  0.0000000D+00
 -0.4014330D+02 -0.2999685D+02 -0.2597611D+00  0.0000000D+00
 -0.7249246D+02 -0.4287205D+02  0.3951368D+01  0.0000000D+00
 -0.8741252D+02 -0.5335448D+02 -0.4790968D+01  0.0000000D+00
 -0.9742582D+02 -0.2980240D+02 -0.4497683D+01  0.0000000D+00
 -0.9064685D+02 -0.1388607D+02  0.3956257D+01  0.0000000D+00
 -0.8679212D+02 -0.4308152D+01  0.8907070D+01  0.0000000D+00
 -0.2714064D+02  0.2206503D+02 -0.2633937D+00  0.0000000D+00
  0.3928729D+02 -0.1618336D+02 -0.2752842D+01  0.0000000D+00
 -0.2250087D+02  0.1587581D+02  0.2750755D+01  0.0000000D+00
  0.9389818D+01 -0.8235491D+01 -0.3123673D+01  0.0000000D+00
 -0.2530154D+02  0.8141012D-01 -0.1106914D+02  0.0000000D+00
 -0.8201171D+02 -0.6606184D+02  0.7639652D+00  0.0000000D+00
 -0.2728536D+02  0.4759580D+01  0.2053256D+02  0.0000000D+00
 -0.5908489D+02 -0.6718341D+02 -0.5235917D+01  0.0000000D+00
 -0.3069198D+02 -0.6602741D+02  0.1116871D+02  0.0000000D+00
 -0.2390028D+01 -0.6414508D+02  0.4325063D+02  0.0000000D+00
  0.1449152D+02 -0.6303345D+02  0.6220974D+02  0.0000000D+00
  0.2685490D+01 -0.3806951D+00 -0.6620721D-01  0.0000000D+00
  0.2444283D+00  0.2313626D+00  0.2435909D+00  0.0000000D+00
 -0.2526700D+01 -0.6853067D+00 -0.4526420D+00  0.0000000D+00
  0.4026355D+01  0.6742916D+00  0.6639975D+00  0.0000000D+00
 -0.8888053D+01 -0.2738724D+01 -0.1465677D+01  0.0000000D+00
  0.2651757D+01 -0.3840957D+01  0.1805933D+01  0.0000000D+00
 -0.6748080D+01  0.4114898D+01 -0.5443684D+01  0.0000000D+00
 -0.1603132D+02  0.8101430D+01  0.7010192D+01  0.0000000D+00
 -0.2875863D+02  0.2743780D+02 -0.3602905D+01  0.0000000D+00
 -0.1765559D+02  0.2608417D+02 -0.1020141D+02  0.0000000D+00
 -0.1129624D+02  0.2550057D+02 -0.1417776D+02  0.0000000D+00
  0.5392318D+00  0.7616811D+00  0.1369375D+00  0.0000000D+00
 -0.2279689D+01 -0.9505810D+00 -0.2405465D+00  0.0000000D+00
  0.6365912D+01  0.1932332D+01  0.3821538D+00  0.0000000D+00
  0.2082192D+01 -0.3570682D+01 -0.5679171D+00  0.0000000D+00
  0.5417883D+01  0.7867298D+01  0.1056714D+01  0.0000000D+00
 -0.1121534D+02 -0.1405933D+02 -0.2388099D+01  0.0000000D+00
  0.3447304D+02  0.3990241D+02  0.6686634D+01  0.0000000D+00
  0.1857677D+02  0.2399820D+01 -0.2095003D+01  0.0000000D+00
  0.1702977D+02 -0.3540421D+00  0.4172087D+01  0.0000000D+00
  0.4736176D+01  0.3600821D+01  0.8156598D+01  0.0000000D+00
 -0.2476582D+01  0.5882442D+01  0.1055557D+02  0.0000000D+00
  0.1252830D+00 -0.3914906D+00 -0.1488140D+00  0.0000000D+00
  0.9123039D+00 -0.6094394D+00  0.1170297D+00  0.0000000D+00
  0.5660770D+01  0.8767282D+00 -0.2158173D+00  0.0000000D+00
 -0.7391133D+01 -0.1525151D+01  0.3407225D+00  0.0000000D+00
  0.3439907D+01  0.1855848D+01 -0.1036919D+01  0.0000000D+00
  0.3149989D+01  0.3736225D+01  0.1969192D+01  0.0000000D+00
 -0.9065256D+01  0.6480887D+01 -0.3437115D+01  0.0000000D+00
  0.9871372D+01  0.6017901D+01  0.2337524D+01  0.0000000D+00
 -0.2550079D+01  0.2449140D+00  0.2139705D+01  0.0000000D+00
 -0.7395028D+01 -0.3821035D+01 -0.1072046D+01  0.0000000D+00
 -0.1036656D+02 -0.6263608D+01 -0.2953205D+01  0.0000000D+00
  0.1325471D+00 -0.3657718D+00 -0.7293488D-01  0.0000000D+00
  0.4202802D+01 -0.3381132D+00  0.3404150D-01  0.0000000D+00
 -0.7715378D+01  0.4328826D+00 -0.3004952D-01  0.0000000D+00
 -0.6520880D+01 -0.7547843D+00  0.7347012D-01  0.0000000D+00
 -0.3332840D+01 -0.1752540D+00 -0.5879187D+00  0.0000000D+00
  0.4042874D+01  0.1143597D+01  0.1144231D+01  0.0000000D+00
  0.7448011D+01  0.4802024D+01 -0.2851920D+01  0.0000000D+00
  0.1199964D+02  0.1480214D+01  0.1641705D+01  0.0000000D+00
  0.6497200D+01 -0.4806627D+01 -0.2557963D+01  0.0000000D+00
  0.4328545D+01 -0.6597286D+01 -0.4590217D+01  0.0000000D+00
  0.2996161D+01 -0.7713606D+01 -0.5824871D+01  0.0000000D+00
  0.4843020D+00 -0.1925242D+00 -0.6833353D-02  0.0000000D+00
  0.1827631D+00  0.9571551D-02  0.3614981D-01  0.0000000D+00
 -0.6955847D+01 -0.6148233D-02 -0.3107232D-01  0.0000000D+00
  0.9171549D+01 -0.8018946D-01  0.1726505D-01  0.0000000D+00
 -0.7675531D+01 -0.1483799D+01 -0.1069287D-01  0.0000000D+00
 -0.2903957D+00 -0.2413010D+01 -0.2804498D+00  0.0000000D+00
 -0.9081783D+01 -0.2718942D+01  0.3041467D-01  0.0000000D+00
  0.5160754D+01  0.5053744D+00 -0.7278227D-02  0.0000000D+00
  0.6674572D+01  0.4156613D+01  0.1750588D+01  0.0000000D+00
 -0.2419638D+01  0.1515310D+01  0.1670188D+01  0.0000000D+00
 -0.7723074D+01  0.9977674D-02  0.1642295D+01  0.0000000D+00
  0.1105387D+01 -0.1671271D+00 -0.6757259D-01  0.0000000D+00
 -0.4146689D+01  0.3374802D+00  0.5108285D-01  0.0000000D+00
  0.5580301D+01 -0.7688179D+00 -0.1024397D+00  0.0000000D+00
  0.5922987D+01  0.1559086D+01  0.1121998D+00  0.0000000D+00
 -0.4991768D+01 -0.2294425D+01 -0.4522179D+00  0.0000000D+00
 -0.1707091D+01  0.2657132D+00  0.3813696D+00  0.0000000D+00
 -0.1140068D+02 -0.5755453D+01 -0.5241444D+00  0.0000000D+00
 -0.2198484D+01 -0.2024646D+01  0.6528921D+00  0.0000000D+00
 -0.9538978D+01  0.1185468D+01  0.6448093D+00  0.0000000D+00
 -0.7165035D+01 -0.3672311D+01  0.4747190D+00  0.0000000D+00
 -0.5855609D+01 -0.6476533D+01  0.3750599D+00  0.0000000D+00
 -0.8713527D+01  0.1716320D+02  0.2035531D+02  0.0000000D+00
 -0.1522647D+02 -0.3083400D+00 -0.7043765D+01  0.0000000D+00
  0.1031869D+02 -0.1285550D+02  0.3214550D+01  0.0000000D+00
 -0.3198259D+02 -0.3619197D+02 -0.1260788D+02  0.0000000D+00
 -0.7354040D+02 -0.3126407D+01 -0.6470790D+01  0.0000000D+00
 -0.3232555D+02 -0.2221957D+02 -0.1173728D+00  0.0000000D+00
 -0.8897032D+02 -0.1860734D+02 -0.1227632D+02  0.0000000D+00
 -0.7390351D+02 -0.3238910D+02 -0.1778924D+02  0.0000000D+00
 -0.3356786D+02 -0.2441031D+02 -0.1043043D+02  0.0000000D+00
 -0.1140966D+02  0.3067469D+02  0.1248587D+00  0.0000000D+00
  0.2013206D+01  0.6301112D+02  0.6385135D+01  0.0000000D+00
 -0.1506043D+01  0.1450549D+02  0.1959757D+02  0.0000000D+00
 -0.1798345D+02 -0.1467947D+02 -0.4835184D+01  0.0000000D+00
  0.1806681D+02 -0.1154562D+02 -0.4059993D+01  0.0000000D+00
  0.3353517D+02 -0.1541358D+02  0.9364641D+00  0.0000000D+00
 -0.1265551D+03 -0.2344665D+01 -0.2166542D+02  0.0000000D+00
  0.5311678D+02  0.2313638D+01  0.6639014D+01  0.0000000D+00
 -0.2528276D+02  0.1769607D+02 -0.6048032D+01  0.0000000D+00
  0.1760356D+02 -0.5657008D+01 -0.1166723D+02  0.0000000D+00
  0.2565972D+02 -0.3119311D+02 -0.7749511D+01  0.0000000D+00
  0.3418516D+02  0.1468240D+02 -0.8316783D+00  0.0000000D+00
  0.3926849D+02  0.4124725D+02  0.3260986D+01  0.0000000D+00
  0.8478672D+01  0.1066406D+02  0.1052884D+02  0.0000000D+00
 -0.2155618D+02 -0.2827816D+02 -0.3853111D+01  0.0000000D+00
  0.7508750D+01  0.2151499D+02  0.5542456D+01  0.0000000D+00
  0.2645843D+02 -0.1823765D+02 -0.8601410D+01  0.0000000D+00
 -0.3622838D+02  0.8938622D+01  0.7796919D+01  0.0000000D+00
  0.1920696D+02 -0.3771944D+01 -0.1458097D+00  0.0000000D+00
 -0.2507219D+02  0.2989126D+02 -0.5270606D+00  0.0000000D+00
 -0.7965840D+01 -0.7774796D+01 -0.8909810D+01  0.0000000D+00
  0.3542140D+01 -0.1275483D+02 -0.8753243D+01  0.0000000D+00
 -0.2137467D+02  0.9261412D+01 -0.1281598D+02  0.0000000D+00
 -0.3583028D+02  0.2209077D+02 -0.1519402D+02  0.0000000D+00
 -0.3847798D+01  0.1695907D+00  0.1087751D+00  0.0000000D+00
  0.6949722D+00 -0.7426850D+00  0.2913701D-01  0.0000000D+00
 -0.1693849D+01  0.1180573D+01 -0.1067541D+00  0.0000000D+00
  0.3735614D+01 -0.1937119D+01  0.2393728D+00  0.0000000D+00
 -0.1197786D+02  0.1565817D+01 -0.9132022D+00  0.0000000D+00
  0.1661071D+02  0.6836083D+00  0.1880034D+01  0.0000000D+00
  0.9712034D+01  0.3156966D+01 -0.4266619D+01  0.0000000D+00
  0.2646379D+02 -0.7759597D+01 -0.1037062D+01  0.0000000D+00
  0.1304582D+02 -0.2705108D+01 -0.6578943D+01  0.0000000D+00
 -0.8082927D-02  0.1885352D+01 -0.5604328D+01  0.0000000D+00
 -0.7798149D+01  0.4626294D+01 -0.5094184D+01  0.0000000D+00
 -0.2474254D+00 -0.1995950D+00 -0.4430079D-01  0.0000000D+00
  0.1806966D+01  0.2028622D+00 -0.1182302D+00  0.0000000D+00
 -0.2956156D+00 -0.3499378D+00  0.2327552D+00  0.0000000D+00
  0.1966785D+01  0.1242351D+01 -0.3795696D+00  0.0000000D+00
 -0.1061848D+02 -0.7389361D+00  0.5012577D+00  0.0000000D+00
  0.1878403D+02  0.2658998D+01 -0.3854553D+00  0.0000000D+00
 -0.1253350D+02  0.3164241D+01  0.5886045D+00  0.0000000D+00
  0.1884021D+01  0.3081969D+01 -0.4317504D+01  0.0000000D+00
  0.1846638D+02  0.4399971D+01 -0.1937579D+01  0.0000000D+00
  0.8836011D+01  0.7708086D+01  0.3068065D+01  0.0000000D+00
  0.3385299D+01  0.9656110D+01  0.6022366D+01  0.0000000D+00
 -0.5802706D+00  0.2043119D+00  0.1174469D+00  0.0000000D+00
  0.3740902D+00 -0.1291958D+00  0.4025105D-01  0.0000000D+00
 -0.5851696D+00 -0.1358855D+00 -0.1810841D+00  0.0000000D+00
  0.4547440D-02  0.2100443D+00  0.2371647D+00  0.0000000D+00
  0.2081905D+01  0.1125629D+01 -0.6102315D+00  0.0000000D+00
 -0.1812013D-01 -0.3540872D+01  0.8453479D-01  0.0000000D+00
  0.6645820D+01  0.7684760D+01 -0.2553240D+01  0.0000000D+00
  0.7770231D+00 -0.5562218D+01  0.7156484D+00  0.0000000D+00
 -0.1331404D+02  0.1636206D+02 -0.2673000D+01  0.0000000D+00
 -0.1157816D+02  0.1566921D+02 -0.4514285D+01  0.0000000D+00
 -0.1071679D+02  0.1550438D+02 -0.5628031D+01  0.0000000D+00
 -0.1881846D+01  0.1514618D+00  0.1305753D+00  0.0000000D+00
 -0.3321567D+01 -0.3770390D+00  0.5734357D-01  0.0000000D+00
  0.4235568D+00  0.5189561D+00 -0.1796492D+00  0.0000000D+00
 -0.1448483D+01 -0.1217933D+01  0.2822388D+00  0.0000000D+00
  0.7078284D+01  0.3784944D+00 -0.8037110D+00  0.0000000D+00
 -0.7474430D+01 -0.1940002D+01  0.5893723D+00  0.0000000D+00
 -0.1305632D+02 -0.1818890D+01 -0.7959653D+00  0.0000000D+00
 -0.9958257D+01 -0.2848670D+01  0.1019341D+01  0.0000000D+00
  0.3794291D+01  0.4560480D+01 -0.1763763D+01  0.0000000D+00
  0.4413389D+01  0.5461625D+01 -0.2310426D+01  0.0000000D+00
  0.4928896D+01  0.6069790D+01 -0.2660711D+01  0.0000000D+00
  0.8214576D-01  0.1493659D-01 -0.8211341D-02  0.0000000D+00
 -0.7284442D+00 -0.3103956D+00  0.2273824D-01  0.0000000D+00
  0.4113156D+00  0.5866503D+00 -0.7542034D-01  0.0000000D+00
  0.7359920D+00 -0.1286851D+01  0.1094957D+00  0.0000000D+00
 -0.7061804D+00  0.1036473D+01 -0.2699454D+00  0.0000000D+00
  0.1091269D+01 -0.3000191D+01  0.8795240D+00  0.0000000D+00
  0.1006888D+02  0.8641158D+01 -0.1274930D+00  0.0000000D+00
 -0.1647238D+01 -0.1966568D+01  0.1394486D+01  0.0000000D+00
 -0.1858767D+02  0.1957611D+01 -0.1318965D+01  0.0000000D+00
 -0.1198687D+02  0.1912137D+01 -0.2113255D+01  0.0000000D+00
 -0.8310642D+01  0.1928975D+01 -0.2607822D+01  0.0000000D+00
  0.3955773D-01  0.1058576D+00  0.6156127D-02  0.0000000D+00
  0.3661806D+01 -0.8189159D-01  0.3053607D-01  0.0000000D+00
 -0.1727867D+01  0.2223070D-01 -0.5623083D-01  0.0000000D+00
  0.2764408D+01 -0.1237280D+00  0.1211091D+00  0.0000000D+00
  0.7336229D+01  0.6107519D+00 -0.5197232D+00  0.0000000D+00
 -0.1072494D+02  0.5014056D+00  0.8693378D+00  0.0000000D+00
  0.1138989D+01  0.1471529D+01 -0.2291390D+01  0.0000000D+00
 -0.1576608D+02 -0.5619929D+01  0.2439726D+00  0.0000000D+00
 -0.1844012D+02 -0.1263379D+01 -0.2444078D+01  0.0000000D+00
 -0.5707625D+01  0.3090870D+01 -0.3460991D+01  0.0000000D+00
  0.1714594D+01  0.5686502D+01 -0.4084933D+01  0.0000000D+00
 -0.4469875D+02 -0.1439817D+02  0.1087209D+02  0.0000000D+00
 -0.4484857D+00  0.3161516D+02 -0.7004121D+01  0.0000000D+00
  0.5139787D+01  0.1432480D+02  0.5643901D+01  0.0000000D+00
  0.2801454D+02  0.1992921D+02  0.4730214D+01  0.0000000D+00
  0.1028882D+02 -0.1614037D+01 -0.1708605D+02  0.0000000D+00
  0.2583675D+02  0.1817154D+02  0.5107573D+01  0.0000000D+00
  0.2002931D+02  0.9603941D+01 -0.1196907D+02  0.0000000D+00
  0.3517670D+02  0.1997025D+02  0.9134178D+01  0.0000000D+00
  0.2185139D+02 -0.3589870D+01 -0.2209596D+01  0.0000000D+00
  0.1609586D+02 -0.3219642D+02 -0.1861947D+02  0.0000000D+00
  0.1257609D+02 -0.4920556D+02 -0.2835191D+02  0.0000000D+00
 -0.5860514D+02 -0.3022390D+02  0.1221161D+02  0.0000000D+00
  0.1341622D+02  0.6888070D+02 -0.7091604D+01  0.0000000D+00
 -0.3213997D+01 -0.2540065D+02  0.8015315D+01  0.0000000D+00
  0.2094740D+02  0.3804897D+02  0.6923553D+01  0.0000000D+00
  0.1393837D+02 -0.1483443D+02 -0.2558208D+02  0.0000000D+00
  0.1179281D+02  0.2604775D+02  0.8926923D+01  0.0000000D+00
  0.1515782D+02 -0.3432218D+01 -0.1049587D+02  0.0000000D+00
  0.4489321D+01  0.4182998D+02  0.8490415D+01  0.0000000D+00
  0.1040068D+01 -0.1074520D+02 -0.5483224D+01  0.0000000D+00
  0.1294870D+02 -0.6451597D+02 -0.1194914D+02  0.0000000D+00
  0.1987522D+02 -0.9657951D+02 -0.1588987D+02  0.0000000D+00
  0.3161702D+02  0.2433858D+02 -0.1442720D+01  0.0000000D+00
 -0.1444096D+02 -0.5697472D+02 -0.2552084D+01  0.0000000D+00
  0.2458352D+02  0.4335151D+02  0.1003605D+01  0.0000000D+00
 -0.1674430D+02  0.1516044D+02  0.1961394D+01  0.0000000D+00
 -0.1547682D+02 -0.4330166D+02 -0.7250954D+01  0.0000000D+00
  0.1935909D+02  0.2882499D+02  0.2848271D+01  0.0000000D+00
 -0.8050677D+01 -0.1527022D+02 -0.7557197D+01  0.0000000D+00
  0.8327604D+01 -0.1757983D+00  0.7396227D+01  0.0000000D+00
 -0.1091662D+01 -0.8271753D+01 -0.5310122D+01  0.0000000D+00
 -0.5459521D+01 -0.2315876D+02 -0.1860592D+02  0.0000000D+00
 -0.8123671D+01 -0.3195938D+02 -0.2652901D+02  0.0000000D+00
  0.2132444D+01 -0.3122450D+00  0.6230460D-01  0.0000000D+00
 -0.3730615D+00  0.8945226D+00 -0.2837524D+00  0.0000000D+00
  0.1043417D+01 -0.1554274D+01  0.4622449D+00  0.0000000D+00
 -0.3756197D+01  0.2602386D+01 -0.7015737D+00  0.0000000D+00
  0.4826623D+01 -0.4385150D+01  0.1056885D+01  0.0000000D+00
 -0.4725799D+01  0.4547041D+01 -0.2170006D+01  0.0000000D+00
 -0.3485362D+01 -0.1009707D+02  0.5701046D+01  0.0000000D+00
 -0.7119858D+01  0.2562645D+01 -0.2328094D+01  0.0000000D+00
  0.9415119D+00  0.2044537D+01  0.1546588D+01  0.0000000D+00
 -0.6066304D+00 -0.2712143D+01  0.3925064D+01  0.0000000D+00
 -0.1422589D+01 -0.5500412D+01  0.5358491D+01  0.0000000D+00
  0.1770912D+01  0.1579983D+00 -0.7009057D-01  0.0000000D+00
 -0.1904825D+01 -0.7193197D-01  0.3292094D-01  0.0000000D+00
  0.5222433D+01 -0.6906768D+00 -0.2224330D-01  0.0000000D+00
 -0.6693635D+01  0.1043643D+01  0.1154884D-01  0.0000000D+00
  0.2403416D+01 -0.2909597D+01 -0.3119390D+00  0.0000000D+00
  0.6079028D-01  0.1996251D+01  0.8895265D+00  0.0000000D+00
 -0.1593298D+01 -0.7788665D+01 -0.1726915D+00  0.0000000D+00
 -0.1756361D+02 -0.2185553D+02  0.7602093D+01  0.0000000D+00
  0.1667260D+02 -0.1706354D+02 -0.1464434D+01  0.0000000D+00
  0.2994838D+02 -0.1664371D+02 -0.6550094D+01  0.0000000D+00
  0.3809094D+02 -0.1633666D+02 -0.9625516D+01  0.0000000D+00
  0.7452743D+00  0.1943141D-01  0.1058913D+00  0.0000000D+00
 -0.1139945D+01  0.9420460D-01 -0.4384519D-01  0.0000000D+00
  0.4224825D+01  0.4205252D+00  0.6388244D-01  0.0000000D+00
 -0.5095444D+01 -0.3645344D+00  0.2847986D-01  0.0000000D+00
  0.1721793D+01  0.4172208D+00 -0.2257898D+00  0.0000000D+00
  0.3453811D+00  0.2069406D+01 -0.1205043D+00  0.0000000D+00
 -0.3010207D+01 -0.1053515D+02  0.1260101D+01  0.0000000D+00
  0.1274326D+01  0.6025115D+01  0.5481684D-01  0.0000000D+00
 -0.1731227D+02  0.2118095D+01 -0.9001088D+00  0.0000000D+00
 -0.2002945D+02 -0.5579570D+01 -0.1233981D+01  0.0000000D+00
 -0.2182031D+02 -0.1012502D+02 -0.1439732D+01  0.0000000D+00
 -0.8858101D+00 -0.1126600D+00  0.8517026D-01  0.0000000D+00
  0.1150595D+01  0.2204226D+00 -0.1844692D+00  0.0000000D+00
 -0.1778081D+01  0.1738349D+00  0.2767423D+00  0.0000000D+00
  0.1575108D+01 -0.5354264D+00 -0.3747855D+00  0.0000000D+00
  0.5276214D+01  0.1014096D+01  0.3005977D+00  0.0000000D+00
 -0.4111164D+00  0.4963798D+00 -0.1422591D+01  0.0000000D+00
 -0.2997970D+01 -0.2915300D+01  0.3118823D+01  0.0000000D+00
 -0.6143791D+01 -0.5476981D+01  0.9260607D-01  0.0000000D+00
  0.1146552D+02  0.5580500D+00  0.1281175D+01  0.0000000D+00
  0.1327299D+02  0.2017602D+01  0.2303220D+01  0.0000000D+00
  0.1452312D+02  0.2938897D+01  0.2913499D+01  0.0000000D+00
 -0.1822747D+00 -0.3351770D+00 -0.3169532D-01  0.0000000D+00
  0.6921311D+00  0.1031879D+01  0.2272991D-01  0.0000000D+00
 -0.1666611D+01 -0.1495059D+01 -0.3623177D-01  0.0000000D+00
  0.3274968D+01  0.2486782D+01  0.1182329D+00  0.0000000D+00
  0.2236156D+00 -0.3471296D+01 -0.2638988D+00  0.0000000D+00
  0.5719243D+00  0.3989680D+01  0.5762891D+00  0.0000000D+00
  0.2519581D+01 -0.3342550D+01 -0.1479795D+01  0.0000000D+00
  0.3148805D+01  0.8568806D+01  0.1344789D+01  0.0000000D+00
 -0.1077586D+02 -0.5426026D+01 -0.1137410D+01  0.0000000D+00
 -0.8612152D+01 -0.9099871D+01 -0.2936438D+01  0.0000000D+00
 -0.7498408D+01 -0.1140300D+02 -0.4015867D+01  0.0000000D+00
  0.5754720D+00  0.3926713D-01  0.4744570D-01  0.0000000D+00
  0.7089287D+00  0.1985528D-01 -0.9710143D-01  0.0000000D+00
 -0.2682882D+01  0.2962617D-01  0.1612224D+00  0.0000000D+00
  0.3451004D+01  0.5638690D+00 -0.1817845D+00  0.0000000D+00
 -0.4047130D+01 -0.9534340D+00 -0.4804930D-03  0.0000000D+00
  0.3460027D+01  0.1009424D+01 -0.4644754D+00  0.0000000D+00
  0.1315347D+01  0.1864899D+01  0.1375075D+01  0.0000000D+00
  0.4803720D+00 -0.6404750D+00 -0.1712493D+01  0.0000000D+00
 -0.7778890D+01  0.2131734D+01 -0.1375821D+01  0.0000000D+00
 -0.3945014D+01  0.3368453D+01  0.6238364D+00  0.0000000D+00
 -0.1792462D+01  0.4122047D+01  0.1797452D+01  0.0000000D+00
 -0.3552711D+02 -0.1183388D+02 -0.1265696D+01  0.0000000D+00
 -0.1326669D+02 -0.1178738D+02  0.1583732D+01  0.0000000D+00
  0.2505041D+02  0.7928100D+01  0.1047491D+01  0.0000000D+00
 -0.2216167D+02 -0.1577204D+02 -0.6377789D+01  0.0000000D+00
  0.2579630D+02  0.6592944D+01  0.3749790D+01  0.0000000D+00
  0.6801441D+00 -0.2955036D+01 -0.2970354D+00  0.0000000D+00
  0.2215583D-01  0.6092535D+01  0.5894788D+00  0.0000000D+00
  0.1910112D+01 -0.9252202D-01 -0.7141914D+00  0.0000000D+00
 -0.1491479D+01 -0.6456334D+01 -0.1833706D+01  0.0000000D+00
 -0.5581743D+01 -0.5574246D+01 -0.1815971D+01  0.0000000D+00
 -0.8014534D+01 -0.5129769D+01 -0.1818327D+01  0.0000000D+00
 -0.3835815D+02 -0.2199263D+02 -0.1036012D+01  0.0000000D+00
 -0.2932518D+02 -0.1773661D+02  0.8394561D+00  0.0000000D+00
  0.3139236D+02  0.1162870D+02  0.9738259D+00  0.0000000D+00
 -0.1743865D+01  0.1776199D+01 -0.7514948D+01  0.0000000D+00
  0.3248824D+02 -0.1491793D+01  0.2850664D+01  0.0000000D+00
  0.1726292D+02  0.5836629D+01 -0.6587514D+00  0.0000000D+00
 -0.6330430D+00 -0.8592613D+00 -0.1561572D+01  0.0000000D+00
  0.9940833D+01  0.6401074D+01 -0.1379499D+01  0.0000000D+00
 -0.1219168D+01 -0.6470001D+01  0.1987777D+01  0.0000000D+00
 -0.1026152D+02 -0.1039218D+02  0.3903797D+01  0.0000000D+00
 -0.1568122D+02 -0.1283059D+02  0.5062710D+01  0.0000000D+00
  0.2098989D+02  0.2203814D+01  0.1062205D+01  0.0000000D+00
 -0.1680601D+02 -0.1087670D+02 -0.9618535D+00  0.0000000D+00
  0.1098065D+02  0.1099440D+02  0.1441564D+01  0.0000000D+00
 -0.3002091D+01 -0.1473549D+02 -0.2853273D+01  0.0000000D+00
 -0.1487021D+01 -0.3425248D+01  0.1163987D+01  0.0000000D+00
 -0.4471540D+01  0.6455524D+00 -0.8147901D+00  0.0000000D+00
  0.2657517D+01 -0.2075669D+01 -0.8112206D+00  0.0000000D+00
  0.7802084D+01  0.8244565D+01  0.4814834D+00  0.0000000D+00
 -0.1303040D+02 -0.3272924D+01 -0.1630016D+01  0.0000000D+00
 -0.1627739D+02 -0.1655951D+02 -0.6234234D+01  0.0000000D+00
 -0.1840924D+02 -0.2446637D+02 -0.8953684D+01  0.0000000D+00
  0.1596977D+01 -0.2146687D+00  0.4818276D-02  0.0000000D+00
 -0.2310157D+01  0.4160196D+00  0.3301872D-01  0.0000000D+00
  0.3101575D+01 -0.6329695D+00 -0.6609306D-01  0.0000000D+00
 -0.2532361D+01  0.1362337D+01  0.1219725D+00  0.0000000D+00
  0.7636855D+01 -0.1064318D+01 -0.3292339D+00  0.0000000D+00
  0.6643331D+01  0.6897371D+00  0.4486627D+00  0.0000000D+00
 -0.5498244D+01 -0.1238480D+01 -0.3848649D+00  0.0000000D+00
 -0.3202172D+01 -0.2493005D+01  0.4344818D+00  0.0000000D+00
  0.6550185D+01  0.2646870D+00  0.1204615D+01  0.0000000D+00
  0.6064121D+01  0.3024871D+01  0.7692591D+00  0.0000000D+00
  0.5887524D+01  0.4670354D+01  0.5229741D+00  0.0000000D+00
 -0.1145056D+00  0.1341569D+00  0.2271350D-01  0.0000000D+00
  0.1589494D-01 -0.2401883D+00 -0.3987373D-01  0.0000000D+00
 -0.1160154D+01  0.5832824D+00  0.3494793D-01  0.0000000D+00
  0.1372630D+01 -0.6383242D+00 -0.4332974D-01  0.0000000D+00
  0.5745166D+01  0.1382904D+01  0.1280115D+00  0.0000000D+00
 -0.9583958D+01 -0.1706802D+01  0.9722776D-01  0.0000000D+00
 -0.5987768D+00 -0.2720338D+01  0.2436553D-01  0.0000000D+00
 -0.1200638D+01  0.2532062D+01 -0.4112021D+00  0.0000000D+00
 -0.1672967D+02 -0.1106805D+02 -0.8774619D+00  0.0000000D+00
 -0.1179829D+02 -0.8031348D+01  0.6197198D+00  0.0000000D+00
 -0.9084589D+01 -0.6405003D+01  0.1490119D+01  0.0000000D+00
 -0.1172757D+00 -0.2578299D-01 -0.9503913D-02  0.0000000D+00
  0.4015129D+01 -0.2675521D+00 -0.8239303D-02  0.0000000D+00
 -0.5117719D+01  0.2487254D+00  0.1307519D-01  0.0000000D+00
  0.6697021D+01 -0.5298309D+00 -0.8128635D-01  0.0000000D+00
 -0.1149800D+02 -0.5181595D+00  0.2554043D-01  0.0000000D+00
  0.4398381D+01  0.1505973D+01 -0.1220335D+00  0.0000000D+00
 -0.7190621D+01 -0.3239235D+01  0.1706874D+00  0.0000000D+00
  0.3094358D+00  0.3251726D+01 -0.6271100D+00  0.0000000D+00
  0.9712996D+01 -0.1410654D+00 -0.1269298D+00  0.0000000D+00
  0.5287373D+01 -0.3454935D+01 -0.4315954D+00  0.0000000D+00
  0.2802478D+01 -0.5430526D+01 -0.6040083D+00  0.0000000D+00
  0.1235237D+01 -0.1784283D+00  0.3603994D-01  0.0000000D+00
 -0.1797016D+01  0.5858019D-01  0.1229072D-01  0.0000000D+00
  0.3228184D+01 -0.4392237D+00  0.9380586D-02  0.0000000D+00
 -0.4772449D+01  0.4726585D+00 -0.3291834D-01  0.0000000D+00
  0.8545175D+00 -0.8335218D+00  0.1120593D+00  0.0000000D+00
 -0.2960513D+01 -0.4129106D-01 -0.2494858D+00  0.0000000D+00
 -0.4703614D+01 -0.5116476D+00 -0.5574183D+00  0.0000000D+00
  0.2715347D+00  0.3947480D+01 -0.8973310D+00  0.0000000D+00
 -0.4964079D+01 -0.2873027D+01  0.8390475D+00  0.0000000D+00
 -0.3777617D+01 -0.3297140D+01  0.1336097D+01  0.0000000D+00
 -0.3140796D+01 -0.3620907D+01  0.1645991D+01  0.0000000D+00
  0.9435045D+00 -0.9082347D-01 -0.2179296D-01  0.0000000D+00
 -0.2140982D+01  0.2111688D+00 -0.8546892D-02  0.0000000D+00
  0.1808865D+01 -0.4046251D+00  0.4085699D-01  0.0000000D+00
 -0.2846804D+01  0.6699836D+00 -0.9090648D-01  0.0000000D+00
  0.2771240D-03 -0.4054390D+00  0.1320142D+00  0.0000000D+00
 -0.5267869D+00 -0.4063426D+00 -0.1464895D+00  0.0000000D+00
 -0.1755353D+01 -0.1983767D+01  0.1141899D+00  0.0000000D+00
  0.4877519D+01  0.1872886D+01  0.4040883D+00  0.0000000D+00
  0.5949175D+01 -0.2971161D+00 -0.1392434D+01  0.0000000D+00
  0.3945611D+01 -0.3192674D+01 -0.1404637D+01  0.0000000D+00
  0.2783752D+01 -0.4910137D+01 -0.1431451D+01  0.0000000D+00
 -0.8206787D+00  0.9045263D-01 -0.5620167D-01  0.0000000D+00
  0.2982694D+01 -0.1804085D+00  0.3591594D-01  0.0000000D+00
 -0.9316884D+00  0.4146837D+00 -0.4315985D-01  0.0000000D+00
  0.9782318D+00 -0.4208578D+00  0.5843861D-01  0.0000000D+00
 -0.8740708D+00  0.4250155D+00 -0.5692752D-01  0.0000000D+00
  0.6510124D+00  0.4932583D+00  0.1568981D+00  0.0000000D+00
 -0.1218160D+01  0.2311243D+00  0.4070906D+00  0.0000000D+00
  0.4942483D+01  0.1438578D+01  0.6637242D-01  0.0000000D+00
  0.9463393D+01  0.8716729D+00 -0.2154210D+00  0.0000000D+00
  0.3485262D+01 -0.1512620D+01 -0.3042731D+00  0.0000000D+00
  0.3752580D-01 -0.2913241D+01 -0.3593136D+00  0.0000000D+00
  0.2555922D+02  0.2512973D+02 -0.3589639D+00  0.0000000D+00
 -0.3118255D+02 -0.6388515D+01 -0.1928939D+00  0.0000000D+00
  0.7411915D+00 -0.4251142D+01  0.1368905D+00  0.0000000D+00
  0.6203891D+02  0.2975737D+02 -0.1253559D-01  0.0000000D+00
 -0.3128244D+02 -0.2661279D+01 -0.3759186D+01  0.0000000D+00
  0.1792723D+02  0.6921123D+01  0.5256794D+00  0.0000000D+00
  0.2256396D+01 -0.2855784D+01  0.1703755D+00  0.0000000D+00
 -0.5076427D+01 -0.5184385D+01  0.6341492D+00  0.0000000D+00
 -0.1020121D+02  0.1458268D+01  0.7889242D+00  0.0000000D+00
  0.4913432D+01  0.6494702D+01  0.3674382D+00  0.0000000D+00
  0.1370342D+02  0.9516872D+01  0.1227402D+00  0.0000000D+00
  0.2750490D+02  0.3260960D+02  0.1089471D+01  0.0000000D+00
 -0.4238904D+02 -0.7163408D+01 -0.6594452D+00  0.0000000D+00
 -0.6330503D+00 -0.6165189D+01  0.4865461D+00  0.0000000D+00
  0.5282697D+02  0.2451344D+02 -0.4905807D+00  0.0000000D+00
 -0.4421122D+02 -0.1181921D+01 -0.6412648D+01  0.0000000D+00
  0.2318414D+02  0.1076142D+02  0.2258260D+01  0.0000000D+00
 -0.1423490D+01 -0.1232163D+02  0.9019569D+00  0.0000000D+00
 -0.2164757D+01  0.6264345D+01 -0.1311660D+01  0.0000000D+00
  0.8783207D+00  0.5874328D+01 -0.5194912D+00  0.0000000D+00
  0.1131344D+01 -0.2649476D+02 -0.1028249D+01  0.0000000D+00
  0.1311633D+01 -0.4544905D+02 -0.1317221D+01  0.0000000D+00
  0.9613094D-01 -0.4414783D+01  0.2474516D+00  0.0000000D+00
  0.2530100D+00  0.5058254D+01  0.7915631D+00  0.0000000D+00
  0.2614852D+01 -0.2945172D+01 -0.7992428D+00  0.0000000D+00
  0.3598248D+01  0.1147112D+02  0.6001553D+00  0.0000000D+00
 -0.3410559D+01  0.2764460D+01 -0.4687593D+01  0.0000000D+00
 -0.3494860D+01 -0.6880732D+01  0.4568501D+01  0.0000000D+00
  0.5077022D+01  0.4468037D+00  0.4958656D+00  0.0000000D+00
 -0.8653474D+01 -0.8378347D+01  0.4715104D+01  0.0000000D+00
 -0.1430964D+02 -0.1190761D+01  0.8503994D+00  0.0000000D+00
  0.6710611D+01  0.1387392D+02 -0.1612396D-01  0.0000000D+00
  0.1895059D+02  0.2277370D+02 -0.5661147D+00  0.0000000D+00
 -0.2999746D+01  0.1507129D-01 -0.3450836D-02  0.0000000D+00
 -0.1426149D+01  0.1004866D+00 -0.9855174D-01  0.0000000D+00
 -0.1167185D+01 -0.2640031D+00  0.1619426D+00  0.0000000D+00
  0.3830694D+01  0.8165400D+00 -0.1933130D+00  0.0000000D+00
 -0.1140286D+02 -0.4568097D+00 -0.1105914D-01  0.0000000D+00
  0.1005123D+02  0.2588060D+01  0.5986203D-01  0.0000000D+00
 -0.9581198D-01 -0.1988001D+01  0.8494398D+00  0.0000000D+00
  0.4116691D+01  0.4154214D+01 -0.2799120D+01  0.0000000D+00
  0.5000474D+01 -0.3344860D+01 -0.2943101D+00  0.0000000D+00
 -0.1423349D+00 -0.5961655D+01  0.4855482D+00  0.0000000D+00
 -0.3142316D+01 -0.7575127D+01  0.9697785D+00  0.0000000D+00
 -0.2606574D+01 -0.2287680D+00 -0.4792257D-02  0.0000000D+00
  0.2003631D+01 -0.1608128D+00  0.2427554D-01  0.0000000D+00
 -0.1233258D+01  0.5135083D+00 -0.3219066D-01  0.0000000D+00
  0.3796144D+01 -0.1169759D+01  0.7633403D-01  0.0000000D+00
 -0.7313077D+01  0.1808747D+01 -0.4732085D+00  0.0000000D+00
 -0.2367919D+01 -0.2199959D+01  0.6140281D+00  0.0000000D+00
  0.6831917D+01 -0.2260494D+00 -0.2500177D+01  0.0000000D+00
 -0.5334547D+01 -0.5742488D-01 -0.5324544D+00  0.0000000D+00
 -0.1722240D+01 -0.2013235D+01 -0.5147767D-01  0.0000000D+00
  0.4186995D+01 -0.2689436D+01 -0.2940053D+00  0.0000000D+00
  0.7683251D+01 -0.3106421D+01 -0.4302924D+00  0.0000000D+00
 -0.1309174D+01  0.2833191D+00  0.3703414D-01  0.0000000D+00
  0.1703855D+01  0.7399120D-01 -0.5331553D-02  0.0000000D+00
  0.4702956D+00 -0.1310171D+00  0.3265019D-01  0.0000000D+00
 -0.3933556D+01 -0.1543071D+00 -0.8208254D-01  0.0000000D+00
  0.4027068D+01 -0.4427257D-01  0.3444304D-02  0.0000000D+00
  0.5926337D+01 -0.2985808D+00 -0.4087357D+00  0.0000000D+00
 -0.5381556D+01  0.5909200D+00 -0.5728278D-01  0.0000000D+00
  0.8257202D+01  0.2284777D+01  0.4648872D+00  0.0000000D+00
 -0.5556561D+01 -0.4051468D+01 -0.1239014D+01  0.0000000D+00
 -0.7173564D+01 -0.2381697D+01 -0.1953500D+01  0.0000000D+00
 -0.8271854D+01 -0.1474986D+01 -0.2390107D+01  0.0000000D+00
  0.1041977D+01  0.1739647D+00 -0.1803552D-01  0.0000000D+00
 -0.1640519D+01 -0.1453643D+00 -0.2002080D-01  0.0000000D+00
  0.1866518D+01 -0.3322759D-01  0.5768755D-01  0.0000000D+00
 -0.6351134D+01  0.7410865D+00 -0.8075587D-01  0.0000000D+00
  0.4984202D+01 -0.4281598D+00 -0.3356501D+00  0.0000000D+00
 -0.4111708D+01 -0.6911065D-01  0.9708991D-01  0.0000000D+00
  0.3557384D+01  0.2098555D+01  0.3059594D+00  0.0000000D+00
 -0.2397742D+01 -0.1108783D+01 -0.1484862D+01  0.0000000D+00
  0.7986793D+00 -0.2875442D+01 -0.1522727D+00  0.0000000D+00
  0.2344612D+01 -0.2452359D+01  0.5224639D+00  0.0000000D+00
  0.3284253D+01 -0.2224322D+01  0.9320682D+00  0.0000000D+00
  0.2362652D+00  0.2721300D-01 -0.1548900D-01  0.0000000D+00
  0.1314972D+01 -0.2247562D+00  0.7967837D-01  0.0000000D+00
 -0.2364395D+01  0.2777952D+00 -0.1443077D+00  0.0000000D+00
  0.7987751D+01 -0.1647802D+00  0.2342583D+00  0.0000000D+00
 -0.4446805D+01  0.3278209D+00 -0.3825840D+00  0.0000000D+00
  0.2481729D+01  0.1045126D+00  0.7508636D+00  0.0000000D+00
 -0.2390639D+00  0.2539584D+01 -0.3994781D+00  0.0000000D+00
  0.6692886D+01  0.7199199D+00  0.1355320D+01  0.0000000D+00
 -0.1060563D+01 -0.5273711D+00 -0.6300805D+00  0.0000000D+00
 -0.9281058D+00  0.3550786D+00 -0.1920457D+01  0.0000000D+00
 -0.9375086D+00  0.8571380D+00 -0.2697099D+01  0.0000000D+00
 -0.7725521D+00  0.8381298D-01  0.2334644D-01  0.0000000D+00
 -0.1863989D+01  0.1445385D+00 -0.4316179D-01  0.0000000D+00
  0.1679740D+01 -0.1351726D+00  0.2494146D-01  0.0000000D+00
 -0.5221520D+00 -0.2003054D+00  0.1703794D-01  0.0000000D+00
  0.6017735D+01  0.3694409D+00 -0.4446681D+00  0.0000000D+00
  0.3070965D+01 -0.6869761D+00  0.3980077D+00  0.0000000D+00
 -0.3537567D+01  0.1212426D+01 -0.4300658D+00  0.0000000D+00
  0.1892917D+01 -0.2841944D+01  0.5157480D+00  0.0000000D+00
 -0.4899259D+01 -0.1731920D+01 -0.9172999D+00  0.0000000D+00
 -0.2592065D+01 -0.6167460D+00 -0.1112494D+01  0.0000000D+00
 -0.1317467D+01  0.4860691D-01 -0.1242428D+01  0.0000000D+00
  0.1261358D+02 -0.1466761D+02 -0.1376050D+01  0.0000000D+00
 -0.9998401D+01  0.2147006D+01  0.8933730D+00  0.0000000D+00
  0.1112717D+02  0.5741918D+01  0.4930044D+00  0.0000000D+00
 -0.3726950D+01 -0.1087065D+02 -0.8362699D+00  0.0000000D+00
 -0.1435304D+02  0.1441004D+02  0.2634220D+01  0.0000000D+00
 -0.2691446D+01  0.3360305D+01 -0.6778159D+00  0.0000000D+00
  0.1932976D+01  0.3085480D+01  0.2648192D+00  0.0000000D+00
 -0.2177133D+01 -0.6082529D+01  0.1500404D+01  0.0000000D+00
 -0.4253413D+00  0.6913155D+01 -0.1828331D+00  0.0000000D+00
 -0.1287684D+01  0.2833049D+02 -0.3734621D+01  0.0000000D+00
 -0.1772029D+01  0.4101326D+02 -0.5832757D+01  0.0000000D+00
  0.1581789D+02 -0.1361159D+02 -0.7878555D+00  0.0000000D+00
 -0.1376016D+02 -0.6058260D+01  0.4479563D+00  0.0000000D+00
  0.1691521D+02  0.1343580D+02  0.3213351D+00  0.0000000D+00
 -0.3517720D+01 -0.1664927D+02 -0.8647627D+00  0.0000000D+00
 -0.1278808D+02  0.2087597D+02  0.3412044D+01  0.0000000D+00
 -0.4732416D+01  0.2551960D+01 -0.7279890D+00  0.0000000D+00
  0.1911644D+01 -0.9151762D+01  0.1883997D+00  0.0000000D+00
  0.3059846D+01 -0.3571975D+01  0.8952661D+00  0.0000000D+00
  0.4485341D+01  0.4124920D+01  0.6678357D+00  0.0000000D+00
 -0.3368460D+01 -0.8621656D+00 -0.9938058D+00  0.0000000D+00
 -0.7949044D+01 -0.3696224D+01 -0.1969291D+01  0.0000000D+00
 -0.3823129D+01  0.5343308D+01 -0.1739972D+01  0.0000000D+00
  0.7300800D+01 -0.3623636D+01  0.1444354D+01  0.0000000D+00
 -0.3083486D+01  0.2367471D+01 -0.4615843D+00  0.0000000D+00
  0.4214442D+01 -0.5643799D+01  0.1466616D+01  0.0000000D+00
 -0.1205067D+02  0.4586167D+01 -0.6908374D-02  0.0000000D+00
  0.6048149D-01 -0.2648266D+00  0.1072144D-01  0.0000000D+00
 -0.3748299D+01  0.1041678D+01 -0.1004369D+01  0.0000000D+00
  0.3932259D+01  0.1032087D+00  0.2205872D+01  0.0000000D+00
  0.3708239D+01  0.3858934D+01 -0.1577960D+01  0.0000000D+00
 -0.4810562D+01  0.1142681D+02 -0.6214818D+01  0.0000000D+00
 -0.9797861D+01  0.1589931D+02 -0.8971148D+01  0.0000000D+00
  0.1058635D+01  0.5496065D-01 -0.2544036D-02  0.0000000D+00
 -0.9882211D+00 -0.2678726D+00 -0.1383187D-01  0.0000000D+00
  0.2486447D+01  0.4819823D+00  0.1116878D-01  0.0000000D+00
 -0.2841200D+01 -0.8895996D+00 -0.3528812D-01  0.0000000D+00
  0.3226175D+01 -0.4275052D+00  0.2372313D+00  0.0000000D+00
 -0.5558518D+01  0.4864962D+00 -0.3296669D-01  0.0000000D+00
 -0.2733092D+01  0.1450081D+01 -0.1015645D-01  0.0000000D+00
 -0.3015680D+01 -0.2077476D+01  0.6062145D+00  0.0000000D+00
 -0.2778060D+01  0.1663025D+01  0.1528790D+01  0.0000000D+00
 -0.1327751D+01  0.2285418D+01  0.1204431D+01  0.0000000D+00
 -0.4759619D+00  0.2691142D+01  0.1024539D+01  0.0000000D+00
  0.4042508D+00  0.1069980D-01 -0.1851378D-01  0.0000000D+00
  0.3763927D+00 -0.2020908D+00  0.3588730D-01  0.0000000D+00
 -0.1234232D+01  0.3458706D+00 -0.7841055D-01  0.0000000D+00
 -0.4076246D+00 -0.8426560D+00  0.1147586D+00  0.0000000D+00
 -0.8966131D+00  0.1110263D+01  0.1481818D+00  0.0000000D+00
 -0.2002304D+01  0.2663397D+00 -0.8156643D-01  0.0000000D+00
 -0.2093272D+01 -0.1066080D+01 -0.1855083D+00  0.0000000D+00
  0.2706608D+01  0.2348445D+01  0.2669928D+00  0.0000000D+00
 -0.1127689D+01 -0.2888923D+01 -0.7888871D+00  0.0000000D+00
 -0.5037996D+01 -0.5733275D+01 -0.9693188D+00  0.0000000D+00
 -0.7366778D+01 -0.7454061D+01 -0.1086261D+01  0.0000000D+00
  0.1348720D+01 -0.1039226D+00 -0.8219902D-03  0.0000000D+00
 -0.8565022D+00  0.2880142D-01  0.2301593D-01  0.0000000D+00
 -0.4041398D+00 -0.1095419D+00  0.2223548D-04  0.0000000D+00
  0.1063377D+00  0.2906572D+00 -0.6179031D-02  0.0000000D+00
 -0.6114469D+00  0.1756332D+01  0.9858816D-01  0.0000000D+00
 -0.8750690D+00 -0.1325701D+01 -0.1230440D+00  0.0000000D+00
 -0.2471737D+00  0.3411036D+01  0.4959425D+00  0.0000000D+00
 -0.3376945D+01 -0.2143610D+01  0.4307257D+00  0.0000000D+00
 -0.1297407D-01  0.1150080D+01  0.8867634D+00  0.0000000D+00
  0.2266893D+01  0.1847203D+01  0.7303589D+00  0.0000000D+00
  0.3637716D+01  0.2291329D+01  0.6436621D+00  0.0000000D+00
 -0.1503550D+00  0.4924581D-01 -0.3880154D-02  0.0000000D+00
 -0.1160557D+01 -0.1739897D+00  0.3417789D-01  0.0000000D+00
  0.8002083D+00  0.3362478D+00 -0.5839742D-01  0.0000000D+00
 -0.9662655D+00 -0.3725231D+00  0.7465595D-01  0.0000000D+00
  0.3451555D+01  0.4952216D+00  0.1772022D+00  0.0000000D+00
  0.6159884D+00 -0.1772250D+01  0.1276961D+00  0.0000000D+00
  0.1114963D+01  0.1887950D+01 -0.2787036D+00  0.0000000D+00
  0.8703771D+00 -0.4755967D+00  0.3830686D+00  0.0000000D+00
 -0.2032110D+01 -0.3866910D-01 -0.3707288D-01  0.0000000D+00
 -0.2271618D+01  0.1145842D+01 -0.5039814D+00  0.0000000D+00
 -0.2443543D+01  0.1843661D+01 -0.7816905D+00  0.0000000D+00
 -0.7624355D+00  0.8693362D-01 -0.6116780D-02  0.0000000D+00
  0.8074994D+00 -0.2914087D+00 -0.1907196D-01  0.0000000D+00
 -0.1854308D+00  0.6248331D+00  0.4739992D-02  0.0000000D+00
  0.6804005D+00 -0.8927648D+00  0.8509195D-02  0.0000000D+00
 -0.4386117D+00 -0.1849943D+00 -0.1546987D-01  0.0000000D+00
 -0.2259574D+01 -0.3840164D+00 -0.7689261D-01  0.0000000D+00
  0.1959331D+01  0.7102935D+00  0.2644597D+00  0.0000000D+00
 -0.9684142D+00 -0.2041708D+01  0.4744668D-01  0.0000000D+00
 -0.1637235D+01 -0.1617584D+01  0.7016287D-01  0.0000000D+00
 -0.3246288D+00 -0.1588842D+01  0.1482368D+00  0.0000000D+00
  0.4361861D+00 -0.1566966D+01  0.1941193D+00  0.0000000D+00
 -0.1853975D+00 -0.2135103D-01 -0.3621059D-01  0.0000000D+00
 -0.1848100D+00 -0.8902076D-01  0.5281457D-01  0.0000000D+00
  0.5255208D+00  0.2276176D+00 -0.7328228D-01  0.0000000D+00
 -0.1552123D+00 -0.2826137D+00  0.8309385D-01  0.0000000D+00
  0.5426597D+00  0.1086954D+01  0.1876713D+00  0.0000000D+00
 -0.2661682D+01 -0.1316897D+01 -0.3488185D-01  0.0000000D+00
  0.3283292D+01  0.1427242D+01 -0.4356402D+00  0.0000000D+00
 -0.2265337D+01 -0.3592354D+00  0.4907828D+00  0.0000000D+00
 -0.2856273D+01 -0.1511201D+01  0.5445337D+00  0.0000000D+00
  0.6261171D-01 -0.2332574D+01 -0.5008944D-02  0.0000000D+00
  0.1763380D+01 -0.2825135D+01 -0.3260141D+00  0.0000000D+00
  0.4520750D+01  0.3282716D+02  0.3434893D+00  0.0000000D+00
 -0.6470153D+00 -0.6283232D+01 -0.1673586D+01  0.0000000D+00
 -0.3528832D+01 -0.5195182D+01  0.1611223D+01  0.0000000D+00
  0.4085312D+02  0.2428305D+02 -0.4389468D+00  0.0000000D+00
 -0.1218925D+00 -0.1841390D+02 -0.8797391D+01  0.0000000D+00
 -0.3805030D+01  0.1131609D+02  0.2992372D+01  0.0000000D+00
 -0.3873072D+01 -0.1408470D+01 -0.2521002D+00  0.0000000D+00
 -0.2138047D+01  0.5399009D+00  0.5905133D+00  0.0000000D+00
  0.1513599D+01  0.1257801D+01  0.9392858D+00  0.0000000D+00
  0.1088867D+01  0.6680747D+01 -0.1115076D+01  0.0000000D+00
  0.8814591D+00  0.9863111D+01 -0.2314277D+01  0.0000000D+00
  0.3819036D+01  0.3816352D+02  0.3172985D+00  0.0000000D+00
 -0.3573163D+00 -0.4891394D+01 -0.2574120D+01  0.0000000D+00
 -0.4584248D+01 -0.8389054D+01  0.1766047D+01  0.0000000D+00
  0.3991649D+02  0.3146434D+02 -0.6419744D+00  0.0000000D+00
  0.7370462D+01 -0.2888902D+02 -0.1120399D+02  0.0000000D+00
 -0.3100980D+01  0.1207916D+02  0.3654110D+01  0.0000000D+00
  0.8280589D+00 -0.3400316D+01 -0.3453888D+00  0.0000000D+00
 -0.7467660D+00 -0.3801511D+01  0.1176716D+01  0.0000000D+00
 -0.8100147D+00  0.2009603D+01  0.5038801D+00  0.0000000D+00
 -0.4636007D+01  0.1098274D+02 -0.8462711D+00  0.0000000D+00
 -0.6875214D+01  0.1629884D+02 -0.1644109D+01  0.0000000D+00
  0.2893870D+01  0.4645847D+01 -0.9867226D-01  0.0000000D+00
 -0.3986202D+01  0.4392766D+01  0.5970348D+00  0.0000000D+00
  0.4927315D+01 -0.3131366D+01  0.3739375D+00  0.0000000D+00
  0.7966750D+01  0.6891349D+01 -0.4784269D+00  0.0000000D+00
  0.6664323D+01  0.3493416D+00 -0.3969286D+01  0.0000000D+00
 -0.6923126D+01  0.2990092D+01  0.7181832D+00  0.0000000D+00
  0.9772518D+00  0.2992558D+01 -0.1432068D+01  0.0000000D+00
 -0.7562294D+01  0.4519950D+01  0.1315136D+01  0.0000000D+00
 -0.1683643D+01  0.3557632D+01  0.1204718D+01  0.0000000D+00
  0.1780123D+01  0.2578823D+00 -0.4050840D+01  0.0000000D+00
  0.3873946D+01 -0.1684472D+01 -0.7129166D+01  0.0000000D+00
  0.2645005D+01  0.7504775D-02 -0.1151912D-01  0.0000000D+00
 -0.1930036D+00  0.3331375D+00  0.1097695D-01  0.0000000D+00
 -0.3570747D+00 -0.3901507D+00 -0.7582823D-04  0.0000000D+00
  0.1286255D+01  0.5800640D+00  0.2127729D-01  0.0000000D+00
  0.7206216D+00 -0.1037551D+00 -0.2875349D+00  0.0000000D+00
  0.2720333D+01 -0.8702848D+00  0.1862527D+00  0.0000000D+00
 -0.5359830D+01 -0.1766264D+01 -0.3070761D+00  0.0000000D+00
 -0.8476349D-01  0.1947929D+01  0.1449540D+00  0.0000000D+00
  0.1883781D+01 -0.2565241D+01 -0.1789963D+00  0.0000000D+00
 -0.8450528D+00 -0.4001272D+01  0.1278656D+00  0.0000000D+00
 -0.2419188D+01 -0.4890871D+01  0.3037884D+00  0.0000000D+00
  0.5896298D+00 -0.2433533D+00  0.1828507D-01  0.0000000D+00
  0.1279428D+01 -0.9919471D-01  0.3539778D-02  0.0000000D+00
  0.5658721D+00  0.2360817D+00  0.5258233D-01  0.0000000D+00
  0.1055139D+01 -0.2343610D+00 -0.4975064D-01  0.0000000D+00
  0.3669050D+01  0.6106969D+00 -0.1140656D+00  0.0000000D+00
 -0.5070820D+01  0.6056790D+00 -0.2093712D+00  0.0000000D+00
 -0.1142753D+01  0.5831602D+00  0.1184048D+01  0.0000000D+00
 -0.3024718D+01 -0.1253559D+01  0.1895330D+00  0.0000000D+00
  0.1053748D-01  0.9898664D+01  0.2168829D+00  0.0000000D+00
 -0.6970074D+00  0.8293628D+01 -0.4072834D-01  0.0000000D+00
 -0.1076359D+01  0.7476820D+01 -0.1912870D+00  0.0000000D+00
  0.1460366D+01  0.4194254D+00  0.1049584D-01  0.0000000D+00
  0.5316360D+00 -0.3168878D+00 -0.7911126D-02  0.0000000D+00
 -0.1248159D+01  0.2907393D+00 -0.3781924D-01  0.0000000D+00
  0.7482574D+00 -0.2670209D+00  0.7469101D-01  0.0000000D+00
 -0.5758880D+00 -0.1605082D+00 -0.3429109D+00  0.0000000D+00
  0.2585283D+01  0.4501202D+00  0.3582040D+00  0.0000000D+00
  0.6434402D+00  0.1317961D+01 -0.5298949D+00  0.0000000D+00
  0.2135981D+01 -0.1544010D+01  0.2158746D-01  0.0000000D+00
  0.1703629D+01 -0.3159490D+01 -0.1386830D+00  0.0000000D+00
  0.1018869D+01 -0.1873658D+00  0.6385468D-01  0.0000000D+00
  0.6129506D+00  0.1533748D+01  0.1806496D+00  0.0000000D+00
  0.3118003D+00  0.2254325D+00 -0.3103808D-01  0.0000000D+00
  0.6543067D+00 -0.1956236D+00 -0.6056275D-01  0.0000000D+00
 -0.2358817D+01  0.2961380D+00  0.7075522D-01  0.0000000D+00
  0.1362385D+01 -0.8362258D+00 -0.1221610D+00  0.0000000D+00
 -0.6012116D+01  0.9952360D+00 -0.1548395D+00  0.0000000D+00
  0.2600760D+01 -0.1463973D+01  0.4363268D-01  0.0000000D+00
 -0.4012437D+01 -0.8671276D+00 -0.5130804D+00  0.0000000D+00
  0.3978171D+00 -0.7230375D+00 -0.4598644D+00  0.0000000D+00
  0.3629637D+01 -0.1888889D+00  0.5620014D+00  0.0000000D+00
  0.5416843D+00  0.3404229D+00  0.1454346D+01  0.0000000D+00
 -0.1228880D+01  0.6558224D+00  0.1987369D+01  0.0000000D+00
  0.3963349D+00 -0.3595755D-01  0.1137807D-01  0.0000000D+00
 -0.1286027D+01  0.1960894D-01  0.2286723D-01  0.0000000D+00
  0.1583651D+01 -0.3739126D-01 -0.1755658D-01  0.0000000D+00
 -0.1402668D+00  0.1804804D+00  0.5296238D-01  0.0000000D+00
  0.8569086D+00 -0.2154669D+00 -0.1156118D+00  0.0000000D+00
 -0.5367056D+00  0.3326761D+00  0.1909558D+00  0.0000000D+00
  0.1221999D+01 -0.2296361D-01 -0.9039435D+00  0.0000000D+00
 -0.1208661D+01 -0.2408330D+01  0.3109006D+00  0.0000000D+00
 -0.2134342D+01 -0.3027101D-01 -0.5090032D-01  0.0000000D+00
 -0.4316797D+00  0.1868643D+01 -0.7308525D+00  0.0000000D+00
  0.5543980D+00  0.3006018D+01 -0.1132400D+01  0.0000000D+00
 -0.1307192D+00  0.1486126D+00  0.4630330D-01  0.0000000D+00
  0.9847315D-01 -0.1105331D+00 -0.2328089D-02  0.0000000D+00
 -0.2404174D+00 -0.4935965D-03  0.2817053D-01  0.0000000D+00
  0.3327443D+00  0.7471948D+00 -0.1382222D-01  0.0000000D+00
 -0.1294609D+01 -0.7604454D+00 -0.3007377D+00  0.0000000D+00
  0.3166645D+01  0.9530314D+00  0.1778726D+00  0.0000000D+00
  0.5682809D+00  0.4726891D+00  0.3582364D-01  0.0000000D+00
  0.4959816D+00 -0.1338174D+01 -0.2696509D+00  0.0000000D+00
  0.1280209D+01 -0.1243393D+01  0.8795397D+00  0.0000000D+00
  0.8277006D+00  0.1403618D+01  0.9624658D+00  0.0000000D+00
  0.5720701D+00  0.2952848D+01  0.1023643D+01  0.0000000D+00
