  1  2   882 12096  4  4  9 14  7  1    0.00   24.00  100.00 1000.00    0.00    6.28   45.00   45.00
  100.0  100.0  100.0  100.0  125.0  150.0  190.0  230.0  275.0  350.0  450.0  550.0  650.0  850.0 1000.0 1000.0 1000.0 1000.0
  0.5308022D-01 -0.8504314D-02 -0.1885826D-02  0.0000000D+00
  0.4343805D-01 -0.1338202D-01  0.1081806D-01  0.0000000D+00
  0.4372131D-01 -0.1901929D-01  0.7032964D-02  0.0000000D+00
  0.3732402D-01 -0.4517776D-01  0.9809221D-02  0.0000000D+00
  0.4763800D-01  0.1493538D-01  0.7129765D-02  0.0000000D+00
  0.5370923D-01  0.1469814D-01  0.1302097D-01  0.0000000D+00
  0.4844631D-01  0.1270195D-01  0.1095915D-01  0.0000000D+00
  0.4359608D-01  0.1016418D-01  0.1037891D-01  0.0000000D+00
  0.4222080D-01 -0.5905622D-02  0.1058922D-01  0.0000000D+00
  0.3231922D-01  0.2666162D-02  0.7418560D-02  0.0000000D+00
  0.3665830D-01 -0.1706966D-01  0.9747217D-02  0.0000000D+00
  0.3829548D-01 -0.2411285D-01  0.5794981D-02  0.0000000D+00
  0.3952106D-01 -0.2947879D-01  0.2741521D-02  0.0000000D+00
  0.4004781D-01 -0.3178205D-01  0.1432269D-02  0.0000000D+00
  0.1774588D-01 -0.2501217D-01 -0.8786842D-02  0.0000000D+00
  0.2229243D-01 -0.3187960D-01  0.6521934D-02  0.0000000D+00
  0.2092096D-01 -0.2743460D-01 -0.2425913D-02  0.0000000D+00
  0.1636744D-01 -0.5579584D-01  0.3957384D-03  0.0000000D+00
  0.2891654D-01  0.8623538D-02 -0.1125570D-01  0.0000000D+00
  0.3356675D-01  0.1825135D-01  0.1005106D-01  0.0000000D+00
  0.1575644D-01  0.1118989D-01 -0.1933682D-02  0.0000000D+00
  0.1395518D-01 -0.1041895D-02  0.3736923D-02  0.0000000D+00
  0.1418653D-01 -0.1780581D-02 -0.1118913D-03  0.0000000D+00
  0.6928550D-02  0.9217822D-02  0.4818325D-02  0.0000000D+00
  0.9767222D-02 -0.5550011D-02  0.2871205D-04  0.0000000D+00
  0.9716913D-02 -0.7402801D-02  0.1423232D-02  0.0000000D+00
  0.9651467D-02 -0.8804161D-02  0.2502401D-02  0.0000000D+00
  0.9624255D-02 -0.9406033D-02  0.2965057D-02  0.0000000D+00
 -0.6050493D-02 -0.1103442D-01 -0.2485380D-02  0.0000000D+00
  0.1450364D-02 -0.1845478D-01  0.5674827D-02  0.0000000D+00
 -0.1029230D-02 -0.1099319D-01  0.2634942D-02  0.0000000D+00
  0.3197633D-02 -0.2919856D-02  0.4788315D-02  0.0000000D+00
  0.1323683D-02 -0.8315427D-02 -0.6068399D-02  0.0000000D+00
  0.9359457D-02  0.1153108D-01  0.1786758D-02  0.0000000D+00
  0.4457968D-02  0.2112970D-02  0.4437789D-03  0.0000000D+00
  0.3771364D-02  0.1125514D-01 -0.1760411D-02  0.0000000D+00
  0.3620683D-02  0.1566186D-02 -0.5165870D-02  0.0000000D+00
  0.3824423D-02 -0.3425868D-02 -0.2702175D-03  0.0000000D+00
  0.8102145D-02 -0.4432657D-02 -0.2491880D-02  0.0000000D+00
  0.4877798D-02 -0.2151924D-02 -0.3532415D-02  0.0000000D+00
  0.2361543D-02 -0.3743641D-03 -0.4359958D-02  0.0000000D+00
  0.1283435D-02  0.3873211D-03 -0.4714048D-02  0.0000000D+00
 -0.2067206D-02  0.1797669D-04  0.1129453D-03  0.0000000D+00
 -0.2686742D-02 -0.1302576D-03  0.1245629D-04  0.0000000D+00
 -0.9942102D-02  0.2514623D-03  0.6914226D-04  0.0000000D+00
 -0.4655022D-02 -0.2806939D-03 -0.1525741D-05  0.0000000D+00
  0.1251196D-01  0.2789146D-03  0.4727549D-04  0.0000000D+00
  0.1134898D-02  0.8749223D-03 -0.7616139D-04  0.0000000D+00
  0.8971938D-02  0.4652173D-02 -0.6890218D-03  0.0000000D+00
  0.5794099D-02  0.1035679D-01  0.3594825D-03  0.0000000D+00
  0.7207750D-02  0.2156738D-02  0.4971867D-03  0.0000000D+00
  0.3534608D-02  0.3399355D-02  0.4724901D-03  0.0000000D+00
  0.3117939D-02  0.2799073D-03  0.7807154D-03  0.0000000D+00
  0.3879613D-02 -0.1702747D-02  0.1245907D-02  0.0000000D+00
  0.4462170D-02 -0.3205014D-02  0.1595202D-02  0.0000000D+00
  0.4712143D-02 -0.3850096D-02  0.1745294D-02  0.0000000D+00
 -0.8716150D-02  0.1296390D-03  0.6120615D-04  0.0000000D+00
  0.3528022D-02 -0.1548036D-04 -0.2592835D-04  0.0000000D+00
 -0.2515887D-02  0.3478169D-03  0.7124207D-04  0.0000000D+00
  0.9603850D-03 -0.4759402D-04  0.4381221D-04  0.0000000D+00
  0.8738786D-03  0.2214575D-03 -0.3329744D-04  0.0000000D+00
 -0.2131763D-03 -0.1831361D-02  0.4261952D-03  0.0000000D+00
  0.5555257D-02 -0.1911399D-02  0.3253853D-03  0.0000000D+00
  0.5973103D-02  0.2365258D-02  0.3605127D-03  0.0000000D+00
  0.2643058D-02 -0.1442329D-02 -0.3942010D-03  0.0000000D+00
  0.3293338D-02  0.1243035D-02  0.1281703D-02  0.0000000D+00
  0.3952706D-02 -0.2120068D-02  0.1351018D-02  0.0000000D+00
  0.1900586D-02 -0.2836654D-03  0.1745020D-02  0.0000000D+00
  0.3064088D-03  0.1202197D-02  0.2089703D-02  0.0000000D+00
 -0.3768629D-03  0.1837166D-02  0.2236221D-02  0.0000000D+00
 -0.1014204D-01  0.1155048D-04 -0.1670887D-04  0.0000000D+00
 -0.2959153D-02 -0.3379660D-04 -0.6773949D-05  0.0000000D+00
 -0.1360789D-01 -0.4728863D-04 -0.1449023D-04  0.0000000D+00
 -0.5551550D-02 -0.1117240D-04 -0.1425150D-04  0.0000000D+00
 -0.5694191D-03  0.1372916D-03 -0.5318698D-04  0.0000000D+00
 -0.6753320D-02 -0.1039610D-02  0.3913450D-03  0.0000000D+00
 -0.1858322D-02  0.1101498D-02 -0.8229787D-03  0.0000000D+00
 -0.2293151D-02  0.7424957D-02 -0.2544243D-03  0.0000000D+00
  0.1136908D-02 -0.2634976D-03  0.1277524D-02  0.0000000D+00
  0.1812844D-03  0.1415617D-02  0.3388389D-04  0.0000000D+00
 -0.6954715D-03  0.1063952D-02 -0.1578201D-02  0.0000000D+00
 -0.1801698D-02  0.1986208D-02 -0.5031849D-03  0.0000000D+00
 -0.2667880D-02  0.2718912D-02  0.3264390D-03  0.0000000D+00
 -0.3038918D-02  0.3032436D-02  0.6821892D-03  0.0000000D+00
 -0.3774236D-02  0.4293197D-04  0.2447006D-04  0.0000000D+00
 -0.2773162D-02 -0.6560571D-04 -0.1724950D-03  0.0000000D+00
 -0.1706492D-02  0.3321533D-03  0.9661485D-04  0.0000000D+00
 -0.2227581D-02 -0.1423573D-03 -0.4496513D-04  0.0000000D+00
  0.1091128D-02  0.4677027D-03  0.7448661D-04  0.0000000D+00
 -0.4005510D-02 -0.1907830D-02 -0.2899436D-03  0.0000000D+00
  0.3837252D-03  0.7513467D-03 -0.1318265D-04  0.0000000D+00
  0.2433783D-02 -0.1253466D-02 -0.1258540D-03  0.0000000D+00
  0.7343304D-03 -0.7436605D-03  0.4502780D-03  0.0000000D+00
 -0.9803980D-03 -0.5138008D-03 -0.9872583D-03  0.0000000D+00
  0.1268318D-03 -0.3581249D-03  0.4946889D-04  0.0000000D+00
 -0.1114933D-02  0.4708751D-03  0.9476269D-03  0.0000000D+00
 -0.2090715D-02  0.1097926D-02  0.1621361D-02  0.0000000D+00
 -0.2508588D-02  0.1367218D-02  0.1910886D-02  0.0000000D+00
 -0.7875514D-02 -0.4333882D-04  0.1685926D-04  0.0000000D+00
 -0.2919338D-02  0.4752608D-04 -0.7413638D-05  0.0000000D+00
 -0.1199349D-02 -0.7435054D-04 -0.4623444D-04  0.0000000D+00
  0.2513045D-02  0.7415667D-05  0.4390775D-04  0.0000000D+00
  0.1597476D-03  0.3141426D-03  0.3104944D-04  0.0000000D+00
 -0.1234736D-02 -0.1910346D-02 -0.2146136D-03  0.0000000D+00
 -0.2648694D-02 -0.1938081D-02  0.8320286D-03  0.0000000D+00
 -0.1888187D-02  0.1207303D-02  0.5410501D-04  0.0000000D+00
  0.6619751D-03 -0.5121656D-03 -0.6257332D-03  0.0000000D+00
  0.3755384D-03 -0.2695664D-02 -0.2313161D-03  0.0000000D+00
 -0.9901150D-04 -0.8045366D-04  0.4457761D-04  0.0000000D+00
 -0.8658077D-03  0.7861072D-03  0.2229078D-04  0.0000000D+00
 -0.1466185D-02  0.1457004D-02  0.1107973D-04  0.0000000D+00
 -0.1723364D-02  0.1744634D-02  0.6083067D-05  0.0000000D+00
 -0.6822570D-03  0.7341351D-04  0.4134687D-04  0.0000000D+00
 -0.4060025D-02 -0.8104492D-04 -0.8734696D-05  0.0000000D+00
 -0.2985823D-02  0.9829526D-04  0.7922561D-04  0.0000000D+00
  0.3827197D-02  0.4140019D-04 -0.9402502D-04  0.0000000D+00
 -0.5076612D-03 -0.3300276D-03  0.2235690D-04  0.0000000D+00
 -0.1421902D-02  0.2192183D-02  0.3086545D-04  0.0000000D+00
 -0.1687788D-03  0.1356211D-02  0.4537827D-03  0.0000000D+00
  0.4249126D-03 -0.2035604D-02 -0.3881602D-03  0.0000000D+00
  0.5736269D-03 -0.1574443D-02 -0.1023104D-03  0.0000000D+00
 -0.1957533D-03 -0.2513189D-03 -0.1431586D-03  0.0000000D+00
  0.7022754D-04  0.7874193D-03 -0.3360680D-03  0.0000000D+00
 -0.5816778D-03  0.6618546D-03  0.1423391D-03  0.0000000D+00
 -0.1092183D-02  0.5661125D-03  0.5274262D-03  0.0000000D+00
 -0.1310860D-02  0.5250261D-03  0.6920545D-03  0.0000000D+00
 -0.3553864D-02 -0.2463196D-02  0.9353605D-02  0.0000000D+00
 -0.3993470D-02 -0.1265055D-01  0.9586800D-02  0.0000000D+00
 -0.1062601D-01 -0.7381620D-03  0.5124805D-02  0.0000000D+00
  0.3518908D-02  0.3173251D-01 -0.2645346D-02  0.0000000D+00
 -0.6174290D-02  0.7433610D-02  0.3852480D-02  0.0000000D+00
  0.1349087D-02  0.1126403D-02  0.4948214D-02  0.0000000D+00
  0.7392876D-03 -0.9499837D-02  0.5691649D-03  0.0000000D+00
 -0.7954666D-03 -0.1189223D-01  0.8443605D-03  0.0000000D+00
 -0.1400755D-02  0.1110735D-01  0.4419666D-02  0.0000000D+00
 -0.9131410D-03  0.1851971D-01 -0.2950584D-03  0.0000000D+00
  0.5029885D-02  0.2332084D-02  0.4856850D-02  0.0000000D+00
  0.3173747D-02  0.4391156D-02 -0.1416945D-02  0.0000000D+00
  0.1737324D-02  0.6000854D-02 -0.6301366D-02  0.0000000D+00
  0.1121510D-02  0.6690418D-02 -0.8394504D-02  0.0000000D+00
 -0.1491509D-01 -0.4245934D-01  0.4654330D-02  0.0000000D+00
  0.4017291D-02 -0.7244295D-02  0.8333260D-02  0.0000000D+00
 -0.1856853D-01 -0.5593451D-02  0.6321313D-02  0.0000000D+00
  0.1205649D-01  0.3740218D-01  0.3852138D-02  0.0000000D+00
 -0.1778171D-01  0.6350498D-02 -0.3986540D-03  0.0000000D+00
 -0.6045282D-02 -0.1372370D-01  0.8122444D-03  0.0000000D+00
 -0.4944823D-02 -0.6022282D-02 -0.3021333D-02  0.0000000D+00
 -0.2863919D-02  0.1231284D-02  0.2031956D-02  0.0000000D+00
 -0.4923910D-02  0.8707377D-02  0.3868972D-03  0.0000000D+00
 -0.1827647D-02  0.6962334D-02 -0.2095330D-02  0.0000000D+00
  0.3017130D-02  0.2329160D-02  0.5377468D-03  0.0000000D+00
  0.1302384D-02  0.4238744D-02 -0.1433481D-02  0.0000000D+00
 -0.8602992D-05  0.5713940D-02 -0.2927142D-02  0.0000000D+00
 -0.5711513D-03  0.6346466D-02 -0.3568517D-02  0.0000000D+00
  0.9366115D-02  0.1609021D-01 -0.1424811D-01  0.0000000D+00
  0.1114911D-03  0.1437680D-01 -0.7325891D-02  0.0000000D+00
 -0.5075556D-02 -0.1971980D-03 -0.1196781D-01  0.0000000D+00
 -0.5816106D-02 -0.9178763D-02  0.1208373D-03  0.0000000D+00
  0.1222894D-02 -0.1496862D-02 -0.2493226D-02  0.0000000D+00
 -0.4509920D-03  0.3071756D-02  0.3569056D-02  0.0000000D+00
 -0.2508774D-02  0.8155226D-02 -0.1613187D-02  0.0000000D+00
 -0.3624261D-02 -0.1699812D-02  0.1719620D-02  0.0000000D+00
 -0.1973198D-02  0.1137158D-01  0.2270815D-02  0.0000000D+00
  0.5386154D-03  0.3090854D-03 -0.1996637D-02  0.0000000D+00
  0.2338382D-02  0.3807753D-02  0.5068745D-02  0.0000000D+00
 -0.1459834D-02  0.5071949D-02 -0.3002197D-02  0.0000000D+00
 -0.4381826D-02  0.6070773D-02 -0.9262495D-02  0.0000000D+00
 -0.5635107D-02  0.6498356D-02 -0.1194597D-01  0.0000000D+00
 -0.8221888D-02 -0.4208535D-04  0.7013103D-04  0.0000000D+00
 -0.5414068D-02  0.5386901D-05  0.9707617D-04  0.0000000D+00
 -0.3717527D-02 -0.1424255D-03  0.2955566D-04  0.0000000D+00
  0.2029275D-02  0.3176038D-03 -0.1655673D-03  0.0000000D+00
 -0.1368859D-01 -0.5901722D-03  0.2555766D-03  0.0000000D+00
 -0.6005403D-02  0.2217706D-02 -0.6298639D-03  0.0000000D+00
 -0.5317324D-02  0.6947771D-02  0.7031799D-03  0.0000000D+00
 -0.3625265D-02  0.3095136D-02 -0.1316715D-02  0.0000000D+00
 -0.4145110D-02  0.5764652D-02 -0.1173014D-02  0.0000000D+00
 -0.4469183D-02 -0.2659167D-03 -0.1527747D-02  0.0000000D+00
 -0.3128017D-02  0.1740691D-02 -0.2040570D-03  0.0000000D+00
 -0.1520530D-02 -0.3833516D-03  0.9072524D-03  0.0000000D+00
 -0.2831671D-03 -0.2043021D-02  0.1751491D-02  0.0000000D+00
  0.2475371D-03 -0.2754053D-02  0.2113945D-02  0.0000000D+00
  0.1316195D-01  0.7609999D-04  0.2984681D-04  0.0000000D+00
 -0.2194288D-02  0.1011514D-03 -0.1191414D-03  0.0000000D+00
  0.2126136D-02  0.1557456D-03  0.1533519D-03  0.0000000D+00
 -0.3202083D-02 -0.8756230D-04 -0.6893353D-04  0.0000000D+00
  0.6095838D-02  0.1596733D-03  0.2707960D-03  0.0000000D+00
  0.1464882D-02 -0.1007342D-02 -0.2125019D-03  0.0000000D+00
  0.2662549D-04 -0.2174153D-02 -0.1122764D-03  0.0000000D+00
 -0.2757373D-02 -0.7848154D-02  0.8799101D-03  0.0000000D+00
 -0.4891293D-02  0.3972425D-02  0.4372086D-03  0.0000000D+00
 -0.1258777D-02 -0.1053755D-02 -0.1180483D-02  0.0000000D+00
  0.1089041D-03  0.5611785D-03  0.2100144D-02  0.0000000D+00
 -0.2021727D-02  0.2961332D-02  0.3087263D-02  0.0000000D+00
 -0.3640397D-02  0.4819979D-02  0.3873125D-02  0.0000000D+00
 -0.4335316D-02  0.5616794D-02  0.4209359D-02  0.0000000D+00
  0.4907857D-02  0.9186798D-04  0.3377763D-04  0.0000000D+00
 -0.4753449D-02 -0.1153997D-03 -0.4353617D-05  0.0000000D+00
  0.1118326D-01  0.4314641D-03  0.6569625D-04  0.0000000D+00
 -0.1393801D-02 -0.1053131D-02 -0.5512006D-04  0.0000000D+00
 -0.4335518D-02  0.1596099D-02 -0.5025621D-04  0.0000000D+00
  0.2604897D-02 -0.4208103D-02  0.3733035D-03  0.0000000D+00
 -0.2101722D-02 -0.7163071D-03  0.2028627D-03  0.0000000D+00
  0.3100000D-03  0.3737869D-02  0.1283842D-02  0.0000000D+00
  0.1299403D-02 -0.5187298D-02  0.1704799D-02  0.0000000D+00
 -0.6755622D-03  0.1302577D-02  0.6482521D-04  0.0000000D+00
 -0.6638894D-03  0.5164600D-04 -0.1368834D-02  0.0000000D+00
  0.1944837D-03 -0.6465795D-03  0.1785458D-03  0.0000000D+00
  0.8500658D-03 -0.1213477D-02  0.1388081D-02  0.0000000D+00
  0.1131407D-02 -0.1455688D-02  0.1906255D-02  0.0000000D+00
  0.7436035D-02  0.1222624D-03  0.2415976D-04  0.0000000D+00
 -0.7552498D-02  0.5181175D-04 -0.8776075D-04  0.0000000D+00
  0.4306456D-02  0.2547816D-04 -0.4443891D-05  0.0000000D+00
 -0.4021716D-02  0.9143829D-04  0.1279402D-03  0.0000000D+00
  0.7075966D-02 -0.5335510D-03 -0.2409911D-03  0.0000000D+00
  0.8773762D-03  0.6250022D-03  0.1944342D-03  0.0000000D+00
 -0.4425172D-02 -0.2624003D-02 -0.2314661D-03  0.0000000D+00
 -0.3181014D-02  0.2793720D-02  0.2171543D-04  0.0000000D+00
 -0.3284416D-02 -0.1870527D-02 -0.6876831D-03  0.0000000D+00
 -0.2214716D-03 -0.1092970D-02 -0.6943680D-03  0.0000000D+00
 -0.1111315D-02 -0.2502960D-02  0.3091199D-03  0.0000000D+00
 -0.9100063D-03 -0.1714720D-02 -0.2409272D-03  0.0000000D+00
 -0.7375671D-03 -0.1163594D-02 -0.6757912D-03  0.0000000D+00
 -0.6641672D-03 -0.9254548D-03 -0.8619374D-03  0.0000000D+00
  0.1580599D-01 -0.2055577D-03  0.5701169D-04  0.0000000D+00
 -0.1708612D-02  0.3352296D-03 -0.5677304D-04  0.0000000D+00
  0.1152766D-01 -0.3087591D-03  0.1429756D-03  0.0000000D+00
  0.1273314D-02 -0.1428057D-03 -0.1618272D-03  0.0000000D+00
 -0.1769242D-02 -0.4328066D-03  0.2345327D-03  0.0000000D+00
  0.6263717D-02  0.1180634D-02 -0.2981439D-03  0.0000000D+00
  0.7569293D-03  0.1256541D-02 -0.2013957D-03  0.0000000D+00
  0.2272074D-02  0.1741894D-02  0.5557721D-03  0.0000000D+00
  0.1321677D-02  0.1132242D-02 -0.7202855D-03  0.0000000D+00
 -0.2720361D-03 -0.1339045D-02  0.1777023D-02  0.0000000D+00
  0.5336770D-04  0.1038582D-03 -0.7807161D-03  0.0000000D+00
  0.3156379D-03  0.5669220D-03 -0.4092740D-03  0.0000000D+00
  0.5155146D-03  0.9331072D-03 -0.1132332D-03  0.0000000D+00
  0.6013066D-03  0.1089857D-02  0.1341047D-04  0.0000000D+00
  0.3602003D-02  0.5805506D-04  0.3102791D-04  0.0000000D+00
 -0.6726049D-02  0.4107915D-04  0.7357179D-04  0.0000000D+00
  0.4410616D-02  0.1702177D-04 -0.1380883D-04  0.0000000D+00
 -0.4490370D-02 -0.1642220D-03  0.9949642D-04  0.0000000D+00
  0.9327387D-02 -0.2385354D-03 -0.1614527D-03  0.0000000D+00
 -0.1207163D-02  0.8501109D-03  0.5385472D-03  0.0000000D+00
 -0.1246998D-02 -0.2318507D-02 -0.7726209D-03  0.0000000D+00
 -0.1002431D-02  0.1737266D-02  0.4342391D-03  0.0000000D+00
 -0.2177281D-03 -0.2425948D-02 -0.1834295D-03  0.0000000D+00
 -0.3024660D-03  0.9566716D-03  0.3835350D-03  0.0000000D+00
 -0.3015142D-03  0.5533035D-04 -0.4283616D-03  0.0000000D+00
 -0.3431135D-03  0.4059073D-03 -0.1236038D-03  0.0000000D+00
 -0.3694755D-03  0.6904391D-03  0.1105678D-03  0.0000000D+00
 -0.3809630D-03  0.8120064D-03  0.2110143D-03  0.0000000D+00
  0.1452214D-01 -0.2407955D-02 -0.6025198D-02  0.0000000D+00
  0.1087990D-01  0.7083580D-02  0.1690865D-02  0.0000000D+00
  0.4655437D-02  0.1562962D-01  0.3898002D-02  0.0000000D+00
 -0.2572438D-02  0.2423938D-01  0.4831227D-02  0.0000000D+00
  0.9706157D-02  0.2093150D-01  0.1815134D-02  0.0000000D+00
  0.1465015D-02 -0.3894869D-02 -0.4063099D-02  0.0000000D+00
  0.1820171D-02  0.7984894D-02  0.1659118D-02  0.0000000D+00
  0.4086857D-02 -0.5777768D-02 -0.3791148D-02  0.0000000D+00
  0.2424039D-02  0.2796391D-02  0.6035861D-03  0.0000000D+00
  0.2861761D-02 -0.3993555D-03 -0.1514496D-02  0.0000000D+00
  0.4522150D-02 -0.4090256D-02 -0.1916751D-03  0.0000000D+00
  0.3010944D-02 -0.2530192D-02 -0.3893232D-02  0.0000000D+00
  0.1881487D-02 -0.1434079D-02 -0.6791291D-02  0.0000000D+00
  0.1395997D-02 -0.9606431D-03 -0.8032702D-02  0.0000000D+00
  0.1844346D-01 -0.3890765D-02 -0.4941218D-02  0.0000000D+00
  0.1278759D-01 -0.1007483D-01 -0.5361634D-02  0.0000000D+00
  0.1385321D-01  0.7373855D-02  0.1127367D-02  0.0000000D+00
 -0.3602383D-02  0.1278809D-01  0.8596866D-02  0.0000000D+00
  0.1381551D-01  0.5775466D-03 -0.3984080D-02  0.0000000D+00
 -0.4246775D-02 -0.7184357D-02  0.2978351D-02  0.0000000D+00
 -0.8184571D-03 -0.6193326D-02  0.2139788D-02  0.0000000D+00
 -0.1822391D-02 -0.2271519D-02  0.1267963D-02  0.0000000D+00
  0.6163813D-03 -0.1096160D-02  0.2971004D-02  0.0000000D+00
  0.1471539D-02 -0.1763553D-02 -0.2481085D-02  0.0000000D+00
  0.4027524D-02 -0.4796518D-02  0.3693790D-02  0.0000000D+00
  0.1197701D-02 -0.2001269D-02 -0.2763570D-02  0.0000000D+00
 -0.9654185D-03  0.4437246D-04 -0.7767766D-02  0.0000000D+00
 -0.1893646D-02  0.9251045D-03 -0.9912964D-02  0.0000000D+00
  0.4795989D-02  0.6905799D-02 -0.6406658D-02  0.0000000D+00
 -0.6053162D-04 -0.6279345D-02  0.5679429D-03  0.0000000D+00
 -0.5657689D-03  0.1603596D-01 -0.1246330D-01  0.0000000D+00
 -0.8989460D-03  0.3090015D-03  0.7537882D-02  0.0000000D+00
  0.3048291D-02  0.3275488D-02  0.2083315D-02  0.0000000D+00
  0.5948351D-02 -0.7736581D-02  0.9033232D-03  0.0000000D+00
  0.1485442D-02 -0.2685043D-02  0.2120160D-02  0.0000000D+00
  0.1156009D-02 -0.4748762D-02  0.5748852D-03  0.0000000D+00
  0.2538291D-02  0.1706672D-03  0.4036210D-02  0.0000000D+00
  0.1402920D-02  0.2912948D-02 -0.2074209D-02  0.0000000D+00
  0.3919835D-02 -0.4648477D-02  0.5846605D-04  0.0000000D+00
 -0.9884467D-03 -0.2570995D-04  0.2967413D-04  0.0000000D+00
 -0.4778392D-02  0.3518766D-02  0.1872580D-04  0.0000000D+00
 -0.6403502D-02  0.5039399D-02  0.1367869D-04  0.0000000D+00
  0.8195391D-02 -0.1135918D-03 -0.6234139D-04  0.0000000D+00
  0.3999825D-02  0.1990121D-03  0.4819521D-04  0.0000000D+00
  0.2039131D-01 -0.1945421D-03 -0.2487786D-04  0.0000000D+00
 -0.4051647D-02  0.1945264D-04  0.6506056D-04  0.0000000D+00
  0.1652244D-01 -0.1229976D-03 -0.9975144D-04  0.0000000D+00
 -0.8132157D-02  0.6381476D-03  0.1076958D-03  0.0000000D+00
  0.5394133D-03 -0.3330418D-02 -0.6005315D-03  0.0000000D+00
  0.1619152D-02 -0.3249194D-02  0.1344856D-02  0.0000000D+00
  0.1669350D-02  0.1405183D-02  0.1595697D-02  0.0000000D+00
  0.1768329D-02  0.3899619D-02  0.1679355D-02  0.0000000D+00
  0.1457670D-02  0.1115625D-02  0.1498610D-02  0.0000000D+00
  0.2287942D-02 -0.1881461D-02 -0.9685374D-03  0.0000000D+00
  0.2938331D-02 -0.4198397D-02 -0.2869327D-02  0.0000000D+00
  0.3216919D-02 -0.5191808D-02 -0.3684516D-02  0.0000000D+00
  0.4931132D-02  0.9243271D-04  0.1045127D-04  0.0000000D+00
  0.1483431D-02  0.1210513D-03  0.6697888D-04  0.0000000D+00
 -0.3393942D-02 -0.6054451D-03 -0.2760293D-06  0.0000000D+00
 -0.2034740D-02  0.5059616D-03  0.9223133D-04  0.0000000D+00
  0.2925304D-02 -0.3515698D-03 -0.1079962D-03  0.0000000D+00
  0.3232895D-02  0.6424853D-03  0.2951536D-04  0.0000000D+00
  0.1018538D-02  0.2792634D-02  0.8678944D-05  0.0000000D+00
  0.1450058D-02 -0.6758204D-02  0.5231784D-03  0.0000000D+00
  0.7313913D-03 -0.8944032D-02 -0.1046099D-02  0.0000000D+00
  0.1605921D-03 -0.1265648D-02 -0.5204302D-03  0.0000000D+00
  0.1948553D-02 -0.5309608D-02 -0.3323679D-03  0.0000000D+00
  0.1971983D-03 -0.2925746D-02 -0.8673548D-03  0.0000000D+00
 -0.1134710D-02 -0.1161991D-02 -0.1272314D-02  0.0000000D+00
 -0.1706469D-02 -0.4032671D-03 -0.1446215D-02  0.0000000D+00
 -0.3424287D-02  0.4542234D-04 -0.1100809D-04  0.0000000D+00
 -0.6813447D-02 -0.1408646D-04  0.4893733D-06  0.0000000D+00
  0.7274984D-02  0.3264879D-03  0.8697719D-04  0.0000000D+00
 -0.6891572D-02 -0.1219219D-03 -0.6092833D-04  0.0000000D+00
  0.1217744D-01  0.7890063D-04 -0.5703521D-04  0.0000000D+00
 -0.8655996D-02 -0.9016549D-03 -0.8731234D-04  0.0000000D+00
  0.1899047D-02 -0.6882490D-03 -0.5711407D-03  0.0000000D+00
 -0.5414444D-03 -0.5411000D-03 -0.4012459D-03  0.0000000D+00
  0.1064532D-02 -0.1399090D-02 -0.1056647D-02  0.0000000D+00
  0.1410561D-04 -0.3034940D-04  0.6264388D-04  0.0000000D+00
 -0.4328966D-03  0.1597543D-02  0.7905938D-03  0.0000000D+00
  0.1385640D-02 -0.5061459D-03  0.5076733D-03  0.0000000D+00
  0.2795870D-02 -0.2147920D-02  0.3050416D-03  0.0000000D+00
  0.3400379D-02 -0.2851346D-02  0.2176546D-03  0.0000000D+00
 -0.7878308D-05  0.8690629D-04  0.2435353D-04  0.0000000D+00
  0.2589461D-02 -0.1036909D-03 -0.2517178D-03  0.0000000D+00
 -0.5324560D-02 -0.1634374D-03 -0.5619801D-04  0.0000000D+00
 -0.2156142D-04 -0.1861555D-04  0.1284401D-03  0.0000000D+00
  0.7001290D-02  0.5454382D-03 -0.1975262D-03  0.0000000D+00
 -0.2976505D-02 -0.2123326D-02  0.4229857D-03  0.0000000D+00
  0.1584348D-02  0.1140686D-02 -0.1110305D-02  0.0000000D+00
 -0.1030800D-02 -0.3219738D-02  0.4346961D-04  0.0000000D+00
  0.2788172D-03  0.1402598D-02  0.7177070D-04  0.0000000D+00
 -0.1060878D-02 -0.4526622D-03  0.8507304D-03  0.0000000D+00
  0.1406770D-02 -0.2867736D-03  0.8026560D-03  0.0000000D+00
  0.8380120D-03 -0.3859146D-03  0.1470877D-04  0.0000000D+00
  0.4124134D-03 -0.4831848D-03 -0.5834039D-03  0.0000000D+00
  0.2294944D-03 -0.5242382D-03 -0.8401996D-03  0.0000000D+00
 -0.6117701D-02 -0.4176089D-04  0.1751823D-04  0.0000000D+00
 -0.2914709D-02 -0.5183945D-04 -0.2753605D-04  0.0000000D+00
 -0.1566023D-02  0.3947456D-03  0.8562161D-04  0.0000000D+00
  0.4489815D-03 -0.2192018D-03 -0.1062323D-03  0.0000000D+00
  0.4168820D-02 -0.3955929D-04  0.1450002D-03  0.0000000D+00
 -0.3356626D-02  0.6954752D-03  0.1871279D-03  0.0000000D+00
  0.2787862D-02  0.1996133D-02  0.1332958D-02  0.0000000D+00
 -0.1008091D-02  0.1139244D-02  0.1217467D-03  0.0000000D+00
  0.4860306D-04  0.6473528D-03 -0.3219037D-03  0.0000000D+00
 -0.2228900D-03  0.1004003D-02 -0.8300737D-03  0.0000000D+00
 -0.1802958D-03  0.1555793D-03 -0.2430302D-04  0.0000000D+00
  0.6247956D-03 -0.1495845D-03  0.8015379D-03  0.0000000D+00
  0.1248571D-02 -0.3823064D-03  0.1428579D-02  0.0000000D+00
  0.1515977D-02 -0.4821905D-03  0.1697791D-02  0.0000000D+00
 -0.3272962D-02 -0.4780940D-04 -0.1385441D-04  0.0000000D+00
  0.6194636D-02 -0.1163276D-04 -0.9350751D-04  0.0000000D+00
 -0.3386684D-02 -0.6927239D-04  0.3548209D-04  0.0000000D+00
  0.1257857D-02 -0.2293183D-04  0.1858122D-04  0.0000000D+00
  0.5113171D-02 -0.3050156D-03 -0.3024560D-04  0.0000000D+00
 -0.4565203D-02  0.1722064D-02  0.2588474D-03  0.0000000D+00
  0.2579652D-02 -0.7199636D-03  0.3648693D-03  0.0000000D+00
 -0.5444323D-03  0.1053757D-02  0.1036677D-02  0.0000000D+00
  0.1324328D-02  0.1701946D-02  0.7221055D-03  0.0000000D+00
 -0.4010298D-03 -0.3187859D-03 -0.1278144D-03  0.0000000D+00
  0.7062170D-03  0.1784410D-03 -0.1087898D-02  0.0000000D+00
  0.1044764D-02 -0.3415476D-03 -0.6298484D-03  0.0000000D+00
  0.1321652D-02 -0.7713700D-03 -0.2813540D-03  0.0000000D+00
  0.1439894D-02 -0.9547781D-03 -0.1317599D-03  0.0000000D+00
  0.1112404D-01 -0.5369672D-03 -0.7964057D-03  0.0000000D+00
  0.6037545D-02  0.4316417D-02 -0.3258609D-02  0.0000000D+00
 -0.1295205D-02  0.6177304D-02 -0.1078680D-02  0.0000000D+00
  0.2533767D-02 -0.8421870D-03  0.1230359D-02  0.0000000D+00
  0.9198216D-04 -0.8588225D-03 -0.3167694D-03  0.0000000D+00
 -0.3089073D-02 -0.1603759D-02 -0.6193126D-03  0.0000000D+00
 -0.5359436D-03  0.3978896D-04  0.1079518D-02  0.0000000D+00
 -0.1719633D-02 -0.4568509D-02 -0.2246576D-04  0.0000000D+00
 -0.1735942D-02 -0.1616260D-02  0.5677773D-03  0.0000000D+00
  0.1476511D-02 -0.7401330D-03 -0.3137520D-04  0.0000000D+00
 -0.9028275D-03 -0.2349784D-03  0.7626360D-03  0.0000000D+00
 -0.7994665D-03  0.7417231D-03  0.1256784D-02  0.0000000D+00
 -0.7133461D-03  0.1473268D-02  0.1643701D-02  0.0000000D+00
 -0.6766243D-03  0.1787673D-02  0.1809443D-02  0.0000000D+00
  0.1215467D-02 -0.2194180D-02 -0.1572098D-02  0.0000000D+00
  0.1098173D-02 -0.5411483D-02 -0.2656153D-02  0.0000000D+00
  0.2024887D-02  0.7618197D-02 -0.3785646D-02  0.0000000D+00
  0.8811187D-02  0.3698997D-02  0.6125718D-02  0.0000000D+00
 -0.7333604D-02 -0.1235421D-01 -0.2584632D-02  0.0000000D+00
 -0.2375146D-03  0.6412947D-02 -0.1094110D-02  0.0000000D+00
 -0.2014387D-03 -0.2482606D-02 -0.3302944D-03  0.0000000D+00
 -0.7531060D-03 -0.4146815D-04 -0.2890514D-03  0.0000000D+00
 -0.7653308D-03 -0.2094031D-02  0.1096698D-04  0.0000000D+00
 -0.8114747D-03 -0.6053680D-02  0.1586353D-03  0.0000000D+00
 -0.9542019D-03  0.6837895D-03 -0.1576130D-02  0.0000000D+00
 -0.5950890D-03  0.1119421D-02 -0.6999809D-04  0.0000000D+00
 -0.3193726D-03  0.1456883D-02  0.1099043D-02  0.0000000D+00
 -0.2010965D-03  0.1601570D-02  0.1600127D-02  0.0000000D+00
  0.1702236D-02  0.2647274D-02 -0.2733324D-02  0.0000000D+00
  0.4731573D-02 -0.5259169D-02  0.3966238D-02  0.0000000D+00
 -0.3135454D-02  0.2708341D-02 -0.2129839D-02  0.0000000D+00
  0.2076395D-02 -0.8532522D-02  0.1716839D-03  0.0000000D+00
 -0.6484023D-02  0.2698437D-02 -0.1560341D-02  0.0000000D+00
  0.7912171D-03 -0.3699193D-02 -0.4918385D-03  0.0000000D+00
 -0.5019337D-03  0.1445104D-02  0.5468216D-03  0.0000000D+00
 -0.5955739D-04  0.1628651D-02  0.1546365D-03  0.0000000D+00
  0.4425461D-04  0.4049243D-02 -0.8277138D-03  0.0000000D+00
  0.5820578D-03  0.3751331D-02  0.1239703D-02  0.0000000D+00
 -0.8187910D-03  0.2306661D-02  0.3489212D-05  0.0000000D+00
 -0.5480917D-03  0.2041616D-02  0.1033607D-03  0.0000000D+00
 -0.3394470D-03  0.1867029D-02  0.1798484D-03  0.0000000D+00
 -0.2499720D-03  0.1791208D-02  0.2126619D-03  0.0000000D+00
 -0.2369751D-02 -0.2147363D-04  0.7493529D-04  0.0000000D+00
 -0.4238662D-02 -0.2080962D-03  0.1478560D-03  0.0000000D+00
  0.5092078D-02  0.3636014D-03 -0.9894744D-04  0.0000000D+00
  0.7735161D-02 -0.5268976D-03  0.1181097D-03  0.0000000D+00
 -0.4130421D-02  0.9571218D-03 -0.1269362D-03  0.0000000D+00
  0.1255003D-02 -0.1463400D-02  0.3528656D-03  0.0000000D+00
  0.5268457D-03  0.3616887D-02  0.4484923D-03  0.0000000D+00
 -0.1613710D-02  0.1480850D-03 -0.2561937D-03  0.0000000D+00
 -0.8879179D-03  0.2474270D-03  0.4709427D-03  0.0000000D+00
 -0.6791137D-05 -0.4695808D-02 -0.3909969D-03  0.0000000D+00
 -0.2089122D-03 -0.1075068D-03  0.5719044D-03  0.0000000D+00
 -0.2184781D-03 -0.2839796D-03  0.3786292D-03  0.0000000D+00
 -0.2240053D-03 -0.4134872D-03  0.2303891D-03  0.0000000D+00
 -0.2264350D-03 -0.4692178D-03  0.1667958D-03  0.0000000D+00
 -0.1902256D-02  0.4589197D-04  0.5714260D-05  0.0000000D+00
  0.3258554D-02  0.1418054D-03  0.2986043D-04  0.0000000D+00
 -0.6014929D-02 -0.4085038D-03 -0.9852300D-04  0.0000000D+00
  0.5733815D-02  0.2795129D-03 -0.3510227D-04  0.0000000D+00
 -0.8436128D-02 -0.2006368D-03  0.1069884D-03  0.0000000D+00
  0.3234928D-02  0.2099913D-03 -0.2518218D-03  0.0000000D+00
 -0.4378496D-03  0.8447343D-03 -0.4828368D-03  0.0000000D+00
 -0.3747145D-03 -0.1291880D-02 -0.6545705D-03  0.0000000D+00
 -0.1281713D-02 -0.7590469D-04  0.9200199D-03  0.0000000D+00
  0.2834093D-03 -0.1603502D-02 -0.1022339D-03  0.0000000D+00
 -0.1297554D-02  0.1289812D-02  0.1139958D-03  0.0000000D+00
 -0.9727854D-03  0.1114050D-02  0.7433313D-04  0.0000000D+00
 -0.7254555D-03  0.9789804D-03  0.4771435D-04  0.0000000D+00
 -0.6192960D-03  0.9210479D-03  0.3617359D-04  0.0000000D+00
 -0.6552094D-02  0.4580250D-04  0.3287574D-04  0.0000000D+00
 -0.8864289D-03 -0.1623346D-03  0.9313129D-04  0.0000000D+00
  0.3477576D-03  0.3393498D-03 -0.3061573D-04  0.0000000D+00
  0.5280090D-02 -0.6890048D-04 -0.6994250D-05  0.0000000D+00
  0.1264647D-02  0.2618191D-03  0.1251654D-03  0.0000000D+00
 -0.3664036D-02 -0.9059832D-03 -0.3400188D-03  0.0000000D+00
  0.2366295D-03  0.1448602D-02 -0.1778235D-03  0.0000000D+00
 -0.1222072D-02 -0.1745041D-02  0.7412464D-04  0.0000000D+00
 -0.7716704D-03 -0.1607667D-02  0.3624664D-03  0.0000000D+00
 -0.2629517D-03  0.1093085D-03 -0.1185037D-03  0.0000000D+00
 -0.5196201D-03 -0.3191956D-03 -0.7629491D-04  0.0000000D+00
 -0.3844140D-03 -0.3858666D-03  0.3887205D-03  0.0000000D+00
 -0.2871203D-03 -0.4275969D-03  0.7507379D-03  0.0000000D+00
 -0.2451774D-03 -0.4457981D-03  0.9058752D-03  0.0000000D+00
 -0.6032951D-02 -0.3913166D-04 -0.9577684D-04  0.0000000D+00
 -0.5750539D-03  0.7915842D-04  0.9645772D-04  0.0000000D+00
 -0.4533260D-02 -0.1956253D-03 -0.1264367D-03  0.0000000D+00
  0.7656078D-02 -0.3159127D-04  0.8148800D-04  0.0000000D+00
 -0.3645553D-02  0.5503223D-03 -0.1195762D-03  0.0000000D+00
  0.2458057D-02 -0.1578792D-02  0.1151224D-03  0.0000000D+00
  0.4314172D-03  0.1380289D-02  0.5704674D-03  0.0000000D+00
 -0.1063841D-02  0.1415972D-02  0.6184374D-03  0.0000000D+00
 -0.3435245D-03 -0.1583935D-02  0.3187423D-03  0.0000000D+00
 -0.3090607D-03  0.9095743D-03 -0.6346516D-03  0.0000000D+00
 -0.2138933D-03 -0.8373781D-03  0.3549553D-04  0.0000000D+00
 -0.2872543D-04 -0.6093643D-03 -0.5039553D-03  0.0000000D+00
  0.1087129D-03 -0.4444442D-03 -0.9149463D-03  0.0000000D+00
  0.1678225D-03 -0.3733787D-03 -0.1091351D-02  0.0000000D+00
 -0.9775445D-02 -0.1222369D-03  0.3140215D-04  0.0000000D+00
  0.4644789D-02 -0.1365880D-03  0.1125702D-03  0.0000000D+00
 -0.6427347D-02  0.3934564D-03 -0.8567369D-04  0.0000000D+00
  0.2074165D-02 -0.1823071D-03  0.9183039D-04  0.0000000D+00
  0.2830928D-02  0.3708823D-03 -0.6251970D-04  0.0000000D+00
 -0.5206558D-02 -0.3010321D-03  0.1200402D-03  0.0000000D+00
  0.5976768D-03  0.7984904D-03 -0.1539089D-03  0.0000000D+00
 -0.6832629D-03  0.3814662D-03  0.1641601D-03  0.0000000D+00
 -0.3747937D-03 -0.1227337D-04  0.1603739D-03  0.0000000D+00
  0.4684586D-03  0.6481132D-03 -0.2925915D-03  0.0000000D+00
 -0.2871176D-03 -0.5756787D-03 -0.2484198D-03  0.0000000D+00
  0.8851113D-04 -0.8699282D-04 -0.3435969D-03  0.0000000D+00
  0.3891674D-03  0.2630335D-03 -0.4183327D-03  0.0000000D+00
  0.5177485D-03  0.4139874D-03 -0.4503395D-03  0.0000000D+00
 -0.3545481D-02  0.6988935D-04 -0.9115337D-04  0.0000000D+00
 -0.4067950D-03  0.1904004D-03 -0.3592626D-04  0.0000000D+00
 -0.2564273D-02 -0.2324830D-03 -0.9581831D-04  0.0000000D+00
  0.5910627D-02  0.1935862D-03  0.1265446D-03  0.0000000D+00
  0.1582212D-02 -0.1860908D-03 -0.1215459D-03  0.0000000D+00
 -0.1143638D-02  0.7561551D-03  0.1348813D-03  0.0000000D+00
  0.1982800D-02  0.2022014D-02 -0.3679090D-03  0.0000000D+00
 -0.7890089D-04 -0.2055278D-02  0.2326148D-03  0.0000000D+00
 -0.4742945D-03  0.1298337D-02 -0.1710293D-04  0.0000000D+00
  0.9042271D-04  0.5226442D-03 -0.1820042D-03  0.0000000D+00
  0.4291528D-03  0.1629968D-03  0.4746661D-03  0.0000000D+00
  0.2937280D-03 -0.6693121D-04  0.2743452D-03  0.0000000D+00
  0.1873980D-03 -0.2057372D-03  0.1316997D-03  0.0000000D+00
  0.1418599D-03 -0.2664847D-03  0.7015420D-04  0.0000000D+00
  0.1826252D-02  0.6875249D-03 -0.5437492D-03  0.0000000D+00
  0.6372010D-02  0.1955707D-02 -0.3300819D-02  0.0000000D+00
  0.1781242D-02  0.1078072D-02  0.1939084D-02  0.0000000D+00
  0.6859133D-02 -0.1364912D-02 -0.3722021D-02  0.0000000D+00
 -0.8382527D-02 -0.4275264D-02  0.5013437D-02  0.0000000D+00
  0.8846675D-03 -0.6475393D-03 -0.8611717D-03  0.0000000D+00
 -0.7471727D-03 -0.4607347D-03  0.1818416D-02  0.0000000D+00
  0.9654691D-03  0.6025858D-03  0.1495102D-03  0.0000000D+00
 -0.3068924D-03 -0.2943345D-02  0.6026464D-03  0.0000000D+00
 -0.4318026D-03  0.1699288D-02 -0.6717445D-03  0.0000000D+00
 -0.2259896D-03  0.5600359D-03  0.6185910D-03  0.0000000D+00
 -0.4688212D-03  0.6370790D-03 -0.2397152D-03  0.0000000D+00
 -0.6732871D-03  0.6927497D-03 -0.9058210D-03  0.0000000D+00
 -0.7604237D-03  0.7167392D-03 -0.1191335D-02  0.0000000D+00
  0.5816616D-02  0.4874681D-02 -0.1297964D-02  0.0000000D+00
  0.1075591D-01  0.4101164D-02 -0.2276397D-02  0.0000000D+00
  0.5042114D-03 -0.4318327D-02  0.3828684D-02  0.0000000D+00
  0.1153592D-01  0.1172602D-01 -0.8965769D-02  0.0000000D+00
 -0.1117774D-01 -0.9243531D-02  0.6304395D-02  0.0000000D+00
  0.1673706D-02  0.6541298D-02 -0.2638844D-02  0.0000000D+00
  0.1142715D-02 -0.2382569D-02 -0.6048479D-03  0.0000000D+00
  0.1697920D-02  0.7649008D-03 -0.1382809D-02  0.0000000D+00
 -0.4763246D-03  0.3903998D-02 -0.2204562D-02  0.0000000D+00
 -0.1219815D-02 -0.4310366D-02  0.3011244D-03  0.0000000D+00
 -0.9338853D-03  0.2408144D-02 -0.2042301D-02  0.0000000D+00
 -0.2164092D-03  0.4780287D-03 -0.1897143D-02  0.0000000D+00
  0.3172087D-03 -0.9983982D-03 -0.1781019D-02  0.0000000D+00
  0.5466702D-03 -0.1631911D-02 -0.1731357D-02  0.0000000D+00
  0.3731130D-02  0.2105222D-02 -0.2712031D-02  0.0000000D+00
  0.3428059D-02  0.6343832D-02  0.6056966D-02  0.0000000D+00
  0.3117572D-02 -0.1721324D-02 -0.3937976D-02  0.0000000D+00
 -0.3118361D-02 -0.1206580D-02  0.8635706D-02  0.0000000D+00
 -0.1315994D-02  0.7465384D-02 -0.2064671D-02  0.0000000D+00
  0.1980632D-02 -0.2474868D-02 -0.1749004D-02  0.0000000D+00
 -0.7957329D-04  0.1412247D-02 -0.6588557D-04  0.0000000D+00
 -0.4035162D-03  0.1886123D-02 -0.9524330D-03  0.0000000D+00
  0.8268350D-04  0.3599815D-02 -0.1000010D-02  0.0000000D+00
 -0.4373476D-04 -0.1975635D-03 -0.3371699D-03  0.0000000D+00
  0.2085331D-03  0.5235848D-03 -0.5387176D-03  0.0000000D+00
  0.2421202D-03  0.9074652D-03 -0.6187272D-04  0.0000000D+00
  0.2534718D-03  0.1189303D-02  0.3020609D-03  0.0000000D+00
  0.2588027D-03  0.1310617D-02  0.4582489D-03  0.0000000D+00
 -0.1526048D-02 -0.5281611D-04 -0.8721312D-04  0.0000000D+00
 -0.2446380D-02  0.1520378D-03  0.4738849D-04  0.0000000D+00
 -0.3556198D-02 -0.2647342D-03 -0.4932780D-04  0.0000000D+00
  0.1591550D-02  0.5998266D-03 -0.1266165D-03  0.0000000D+00
 -0.7406517D-02 -0.5455913D-03  0.8992641D-04  0.0000000D+00
 -0.7143984D-03  0.1048098D-02 -0.2174960D-03  0.0000000D+00
 -0.1499592D-02 -0.2535042D-02 -0.1292962D-03  0.0000000D+00
  0.1869644D-02  0.2405304D-02  0.5276908D-03  0.0000000D+00
 -0.1058980D-02  0.3127849D-04 -0.6549854D-03  0.0000000D+00
  0.4458815D-03  0.3615570D-02  0.1041145D-02  0.0000000D+00
 -0.7358673D-03  0.9191429D-03  0.1111579D-04  0.0000000D+00
 -0.1089025D-03 -0.3815012D-03 -0.2028832D-03  0.0000000D+00
  0.3685946D-03 -0.1350587D-02 -0.3717777D-03  0.0000000D+00
  0.5735500D-03 -0.1767250D-02 -0.4440867D-03  0.0000000D+00
  0.2386299D-02  0.4815081D-04 -0.2646720D-04  0.0000000D+00
  0.8157471D-02 -0.2167398D-03 -0.1409376D-03  0.0000000D+00
  0.6314212D-03  0.5018675D-04  0.3012506D-04  0.0000000D+00
 -0.2936536D-02 -0.3570822D-03  0.3254814D-05  0.0000000D+00
 -0.7245932D-03  0.9453117D-04  0.5428376D-04  0.0000000D+00
 -0.4157209D-03 -0.9772700D-04  0.5721203D-04  0.0000000D+00
  0.1049496D-03  0.1381564D-02  0.6178193D-03  0.0000000D+00
  0.6334493D-03  0.8211860D-03 -0.2141451D-03  0.0000000D+00
 -0.3907806D-03  0.1048593D-02 -0.1815334D-03  0.0000000D+00
 -0.5315758D-03 -0.1437381D-02 -0.7928515D-03  0.0000000D+00
 -0.6123463D-03  0.8561102D-03 -0.5781314D-04  0.0000000D+00
 -0.8074432D-03  0.5270039D-03 -0.3966034D-03  0.0000000D+00
 -0.9647918D-03  0.2865375D-03 -0.6567325D-03  0.0000000D+00
 -0.1032050D-02  0.1829975D-03 -0.7683170D-03  0.0000000D+00
 -0.4410545D-02 -0.6321856D-04  0.4144208D-04  0.0000000D+00
 -0.8590092D-02 -0.1987847D-04  0.1036318D-04  0.0000000D+00
 -0.2215156D-02 -0.6338934D-05 -0.1490921D-03  0.0000000D+00
 -0.4611154D-02  0.1832350D-03 -0.2823399D-04  0.0000000D+00
 -0.3518003D-02 -0.1217168D-03 -0.6248089D-04  0.0000000D+00
  0.2721178D-03  0.3210640D-03  0.5611489D-03  0.0000000D+00
 -0.1119546D-02 -0.6293293D-03  0.4056967D-03  0.0000000D+00
  0.7902664D-03  0.1709246D-02  0.3958330D-03  0.0000000D+00
  0.4818960D-05 -0.1326066D-02 -0.7424227D-03  0.0000000D+00
  0.2156277D-03  0.1684644D-02  0.3906114D-03  0.0000000D+00
 -0.1170550D-03 -0.3341090D-03 -0.1147867D-02  0.0000000D+00
  0.1640648D-03 -0.1327683D-03 -0.4737594D-04  0.0000000D+00
  0.3736575D-03  0.2300049D-04  0.7944464D-03  0.0000000D+00
  0.4637662D-03  0.8977802D-04  0.1155665D-02  0.0000000D+00
  0.5818246D-03  0.3958388D-04 -0.7504095D-04  0.0000000D+00
  0.6668469D-02 -0.4040793D-04 -0.9765778D-04  0.0000000D+00
 -0.6818664D-03 -0.2173518D-04  0.6881877D-04  0.0000000D+00
 -0.2072680D-02 -0.9901809D-04 -0.1936543D-04  0.0000000D+00
 -0.1578759D-05  0.7898107D-04  0.8528589D-05  0.0000000D+00
 -0.1373936D-02 -0.9787783D-04 -0.6394178D-04  0.0000000D+00
 -0.3514873D-03 -0.3160358D-02 -0.6520980D-04  0.0000000D+00
 -0.7255592D-03 -0.1051374D-02  0.2358731D-03  0.0000000D+00
 -0.8738927D-03  0.1953462D-02 -0.2477922D-03  0.0000000D+00
 -0.1806374D-03  0.4798596D-03  0.8482448D-03  0.0000000D+00
 -0.3243212D-03  0.8760329D-03 -0.1950327D-03  0.0000000D+00
 -0.4571333D-03 -0.2563802D-03 -0.5190875D-03  0.0000000D+00
 -0.5600417D-03 -0.1115556D-02 -0.7589536D-03  0.0000000D+00
 -0.6041578D-03 -0.1484450D-02 -0.8621383D-03  0.0000000D+00
 -0.4573678D-02  0.1662563D-04 -0.6465163D-04  0.0000000D+00
 -0.4515880D-02 -0.2568903D-03  0.7450762D-04  0.0000000D+00
  0.8793958D-03  0.1483473D-03 -0.1198014D-03  0.0000000D+00
 -0.5833831D-02 -0.1812831D-03  0.2649939D-04  0.0000000D+00
  0.3231615D-03  0.3742902D-03 -0.3224511D-05  0.0000000D+00
  0.8218915D-03 -0.7537258D-03 -0.5950791D-03  0.0000000D+00
 -0.4011422D-03 -0.2173650D-03 -0.3899810D-03  0.0000000D+00
  0.6040987D-03 -0.2004531D-03  0.2641358D-03  0.0000000D+00
 -0.2943341D-04  0.6955053D-03 -0.4248021D-03  0.0000000D+00
  0.3296335D-03 -0.1645004D-02  0.5011069D-03  0.0000000D+00
 -0.1718010D-04 -0.2538724D-03 -0.1069946D-02  0.0000000D+00
  0.2025010D-03  0.3231494D-03  0.7684320D-04  0.0000000D+00
  0.3751313D-03  0.7543396D-03  0.9678277D-03  0.0000000D+00
  0.4490591D-03  0.9396920D-03  0.1349700D-02  0.0000000D+00
 -0.1853569D-02 -0.2569112D-04 -0.3677338D-04  0.0000000D+00
  0.2239572D-02  0.7932071D-05 -0.6136291D-04  0.0000000D+00
 -0.1092365D-03 -0.3674120D-03  0.1784058D-03  0.0000000D+00
 -0.9853676D-03  0.5304362D-03 -0.7666086D-04  0.0000000D+00
 -0.3520705D-02 -0.7454930D-03  0.8400823D-04  0.0000000D+00
  0.1347932D-02  0.1054057D-02 -0.3925159D-03  0.0000000D+00
 -0.6620723D-03  0.9862515D-03  0.2948217D-03  0.0000000D+00
  0.1949593D-03 -0.1113807D-02 -0.1191613D-02  0.0000000D+00
 -0.6016928D-03  0.2619294D-03 -0.8472171D-03  0.0000000D+00
  0.3494976D-03 -0.5655428D-03  0.1110293D-03  0.0000000D+00
 -0.1797728D-03  0.6961500D-03 -0.9381319D-03  0.0000000D+00
 -0.2600885D-03  0.1283976D-03 -0.1002850D-02  0.0000000D+00
 -0.3222248D-03 -0.2851982D-03 -0.1061616D-02  0.0000000D+00
 -0.3488664D-03 -0.4633273D-03 -0.1086539D-02  0.0000000D+00
 -0.1602752D-02 -0.3700983D-02 -0.4115820D-02  0.0000000D+00
 -0.3960450D-02  0.2186463D-02  0.1401741D-03  0.0000000D+00
  0.2511698D-02 -0.5988720D-03  0.1040998D-02  0.0000000D+00
 -0.7903893D-03  0.2210004D-02 -0.1087233D-03  0.0000000D+00
 -0.3449554D-03  0.4057000D-02 -0.1418664D-03  0.0000000D+00
  0.1059970D-02  0.6695715D-04 -0.1038117D-02  0.0000000D+00
 -0.1064154D-03 -0.1532042D-03 -0.8555306D-03  0.0000000D+00
  0.1422939D-03  0.2422648D-03 -0.1899737D-03  0.0000000D+00
 -0.1905916D-04  0.2195733D-02 -0.1115118D-02  0.0000000D+00
  0.5724698D-03 -0.2630796D-02  0.1255108D-02  0.0000000D+00
 -0.3666128D-03  0.9773569D-03 -0.1520013D-02  0.0000000D+00
 -0.2822785D-03  0.2014732D-03 -0.4865501D-03  0.0000000D+00
 -0.2150002D-03 -0.3599851D-03  0.3211887D-03  0.0000000D+00
 -0.1862222D-03 -0.6019210D-03  0.6672283D-03  0.0000000D+00
 -0.5589016D-02  0.1377896D-02 -0.7907845D-03  0.0000000D+00
 -0.4574373D-02  0.4265246D-02  0.3314167D-03  0.0000000D+00
  0.3219440D-02 -0.1083549D-01 -0.7426982D-03  0.0000000D+00
 -0.1529193D-02  0.7065926D-02 -0.1862431D-03  0.0000000D+00
 -0.8402456D-03  0.2280061D-02 -0.2161467D-02  0.0000000D+00
  0.9152259D-03 -0.2702816D-02  0.1355938D-02  0.0000000D+00
 -0.6213154D-03 -0.7839426D-03  0.4330493D-03  0.0000000D+00
  0.5411478D-03  0.1989171D-02  0.9669776D-03  0.0000000D+00
  0.1566497D-03 -0.3478116D-02 -0.1136158D-02  0.0000000D+00
  0.7636597D-03  0.1277208D-02  0.3280892D-03  0.0000000D+00
 -0.1656214D-04 -0.8129945D-05  0.4167092D-03  0.0000000D+00
 -0.1486396D-03  0.1134772D-03 -0.5208607D-03  0.0000000D+00
 -0.2457807D-03  0.2366388D-03 -0.1259975D-02  0.0000000D+00
 -0.2875903D-03  0.2885167D-03 -0.1576423D-02  0.0000000D+00
  0.1016022D-02 -0.5382371D-02  0.7712457D-03  0.0000000D+00
 -0.2457028D-02  0.3123600D-02  0.1477677D-02  0.0000000D+00
  0.8879438D-03 -0.3757210D-02 -0.3379575D-02  0.0000000D+00
 -0.2008487D-02  0.8236527D-02 -0.4826173D-03  0.0000000D+00
 -0.1967989D-02 -0.8455819D-03  0.4354416D-03  0.0000000D+00
  0.5874576D-03  0.1188939D-02  0.5373847D-05  0.0000000D+00
  0.1654556D-05 -0.1112512D-02 -0.2827608D-03  0.0000000D+00
  0.6916041D-04 -0.2078283D-02  0.1202654D-02  0.0000000D+00
  0.3179893D-03 -0.4070854D-02 -0.2225192D-02  0.0000000D+00
  0.2295401D-03  0.2627004D-02  0.1441664D-02  0.0000000D+00
 -0.3012416D-03  0.6334256D-03 -0.1493531D-02  0.0000000D+00
 -0.2596811D-03  0.1890901D-03  0.7479151D-03  0.0000000D+00
 -0.2291844D-03 -0.1393556D-03  0.2500077D-02  0.0000000D+00
 -0.2160586D-03 -0.2806584D-03  0.3250711D-02  0.0000000D+00
 -0.1893539D-02 -0.7423533D-04 -0.1106287D-03  0.0000000D+00
 -0.2344507D-02  0.2100536D-03  0.1201854D-03  0.0000000D+00
  0.2246540D-02 -0.4585100D-03 -0.5501025D-04  0.0000000D+00
 -0.6697747D-03  0.5477882D-03  0.1107614D-03  0.0000000D+00
 -0.9446088D-03 -0.7094748D-03 -0.1094009D-03  0.0000000D+00
  0.1454921D-02  0.8442335D-03  0.2937712D-03  0.0000000D+00
 -0.1099053D-02  0.6118648D-04 -0.3549535D-03  0.0000000D+00
  0.5126745D-03 -0.7554328D-04  0.4276727D-05  0.0000000D+00
  0.1911633D-05 -0.1728179D-02 -0.2940990D-03  0.0000000D+00
  0.4066332D-03 -0.6330159D-03 -0.4091218D-03  0.0000000D+00
  0.3745383D-04 -0.5724560D-03 -0.3600168D-03  0.0000000D+00
  0.1043786D-03 -0.2027946D-03 -0.1081971D-02  0.0000000D+00
  0.1595133D-03  0.7286348D-04 -0.1648322D-02  0.0000000D+00
  0.1830450D-03  0.1913724D-03 -0.1890889D-02  0.0000000D+00
  0.3305554D-03 -0.5673648D-04  0.7887984D-04  0.0000000D+00
 -0.2668915D-02 -0.3020270D-04 -0.2694861D-04  0.0000000D+00
  0.1055041D-02  0.3651479D-04 -0.2705859D-04  0.0000000D+00
 -0.1477469D-02  0.2808899D-03 -0.2471158D-04  0.0000000D+00
 -0.1229642D-02  0.8912814D-04  0.1629471D-04  0.0000000D+00
  0.9257128D-03 -0.2289696D-03  0.1285305D-03  0.0000000D+00
  0.3574999D-03 -0.6650416D-03  0.6371644D-04  0.0000000D+00
  0.8312201D-04 -0.3929383D-03 -0.2689116D-03  0.0000000D+00
  0.3401035D-04 -0.3923674D-03  0.2675412D-03  0.0000000D+00
 -0.1032444D-03 -0.2335048D-02  0.8185423D-03  0.0000000D+00
  0.3680624D-03  0.1327842D-03 -0.8010808D-03  0.0000000D+00
  0.3445933D-03  0.1321719D-03 -0.6674724D-03  0.0000000D+00
  0.3222294D-03  0.1461150D-03 -0.5692435D-03  0.0000000D+00
  0.3127754D-03  0.1516428D-03 -0.5269713D-03  0.0000000D+00
  0.1454498D-02  0.2164110D-03  0.5956437D-04  0.0000000D+00
  0.4694890D-03 -0.1768926D-03  0.9781816D-04  0.0000000D+00
  0.1055996D-02 -0.9570713D-04  0.1835619D-04  0.0000000D+00
 -0.1655975D-02 -0.1434932D-03 -0.7584285D-04  0.0000000D+00
 -0.1104061D-02  0.3811920D-03  0.1399086D-03  0.0000000D+00
  0.1292560D-03 -0.5521539D-03 -0.8181489D-03  0.0000000D+00
 -0.1450155D-02 -0.9751563D-03  0.8149894D-03  0.0000000D+00
  0.2785967D-03 -0.3229515D-03 -0.7014852D-03  0.0000000D+00
 -0.1058242D-03  0.1364047D-02  0.5018474D-03  0.0000000D+00
  0.3247662D-03  0.1925430D-02 -0.7200962D-03  0.0000000D+00
 -0.2019489D-03 -0.1333599D-03  0.5120594D-03  0.0000000D+00
 -0.9843824D-05 -0.5895865D-04  0.6023922D-03  0.0000000D+00
  0.1449060D-03 -0.5206626D-05  0.6648567D-03  0.0000000D+00
  0.2110576D-03  0.1795300D-04  0.6918762D-03  0.0000000D+00
  0.3771631D-03 -0.7741497D-04  0.4951769D-04  0.0000000D+00
 -0.1722383D-02 -0.1425271D-03 -0.1915098D-04  0.0000000D+00
  0.8861686D-03  0.2447479D-03 -0.1188954D-03  0.0000000D+00
  0.1036686D-03  0.1632541D-03  0.6674304D-04  0.0000000D+00
 -0.1881295D-05  0.1014452D-03 -0.2276061D-05  0.0000000D+00
  0.7318390D-04 -0.8282752D-04 -0.5390793D-04  0.0000000D+00
  0.4175034D-04 -0.3749246D-03  0.1371564D-04  0.0000000D+00
 -0.5736499D-03  0.4335258D-04 -0.9902190D-04  0.0000000D+00
  0.9365118D-04  0.7200736D-03 -0.6242556D-03  0.0000000D+00
 -0.2577436D-03 -0.1263294D-03  0.3262594D-03  0.0000000D+00
  0.5561588D-03  0.5160564D-05 -0.7336153D-03  0.0000000D+00
  0.5205467D-03  0.3983241D-03  0.1020253D-03  0.0000000D+00
  0.4938080D-03  0.7064303D-03  0.7449651D-03  0.0000000D+00
  0.4823206D-03  0.8384016D-03  0.1020726D-02  0.0000000D+00
  0.4482843D-02 -0.7465051D-04  0.5973746D-04  0.0000000D+00
  0.8577235D-03  0.2689659D-03  0.7809146D-05  0.0000000D+00
  0.3737978D-03 -0.6173147D-03 -0.2567025D-04  0.0000000D+00
 -0.1638117D-02  0.5805120D-03  0.7554737D-05  0.0000000D+00
 -0.1738218D-02 -0.6925108D-03 -0.9004292D-04  0.0000000D+00
  0.5032459D-03  0.1152855D-02  0.3306463D-03  0.0000000D+00
 -0.4114280D-03 -0.1267262D-02 -0.1188888D-03  0.0000000D+00
  0.7456251D-03  0.1879744D-02  0.3707585D-03  0.0000000D+00
  0.9390241D-04  0.5038890D-03 -0.9330599D-03  0.0000000D+00
  0.2723055D-03 -0.2369669D-03  0.7869376D-04  0.0000000D+00
 -0.3214499D-03 -0.3797180D-03  0.1295767D-03  0.0000000D+00
 -0.2440331D-03 -0.3767463D-03  0.2235767D-03  0.0000000D+00
 -0.1872252D-03 -0.4020578D-03  0.2950535D-03  0.0000000D+00
 -0.1627738D-03 -0.4120368D-03  0.3257384D-03  0.0000000D+00
  0.1615646D-02 -0.1209047D-04  0.4765333D-05  0.0000000D+00
 -0.1796340D-03 -0.1826605D-03 -0.1272321D-04  0.0000000D+00
  0.7834129D-03  0.1705624D-03 -0.6537617D-04  0.0000000D+00
  0.5149323D-03  0.2810290D-04  0.6170132D-05  0.0000000D+00
 -0.3547078D-03 -0.8647447D-04  0.1295441D-03  0.0000000D+00
 -0.9208272D-03  0.1586118D-03 -0.2449056D-03  0.0000000D+00
 -0.5079996D-03  0.1520106D-02  0.4063081D-04  0.0000000D+00
 -0.1741052D-03 -0.1607671D-02  0.9238892D-04  0.0000000D+00
  0.1850356D-03  0.7173646D-03 -0.4978895D-03  0.0000000D+00
 -0.3450893D-04  0.1570902D-03 -0.8828782D-04  0.0000000D+00
  0.5082721D-03 -0.3219750D-03  0.2209174D-04  0.0000000D+00
  0.3102026D-03 -0.4543207D-04  0.1688126D-03  0.0000000D+00
  0.1637361D-03  0.1732851D-03  0.2814858D-03  0.0000000D+00
  0.1007278D-03  0.2669069D-03  0.3298200D-03  0.0000000D+00
 -0.7155981D-03  0.5643397D-02  0.2173833D-03  0.0000000D+00
  0.3319010D-02 -0.6559032D-02 -0.1046097D-03  0.0000000D+00
 -0.1334636D-02  0.4441655D-02 -0.2776605D-02  0.0000000D+00
 -0.1004526D-03 -0.3451060D-02  0.3532765D-02  0.0000000D+00
  0.6580741D-03 -0.1635496D-02 -0.1996706D-03  0.0000000D+00
 -0.1235338D-02 -0.6910917D-03  0.3439856D-03  0.0000000D+00
  0.1273942D-03 -0.8421867D-04 -0.4839534D-03  0.0000000D+00
 -0.2697889D-03 -0.9512234D-03  0.3461935D-03  0.0000000D+00
  0.2358783D-03 -0.1390118D-02 -0.9020142D-03  0.0000000D+00
 -0.4210440D-04 -0.3412680D-03  0.2210622D-03  0.0000000D+00
 -0.2571352D-03  0.9778813D-03  0.4143929D-03  0.0000000D+00
  0.2204536D-03  0.7514129D-03  0.2886708D-03  0.0000000D+00
  0.5854520D-03  0.6003812D-03  0.2016592D-03  0.0000000D+00
  0.7420817D-03  0.5348681D-03  0.1640297D-03  0.0000000D+00
  0.2110623D-02  0.4979859D-02  0.2432583D-02  0.0000000D+00
  0.3151656D-02 -0.4416784D-02  0.4229286D-03  0.0000000D+00
 -0.1588233D-02  0.8612813D-02 -0.2516634D-02  0.0000000D+00
 -0.6452631D-03 -0.9313246D-02  0.2350328D-02  0.0000000D+00
  0.1966814D-02  0.8050680D-03 -0.8703869D-03  0.0000000D+00
 -0.1406255D-02  0.8305319D-03 -0.2522259D-03  0.0000000D+00
  0.6385949D-03  0.2167094D-03  0.5001812D-03  0.0000000D+00
  0.3188507D-03 -0.1428772D-02 -0.6312279D-03  0.0000000D+00
  0.3459467D-03  0.1543711D-02  0.8393332D-03  0.0000000D+00
  0.5236430D-03 -0.1007059D-02 -0.1017124D-03  0.0000000D+00
 -0.4730611D-03  0.8165349D-03  0.6439653D-03  0.0000000D+00
 -0.1779550D-03  0.6128665D-03 -0.6347918D-03  0.0000000D+00
  0.5122269D-04  0.4533637D-03 -0.1639696D-02  0.0000000D+00
  0.1494489D-03  0.3850426D-03 -0.2070036D-02  0.0000000D+00
  0.1850561D-02  0.2168018D-02 -0.1621499D-02  0.0000000D+00
  0.2415372D-02  0.6618317D-02 -0.7436836D-03  0.0000000D+00
 -0.1131389D-03 -0.3175409D-02 -0.7886910D-03  0.0000000D+00
 -0.1576987D-02  0.4753602D-02  0.2575249D-03  0.0000000D+00
  0.1598418D-02 -0.3205952D-02  0.2258550D-02  0.0000000D+00
 -0.7552393D-03  0.8131950D-03  0.5579649D-04  0.0000000D+00
  0.6211794D-03  0.2076005D-02  0.3275147D-03  0.0000000D+00
  0.3547435D-05  0.8546956D-04  0.3374245D-03  0.0000000D+00
  0.5290315D-03  0.2111364D-02  0.6951179D-03  0.0000000D+00
  0.2952687D-03  0.3468871D-03  0.1615824D-04  0.0000000D+00
 -0.3955653D-03  0.3181037D-03  0.5373639D-03  0.0000000D+00
 -0.1495418D-03  0.7666146D-03  0.4916400D-03  0.0000000D+00
  0.3703656D-04  0.1099326D-02  0.4815354D-03  0.0000000D+00
  0.1171461D-03  0.1242425D-02  0.4764066D-03  0.0000000D+00
 -0.1251838D-02  0.7062833D-04  0.3324581D-04  0.0000000D+00
  0.1548953D-02 -0.1721549D-03  0.4873013D-04  0.0000000D+00
  0.6409848D-03  0.1635308D-03 -0.1957432D-03  0.0000000D+00
  0.1127005D-04 -0.3684977D-03  0.1989720D-03  0.0000000D+00
  0.2517670D-02  0.2360540D-03 -0.2562336D-03  0.0000000D+00
 -0.1631011D-02 -0.7938089D-03  0.4950798D-03  0.0000000D+00
  0.8151743D-03 -0.6520781D-03 -0.1841464D-03  0.0000000D+00
  0.2351820D-04  0.6353772D-03 -0.6228562D-04  0.0000000D+00
  0.3610479D-03 -0.1779983D-02  0.3590664D-03  0.0000000D+00
  0.1284448D-03  0.3053373D-03 -0.8897008D-03  0.0000000D+00
  0.1511818D-03 -0.1393342D-03  0.3753068D-03  0.0000000D+00
  0.4424326D-04 -0.9069144D-03  0.2390034D-03  0.0000000D+00
 -0.4126476D-04 -0.1489462D-02  0.1514445D-03  0.0000000D+00
 -0.7783737D-04 -0.1739582D-02  0.1133411D-03  0.0000000D+00
  0.2291723D-02  0.1025313D-03  0.2706234D-04  0.0000000D+00
  0.1892828D-02 -0.5715095D-04  0.1562557D-04  0.0000000D+00
  0.8388464D-03 -0.1038087D-03  0.8967152D-04  0.0000000D+00
 -0.2602122D-02  0.2926868D-03 -0.5552385D-04  0.0000000D+00
  0.5292030D-03 -0.1552686D-04  0.4373800D-04  0.0000000D+00
 -0.7985135D-03  0.4600731D-03 -0.2803348D-03  0.0000000D+00
  0.7514730D-03 -0.1034710D-02 -0.5896657D-04  0.0000000D+00
 -0.2918316D-03  0.1237589D-02 -0.7363904D-03  0.0000000D+00
  0.6376119D-03  0.8774779D-03  0.6695679D-04  0.0000000D+00
 -0.5160835D-03  0.2515884D-03  0.7421615D-04  0.0000000D+00
 -0.3173411D-03  0.2134542D-03  0.8207265D-03  0.0000000D+00
 -0.6032951D-04  0.1771020D-03  0.9859314D-03  0.0000000D+00
  0.1339207D-03  0.1318413D-03  0.1124491D-02  0.0000000D+00
  0.2173484D-03  0.1129785D-03  0.1183560D-02  0.0000000D+00
 -0.1985432D-02 -0.8888657D-04  0.1137417D-03  0.0000000D+00
 -0.1059588D-02  0.1997939D-03  0.3490231D-05  0.0000000D+00
  0.2970565D-02 -0.2206095D-03  0.2072429D-04  0.0000000D+00
  0.6663296D-03 -0.1653506D-03 -0.1568944D-03  0.0000000D+00
  0.7716138D-03 -0.3075534D-03  0.2083641D-03  0.0000000D+00
 -0.9791114D-03  0.1611822D-02 -0.7417248D-03  0.0000000D+00
  0.3761702D-03 -0.1215814D-02  0.3630949D-03  0.0000000D+00
 -0.3494591D-03  0.1201664D-02 -0.4977983D-03  0.0000000D+00
  0.3921833D-03 -0.7398674D-03  0.1582778D-03  0.0000000D+00
  0.5036356D-03  0.3542327D-03 -0.1385780D-03  0.0000000D+00
  0.2030760D-03 -0.8965297D-03 -0.1578928D-04  0.0000000D+00
  0.6329205D-04 -0.5564715D-03  0.4727123D-04  0.0000000D+00
 -0.3934280D-04 -0.3019664D-03  0.8082080D-04  0.0000000D+00
 -0.8352136D-04 -0.1925867D-03  0.9568697D-04  0.0000000D+00
  0.3631108D-02  0.7552408D-04  0.5326462D-04  0.0000000D+00
 -0.2791979D-03 -0.3637820D-03  0.4384262D-04  0.0000000D+00
  0.2674264D-02  0.2117830D-03  0.1485083D-04  0.0000000D+00
 -0.1303649D-02 -0.1994124D-03 -0.5237968D-04  0.0000000D+00
 -0.2750462D-03  0.4057377D-03  0.3151540D-04  0.0000000D+00
 -0.5567699D-03 -0.2581056D-03  0.4745275D-04  0.0000000D+00
  0.4362781D-03 -0.2743275D-03  0.6751211D-04  0.0000000D+00
 -0.1373047D-03 -0.5074124D-03  0.2237005D-03  0.0000000D+00
  0.5699803D-03  0.1065309D-02 -0.4282727D-03  0.0000000D+00
 -0.8562734D-05 -0.2489197D-03 -0.2846210D-03  0.0000000D+00
  0.2789220D-03  0.4835560D-03 -0.5973341D-03  0.0000000D+00
  0.2211960D-03 -0.1978664D-03 -0.3419191D-03  0.0000000D+00
  0.1741596D-03 -0.7059008D-03 -0.1487399D-03  0.0000000D+00
  0.1540695D-03 -0.9243175D-03 -0.6577845D-04  0.0000000D+00
 -0.1513088D-02  0.4797563D-04  0.2632013D-04  0.0000000D+00
 -0.1171834D-02  0.1007419D-03  0.9648024D-04  0.0000000D+00
  0.2389918D-02 -0.2799514D-03 -0.1868375D-05  0.0000000D+00
  0.4880864D-03 -0.7154184D-04  0.2717838D-04  0.0000000D+00
  0.2695909D-03  0.1864902D-03 -0.6409652D-04  0.0000000D+00
  0.1603352D-05 -0.8822148D-03  0.3781820D-03  0.0000000D+00
  0.4574267D-03 -0.3088967D-03 -0.1518820D-03  0.0000000D+00
 -0.3500951D-03  0.3807200D-03  0.5071346D-04  0.0000000D+00
  0.4739202D-04  0.4807122D-03  0.3481724D-03  0.0000000D+00
  0.5386025D-04 -0.1828056D-02 -0.1145599D-03  0.0000000D+00
 -0.2860423D-03  0.4984234D-03  0.4603876D-03  0.0000000D+00
 -0.1272792D-03  0.6869162D-03  0.2227181D-03  0.0000000D+00
  0.1468047D-05  0.8332058D-03  0.4169275D-04  0.0000000D+00
  0.5647843D-04  0.8959168D-03 -0.3600754D-04  0.0000000D+00
  0.2197550D-02 -0.5859658D-04 -0.1077336D-04  0.0000000D+00
 -0.1276627D-02 -0.6829965D-04  0.7270742D-04  0.0000000D+00
  0.2932094D-02  0.5446922D-04  0.1125765D-04  0.0000000D+00
 -0.1066922D-03  0.7648438D-04 -0.7711685D-04  0.0000000D+00
  0.3695049D-04 -0.3233339D-03 -0.3867386D-04  0.0000000D+00
 -0.3133794D-03 -0.3428686D-04  0.8661473D-04  0.0000000D+00
 -0.2125551D-03 -0.4008503D-04  0.1880081D-04  0.0000000D+00
 -0.1175912D-03 -0.1196569D-02  0.1144135D-03  0.0000000D+00
  0.1597270D-03 -0.1751125D-02  0.4724056D-03  0.0000000D+00
 -0.4765798D-03 -0.3144382D-03 -0.9248427D-03  0.0000000D+00
  0.3379327D-03 -0.2374360D-03  0.3330517D-03  0.0000000D+00
  0.2600041D-03 -0.2223636D-03 -0.2932859D-03  0.0000000D+00
  0.1996250D-03 -0.2053416D-03 -0.7889731D-03  0.0000000D+00
  0.1737437D-03 -0.1982137D-03 -0.1001136D-02  0.0000000D+00
