  4  2   882 12096  4  4  9 14  7  1    0.00   24.00  100.00 1000.00    0.00    6.28   45.00   45.00
  100.0  100.0  100.0  100.0  125.0  150.0  190.0  230.0  275.0  350.0  450.0  550.0  650.0  850.0 1000.0 1000.0 1000.0 1000.0
  0.2244087D+04 -0.1636170D+04  0.1444543D+03  0.0000000D+00
  0.4240574D+03  0.1889109D+04 -0.7728465D+02  0.0000000D+00
  0.1996078D+04 -0.8617172D+03 -0.5647572D+03  0.0000000D+00
  0.2104177D+04  0.1148257D+03 -0.8161879D+03  0.0000000D+00
  0.4631919D+04  0.1530031D+04 -0.4970327D+03  0.0000000D+00
  0.1489699D+03 -0.5696118D+03  0.3311592D+03  0.0000000D+00
  0.1432491D+04 -0.1250486D+04  0.2246758D+03  0.0000000D+00
  0.1415298D+04 -0.1416906D+04  0.2629472D+03  0.0000000D+00
  0.2718150D+04 -0.3600124D+04  0.6387433D+03  0.0000000D+00
  0.7469807D+04 -0.7062173D+04 -0.9031098D+03  0.0000000D+00
  0.1537170D+05 -0.8902719D+04 -0.2331699D+03  0.0000000D+00
  0.2527723D+05 -0.8285733D+04 -0.3215087D+03  0.0000000D+00
  0.3296197D+05 -0.7808919D+04 -0.3856650D+03  0.0000000D+00
  0.3625604D+05 -0.7604480D+04 -0.4133016D+03  0.0000000D+00
  0.3326945D+04 -0.2720826D+04  0.3074933D+03  0.0000000D+00
  0.4752349D+03  0.9367058D+03 -0.2000070D+03  0.0000000D+00
  0.2332641D+04 -0.8602944D+03 -0.4188956D+03  0.0000000D+00
  0.1454885D+04 -0.2211667D+03 -0.1529318D+03  0.0000000D+00
  0.1699451D+04  0.3794786D+03 -0.5878930D+03  0.0000000D+00
 -0.5188786D+03  0.9611851D+03  0.2298056D+03  0.0000000D+00
 -0.2815408D+03  0.8622496D+03  0.1531938D+03  0.0000000D+00
 -0.2061138D+04  0.1568753D+04  0.2701174D+03  0.0000000D+00
  0.8004202D+03 -0.1400176D+04  0.4015034D+03  0.0000000D+00
  0.6295690D+03 -0.1283442D+04 -0.9481459D+02  0.0000000D+00
  0.7339103D+04 -0.2527764D+03  0.8270501D+02  0.0000000D+00
  0.4331657D+04 -0.4434580D+03  0.2313462D+03  0.0000000D+00
  0.1972955D+04 -0.5839988D+03  0.3444779D+03  0.0000000D+00
  0.9627253D+03 -0.6444731D+03  0.3930407D+03  0.0000000D+00
  0.2676244D+03  0.7483152D+02 -0.1276195D+03  0.0000000D+00
  0.3158555D+03  0.1236382D+04 -0.1339107D+03  0.0000000D+00
 -0.2225452D+03 -0.7608451D+03  0.4648874D+02  0.0000000D+00
 -0.4021511D+03 -0.4668206D+03  0.1300003D+03  0.0000000D+00
 -0.8741813D+03 -0.3427625D+03  0.1914504D+03  0.0000000D+00
  0.4005998D+03  0.7856937D+02 -0.1080426D+03  0.0000000D+00
 -0.1389786D+03 -0.3251331D+02  0.7988489D+02  0.0000000D+00
  0.1234995D+03  0.3599983D+03 -0.8187848D+02  0.0000000D+00
  0.5987224D+03 -0.1946468D+04  0.1837076D+03  0.0000000D+00
  0.4327066D+04 -0.2139529D+04 -0.1305872D+03  0.0000000D+00
  0.7340944D+04 -0.2769195D+03  0.1131222D+03  0.0000000D+00
  0.5119636D+04 -0.4845773D+03 -0.3871056D+03  0.0000000D+00
  0.3387754D+04 -0.6552214D+03 -0.7762684D+03  0.0000000D+00
  0.2645663D+04 -0.7280616D+03 -0.9430476D+03  0.0000000D+00
  0.8530571D+02 -0.1652249D+01 -0.1279958D+01  0.0000000D+00
 -0.5126801D+02 -0.2071394D+00  0.3917845D+01  0.0000000D+00
  0.7311129D+02 -0.4911672D+00 -0.7750952D+01  0.0000000D+00
 -0.8867955D+02 -0.3314038D+01  0.9215141D+01  0.0000000D+00
  0.2140885D+03 -0.5793331D+01 -0.1351878D+02  0.0000000D+00
  0.4677323D+03  0.8002753D+02 -0.5135683D+01  0.0000000D+00
  0.2316732D+03  0.8420882D+02 -0.2219989D+03  0.0000000D+00
  0.9590988D+02 -0.4095075D+03 -0.9100324D+02  0.0000000D+00
 -0.1666817D+03  0.6818881D+03 -0.2603292D+03  0.0000000D+00
 -0.1539330D+04 -0.4528113D+03  0.1860396D+03  0.0000000D+00
 -0.1099841D+04  0.3562266D+03  0.1155801D+03  0.0000000D+00
 -0.2046994D+03  0.3433694D+03  0.2520089D+03  0.0000000D+00
  0.4918753D+03  0.3354383D+03  0.3544943D+03  0.0000000D+00
  0.7903958D+03  0.3319766D+03  0.3985301D+03  0.0000000D+00
 -0.6706486D+02  0.1006084D+00 -0.7471717D+00  0.0000000D+00
 -0.1606227D+03  0.7320552D+01  0.2665527D+01  0.0000000D+00
  0.4932756D+02 -0.2852336D+02 -0.3762781D+01  0.0000000D+00
 -0.4465233D+02  0.4613620D+02  0.5142781D+01  0.0000000D+00
 -0.1304829D+03 -0.8764980D+02 -0.9879388D+01  0.0000000D+00
  0.2426340D+03  0.2277835D+03  0.9502029D+01  0.0000000D+00
  0.3058883D+02  0.1114986D+03 -0.2554609D+03  0.0000000D+00
  0.9298636D+02  0.3553050D+03 -0.3154629D+03  0.0000000D+00
  0.2985966D+03 -0.5376789D+03 -0.5663560D+02  0.0000000D+00
  0.1101507D+04  0.2128346D+03 -0.3634375D+03  0.0000000D+00
  0.1728557D+04  0.2406969D+03  0.1285436D+03  0.0000000D+00
  0.1268664D+03  0.2111710D+03 -0.1747162D+03  0.0000000D+00
 -0.1121178D+04  0.1930778D+03 -0.4091717D+03  0.0000000D+00
 -0.1655977D+04  0.1851705D+03 -0.5096951D+03  0.0000000D+00
 -0.2424883D+03 -0.1865080D+01 -0.6426430D+00  0.0000000D+00
  0.1048994D+03  0.9908138D+00  0.5590267D+01  0.0000000D+00
 -0.1445849D+03  0.1021145D+01 -0.9313390D+01  0.0000000D+00
  0.5985837D+02 -0.5543059D+01  0.1474925D+02  0.0000000D+00
 -0.2015264D+03  0.2302694D+02 -0.3000842D+02  0.0000000D+00
  0.2113894D+03 -0.1127995D+03  0.7179958D+02  0.0000000D+00
 -0.4121288D+02 -0.1493986D+03 -0.1069711D+03  0.0000000D+00
  0.3268314D+03 -0.1512343D+03 -0.3787627D+01  0.0000000D+00
 -0.2692040D+03  0.1873057D+03 -0.7534650D+02  0.0000000D+00
 -0.2854965D+03  0.1457606D+03  0.2054590D+03  0.0000000D+00
 -0.1181371D+04 -0.1149436D+03  0.3796095D+02  0.0000000D+00
 -0.4476663D+03 -0.1444727D+03  0.7680192D+02  0.0000000D+00
  0.1276286D+03 -0.1683145D+03  0.1067724D+03  0.0000000D+00
  0.3740334D+03 -0.1785055D+03  0.1196239D+03  0.0000000D+00
  0.1336192D+03  0.4635264D+00 -0.1025407D+01  0.0000000D+00
  0.2116245D+03 -0.7053511D+01  0.5334401D+01  0.0000000D+00
 -0.7984118D+02  0.2310019D+02 -0.9887791D+01  0.0000000D+00
  0.2939591D+02 -0.3839131D+02  0.1989910D+02  0.0000000D+00
  0.2547254D+03  0.7733152D+02 -0.3872385D+02  0.0000000D+00
 -0.3568994D+02 -0.2229160D+03  0.1095693D+03  0.0000000D+00
  0.1449790D+03 -0.1658355D+02 -0.2714302D+02  0.0000000D+00
 -0.5358944D+02  0.7251529D+02 -0.4269766D+02  0.0000000D+00
 -0.1810100D+03  0.3356790D+03 -0.3488225D+02  0.0000000D+00
 -0.1022400D+04  0.1333069D+03  0.1198874D+02  0.0000000D+00
 -0.6937545D+03 -0.6822178D+02 -0.5083162D+02  0.0000000D+00
 -0.3417301D+03 -0.1413891D+03 -0.1917404D+01  0.0000000D+00
 -0.5985826D+02 -0.1970657D+03  0.3560781D+02  0.0000000D+00
  0.6069073D+02 -0.2209665D+03  0.5170598D+02  0.0000000D+00
  0.2846339D+03 -0.3704433D+01  0.2215468D+00  0.0000000D+00
 -0.1635455D+03  0.6794648D+01 -0.3916225D+00  0.0000000D+00
  0.1306913D+03 -0.8797195D+01  0.5775478D+00  0.0000000D+00
  0.3834844D+01  0.2019211D+02  0.1642105D+01  0.0000000D+00
  0.9895948D+02 -0.4519648D+02 -0.6093187D+01  0.0000000D+00
 -0.1437444D+03  0.1318468D+03  0.2052156D+02  0.0000000D+00
 -0.5177839D+02 -0.1821794D+02  0.2380938D+02  0.0000000D+00
 -0.6707189D+02  0.5082469D+02 -0.3594894D+02  0.0000000D+00
  0.7299645D+01 -0.2697099D+02  0.1517898D+02  0.0000000D+00
  0.4897846D+03  0.5030832D+02 -0.5650832D+02  0.0000000D+00
 -0.3920652D+03 -0.8482360D+02  0.1369480D+02  0.0000000D+00
 -0.7217651D+03  0.4014262D+01 -0.7251825D+01  0.0000000D+00
 -0.9829755D+03  0.7160819D+02 -0.2144710D+02  0.0000000D+00
 -0.1094775D+04  0.1006236D+03 -0.2759648D+02  0.0000000D+00
 -0.6578130D+02 -0.1475616D+01  0.3882670D+00  0.0000000D+00
 -0.1495159D+03  0.4591173D+01 -0.1068946D+01  0.0000000D+00
  0.1826900D+03 -0.1534819D+01  0.6633376D+00  0.0000000D+00
 -0.1215799D+03  0.3433228D+01 -0.3698525D+01  0.0000000D+00
  0.5168014D+02 -0.1461482D+02  0.1064810D+02  0.0000000D+00
 -0.2116194D+02  0.6852570D+02 -0.4885954D+02  0.0000000D+00
 -0.2517139D+02  0.1040136D+03 -0.3335062D+02  0.0000000D+00
  0.2265947D+02  0.3708694D+02 -0.2953025D+02  0.0000000D+00
 -0.1323134D+03  0.1147606D+03 -0.1004362D+03  0.0000000D+00
 -0.6289787D+01  0.5455844D+02  0.4874425D+02  0.0000000D+00
 -0.7204908D+03  0.2560634D+02 -0.2622590D+02  0.0000000D+00
 -0.5975280D+03 -0.5679184D+02  0.2398391D+02  0.0000000D+00
 -0.5004290D+03 -0.1209758D+03  0.6322773D+02  0.0000000D+00
 -0.4588635D+03 -0.1484798D+03  0.8004008D+02  0.0000000D+00
  0.2072577D+04 -0.7071621D+03 -0.1657060D+03  0.0000000D+00
 -0.7464612D+03 -0.1102829D+04 -0.2834259D+03  0.0000000D+00
  0.1563905D+04  0.3702282D+03  0.2532760D+02  0.0000000D+00
  0.2209983D+04  0.3496865D+02 -0.1645660D+03  0.0000000D+00
  0.4837760D+03  0.5672551D+03 -0.1627182D+03  0.0000000D+00
 -0.8735568D+03 -0.1998514D+03 -0.2011017D+03  0.0000000D+00
  0.6811920D+02 -0.1529204D+03 -0.2952395D+03  0.0000000D+00
 -0.8239083D+03  0.3638503D+03 -0.3316666D+03  0.0000000D+00
  0.6560092D+03 -0.9626714D+03 -0.3805802D+03  0.0000000D+00
  0.1270214D+04 -0.6549685D+02 -0.2882760D+03  0.0000000D+00
  0.5036397D+04 -0.7975186D+02 -0.3606490D+03  0.0000000D+00
  0.2899855D+04 -0.8113373D+03 -0.7669193D+03  0.0000000D+00
  0.1238156D+04 -0.1379596D+04 -0.1083593D+04  0.0000000D+00
  0.5260135D+03 -0.1623159D+04 -0.1219288D+04  0.0000000D+00
  0.2151385D+04 -0.8802044D+03 -0.9986407D+02  0.0000000D+00
 -0.1227842D+04 -0.1672815D+04 -0.5296731D+03  0.0000000D+00
  0.2107535D+04  0.9613752D+03  0.3244408D+02  0.0000000D+00
  0.1210490D+04 -0.7275467D+03  0.5838731D+02  0.0000000D+00
  0.7158381D+03  0.5612935D+03 -0.3044090D+03  0.0000000D+00
 -0.9335887D+03 -0.2505264D+03 -0.3854374D+02  0.0000000D+00
  0.1114454D+03  0.3237055D+03 -0.3600731D+02  0.0000000D+00
 -0.9632640D+03  0.9588030D+03 -0.2095363D+03  0.0000000D+00
  0.9515042D+03 -0.1017674D+04  0.6726497D+01  0.0000000D+00
  0.6419081D+03  0.7809016D+02  0.1641732D+03  0.0000000D+00
  0.6421141D+04 -0.1304709D+04 -0.1855906D+02  0.0000000D+00
  0.3043563D+04 -0.1069627D+04 -0.1296822D+03  0.0000000D+00
  0.4139127D+03 -0.8921834D+03 -0.2151384D+03  0.0000000D+00
 -0.7129718D+03 -0.8159726D+03 -0.2517933D+03  0.0000000D+00
 -0.2634375D+03 -0.9410938D+02  0.1969613D+03  0.0000000D+00
 -0.7278545D+03  0.7499716D+03  0.3690492D+02  0.0000000D+00
 -0.3704968D+03 -0.8660048D+03  0.2904346D+03  0.0000000D+00
 -0.1929602D+03  0.1441259D+02 -0.5610763D+03  0.0000000D+00
 -0.3913799D+03  0.4916132D+03  0.3575804D+03  0.0000000D+00
 -0.1173026D+03  0.4790256D+03  0.5473584D+02  0.0000000D+00
 -0.4531828D+03  0.6144107D+02  0.3149922D+03  0.0000000D+00
 -0.1159623D+03  0.5119465D+03  0.8285149D+02  0.0000000D+00
 -0.3738700D+02 -0.3049159D+03  0.4399569D+03  0.0000000D+00
  0.1645785D+04  0.5952020D+03 -0.2727153D+03  0.0000000D+00
  0.1293495D+04  0.5238387D+02 -0.5097272D+03  0.0000000D+00
 -0.1054851D+04  0.6474792D+03 -0.4942419D+03  0.0000000D+00
 -0.2869637D+04  0.1104137D+04 -0.4820556D+03  0.0000000D+00
 -0.3647766D+04  0.1300038D+04 -0.4768377D+03  0.0000000D+00
 -0.1134260D+03  0.5320726D+01  0.4963067D+00  0.0000000D+00
  0.1479018D+03  0.2220784D+01 -0.7453514D+00  0.0000000D+00
  0.2174484D+02 -0.8721344D+01  0.1486964D+01  0.0000000D+00
 -0.3570484D+02  0.8149641D+01 -0.2869038D+01  0.0000000D+00
 -0.1662635D+03  0.4447778D+00  0.2436317D-01  0.0000000D+00
 -0.1448369D+03 -0.7512376D+02  0.3394037D+02  0.0000000D+00
 -0.9185371D+02 -0.1638851D+03  0.1240134D+03  0.0000000D+00
  0.1521894D+03 -0.1766217D+03 -0.1255497D+02  0.0000000D+00
  0.2060298D+02 -0.1110795D+03 -0.3337287D+02  0.0000000D+00
 -0.1007071D+04  0.1081938D+03 -0.3757132D+02  0.0000000D+00
 -0.1415338D+04  0.6957125D+03  0.1952993D+02  0.0000000D+00
 -0.9162994D+03  0.5087787D+03 -0.9019525D+02  0.0000000D+00
 -0.5279057D+03  0.3666153D+03 -0.1753009D+03  0.0000000D+00
 -0.3614614D+03  0.3055883D+03 -0.2117818D+03  0.0000000D+00
  0.6667491D+02 -0.1423812D+01 -0.7940517D+00  0.0000000D+00
  0.4532859D+02  0.4783095D+00  0.5169096D+01  0.0000000D+00
 -0.1541214D+02 -0.1602698D+02 -0.7315502D+01  0.0000000D+00
 -0.8987642D+02  0.2224840D+02  0.1346545D+02  0.0000000D+00
  0.1508771D+03 -0.5583748D+02 -0.2562113D+02  0.0000000D+00
  0.5050595D+02  0.1660901D+03  0.8638341D+02  0.0000000D+00
 -0.1846102D+03 -0.4367477D+02  0.1496754D+03  0.0000000D+00
  0.4029417D+03 -0.3178768D+03  0.2035769D+03  0.0000000D+00
 -0.6769415D+03  0.6808951D+03  0.1434755D+03  0.0000000D+00
  0.9210054D+02 -0.1153967D+03  0.1398709D+03  0.0000000D+00
 -0.8600333D+03  0.6887936D+02  0.2344153D+03  0.0000000D+00
 -0.5291746D+03  0.7328046D+02  0.1852633D+03  0.0000000D+00
 -0.2556227D+03  0.7615032D+02  0.1473422D+03  0.0000000D+00
 -0.1388996D+03  0.7739834D+02  0.1310812D+03  0.0000000D+00
  0.1441967D+03  0.2962388D+01  0.8404763D-01  0.0000000D+00
 -0.1927286D+03 -0.5517938D+01 -0.4056289D-01  0.0000000D+00
 -0.1048935D+03 -0.2315115D+01  0.1813693D+00  0.0000000D+00
  0.1632902D+03  0.6390803D+01 -0.1654457D+01  0.0000000D+00
 -0.1414833D+02 -0.1280872D+02  0.8717578D+01  0.0000000D+00
  0.4483415D+02  0.5444365D+02 -0.2037019D+02  0.0000000D+00
  0.1318243D+03 -0.2752769D+02  0.7325265D+02  0.0000000D+00
 -0.5079661D+02  0.1178640D+03  0.1421605D+03  0.0000000D+00
  0.3582743D+03 -0.2412257D+03  0.2699443D+02  0.0000000D+00
 -0.1027183D+03  0.7125991D+02 -0.6040521D+02  0.0000000D+00
  0.3294107D+03 -0.2075400D+03  0.3245043D+02  0.0000000D+00
  0.2116203D+03 -0.1688836D+03 -0.1266884D+03  0.0000000D+00
  0.1127919D+03 -0.1408960D+03 -0.2512453D+03  0.0000000D+00
  0.7066474D+02 -0.1288367D+03 -0.3046015D+03  0.0000000D+00
  0.5278636D+02  0.3557932D+01  0.7977091D+00  0.0000000D+00
  0.5943915D+02 -0.4616734D+01 -0.3548235D+01  0.0000000D+00
  0.8310511D+01  0.1104734D+02  0.6978531D+01  0.0000000D+00
  0.3332968D+02 -0.1972312D+02 -0.1373880D+02  0.0000000D+00
  0.4376478D+02  0.4366058D+02  0.3127099D+02  0.0000000D+00
  0.1740934D+03 -0.1025751D+03 -0.1025090D+03  0.0000000D+00
 -0.2662846D+03  0.3300663D+02 -0.7777831D+02  0.0000000D+00
  0.2202895D+03 -0.3513386D+03  0.3455769D+01  0.0000000D+00
 -0.5595650D+03  0.5342257D+03 -0.2849482D+01  0.0000000D+00
 -0.6652265D+03 -0.2786292D+03  0.2350233D+03  0.0000000D+00
 -0.1274184D+04 -0.6250433D+02  0.1830563D+03  0.0000000D+00
 -0.1035219D+04 -0.3415569D+02  0.1948606D+03  0.0000000D+00
 -0.8338378D+03 -0.1440445D+02  0.2032054D+03  0.0000000D+00
 -0.7480216D+03 -0.5866550D+01  0.2068078D+03  0.0000000D+00
 -0.3905804D+02 -0.6512853D+01  0.6442454D-01  0.0000000D+00
  0.1280677D+03  0.1509936D+01 -0.4093601D+01  0.0000000D+00
  0.1217091D+03  0.4059047D+01  0.6491810D+01  0.0000000D+00
 -0.7863405D+02 -0.3340604D+01 -0.9614902D+01  0.0000000D+00
  0.9675773D+02 -0.4732516D+01  0.2059246D+02  0.0000000D+00
  0.6662137D+02  0.2972937D+02 -0.6635487D+02  0.0000000D+00
  0.5850653D+02  0.2543421D+02  0.3770858D+02  0.0000000D+00
 -0.6617934D+02  0.3014935D+02  0.8709805D+01  0.0000000D+00
  0.3148982D+02 -0.1388386D+03  0.8337521D+01  0.0000000D+00
  0.5944391D+03  0.5917292D+02 -0.6238392D+02  0.0000000D+00
 -0.8708354D+02  0.3578057D+02  0.1447313D+01  0.0000000D+00
  0.4363437D+03 -0.4111882D+02 -0.3012947D+02  0.0000000D+00
  0.8318701D+03 -0.9838370D+02 -0.5377766D+02  0.0000000D+00
  0.1001742D+04 -0.1230056D+03 -0.6394093D+02  0.0000000D+00
 -0.1093310D+03 -0.5702641D+01 -0.7789386D-03  0.0000000D+00
 -0.1138855D+03  0.4818997D+01  0.4354030D+00  0.0000000D+00
  0.8848999D+02  0.2153912D+01 -0.2725811D+01  0.0000000D+00
  0.1008905D+02  0.5897367D+00  0.1088345D+01  0.0000000D+00
 -0.1137984D+03 -0.2813730D+01 -0.9353653D+01  0.0000000D+00
  0.5108438D+02  0.4875342D+01  0.3860883D+02  0.0000000D+00
 -0.6178203D+02 -0.3230414D+01  0.3039874D+02  0.0000000D+00
 -0.7725828D+02 -0.1886567D+02 -0.1399810D+02  0.0000000D+00
  0.2040017D+03 -0.4201690D+02 -0.4071134D+01  0.0000000D+00
 -0.2533229D+03 -0.1354934D+01 -0.1707141D+02  0.0000000D+00
  0.4903255D+03 -0.1694955D+02  0.1559808D+02  0.0000000D+00
  0.3888721D+02 -0.3439501D+02  0.3438995D+02  0.0000000D+00
 -0.3101808D+03 -0.4774919D+02  0.4844165D+02  0.0000000D+00
 -0.4598427D+03 -0.5347886D+02  0.5448161D+02  0.0000000D+00
 -0.3204606D+03  0.8866445D+03  0.1706248D+03  0.0000000D+00
  0.5884108D+03  0.9147080D+02  0.7057771D+03  0.0000000D+00
 -0.1101652D+04  0.1857953D+03 -0.5499275D+03  0.0000000D+00
  0.7058032D+03 -0.4516259D+03 -0.4489287D+03  0.0000000D+00
  0.3274563D+03  0.3549852D+03 -0.6851671D+02  0.0000000D+00
  0.3016377D+02 -0.6155306D+03 -0.1341791D+03  0.0000000D+00
  0.2031248D+03  0.2140255D+03 -0.8791596D+02  0.0000000D+00
  0.4541608D+02 -0.1067598D+04 -0.1253161D+03  0.0000000D+00
  0.2065322D+03  0.1707767D+03 -0.3762569D+03  0.0000000D+00
 -0.1160158D+04  0.2740648D+03  0.3643820D+03  0.0000000D+00
 -0.1209547D+04  0.3718169D+03 -0.2333834D+03  0.0000000D+00
 -0.1410915D+04 -0.5105628D+03 -0.3080930D+03  0.0000000D+00
 -0.1565009D+04 -0.1186472D+04 -0.3629364D+03  0.0000000D+00
 -0.1631127D+04 -0.1476472D+04 -0.3865451D+03  0.0000000D+00
 -0.7285474D+03  0.4368311D+03  0.5676463D+02  0.0000000D+00
  0.7170596D+03  0.3285758D+02  0.2729096D+03  0.0000000D+00
 -0.2057897D+04  0.3712501D+03 -0.4505043D+03  0.0000000D+00
  0.9450195D+03 -0.2668686D+03 -0.3711148D+03  0.0000000D+00
 -0.6179782D+03 -0.4282262D+03 -0.1215337D+03  0.0000000D+00
  0.1558259D+03  0.5143636D+03 -0.2439189D+03  0.0000000D+00
 -0.3788147D+02  0.2370941D+03 -0.1382015D+03  0.0000000D+00
 -0.7411152D+02  0.8461652D+03 -0.1029327D+03  0.0000000D+00
 -0.3211554D+03  0.1143139D+04 -0.2878687D+03  0.0000000D+00
 -0.1268314D+04  0.4100526D+03  0.1735132D+03  0.0000000D+00
 -0.3142135D+04  0.1698911D+03 -0.1931288D+03  0.0000000D+00
 -0.2477206D+04  0.1229470D+03  0.6694097D+02  0.0000000D+00
 -0.1955039D+04  0.9556780D+02  0.2733698D+03  0.0000000D+00
 -0.1731416D+04  0.8354650D+02  0.3617069D+03  0.0000000D+00
  0.1576329D+03  0.3980416D+02 -0.2201966D+03  0.0000000D+00
 -0.4583478D+03  0.4023712D+03 -0.2001021D+03  0.0000000D+00
  0.4415964D+03 -0.5219429D+03 -0.1911619D+03  0.0000000D+00
  0.9340918D+02 -0.3013914D+03  0.1379669D+03  0.0000000D+00
  0.3288074D+03 -0.2232988D+03  0.4027132D+02  0.0000000D+00
 -0.1002783D+03  0.3415361D+03 -0.2193656D+03  0.0000000D+00
  0.3010087D+03 -0.9735201D+02 -0.9247458D+02  0.0000000D+00
 -0.2420847D+03 -0.2962017D+03  0.1967402D+03  0.0000000D+00
  0.5596802D+03  0.4297582D+03 -0.2189120D+03  0.0000000D+00
 -0.1034558D+04 -0.7052493D+03  0.5791617D+03  0.0000000D+00
  0.1400667D+04 -0.1799213D+02 -0.2670664D+03  0.0000000D+00
  0.9909209D+03  0.1779886D+03 -0.3272668D+03  0.0000000D+00
  0.6749659D+03  0.3372749D+03 -0.3757479D+03  0.0000000D+00
  0.5394793D+03  0.4053266D+03 -0.3964757D+03  0.0000000D+00
  0.8242037D+02  0.1048378D+01  0.1255702D+01  0.0000000D+00
 -0.1030556D+03 -0.5778049D+01 -0.3590035D+01  0.0000000D+00
  0.4331604D+01  0.8421761D+01  0.7575996D+01  0.0000000D+00
  0.3444686D+02 -0.1337311D+02 -0.1587273D+02  0.0000000D+00
  0.3414384D+02  0.2487943D+02  0.3360162D+02  0.0000000D+00
  0.9016550D+02 -0.5341338D+02 -0.9951396D+02  0.0000000D+00
 -0.9836301D+02  0.7203296D+02 -0.3399747D+01  0.0000000D+00
  0.4114355D+03 -0.2439232D+03 -0.9703170D+02  0.0000000D+00
 -0.4236691D+03  0.1803556D+03 -0.6704996D+02  0.0000000D+00
  0.9744592D+03  0.1729262D+02 -0.1500501D+03  0.0000000D+00
 -0.1447704D+04 -0.2513216D+03  0.1791991D+02  0.0000000D+00
 -0.2502653D+03 -0.2599911D+03  0.3514127D+03  0.0000000D+00
  0.6782379D+03 -0.2673551D+03  0.6094248D+03  0.0000000D+00
  0.1076247D+04 -0.2704921D+03  0.7200443D+03  0.0000000D+00
  0.1804819D+02  0.1638244D+01  0.7297858D+00  0.0000000D+00
 -0.1768938D+03 -0.5369304D+01 -0.2615996D+01  0.0000000D+00
  0.1383493D+03  0.3337294D+01  0.7479367D+01  0.0000000D+00
 -0.1004072D+03 -0.2211082D+01 -0.1164572D+02  0.0000000D+00
  0.2006919D+03  0.4302983D+01  0.1455887D+02  0.0000000D+00
 -0.4059628D+02 -0.2372189D+02  0.1415832D+01  0.0000000D+00
  0.1151830D+03  0.1083437D+03  0.1933268D+03  0.0000000D+00
 -0.1742319D+03  0.6343341D+02  0.1721578D+03  0.0000000D+00
 -0.1110460D+03  0.3282577D+03 -0.5243328D+02  0.0000000D+00
 -0.4268661D+03 -0.2391485D+03  0.1329850D+03  0.0000000D+00
  0.1462358D+03 -0.7909475D+02 -0.3180035D+03  0.0000000D+00
 -0.1454960D+03 -0.1675131D+03 -0.9381936D+02  0.0000000D+00
 -0.3722431D+03 -0.2366143D+03  0.7962059D+02  0.0000000D+00
 -0.4694223D+03 -0.2662184D+03  0.1539793D+03  0.0000000D+00
 -0.3684089D+02  0.4888400D+01 -0.1024732D+01  0.0000000D+00
  0.9859751D+02 -0.6723614D+00  0.3216100D+01  0.0000000D+00
  0.8624213D+02 -0.2877759D+01 -0.6582106D+01  0.0000000D+00
 -0.6127674D+02  0.3392526D+01  0.1107185D+02  0.0000000D+00
  0.1099925D+03  0.4521033D+00 -0.2437954D+02  0.0000000D+00
 -0.1673086D+03 -0.1638178D+02  0.7452684D+02  0.0000000D+00
 -0.4041000D+02  0.2305156D+02  0.3814323D+02  0.0000000D+00
 -0.1330541D+03  0.7590999D+01  0.1075292D+03  0.0000000D+00
  0.5929482D+02 -0.2392512D+03  0.3144103D+02  0.0000000D+00
  0.1047917D+03  0.1340694D+03 -0.8325232D+02  0.0000000D+00
  0.3175538D+02  0.8669786D+02  0.4755675D+02  0.0000000D+00
 -0.2535161D+03  0.1689789D+03  0.5939403D+02  0.0000000D+00
 -0.4764725D+03  0.2338897D+03  0.6979524D+02  0.0000000D+00
 -0.5719909D+03  0.2616797D+03  0.7421572D+02  0.0000000D+00
 -0.5707075D+02 -0.2433356D+01  0.3471660D+00  0.0000000D+00
  0.1474720D+03  0.5716567D+01 -0.3778649D+01  0.0000000D+00
 -0.9622799D+02 -0.7702366D+01  0.4345386D+01  0.0000000D+00
 -0.4576898D+02  0.6196593D+01 -0.6440473D+01  0.0000000D+00
  0.7430091D+02 -0.1308525D+02  0.1332414D+02  0.0000000D+00
  0.1339730D+03  0.4067640D+02 -0.1546392D+02  0.0000000D+00
 -0.3233081D+01 -0.1300667D+03  0.1026750D+03  0.0000000D+00
  0.3280753D+03 -0.6810006D+02  0.3705354D+02  0.0000000D+00
 -0.3886512D+03 -0.2045596D+03  0.2140933D+03  0.0000000D+00
  0.1171450D+04 -0.9860611D+02 -0.1509587D+03  0.0000000D+00
 -0.8922566D+03  0.5852708D+02  0.1335375D+03  0.0000000D+00
 -0.1004052D+04  0.1322317D+03 -0.2398799D+02  0.0000000D+00
 -0.1086921D+04  0.1920769D+03 -0.1475821D+03  0.0000000D+00
 -0.1122571D+04  0.2176456D+03 -0.2005160D+03  0.0000000D+00
 -0.1595569D+02 -0.3565219D+01  0.3913346D+00  0.0000000D+00
 -0.1174402D+03 -0.9034907D+00 -0.2019896D+01  0.0000000D+00
 -0.2923887D+02  0.8001158D+00  0.2664297D+01  0.0000000D+00
 -0.4636801D+02 -0.1643612D+01 -0.3021595D+01  0.0000000D+00
  0.4764716D+02 -0.9569197D+01  0.5696232D+01  0.0000000D+00
 -0.2332647D+03  0.3462427D+02 -0.7712835D+01  0.0000000D+00
  0.7148659D+02  0.2172960D+02 -0.3117036D+01  0.0000000D+00
 -0.3235606D+03 -0.3427540D+02  0.1028289D+03  0.0000000D+00
  0.4074427D+03  0.6961897D+02  0.1601059D+02  0.0000000D+00
 -0.8656256D+03  0.9182954D+01  0.8704520D+02  0.0000000D+00
  0.9648674D+03  0.3374858D+02  0.2344858D+02  0.0000000D+00
  0.5466135D+03 -0.8145997D+02  0.7965526D+01  0.0000000D+00
  0.2208975D+03 -0.1685485D+03 -0.3819981D+01  0.0000000D+00
  0.8132457D+02 -0.2059510D+03 -0.8879188D+01  0.0000000D+00
  0.6683336D+02  0.1673839D+01  0.1904537D+00  0.0000000D+00
 -0.3354434D+02  0.7881982D+01 -0.4656828D+00  0.0000000D+00
  0.4181777D+02 -0.8541017D+01  0.1664380D+00  0.0000000D+00
 -0.2976922D+02  0.1250905D+02 -0.3566299D+01  0.0000000D+00
  0.5633212D+02 -0.1844109D+02  0.8734464D+01  0.0000000D+00
  0.5567967D+02  0.2472391D+02 -0.3869154D+02  0.0000000D+00
  0.5589451D+02 -0.1001010D+03  0.7169525D-01  0.0000000D+00
  0.4649880D+02 -0.4168754D+02 -0.2163964D+02  0.0000000D+00
  0.2351144D+03 -0.1090029D+03 -0.6334225D+01  0.0000000D+00
 -0.9887324D+02  0.9346461D+02 -0.3936456D+02  0.0000000D+00
 -0.3043822D+03 -0.9992119D+02  0.1236785D+02  0.0000000D+00
 -0.9059784D+03  0.3453006D+02 -0.1380244D+02  0.0000000D+00
 -0.1374738D+04  0.1373421D+03 -0.3308310D+02  0.0000000D+00
 -0.1575608D+04  0.1814590D+03 -0.4137972D+02  0.0000000D+00
 -0.3579864D+02  0.3723200D+03  0.5278581D+02  0.0000000D+00
  0.6100865D+03  0.6205440D+03 -0.2087483D+03  0.0000000D+00
  0.5064970D+03  0.2769322D+03 -0.7714699D+02  0.0000000D+00
 -0.3727007D+03  0.2450858D+03 -0.1101281D+02  0.0000000D+00
  0.9745917D+03  0.2377136D+03 -0.1089891D+02  0.0000000D+00
 -0.3302493D+03 -0.2620216D+03  0.1165865D+03  0.0000000D+00
  0.3116126D+03  0.3024463D+02 -0.5379968D+02  0.0000000D+00
 -0.4363429D+02 -0.1439777D+02  0.5667353D+02  0.0000000D+00
  0.2119883D+03 -0.2853992D+03  0.7819457D+00  0.0000000D+00
  0.1041775D+04  0.2191424D+03  0.3612417D+02  0.0000000D+00
  0.1106888D+04 -0.3572109D+03 -0.2816324D+02  0.0000000D+00
  0.8762858D+03 -0.3002596D+03 -0.3083063D+02  0.0000000D+00
  0.6958445D+03 -0.2551348D+03 -0.3224964D+02  0.0000000D+00
  0.6185473D+03 -0.2358235D+03 -0.3287859D+02  0.0000000D+00
 -0.4502860D+03  0.3054172D+03  0.1037122D+03  0.0000000D+00
  0.6343773D+03  0.2842582D+03 -0.1805085D+03  0.0000000D+00
  0.6413011D+03  0.4946103D+02 -0.1356423D+03  0.0000000D+00
 -0.6494022D+02  0.1187054D+03  0.1228112D+03  0.0000000D+00
  0.8075154D+03 -0.2361147D+03 -0.7555622D+02  0.0000000D+00
  0.5497006D+02 -0.1759935D+03  0.1734334D+03  0.0000000D+00
  0.4586674D+03 -0.1833095D+03 -0.2244440D+01  0.0000000D+00
  0.3661027D+03 -0.1992062D+03  0.1044692D+03  0.0000000D+00
  0.5577277D+03 -0.1119220D+03  0.3801060D+02  0.0000000D+00
 -0.1366622D+03  0.2867860D+03  0.1074820D+03  0.0000000D+00
  0.3535319D+03 -0.2304788D+03 -0.4052102D+02  0.0000000D+00
  0.2545927D+03 -0.2880209D+03 -0.4601364D+02  0.0000000D+00
  0.1728739D+03 -0.3315068D+03 -0.5001046D+02  0.0000000D+00
  0.1380028D+03 -0.3501848D+03 -0.5173243D+02  0.0000000D+00
  0.4394449D+03 -0.1579223D+03  0.2163428D+02  0.0000000D+00
  0.1900611D+03  0.6115986D+02  0.1144281D+03  0.0000000D+00
  0.2235708D+02  0.1652751D+03 -0.5503388D+02  0.0000000D+00
 -0.4592299D+03 -0.1022083D+03 -0.2026622D+03  0.0000000D+00
 -0.2015482D+03 -0.1624173D+03  0.3172733D+02  0.0000000D+00
  0.9222877D+02  0.6696470D+02 -0.1808102D+03  0.0000000D+00
 -0.1113942D+03 -0.2335247D+02 -0.3456529D+02  0.0000000D+00
  0.1244761D+03  0.6238568D+02 -0.6616648D+02  0.0000000D+00
 -0.3668307D+03 -0.1328454D+03  0.2124232D+02  0.0000000D+00
  0.7670625D+03  0.2514809D+03  0.1351581D+03  0.0000000D+00
 -0.4831843D+03 -0.3903205D+03 -0.2105322D+03  0.0000000D+00
 -0.1771595D+03 -0.5675431D+03  0.5284506D+02  0.0000000D+00
  0.7036872D+02 -0.7066122D+03  0.2562718D+03  0.0000000D+00
  0.1761492D+03 -0.7661762D+03  0.3434977D+03  0.0000000D+00
 -0.1973998D+02  0.2420425D+01 -0.4353826D+00  0.0000000D+00
 -0.7680254D+02 -0.5901464D+01 -0.3121340D-01  0.0000000D+00
  0.2959800D+02  0.1058480D+02 -0.3536494D+00  0.0000000D+00
  0.2579042D+02 -0.1742334D+02 -0.4239296D+00  0.0000000D+00
  0.2635221D+02  0.2027473D+02  0.1045609D+01  0.0000000D+00
  0.6859915D+02 -0.2814177D+02 -0.7541277D+01  0.0000000D+00
  0.2727116D+02  0.9272752D+02  0.1038611D+01  0.0000000D+00
 -0.7777144D+02  0.9329640D+02 -0.5665956D+02  0.0000000D+00
  0.3508929D+02  0.6974056D+02  0.1085830D+02  0.0000000D+00
 -0.2094137D+02 -0.4367867D+02 -0.6909310D+02  0.0000000D+00
  0.1261438D+03  0.1042122D+02  0.7891363D+02  0.0000000D+00
 -0.2203763D+03  0.2033125D+03 -0.1131534D+02  0.0000000D+00
 -0.4985589D+03  0.3515898D+03 -0.8181636D+02  0.0000000D+00
 -0.6175066D+03  0.4151920D+03 -0.1120202D+03  0.0000000D+00
 -0.3409110D+02 -0.5892612D+00  0.5069362D+00  0.0000000D+00
 -0.5399402D+02  0.5171315D+00 -0.3105336D+01  0.0000000D+00
  0.8135759D+02 -0.8316257D+01  0.5964334D+01  0.0000000D+00
 -0.2710000D+01  0.9570133D+01 -0.1032423D+02  0.0000000D+00
  0.1331186D+02 -0.9626960D+01  0.2230094D+02  0.0000000D+00
 -0.1294838D+02 -0.1680507D+01 -0.8031949D+02  0.0000000D+00
  0.1227302D+01 -0.4781272D+02  0.5784602D+02  0.0000000D+00
  0.4288335D+02  0.8971369D+02  0.1586135D+02  0.0000000D+00
 -0.3188565D+03  0.3240565D+02  0.2281949D+02  0.0000000D+00
  0.3201413D+03 -0.4230963D+02  0.3589463D+02  0.0000000D+00
 -0.1758796D+04  0.1116209D+03  0.1483688D+02  0.0000000D+00
 -0.4926272D+03  0.2545007D+02  0.5146393D+02  0.0000000D+00
  0.4954901D+03 -0.4067365D+02  0.7963588D+02  0.0000000D+00
  0.9188555D+03 -0.6904014D+02  0.9171939D+02  0.0000000D+00
  0.7074113D+02 -0.3038204D+01  0.2405386D+00  0.0000000D+00
  0.1251529D+03 -0.5206369D+00 -0.6992243D+00  0.0000000D+00
 -0.5355573D+02  0.3519297D+01  0.1162729D+01  0.0000000D+00
  0.1418907D+03 -0.3640479D+01 -0.2639218D+01  0.0000000D+00
 -0.3060680D+02  0.1241183D+02  0.1862443D+01  0.0000000D+00
 -0.8869412D+02 -0.2201212D+02 -0.1540994D+02  0.0000000D+00
 -0.2039256D+03  0.8284741D+02 -0.4391325D+02  0.0000000D+00
  0.1126319D+00  0.3440105D+01  0.2289626D+02  0.0000000D+00
 -0.2622329D+03 -0.1361862D+02 -0.5674320D+02  0.0000000D+00
  0.1453581D+03  0.2793922D+02 -0.1463659D+02  0.0000000D+00
 -0.2965836D+03 -0.1648972D+02 -0.1030230D+02  0.0000000D+00
  0.5287930D+02  0.9603635D+02 -0.5816710D+02  0.0000000D+00
  0.3249846D+03  0.1824775D+03 -0.9536508D+02  0.0000000D+00
  0.4415890D+03  0.2195574D+03 -0.1113079D+03  0.0000000D+00
  0.7168255D+02  0.3330619D+01 -0.5577544D-01  0.0000000D+00
  0.4327205D+02  0.6294820D+01  0.8049100D+00  0.0000000D+00
 -0.8039165D+02  0.1770830D+01 -0.1203935D+01  0.0000000D+00
 -0.1767932D+02  0.4894434D+01  0.2643193D+01  0.0000000D+00
 -0.5873450D+02 -0.1107953D+02 -0.1036468D+02  0.0000000D+00
 -0.3850138D+02  0.2750683D+02  0.3290969D+02  0.0000000D+00
 -0.2113315D+02 -0.4068456D+02 -0.3088280D+02  0.0000000D+00
  0.1902500D+02 -0.5724945D+02  0.2666615D+02  0.0000000D+00
 -0.3262021D+03  0.8853546D+02 -0.2057642D+02  0.0000000D+00
  0.1988802D+03 -0.2718147D+02 -0.1694073D+02  0.0000000D+00
 -0.9694773D+03  0.6552219D+02  0.2659100D+02  0.0000000D+00
 -0.5038901D+03  0.1408312D+03 -0.2844151D+02  0.0000000D+00
 -0.1427170D+03  0.2017517D+03 -0.7118214D+02  0.0000000D+00
  0.1209674D+02  0.2277866D+03 -0.8950123D+02  0.0000000D+00
 -0.8498746D+02  0.6823711D+00  0.1614043D+00  0.0000000D+00
 -0.9884387D+02  0.4113339D+01 -0.3152542D+00  0.0000000D+00
  0.3714154D+02 -0.2669277D+01  0.1409313D+01  0.0000000D+00
 -0.1472287D+03  0.1410105D+01 -0.2358365D+01  0.0000000D+00
 -0.6118132D+02  0.1481225D+00 -0.1849786D+01  0.0000000D+00
 -0.6266910D+02 -0.1106729D+02  0.2054191D+02  0.0000000D+00
 -0.5032473D+02 -0.2203146D+02  0.1586140D+02  0.0000000D+00
  0.4016326D+02 -0.4322132D+02  0.4863417D+01  0.0000000D+00
 -0.1307598D+02  0.1253543D+02 -0.2050475D+02  0.0000000D+00
 -0.4162120D+02 -0.4506707D+02  0.1839030D+02  0.0000000D+00
  0.1659817D+03 -0.2692482D+02 -0.4854193D+01  0.0000000D+00
  0.2480720D+03 -0.7430407D+02 -0.4986186D+02  0.0000000D+00
  0.3150374D+03 -0.1117165D+03 -0.8514185D+02  0.0000000D+00
  0.3436392D+03 -0.1277325D+03 -0.1002532D+03  0.0000000D+00
 -0.3899681D+02  0.1138997D+01 -0.1547709D+00  0.0000000D+00
 -0.2581898D+02 -0.3958682D+01  0.2284364D+01  0.0000000D+00
  0.5013376D+02  0.4528745D+01 -0.3783186D+01  0.0000000D+00
  0.5674984D+01 -0.8021872D+01  0.6668387D+01  0.0000000D+00
 -0.4898037D+02  0.7422570D+01 -0.8701520D+01  0.0000000D+00
  0.1974948D+02 -0.1437491D+02  0.1641909D+02  0.0000000D+00
 -0.1028146D+03  0.2843220D+02 -0.1490654D+02  0.0000000D+00
  0.1847156D+03  0.3629107D+01  0.1661136D+01  0.0000000D+00
 -0.2469441D+03 -0.1922528D+02  0.1030092D+02  0.0000000D+00
  0.3825897D+03 -0.1658113D+02  0.2113692D+01  0.0000000D+00
 -0.5539518D+03 -0.9079530D+02 -0.7130528D+01  0.0000000D+00
 -0.1395828D+02  0.7135649D+02 -0.2067786D+02  0.0000000D+00
  0.4101891D+03  0.1953283D+03 -0.3110613D+02  0.0000000D+00
  0.5918317D+03  0.2485261D+03 -0.3557872D+02  0.0000000D+00
  0.2826256D+03 -0.2591768D+03  0.9182010D+02  0.0000000D+00
 -0.2022559D+03 -0.1747398D+03  0.1978272D+03  0.0000000D+00
 -0.6951771D+02 -0.4748867D+03 -0.5406165D+02  0.0000000D+00
  0.7043806D+01 -0.4967110D+02 -0.1431485D+03  0.0000000D+00
 -0.8235127D+03 -0.2712104D+03  0.1238939D+03  0.0000000D+00
  0.8042334D+02  0.9285381D+02 -0.9337073D+02  0.0000000D+00
 -0.1032978D+03 -0.8635985D+01  0.5018311D+02  0.0000000D+00
 -0.3791617D+02 -0.1290630D+03  0.1097953D+02  0.0000000D+00
  0.5281629D+03  0.4761928D+02 -0.1018222D+03  0.0000000D+00
 -0.1945465D+02 -0.1788727D+03  0.1400904D+03  0.0000000D+00
  0.1928555D+04  0.4759792D+03 -0.3418784D+02  0.0000000D+00
 -0.5916887D+03  0.1510750D+04 -0.9570429D+02  0.0000000D+00
 -0.2558144D+04  0.2311145D+04 -0.1443702D+03  0.0000000D+00
 -0.3400702D+04  0.2654310D+04 -0.1652016D+03  0.0000000D+00
  0.4711095D+03 -0.1767821D+03  0.1147950D+03  0.0000000D+00
 -0.2213664D+03  0.7862737D+02  0.7395887D+02  0.0000000D+00
 -0.1407958D+03 -0.2494236D+03 -0.2564350D+01  0.0000000D+00
  0.2072278D+03 -0.1040759D+03 -0.2419806D+03  0.0000000D+00
 -0.7980008D+03  0.1187816D+03  0.1059724D+03  0.0000000D+00
  0.9009737D+02 -0.9021120D+02 -0.5502636D+02  0.0000000D+00
 -0.8134842D+02  0.8248627D+02 -0.9695943D+01  0.0000000D+00
 -0.1581271D+03 -0.5257237D+02  0.6687285D+02  0.0000000D+00
 -0.7924791D+02  0.2008388D+03 -0.1330307D+02  0.0000000D+00
  0.2854138D+03  0.4569801D+02  0.9297835D+02  0.0000000D+00
 -0.1270475D+04  0.4893941D+03 -0.1675571D+03  0.0000000D+00
 -0.2362231D+04  0.3037957D+03 -0.3979008D+02  0.0000000D+00
 -0.3206955D+04  0.1585996D+03  0.6041541D+02  0.0000000D+00
 -0.3569120D+04  0.9640139D+02  0.1033334D+03  0.0000000D+00
 -0.3531990D+02 -0.8190904D+02 -0.2215612D+02  0.0000000D+00
 -0.1918526D+03 -0.1637175D+03  0.4290644D+02  0.0000000D+00
  0.1581064D+03  0.1213193D+03 -0.2020173D+03  0.0000000D+00
  0.1773687D+03 -0.1460492D+03  0.1952792D+02  0.0000000D+00
  0.1344453D+03  0.2692818D+03 -0.4061711D+02  0.0000000D+00
 -0.1731709D+03 -0.1497800D+03  0.1466996D+03  0.0000000D+00
  0.3240732D+03  0.6851550D+02  0.2661536D+02  0.0000000D+00
 -0.3956459D+03 -0.3867010D+02 -0.1204213D+01  0.0000000D+00
  0.9702095D+03 -0.1030398D+03  0.3972337D+01  0.0000000D+00
 -0.8402608D+03 -0.3150883D+03  0.1298025D+03  0.0000000D+00
  0.3535698D+04  0.7835666D+03 -0.1372426D+03  0.0000000D+00
  0.8411356D+03  0.1178481D+03 -0.1951558D+03  0.0000000D+00
 -0.1266117D+04 -0.4026014D+03 -0.2398261D+03  0.0000000D+00
 -0.2168845D+04 -0.6255625D+03 -0.2589831D+03  0.0000000D+00
  0.4347393D+02 -0.4345342D+01 -0.1983495D+00  0.0000000D+00
  0.1238297D+02  0.1344125D+01 -0.1271829D+00  0.0000000D+00
 -0.8366594D+02  0.1611174D+01  0.9348407D+00  0.0000000D+00
  0.8673197D+02 -0.6604630D+01 -0.2887187D+01  0.0000000D+00
 -0.1488692D+03  0.1262464D+02  0.3012815D+01  0.0000000D+00
  0.1952722D+02 -0.2948757D+02  0.4026054D+01  0.0000000D+00
 -0.1535460D+03  0.4757008D+02  0.6471961D+02  0.0000000D+00
  0.2533349D+03 -0.2142963D+03 -0.1238370D+02  0.0000000D+00
 -0.4742465D+03  0.1101894D+03  0.8061503D+02  0.0000000D+00
  0.8205584D+03 -0.3575162D+02 -0.8940654D+02  0.0000000D+00
 -0.1302039D+04 -0.7839521D+02 -0.7761994D+01  0.0000000D+00
 -0.3596925D+03  0.1324592D+03 -0.2491217D+01  0.0000000D+00
  0.3776391D+03  0.2966241D+03  0.2970422D+01  0.0000000D+00
  0.6934910D+03  0.3669749D+03  0.5268573D+01  0.0000000D+00
  0.3323090D+02 -0.2575162D+01 -0.6685837D+00  0.0000000D+00
 -0.9088559D+01 -0.4304702D+01  0.3069215D+01  0.0000000D+00
  0.3006332D+02  0.1564088D+01 -0.5053082D+01  0.0000000D+00
 -0.1045613D+03 -0.8800683D+00  0.8614866D+01  0.0000000D+00
  0.1204283D+03 -0.7206216D+01 -0.1639207D+02  0.0000000D+00
 -0.1412270D+03  0.1498357D+02  0.2730296D+02  0.0000000D+00
  0.3613007D+01 -0.3842695D+01 -0.8311491D+02  0.0000000D+00
 -0.1607336D+03  0.6148288D+02 -0.4448780D+02  0.0000000D+00
  0.2973898D+03  0.1867518D+02 -0.7499422D+02  0.0000000D+00
 -0.2824395D+03 -0.1687543D+03 -0.3939523D+02  0.0000000D+00
  0.9239267D+03  0.3470193D+02 -0.1127903D+03  0.0000000D+00
  0.4897144D+02  0.2774237D+01 -0.3344303D+02  0.0000000D+00
 -0.6375278D+03 -0.2067998D+02  0.2957428D+02  0.0000000D+00
 -0.9315478D+03 -0.3077469D+02  0.5654031D+02  0.0000000D+00
 -0.6296102D+02 -0.2547843D+01 -0.1038247D+00  0.0000000D+00
 -0.1945981D+01  0.4543492D+01  0.1668575D+01  0.0000000D+00
  0.1031451D+02 -0.1437637D+01 -0.1339428D+01  0.0000000D+00
  0.1811412D+02  0.4791580D+01  0.7748422D+00  0.0000000D+00
  0.5469020D+02 -0.1612618D+02 -0.7078160D+00  0.0000000D+00
  0.5921730D+02  0.1140276D+02 -0.5941274D+01  0.0000000D+00
 -0.1190849D+02 -0.7690999D+02 -0.1551729D+02  0.0000000D+00
  0.2337053D+03  0.1093850D+03  0.5072588D+01  0.0000000D+00
 -0.1629178D+03 -0.5372502D+02  0.3427221D+02  0.0000000D+00
  0.3551754D+03  0.1682789D+02 -0.4081739D+02  0.0000000D+00
 -0.4573113D+03  0.5193409D+02  0.3596099D+02  0.0000000D+00
  0.2025023D+03  0.5841973D+02  0.5634583D+01  0.0000000D+00
  0.7149263D+03  0.6378917D+02 -0.1763250D+02  0.0000000D+00
  0.9345561D+03  0.6608028D+02 -0.2761388D+02  0.0000000D+00
 -0.5527583D+02 -0.4494125D+00 -0.3774914D+00  0.0000000D+00
  0.2474452D+02  0.1004639D+01  0.1450605D+01  0.0000000D+00
 -0.3675844D+02 -0.1786996D+01 -0.5944404D+01  0.0000000D+00
  0.4298963D+02  0.1778314D+01  0.6401613D+01  0.0000000D+00
  0.8696979D+02 -0.2253487D+01 -0.1160471D+02  0.0000000D+00
 -0.5827990D+01  0.5873852D+01  0.1729486D+02  0.0000000D+00
 -0.8416151D+02 -0.2541435D+02 -0.9322567D+02  0.0000000D+00
  0.4064034D+02  0.9242082D+01 -0.9675084D+01  0.0000000D+00
 -0.7909267D+02 -0.4068512D+02  0.2159638D+02  0.0000000D+00
  0.2899845D+03 -0.1354050D+02 -0.3640942D+02  0.0000000D+00
  0.5267004D+02  0.6488056D+02  0.9933847D+02  0.0000000D+00
  0.2416536D+03  0.2963422D+02  0.1512424D+02  0.0000000D+00
  0.3864608D+03  0.1306766D+01 -0.4902897D+02  0.0000000D+00
  0.4485883D+03 -0.1080461D+02 -0.7656499D+02  0.0000000D+00
  0.8638526D+01  0.1392817D+01  0.5711095D+00  0.0000000D+00
  0.5915261D+02 -0.6305246D+01 -0.1061868D+01  0.0000000D+00
  0.1711679D+02 -0.8733204D+00 -0.1513630D+01  0.0000000D+00
 -0.6482463D+02  0.2274077D+01  0.4955758D+01  0.0000000D+00
  0.1175676D+03 -0.4578211D+01 -0.7230664D+01  0.0000000D+00
  0.1012187D+02  0.3055224D+02  0.7705277D+01  0.0000000D+00
  0.1799501D+00 -0.8801110D+01 -0.4126905D+02  0.0000000D+00
  0.6076940D+02  0.6933866D+02  0.6063895D+02  0.0000000D+00
 -0.5911483D+02 -0.7075609D+01 -0.6870265D+02  0.0000000D+00
 -0.1333146D+03 -0.2198208D+02  0.5922488D+02  0.0000000D+00
  0.1489734D+02  0.7663649D+01 -0.3757350D+02  0.0000000D+00
 -0.1656968D+03  0.4861467D+02 -0.3125090D+01  0.0000000D+00
 -0.3027377D+03  0.7985939D+02  0.2306937D+02  0.0000000D+00
 -0.3615762D+03  0.9326886D+02  0.3431395D+02  0.0000000D+00
 -0.3151881D+01  0.2373407D+01 -0.4480215D+00  0.0000000D+00
 -0.5451915D+01  0.3801203D+01  0.3369000D+01  0.0000000D+00
  0.7133253D+02  0.3643384D+01 -0.5702886D+01  0.0000000D+00
 -0.4745976D+02 -0.1811513D+01  0.7665149D+01  0.0000000D+00
  0.4902287D+02  0.3474176D+01 -0.1222059D+02  0.0000000D+00
 -0.5008167D+02 -0.2381885D+01  0.2675828D+02  0.0000000D+00
 -0.3176199D+02 -0.7785802D+01 -0.4127016D+02  0.0000000D+00
  0.2217702D+02  0.5186996D+02 -0.3420517D+02  0.0000000D+00
 -0.9266737D+02  0.2289601D+02  0.4159063D+01  0.0000000D+00
  0.1613867D+03 -0.1105055D+02 -0.4780325D+02  0.0000000D+00
 -0.4224979D+03 -0.1657720D+02  0.2555220D+02  0.0000000D+00
 -0.2775772D+03 -0.2435448D+02 -0.1758428D+02  0.0000000D+00
 -0.1668860D+03 -0.3093322D+02 -0.4993891D+02  0.0000000D+00
 -0.1193858D+03 -0.3373601D+02 -0.6384246D+02  0.0000000D+00
  0.2143838D+03 -0.3458665D+02  0.3858402D+02  0.0000000D+00
 -0.3268104D+01  0.1613346D+03 -0.8263065D+02  0.0000000D+00
 -0.1374980D+03 -0.5328772D+02 -0.2654157D+03  0.0000000D+00
  0.3778357D+03  0.1386443D+03  0.6203412D+02  0.0000000D+00
 -0.4902016D+03 -0.1286851D+03 -0.1131417D+03  0.0000000D+00
  0.1008632D+03  0.7894940D+02 -0.2058509D+02  0.0000000D+00
 -0.1157394D+03 -0.6730985D+02  0.1319312D+02  0.0000000D+00
 -0.5432107D+02  0.1543409D+02  0.9437443D+01  0.0000000D+00
 -0.8810575D+02 -0.6555512D+02  0.1573238D+01  0.0000000D+00
  0.3825900D+03  0.1029171D+03  0.4690922D+01  0.0000000D+00
  0.3128675D+03 -0.2357104D+02 -0.9296473D+01  0.0000000D+00
  0.4325853D+03  0.5908717D+03 -0.7706642D+02  0.0000000D+00
  0.5283833D+03  0.1068390D+04 -0.1297479D+03  0.0000000D+00
  0.5693548D+03  0.1273051D+04 -0.1523265D+03  0.0000000D+00
  0.2189903D+03 -0.1475077D+03  0.6030864D+02  0.0000000D+00
 -0.4006589D+02  0.2976914D+03 -0.7136236D+02  0.0000000D+00
 -0.4529090D+02 -0.8890253D+02 -0.2237288D+03  0.0000000D+00
  0.2428893D+03  0.1079652D+03  0.1317518D+03  0.0000000D+00
 -0.6095316D+03 -0.9231763D+02 -0.1334146D+02  0.0000000D+00
  0.1720176D+03  0.6292302D+02 -0.4663622D+02  0.0000000D+00
 -0.1230974D+03  0.2921839D+02  0.6811520D+01  0.0000000D+00
  0.3779398D+02  0.6540044D+02 -0.4298832D+02  0.0000000D+00
  0.6635544D+02  0.4675230D+02 -0.3812208D+01  0.0000000D+00
  0.2639840D+03 -0.1148114D+03 -0.3929550D+02  0.0000000D+00
  0.7997601D+03  0.3863041D+03 -0.3042046D+01  0.0000000D+00
  0.1049752D+04  0.3116596D+03 -0.4720912D+02  0.0000000D+00
  0.1245368D+04  0.2514266D+03 -0.8217091D+02  0.0000000D+00
  0.1329167D+04  0.2256824D+03 -0.9713516D+02  0.0000000D+00
  0.8490656D+02  0.9168877D+02 -0.7060056D+02  0.0000000D+00
 -0.2093758D+03  0.2785465D+02  0.1177365D+03  0.0000000D+00
  0.7400504D+02  0.2642605D+02 -0.2663212D+02  0.0000000D+00
  0.6331318D+01  0.6207945D+02 -0.8034868D+01  0.0000000D+00
 -0.2284079D+03 -0.2609283D+03  0.9701801D+02  0.0000000D+00
  0.7416256D+02  0.5167629D+02  0.1880821D+02  0.0000000D+00
 -0.5708470D+02  0.1821591D+02 -0.1862376D+02  0.0000000D+00
  0.5570405D+02  0.5008485D+02 -0.8453446D+01  0.0000000D+00
 -0.5102307D+01 -0.2003156D+02  0.4774454D+01  0.0000000D+00
  0.2211591D+03  0.2871874D+02  0.2291964D+02  0.0000000D+00
 -0.5139226D+02 -0.7212981D+02 -0.7596748D+02  0.0000000D+00
  0.3815725D+03 -0.4711624D+03 -0.3197715D+02  0.0000000D+00
  0.7193913D+03 -0.7817637D+03  0.1807230D+01  0.0000000D+00
  0.8641355D+03 -0.9148703D+03  0.1629938D+02  0.0000000D+00
  0.2488455D+02 -0.5083303D+01  0.7366983D+00  0.0000000D+00
  0.7537339D+02 -0.1649803D+01 -0.1655234D+01  0.0000000D+00
 -0.3337157D+02 -0.5207421D+01  0.2416784D+01  0.0000000D+00
  0.1200257D+02  0.9803669D+00 -0.1638885D+01  0.0000000D+00
 -0.5274043D+02 -0.4133255D+01 -0.2908399D+01  0.0000000D+00
  0.5017630D+02  0.9404189D+01  0.1689989D+02  0.0000000D+00
 -0.4763246D+01  0.1347186D+02 -0.2622868D+02  0.0000000D+00
  0.5487838D+02 -0.1022520D+03  0.6422509D+01  0.0000000D+00
 -0.1264095D+03  0.1507568D+03  0.1087214D+01  0.0000000D+00
  0.1890947D+03 -0.3751165D+02  0.2688484D+02  0.0000000D+00
 -0.4543664D+03 -0.4814800D+02  0.4537400D+01  0.0000000D+00
 -0.1920329D+03  0.6710111D+02  0.3984117D+02  0.0000000D+00
  0.1234650D+02  0.1566869D+03  0.6666354D+02  0.0000000D+00
  0.9992432D+02  0.1950823D+03  0.7817871D+02  0.0000000D+00
  0.1780191D+02 -0.2625980D+01 -0.2001210D+00  0.0000000D+00
  0.1082510D+02 -0.2341958D+01  0.4437096D+00  0.0000000D+00
  0.1621536D+02  0.3549485D+01 -0.1939118D+01  0.0000000D+00
  0.5991631D+02  0.1010743D+00  0.3781022D+01  0.0000000D+00
 -0.8490540D+02  0.2051749D+01 -0.9598973D+01  0.0000000D+00
  0.4859221D+01 -0.2552632D+02  0.2348615D+02  0.0000000D+00
 -0.1218896D+02 -0.5549219D+02 -0.3039409D+02  0.0000000D+00
  0.1493245D+02  0.7073887D+02 -0.1154841D+02  0.0000000D+00
  0.1740172D+02 -0.7772644D+02  0.6437455D+02  0.0000000D+00
 -0.2572930D+02  0.2183073D+02 -0.2530910D+02  0.0000000D+00
  0.2521141D+01 -0.3673796D+02 -0.3040878D+02  0.0000000D+00
  0.5232496D+03 -0.5055357D+02  0.1313868D+02  0.0000000D+00
  0.9272931D+03 -0.6056295D+02  0.4732028D+02  0.0000000D+00
  0.1100484D+04 -0.6487600D+02  0.6195965D+02  0.0000000D+00
  0.1422911D+02 -0.6597671D-01 -0.5350791D+00  0.0000000D+00
 -0.8721232D+02  0.9502688D+00  0.1463363D+01  0.0000000D+00
  0.3899450D+02 -0.1288755D+01 -0.2923954D+01  0.0000000D+00
 -0.6331474D+02  0.4956395D+00  0.2908608D+01  0.0000000D+00
  0.3247103D+02  0.5436891D+01 -0.8094678D+01  0.0000000D+00
  0.4494999D+02 -0.9554304D+01  0.1765410D+02  0.0000000D+00
 -0.8363469D+02 -0.1539394D+02 -0.3797706D+02  0.0000000D+00
  0.1622459D+03  0.6411521D+01  0.7027613D+01  0.0000000D+00
 -0.2140145D+03  0.1993451D+02 -0.1680769D+02  0.0000000D+00
  0.3688100D+03 -0.4109474D+02 -0.6489850D+01  0.0000000D+00
 -0.3536024D+03  0.2342698D+02 -0.2243126D+01  0.0000000D+00
 -0.3740052D+03  0.9547200D+01 -0.1712203D+02  0.0000000D+00
 -0.3849740D+03 -0.5465329D+00 -0.2860025D+02  0.0000000D+00
 -0.3898312D+03 -0.4894163D+01 -0.3352242D+02  0.0000000D+00
  0.4260392D+02  0.5325828D+01 -0.3985219D+00  0.0000000D+00
  0.2228952D+02  0.4940087D-01  0.2117549D-01  0.0000000D+00
 -0.4785927D+02  0.3102887D+01  0.1436795D+01  0.0000000D+00
 -0.6769581D+02 -0.3301794D+01  0.3523317D+01  0.0000000D+00
  0.5609502D+02  0.3155702D+01 -0.2039412D+00  0.0000000D+00
 -0.2234334D+02  0.1566501D+02 -0.7394137D+01  0.0000000D+00
 -0.8285647D+02  0.3335922D+02 -0.9558354D+01  0.0000000D+00
  0.8731306D+02 -0.5622658D+02  0.1737418D+02  0.0000000D+00
 -0.1115135D+03  0.1159645D+02  0.1064332D+02  0.0000000D+00
  0.2397739D+02 -0.3893090D+02 -0.1933593D+02  0.0000000D+00
 -0.1185975D+03 -0.2948487D+02  0.2338271D+02  0.0000000D+00
  0.2553821D+03 -0.1802905D+02  0.3940000D+02  0.0000000D+00
  0.5451743D+03 -0.9095229D+01  0.5209958D+02  0.0000000D+00
  0.6694035D+03 -0.5267172D+01  0.5753471D+02  0.0000000D+00
 -0.6251645D+02  0.1788014D+01 -0.6752514D+00  0.0000000D+00
  0.8343323D+02 -0.1874354D+01  0.1810572D+01  0.0000000D+00
 -0.2104523D+02  0.7100740D+01 -0.9867375D+00  0.0000000D+00
  0.3092742D+02 -0.3876637D+01 -0.5385431D+00  0.0000000D+00
 -0.4894864D+02 -0.4176989D+01  0.2546652D+01  0.0000000D+00
  0.5009397D+02  0.4422580D+01 -0.1632927D+02  0.0000000D+00
 -0.2955276D+02 -0.1434557D+02  0.6019549D+01  0.0000000D+00
  0.1027851D+03 -0.1666258D+02  0.2004642D+01  0.0000000D+00
 -0.1149660D+03 -0.3685184D+02  0.7069722D+01  0.0000000D+00
  0.1053681D+03  0.5038411D+02 -0.2648585D+02  0.0000000D+00
 -0.4770045D+03 -0.3792126D+02  0.2374639D+02  0.0000000D+00
 -0.1800325D+03 -0.6975186D+00  0.7764154D+01  0.0000000D+00
  0.5539804D+02  0.2787941D+02 -0.4632622D+01  0.0000000D+00
  0.1561545D+03  0.4013823D+02 -0.9946412D+01  0.0000000D+00
 -0.7701628D+02 -0.4610826D+01  0.4294669D+00  0.0000000D+00
 -0.1492544D+02  0.3439944D+01 -0.2220238D+00  0.0000000D+00
  0.2017845D+02 -0.8455899D+01  0.7778458D+00  0.0000000D+00
  0.1873491D+02  0.4506272D+01 -0.8852185D+00  0.0000000D+00
 -0.1840362D+01 -0.6286065D+01  0.1453796D+01  0.0000000D+00
  0.5643510D+02  0.3212535D+01  0.3601456D+01  0.0000000D+00
 -0.5371719D+02 -0.3235701D+02  0.1210001D+00  0.0000000D+00
  0.1091917D+03  0.8933557D+02  0.1937587D+02  0.0000000D+00
 -0.2052093D+03 -0.7496344D+02 -0.1665678D+02  0.0000000D+00
  0.3007631D+03  0.5710605D+02  0.2895723D+02  0.0000000D+00
 -0.3048451D+03 -0.3922568D+02  0.1140946D+01  0.0000000D+00
  0.6594160D+02 -0.1052659D+02  0.2366272D+02  0.0000000D+00
  0.3585830D+03  0.1175907D+02  0.4141704D+02  0.0000000D+00
  0.4838644D+03  0.2131078D+02  0.4901845D+02  0.0000000D+00
 -0.3578658D+02  0.1117065D+02  0.3601263D+02  0.0000000D+00
 -0.2626659D+03  0.1663165D+02  0.1604260D+03  0.0000000D+00
  0.1587155D+03 -0.1102033D+03 -0.9694070D+02  0.0000000D+00
 -0.5628397D+03  0.1110307D+03  0.1576437D+03  0.0000000D+00
  0.2503379D+03  0.1456111D+03 -0.1529501D+03  0.0000000D+00
 -0.4872196D+02  0.1245920D+03  0.5920891D+02  0.0000000D+00
  0.1330667D+03 -0.2556156D+02 -0.6249737D+02  0.0000000D+00
 -0.1064658D+03  0.1547181D+03 -0.3445944D+01  0.0000000D+00
  0.1581599D+03 -0.1429037D+03 -0.3480780D+02  0.0000000D+00
 -0.9024521D+02  0.1798954D+03 -0.9462328D+01  0.0000000D+00
  0.5903123D+03 -0.2941240D+03 -0.1351997D+02  0.0000000D+00
 -0.4553148D+03 -0.1090729D+04 -0.3173977D+02  0.0000000D+00
 -0.1266777D+04 -0.1705877D+04 -0.4555816D+02  0.0000000D+00
 -0.1614599D+04 -0.1969651D+04 -0.5149133D+02  0.0000000D+00
 -0.1209481D+01  0.6080521D+01  0.2864384D+02  0.0000000D+00
 -0.1563932D+03 -0.1118904D+03  0.1885140D+03  0.0000000D+00
  0.2733308D+03 -0.1824335D+02 -0.1777292D+03  0.0000000D+00
 -0.4714925D+03  0.1734904D+03  0.2175634D+03  0.0000000D+00
  0.2874211D+03  0.2100637D+03 -0.1990591D+03  0.0000000D+00
  0.5549308D+02  0.1397245D+03  0.5683924D+02  0.0000000D+00
  0.6353833D+02 -0.6295143D+02 -0.9851374D+02  0.0000000D+00
  0.1192191D+03  0.7138213D+02  0.2570817D+02  0.0000000D+00
  0.7865578D+02 -0.3116280D+02 -0.1595246D+02  0.0000000D+00
 -0.8296677D+01  0.1240747D+03  0.1673163D+02  0.0000000D+00
  0.3092434D+03 -0.5384737D+03 -0.5337222D+02  0.0000000D+00
 -0.9864248D+03 -0.3212548D+03  0.1602109D+02  0.0000000D+00
 -0.1988328D+04 -0.1518195D+03  0.6983186D+02  0.0000000D+00
 -0.2417895D+04 -0.7922215D+02  0.9289836D+02  0.0000000D+00
 -0.9517602D+02  0.1963985D+02  0.5940547D+01  0.0000000D+00
  0.2086052D+03  0.3966866D+02 -0.5242431D+02  0.0000000D+00
 -0.6840573D+02 -0.5310172D+02 -0.1663495D+02  0.0000000D+00
 -0.6298019D+02  0.4007609D+02  0.4072290D+02  0.0000000D+00
  0.2399516D+03 -0.1545993D+03 -0.9149856D+02  0.0000000D+00
 -0.6846188D+00  0.1022871D+03 -0.2238429D+02  0.0000000D+00
  0.5967679D+02 -0.9252690D+02  0.1114343D+02  0.0000000D+00
 -0.2120377D+03  0.8028964D+02  0.1770586D+02  0.0000000D+00
  0.3176940D+03 -0.1703466D+03 -0.2621824D+02  0.0000000D+00
 -0.3958335D+03  0.1557445D+03  0.6745814D+02  0.0000000D+00
  0.1223210D+04 -0.5789684D+03 -0.7936979D+02  0.0000000D+00
  0.3077546D+03  0.1012140D+03 -0.6655381D+02  0.0000000D+00
 -0.4053513D+03  0.6322519D+03 -0.5711636D+02  0.0000000D+00
 -0.7109270D+03  0.8597726D+03 -0.5305552D+02  0.0000000D+00
  0.6350333D+02  0.2767551D+01 -0.1883735D+00  0.0000000D+00
 -0.8279973D+02 -0.4646011D+01  0.2526213D+01  0.0000000D+00
  0.1285332D+03 -0.2748725D+01 -0.2791921D+01  0.0000000D+00
 -0.9098088D+02 -0.5814602D+00  0.1299621D+01  0.0000000D+00
 -0.1115376D+02  0.2233019D+01 -0.1564797D+01  0.0000000D+00
  0.9570217D+02 -0.1656650D+02  0.3753022D+01  0.0000000D+00
 -0.1071863D+03  0.1060615D+02 -0.5525955D+01  0.0000000D+00
  0.1633471D+03 -0.8391533D+02 -0.9118705D+01  0.0000000D+00
 -0.2498694D+03  0.3571702D+02 -0.3578443D+01  0.0000000D+00
  0.3823948D+03 -0.3044281D+02  0.1224518D+02  0.0000000D+00
 -0.9919191D+03  0.2110715D+03 -0.2224415D+02  0.0000000D+00
 -0.6309781D+03 -0.5091680D+02 -0.1137783D+02  0.0000000D+00
 -0.3492613D+03 -0.2549034D+03 -0.2417309D+01  0.0000000D+00
 -0.2285613D+03 -0.3423180D+03  0.1406766D+01  0.0000000D+00
 -0.1346707D+02  0.4250837D+01 -0.1356855D+00  0.0000000D+00
  0.1573148D+02 -0.7268562D+01  0.1146661D+01  0.0000000D+00
 -0.2273410D+02  0.7403281D+01 -0.5624305D+00  0.0000000D+00
 -0.1252783D+02 -0.9366600D+01  0.6223630D+00  0.0000000D+00
  0.1738529D+02  0.1300297D+02 -0.2847883D+01  0.0000000D+00
  0.2401587D+00 -0.4838209D+01 -0.6746366D+01  0.0000000D+00
  0.7682821D+02 -0.1394562D+02 -0.1788311D+02  0.0000000D+00
 -0.1360135D+03 -0.4688944D+02 -0.9311641D+01  0.0000000D+00
  0.1618356D+03  0.8158470D+02 -0.2793917D+02  0.0000000D+00
 -0.3750245D+03 -0.1160072D+03  0.9639135D+01  0.0000000D+00
  0.5674853D+03  0.1627177D+02 -0.4038922D+02  0.0000000D+00
  0.3315474D+03  0.8903120D+02 -0.1872742D+02  0.0000000D+00
  0.1467052D+03  0.1445695D+03 -0.1613763D+01  0.0000000D+00
  0.6753250D+02  0.1684049D+03  0.5712152D+01  0.0000000D+00
 -0.9878850D+02  0.1501461D+01 -0.3205179D+00  0.0000000D+00
  0.6117039D+02  0.4730191D+00 -0.3900988D+00  0.0000000D+00
 -0.5229881D+02  0.1394988D+01  0.6075625D+00  0.0000000D+00
  0.2623088D+02 -0.3677876D+01 -0.1947287D+01  0.0000000D+00
  0.2769708D+02  0.1179512D+02 -0.6363886D+00  0.0000000D+00
  0.1263581D+02 -0.8959011D+01  0.2174016D+00  0.0000000D+00
 -0.5915986D+02  0.5428919D+01  0.7372501D+01  0.0000000D+00
 -0.5122761D+01 -0.4085445D+02 -0.1649572D+02  0.0000000D+00
 -0.1532053D+02  0.3398907D+02  0.4338872D+02  0.0000000D+00
  0.7208822D+02 -0.6523099D+02 -0.3323496D+02  0.0000000D+00
 -0.1671102D+03 -0.2795381D+02  0.2990327D+02  0.0000000D+00
  0.8641527D+02 -0.1001797D+03  0.3514254D+02  0.0000000D+00
  0.2817480D+03 -0.1563901D+03  0.3935630D+02  0.0000000D+00
  0.3655190D+03 -0.1804790D+03  0.4115799D+02  0.0000000D+00
  0.4904793D+01 -0.6634142D+01 -0.2122756D-01  0.0000000D+00
  0.6148788D+02  0.2741046D+01 -0.1463508D+01  0.0000000D+00
 -0.5762493D+02 -0.3522293D+00  0.7824997D+00  0.0000000D+00
  0.1029469D+03 -0.4448668D+01 -0.8362325D+00  0.0000000D+00
 -0.1137493D+03  0.1154628D+02  0.6652555D+00  0.0000000D+00
  0.1717881D+02 -0.2353079D+02 -0.1958798D+01  0.0000000D+00
  0.4724743D+02  0.6421956D+02  0.1119094D+02  0.0000000D+00
 -0.2713731D+02 -0.1128566D+03 -0.9275862D+01  0.0000000D+00
  0.2838176D+02  0.9428884D+02 -0.4175217D+02  0.0000000D+00
 -0.4625512D+02 -0.1978082D+02  0.2637487D+02  0.0000000D+00
  0.4692039D+01 -0.1152137D+03 -0.9669780D+01  0.0000000D+00
 -0.3467759D+02 -0.1288142D+03  0.4720059D+02  0.0000000D+00
 -0.6756306D+02 -0.1417757D+03  0.9129227D+02  0.0000000D+00
 -0.8158549D+02 -0.1472558D+03  0.1101929D+03  0.0000000D+00
  0.6350359D+02  0.2813834D+01  0.3320663D+00  0.0000000D+00
 -0.3805268D+02 -0.2589613D+01 -0.1414396D+01  0.0000000D+00
 -0.1829514D+02  0.1960227D+01  0.1548076D+01  0.0000000D+00
 -0.3017246D+02  0.1459838D+00  0.8577880D+00  0.0000000D+00
  0.6065262D+02 -0.7357781D+01 -0.3809100D+00  0.0000000D+00
  0.4839942D+02  0.1221610D+02 -0.9206273D+00  0.0000000D+00
 -0.4248277D+02  0.5180508D+01 -0.3217472D+02  0.0000000D+00
  0.1456949D+02  0.5786085D+02 -0.2967821D+01  0.0000000D+00
  0.7919689D+02 -0.5959005D+02 -0.1223957D+02  0.0000000D+00
 -0.1201197D+03 -0.1089855D+01 -0.1439407D+02  0.0000000D+00
 -0.1340133D+02  0.3720646D+02  0.3021992D+02  0.0000000D+00
  0.1442750D+03  0.4488514D+02  0.6595676D+00  0.0000000D+00
  0.2645935D+03  0.5203048D+02 -0.2257092D+02  0.0000000D+00
  0.3162315D+03  0.5505588D+02 -0.3251917D+02  0.0000000D+00
  0.2882761D+02 -0.3851656D+01  0.6326900D-01  0.0000000D+00
 -0.4799436D+02  0.7572926D+01  0.1217016D-01  0.0000000D+00
  0.2262241D+02 -0.1028351D+01  0.1714145D+00  0.0000000D+00
  0.1994832D+02 -0.4686378D+00 -0.2464653D+00  0.0000000D+00
 -0.4157790D+02  0.4787273D+01  0.4373000D+01  0.0000000D+00
  0.3779756D+01 -0.2041470D+02 -0.7741760D+01  0.0000000D+00
  0.5644410D+01  0.4821426D+02  0.2251613D+02  0.0000000D+00
 -0.2432517D+02  0.1596049D+02 -0.5047113D+00  0.0000000D+00
  0.1089837D+03  0.3784581D+02 -0.9782868D+01  0.0000000D+00
 -0.1158930D+03  0.2175258D+01 -0.7269102D+01  0.0000000D+00
 -0.1824204D+03  0.2367125D+02 -0.1770898D+01  0.0000000D+00
 -0.1920390D+03 -0.6653760D+02 -0.1012239D+02  0.0000000D+00
 -0.2013107D+03 -0.1371208D+03 -0.1639079D+02  0.0000000D+00
 -0.2052281D+03 -0.1673573D+03 -0.1908436D+02  0.0000000D+00
