  3  2   882 12096  4  4  9 14  7  1    0.00   24.00  100.00 1000.00    0.00    6.28   45.00   45.00
  100.0  100.0  100.0  100.0  125.0  150.0  190.0  230.0  275.0  350.0  450.0  550.0  650.0  850.0 1000.0 1000.0 1000.0 1000.0
  0.1249166D+05 -0.2024740D+03 -0.3341513D+03  0.0000000D+00
  0.6993268D+03 -0.2019669D+03  0.2960683D+03  0.0000000D+00
  0.1968167D+05 -0.4100982D+04 -0.3319968D+03  0.0000000D+00
  0.1656722D+05  0.5169272D+04  0.6692918D+03  0.0000000D+00
  0.6512831D+05  0.1664004D+05 -0.3103958D+04  0.0000000D+00
  0.2633356D+05 -0.2293439D+05  0.9140229D+03  0.0000000D+00
  0.1082444D+06 -0.2103270D+05  0.8429759D+04  0.0000000D+00
  0.1555858D+06  0.2377199D+05  0.2153617D+05  0.0000000D+00
  0.1750507D+06  0.1410857D+05  0.2591340D+05  0.0000000D+00
  0.2451033D+06 -0.3556871D+05  0.3390075D+05  0.0000000D+00
  0.3390788D+06 -0.5702246D+05  0.2547121D+05  0.0000000D+00
  0.5039708D+06 -0.4125832D+05  0.2324731D+05  0.0000000D+00
  0.6319332D+06 -0.2876294D+05  0.2156038D+05  0.0000000D+00
  0.6867831D+06 -0.2341524D+05  0.2083606D+05  0.0000000D+00
  0.4410726D+04  0.3569536D+04 -0.4051660D+03  0.0000000D+00
 -0.5825958D+04 -0.7088048D+04  0.1694669D+04  0.0000000D+00
  0.1990519D+05  0.1081019D+05 -0.3020346D+04  0.0000000D+00
 -0.1422251D+05 -0.1619810D+05  0.4866964D+04  0.0000000D+00
  0.2031870D+05  0.9616107D+04 -0.5426136D+04  0.0000000D+00
  0.6367871D+04 -0.1477671D+05 -0.1170296D+03  0.0000000D+00
  0.4843037D+05  0.7894872D+03  0.4286974D+04  0.0000000D+00
  0.3166564D+05  0.1256857D+04  0.1444716D+05  0.0000000D+00
  0.2133019D+05 -0.9110490D+04  0.1827748D+05  0.0000000D+00
  0.5116339D+05 -0.2816080D+05  0.2541637D+05  0.0000000D+00
  0.9090829D+05  0.4329456D+05  0.2075747D+05  0.0000000D+00
  0.5001606D+05  0.2005784D+05  0.2020954D+05  0.0000000D+00
  0.1818032D+05  0.2210008D+04  0.1985344D+05  0.0000000D+00
  0.4537614D+04 -0.5445888D+04  0.1969861D+05  0.0000000D+00
  0.6381659D+03  0.3298291D+03 -0.5303832D+02  0.0000000D+00
 -0.2749279D+04  0.4626254D+02  0.1708376D+03  0.0000000D+00
  0.2780570D+04 -0.2418506D+04 -0.7627674D+03  0.0000000D+00
 -0.6562242D+04  0.1230298D+04  0.1359165D+04  0.0000000D+00
 -0.3334966D+04 -0.1629683D+05 -0.2995754D+03  0.0000000D+00
  0.8965691D+04  0.8833369D+04 -0.8115673D+02  0.0000000D+00
  0.1543777D+05  0.1140903D+05  0.4477633D+04  0.0000000D+00
  0.2139996D+05  0.2874437D+05 -0.6137285D+04  0.0000000D+00
 -0.4999774D+04  0.2326461D+05 -0.7923541D+04  0.0000000D+00
  0.7634498D+05 -0.3412814D+05 -0.2086843D+05  0.0000000D+00
  0.1029926D+06  0.1830576D+03 -0.1301227D+05  0.0000000D+00
  0.8329524D+05  0.4115134D+03 -0.4309520D+04  0.0000000D+00
  0.6803498D+05  0.4286514D+03  0.2481605D+04  0.0000000D+00
  0.6149309D+05  0.4411541D+03  0.5391383D+04  0.0000000D+00
 -0.1807705D+03 -0.1257366D+02  0.6601381D+01  0.0000000D+00
 -0.7146889D+02  0.7119622D+02 -0.2840974D+02  0.0000000D+00
  0.2811346D+03 -0.1352052D+03  0.4886946D+02  0.0000000D+00
 -0.4599962D+03  0.2196348D+03 -0.8063485D+02  0.0000000D+00
  0.1277510D+04 -0.5014320D+03  0.1141252D+03  0.0000000D+00
 -0.1622783D+04  0.1224844D+04 -0.1341242D+02  0.0000000D+00
 -0.1011355D+04  0.2807268D+04  0.8754516D+03  0.0000000D+00
  0.7058820D+04  0.2695729D+04 -0.2395016D+04  0.0000000D+00
 -0.1042361D+04  0.7493761D+04  0.2155979D+04  0.0000000D+00
  0.5607475D+04  0.9557276D+04 -0.7598993D+04  0.0000000D+00
 -0.2046960D+05 -0.3067662D+02  0.7927064D+04  0.0000000D+00
 -0.6869224D+04 -0.2497375D+04  0.7791134D+04  0.0000000D+00
  0.3640252D+04 -0.4285961D+04  0.7652782D+04  0.0000000D+00
  0.8146356D+04 -0.5056595D+04  0.7594553D+04  0.0000000D+00
  0.1859366D+03 -0.5598142D+02  0.1381722D+02  0.0000000D+00
 -0.4429847D+03  0.2506701D+03 -0.6976400D+02  0.0000000D+00
  0.2836065D+03 -0.4336304D+03  0.1246214D+03  0.0000000D+00
 -0.2523806D+03  0.7338059D+03 -0.2105901D+03  0.0000000D+00
 -0.1435896D+02 -0.1411197D+04  0.4156881D+03  0.0000000D+00
 -0.1113436D+03  0.2689039D+04 -0.8817324D+03  0.0000000D+00
  0.1722466D+05 -0.8734188D+04  0.1720985D+04  0.0000000D+00
  0.3355696D+05 -0.1575302D+03 -0.3870523D+04  0.0000000D+00
  0.2075445D+05 -0.4919764D+04 -0.4425509D+04  0.0000000D+00
  0.5631644D+05 -0.1404953D+05 -0.1970609D+03  0.0000000D+00
  0.1107599D+05  0.1644360D+05 -0.9516359D+04  0.0000000D+00
 -0.1256614D+05  0.4053725D+04 -0.4358307D+04  0.0000000D+00
 -0.3067355D+05 -0.5619306D+04 -0.2380418D+03  0.0000000D+00
 -0.3844278D+05 -0.9763629D+04  0.1524340D+04  0.0000000D+00
  0.3710258D+03  0.4414046D+02 -0.2363405D+01  0.0000000D+00
 -0.3741179D+03 -0.2542488D+03  0.1295470D+02  0.0000000D+00
 -0.3539021D+02  0.4693517D+03 -0.2025809D+02  0.0000000D+00
 -0.2483105D+03 -0.7930896D+03  0.3932798D+02  0.0000000D+00
 -0.9249495D+03  0.1435722D+04 -0.4347273D+02  0.0000000D+00
  0.9909545D+03 -0.2735593D+04 -0.3239619D+02  0.0000000D+00
 -0.7787215D+03  0.3475415D+04 -0.9606525D+03  0.0000000D+00
 -0.3206751D+04  0.3522809D+02 -0.4164180D+04  0.0000000D+00
  0.5663787D+04  0.7518785D+04 -0.3613151D+04  0.0000000D+00
 -0.1065044D+05  0.7411638D+04 -0.4225743D+04  0.0000000D+00
 -0.1737203D+04  0.4715455D+04 -0.2660288D+04  0.0000000D+00
  0.9156102D+04  0.1486052D+04 -0.3984642D+04  0.0000000D+00
  0.1751959D+05 -0.1067069D+04 -0.5046698D+04  0.0000000D+00
  0.2110737D+05 -0.2159960D+04 -0.5500853D+04  0.0000000D+00
 -0.3672637D+03 -0.1647600D+02  0.7369606D+00  0.0000000D+00
  0.5359440D+03  0.1052997D+03 -0.9725791D+01  0.0000000D+00
 -0.2524061D+03 -0.1920914D+03  0.1939073D+02  0.0000000D+00
  0.3662125D+01  0.3108589D+03 -0.3084607D+02  0.0000000D+00
  0.6035497D+03 -0.4187406D+03  0.3187789D+02  0.0000000D+00
 -0.4007284D+03  0.3169501D+03 -0.2579055D+02  0.0000000D+00
 -0.1546940D+04 -0.5211608D+04  0.7804966D+03  0.0000000D+00
  0.5532273D+04  0.2356350D+04  0.5449847D+03  0.0000000D+00
 -0.5286257D+04  0.1106091D+05 -0.1481766D+04  0.0000000D+00
 -0.1009177D+05 -0.1966677D+05  0.8010574D+04  0.0000000D+00
 -0.6279997D+04  0.3149281D+04  0.1510960D+04  0.0000000D+00
 -0.7667087D+04  0.5400374D+04  0.1461636D+04  0.0000000D+00
 -0.8677312D+04  0.7112007D+04  0.1403581D+04  0.0000000D+00
 -0.9112412D+04  0.7846862D+04  0.1379302D+04  0.0000000D+00
 -0.1856416D+03  0.1558591D+02 -0.1030132D+02  0.0000000D+00
  0.7765080D+02 -0.6396261D+02  0.5298194D+02  0.0000000D+00
  0.5119890D+03  0.1059426D+03 -0.9116058D+02  0.0000000D+00
 -0.4476977D+03 -0.1796611D+03  0.1537195D+03  0.0000000D+00
  0.1217349D+04  0.4042640D+03 -0.2855621D+03  0.0000000D+00
 -0.1759205D+04 -0.9676177D+03  0.5539098D+03  0.0000000D+00
  0.1117818D+05  0.1233460D+04 -0.1280088D+04  0.0000000D+00
  0.5961790D+04  0.8407723D+03  0.1793382D+03  0.0000000D+00
  0.1579713D+05 -0.2143683D+04 -0.1013427D+04  0.0000000D+00
  0.1665245D+04  0.3715489D+04  0.2023521D+04  0.0000000D+00
 -0.1902449D+04  0.3018607D+04 -0.2030759D+04  0.0000000D+00
  0.5819883D+03  0.3156601D+04 -0.4467694D+04  0.0000000D+00
  0.2549600D+04  0.3248306D+04 -0.6351683D+04  0.0000000D+00
  0.3391744D+04  0.3288099D+04 -0.7159471D+04  0.0000000D+00
  0.1707249D+03 -0.1598821D+02  0.7197631D+00  0.0000000D+00
  0.3735436D+02  0.1124749D+03 -0.4479280D+01  0.0000000D+00
 -0.1642359D+03 -0.1990617D+03  0.9325541D+01  0.0000000D+00
  0.7643869D+03  0.3337431D+03 -0.1487742D+02  0.0000000D+00
 -0.1263241D+04 -0.6728828D+03  0.4440706D+02  0.0000000D+00
  0.3122308D+04  0.1596322D+04 -0.1290438D+03  0.0000000D+00
 -0.1096927D+05  0.1300739D+03 -0.8825113D+02  0.0000000D+00
 -0.1647726D+05  0.2111682D+04  0.9635132D+03  0.0000000D+00
 -0.1070505D+05  0.1643879D+04  0.1045628D+04  0.0000000D+00
 -0.1245897D+05  0.4325088D+03  0.4399730D+03  0.0000000D+00
 -0.7484790D+04 -0.1030827D+03  0.2439544D+04  0.0000000D+00
 -0.5645515D+04 -0.1675775D+04  0.1109960D+04  0.0000000D+00
 -0.4418037D+04 -0.2878137D+04  0.8802329D+02  0.0000000D+00
 -0.3885585D+04 -0.3394089D+04 -0.3503249D+03  0.0000000D+00
  0.9038479D+03  0.1055454D+04 -0.7320957D+02  0.0000000D+00
 -0.4282728D+04  0.1504614D+04 -0.5613393D+02  0.0000000D+00
  0.1212882D+05 -0.4744501D+04  0.1420682D+03  0.0000000D+00
 -0.4398231D+04  0.9173917D+04 -0.5670147D+03  0.0000000D+00
 -0.2108769D+05 -0.1295632D+05 -0.6222604D+03  0.0000000D+00
  0.2907267D+05 -0.1018419D+05 -0.1934264D+04  0.0000000D+00
  0.4530319D+05 -0.1668672D+05  0.5199882D+04  0.0000000D+00
  0.2437414D+05 -0.5749101D+05  0.4154241D+04  0.0000000D+00
  0.1087776D+05 -0.4897492D+05  0.7023689D+04  0.0000000D+00
  0.4220704D+05 -0.1692927D+05 -0.3882508D+04  0.0000000D+00
  0.4541076D+05 -0.1654751D+05  0.3280470D+04  0.0000000D+00
  0.5035459D+05 -0.1093886D+05 -0.2895505D+04  0.0000000D+00
  0.5429836D+05 -0.6662188D+04 -0.7673852D+04  0.0000000D+00
  0.5598544D+05 -0.4826650D+04 -0.9722467D+04  0.0000000D+00
 -0.1575759D+04  0.7767818D+03  0.1563008D+03  0.0000000D+00
 -0.1442398D+04  0.5100423D+04 -0.9537103D+02  0.0000000D+00
  0.8349743D+04 -0.8100962D+04  0.1621521D+03  0.0000000D+00
  0.1313597D+04  0.2254091D+05 -0.1113130D+04  0.0000000D+00
 -0.6017825D+04 -0.1777756D+05 -0.1628239D+04  0.0000000D+00
  0.2978453D+05 -0.1502939D+05  0.2104629D+04  0.0000000D+00
  0.5904741D+05 -0.2390882D+05  0.8434594D+02  0.0000000D+00
  0.5313370D+05  0.1069617D+05 -0.2181967D+04  0.0000000D+00
  0.5518054D+05  0.3710434D+04 -0.3103951D+04  0.0000000D+00
  0.8629596D+05  0.5930000D+04 -0.1516566D+04  0.0000000D+00
  0.9562514D+05  0.1064510D+05 -0.9022708D+04  0.0000000D+00
  0.4301195D+05  0.2520068D+05 -0.6215572D+04  0.0000000D+00
  0.2081108D+04  0.3639285D+05 -0.3953984D+04  0.0000000D+00
 -0.1546022D+05  0.4119352D+05 -0.2987217D+04  0.0000000D+00
 -0.1237731D+03  0.5080074D+03 -0.4084325D+02  0.0000000D+00
  0.9035689D+03  0.7694307D+03  0.3047952D+03  0.0000000D+00
 -0.2849851D+04 -0.9712790D+03 -0.7523473D+03  0.0000000D+00
  0.2329758D+04  0.4482505D+04  0.7700698D+03  0.0000000D+00
 -0.3223391D+03  0.2497761D+04  0.2914208D+03  0.0000000D+00
  0.4770496D+04  0.4205104D+04 -0.4482804D+03  0.0000000D+00
  0.1233762D+03  0.9090155D+04  0.2287267D+04  0.0000000D+00
  0.4779035D+04  0.2366234D+05  0.2947477D+04  0.0000000D+00
  0.7901020D+04  0.1057946D+05  0.9953083D+04  0.0000000D+00
  0.4408526D+05  0.2016731D+05  0.5994882D+04  0.0000000D+00
  0.4210665D+04  0.1340761D+05  0.7850678D+04  0.0000000D+00
 -0.1814392D+05  0.1497000D+05  0.7031909D+04  0.0000000D+00
 -0.3516008D+05  0.1644854D+05  0.6378423D+04  0.0000000D+00
 -0.4246445D+05  0.1707388D+05  0.6098888D+04  0.0000000D+00
  0.1077413D+03  0.9350612D+02 -0.1882217D+02  0.0000000D+00
 -0.9234906D+03 -0.5536507D+03  0.9677570D+02  0.0000000D+00
  0.1624987D+04  0.1008581D+04 -0.1736473D+03  0.0000000D+00
 -0.2482843D+04 -0.1712272D+04  0.2958502D+03  0.0000000D+00
  0.3606706D+04  0.3337915D+04 -0.5169251D+03  0.0000000D+00
 -0.4240267D+04 -0.7443993D+04  0.8216091D+03  0.0000000D+00
  0.4122641D+05  0.1362778D+05 -0.3253911D+04  0.0000000D+00
  0.3778426D+05 -0.2445703D+05 -0.1315965D+04  0.0000000D+00
  0.2822201D+05  0.1399157D+05 -0.7571077D+04  0.0000000D+00
  0.3525462D+04 -0.1432773D+05 -0.2906229D+04  0.0000000D+00
 -0.4525780D+04  0.9851874D+04 -0.8299747D+03  0.0000000D+00
 -0.2371774D+05  0.7249274D+04  0.1763357D+04  0.0000000D+00
 -0.3882477D+05  0.5105961D+04  0.3797836D+04  0.0000000D+00
 -0.4529352D+05  0.4191235D+04  0.4669202D+04  0.0000000D+00
  0.2871569D+02 -0.5287402D+02  0.6883932D+01  0.0000000D+00
  0.4836335D+02  0.2920891D+03 -0.4309078D+02  0.0000000D+00
 -0.1948064D+03 -0.5030206D+03  0.7779246D+02  0.0000000D+00
 -0.6301639D+03  0.8788674D+03 -0.1317046D+03  0.0000000D+00
  0.1148380D+04 -0.1557229D+04  0.2310084D+03  0.0000000D+00
  0.1148343D+04  0.3187401D+04 -0.2978858D+03  0.0000000D+00
 -0.1827909D+04 -0.6348047D+04  0.1427219D+04  0.0000000D+00
 -0.1995798D+05 -0.1691268D+05  0.1120227D+04  0.0000000D+00
 -0.1984166D+05 -0.1109961D+05  0.5940911D+04  0.0000000D+00
 -0.2690521D+05 -0.2359865D+05  0.1768480D+04  0.0000000D+00
 -0.2565453D+05  0.8092584D+03  0.5241568D+04  0.0000000D+00
 -0.3728428D+05  0.1084572D+04  0.8581452D+04  0.0000000D+00
 -0.4629775D+05  0.1171948D+04  0.1123776D+05  0.0000000D+00
 -0.5016163D+05  0.1213438D+04  0.1237433D+05  0.0000000D+00
  0.3093279D+03  0.5398762D+02 -0.8953172D+01  0.0000000D+00
 -0.6889670D+03 -0.2721404D+03  0.4629514D+02  0.0000000D+00
  0.1046851D+04  0.4702932D+03 -0.8435450D+02  0.0000000D+00
 -0.2153583D+04 -0.7372606D+03  0.1449206D+03  0.0000000D+00
  0.5388211D+04  0.1201031D+04 -0.2870913D+03  0.0000000D+00
 -0.1091864D+05 -0.1084047D+04  0.6643864D+03  0.0000000D+00
  0.1419861D+05  0.9362465D+04 -0.1515947D+04  0.0000000D+00
  0.1912838D+05  0.5353464D+04 -0.1682033D+04  0.0000000D+00
  0.1622386D+05  0.2469097D+04 -0.3472970D+04  0.0000000D+00
  0.1138832D+05 -0.6969933D+04 -0.5147552D+04  0.0000000D+00
  0.6548471D+04 -0.2341840D+04  0.2927723D+03  0.0000000D+00
  0.7360582D+04  0.5346752D+02 -0.2823237D+04  0.0000000D+00
  0.7890821D+04  0.1861185D+04 -0.5284382D+04  0.0000000D+00
  0.8121238D+04  0.2637680D+04 -0.6337956D+04  0.0000000D+00
 -0.1531813D+03 -0.2798319D+02  0.2182525D+01  0.0000000D+00
  0.2298661D+02  0.1368305D+03 -0.1150168D+02  0.0000000D+00
  0.2222744D+03 -0.2583542D+03  0.2165025D+02  0.0000000D+00
  0.7581550D+03  0.4487788D+03 -0.4184757D+02  0.0000000D+00
 -0.1819128D+04 -0.9572607D+03  0.9487322D+02  0.0000000D+00
  0.5592928D+03  0.2561507D+04 -0.3433443D+03  0.0000000D+00
 -0.1613234D+05 -0.5533535D+04  0.1155025D+04  0.0000000D+00
 -0.2213004D+05  0.2770693D+04  0.2005527D+04  0.0000000D+00
 -0.1645256D+05 -0.2434546D+04  0.2041268D+04  0.0000000D+00
 -0.2322564D+05  0.9584233D+03  0.7274042D+03  0.0000000D+00
 -0.1241804D+05  0.5093357D+04  0.3227927D+04  0.0000000D+00
 -0.1128158D+05  0.1879405D+04  0.2752069D+04  0.0000000D+00
 -0.1032289D+05 -0.6691639D+03  0.2376356D+04  0.0000000D+00
 -0.9914347D+04 -0.1759858D+04  0.2215517D+04  0.0000000D+00
 -0.1643372D+03  0.2495257D+02 -0.6300604D+01  0.0000000D+00
  0.1494559D+03 -0.1385079D+03  0.2535869D+02  0.0000000D+00
 -0.2085458D+02  0.2453843D+03 -0.4597975D+02  0.0000000D+00
  0.1257993D+03 -0.4424675D+03  0.7942226D+02  0.0000000D+00
  0.6581458D+02  0.7212331D+03 -0.1401120D+03  0.0000000D+00
 -0.7720617D+03 -0.1399197D+04  0.2578999D+03  0.0000000D+00
  0.1112734D+04  0.3472066D+04 -0.7667848D+03  0.0000000D+00
 -0.1931215D+04  0.5155648D+04  0.1491205D+04  0.0000000D+00
 -0.1281437D+04 -0.3069334D+04  0.1048423D+04  0.0000000D+00
  0.3233806D+04  0.2075390D+04  0.8281953D+03  0.0000000D+00
 -0.6477315D+04 -0.2360615D+04  0.1220961D+04  0.0000000D+00
  0.1210689D+04 -0.1062238D+04 -0.1960196D+04  0.0000000D+00
  0.7016785D+04 -0.1387031D+03 -0.4446578D+04  0.0000000D+00
  0.9510506D+04  0.2598015D+03 -0.5511777D+04  0.0000000D+00
  0.1275791D+03  0.1059803D+02  0.2338475D+01  0.0000000D+00
  0.2491928D+03 -0.6466028D+02 -0.1396453D+02  0.0000000D+00
 -0.4429684D+03  0.1167942D+03  0.2578722D+02  0.0000000D+00
  0.1208643D+04 -0.1949357D+03 -0.3853448D+02  0.0000000D+00
 -0.2949775D+04  0.4521755D+03  0.5360538D+02  0.0000000D+00
  0.5687935D+04 -0.1646465D+04  0.2598529D+02  0.0000000D+00
 -0.5990201D+04  0.2078831D+04 -0.2065555D+03  0.0000000D+00
 -0.3533044D+04  0.3079417D+04  0.3526178D+03  0.0000000D+00
  0.3166800D+04  0.1816137D+04 -0.4321355D+03  0.0000000D+00
 -0.1012466D+05 -0.4380921D+04  0.7357397D+03  0.0000000D+00
  0.2310991D+04 -0.5552156D+04 -0.7798195D+03  0.0000000D+00
  0.8433734D+04 -0.2855090D+04 -0.1259582D+03  0.0000000D+00
  0.1316265D+05 -0.7849712D+03  0.3925028D+03  0.0000000D+00
  0.1519038D+05  0.1030855D+03  0.6143834D+03  0.0000000D+00
 -0.6131635D+03 -0.1762561D+04 -0.5070174D+01  0.0000000D+00
  0.2199048D+04  0.4485505D+04 -0.1569612D+02  0.0000000D+00
 -0.4704493D+04 -0.1165747D+05  0.7652334D+03  0.0000000D+00
  0.2967647D+04  0.1422056D+05 -0.1531452D+04  0.0000000D+00
  0.5986116D+03  0.8739048D+04  0.3414469D+04  0.0000000D+00
 -0.4127581D+04 -0.5135094D+04 -0.1182242D+04  0.0000000D+00
 -0.1559041D+05  0.8966726D+04 -0.1644843D+04  0.0000000D+00
 -0.2880600D+04 -0.3346982D+04 -0.3634666D+04  0.0000000D+00
 -0.1291308D+05  0.6241895D+04  0.5676764D+04  0.0000000D+00
  0.1291291D+04  0.1226282D+05  0.5271511D+04  0.0000000D+00
 -0.1418524D+05  0.4565353D+05  0.9521717D+04  0.0000000D+00
 -0.1304818D+05  0.3999349D+05  0.1024257D+05  0.0000000D+00
 -0.1218142D+05  0.3564568D+05  0.1084407D+05  0.0000000D+00
 -0.1180945D+05  0.3378074D+05  0.1110058D+05  0.0000000D+00
  0.6518026D+03 -0.6549101D+02 -0.7233470D+02  0.0000000D+00
 -0.8521359D+03  0.1258022D+04  0.2316815D+03  0.0000000D+00
 -0.6349171D+03 -0.3870871D+04 -0.3286040D+02  0.0000000D+00
 -0.2281419D+04  0.3226770D+04 -0.1132343D+04  0.0000000D+00
 -0.1200408D+05 -0.8948274D+04  0.2518939D+04  0.0000000D+00
  0.2958055D+04 -0.3998107D+04  0.1391395D+03  0.0000000D+00
 -0.1670682D+05  0.7102694D+04 -0.4370078D+03  0.0000000D+00
 -0.9996397D+04 -0.1615847D+05  0.3297715D+04  0.0000000D+00
 -0.2264344D+05  0.2032484D+05  0.1229540D+05  0.0000000D+00
 -0.1789932D+05 -0.1064776D+05  0.5171851D+04  0.0000000D+00
 -0.3351081D+05  0.3380654D+05  0.1167496D+05  0.0000000D+00
 -0.3388480D+05  0.3532746D+05  0.7587833D+04  0.0000000D+00
 -0.3414411D+05  0.3651627D+05  0.4427567D+04  0.0000000D+00
 -0.3425630D+05  0.3702574D+05  0.3072604D+04  0.0000000D+00
 -0.4812223D+03 -0.1830657D+03  0.1818238D+03  0.0000000D+00
 -0.1009006D+04  0.6158444D+03  0.1689068D+02  0.0000000D+00
  0.2477965D+04 -0.6728917D+03 -0.7585345D+03  0.0000000D+00
 -0.2192529D+04  0.2459830D+04 -0.2724941D+03  0.0000000D+00
 -0.2052643D+04 -0.9658917D+04  0.1306438D+04  0.0000000D+00
  0.7661005D+03 -0.7816652D+02 -0.1147694D+04  0.0000000D+00
 -0.4851263D+04 -0.7423561D+04  0.1455703D+04  0.0000000D+00
  0.3233644D+04 -0.4789892D+04  0.2603957D+04  0.0000000D+00
  0.5787461D+04  0.8523557D+04  0.8396131D+04  0.0000000D+00
 -0.9544528D+04 -0.2574168D+04  0.3733622D+04  0.0000000D+00
  0.2483416D+04  0.8045389D+04  0.1093968D+04  0.0000000D+00
  0.3119962D+05  0.2122019D+04  0.5959571D+04  0.0000000D+00
  0.5335078D+05 -0.2511962D+04  0.9696208D+04  0.0000000D+00
  0.6284987D+05 -0.4497039D+04  0.1129911D+05  0.0000000D+00
  0.2397792D+03  0.2297317D+02  0.6710237D+01  0.0000000D+00
  0.4203681D+02 -0.1086521D+03 -0.3992209D+02  0.0000000D+00
  0.1618560D+02  0.1869108D+03  0.7062314D+02  0.0000000D+00
 -0.1757822D+03 -0.3047016D+03 -0.1198973D+03  0.0000000D+00
 -0.1980411D+03  0.5491723D+03  0.2400092D+03  0.0000000D+00
  0.9999155D+03 -0.1660793D+04 -0.5983997D+03  0.0000000D+00
 -0.6574225D+03  0.4602522D+04  0.2273505D+04  0.0000000D+00
  0.3148151D+04  0.1015097D+05  0.4932361D+04  0.0000000D+00
 -0.2606151D+04 -0.1905805D+04  0.1103943D+04  0.0000000D+00
  0.1335143D+05  0.2602716D+05  0.1887102D+04  0.0000000D+00
  0.6630856D+04  0.5808392D+03  0.6190478D+04  0.0000000D+00
  0.4188361D+04 -0.2706577D+04 -0.7108104D+02  0.0000000D+00
  0.2486179D+04 -0.5222140D+04 -0.4874378D+04  0.0000000D+00
  0.1750430D+04 -0.6301586D+04 -0.6935005D+04  0.0000000D+00
 -0.2588422D+03 -0.2689564D+02  0.7625459D+01  0.0000000D+00
  0.4690632D+03  0.1165241D+03 -0.3291181D+02  0.0000000D+00
 -0.5438719D+03 -0.1925733D+03  0.5739393D+02  0.0000000D+00
  0.8060346D+03  0.3106182D+03 -0.9928655D+02  0.0000000D+00
 -0.1386623D+04 -0.6261025D+03  0.1942497D+03  0.0000000D+00
  0.2811812D+04  0.9275330D+03 -0.2719729D+03  0.0000000D+00
 -0.9817251D+04 -0.4412747D+04  0.1027745D+04  0.0000000D+00
  0.1194016D+05  0.1809088D+04 -0.1093693D+04  0.0000000D+00
 -0.5090527D+04  0.6440180D+04  0.2499134D+04  0.0000000D+00
  0.8110297D+04 -0.9982400D+04 -0.5714419D+04  0.0000000D+00
  0.1110372D+05  0.9102737D+04 -0.2009055D+03  0.0000000D+00
  0.1425406D+05 -0.1828953D+04 -0.1329114D+04  0.0000000D+00
  0.1653375D+05 -0.1023857D+05 -0.2273097D+04  0.0000000D+00
  0.1751611D+05 -0.1384552D+05 -0.2675554D+04  0.0000000D+00
 -0.3151811D+03  0.1606055D+02  0.1104622D+02  0.0000000D+00
 -0.1961247D+02 -0.1121596D+03 -0.5983783D+02  0.0000000D+00
 -0.7468071D+02  0.2112632D+03  0.1092625D+03  0.0000000D+00
 -0.2271018D+03 -0.3568726D+03 -0.1816672D+03  0.0000000D+00
  0.5859403D+03  0.5436371D+03  0.3323504D+03  0.0000000D+00
 -0.1082346D+04 -0.4943098D+03 -0.5759999D+03  0.0000000D+00
  0.1121350D+04  0.2128703D+04  0.1819806D+04  0.0000000D+00
  0.1990254D+04  0.1241303D+04  0.4587183D+04  0.0000000D+00
  0.3820528D+04 -0.6042647D+04  0.4097533D+04  0.0000000D+00
  0.2454928D+04 -0.5960596D+04  0.3025706D+04  0.0000000D+00
 -0.1017384D+03  0.7030812D+04  0.2963699D+04  0.0000000D+00
 -0.4734675D+04  0.2651218D+04  0.9206004D+03  0.0000000D+00
 -0.8217090D+04 -0.8002499D+03 -0.6466631D+03  0.0000000D+00
 -0.9713358D+04 -0.2277970D+04 -0.1319028D+04  0.0000000D+00
  0.4541092D+03 -0.1676393D+02  0.9966254D+01  0.0000000D+00
 -0.2709596D+03  0.9774781D+02 -0.5639325D+02  0.0000000D+00
 -0.2607004D+02 -0.1829477D+03  0.1025868D+03  0.0000000D+00
  0.2626158D+03  0.3117079D+03 -0.1744172D+03  0.0000000D+00
 -0.9124149D+03 -0.5630288D+03  0.2764850D+03  0.0000000D+00
  0.2055908D+04  0.1557516D+04 -0.4336273D+03  0.0000000D+00
 -0.5957065D+04 -0.4630331D+04  0.9731961D+03  0.0000000D+00
  0.5299115D+04 -0.1301844D+05 -0.2443387D+04  0.0000000D+00
 -0.1347066D+05  0.5864920D+04  0.5312213D+04  0.0000000D+00
  0.2098812D+05 -0.6083869D+04 -0.1292703D+04  0.0000000D+00
  0.1425726D+05 -0.4360714D+04  0.2680877D+04  0.0000000D+00
 -0.8763735D+04  0.1511994D+04  0.6262098D+03  0.0000000D+00
 -0.2640514D+05  0.6053561D+04 -0.9625419D+03  0.0000000D+00
 -0.3397403D+05  0.8000768D+04 -0.1643711D+04  0.0000000D+00
  0.1627403D+03  0.9251660D+00  0.2295136D+01  0.0000000D+00
 -0.4973831D+03  0.1901488D+02 -0.8047685D+01  0.0000000D+00
  0.8849750D+03 -0.4420372D+02  0.2171816D+02  0.0000000D+00
 -0.9206085D+03  0.5615953D+02 -0.3787643D+02  0.0000000D+00
  0.1465475D+04 -0.2166783D+02  0.5175622D+02  0.0000000D+00
 -0.1892503D+04 -0.2393659D+03 -0.5854134D+02  0.0000000D+00
  0.6553610D+04  0.1264811D+03  0.6427179D+03  0.0000000D+00
 -0.6540328D+04  0.7586947D+03 -0.1043358D+04  0.0000000D+00
  0.3021263D+04 -0.3191891D+04  0.6843205D+03  0.0000000D+00
 -0.1844973D+05 -0.1129090D+04  0.1054751D+04  0.0000000D+00
 -0.1727459D+04  0.3054003D+04  0.1744305D+04  0.0000000D+00
 -0.2786938D+04  0.2234203D+04  0.2066268D+04  0.0000000D+00
 -0.3911467D+04  0.1622944D+04  0.2325107D+04  0.0000000D+00
 -0.4383896D+04  0.1360154D+04  0.2435774D+04  0.0000000D+00
 -0.2266893D+03 -0.2128386D+02  0.2789249D+01  0.0000000D+00
  0.2399539D+02  0.1343673D+03 -0.1080190D+02  0.0000000D+00
 -0.1454200D+03 -0.2362303D+03  0.1618978D+02  0.0000000D+00
 -0.3287337D+02  0.3998744D+03 -0.2335245D+02  0.0000000D+00
  0.1207381D+04 -0.6944084D+03  0.6738806D+02  0.0000000D+00
 -0.1691200D+03  0.8712162D+03 -0.1689482D+03  0.0000000D+00
  0.4429142D+03 -0.4003930D+04  0.1885185D+03  0.0000000D+00
  0.2725909D+04 -0.2558100D+04 -0.2685569D+04  0.0000000D+00
  0.2232772D+04 -0.1601807D+04 -0.1006153D+04  0.0000000D+00
  0.1493693D+04  0.3562048D+04  0.8746899D+03  0.0000000D+00
  0.5584704D+04 -0.3494363D+04  0.1003273D+04  0.0000000D+00
 -0.7822117D+04 -0.3085923D+04  0.1938851D+04  0.0000000D+00
 -0.1808224D+05 -0.2664695D+04  0.2657977D+04  0.0000000D+00
 -0.2248467D+05 -0.2487443D+04  0.2966443D+04  0.0000000D+00
 -0.1098179D+04 -0.4191847D+03 -0.8131260D+02  0.0000000D+00
  0.4059302D+04  0.2111960D+04 -0.7826014D+02  0.0000000D+00
 -0.6099123D+04 -0.3961439D+04  0.1338660D+03  0.0000000D+00
  0.1046267D+05  0.6626723D+04 -0.7173659D+03  0.0000000D+00
  0.1496182D+05 -0.5244243D+03 -0.7659963D+01  0.0000000D+00
  0.8789264D+04 -0.4615334D+04 -0.8459913D+02  0.0000000D+00
  0.1310171D+05 -0.8790921D+04  0.4014032D+03  0.0000000D+00
 -0.6610504D+04 -0.2059660D+05 -0.1761975D+04  0.0000000D+00
 -0.6012747D+03 -0.1319815D+05 -0.3735117D+03  0.0000000D+00
  0.1147938D+05 -0.6411577D+04  0.6999314D+03  0.0000000D+00
  0.1038313D+05 -0.1669681D+04  0.1137550D+04  0.0000000D+00
  0.1297693D+05 -0.5337070D+03  0.1931331D+04  0.0000000D+00
  0.1492548D+05  0.4344355D+03  0.2531475D+04  0.0000000D+00
  0.1576272D+05  0.8467007D+03  0.2789221D+04  0.0000000D+00
  0.1366330D+03 -0.4803991D+02 -0.1786217D+02  0.0000000D+00
  0.3384177D+04 -0.2257425D+03  0.8109906D+02  0.0000000D+00
 -0.3771443D+04 -0.6542447D+03 -0.1055397D+03  0.0000000D+00
  0.4423019D+04 -0.1446859D+04 -0.4028571D+03  0.0000000D+00
  0.8584427D+04  0.2596003D+04 -0.3681834D+03  0.0000000D+00
  0.1262257D+05 -0.5788541D+04  0.7756773D+03  0.0000000D+00
  0.3276183D+05 -0.5985658D+04  0.9441443D+03  0.0000000D+00
  0.1011064D+05 -0.1851783D+05  0.2762701D+04  0.0000000D+00
  0.2563532D+05 -0.5650068D+03  0.3109099D+04  0.0000000D+00
  0.3248346D+04  0.1754941D+04  0.5043850D+04  0.0000000D+00
  0.1302586D+05 -0.5589224D+04  0.4052112D+04  0.0000000D+00
  0.1613493D+05 -0.6564951D+02  0.2619948D+04  0.0000000D+00
  0.1836598D+05  0.4296443D+04  0.1537981D+04  0.0000000D+00
  0.1932803D+05  0.6163800D+04  0.1073275D+04  0.0000000D+00
  0.9551656D+03  0.3582526D+03  0.1534911D+02  0.0000000D+00
 -0.8752131D+03 -0.7526103D+03  0.1448762D+03  0.0000000D+00
  0.2132780D+04  0.1420035D+04 -0.2658482D+03  0.0000000D+00
 -0.3700275D+04 -0.2086832D+04  0.7252656D+02  0.0000000D+00
 -0.1914049D+04  0.2759416D+03  0.5378654D+03  0.0000000D+00
  0.4753190D+04 -0.1712075D+04 -0.3746390D+03  0.0000000D+00
 -0.9086742D+04 -0.4842364D+03  0.2224829D+04  0.0000000D+00
 -0.1987592D+05  0.1037790D+05  0.3116061D+04  0.0000000D+00
  0.4306337D+04  0.5998268D+04  0.1511541D+04  0.0000000D+00
 -0.1749258D+05  0.4352875D+04  0.4492334D+02  0.0000000D+00
 -0.1107803D+05 -0.2304889D+04 -0.9544626D+03  0.0000000D+00
 -0.9712721D+04 -0.1524368D+04 -0.9261260D+03  0.0000000D+00
 -0.8666708D+04 -0.1072127D+04 -0.9170884D+03  0.0000000D+00
 -0.8217898D+04 -0.8734555D+03 -0.9128062D+03  0.0000000D+00
  0.2191983D+03 -0.1548260D+02  0.4618118D+01  0.0000000D+00
 -0.8176624D+02  0.6525132D+02 -0.1894453D+02  0.0000000D+00
  0.2452806D+03 -0.1112445D+03  0.3460587D+02  0.0000000D+00
 -0.2253132D+03  0.1765038D+03 -0.5951503D+02  0.0000000D+00
 -0.6863318D+02 -0.3079105D+03  0.9136966D+02  0.0000000D+00
  0.6616150D+03  0.3349483D+03 -0.1830472D+03  0.0000000D+00
  0.1335709D+05 -0.4175979D+04  0.7426359D+03  0.0000000D+00
  0.3053814D+04 -0.4369961D+03  0.2072317D+04  0.0000000D+00
  0.3998273D+04 -0.1698985D+04 -0.2195815D+04  0.0000000D+00
  0.1547830D+05  0.1366182D+04  0.6633864D+03  0.0000000D+00
  0.4120872D+04  0.4912350D+03  0.1426783D+04  0.0000000D+00
 -0.1689030D+04  0.1088191D+04 -0.1064736D+04  0.0000000D+00
 -0.6195356D+04  0.1639019D+04 -0.2986868D+04  0.0000000D+00
 -0.8127052D+04  0.1872369D+04 -0.3811125D+04  0.0000000D+00
  0.1801942D+03 -0.3379877D+02  0.5896248D+01  0.0000000D+00
 -0.4281421D+02  0.1847709D+03 -0.3245885D+02  0.0000000D+00
  0.1552095D+03 -0.3309413D+03  0.5779698D+02  0.0000000D+00
 -0.3139329D+02  0.5437880D+03 -0.1024153D+03  0.0000000D+00
 -0.6017888D+03 -0.8958104D+03  0.1963603D+03  0.0000000D+00
  0.1601690D+04  0.1482065D+04 -0.3784593D+03  0.0000000D+00
 -0.6047734D+04 -0.3095156D+04  0.1072531D+04  0.0000000D+00
 -0.1235117D+05  0.7830859D+04  0.9063531D+03  0.0000000D+00
 -0.2859479D+04  0.2293583D+04 -0.1697984D+04  0.0000000D+00
 -0.1407140D+05  0.8968032D+04 -0.1004796D+03  0.0000000D+00
 -0.1855198D+05 -0.9368631D+04 -0.1634898D+04  0.0000000D+00
 -0.6001039D+04 -0.1993464D+04 -0.1772309D+04  0.0000000D+00
  0.3619962D+04  0.3716347D+04 -0.1847851D+04  0.0000000D+00
  0.7747629D+04  0.6164164D+04 -0.1881212D+04  0.0000000D+00
 -0.3237529D+03 -0.7447294D+01  0.3766514D+01  0.0000000D+00
 -0.4823252D+02  0.8061304D+02 -0.1482891D+02  0.0000000D+00
  0.3064374D+03 -0.1486500D+03  0.2223247D+02  0.0000000D+00
 -0.8388452D+03  0.2395859D+03 -0.2916754D+02  0.0000000D+00
  0.2310907D+04 -0.4451280D+03  0.7118499D+02  0.0000000D+00
 -0.4752281D+04  0.9412559D+03 -0.1220796D+03  0.0000000D+00
  0.4079321D+04  0.3163967D+03  0.5001374D+03  0.0000000D+00
  0.2634307D+04 -0.1332722D+04  0.1567330D+04  0.0000000D+00
 -0.7987546D+04 -0.2978799D+04  0.2124381D+04  0.0000000D+00
 -0.3549067D+04  0.5816880D+04 -0.1435164D+03  0.0000000D+00
 -0.4256532D+04 -0.2289193D+04  0.2030578D+04  0.0000000D+00
 -0.7328539D+04 -0.2201550D+04  0.6945378D+03  0.0000000D+00
 -0.9604219D+04 -0.2101829D+04 -0.3471974D+03  0.0000000D+00
 -0.1058308D+05 -0.2060111D+04 -0.7935642D+03  0.0000000D+00
 -0.3221023D+03  0.9389245D+01  0.1028111D+02  0.0000000D+00
  0.1303832D+03 -0.2675154D+02 -0.5795288D+02  0.0000000D+00
 -0.5391936D+03  0.3882942D+02  0.9859304D+02  0.0000000D+00
  0.8022576D+03 -0.6863583D+02 -0.1585984D+03  0.0000000D+00
 -0.6330835D+02  0.1421967D+03  0.2821490D+03  0.0000000D+00
 -0.3940588D+03 -0.1645480D+03 -0.4486709D+03  0.0000000D+00
 -0.3506900D+04  0.1068414D+04  0.1378186D+04  0.0000000D+00
 -0.8846000D+04 -0.1017136D+04 -0.2764028D+04  0.0000000D+00
 -0.5121122D+04  0.1142179D+04  0.9631345D+03  0.0000000D+00
 -0.1009605D+05 -0.1750287D+04 -0.3282577D+03  0.0000000D+00
 -0.5564885D+04 -0.2481770D+04 -0.2250339D+04  0.0000000D+00
  0.2016671D+04 -0.3893576D+04 -0.2566569D+04  0.0000000D+00
  0.7836504D+04 -0.5044530D+04 -0.2804604D+04  0.0000000D+00
  0.1033313D+05 -0.5536125D+04 -0.2906871D+04  0.0000000D+00
  0.3130695D+03  0.9898776D+01  0.1132845D+01  0.0000000D+00
 -0.4425554D+03 -0.4141027D+02 -0.7080655D+01  0.0000000D+00
  0.4672096D+03  0.8686066D+02  0.1064440D+02  0.0000000D+00
 -0.7318563D+03 -0.1488528D+03 -0.2129188D+02  0.0000000D+00
  0.8338056D+03  0.2918642D+03  0.3642581D+02  0.0000000D+00
 -0.8469210D+03 -0.5871193D+03 -0.5269028D+02  0.0000000D+00
  0.2936264D+04  0.1801972D+04  0.8476115D+02  0.0000000D+00
 -0.2159055D+03 -0.1907278D+04 -0.1459887D+04  0.0000000D+00
 -0.5075922D+04 -0.2105386D+04  0.1677948D+04  0.0000000D+00
 -0.6666310D+03 -0.1901417D+04  0.1373134D+04  0.0000000D+00
  0.1564695D+03 -0.1066173D+04  0.2807026D+01  0.0000000D+00
 -0.5480330D+04 -0.2578838D+04  0.1360204D+04  0.0000000D+00
 -0.9748428D+04 -0.3720151D+04  0.2427852D+04  0.0000000D+00
 -0.1158124D+05 -0.4210386D+04  0.2885035D+04  0.0000000D+00
  0.6581071D+02  0.1246594D+02  0.1188305D+01  0.0000000D+00
  0.3090888D+03 -0.7996863D+02 -0.3392801D+01  0.0000000D+00
 -0.5811253D+03  0.1523280D+03  0.1145181D+02  0.0000000D+00
  0.8333788D+03 -0.2539717D+03 -0.1615845D+02  0.0000000D+00
 -0.2047783D+04  0.4147942D+03  0.2157175D+02  0.0000000D+00
  0.2770122D+04 -0.6824876D+03 -0.1176573D+03  0.0000000D+00
 -0.1130641D+04  0.2815155D+03 -0.7062371D+02  0.0000000D+00
 -0.1048644D+04  0.8872268D+03 -0.2834448D+04  0.0000000D+00
 -0.2252447D+04 -0.5282982D+03 -0.1030275D+04  0.0000000D+00
  0.3601724D+04  0.1904550D+04  0.8911878D+03  0.0000000D+00
  0.2837383D+04  0.1880528D+04 -0.4188544D+03  0.0000000D+00
 -0.2327332D+04  0.2817758D+04 -0.3926425D+03  0.0000000D+00
 -0.6226522D+04  0.3489925D+04 -0.3825794D+03  0.0000000D+00
 -0.7901298D+04  0.3779787D+04 -0.3779447D+03  0.0000000D+00
  0.2920921D+03 -0.6879790D+02  0.9375627D+00  0.0000000D+00
  0.2282314D+03  0.7138775D+03  0.5014663D+02  0.0000000D+00
 -0.3545389D+03 -0.1779628D+04  0.1791039D+02  0.0000000D+00
  0.1390718D+04  0.1901960D+04 -0.1385879D+03  0.0000000D+00
 -0.1289725D+05 -0.5731284D+04  0.1954622D+04  0.0000000D+00
  0.3994508D+04  0.3261474D+03 -0.2456162D+03  0.0000000D+00
  0.3437137D+04  0.6882164D+04 -0.6166906D+03  0.0000000D+00
  0.1151517D+05  0.3941856D+03 -0.4916394D+03  0.0000000D+00
  0.4414550D+04  0.1921983D+04  0.2646034D+04  0.0000000D+00
  0.7804171D+04 -0.3581369D+04 -0.6189334D+03  0.0000000D+00
 -0.6272153D+04  0.7791863D+03  0.3764797D+04  0.0000000D+00
 -0.2143274D+05  0.4144656D+04  0.2251374D+04  0.0000000D+00
 -0.3312496D+05  0.6681026D+04  0.1070843D+04  0.0000000D+00
 -0.3813904D+05  0.7770612D+04  0.5650251D+03  0.0000000D+00
 -0.3885741D+03 -0.4306906D+03 -0.2071819D+02  0.0000000D+00
  0.2081615D+04  0.3353377D+04 -0.1196022D+03  0.0000000D+00
 -0.3605953D+04 -0.6751383D+04  0.1837020D+03  0.0000000D+00
  0.5819342D+04  0.1136632D+05 -0.7859846D+03  0.0000000D+00
 -0.9387659D+04 -0.2806881D+04  0.2213112D+04  0.0000000D+00
  0.2598047D+04 -0.1921118D+04 -0.1189066D+04  0.0000000D+00
  0.5611860D+03  0.8851697D+04 -0.2601695D+03  0.0000000D+00
 -0.2721124D+04  0.4850517D+04 -0.7637859D+02  0.0000000D+00
 -0.1483032D+04  0.5457938D+04  0.1270328D+04  0.0000000D+00
 -0.3742635D+04  0.7951625D+04 -0.2348063D+04  0.0000000D+00
 -0.2882988D+05  0.9835661D+04  0.3162849D+04  0.0000000D+00
 -0.4395926D+05  0.7344118D+04  0.3575330D+03  0.0000000D+00
 -0.5572332D+05  0.5337598D+04 -0.1834122D+04  0.0000000D+00
 -0.6076521D+05  0.4479843D+04 -0.2773073D+04  0.0000000D+00
  0.2704618D+03  0.1445724D+02  0.2611744D+02  0.0000000D+00
  0.7323631D+02 -0.1518148D+03 -0.1200052D+02  0.0000000D+00
 -0.2916927D+03 -0.2948389D+03 -0.1675525D+03  0.0000000D+00
  0.1650184D+04 -0.6513838D+02  0.1050303D+02  0.0000000D+00
 -0.4487884D+04  0.2912667D+04 -0.1005396D+03  0.0000000D+00
 -0.1098943D+04 -0.8437356D+03 -0.1511474D+03  0.0000000D+00
  0.3977160D+04  0.1714420D+04  0.5269231D+03  0.0000000D+00
  0.6975015D+04  0.4253567D+04  0.1356231D+04  0.0000000D+00
  0.8257497D+04  0.9582760D+04  0.2069452D+04  0.0000000D+00
  0.8005090D+03  0.9721396D+03  0.8378257D+03  0.0000000D+00
  0.8133104D+04  0.7794879D+04  0.2322688D+03  0.0000000D+00
 -0.6430996D+04  0.1740997D+04  0.7930508D+03  0.0000000D+00
 -0.1759946D+05 -0.3039467D+04  0.1233920D+04  0.0000000D+00
 -0.2239090D+05 -0.5085938D+04  0.1422714D+04  0.0000000D+00
 -0.1392314D+01  0.2112324D+02  0.2257649D+01  0.0000000D+00
 -0.7924975D+02 -0.1340062D+03 -0.8939176D+01  0.0000000D+00
  0.2230705D+03  0.2358561D+03  0.1898837D+02  0.0000000D+00
 -0.3497355D+03 -0.3845035D+03 -0.2548160D+02  0.0000000D+00
 -0.8369429D+02  0.7235034D+03  0.5231008D+02  0.0000000D+00
  0.8814816D+01 -0.1518743D+04 -0.1260546D+03  0.0000000D+00
 -0.1643023D+04  0.4494943D+04  0.6163832D+03  0.0000000D+00
  0.4749999D+04  0.3375219D+04 -0.4014694D+03  0.0000000D+00
 -0.1819049D+04  0.6773931D+03 -0.1954577D+04  0.0000000D+00
  0.9235574D+04  0.3118655D+03 -0.6536884D+03  0.0000000D+00
  0.2528806D+04 -0.7870592D+04 -0.1234230D+04  0.0000000D+00
 -0.1406793D+04 -0.3995381D+04 -0.2018730D+04  0.0000000D+00
 -0.4572945D+04 -0.1036450D+04 -0.2623540D+04  0.0000000D+00
 -0.5926587D+04  0.2333743D+03 -0.2882911D+04  0.0000000D+00
  0.9354157D+02 -0.2588336D+01  0.2288447D+01  0.0000000D+00
 -0.4358429D+02  0.4609912D+02 -0.8299799D+01  0.0000000D+00
  0.7918044D+02 -0.6510746D+02  0.1727168D+02  0.0000000D+00
 -0.1691460D+03  0.1255999D+03 -0.3535798D+02  0.0000000D+00
 -0.1656417D+03 -0.9566206D+02  0.5650300D+02  0.0000000D+00
 -0.2200950D+03  0.1123722D+03 -0.1017974D+03  0.0000000D+00
  0.4251722D+04 -0.7982883D+03  0.4287079D+02  0.0000000D+00
  0.4721351D+04  0.5878530D+02  0.9823908D+03  0.0000000D+00
  0.8289557D+04  0.4363789D+04 -0.1146886D+04  0.0000000D+00
  0.3957692D+04 -0.8573438D+04 -0.5658292D+03  0.0000000D+00
  0.5476038D+03  0.5493384D+04 -0.9459582D+03  0.0000000D+00
 -0.1566282D+05  0.3720086D+04 -0.1381330D+04  0.0000000D+00
 -0.2829153D+05  0.2330715D+04 -0.1713228D+04  0.0000000D+00
 -0.3370316D+05  0.1735634D+04 -0.1855683D+04  0.0000000D+00
  0.8617339D+02  0.7882470D+01  0.1091222D+01  0.0000000D+00
 -0.1596036D+03 -0.2183223D+02 -0.1712595D+02  0.0000000D+00
  0.1279132D+03  0.4156325D+02  0.4020644D+02  0.0000000D+00
 -0.3854256D+02 -0.8700768D+02 -0.6345688D+02  0.0000000D+00
 -0.7579160D+03  0.2119056D+03  0.1043363D+03  0.0000000D+00
  0.4207399D+03 -0.3049347D+03 -0.1914904D+03  0.0000000D+00
  0.1260043D+04  0.6664945D+03  0.5051067D+03  0.0000000D+00
  0.7128817D+04 -0.1778874D+04  0.2256242D+03  0.0000000D+00
  0.2520419D+04 -0.2228555D+04 -0.3503621D+03  0.0000000D+00
  0.6144095D+04 -0.3501658D+04  0.1183530D+04  0.0000000D+00
  0.9876472D+04  0.3225239D+04 -0.2169847D+04  0.0000000D+00
  0.7228787D+04  0.2229684D+04 -0.7911230D+03  0.0000000D+00
  0.5178948D+04  0.1421393D+04  0.2812188D+03  0.0000000D+00
  0.4300156D+04  0.1076072D+04  0.7407818D+03  0.0000000D+00
  0.1007302D+03 -0.9063062D+01 -0.5697236D+01  0.0000000D+00
  0.2023814D+03  0.2305670D+02  0.3198542D+02  0.0000000D+00
 -0.3829995D+03 -0.4916109D+02 -0.5168496D+02  0.0000000D+00
  0.7073556D+03  0.9533471D+02  0.9039694D+02  0.0000000D+00
 -0.1027118D+04 -0.2009214D+03 -0.1678733D+03  0.0000000D+00
  0.7385124D+03  0.6219945D+03  0.3438081D+03  0.0000000D+00
 -0.1034218D+03 -0.2242732D+04 -0.6622434D+03  0.0000000D+00
  0.2631903D+04 -0.2650020D+02 -0.1741062D+03  0.0000000D+00
 -0.5552928D+04  0.1381249D+04 -0.2955226D+03  0.0000000D+00
  0.8215763D+04 -0.9747324D+03  0.9595980D+03  0.0000000D+00
  0.3025724D+04  0.2602288D+04 -0.6402783D+02  0.0000000D+00
 -0.7309014D+04  0.2221668D+04  0.3474932D+03  0.0000000D+00
 -0.1546305D+05  0.1885010D+04  0.6849961D+03  0.0000000D+00
 -0.1895399D+05  0.1742015D+04  0.8290865D+03  0.0000000D+00
 -0.1645080D+03 -0.7446463D+01 -0.1869571D+00  0.0000000D+00
  0.3239173D+03  0.4047549D+02  0.5983420D+01  0.0000000D+00
 -0.3975710D+03 -0.8134929D+02 -0.1126088D+02  0.0000000D+00
  0.6632206D+03  0.1200108D+03  0.2018741D+02  0.0000000D+00
 -0.5633745D+02 -0.1934851D+03 -0.4164970D+02  0.0000000D+00
  0.3738300D+03  0.9290425D+02  0.3125338D+02  0.0000000D+00
  0.5097886D+03 -0.1667058D+04  0.1000113D+03  0.0000000D+00
  0.1889869D+04 -0.1892473D+04 -0.2939508D+03  0.0000000D+00
 -0.4402862D+03  0.1194665D+04 -0.6637620D+03  0.0000000D+00
 -0.1869924D+04 -0.4389589D+04  0.2823763D+03  0.0000000D+00
  0.4624593D+04  0.7509484D+04 -0.7603094D+03  0.0000000D+00
 -0.1625906D+04  0.4185746D+04  0.6618363D+03  0.0000000D+00
 -0.6409831D+04  0.1639832D+04  0.1776156D+04  0.0000000D+00
 -0.8462490D+04  0.5475343D+03  0.2253456D+04  0.0000000D+00
 -0.2466727D+03 -0.1439063D+02 -0.2924349D+01  0.0000000D+00
  0.9836457D+02  0.1043162D+03  0.9930801D+01  0.0000000D+00
 -0.1155539D+03 -0.1879627D+03 -0.2072457D+02  0.0000000D+00
  0.6132965D+03  0.3024686D+03  0.3459642D+02  0.0000000D+00
 -0.4433500D+03 -0.5788924D+03 -0.6101360D+02  0.0000000D+00
 -0.4637581D+03  0.1030183D+04  0.1278671D+03  0.0000000D+00
 -0.2288947D+04 -0.2679097D+04 -0.4498127D+03  0.0000000D+00
  0.1411580D+04 -0.1347464D+04 -0.2934963D+03  0.0000000D+00
 -0.4659989D+04 -0.1332665D+04 -0.1227804D+04  0.0000000D+00
  0.7272422D+04 -0.4207765D+04  0.1540354D+04  0.0000000D+00
 -0.9555099D+03 -0.1907798D+04 -0.7178384D+03  0.0000000D+00
 -0.9376748D+04 -0.3064325D+02  0.1323057D+03  0.0000000D+00
 -0.1600597D+05  0.1445000D+04  0.7900406D+03  0.0000000D+00
 -0.1884459D+05  0.2076929D+04  0.1072028D+04  0.0000000D+00
 -0.4445952D+03 -0.5397673D+03 -0.2382198D+02  0.0000000D+00
  0.1076541D+04  0.3789231D+03  0.4340529D+02  0.0000000D+00
 -0.2499086D+04 -0.1322971D+04 -0.4200575D+02  0.0000000D+00
  0.5476811D+04  0.1860246D+04 -0.1973959D+03  0.0000000D+00
 -0.7876025D+04 -0.1151973D+03  0.4213104D+03  0.0000000D+00
  0.5640652D+04 -0.2293186D+04  0.1698954D+03  0.0000000D+00
  0.8908954D+04 -0.3285675D+04 -0.4281186D+02  0.0000000D+00
  0.2720118D+04 -0.8006329D+04  0.4114855D+03  0.0000000D+00
  0.7211233D+04  0.3572415D+03  0.5346036D+03  0.0000000D+00
  0.5626671D+03 -0.6680667D+03  0.8724588D+03  0.0000000D+00
  0.5405626D+04 -0.7561317D+03  0.6056171D+02  0.0000000D+00
  0.7112519D+03  0.3008520D+04  0.7659059D+03  0.0000000D+00
 -0.2872574D+04  0.5935301D+04  0.1315470D+04  0.0000000D+00
 -0.4410588D+04  0.7189668D+04  0.1550962D+04  0.0000000D+00
 -0.7254381D+03 -0.5041235D+03 -0.3944371D+02  0.0000000D+00
  0.2370547D+04  0.5010453D+03  0.1167390D+02  0.0000000D+00
 -0.5035182D+04 -0.1610059D+04  0.2259085D+02  0.0000000D+00
  0.9822969D+04  0.2665910D+04 -0.1956094D+03  0.0000000D+00
 -0.7515816D+04 -0.2343266D+04  0.7029807D+02  0.0000000D+00
  0.5374715D+04 -0.1214422D+04  0.4554214D+02  0.0000000D+00
  0.1279299D+05 -0.5999969D+04  0.1149615D+03  0.0000000D+00
  0.4742007D+03 -0.1198364D+05 -0.1301230D+03  0.0000000D+00
  0.2440754D+04 -0.7262371D+04  0.9753284D+03  0.0000000D+00
  0.4073498D+04 -0.3002150D+04 -0.8818133D+03  0.0000000D+00
  0.5659883D+04  0.1759678D+04 -0.6246737D+02  0.0000000D+00
 -0.1172036D+04  0.4686657D+04 -0.8670416D+03  0.0000000D+00
 -0.6417909D+04  0.7034525D+04 -0.1478023D+04  0.0000000D+00
 -0.8668247D+04  0.8038517D+04 -0.1740333D+04  0.0000000D+00
  0.1246886D+03 -0.1833799D+03 -0.4401236D+02  0.0000000D+00
  0.9743838D+02  0.2561812D+03  0.4832043D+02  0.0000000D+00
 -0.7010810D+02  0.7294119D+02 -0.1097834D+03  0.0000000D+00
  0.4397981D+03  0.5231540D+03 -0.6594569D+01  0.0000000D+00
 -0.4322449D+04 -0.3328649D+03  0.6847191D+03  0.0000000D+00
  0.2126867D+04 -0.3743539D+03 -0.1818282D+03  0.0000000D+00
  0.6397289D+03 -0.4201353D+04  0.7723790D+03  0.0000000D+00
  0.2242371D+04  0.1388062D+05  0.2603732D+03  0.0000000D+00
  0.1399606D+04 -0.5333778D+04 -0.1151109D+04  0.0000000D+00
 -0.1665737D+04  0.2520638D+04 -0.1728693D+04  0.0000000D+00
 -0.1382948D+04 -0.6575883D+04 -0.2071046D+04  0.0000000D+00
 -0.3571767D+04 -0.5321725D+04 -0.1209275D+04  0.0000000D+00
 -0.5199848D+04 -0.4335063D+04 -0.5490683D+03  0.0000000D+00
 -0.5899923D+04 -0.3912589D+04 -0.2658094D+03  0.0000000D+00
 -0.6648691D+02 -0.1468331D+02  0.1961707D+01  0.0000000D+00
 -0.1284755D+03  0.9279328D+02 -0.8265691D+01  0.0000000D+00
  0.1673687D+03 -0.1689477D+03  0.1286941D+02  0.0000000D+00
 -0.3414279D+03  0.2758904D+03 -0.1955025D+02  0.0000000D+00
  0.1142548D+04 -0.4047670D+03  0.3030756D+02  0.0000000D+00
 -0.1206058D+04  0.5981968D+03 -0.7032531D+02  0.0000000D+00
  0.7865435D+04 -0.3875619D+04  0.1376600D+03  0.0000000D+00
  0.2612898D+04 -0.4786007D+04  0.1591471D+03  0.0000000D+00
  0.2492845D+04 -0.5194977D+04 -0.8610684D+03  0.0000000D+00
 -0.7163164D+03  0.2148406D+04 -0.1099975D+04  0.0000000D+00
  0.1878989D+04  0.5381776D+03 -0.1196097D+04  0.0000000D+00
 -0.2225238D+04  0.1554354D+04 -0.2358172D+04  0.0000000D+00
 -0.5439196D+04  0.2346526D+04 -0.3249861D+04  0.0000000D+00
 -0.6815907D+04  0.2685971D+04 -0.3632392D+04  0.0000000D+00
 -0.1315491D+02  0.6016482D+01  0.5571724D+01  0.0000000D+00
 -0.1478411D+02 -0.4764932D+02 -0.3057109D+02  0.0000000D+00
  0.8123225D+02  0.7821686D+02  0.5359114D+02  0.0000000D+00
 -0.4054295D+03 -0.1283299D+03 -0.9091379D+02  0.0000000D+00
  0.8923174D+03  0.1705048D+03  0.1735339D+03  0.0000000D+00
 -0.7611471D+03 -0.9884755D+02 -0.3030402D+03  0.0000000D+00
  0.1537914D+04 -0.1120251D+03  0.8876066D+03  0.0000000D+00
 -0.1244659D+04  0.7170886D+04 -0.5842342D+03  0.0000000D+00
  0.3693076D+02  0.1008070D+05 -0.7646951D+03  0.0000000D+00
 -0.1596959D+04  0.5048427D+04 -0.3431269D+03  0.0000000D+00
 -0.6979276D+04 -0.2338220D+04 -0.8228074D+03  0.0000000D+00
 -0.4632604D+04 -0.7863644D+02  0.6921145D+02  0.0000000D+00
 -0.2826350D+04  0.1518484D+04  0.7728218D+03  0.0000000D+00
 -0.2051662D+04  0.2207983D+04  0.1074057D+04  0.0000000D+00
  0.1958810D+03 -0.7819683D+01 -0.1339026D+01  0.0000000D+00
 -0.3864240D+03  0.1607841D+02  0.9994074D+00  0.0000000D+00
  0.6335158D+03 -0.2550716D+02 -0.3544752D+00  0.0000000D+00
 -0.7867626D+03  0.3280073D+02  0.2752894D+01  0.0000000D+00
  0.1003955D+04 -0.1370481D+03 -0.6098485D+00  0.0000000D+00
 -0.2331674D+04  0.2227959D+03  0.6847216D+01  0.0000000D+00
  0.4238543D+04  0.7537198D+03  0.4177199D+02  0.0000000D+00
  0.4209221D+04 -0.5434932D+04  0.1768482D+03  0.0000000D+00
  0.9867264D+03  0.1632153D+04 -0.1334799D+02  0.0000000D+00
  0.5479094D+04  0.2233029D+04 -0.2612592D+03  0.0000000D+00
  0.4855624D+04 -0.1223289D+03  0.1707581D+03  0.0000000D+00
 -0.3169305D+04 -0.4064967D+02 -0.1243614D+04  0.0000000D+00
 -0.9300982D+04  0.4915819D+02 -0.2345774D+04  0.0000000D+00
 -0.1193228D+05  0.8681620D+02 -0.2818058D+04  0.0000000D+00
 -0.2180172D+02  0.4398738D+01  0.4449647D+01  0.0000000D+00
  0.2023655D+03 -0.1576945D+02 -0.2456673D+02  0.0000000D+00
 -0.4293419D+03  0.2106087D+02  0.4477695D+02  0.0000000D+00
  0.7287828D+03 -0.4761518D+02 -0.7373449D+02  0.0000000D+00
 -0.5963687D+03 -0.1929141D+02  0.1201022D+03  0.0000000D+00
  0.1990195D+03 -0.2584076D+02 -0.1962512D+03  0.0000000D+00
 -0.1767593D+04  0.4291611D+03  0.5293886D+03  0.0000000D+00
 -0.2904037D+04 -0.1185475D+04 -0.8822654D+03  0.0000000D+00
 -0.3028992D+04  0.4483736D+04  0.1027589D+04  0.0000000D+00
 -0.1616137D+04 -0.3797433D+04  0.1610137D+03  0.0000000D+00
 -0.4941689D+03  0.3653055D+04 -0.5350684D+03  0.0000000D+00
 -0.1716758D+04 -0.3199662D+03  0.9518572D+03  0.0000000D+00
 -0.2668179D+04 -0.3477158D+04  0.2105834D+04  0.0000000D+00
 -0.3075908D+04 -0.4828098D+04  0.2600468D+04  0.0000000D+00
 -0.7762773D+01  0.3853912D+01  0.5051719D+00  0.0000000D+00
  0.1258485D+03  0.4505490D+01  0.5299103D+01  0.0000000D+00
 -0.1095149D+03 -0.1175683D+02 -0.1054954D+02  0.0000000D+00
 -0.1557179D+03  0.2541632D+02  0.1955009D+02  0.0000000D+00
 -0.2770833D+03 -0.7937505D+02 -0.4114332D+02  0.0000000D+00
 -0.6147101D+03  0.1972880D+03  0.4376892D+02  0.0000000D+00
  0.1189658D+04 -0.4586967D+03 -0.7057073D+02  0.0000000D+00
 -0.5585521D+03 -0.2276161D+04 -0.2546282D+03  0.0000000D+00
  0.1819493D+04  0.7049745D+03  0.1839229D+03  0.0000000D+00
 -0.5871758D+04 -0.1304902D+03  0.5779189D+03  0.0000000D+00
  0.8632239D+03 -0.1346875D+04  0.9602669D+03  0.0000000D+00
 -0.2164447D+04 -0.1869916D+04  0.2770078D+03  0.0000000D+00
 -0.4454489D+04 -0.2258063D+04 -0.2600518D+03  0.0000000D+00
 -0.5437946D+04 -0.2425003D+04 -0.4900411D+03  0.0000000D+00
  0.8438316D+01 -0.4929671D+00 -0.1939511D+01  0.0000000D+00
  0.1032004D+03 -0.9386788D+01  0.1343122D+02  0.0000000D+00
 -0.1071536D+03  0.1840027D+02 -0.2278619D+02  0.0000000D+00
  0.3861241D+02 -0.1077148D+02  0.3867481D+02  0.0000000D+00
 -0.8261703D+03  0.6322611D+02 -0.6064293D+02  0.0000000D+00
  0.1952070D+04 -0.1325650D+03  0.1390583D+03  0.0000000D+00
 -0.3888760D+04 -0.5866496D+03 -0.4279865D+03  0.0000000D+00
 -0.3775130D+03  0.3480972D+02 -0.6412977D+02  0.0000000D+00
 -0.3588620D+04  0.7167992D+03  0.2022778D+03  0.0000000D+00
  0.2180616D+04 -0.3243289D+04  0.4624130D+03  0.0000000D+00
 -0.5641455D+03  0.2894997D+03  0.5870276D+02  0.0000000D+00
 -0.4108077D+04  0.1312749D+04  0.3456032D+03  0.0000000D+00
 -0.6758407D+04  0.1991339D+04  0.5681343D+03  0.0000000D+00
 -0.7897600D+04  0.2285861D+04  0.6635217D+03  0.0000000D+00
 -0.2363698D+03  0.6755477D+03 -0.3427241D+02  0.0000000D+00
  0.8755795D+03 -0.1830066D+03  0.1260100D+03  0.0000000D+00
 -0.2049897D+04 -0.3740411D+02 -0.1372789D+03  0.0000000D+00
  0.1888529D+04  0.5276287D+03  0.2662562D+03  0.0000000D+00
 -0.1031394D+04 -0.7855772D+01  0.6206105D+03  0.0000000D+00
  0.1132903D+04 -0.3146557D+03 -0.2316797D+03  0.0000000D+00
  0.5133923D+04  0.4074968D+04 -0.2142074D+03  0.0000000D+00
  0.2515702D+04  0.7857160D+03  0.1699709D+03  0.0000000D+00
  0.6923080D+04  0.2567895D+04  0.1629978D+03  0.0000000D+00
  0.2554024D+04  0.3974073D+04 -0.9930853D+02  0.0000000D+00
 -0.4020096D+04 -0.3252419D+03  0.8217067D+03  0.0000000D+00
 -0.1628734D+05 -0.7414846D+03 -0.4977043D+03  0.0000000D+00
 -0.2583604D+05 -0.1029397D+04 -0.1514740D+04  0.0000000D+00
 -0.2992810D+05 -0.1153923D+04 -0.1950895D+04  0.0000000D+00
 -0.3134314D+02  0.9419782D+03 -0.7717796D+02  0.0000000D+00
  0.8530814D+03 -0.6708790D+03  0.2356763D+03  0.0000000D+00
 -0.2370094D+04  0.6146771D+03 -0.3666225D+03  0.0000000D+00
  0.1825549D+04 -0.1400775D+04  0.5491950D+03  0.0000000D+00
 -0.4794306D+04 -0.1881660D+04  0.5564575D+03  0.0000000D+00
  0.3113459D+04 -0.4198379D+03 -0.2785013D+03  0.0000000D+00
  0.7244256D+04  0.5729661D+04 -0.5412561D+03  0.0000000D+00
  0.4744217D+04  0.4295755D+04  0.6319398D+03  0.0000000D+00
  0.2764608D+04  0.6627271D+03 -0.7450330D+03  0.0000000D+00
  0.6299192D+04  0.2171453D+04  0.6320998D+03  0.0000000D+00
 -0.1759327D+04  0.1364477D+04  0.1170100D+04  0.0000000D+00
 -0.2767629D+05 -0.7086038D+03 -0.2567473D+03  0.0000000D+00
 -0.4780674D+05 -0.2409655D+04 -0.1358050D+04  0.0000000D+00
 -0.5643488D+05 -0.3135881D+04 -0.1830299D+04  0.0000000D+00
 -0.1842407D+03  0.2629750D+03  0.1426175D+02  0.0000000D+00
  0.9037325D+03  0.5358192D+03 -0.5732862D+02  0.0000000D+00
 -0.1647930D+04 -0.8003603D+03  0.2238569D+02  0.0000000D+00
  0.2387932D+04  0.1021015D+04 -0.1121379D+03  0.0000000D+00
 -0.2364015D+04 -0.3031398D+04 -0.4059008D+02  0.0000000D+00
  0.9082039D+02  0.7226862D+03 -0.1409524D+03  0.0000000D+00
  0.1081040D+04 -0.1265491D+04 -0.7840678D+03  0.0000000D+00
  0.1727684D+03  0.4244192D+04 -0.5060006D+03  0.0000000D+00
 -0.5005307D+04 -0.5187070D+04  0.2374178D+04  0.0000000D+00
  0.9322114D+04 -0.6400690D+03 -0.1001110D+04  0.0000000D+00
 -0.8241164D+03 -0.2384232D+02  0.1921957D+04  0.0000000D+00
 -0.9763293D+04  0.2175223D+03  0.1054005D+04  0.0000000D+00
 -0.1669139D+05  0.3761133D+03  0.3722023D+03  0.0000000D+00
 -0.1966136D+05  0.4449971D+03  0.8022376D+02  0.0000000D+00
 -0.4456100D+02  0.1807098D+02 -0.4162896D+01  0.0000000D+00
  0.2953304D+03 -0.6698173D+02  0.8302542D+01  0.0000000D+00
 -0.5619059D+03  0.1153849D+03 -0.1289957D+02  0.0000000D+00
  0.6293164D+03 -0.1927547D+03  0.2318589D+02  0.0000000D+00
 -0.6865077D+03  0.2976951D+03 -0.5519587D+02  0.0000000D+00
  0.9513997D+03 -0.5683071D+03  0.1626834D+03  0.0000000D+00
  0.1379700D+04  0.2585994D+04 -0.2704433D+03  0.0000000D+00
  0.3869768D+04  0.1116059D+04 -0.5101108D+03  0.0000000D+00
  0.2299729D+04 -0.2726549D+03  0.1646898D+04  0.0000000D+00
  0.1036688D+04 -0.2702539D+04 -0.2927210D+02  0.0000000D+00
  0.2246515D+04  0.8726034D+04  0.4144449D+03  0.0000000D+00
 -0.7607806D+04  0.4703818D+04  0.4466879D+03  0.0000000D+00
 -0.1534170D+05  0.1551698D+04  0.4613436D+03  0.0000000D+00
 -0.1865401D+05  0.2015810D+03  0.4679528D+03  0.0000000D+00
  0.2035796D+02 -0.2806810D+01 -0.1717500D+01  0.0000000D+00
  0.1184193D+03  0.1026622D+02  0.7935574D+01  0.0000000D+00
 -0.1993748D+03 -0.1308539D+02 -0.1194351D+02  0.0000000D+00
  0.2284477D+03  0.1787522D+02  0.2130695D+02  0.0000000D+00
 -0.4492686D+03 -0.9107310D+02 -0.1886286D+02  0.0000000D+00
  0.2659701D+03  0.1020853D+03  0.1368000D+02  0.0000000D+00
  0.9381804D+03 -0.1433333D+04 -0.3597436D+03  0.0000000D+00
 -0.9441864D+03 -0.2488996D+04  0.2955809D+03  0.0000000D+00
  0.3710501D+04  0.1174588D+02  0.2114161D+04  0.0000000D+00
  0.5689297D+03 -0.6446515D+03 -0.2072819D+04  0.0000000D+00
 -0.1219744D+04 -0.2957185D+04  0.1557935D+04  0.0000000D+00
 -0.1528013D+05 -0.1040700D+04  0.3097480D+03  0.0000000D+00
 -0.2619561D+05  0.4225825D+03 -0.6701071D+03  0.0000000D+00
 -0.3087428D+05  0.1050556D+04 -0.1089748D+04  0.0000000D+00
 -0.2107038D+01 -0.2583826D+00 -0.1112078D+01  0.0000000D+00
 -0.1797909D+03 -0.1303355D+02 -0.8970816D+01  0.0000000D+00
  0.5077228D+03  0.2857485D+02  0.1070007D+02  0.0000000D+00
 -0.5517022D+03 -0.4377789D+02 -0.1175596D+02  0.0000000D+00
  0.1238601D+04  0.8802557D+02  0.4645615D+02  0.0000000D+00
 -0.7992951D+03 -0.2042337D+03 -0.1499043D+03  0.0000000D+00
  0.6312804D+03 -0.8940051D+02  0.1029842D+03  0.0000000D+00
  0.2474369D+04  0.1125201D+04 -0.1169921D+04  0.0000000D+00
  0.1724514D+04  0.2940311D+04  0.1157568D+03  0.0000000D+00
  0.1698488D+04 -0.1612942D+04 -0.1135905D+04  0.0000000D+00
  0.6328808D+04  0.5116847D+04  0.1183047D+03  0.0000000D+00
  0.7461941D+04  0.1752906D+04  0.2646025D+03  0.0000000D+00
  0.8344068D+04 -0.9185579D+03  0.3753584D+03  0.0000000D+00
  0.8722106D+04 -0.2061712D+04  0.4229229D+03  0.0000000D+00
 -0.4074834D+02 -0.3845814D+01 -0.1341443D-01  0.0000000D+00
  0.5687216D+02  0.2267720D+02  0.4423001D+00  0.0000000D+00
  0.5793866D+02 -0.5377662D+02 -0.3897728D+01  0.0000000D+00
 -0.1721974D+03  0.9510850D+02  0.5575872D+01  0.0000000D+00
  0.3640957D+03 -0.1738036D+03 -0.2546435D+02  0.0000000D+00
  0.2188085D+03  0.3960487D+03  0.5577745D+02  0.0000000D+00
 -0.1465990D+04 -0.1236844D+04 -0.1313412D+03  0.0000000D+00
 -0.8337622D+03 -0.1612004D+04  0.2525867D+03  0.0000000D+00
 -0.4869750D+03 -0.1030529D+03 -0.2227962D+03  0.0000000D+00
  0.5517982D+04 -0.3863349D+04 -0.1527162D+04  0.0000000D+00
  0.4979670D+03 -0.1187113D+04  0.1101266D+04  0.0000000D+00
 -0.1066860D+05 -0.1973843D+04  0.6622721D+01  0.0000000D+00
 -0.1931951D+05 -0.2607401D+04 -0.8532150D+03  0.0000000D+00
 -0.2302812D+05 -0.2878231D+04 -0.1221440D+04  0.0000000D+00
  0.5553562D+02 -0.2929754D+01 -0.1160256D+01  0.0000000D+00
 -0.1631122D+03  0.2469380D+02  0.6446099D+01  0.0000000D+00
  0.2530930D+03 -0.3571952D+02 -0.1527075D+02  0.0000000D+00
 -0.4347628D+03  0.8384797D+02  0.1988223D+02  0.0000000D+00
  0.6662818D+03 -0.1427832D+03 -0.4772556D+02  0.0000000D+00
 -0.5753753D+03  0.6639697D+02  0.6369165D+02  0.0000000D+00
  0.8175454D+03 -0.2501726D+03  0.5492611D+02  0.0000000D+00
  0.2786608D+03 -0.4435838D+03  0.1144532D+04  0.0000000D+00
  0.2376295D+04 -0.6580850D+03 -0.1080716D+04  0.0000000D+00
 -0.1917140D+04 -0.7612128D+03  0.1417611D+03  0.0000000D+00
  0.4052923D+03  0.3853188D+04 -0.4576351D+02  0.0000000D+00
  0.4273973D+04  0.2298421D+04  0.3249471D+03  0.0000000D+00
  0.7236316D+04  0.1128749D+04  0.6257058D+03  0.0000000D+00
  0.8507354D+04  0.6262326D+03  0.7542093D+03  0.0000000D+00
  0.1670372D+02 -0.1526336D+02  0.2514450D+01  0.0000000D+00
  0.4678537D+02  0.8939459D+02 -0.1214086D+02  0.0000000D+00
 -0.1918836D+03 -0.1562461D+03  0.2107116D+02  0.0000000D+00
  0.3767896D+03  0.2534488D+03 -0.2879357D+02  0.0000000D+00
 -0.6771982D+03 -0.4451031D+03  0.5438060D+02  0.0000000D+00
  0.6170187D+03  0.8541593D+03 -0.8113969D+02  0.0000000D+00
 -0.2884542D+03 -0.2097370D+04  0.1930189D+03  0.0000000D+00
 -0.1172597D+04  0.1118028D+04  0.1198165D+03  0.0000000D+00
  0.4859288D+03  0.4747927D+03  0.1441869D+04  0.0000000D+00
  0.4038342D+03 -0.2180472D+04 -0.8923425D+02  0.0000000D+00
 -0.2479473D+04 -0.2222738D+03  0.8729741D+03  0.0000000D+00
 -0.5564973D+04  0.5046813D+03  0.1075683D+03  0.0000000D+00
 -0.8008029D+04  0.1062686D+04 -0.4855019D+03  0.0000000D+00
 -0.9053693D+04  0.1302064D+04 -0.7397399D+03  0.0000000D+00
