  2  2   882 12096  4  4  9 14  7  1    0.00   24.00  100.00 1000.00    0.00    6.28   45.00   45.00
  100.0  100.0  100.0  100.0  125.0  150.0  190.0  230.0  275.0  350.0  450.0  550.0  650.0  850.0 1000.0 1000.0 1000.0 1000.0
  0.1260876D+05 -0.3351850D+03 -0.2985061D+03  0.0000000D+00
  0.4072081D+03  0.8762241D+03  0.9525500D+02  0.0000000D+00
  0.1914423D+05 -0.5744475D+04  0.1451265D+03  0.0000000D+00
  0.2567183D+05  0.8291385D+04 -0.1648328D+02  0.0000000D+00
  0.5353954D+05  0.1685125D+05 -0.6350873D+03  0.0000000D+00
  0.6231937D+04  0.4425316D+04  0.1216335D+04  0.0000000D+00
  0.2959514D+05  0.2463552D+04  0.1918634D+04  0.0000000D+00
  0.1697323D+05  0.2268742D+04  0.3197828D+04  0.0000000D+00
  0.3602962D+05 -0.2120533D+05  0.4118194D+04  0.0000000D+00
  0.6840493D+05 -0.6108851D+05  0.1864302D+04  0.0000000D+00
  0.1375331D+06 -0.1244461D+06  0.9810268D+03  0.0000000D+00
  0.2872289D+06 -0.9053695D+05  0.1282368D+04  0.0000000D+00
  0.4035421D+06 -0.6413319D+05  0.1525163D+04  0.0000000D+00
  0.4533942D+06 -0.5281850D+05  0.1628950D+04  0.0000000D+00
  0.4346990D+04  0.3094585D+04 -0.2661465D+03  0.0000000D+00
 -0.5410560D+04 -0.4291796D+04  0.9906429D+03  0.0000000D+00
  0.1940522D+05  0.6304211D+04 -0.1614319D+04  0.0000000D+00
 -0.1324771D+05 -0.1100733D+05  0.1964387D+04  0.0000000D+00
  0.1377183D+05  0.5308533D+04 -0.1014508D+04  0.0000000D+00
 -0.1116003D+04  0.1143704D+05 -0.1155685D+03  0.0000000D+00
  0.3926716D+04  0.8585533D+04  0.7718907D+03  0.0000000D+00
 -0.7449212D+04  0.9328003D+04  0.1127662D+04  0.0000000D+00
  0.1102474D+05 -0.1045041D+05  0.1698851D+04  0.0000000D+00
 -0.3096227D+04  0.1775805D+04  0.3872411D+04  0.0000000D+00
  0.1985910D+05  0.2977235D+04  0.3996192D+04  0.0000000D+00
  0.7093580D+04  0.4308602D+05  0.5738301D+04  0.0000000D+00
 -0.2864800D+04  0.7422611D+05  0.7083905D+04  0.0000000D+00
 -0.7131644D+04  0.8757350D+05  0.7660883D+04  0.0000000D+00
  0.2612302D+03  0.2349997D+03  0.3102046D+02  0.0000000D+00
 -0.7914596D+03  0.2656819D+03 -0.2114433D+03  0.0000000D+00
 -0.6867567D+03 -0.2428377D+04  0.4022148D+01  0.0000000D+00
 -0.7056468D+03 -0.9791016D+03  0.5044816D+03  0.0000000D+00
 -0.4519417D+04 -0.5621063D+04  0.1097461D+04  0.0000000D+00
  0.1427218D+04  0.2414968D+04 -0.4114431D+03  0.0000000D+00
  0.1394988D+04 -0.4169559D+03  0.1321139D+04  0.0000000D+00
  0.1642588D+04 -0.2373454D+04  0.8690528D+03  0.0000000D+00
  0.1240867D+05 -0.6004895D+04  0.2122440D+04  0.0000000D+00
  0.1115578D+05 -0.1427009D+05  0.3742813D+03  0.0000000D+00
  0.3644795D+05  0.6589715D+04  0.4381486D+03  0.0000000D+00
  0.1604332D+05  0.2138299D+05  0.7898493D+03  0.0000000D+00
  0.1024613D+03  0.3277781D+05  0.1038367D+04  0.0000000D+00
 -0.6726996D+04  0.3766482D+05  0.1145660D+04  0.0000000D+00
 -0.2102721D+03  0.2784339D+01 -0.1971410D+00  0.0000000D+00
  0.4143447D+02 -0.1175162D+02 -0.4477842D+00  0.0000000D+00
 -0.1185765D+03  0.1569624D+02 -0.9869687D+00  0.0000000D+00
  0.2627672D+03 -0.2149291D+02 -0.3188468D+01  0.0000000D+00
 -0.3441314D+03 -0.2696887D+02  0.1027298D+02  0.0000000D+00
  0.1954927D+04  0.2841766D+03 -0.4573222D+02  0.0000000D+00
  0.7021124D+03  0.1414552D+04 -0.2329234D+03  0.0000000D+00
  0.2423264D+04 -0.1991905D+04 -0.6745923D+03  0.0000000D+00
 -0.4152686D+04  0.5821026D+04  0.1944278D+03  0.0000000D+00
 -0.4744649D+04  0.3703273D+04 -0.1201462D+04  0.0000000D+00
 -0.1500336D+05  0.6398249D+04 -0.1764879D+03  0.0000000D+00
 -0.1450222D+05  0.1025153D+05  0.1981348D+04  0.0000000D+00
 -0.1404388D+05  0.1322604D+05  0.3654548D+04  0.0000000D+00
 -0.1384963D+05  0.1450154D+05  0.4371792D+04  0.0000000D+00
  0.1395796D+03 -0.1068332D+02  0.1092366D+01  0.0000000D+00
 -0.2272106D+03  0.2224923D+02  0.1194522D+01  0.0000000D+00
  0.1604804D+02 -0.3016347D+02 -0.3077836D+00  0.0000000D+00
  0.2431878D+03  0.9056007D+02  0.5089485D+01  0.0000000D+00
 -0.7834389D+03 -0.2869986D+02 -0.3407026D+01  0.0000000D+00
  0.4677125D+03  0.1330441D+03 -0.1906154D+02  0.0000000D+00
  0.6772294D+03  0.1638945D+04  0.2036685D+03  0.0000000D+00
  0.1873096D+04  0.2267150D+02 -0.3145200D+03  0.0000000D+00
  0.2514715D+04  0.1258730D+04  0.2177764D+03  0.0000000D+00
 -0.2368702D+03 -0.3185508D+04 -0.8910711D+02  0.0000000D+00
  0.5102438D+04  0.8320545D+04  0.2141187D+04  0.0000000D+00
 -0.1662445D+05  0.2857156D+04  0.8094616D+03  0.0000000D+00
 -0.3353881D+05 -0.1422425D+04 -0.2174225D+03  0.0000000D+00
 -0.4078726D+05 -0.3255532D+04 -0.6577861D+03  0.0000000D+00
  0.3642720D+03  0.3363054D+01 -0.5522973D+00  0.0000000D+00
 -0.3386150D+03 -0.4470658D+02  0.1116207D+02  0.0000000D+00
  0.1599187D+02  0.9050096D+02 -0.1872531D+02  0.0000000D+00
 -0.4142501D+03 -0.1664567D+03  0.3690611D+02  0.0000000D+00
 -0.2023897D+03  0.3692143D+03 -0.7029467D+02  0.0000000D+00
  0.5288897D+02 -0.9848334D+03  0.1583578D+03  0.0000000D+00
 -0.2880575D+03 -0.3155949D+03 -0.1975404D+03  0.0000000D+00
  0.1984002D+04 -0.3363782D+03  0.3362301D+02  0.0000000D+00
 -0.1884346D+04  0.1536303D+04 -0.2750046D+03  0.0000000D+00
  0.3888471D+04 -0.1442453D+04 -0.5735353D+03  0.0000000D+00
 -0.5816939D+04  0.1273877D+04 -0.2026690D+03  0.0000000D+00
  0.2177833D+04  0.5715056D+04 -0.1742443D+03  0.0000000D+00
  0.8416390D+04  0.9199443D+04 -0.1485800D+03  0.0000000D+00
  0.1108937D+05  0.1069180D+05 -0.1376923D+03  0.0000000D+00
 -0.3112757D+03  0.1938043D+02 -0.1774858D-01  0.0000000D+00
  0.3065332D+03 -0.9043811D+02  0.1763451D+01  0.0000000D+00
  0.6732117D+02  0.1579482D+03 -0.2231856D+01  0.0000000D+00
 -0.4024759D+03 -0.3065151D+03  0.3920291D+01  0.0000000D+00
 -0.1816882D+03  0.4724607D+03 -0.6942557D+01  0.0000000D+00
  0.3741140D+03 -0.1249685D+04  0.3918855D+02  0.0000000D+00
 -0.6114630D+03  0.1111294D+02 -0.7722707D+02  0.0000000D+00
  0.1265470D+04 -0.8143914D+03  0.1404210D+03  0.0000000D+00
 -0.3888173D+04  0.2919503D+04 -0.1279365D+03  0.0000000D+00
  0.8149090D+03 -0.1245812D+04  0.2176613D+03  0.0000000D+00
 -0.6668844D+04  0.2956708D+04 -0.6654631D+03  0.0000000D+00
 -0.2193061D+04 -0.3308777D+04  0.5206797D+03  0.0000000D+00
  0.1316256D+04 -0.8158878D+04  0.1446902D+04  0.0000000D+00
  0.2819329D+04 -0.1023819D+05  0.1843733D+04  0.0000000D+00
 -0.2222594D+03  0.1033836D+02  0.7441605D+00  0.0000000D+00
  0.3167963D+03 -0.2711645D-01  0.3856012D+01  0.0000000D+00
  0.1592316D+03 -0.6567608D+01 -0.3997172D+01  0.0000000D+00
  0.8054842D+02  0.1690723D+02  0.8714777D+01  0.0000000D+00
  0.5575198D+03 -0.6527457D+02 -0.2105831D+02  0.0000000D+00
 -0.6852685D+03  0.2664996D+03  0.2416011D+02  0.0000000D+00
 -0.3515692D+03  0.3538002D+03 -0.1460012D+03  0.0000000D+00
  0.6637594D+02 -0.1805017D+01  0.5513557D+02  0.0000000D+00
  0.9481735D+03 -0.5043186D+03  0.9575004D+02  0.0000000D+00
  0.1650495D+04 -0.1078586D+04  0.2331593D+03  0.0000000D+00
  0.7593591D+03 -0.1110104D+03  0.8299537D+02  0.0000000D+00
  0.1842256D+04  0.2854141D+04  0.3698510D+03  0.0000000D+00
  0.2661843D+04  0.5150890D+04  0.5908132D+03  0.0000000D+00
  0.3013801D+04  0.6135505D+04  0.6855776D+03  0.0000000D+00
  0.1925407D+03 -0.8002692D-01  0.5176779D+00  0.0000000D+00
 -0.9386539D+02 -0.4616184D+01  0.1952052D+01  0.0000000D+00
  0.4573214D+02  0.8727930D+01 -0.3656841D+01  0.0000000D+00
  0.4144651D+03  0.4477543D+01  0.8382208D+01  0.0000000D+00
 -0.8612544D+02  0.6940575D+02 -0.1381285D+02  0.0000000D+00
 -0.2720489D+03  0.2822048D+03  0.2354703D+02  0.0000000D+00
 -0.6774983D+03  0.9140037D+03 -0.9324817D+02  0.0000000D+00
  0.6656175D+03 -0.1098147D+04 -0.1623808D+03  0.0000000D+00
 -0.1816534D+04  0.1141994D+04 -0.1358712D+02  0.0000000D+00
  0.1385150D+04 -0.2373121D+04 -0.1575786D+03  0.0000000D+00
 -0.5246956D+04  0.1218764D+04 -0.1384958D+02  0.0000000D+00
  0.3119812D+04 -0.4413007D+04 -0.1002667D+03  0.0000000D+00
  0.9610911D+04 -0.8808870D+04 -0.1657681D+03  0.0000000D+00
  0.1239328D+05 -0.1069229D+05 -0.1938934D+03  0.0000000D+00
  0.4671665D+03  0.1590020D+04 -0.8852034D+02  0.0000000D+00
 -0.1442623D+04 -0.1063060D+04  0.2161018D+01  0.0000000D+00
  0.8295899D+04  0.2933559D+03  0.2149014D+03  0.0000000D+00
 -0.2810243D+03 -0.4056307D+03 -0.1239495D+04  0.0000000D+00
 -0.3182017D+04 -0.4397707D+04 -0.1793169D+03  0.0000000D+00
 -0.1190121D+03  0.1463360D+04  0.4804828D+03  0.0000000D+00
 -0.4872054D+03 -0.2073653D+04  0.6258915D+02  0.0000000D+00
 -0.5298213D+04  0.4820435D+04 -0.4434894D+02  0.0000000D+00
  0.3680764D+04 -0.6167314D+04 -0.1082962D+04  0.0000000D+00
  0.4384471D+04  0.7180296D+04 -0.2114522D+04  0.0000000D+00
  0.1325669D+05 -0.2403763D+03 -0.2152902D+04  0.0000000D+00
  0.2471916D+05 -0.2619529D+04 -0.4785620D+04  0.0000000D+00
  0.3367145D+05 -0.4412700D+04 -0.6834749D+04  0.0000000D+00
  0.3750698D+05 -0.5183028D+04 -0.7712894D+04  0.0000000D+00
 -0.1603075D+04  0.1644811D+04  0.9657147D+02  0.0000000D+00
 -0.5349880D+03  0.3939832D+03  0.2320240D+03  0.0000000D+00
  0.7482330D+04  0.1483351D+04 -0.2905855D+03  0.0000000D+00
  0.2431286D+04  0.3552313D+04 -0.9283194D+03  0.0000000D+00
 -0.3729834D+02  0.8318902D+03 -0.1926660D+03  0.0000000D+00
 -0.1510930D+04 -0.2796425D+04  0.2826141D+03  0.0000000D+00
 -0.1706874D+04  0.4761223D+04 -0.1920035D+01  0.0000000D+00
 -0.1137827D+04 -0.1912878D+04 -0.2515551D+03  0.0000000D+00
  0.6342058D+04 -0.6659562D+04 -0.1225252D+04  0.0000000D+00
  0.5859757D+04 -0.4799131D+04 -0.2829955D+03  0.0000000D+00
  0.1966811D+05 -0.2680779D+05  0.8633298D+03  0.0000000D+00
  0.2760091D+05 -0.1352740D+05 -0.6481433D+03  0.0000000D+00
  0.3378153D+05 -0.3293807D+04 -0.1815950D+04  0.0000000D+00
  0.3643005D+05  0.1094924D+04 -0.2316676D+04  0.0000000D+00
  0.2747089D+03  0.9262345D+03  0.8865907D+02  0.0000000D+00
 -0.1381071D+04 -0.1188154D+04 -0.3260301D+03  0.0000000D+00
  0.7236531D+03  0.2712948D+04  0.4255042D+03  0.0000000D+00
 -0.2513022D+04 -0.7771092D+03 -0.8252429D+03  0.0000000D+00
 -0.5766413D+03  0.2352934D+04 -0.4137711D+02  0.0000000D+00
  0.6407568D+02  0.1556478D+04 -0.8952626D+02  0.0000000D+00
 -0.4407960D+04  0.1037930D+04  0.3976085D+03  0.0000000D+00
 -0.1068117D+04  0.1171810D+04 -0.2974496D+03  0.0000000D+00
 -0.1430177D+03 -0.1765363D+04  0.3232598D+03  0.0000000D+00
 -0.6534596D+03  0.3136566D+04  0.1473067D+04  0.0000000D+00
 -0.2224662D+04  0.3030224D+03 -0.2068705D+04  0.0000000D+00
 -0.7504681D+04 -0.9315493D+04 -0.9755386D+03  0.0000000D+00
 -0.1150175D+05 -0.1693087D+05 -0.1046515D+03  0.0000000D+00
 -0.1321822D+05 -0.2019037D+05  0.2679258D+03  0.0000000D+00
 -0.5262551D+02 -0.1005809D+02 -0.3169670D+01  0.0000000D+00
 -0.5977051D+02  0.7330187D+02  0.1436455D+02  0.0000000D+00
  0.1894021D+02 -0.1209845D+03 -0.2874786D+02  0.0000000D+00
  0.8587803D+02  0.1767120D+03  0.5243739D+02  0.0000000D+00
  0.9025010D+03 -0.3549676D+03 -0.9086501D+02  0.0000000D+00
 -0.1761299D+04 -0.1820603D+03  0.1566198D+03  0.0000000D+00
 -0.8840623D+02 -0.3297944D+04 -0.6892689D+03  0.0000000D+00
 -0.2704549D+04  0.3529939D+03  0.5625372D+03  0.0000000D+00
  0.3565044D+04 -0.4423541D+04 -0.2120076D+03  0.0000000D+00
 -0.2994804D+04  0.2158013D+04  0.3085346D+03  0.0000000D+00
  0.1164062D+04 -0.2434471D+04  0.5537610D+03  0.0000000D+00
 -0.1577681D+04 -0.2534987D+04  0.1473989D+03  0.0000000D+00
 -0.3861575D+04 -0.2501493D+04 -0.1593859D+03  0.0000000D+00
 -0.4835610D+04 -0.2490660D+04 -0.2911565D+03  0.0000000D+00
  0.1600965D+02  0.7080747D+01 -0.5204042D+01  0.0000000D+00
 -0.2789600D+02 -0.3408476D+02  0.1006594D+02  0.0000000D+00
 -0.1611749D+03  0.7955678D+02 -0.2092034D+02  0.0000000D+00
 -0.3015659D+03 -0.1036417D+03  0.3524963D+02  0.0000000D+00
  0.1996485D+04  0.1161312D+03 -0.6589125D+02  0.0000000D+00
  0.2538989D+02  0.6298974D+02  0.2017873D+03  0.0000000D+00
 -0.1590343D+04 -0.3984344D+03  0.6197154D+02  0.0000000D+00
  0.1768465D+04 -0.2501519D+04  0.1250429D+03  0.0000000D+00
 -0.5924126D+04  0.4317927D+04 -0.3117981D+02  0.0000000D+00
 -0.1205995D+03  0.2615340D+04  0.5059358D+03  0.0000000D+00
 -0.6808613D+04 -0.9542280D+04  0.6339221D+03  0.0000000D+00
 -0.1951041D+04 -0.5788091D+04  0.6833080D+03  0.0000000D+00
  0.1810561D+04 -0.2805203D+04  0.7332504D+03  0.0000000D+00
  0.3423159D+04 -0.1528840D+04  0.7542921D+03  0.0000000D+00
  0.1891384D+03 -0.1789033D+02 -0.3147734D+00  0.0000000D+00
 -0.1359233D+03  0.6241668D+02  0.8277305D+01  0.0000000D+00
  0.1762312D+03 -0.1079078D+03 -0.1194240D+02  0.0000000D+00
 -0.6560202D+03  0.2030122D+03  0.2133287D+02  0.0000000D+00
  0.1685940D+04 -0.4019573D+03 -0.3052206D+02  0.0000000D+00
  0.5631117D+03  0.1188773D+04  0.6018842D+02  0.0000000D+00
 -0.3767685D+03 -0.1120515D+04 -0.4895167D+01  0.0000000D+00
 -0.1390926D+04  0.6655799D+03 -0.1983001D+03  0.0000000D+00
  0.5406184D+04 -0.2657211D+04  0.2754375D+03  0.0000000D+00
 -0.3043808D+04  0.3405858D+04 -0.7218709D+03  0.0000000D+00
  0.1663857D+04 -0.1167726D+03  0.5337073D+03  0.0000000D+00
 -0.6747322D+04 -0.2629268D+04 -0.1134096D+04  0.0000000D+00
 -0.1339121D+05 -0.4576935D+04 -0.2428836D+04  0.0000000D+00
 -0.1623536D+05 -0.5411861D+04 -0.2983794D+04  0.0000000D+00
 -0.1401060D+03 -0.1499562D+02  0.1633746D-01  0.0000000D+00
  0.4746890D+01  0.6396126D+02 -0.2281130D+01  0.0000000D+00
  0.3771158D+03 -0.1329983D+03  0.1433484D+01  0.0000000D+00
 -0.2800980D+03  0.2115295D+03 -0.1136167D+01  0.0000000D+00
  0.2843528D+03 -0.4015262D+03  0.1030151D+02  0.0000000D+00
  0.2851367D+03  0.9266502D+03 -0.7575012D+02  0.0000000D+00
  0.8035345D+03 -0.8352194D+03 -0.7230206D+02  0.0000000D+00
  0.1708110D+02  0.8470299D+03  0.3780581D+03  0.0000000D+00
 -0.4661109D+03 -0.1329523D+04  0.1620885D+03  0.0000000D+00
  0.2106132D+03 -0.4264498D+03  0.2443628D+03  0.0000000D+00
 -0.2047324D+04 -0.2686747D+04 -0.6194380D+02  0.0000000D+00
  0.3587113D+04 -0.2976487D+04  0.1061681D+04  0.0000000D+00
  0.7812179D+04 -0.3049850D+04  0.1933217D+04  0.0000000D+00
  0.9627839D+04 -0.3086071D+04  0.2306803D+04  0.0000000D+00
 -0.1019049D+03  0.1034681D+02 -0.5915583D-01  0.0000000D+00
 -0.6376841D+02 -0.8682339D+01 -0.4996733D+01  0.0000000D+00
  0.3338580D+03  0.7752721D+00  0.1157708D+02  0.0000000D+00
 -0.2714899D+03  0.1759575D+02 -0.2307766D+02  0.0000000D+00
  0.3242417D+02  0.4022029D+01  0.2963211D+02  0.0000000D+00
  0.1079566D+04 -0.1146816D+03 -0.1817396D+02  0.0000000D+00
 -0.1703725D+03  0.8998377D+03  0.8966184D+02  0.0000000D+00
 -0.5709479D+02 -0.1540191D+03 -0.8941813D+02  0.0000000D+00
  0.4647037D+03  0.7689366D+03  0.4163013D+03  0.0000000D+00
 -0.6297424D+03 -0.1257570D+03 -0.3273839D+03  0.0000000D+00
 -0.1857563D+04  0.3540734D+04  0.2097650D+03  0.0000000D+00
  0.1777375D+03  0.2126785D+04  0.1176443D+03  0.0000000D+00
  0.1772094D+04  0.9970965D+03  0.3876818D+02  0.0000000D+00
  0.2455024D+04  0.5138997D+03  0.5193478D+01  0.0000000D+00
  0.2391679D+03  0.7585896D+01  0.1275172D+01  0.0000000D+00
 -0.3120210D+03 -0.1775963D+02  0.2399007D+00  0.0000000D+00
  0.4950625D+03  0.3750194D+02 -0.1526748D+01  0.0000000D+00
 -0.4470773D+03 -0.6323265D+02  0.2205989D+00  0.0000000D+00
 -0.5878012D+03  0.7225927D+02 -0.7531804D+01  0.0000000D+00
 -0.5710849D+02 -0.3676008D+03  0.3192624D+02  0.0000000D+00
 -0.2867040D+03 -0.1986062D+03 -0.8914066D+02  0.0000000D+00
  0.1028786D+02  0.7483626D+03  0.1647935D+03  0.0000000D+00
  0.1719337D+04 -0.1481781D+04 -0.3419131D+03  0.0000000D+00
 -0.1719225D+04  0.1754695D+04  0.4642813D+02  0.0000000D+00
 -0.2743164D+03 -0.1417102D+02 -0.1342974D+03  0.0000000D+00
  0.1087701D+04  0.8383284D+02  0.4639714D+03  0.0000000D+00
  0.2093726D+04  0.1699348D+03  0.9305719D+03  0.0000000D+00
  0.2526556D+04  0.2065187D+03  0.1130501D+04  0.0000000D+00
 -0.8949784D+02 -0.1081826D+04 -0.5556377D+02  0.0000000D+00
 -0.6949003D+03 -0.7300130D+02  0.2939354D+03  0.0000000D+00
 -0.1836645D+03 -0.3033170D+04  0.1597512D+03  0.0000000D+00
 -0.1290968D+04 -0.3819981D+03  0.1454821D+03  0.0000000D+00
 -0.2259868D+04 -0.4892779D+04  0.1305156D+04  0.0000000D+00
  0.9417067D+03 -0.2093766D+04 -0.3526682D+03  0.0000000D+00
 -0.1602613D+04 -0.1534164D+04  0.6637336D+03  0.0000000D+00
  0.2911835D+04 -0.3672763D+04  0.3906755D+02  0.0000000D+00
 -0.2501586D+04  0.6832082D+03  0.4228965D+03  0.0000000D+00
 -0.1231703D+04  0.9353038D+04  0.2110146D+04  0.0000000D+00
 -0.1676043D+05  0.1238591D+04  0.1446231D+04  0.0000000D+00
 -0.1370128D+05 -0.2199062D+03  0.2236725D+03  0.0000000D+00
 -0.1131204D+05 -0.1241127D+04 -0.7202144D+03  0.0000000D+00
 -0.1028845D+05 -0.1682364D+04 -0.1124956D+04  0.0000000D+00
  0.6854779D+03 -0.3369492D+03  0.1139667D+03  0.0000000D+00
 -0.1242908D+04  0.1145746D+04 -0.6386763D+03  0.0000000D+00
 -0.6414507D+03 -0.3743742D+04  0.1261759D+04  0.0000000D+00
  0.2185847D+03  0.5445934D+04 -0.1984678D+04  0.0000000D+00
 -0.2389796D+04  0.7503856D+03  0.9741483D+03  0.0000000D+00
  0.1417590D+04 -0.5869914D+02  0.9923815D+02  0.0000000D+00
 -0.2510590D+04  0.4307829D+04  0.6684273D+03  0.0000000D+00
  0.5541501D+03  0.5666028D+04  0.7459314D+03  0.0000000D+00
 -0.3342738D+04  0.2880700D+04  0.4410971D+03  0.0000000D+00
 -0.4459718D+04  0.8030403D+04 -0.8253608D+03  0.0000000D+00
 -0.1642249D+05  0.3945748D+04  0.1308692D+03  0.0000000D+00
 -0.7891611D+04  0.1812374D+05 -0.1281428D+04  0.0000000D+00
 -0.1280195D+04  0.2922676D+05 -0.2359836D+04  0.0000000D+00
  0.1553957D+04  0.3398277D+05 -0.2822637D+04  0.0000000D+00
 -0.3758673D+03 -0.1454427D+03  0.1963174D+03  0.0000000D+00
 -0.1498091D+04  0.5849257D+03 -0.5296380D+02  0.0000000D+00
  0.3372748D+04  0.1987247D+03 -0.5368398D+03  0.0000000D+00
 -0.1808799D+04  0.5476818D+03 -0.9852243D+03  0.0000000D+00
  0.1460539D+04  0.3086441D+03  0.5446118D+03  0.0000000D+00
  0.7852320D+03  0.4915289D+03  0.1012907D+03  0.0000000D+00
  0.2297569D+03  0.2205014D+04 -0.1346384D+03  0.0000000D+00
  0.1333661D+04 -0.1146720D+04 -0.1159861D+02  0.0000000D+00
 -0.8246710D+03  0.2660623D+04 -0.7342844D+03  0.0000000D+00
 -0.2750875D+04  0.1571298D+03 -0.7108173D+03  0.0000000D+00
  0.1404859D+03 -0.3176105D+03 -0.1983354D+04  0.0000000D+00
 -0.5288431D+03 -0.1137548D+05 -0.2028542D+04  0.0000000D+00
 -0.1073832D+04 -0.1999927D+05 -0.2064464D+04  0.0000000D+00
 -0.1306628D+04 -0.2369442D+05 -0.2079840D+04  0.0000000D+00
  0.2730432D+03  0.1078659D+02  0.1268885D+01  0.0000000D+00
 -0.1131135D+03 -0.3679964D+01 -0.5718090D+01  0.0000000D+00
  0.1311214D+03  0.1000431D+02  0.8520084D+01  0.0000000D+00
 -0.1376028D+03 -0.8098634D+01 -0.1316106D+02  0.0000000D+00
  0.5655549D+03  0.1237695D+03  0.4064138D+02  0.0000000D+00
 -0.5673920D+03 -0.4834129D+02 -0.6009222D+02  0.0000000D+00
  0.1120128D+04  0.4610466D+03  0.4793261D+03  0.0000000D+00
 -0.5298089D+03 -0.1064490D+03 -0.3682356D+03  0.0000000D+00
  0.1597114D+04 -0.5284793D+03  0.5897967D+03  0.0000000D+00
  0.1325653D+04  0.1434447D+04 -0.4026175D+03  0.0000000D+00
  0.5917832D+04 -0.2934327D+04  0.2168684D+04  0.0000000D+00
  0.4777973D+04 -0.4050931D+04  0.1034553D+04  0.0000000D+00
  0.3831860D+04 -0.4897275D+04  0.1462963D+03  0.0000000D+00
  0.3428272D+04 -0.5260698D+04 -0.2341805D+03  0.0000000D+00
 -0.1634972D+03  0.7620859D+00  0.3691759D+01  0.0000000D+00
 -0.5041570D+02 -0.2711412D+02 -0.1344884D+02  0.0000000D+00
  0.4903502D+03  0.8417094D+02  0.2085279D+02  0.0000000D+00
 -0.6671715D+03 -0.1527499D+03 -0.3082820D+02  0.0000000D+00
  0.2604201D+03  0.4493641D+02  0.5627497D+02  0.0000000D+00
  0.1125327D+04  0.2637622D+03 -0.1067219D+03  0.0000000D+00
 -0.2566143D+03  0.1810037D+04  0.3097939D+03  0.0000000D+00
  0.2434114D+03 -0.1552495D+03 -0.1633377D+03  0.0000000D+00
 -0.9258564D+03  0.1236437D+04 -0.4154569D+03  0.0000000D+00
 -0.2504176D+04  0.2207735D+04  0.3729912D+03  0.0000000D+00
  0.5771099D+04 -0.2424668D+04 -0.1404471D+04  0.0000000D+00
  0.1124650D+03  0.2244487D+04  0.9578022D+03  0.0000000D+00
 -0.4313694D+04  0.5828510D+04  0.2793322D+04  0.0000000D+00
 -0.6209798D+04  0.7365993D+04  0.3580019D+04  0.0000000D+00
 -0.3819960D+03 -0.3331425D+01  0.2253098D+01  0.0000000D+00
  0.2991290D+03 -0.2613329D+02 -0.1386824D+02  0.0000000D+00
 -0.6571898D+03  0.4474028D+02  0.2705916D+02  0.0000000D+00
  0.6224139D+03 -0.8682850D+02 -0.4473643D+02  0.0000000D+00
 -0.6575112D+03  0.1399855D+03  0.6719811D+02  0.0000000D+00
 -0.6648194D+03 -0.2951903D+03 -0.1122569D+03  0.0000000D+00
  0.3866294D+03  0.1009588D+03  0.9488452D+02  0.0000000D+00
 -0.8480978D+03  0.2974133D+02 -0.7202004D+02  0.0000000D+00
  0.1486625D+04 -0.1688706D+04  0.2566537D+03  0.0000000D+00
  0.9163916D+03 -0.6304038D+03  0.7233438D+02  0.0000000D+00
  0.1564062D+04  0.1834262D+04  0.8112099D+03  0.0000000D+00
 -0.2837801D+04 -0.5707759D+04  0.1154285D+02  0.0000000D+00
 -0.6307370D+04 -0.1151704D+05 -0.6089535D+03  0.0000000D+00
 -0.7792871D+04 -0.1400849D+05 -0.8749225D+03  0.0000000D+00
  0.4530231D+03  0.2848880D+01  0.1213335D+01  0.0000000D+00
 -0.2022711D+03  0.1566463D+01 -0.7472257D+01  0.0000000D+00
 -0.2220520D+03 -0.2643633D+02  0.1508946D+02  0.0000000D+00
  0.5131057D+03  0.2615803D+02 -0.2210097D+02  0.0000000D+00
  0.4074739D+03  0.1444724D+03  0.4459012D+02  0.0000000D+00
  0.5613554D+03 -0.3190421D+03 -0.9297746D+02  0.0000000D+00
  0.9407135D+03 -0.8758222D+03  0.7637748D+02  0.0000000D+00
 -0.8582104D+03 -0.6466479D+03 -0.3253728D+03  0.0000000D+00
  0.1080342D+04  0.2057708D+02 -0.1204689D+03  0.0000000D+00
  0.1608287D+04 -0.2249674D+04  0.1693024D+03  0.0000000D+00
  0.3871984D+03 -0.2977182D+04  0.1032238D+04  0.0000000D+00
 -0.9468200D+03  0.9428532D+03  0.5703998D+03  0.0000000D+00
 -0.2020156D+04  0.3952010D+04  0.2172760D+03  0.0000000D+00
 -0.2479034D+04  0.5242887D+04  0.6574978D+02  0.0000000D+00
  0.1187151D+03  0.6981764D+01 -0.9920525D+00  0.0000000D+00
 -0.2699031D+03 -0.1485248D+02  0.5646268D+01  0.0000000D+00
  0.5266877D+03  0.1911436D+02 -0.6268420D+01  0.0000000D+00
 -0.3661727D+03 -0.3586037D+02  0.1177095D+02  0.0000000D+00
 -0.7290260D+03 -0.5635461D+02 -0.2509547D+02  0.0000000D+00
 -0.6339272D+02  0.1206474D+03  0.7764498D+01  0.0000000D+00
 -0.5371367D+03  0.7882626D+03 -0.7689265D+02  0.0000000D+00
  0.8197205D+02  0.2985061D+03  0.1552048D+03  0.0000000D+00
 -0.1336603D+03  0.4642961D+03 -0.2553002D+01  0.0000000D+00
  0.5393357D+01 -0.6793858D+03  0.1931783D+03  0.0000000D+00
  0.1045251D+04  0.1244293D+04 -0.6726677D+03  0.0000000D+00
 -0.5284651D+03 -0.2887240D+04  0.4230653D+03  0.0000000D+00
 -0.1744282D+04 -0.6096061D+04  0.1276564D+04  0.0000000D+00
 -0.2265595D+04 -0.7471400D+04  0.1642305D+04  0.0000000D+00
 -0.2561926D+03 -0.1155146D+01 -0.2164709D+01  0.0000000D+00
  0.7623084D+02 -0.5901336D+01  0.6917935D-01  0.0000000D+00
 -0.1925016D+03 -0.2219233D+01 -0.1967078D+01  0.0000000D+00
 -0.3660928D+03  0.6883900D+01  0.3800292D+01  0.0000000D+00
  0.3147469D+03 -0.1763995D+03 -0.1425159D+02  0.0000000D+00
  0.1634553D+03  0.3191360D+03  0.5910149D+02  0.0000000D+00
  0.6546978D+03 -0.2864073D+03  0.2142079D+02  0.0000000D+00
 -0.1680474D+03 -0.8828180D+02 -0.1450965D+03  0.0000000D+00
  0.2030861D+04 -0.1703696D+03  0.2158313D+03  0.0000000D+00
  0.1269215D+04 -0.1550069D+04 -0.2432159D+03  0.0000000D+00
  0.9116875D+03  0.2367337D+04  0.3258916D+03  0.0000000D+00
  0.3745230D+03 -0.1783760D+02  0.2542276D+03  0.0000000D+00
 -0.6730956D+02 -0.1851981D+04  0.1949043D+03  0.0000000D+00
 -0.2559095D+03 -0.2638685D+04  0.1695947D+03  0.0000000D+00
 -0.5339074D+03  0.3201607D+01 -0.6507423D+02  0.0000000D+00
  0.1589665D+04  0.7178009D+02 -0.7545525D+02  0.0000000D+00
 -0.1317449D+04 -0.1595346D+03  0.1304048D+03  0.0000000D+00
 -0.9262799D+02 -0.8074307D+03 -0.6471339D+03  0.0000000D+00
  0.1685063D+04 -0.9982590D+03 -0.2200377D+03  0.0000000D+00
 -0.1336005D+04 -0.1894468D+03  0.7159594D+02  0.0000000D+00
 -0.3174153D+03  0.3184967D+03 -0.1341934D+03  0.0000000D+00
 -0.8547127D+03 -0.9257611D+03 -0.1321486D+02  0.0000000D+00
  0.3731171D+04 -0.1525056D+04 -0.2413222D+03  0.0000000D+00
  0.7238620D+04 -0.3773420D+04  0.3897468D+03  0.0000000D+00
  0.1182161D+04  0.2845607D+04 -0.1019444D+03  0.0000000D+00
  0.2358061D+04 -0.4148798D+03 -0.1027699D+03  0.0000000D+00
  0.3310558D+04 -0.2972349D+04 -0.1032338D+03  0.0000000D+00
  0.3717560D+04 -0.4067702D+04 -0.1034396D+03  0.0000000D+00
  0.6103157D+03  0.2945102D+03  0.7567325D+01  0.0000000D+00
  0.1628748D+04 -0.1263650D+04  0.7626384D+02  0.0000000D+00
 -0.9971648D+03  0.1124253D+04 -0.1054006D+03  0.0000000D+00
  0.7309507D+03 -0.3346842D+04 -0.1790118D+03  0.0000000D+00
  0.6409037D+04 -0.1405566D+04  0.8678800D+02  0.0000000D+00
 -0.4014845D+03  0.1128634D+04  0.4551405D+02  0.0000000D+00
  0.4202674D+04 -0.6817265D+03  0.1557428D+03  0.0000000D+00
  0.3363039D+04 -0.2996334D+03  0.5134335D+02  0.0000000D+00
  0.3611883D+04 -0.1808235D+03  0.3163544D+01  0.0000000D+00
 -0.1067782D+04 -0.5329876D+03  0.2709999D+03  0.0000000D+00
 -0.4979064D+03  0.8954567D+02 -0.2432261D+03  0.0000000D+00
 -0.1110944D+04  0.6996357D+04  0.6982562D+03  0.0000000D+00
 -0.1569868D+04  0.1236976D+05  0.1433457D+04  0.0000000D+00
 -0.1767113D+04  0.1467259D+05  0.1748447D+04  0.0000000D+00
  0.6817506D+03  0.1632127D+03  0.6030152D+02  0.0000000D+00
  0.4685028D+03  0.1545321D+03 -0.4128010D+02  0.0000000D+00
 -0.3503576D+03 -0.9638583D+02  0.1471642D+03  0.0000000D+00
  0.3486007D+03  0.1009014D+03 -0.6667429D+03  0.0000000D+00
 -0.1799312D+04 -0.1176057D+04 -0.1433981D+03  0.0000000D+00
  0.4505044D+03 -0.1070479D+03  0.5697838D+02  0.0000000D+00
  0.4542474D+02  0.8137265D+03 -0.1469624D+02  0.0000000D+00
  0.1954097D+04 -0.1593939D+04  0.7316929D+02  0.0000000D+00
 -0.1877760D+04  0.3130154D+04 -0.1388471D+03  0.0000000D+00
 -0.3826741D+03 -0.3357307D+03 -0.2829923D+02  0.0000000D+00
 -0.3506203D+04  0.2908490D+03 -0.3280458D+03  0.0000000D+00
 -0.3028719D+04 -0.6037531D+02 -0.3791046D+03  0.0000000D+00
 -0.2613643D+04 -0.3413187D+03 -0.4158570D+03  0.0000000D+00
 -0.2437138D+04 -0.4614729D+03 -0.4317017D+03  0.0000000D+00
  0.1984573D+03  0.7415054D+00  0.3786535D+00  0.0000000D+00
  0.6093810D+02 -0.2292098D+02 -0.5632892D+01  0.0000000D+00
  0.5158217D+01  0.5573545D+02  0.1158964D+02  0.0000000D+00
  0.1407739D+03 -0.6409863D+02 -0.1414510D+02  0.0000000D+00
  0.1084395D+03  0.1984523D+03  0.1873211D+02  0.0000000D+00
 -0.6676123D+02 -0.2961722D+03 -0.5305852D+02  0.0000000D+00
  0.4449759D+02  0.8023573D+03  0.5377813D+02  0.0000000D+00
  0.1596251D+03  0.1118090D+03 -0.1235074D+03  0.0000000D+00
  0.1605314D+04 -0.8498007D+03 -0.5176619D+02  0.0000000D+00
  0.8616449D+03 -0.8581438D+03  0.2105982D+03  0.0000000D+00
 -0.2862432D+03  0.1107338D+04  0.5130806D+01  0.0000000D+00
 -0.2944882D+04  0.2462730D+03  0.1010453D+04  0.0000000D+00
 -0.5012809D+04 -0.4542458D+03  0.1786436D+04  0.0000000D+00
 -0.5899057D+04 -0.7534928D+03  0.2119185D+04  0.0000000D+00
  0.1527997D+03 -0.6315244D+01 -0.4413309D+00  0.0000000D+00
  0.7141098D+01  0.5157812D+01 -0.7050118D+01  0.0000000D+00
  0.1572741D+03 -0.4607640D+01  0.7179863D+01  0.0000000D+00
 -0.2247568D+03 -0.1705085D+02 -0.1011276D+02  0.0000000D+00
  0.1559805D+02 -0.1011213D+02  0.2431761D+02  0.0000000D+00
  0.1134019D+03 -0.1080246D+03 -0.1889159D+02  0.0000000D+00
  0.1486402D+03 -0.8940767D+03  0.2356586D+03  0.0000000D+00
 -0.2861789D+03  0.8081158D+03 -0.4261995D+02  0.0000000D+00
 -0.1175509D+04 -0.9852011D+03  0.1224719D+03  0.0000000D+00
 -0.2222231D+04  0.1810889D+04 -0.1376798D+03  0.0000000D+00
 -0.7596905D+04  0.1471971D+04 -0.5305386D+02  0.0000000D+00
 -0.3935740D+04  0.2271064D+04  0.1838838D+03  0.0000000D+00
 -0.1134268D+04  0.2920256D+04  0.3674413D+03  0.0000000D+00
  0.6778526D+02  0.3197608D+04  0.4461316D+03  0.0000000D+00
 -0.3592089D+03 -0.2209344D+00 -0.4014085D+00  0.0000000D+00
  0.2192309D+02 -0.6454499D+01  0.5228246D+01  0.0000000D+00
  0.3159600D+03 -0.6478067D+01 -0.7531246D+01  0.0000000D+00
 -0.6134406D+03  0.1817591D+01  0.1060623D+02  0.0000000D+00
  0.7711474D+03 -0.6272160D+02 -0.1939372D+02  0.0000000D+00
 -0.3331463D+03  0.2016270D+02  0.5012106D+02  0.0000000D+00
 -0.6712871D+03  0.1197124D+03 -0.3770673D+02  0.0000000D+00
 -0.1075726D+04  0.1286384D+03  0.1454734D+03  0.0000000D+00
  0.7084084D+03 -0.9402896D+03 -0.2141871D+03  0.0000000D+00
  0.2951310D+03 -0.9197277D+03  0.2301243D+03  0.0000000D+00
 -0.8935050D+03 -0.4563062D+03  0.1614553D+03  0.0000000D+00
 -0.2181779D+04 -0.1858188D+03  0.2628261D+03  0.0000000D+00
 -0.3204391D+04  0.4769972D+02  0.3406277D+03  0.0000000D+00
 -0.3642003D+04  0.1470515D+03  0.3740034D+03  0.0000000D+00
 -0.2223318D+03  0.1135293D+01  0.2227348D+01  0.0000000D+00
 -0.2834899D+03  0.4729906D+01 -0.5882875D+01  0.0000000D+00
  0.1416129D+03  0.1306431D+01  0.1364178D+02  0.0000000D+00
 -0.1797722D+03  0.4407570D+01 -0.1873022D+02  0.0000000D+00
  0.1760954D+03  0.5699696D+02  0.2965636D+02  0.0000000D+00
  0.9671702D+02  0.1250114D+03 -0.8895273D+02  0.0000000D+00
 -0.5835431D+03  0.2961457D+03  0.9755617D+02  0.0000000D+00
  0.2879190D+03  0.4063792D+02 -0.5523026D+02  0.0000000D+00
 -0.1286215D+04  0.5016690D+03  0.2015561D+03  0.0000000D+00
 -0.1517820D+04  0.9221060D+03  0.2365110D+02  0.0000000D+00
 -0.2384900D+04  0.1133166D+04  0.1622781D+03  0.0000000D+00
 -0.9437018D+03 -0.3204429D+03  0.7170956D+02  0.0000000D+00
  0.1358029D+03 -0.1446484D+04 -0.2919247D+01  0.0000000D+00
  0.5997415D+03 -0.1929213D+04 -0.3477050D+02  0.0000000D+00
  0.3027067D+03  0.5159962D+01 -0.5644542D+00  0.0000000D+00
 -0.2958110D+03 -0.6062638D+01  0.5065847D+00  0.0000000D+00
  0.1074802D+03  0.2084902D+02 -0.4080524D+01  0.0000000D+00
 -0.3168073D+03 -0.4960757D+02  0.3871625D+01  0.0000000D+00
  0.4503750D+03  0.1645963D+02  0.2648173D+01  0.0000000D+00
 -0.6772421D+03  0.7574999D+02 -0.7872843D+01  0.0000000D+00
  0.6347741D+03 -0.3460209D+03  0.1424591D+01  0.0000000D+00
 -0.1705648D+03 -0.3195741D+03  0.2653992D+02  0.0000000D+00
  0.6499907D+03  0.4361403D+01 -0.2995960D+02  0.0000000D+00
  0.2513390D+02  0.3212626D+03  0.6081973D+02  0.0000000D+00
 -0.8545187D+03 -0.7144829D+03 -0.1756661D+03  0.0000000D+00
 -0.4687549D+03 -0.1912508D+04  0.2519096D+03  0.0000000D+00
 -0.1920827D+03 -0.2823575D+04  0.5848958D+03  0.0000000D+00
 -0.7277753D+02 -0.3214684D+04  0.7275892D+03  0.0000000D+00
  0.1108546D+03 -0.2152943D+01 -0.1393099D+01  0.0000000D+00
  0.1200667D+02  0.1515853D+02  0.2541127D+01  0.0000000D+00
 -0.1135372D+03 -0.2201635D+02 -0.2033805D+01  0.0000000D+00
  0.2466270D+03  0.4708285D+02  0.7204086D+01  0.0000000D+00
 -0.1351551D+02  0.2073826D+01 -0.1638403D+02  0.0000000D+00
  0.7893045D+01 -0.9134830D+01  0.4202867D+02  0.0000000D+00
 -0.1335383D+02 -0.4259168D+02 -0.3350730D+02  0.0000000D+00
  0.1227644D+03  0.1310276D+03  0.1289944D+03  0.0000000D+00
 -0.3580266D+03  0.4063033D+03  0.2117347D+02  0.0000000D+00
  0.5135320D+03 -0.2697707D+03 -0.8588754D+02  0.0000000D+00
  0.7212493D+03 -0.3610234D+03  0.8159884D+02  0.0000000D+00
  0.1610836D+04 -0.8375703D+03  0.4768577D+02  0.0000000D+00
  0.2285343D+04 -0.1196756D+04  0.2442953D+02  0.0000000D+00
  0.2574961D+04 -0.1351053D+04  0.1436484D+02  0.0000000D+00
  0.5479788D+03 -0.2084687D+03 -0.7053662D+01  0.0000000D+00
 -0.8858483D+03  0.8157985D+03  0.1531723D+03  0.0000000D+00
  0.1847515D+04 -0.1449501D+04 -0.1220562D+03  0.0000000D+00
 -0.4378795D+03  0.1236657D+04  0.5054281D+03  0.0000000D+00
 -0.1182759D+04  0.2680238D+04  0.6026472D+03  0.0000000D+00
 -0.6204619D+03 -0.1845015D+04 -0.1125410D+03  0.0000000D+00
 -0.3599184D+03  0.3501225D+01  0.3798525D+03  0.0000000D+00
  0.8630670D+03 -0.1450010D+04 -0.1208758D+03  0.0000000D+00
  0.1335661D+04 -0.4084207D+03  0.5426336D+01  0.0000000D+00
  0.3958620D+04 -0.2616043D+04  0.1187115D+03  0.0000000D+00
 -0.7633540D+03  0.1525511D+04  0.2631390D+03  0.0000000D+00
 -0.7425092D+03  0.1109879D+04  0.6198457D+02  0.0000000D+00
 -0.8087628D+03  0.8036884D+03 -0.9293481D+02  0.0000000D+00
 -0.8345804D+03  0.6719414D+03 -0.1593758D+03  0.0000000D+00
  0.1041797D+03 -0.1593190D+03 -0.3222729D+02  0.0000000D+00
 -0.2131627D+03  0.1027783D+04  0.7355745D+02  0.0000000D+00
  0.8892197D+03 -0.1521416D+04 -0.1477522D+03  0.0000000D+00
  0.5384555D+03  0.1561504D+04  0.4721570D+03  0.0000000D+00
 -0.1199735D+04  0.5073412D+03  0.2048579D+03  0.0000000D+00
 -0.1660002D+04 -0.8281910D+03 -0.6626599D+02  0.0000000D+00
 -0.2244738D+04 -0.3460046D+03  0.1214895D+03  0.0000000D+00
 -0.2238643D+04  0.3798824D+03 -0.6555934D+02  0.0000000D+00
 -0.2165645D+03 -0.9355314D+03 -0.3566891D+03  0.0000000D+00
 -0.7950622D+03  0.3236611D+03 -0.1786300D+03  0.0000000D+00
 -0.7528125D+04  0.3680569D+04 -0.8533920D+03  0.0000000D+00
 -0.5436797D+04  0.7905479D+03 -0.2802232D+03  0.0000000D+00
 -0.3890020D+04 -0.1421661D+04  0.1610168D+03  0.0000000D+00
 -0.3224631D+04 -0.2370853D+04  0.3502593D+03  0.0000000D+00
  0.3148194D+03  0.1891342D+02  0.1186764D+02  0.0000000D+00
 -0.1453501D+03  0.5219698D+02  0.1085085D+03  0.0000000D+00
  0.3106551D+03 -0.6850503D+03 -0.3288074D+03  0.0000000D+00
  0.3763207D+02  0.2308387D+03  0.9328932D+02  0.0000000D+00
  0.1090161D+04  0.2550868D+04  0.1262834D+02  0.0000000D+00
 -0.5478449D+03 -0.1553811D+04  0.1591261D+03  0.0000000D+00
  0.9883953D+03  0.6469294D+03 -0.1783635D+02  0.0000000D+00
 -0.1331104D+04 -0.8462054D+03  0.1577063D+03  0.0000000D+00
  0.2572461D+04  0.2053566D+03 -0.3071145D+03  0.0000000D+00
 -0.8202905D+03 -0.1817885D+04  0.5005391D+03  0.0000000D+00
  0.4614637D+04  0.1885804D+04 -0.1066409D+03  0.0000000D+00
 -0.5324307D+03  0.1408772D+04 -0.2684031D+03  0.0000000D+00
 -0.4591410D+04  0.1043877D+04 -0.3874754D+03  0.0000000D+00
 -0.6329195D+04  0.8873142D+03 -0.4387202D+03  0.0000000D+00
 -0.2491721D+02  0.7642081D+01  0.1421631D+01  0.0000000D+00
  0.1225001D+03 -0.1058718D+02 -0.3076250D+00  0.0000000D+00
 -0.1432937D+02  0.1372970D+02 -0.6121722D+00  0.0000000D+00
  0.1128760D+03 -0.5299117D+01 -0.1804641D+00  0.0000000D+00
 -0.5295274D+02 -0.4890188D+02 -0.5616334D+01  0.0000000D+00
  0.4761242D+03  0.9225715D+02  0.2475638D+01  0.0000000D+00
  0.1296820D+03 -0.4839481D+03  0.3241599D+02  0.0000000D+00
  0.1306816D+03 -0.9202999D+03 -0.1289027D+03  0.0000000D+00
  0.9159450D+02 -0.3476959D+03  0.2078384D+03  0.0000000D+00
  0.2393952D+03 -0.4132207D+03 -0.2540282D+03  0.0000000D+00
 -0.2374907D+04  0.3852261D+03  0.5983507D+02  0.0000000D+00
  0.9603077D+03 -0.1590792D+04  0.1614962D+03  0.0000000D+00
  0.3543252D+04 -0.3157126D+04  0.2399820D+03  0.0000000D+00
  0.4650563D+04 -0.3827480D+04  0.2736381D+03  0.0000000D+00
  0.1148591D+03  0.5671462D+01  0.2668434D+01  0.0000000D+00
 -0.7722778D+02 -0.1481106D+02 -0.7249096D+01  0.0000000D+00
  0.7674707D+02  0.3453636D+02  0.1416707D+02  0.0000000D+00
 -0.1830570D+03 -0.3529092D+02 -0.2274309D+02  0.0000000D+00
  0.5108206D+02  0.9654067D+02  0.3516030D+02  0.0000000D+00
  0.2344058D+03  0.2492490D+01 -0.8253691D+02  0.0000000D+00
  0.5512276D+03  0.1312318D+03  0.1705390D+03  0.0000000D+00
 -0.4499607D+03  0.4813126D+03 -0.2593724D+03  0.0000000D+00
  0.1700013D+04  0.7443291D+02  0.3768053D+03  0.0000000D+00
 -0.2311348D+04  0.4346253D+03 -0.2830643D+03  0.0000000D+00
  0.2725386D+04  0.5359740D+03 -0.3403333D+03  0.0000000D+00
 -0.1139139D+03  0.4879604D+03 -0.1992427D+03  0.0000000D+00
 -0.2358388D+04  0.4759195D+03 -0.9661634D+02  0.0000000D+00
 -0.3319147D+04  0.4699644D+03 -0.5241035D+02  0.0000000D+00
  0.6523744D+02 -0.7559794D+01 -0.9085177D+00  0.0000000D+00
 -0.1363519D+03 -0.5452089D+00 -0.2905174D+01  0.0000000D+00
 -0.6679112D+02  0.1180200D+01  0.5765132D+01  0.0000000D+00
  0.9713007D+02 -0.1287028D+02 -0.1443829D+02  0.0000000D+00
 -0.5284769D+03  0.8980837D+01  0.2399849D+02  0.0000000D+00
  0.4829930D+03  0.5928230D+02 -0.3925900D+02  0.0000000D+00
  0.2558878D+03 -0.3307808D+03  0.3609384D+02  0.0000000D+00
  0.1093009D+04  0.3505246D+03 -0.1107298D+03  0.0000000D+00
 -0.6690071D+03 -0.4291690D+03  0.3325211D+03  0.0000000D+00
  0.1797908D+04 -0.4030667D+03 -0.3735212D+03  0.0000000D+00
 -0.6686021D+03 -0.9432438D+03  0.6247261D+02  0.0000000D+00
  0.6005189D+03 -0.7547726D+03  0.2459788D+03  0.0000000D+00
  0.1576656D+04 -0.5876367D+03  0.3868807D+03  0.0000000D+00
  0.1995334D+04 -0.5166549D+03  0.4473255D+03  0.0000000D+00
  0.1518009D+03 -0.2388017D-01 -0.3213961D+00  0.0000000D+00
 -0.1078462D+03 -0.6526261D+01  0.2293304D+01  0.0000000D+00
  0.1155936D+03  0.1164698D+02 -0.1160618D+01  0.0000000D+00
  0.1476224D+02 -0.3644475D+02 -0.5669571D+01  0.0000000D+00
 -0.4399416D+03  0.5550214D+02  0.1217196D+02  0.0000000D+00
  0.5738019D+03 -0.2024065D+03 -0.5999699D+01  0.0000000D+00
 -0.2634356D+03  0.5673948D+02 -0.1242383D+02  0.0000000D+00
  0.2997472D+03 -0.4043779D+03  0.1691727D+03  0.0000000D+00
  0.1114534D+03  0.8008071D+03  0.4692980D+02  0.0000000D+00
  0.2301670D+03 -0.2892982D+03  0.2638462D+03  0.0000000D+00
  0.1741060D+04 -0.5726841D+02  0.7182019D+02  0.0000000D+00
  0.8795858D+02  0.1490885D+04  0.5342743D+02  0.0000000D+00
 -0.1195652D+04  0.2679893D+04  0.4066459D+02  0.0000000D+00
 -0.1745828D+04  0.3189940D+04  0.3514620D+02  0.0000000D+00
 -0.1300651D+03  0.5906194D+01 -0.9374332D+00  0.0000000D+00
  0.2022684D+03 -0.2360330D+01 -0.1335478D+00  0.0000000D+00
 -0.1181695D+03  0.1983418D+02  0.1716401D+01  0.0000000D+00
  0.3244357D+03 -0.2753751D+02  0.4342813D+01  0.0000000D+00
 -0.4767255D+03  0.1181907D+03 -0.1482452D+01  0.0000000D+00
  0.2779683D+03 -0.1471981D+03 -0.5141642D+01  0.0000000D+00
 -0.4397243D+03  0.6444640D+03  0.1001475D+02  0.0000000D+00
 -0.2156510D+03 -0.1963813D+03  0.7628394D+02  0.0000000D+00
 -0.9262698D+02  0.2101726D+03  0.7470544D+02  0.0000000D+00
  0.1335624D+04 -0.3510332D+03  0.6915506D+02  0.0000000D+00
 -0.6649933D+03 -0.3606491D+03 -0.1839655D+00  0.0000000D+00
 -0.1174251D+04  0.4416995D+02  0.2910482D+03  0.0000000D+00
 -0.1562483D+04  0.3711396D+03  0.5137342D+03  0.0000000D+00
 -0.1729120D+04  0.5108886D+03  0.6092904D+03  0.0000000D+00
 -0.2475716D+03  0.7158935D+00 -0.2100637D+01  0.0000000D+00
  0.4464441D+02  0.1376503D+02  0.4225859D+00  0.0000000D+00
  0.7074156D+02 -0.1320025D+02 -0.4535078D+01  0.0000000D+00
 -0.1035204D+03  0.1809725D+02  0.7086353D+01  0.0000000D+00
  0.2967113D+03 -0.2243085D+01 -0.8280820D+01  0.0000000D+00
 -0.5925542D+02  0.3778693D+02  0.1992883D+02  0.0000000D+00
 -0.9775898D+02  0.1784535D+03 -0.2802027D+02  0.0000000D+00
  0.3600415D+03  0.1788787D+03  0.8483239D+02  0.0000000D+00
 -0.1027889D+03  0.3646859D+03 -0.8078643D+02  0.0000000D+00
  0.9028971D+03 -0.3159101D+02  0.1805807D+03  0.0000000D+00
 -0.6064471D+00 -0.7979606D+03 -0.7394013D+02  0.0000000D+00
 -0.9510712D+03 -0.5268075D+03  0.1443532D+03  0.0000000D+00
 -0.1673287D+04 -0.3117844D+03  0.3184671D+03  0.0000000D+00
 -0.1983345D+04 -0.2197628D+03  0.3929500D+03  0.0000000D+00
 -0.2136145D+03 -0.3722634D+03 -0.2411971D+02  0.0000000D+00
  0.3892963D+02 -0.2339730D+03  0.1686684D+03  0.0000000D+00
 -0.8578307D+03 -0.3804898D+01 -0.3050153D+03  0.0000000D+00
  0.5966894D+03 -0.1294576D+04  0.5240847D+03  0.0000000D+00
 -0.5097190D+03  0.5465803D+03  0.4104802D+02  0.0000000D+00
 -0.3037920D+03 -0.3410710D+03  0.2331924D+02  0.0000000D+00
  0.1495577D+03  0.2456010D+03 -0.4157468D+02  0.0000000D+00
 -0.1092247D+04 -0.2651204D+03  0.1154005D+03  0.0000000D+00
  0.1711584D+04  0.4980493D+03 -0.5048695D+02  0.0000000D+00
  0.7278836D+03 -0.4820184D+03 -0.9304308D+02  0.0000000D+00
  0.1609469D+04  0.9551921D+03 -0.9237884D+02  0.0000000D+00
  0.6510660D+03  0.1426647D+04  0.4247484D+01  0.0000000D+00
 -0.9996876D+02  0.1781158D+04  0.8185220D+02  0.0000000D+00
 -0.4216592D+03  0.1933477D+04  0.1150336D+03  0.0000000D+00
 -0.2235773D+03 -0.2891359D+03 -0.4385777D+02  0.0000000D+00
 -0.1733591D+03 -0.1470165D+03  0.1528079D+03  0.0000000D+00
 -0.8811591D+03  0.2259224D+03 -0.2309662D+03  0.0000000D+00
  0.5071913D+03 -0.1650142D+04  0.3862150D+03  0.0000000D+00
  0.3946791D+03  0.2334912D+04 -0.1408471D+03  0.0000000D+00
 -0.6198654D+03 -0.1053469D+04  0.8237015D+02  0.0000000D+00
 -0.3195613D+03  0.9076791D+03 -0.9671850D+02  0.0000000D+00
 -0.1619100D+03  0.2805535D+03 -0.2735722D+02  0.0000000D+00
  0.1669615D+04  0.5685262D+03  0.6709565D+00  0.0000000D+00
  0.1083975D+04 -0.7994089D+03 -0.1786534D+02  0.0000000D+00
  0.4183065D+03  0.8516790D+03 -0.4299205D+02  0.0000000D+00
 -0.5943864D+03  0.1606224D+04 -0.9803150D+02  0.0000000D+00
 -0.1376057D+04  0.2220866D+04 -0.1452497D+03  0.0000000D+00
 -0.1711246D+04  0.2483414D+04 -0.1653474D+03  0.0000000D+00
  0.7426480D+02 -0.2339765D+03 -0.2208318D+02  0.0000000D+00
  0.1110505D+03  0.2531082D+03 -0.5589975D+02  0.0000000D+00
 -0.1480937D+03 -0.8816836D+01  0.6856999D+02  0.0000000D+00
 -0.5034676D+03  0.4699725D+01 -0.1799489D+02  0.0000000D+00
  0.5929588D+03  0.1255518D+04 -0.5755721D+02  0.0000000D+00
  0.8735669D+02 -0.3387906D+03  0.1000109D+03  0.0000000D+00
 -0.1583003D+02  0.7154029D+03 -0.1073257D+03  0.0000000D+00
 -0.2771362D+03 -0.5302283D+03  0.1475796D+03  0.0000000D+00
  0.1590574D+03  0.6393653D+03 -0.2424747D+03  0.0000000D+00
 -0.6089312D+03 -0.6028832D+03  0.3321592D+03  0.0000000D+00
 -0.2661545D+03  0.1618134D+04 -0.3223928D+03  0.0000000D+00
 -0.2224759D+04 -0.2230156D+04  0.6939312D+02  0.0000000D+00
 -0.3756601D+04 -0.5236232D+04  0.3769887D+03  0.0000000D+00
 -0.4412833D+04 -0.6524127D+04  0.5087221D+03  0.0000000D+00
 -0.9771403D+02 -0.4562432D+01 -0.1066134D+01  0.0000000D+00
 -0.5914149D+02  0.1308239D+02  0.2952833D+00  0.0000000D+00
 -0.1886880D+03 -0.2025407D+02 -0.3486587D+01  0.0000000D+00
  0.9104595D+02  0.4754827D+02  0.4296506D+01  0.0000000D+00
  0.5090124D+03 -0.8946861D+00 -0.1278335D+01  0.0000000D+00
 -0.2516211D+03  0.3135194D+02  0.6038848D+01  0.0000000D+00
  0.2198887D+03  0.2570199D+03 -0.7247952D+01  0.0000000D+00
 -0.5991605D+03  0.2937463D+03  0.1666227D+01  0.0000000D+00
  0.1488173D+04  0.6091919D+03  0.1353696D+03  0.0000000D+00
 -0.9217454D+03 -0.1093926D+04  0.6234351D+02  0.0000000D+00
  0.1024164D+03  0.8348752D+03  0.3948024D+03  0.0000000D+00
 -0.5554423D+03  0.1354005D+04 -0.2787408D+03  0.0000000D+00
 -0.1069311D+04  0.1758685D+04 -0.7996133D+03  0.0000000D+00
 -0.1289466D+04  0.1932096D+04 -0.1022936D+04  0.0000000D+00
 -0.5459978D+02 -0.7489559D+01 -0.1152949D+01  0.0000000D+00
  0.1102551D+03  0.2941224D+02 -0.7597861D+00  0.0000000D+00
 -0.2164315D+03 -0.3962739D+02 -0.3122693D+01  0.0000000D+00
 -0.1443388D+03  0.8769726D+02  0.6693696D+01  0.0000000D+00
  0.1447826D+03 -0.1079987D+03 -0.3693163D+01  0.0000000D+00
 -0.1107516D+03  0.1474813D+03 -0.1782478D+02  0.0000000D+00
  0.1879433D+03 -0.1634869D+03 -0.1718108D+02  0.0000000D+00
 -0.2542548D+03 -0.3660841D+02  0.4237511D+02  0.0000000D+00
 -0.2410794D+03  0.5815228D+03 -0.1287434D+00  0.0000000D+00
 -0.9557224D+03 -0.2663197D+03 -0.1016523D+03  0.0000000D+00
 -0.1003046D+04  0.1272936D+04 -0.8416563D+02  0.0000000D+00
 -0.2973925D+04 -0.8494418D+03 -0.4701382D+03  0.0000000D+00
 -0.4523301D+04 -0.2496511D+04 -0.7710250D+03  0.0000000D+00
 -0.5186797D+04 -0.3202503D+04 -0.8999540D+03  0.0000000D+00
  0.1155306D+03 -0.1049613D+01 -0.6184457D-01  0.0000000D+00
 -0.1037405D+02 -0.9248742D+01 -0.1835314D+01  0.0000000D+00
  0.1509831D+03  0.2136017D+02 -0.8018037D+00  0.0000000D+00
 -0.5382962D+02 -0.3665451D+02 -0.2740233D+00  0.0000000D+00
 -0.1206776D+03  0.4231800D+02 -0.8244652D+01  0.0000000D+00
  0.2470604D+03  0.1308776D+03 -0.6209092D+01  0.0000000D+00
 -0.1783578D+03 -0.1004046D+03 -0.1070961D+02  0.0000000D+00
  0.1476635D+03 -0.2952585D+03  0.4188422D+02  0.0000000D+00
  0.1087892D+04  0.4223435D+02  0.4440521D+02  0.0000000D+00
  0.4880423D+02  0.3428915D+03 -0.4730567D+02  0.0000000D+00
 -0.1251428D+04 -0.1273971D+04  0.2684231D+03  0.0000000D+00
 -0.9378097D+03 -0.6614813D+03 -0.1109775D+03  0.0000000D+00
 -0.6929671D+03 -0.1711923D+03 -0.4069124D+03  0.0000000D+00
 -0.5880675D+03  0.3848869D+02 -0.5337134D+03  0.0000000D+00
  0.5674406D+02  0.4306564D+01 -0.1102856D+01  0.0000000D+00
 -0.1564782D+03 -0.1455877D+02  0.1076989D+01  0.0000000D+00
  0.1681646D+03  0.3533586D+02  0.3884984D+01  0.0000000D+00
  0.2841988D+02 -0.7551653D+02 -0.3797598D+01  0.0000000D+00
 -0.1611122D+03  0.2100264D+02  0.7422701D+01  0.0000000D+00
 -0.2464859D+03 -0.2838490D+02  0.1472006D+02  0.0000000D+00
  0.3822636D+02 -0.1320190D+02  0.1479490D+00  0.0000000D+00
 -0.1313069D+03  0.5961176D+02 -0.1283087D+01  0.0000000D+00
 -0.7160308D+01 -0.7190604D+02  0.6403443D+02  0.0000000D+00
 -0.1465896D+04 -0.4564529D+03  0.4607356D+02  0.0000000D+00
  0.5336162D+03  0.1744518D+04  0.1068195D+03  0.0000000D+00
 -0.7895962D+03  0.6755618D+03 -0.1920291D+03  0.0000000D+00
 -0.1845815D+04 -0.1496834D+03 -0.4268835D+03  0.0000000D+00
 -0.2297621D+04 -0.5035452D+03 -0.5274582D+03  0.0000000D+00
  0.2259242D+02  0.5421467D+00 -0.1096275D+01  0.0000000D+00
  0.1292276D+03  0.9506381D+01 -0.1118143D+01  0.0000000D+00
 -0.1320505D+03 -0.2588429D+02  0.3195312D+01  0.0000000D+00
  0.9510013D+02  0.2596003D+02  0.4062762D+00  0.0000000D+00
 -0.3484295D+03 -0.2095673D+02 -0.1328902D+01  0.0000000D+00
  0.2902409D+03  0.4710716D+02  0.9260310D+01  0.0000000D+00
 -0.1688127D+03 -0.1634636D+03 -0.1107868D+02  0.0000000D+00
  0.1329571D+03 -0.5412140D+02 -0.3773761D+02  0.0000000D+00
  0.1036432D+03  0.1033241D+03  0.2608334D+02  0.0000000D+00
 -0.1991695D+03  0.6089539D+02 -0.1225027D+02  0.0000000D+00
 -0.1482504D+04 -0.5255004D+03  0.1088534D+02  0.0000000D+00
 -0.4792369D+03 -0.2423849D+04  0.1044604D+03  0.0000000D+00
  0.2898588D+03 -0.3899107D+04  0.1747947D+03  0.0000000D+00
  0.6198171D+03 -0.4531397D+04  0.2050147D+03  0.0000000D+00
  0.3332103D+02 -0.8223299D+01 -0.3421395D+00  0.0000000D+00
 -0.4884393D+02  0.1300116D+02  0.2711664D+01  0.0000000D+00
  0.1350798D+03 -0.3771693D+02 -0.1020199D+01  0.0000000D+00
 -0.6043633D+02  0.5762288D+02  0.2842088D+01  0.0000000D+00
  0.2636990D+03 -0.4828693D+02 -0.1637565D+02  0.0000000D+00
 -0.1118137D+03  0.1452473D+02  0.8248148D+01  0.0000000D+00
  0.1873413D+03 -0.4581413D+02 -0.4558807D+02  0.0000000D+00
 -0.1032997D+02 -0.1871688D+03  0.5462642D+02  0.0000000D+00
 -0.1573284D+03  0.4556785D+03 -0.1910951D+02  0.0000000D+00
 -0.3603875D+03 -0.5361754D+03  0.8184232D+02  0.0000000D+00
 -0.7652764D+02  0.7305130D+03  0.1486851D+03  0.0000000D+00
 -0.8228710D+03  0.3146736D+03  0.2208550D+03  0.0000000D+00
 -0.1404143D+04  0.1346487D+01  0.2793265D+03  0.0000000D+00
 -0.1653234D+04 -0.1332487D+03  0.3043120D+03  0.0000000D+00
 -0.1542362D+03  0.6352031D+03 -0.3237610D+02  0.0000000D+00
  0.1144530D+03 -0.9991462D+02  0.1793430D+03  0.0000000D+00
 -0.5347879D+03 -0.3376383D+03 -0.2325122D+03  0.0000000D+00
 -0.6892699D+03  0.1064983D+04  0.3687491D+03  0.0000000D+00
  0.1107117D+04 -0.2978478D+03  0.2425074D+03  0.0000000D+00
 -0.4306193D+03  0.3911979D+03 -0.1566489D+02  0.0000000D+00
  0.1468521D+03  0.2565328D+03  0.1248611D+03  0.0000000D+00
 -0.1180362D+03  0.3368819D+03 -0.1054190D+03  0.0000000D+00
 -0.3063508D+02  0.1747351D+03  0.1384572D+03  0.0000000D+00
  0.3264996D+03  0.4142958D+03 -0.1158383D+03  0.0000000D+00
 -0.2640597D+03  0.1252342D+04  0.1805195D+03  0.0000000D+00
 -0.7704678D+02  0.1541263D+03  0.6002866D+02  0.0000000D+00
  0.6995288D+02 -0.6966325D+03 -0.3313459D+02  0.0000000D+00
  0.1329016D+03 -0.1061346D+04 -0.7307779D+02  0.0000000D+00
  0.6230526D+02  0.8177619D+03 -0.2974354D+02  0.0000000D+00
 -0.1420563D+03 -0.1446921D+03  0.5273694D+02  0.0000000D+00
 -0.3461143D+03 -0.7084068D+03 -0.1828112D+02  0.0000000D+00
 -0.1911394D+04  0.8547016D+03 -0.5239242D+02  0.0000000D+00
  0.3115639D+03  0.5025642D+03  0.2038352D+03  0.0000000D+00
  0.3536342D+02  0.3397524D+03  0.2120824D+02  0.0000000D+00
  0.3682927D+03 -0.3936063D+03  0.1872667D+02  0.0000000D+00
 -0.2909233D+03  0.3579405D+03  0.5466702D+01  0.0000000D+00
  0.2542804D+03 -0.1396851D+04  0.1638028D+03  0.0000000D+00
  0.5914370D+03  0.1637615D+04 -0.1457538D+03  0.0000000D+00
  0.4061615D+03 -0.2561107D+04  0.4348363D+03  0.0000000D+00
  0.6356871D+03 -0.6016685D+04  0.1435030D+03  0.0000000D+00
  0.7838907D+03 -0.8691451D+04 -0.8419818D+02  0.0000000D+00
  0.8483588D+03 -0.9838189D+04 -0.1817472D+03  0.0000000D+00
 -0.1309271D+03  0.4845237D+03  0.1048441D+01  0.0000000D+00
  0.5490952D+03  0.9240855D+02  0.1638891D+02  0.0000000D+00
 -0.8969150D+03 -0.5077837D+03 -0.7234781D+02  0.0000000D+00
  0.1018489D+04  0.3647138D+03 -0.1594657D+03  0.0000000D+00
 -0.3275130D+03  0.6335404D+03  0.1366223D+03  0.0000000D+00
  0.1057821D+03 -0.2543293D+03 -0.5747523D+02  0.0000000D+00
  0.2855156D+03  0.5170655D+03 -0.7718000D+02  0.0000000D+00
 -0.2226859D+03 -0.1393300D+03 -0.5326318D+02  0.0000000D+00
 -0.1586800D+03  0.4500155D+03 -0.9374777D+01  0.0000000D+00
  0.5403972D+03  0.1462874D+04  0.2931267D+02  0.0000000D+00
 -0.1471213D+04  0.6394744D+03  0.6356920D+02  0.0000000D+00
  0.9663884D+03 -0.2852521D+04  0.4862090D+03  0.0000000D+00
  0.2858221D+04 -0.5572458D+04  0.8154596D+03  0.0000000D+00
  0.3669123D+04 -0.6738014D+04  0.9565493D+03  0.0000000D+00
 -0.1234756D+02  0.8165591D+01 -0.1238189D-01  0.0000000D+00
  0.1321506D+02 -0.1001526D+02 -0.1140516D+01  0.0000000D+00
 -0.5290344D+01  0.2279700D+02  0.2427765D+01  0.0000000D+00
 -0.2051919D+03 -0.3398485D+02 -0.2994494D+01  0.0000000D+00
  0.2186688D+03 -0.4056129D+02 -0.1861713D+01  0.0000000D+00
  0.1406412D+03 -0.8907769D+02  0.4579268D+01  0.0000000D+00
  0.4507406D+03  0.3893493D+03  0.2368445D+02  0.0000000D+00
 -0.1249801D+03 -0.1050237D+03  0.3251411D+02  0.0000000D+00
  0.5308205D+03 -0.2483255D+03 -0.1651765D+03  0.0000000D+00
 -0.2752086D+03 -0.1856138D+04  0.2609316D+03  0.0000000D+00
  0.2032284D+04  0.1462171D+04  0.9204269D+02  0.0000000D+00
  0.9295906D+03  0.2377486D+04 -0.2533086D+03  0.0000000D+00
  0.4404046D+02  0.3091099D+04 -0.5163170D+03  0.0000000D+00
 -0.3345943D+03  0.3396886D+04 -0.6292106D+03  0.0000000D+00
  0.5924885D+01 -0.5134015D+01 -0.1040388D+01  0.0000000D+00
  0.1748808D+03  0.9616693D+01  0.2041475D+01  0.0000000D+00
 -0.2715588D+03 -0.1315554D+02  0.1243967D+01  0.0000000D+00
  0.4219805D+03  0.4222495D+02 -0.6345264D+01  0.0000000D+00
 -0.4905668D+03 -0.1185586D+03  0.1710637D+01  0.0000000D+00
  0.2020320D+03  0.2012591D+03  0.3199037D+02  0.0000000D+00
  0.8149460D+02 -0.2278225D+02 -0.3718062D+02  0.0000000D+00
 -0.3010468D+03 -0.5633747D+02  0.4619119D+02  0.0000000D+00
 -0.3279678D+03  0.3300529D+03  0.8948339D+01  0.0000000D+00
 -0.4424897D+03  0.9144948D+03 -0.1484784D+03  0.0000000D+00
 -0.4743025D+01 -0.1144046D+04  0.3451165D+03  0.0000000D+00
  0.1038293D+04  0.5907881D+03 -0.1794100D+03  0.0000000D+00
  0.1853108D+04  0.1933012D+04 -0.5875775D+03  0.0000000D+00
  0.2202201D+04  0.2508463D+04 -0.7624974D+03  0.0000000D+00
 -0.1177738D+02 -0.4032961D+01 -0.1224801D+01  0.0000000D+00
 -0.2973316D+02 -0.4305445D+01 -0.4942927D+01  0.0000000D+00
  0.1316009D+03  0.3001825D+01  0.6331975D+01  0.0000000D+00
  0.6544240D+02  0.2855999D+01 -0.1075288D+02  0.0000000D+00
  0.1039537D+03  0.1380047D+01  0.1553822D+02  0.0000000D+00
 -0.1499261D+03 -0.6485198D+01 -0.3842285D+02  0.0000000D+00
  0.3835262D+03 -0.1967672D+03  0.7161167D+02  0.0000000D+00
 -0.3333270D+03 -0.7527391D+01 -0.2446853D+02  0.0000000D+00
  0.3356833D+03 -0.4905185D+03 -0.4074355D+02  0.0000000D+00
 -0.3583397D+03 -0.2432404D+03  0.3436602D+02  0.0000000D+00
  0.1414489D+04  0.5989204D+03 -0.9141158D+02  0.0000000D+00
 -0.4784217D+03  0.6942790D+03 -0.3036598D+03  0.0000000D+00
 -0.1976605D+04  0.7817608D+03 -0.4714906D+03  0.0000000D+00
 -0.2617860D+04  0.8188355D+03 -0.5433316D+03  0.0000000D+00
 -0.2331556D+02  0.4445798D+01 -0.6877015D+00  0.0000000D+00
 -0.3069881D+02 -0.5270371D+01 -0.1209058D+01  0.0000000D+00
  0.2956621D+03  0.1189943D+02 -0.1515896D+01  0.0000000D+00
 -0.5030980D+03 -0.1901696D+02  0.4318614D+00  0.0000000D+00
 -0.7226200D+02  0.7810210D+02  0.9800910D+01  0.0000000D+00
  0.6055954D+02 -0.1686034D+03 -0.3819886D+02  0.0000000D+00
 -0.5470950D+02  0.1081737D+03  0.1878470D+02  0.0000000D+00
 -0.3957243D+03  0.4849017D+02  0.2174018D+02  0.0000000D+00
  0.5124338D+03  0.2908698D+03 -0.5696931D+02  0.0000000D+00
  0.4544439D+03  0.1550347D+03  0.6655905D+02  0.0000000D+00
  0.3215926D+03  0.4580428D+03 -0.1851791D+03  0.0000000D+00
  0.7315318D+00  0.2181061D+04 -0.3009064D+03  0.0000000D+00
 -0.2679615D+03  0.3519146D+04 -0.3915696D+03  0.0000000D+00
 -0.3825135D+03  0.4092672D+04 -0.4304053D+03  0.0000000D+00
  0.2154103D+02  0.3476957D+01 -0.1839961D+01  0.0000000D+00
  0.3020670D+02  0.8846799D+01  0.1338115D+01  0.0000000D+00
 -0.9770763D+02 -0.1975979D+02 -0.2522527D+01  0.0000000D+00
  0.9632691D+02  0.3253694D+02  0.2122577D+01  0.0000000D+00
 -0.2867860D+03 -0.2917251D+02  0.6890711D+01  0.0000000D+00
  0.1040990D+03  0.2046119D+03  0.4658303D+01  0.0000000D+00
 -0.2087681D+03 -0.2073266D+03  0.3663125D+02  0.0000000D+00
  0.6243831D+03  0.3397024D+03  0.1919666D+02  0.0000000D+00
 -0.5883581D+03 -0.7121816D+03  0.9012499D+02  0.0000000D+00
  0.8056259D+03  0.2467312D+03 -0.1166396D+03  0.0000000D+00
 -0.1153023D+03  0.2574536D+03  0.9762977D+02  0.0000000D+00
 -0.9510373D+02 -0.3650439D+02  0.2039726D+02  0.0000000D+00
 -0.6912130D+02 -0.2516879D+03 -0.3987543D+02  0.0000000D+00
 -0.5831200D+02 -0.3443313D+03 -0.6569939D+02  0.0000000D+00
  0.2937852D+02  0.1788489D+01  0.2507591D+01  0.0000000D+00
  0.3704791D+02  0.4791512D+01 -0.5889643D+00  0.0000000D+00
 -0.1649741D+03 -0.1327019D+01  0.2944757D+01  0.0000000D+00
  0.3891791D+03 -0.3945893D+01 -0.6753957D+01  0.0000000D+00
 -0.2279497D+03  0.1729061D+02  0.1081443D+02  0.0000000D+00
  0.9127741D+02  0.5725326D+02 -0.1339724D+02  0.0000000D+00
 -0.2119794D+03  0.6431851D+02  0.9464372D+02  0.0000000D+00
 -0.3536741D+03 -0.2653709D+03 -0.1099600D+03  0.0000000D+00
  0.1557605D+03  0.5520411D+03  0.2128362D+03  0.0000000D+00
 -0.3700279D+03 -0.2044565D+03 -0.8219853D+02  0.0000000D+00
  0.5689575D+03  0.5517536D+03  0.1018501D+03  0.0000000D+00
 -0.9758726D+02 -0.4030258D+03  0.6698486D+02  0.0000000D+00
 -0.6194547D+03 -0.1154630D+04  0.3865814D+02  0.0000000D+00
 -0.8429996D+03 -0.1476458D+04  0.2655692D+02  0.0000000D+00
