  2  2   693  6336  4  4  9 11  7  1    0.00   24.00  228.50  589.30    0.00    6.28   45.00   45.00
  200.0  200.0  200.0  200.0  250.0  300.0  350.0  400.0  450.0  500.0  550.0  600.0  600.0  600.0  600.0
  0.8848273D+03  0.1427436D+03 -0.8584971D+01  0.0000000D+00
  0.9116386D+03  0.1982343D+03  0.9226121D+01  0.0000000D+00
  0.9248192D+03  0.2154331D+03  0.4385549D+00  0.0000000D+00
  0.9653536D+03  0.2652817D+03  0.5495984D+01  0.0000000D+00
  0.1012731D+04  0.2240882D+03  0.1475028D+01  0.0000000D+00
  0.1043618D+04  0.2427055D+03  0.8092348D+01  0.0000000D+00
  0.1063242D+04  0.1192192D+03  0.3122774D+01  0.0000000D+00
  0.1112902D+04  0.1184387D+03  0.1073294D+02  0.0000000D+00
  0.1073328D+04  0.2317122D+02 -0.7526999D+01  0.0000000D+00
  0.1046987D+04 -0.4038917D+02 -0.1970726D+02  0.0000000D+00
  0.1033812D+04 -0.7216410D+02 -0.2579664D+02  0.0000000D+00
 -0.4117231D+03 -0.2533110D+02  0.1432820D+02  0.0000000D+00
 -0.3646916D+03 -0.1502636D+03  0.9942119D+01  0.0000000D+00
 -0.2856441D+03 -0.2907839D+02  0.4148837D+01  0.0000000D+00
 -0.1768492D+03 -0.8757465D+01 -0.1949163D+01  0.0000000D+00
 -0.1676297D+03  0.2819565D+02  0.7731273D+01  0.0000000D+00
 -0.1559129D+03 -0.2472619D+02 -0.7500785D+00  0.0000000D+00
 -0.2178524D+03  0.9802638D+02  0.1648389D+02  0.0000000D+00
 -0.1728563D+03  0.5455701D+02 -0.1675925D+02  0.0000000D+00
  0.2980556D+02  0.2080448D+02  0.2926371D+02  0.0000000D+00
  0.1648857D+03 -0.1689451D+01  0.5996728D+02  0.0000000D+00
  0.2324288D+03 -0.1293725D+02  0.7531674D+02  0.0000000D+00
 -0.4069941D+02 -0.1132012D+03 -0.1061402D+01  0.0000000D+00
 -0.1059638D+03 -0.9261536D+02  0.1580188D+01  0.0000000D+00
 -0.5319359D+02 -0.8118161D+02  0.8438220D+00  0.0000000D+00
 -0.5400820D+02 -0.5787638D+02  0.2210566D+01  0.0000000D+00
 -0.4747676D+02 -0.7141331D+02  0.4989744D+01  0.0000000D+00
 -0.7935447D+02 -0.4345057D+02  0.1301679D+02  0.0000000D+00
 -0.8376125D+02 -0.3894050D+02  0.5438576D+01  0.0000000D+00
 -0.2405881D+03  0.2711350D+02  0.3878704D+00  0.0000000D+00
 -0.9194171D+02 -0.4213790D+02 -0.5497898D+01  0.0000000D+00
  0.7180048D+01 -0.8829434D+02 -0.9428366D+01  0.0000000D+00
  0.5673832D+02 -0.1113738D+03 -0.1139288D+02  0.0000000D+00
 -0.3851377D+02 -0.2454218D+01  0.7615312D+01  0.0000000D+00
 -0.2076577D+02 -0.2364810D+01 -0.2838316D+01  0.0000000D+00
 -0.3350136D+02 -0.6504738D+01  0.4235474D+01  0.0000000D+00
 -0.3084001D+02 -0.6547739D+01  0.1800507D+01  0.0000000D+00
 -0.4217693D+02  0.1724623D+02  0.7698755D+00  0.0000000D+00
 -0.8080943D+02  0.3176900D+02  0.2135204D+01  0.0000000D+00
 -0.4572694D+02  0.1619790D+02  0.2047715D+01  0.0000000D+00
 -0.1227308D+03  0.6448028D+02  0.1512554D+02  0.0000000D+00
 -0.8643719D+02  0.2560195D+02  0.7743407D+00  0.0000000D+00
 -0.6226028D+02 -0.2786425D+00 -0.8808126D+01  0.0000000D+00
 -0.5016979D+02 -0.1322308D+02 -0.1359774D+02  0.0000000D+00
 -0.2725959D+02  0.3526887D+02  0.1412189D+01  0.0000000D+00
  0.9984167D+01 -0.1493288D+02  0.2048605D+00  0.0000000D+00
 -0.1840598D+02  0.2351251D+02 -0.1596807D+01  0.0000000D+00
 -0.1528230D+02  0.2388839D+02 -0.3656973D+01  0.0000000D+00
 -0.1386622D+02  0.4374427D+02 -0.1935569D+01  0.0000000D+00
  0.1299561D+02 -0.6782348D+01 -0.4057501D+01  0.0000000D+00
 -0.2440238D+01  0.2671228D+02 -0.3632409D+00  0.0000000D+00
  0.1245621D+03 -0.6851110D+02  0.6922443D+01  0.0000000D+00
  0.6213482D+02 -0.2281182D+02  0.1328126D+01  0.0000000D+00
  0.2055686D+02  0.7618397D+01 -0.2393240D+01  0.0000000D+00
 -0.2364812D+00  0.2283740D+02 -0.4254808D+01  0.0000000D+00
  0.4963569D+02 -0.7149405D+02  0.1235323D+02  0.0000000D+00
 -0.2036806D+02  0.2568548D+02 -0.4432629D+01  0.0000000D+00
  0.5239935D+02 -0.2842762D+02  0.4952451D+01  0.0000000D+00
  0.6204868D+02 -0.4950039D+01  0.1567545D+00  0.0000000D+00
  0.6451173D+02 -0.2422458D+02 -0.1456546D+01  0.0000000D+00
  0.8170056D+02 -0.7328636D+01 -0.2138247D+01  0.0000000D+00
  0.5285178D+02 -0.3245009D+02  0.4433484D+01  0.0000000D+00
  0.6724334D+02 -0.2647920D+02 -0.8723636D+01  0.0000000D+00
  0.1315034D+02 -0.1828966D+02 -0.4728468D+01  0.0000000D+00
 -0.2290243D+02 -0.1286620D+02 -0.2054233D+01  0.0000000D+00
 -0.4092981D+02 -0.1015055D+02 -0.7182821D+00  0.0000000D+00
  0.1351640D+02 -0.6012386D+01 -0.2345509D+01  0.0000000D+00
  0.3225577D+02  0.5652900D+01 -0.4976957D+00  0.0000000D+00
  0.1782850D+02 -0.5162625D+01  0.2468105D+00  0.0000000D+00
  0.1595594D+02 -0.5961588D+01  0.1563570D+01  0.0000000D+00
 -0.3685016D+01 -0.3132421D+01 -0.1308496D+01  0.0000000D+00
  0.2760447D+01  0.1242920D+02  0.3626169D+01  0.0000000D+00
  0.1220668D+02 -0.1182091D+02  0.5489626D+00  0.0000000D+00
 -0.4677113D+02  0.3882246D+02  0.9622719D+00  0.0000000D+00
 -0.3380541D+02 -0.6664404D+01  0.4233383D+00  0.0000000D+00
 -0.2518930D+02 -0.3696852D+02  0.5778459D-01  0.0000000D+00
 -0.2087825D+02 -0.5212279D+02 -0.1243147D+00  0.0000000D+00
 -0.3445843D+02 -0.1973019D+01  0.7554838D+00  0.0000000D+00
  0.4536648D+01 -0.1187029D+01 -0.1273396D+01  0.0000000D+00
 -0.1546420D+02 -0.7504826D+00  0.1573850D+01  0.0000000D+00
 -0.6841023D+01  0.2062379D+01  0.1960332D+01  0.0000000D+00
 -0.2832462D+02  0.8650637D+01 -0.9619090D-01  0.0000000D+00
 -0.3193412D+02  0.6792880D+00  0.3015419D+01  0.0000000D+00
 -0.8989151D+02  0.2049387D+02 -0.1723254D+01  0.0000000D+00
  0.1293033D+02 -0.1214151D+02  0.4827277D+01  0.0000000D+00
  0.1194199D+01  0.2814704D+01  0.7088268D+01  0.0000000D+00
 -0.6626539D+01  0.1278819D+02  0.8593506D+01  0.0000000D+00
 -0.1053727D+02  0.1777465D+02  0.9346351D+01  0.0000000D+00
  0.4733105D+02  0.2358383D+01 -0.3060633D+01  0.0000000D+00
 -0.5542677D+02 -0.1868671D+01  0.1745921D+01  0.0000000D+00
  0.2434794D+02  0.1494102D+01 -0.5048112D+00  0.0000000D+00
  0.1681558D+02 -0.2531011D+00  0.8873048D+00  0.0000000D+00
  0.2248508D+02 -0.8334950D+01 -0.6227906D+00  0.0000000D+00
  0.6205845D+00 -0.3626420D+01  0.3460129D+00  0.0000000D+00
  0.4342480D+01  0.5322384D+01 -0.3395233D+01  0.0000000D+00
 -0.2303293D+02  0.4545318D+01 -0.1668594D+01  0.0000000D+00
 -0.7146036D+01  0.7548022D+01 -0.5378279D+00  0.0000000D+00
  0.3443190D+01  0.9550068D+01  0.2127169D+00  0.0000000D+00
  0.8738024D+01  0.1055106D+02  0.5883462D+00  0.0000000D+00
 -0.8487426D+02  0.5176751D+02 -0.1280957D+02  0.0000000D+00
 -0.3197916D+02 -0.6113484D+02 -0.1673456D+01  0.0000000D+00
 -0.4635849D+02  0.1001111D+02 -0.1203555D+02  0.0000000D+00
 -0.2097800D+02 -0.9192556D+01 -0.1105168D+02  0.0000000D+00
 -0.2647169D+02  0.2042884D+02 -0.1827918D+01  0.0000000D+00
  0.5032340D+01  0.2072201D+02 -0.4545918D+01  0.0000000D+00
 -0.9402925D+02  0.5144000D+02 -0.7576242D+01  0.0000000D+00
  0.6955960D+02 -0.3938863D+02 -0.7527693D+01  0.0000000D+00
  0.3386788D+02 -0.7404500D+02 -0.7136344D+00  0.0000000D+00
  0.1008312D+02 -0.9710746D+02  0.3823028D+01  0.0000000D+00
 -0.1810317D+01 -0.1086432D+03  0.6092013D+01  0.0000000D+00
  0.7397838D+02  0.1985115D+02 -0.2228303D+02  0.0000000D+00
  0.1150539D+02 -0.4608672D+02  0.3909809D+01  0.0000000D+00
  0.3596887D+02  0.2082384D+02 -0.8375746D+01  0.0000000D+00
  0.3906548D+01  0.2132354D+02  0.1741573D+01  0.0000000D+00
 -0.2017223D+02 -0.2277152D+02  0.2839167D+01  0.0000000D+00
 -0.1305807D+02 -0.3263139D+02  0.3894871D+01  0.0000000D+00
  0.2280764D+02 -0.4222900D+02  0.9532930D+01  0.0000000D+00
 -0.4163113D+02  0.2438044D+02 -0.4423195D+01  0.0000000D+00
 -0.3273541D+02  0.4006131D+02 -0.2115147D+02  0.0000000D+00
 -0.2685423D+02  0.5048658D+02 -0.3229283D+02  0.0000000D+00
 -0.2390830D+02  0.5570231D+02 -0.3786468D+02  0.0000000D+00
 -0.1578102D+02 -0.2053800D+02 -0.1203050D+02  0.0000000D+00
 -0.1981534D+02  0.1218419D+01  0.1165252D+02  0.0000000D+00
 -0.4065623D+02  0.7903692D+01 -0.9039792D+01  0.0000000D+00
 -0.5139623D+02  0.2437924D+02 -0.7465109D+01  0.0000000D+00
 -0.2021029D+02  0.8935039D+01  0.3527717D+01  0.0000000D+00
 -0.8222541D+02  0.6232627D+02  0.4204819D+01  0.0000000D+00
 -0.1696536D+02 -0.2726363D+02 -0.1553575D+00  0.0000000D+00
 -0.7062169D+02  0.3225992D+02  0.4745846D+01  0.0000000D+00
 -0.1168078D+02  0.1134430D+02 -0.1779553D+02  0.0000000D+00
  0.2776917D+02 -0.2651365D+01 -0.3283742D+02  0.0000000D+00
  0.4747727D+02 -0.9643584D+01 -0.4035682D+02  0.0000000D+00
  0.1549943D+03  0.1190124D+02 -0.2363159D+02  0.0000000D+00
 -0.5733783D+02 -0.1756910D+01  0.4916368D+01  0.0000000D+00
  0.6489598D+02  0.1089770D+02 -0.8959801D+01  0.0000000D+00
  0.1419264D+02  0.1234298D+02  0.1294621D+01  0.0000000D+00
  0.4199680D+02  0.1535016D+02  0.2351607D+01  0.0000000D+00
  0.2137507D+02  0.1474766D+02  0.3479335D+01  0.0000000D+00
  0.1421059D+03  0.2062481D+02  0.3974252D+01  0.0000000D+00
 -0.1599378D+02 -0.6479806D+01  0.1481267D+01  0.0000000D+00
  0.1566541D+02  0.6247321D+01  0.1887615D+02  0.0000000D+00
  0.3678388D+02  0.1474276D+02  0.3047085D+02  0.0000000D+00
  0.4734178D+02  0.1898932D+02  0.3626840D+02  0.0000000D+00
 -0.4550822D+02  0.1529887D+02 -0.1233795D+02  0.0000000D+00
  0.3403060D+02 -0.4963166D+00  0.5285395D+01  0.0000000D+00
 -0.7998831D+01 -0.9069297D+01 -0.4978136D+01  0.0000000D+00
  0.8807259D+01 -0.2160649D+02 -0.1378210D+01  0.0000000D+00
 -0.6849379D+01 -0.3759170D+01 -0.5690119D+01  0.0000000D+00
  0.6893267D+02 -0.7940829D+02  0.1549867D+01  0.0000000D+00
 -0.9517342D+01  0.1514983D+02 -0.5552765D+01  0.0000000D+00
  0.4487749D+01 -0.9305965D+01  0.1856515D+02  0.0000000D+00
 -0.3942973D+02 -0.2453631D+02  0.2988694D+01  0.0000000D+00
 -0.6880547D+02 -0.3466036D+02 -0.7392436D+01  0.0000000D+00
 -0.8348281D+02 -0.3972558D+02 -0.1258335D+02  0.0000000D+00
  0.2946162D+02  0.9726951D+02  0.3836192D+01  0.0000000D+00
 -0.1650582D+02 -0.3107443D+02  0.7708749D+00  0.0000000D+00
  0.2676294D+02  0.3217089D+02  0.1004366D+01  0.0000000D+00
  0.2027820D+02 -0.5773678D+01 -0.5897251D+00  0.0000000D+00
 -0.2186855D+02  0.1609412D+02  0.7245716D+00  0.0000000D+00
 -0.1976270D+01 -0.1924573D+02 -0.4735540D+01  0.0000000D+00
 -0.1125175D+03  0.4805291D+02  0.4445490D+01  0.0000000D+00
  0.7097053D+01 -0.3668482D+02 -0.3941851D+01  0.0000000D+00
  0.1592396D+01 -0.2964335D+00  0.8601400D+01  0.0000000D+00
 -0.2060881D+01  0.2400587D+02  0.1696654D+02  0.0000000D+00
 -0.3889306D+01  0.3615234D+02  0.2114880D+02  0.0000000D+00
 -0.5717185D+02 -0.3990352D+02 -0.4144861D+01  0.0000000D+00
  0.1575081D+02  0.1369636D+02  0.2387615D+01  0.0000000D+00
 -0.2888439D+02 -0.8976339D+01 -0.7277708D+00  0.0000000D+00
 -0.1097965D+02  0.1091118D+02  0.9893565D+00  0.0000000D+00
 -0.2219883D+01  0.7572222D+01 -0.3136707D+00  0.0000000D+00
  0.3945378D+01  0.4060251D+02  0.5630054D+01  0.0000000D+00
 -0.2912403D+02  0.3144070D+02  0.1683527D+00  0.0000000D+00
  0.2305689D+02 -0.2000295D+01 -0.2465210D+01  0.0000000D+00
  0.9189729D+01  0.1549502D+02  0.9634228D+01  0.0000000D+00
 -0.7523838D-01  0.2714385D+02  0.1769215D+02  0.0000000D+00
 -0.4705540D+01  0.3296985D+02  0.2172201D+02  0.0000000D+00
  0.2860630D+02 -0.4812640D+01 -0.7844518D+00  0.0000000D+00
 -0.8916123D+01 -0.6624444D+00  0.8289297D+00  0.0000000D+00
  0.7102600D+01  0.1469431D+00 -0.4504138D+00  0.0000000D+00
 -0.5650139D+01  0.2494984D+00 -0.5917482D+00  0.0000000D+00
  0.1050940D+01 -0.1063901D+02 -0.8129095D+00  0.0000000D+00
 -0.3604186D+01  0.3669839D+01  0.3404709D+01  0.0000000D+00
  0.5513271D+02 -0.4923402D+02 -0.1207385D+01  0.0000000D+00
  0.4190649D+02  0.3351559D+02  0.2940787D+01  0.0000000D+00
  0.8447864D+01 -0.1994414D+01 -0.9841098D+01  0.0000000D+00
 -0.1382201D+02 -0.2570834D+02 -0.1836120D+02  0.0000000D+00
 -0.2496082D+02 -0.3756091D+02 -0.2262138D+02  0.0000000D+00
 -0.3125548D+02  0.8706022D+01  0.1151650D+02  0.0000000D+00
  0.2321138D+02 -0.7639700D+01 -0.5268238D+01  0.0000000D+00
 -0.2318069D+02  0.1151971D+01  0.4632226D+01  0.0000000D+00
 -0.1761852D+02 -0.1054984D+01  0.5406163D+00  0.0000000D+00
 -0.3084279D+01  0.8092735D+01  0.4256899D+00  0.0000000D+00
 -0.2862829D+02 -0.7667508D+01 -0.4194117D+01  0.0000000D+00
 -0.1435337D+02  0.4704467D+01 -0.3013608D+00  0.0000000D+00
  0.2642015D+02 -0.2590023D+02 -0.4646145D+01  0.0000000D+00
  0.1730121D+02 -0.1238420D+02 -0.9495187D+01  0.0000000D+00
  0.1126443D+02 -0.3348729D+01 -0.1272422D+02  0.0000000D+00
  0.8241442D+01  0.1166327D+01 -0.1433914D+02  0.0000000D+00
  0.4621471D+02  0.3063584D+02  0.2385849D+02  0.0000000D+00
  0.6768555D+02  0.6331658D+01 -0.3211020D+01  0.0000000D+00
  0.4312189D+02  0.8104280D+01  0.7388498D+01  0.0000000D+00
  0.2889654D+02 -0.1820017D+01 -0.2755332D+01  0.0000000D+00
 -0.4213019D+01  0.2355743D+02  0.1431354D+01  0.0000000D+00
  0.5723094D+01 -0.1701328D+01 -0.1348640D+02  0.0000000D+00
 -0.8139959D+02  0.7912960D+02  0.2475953D+01  0.0000000D+00
  0.6730395D+02 -0.3812093D+02 -0.1777880D+02  0.0000000D+00
  0.6203231D+02 -0.2203145D+02  0.1601689D+02  0.0000000D+00
  0.5841223D+02 -0.1122853D+02  0.3855958D+02  0.0000000D+00
  0.5661361D+02 -0.5835347D+01  0.4982961D+02  0.0000000D+00
  0.1404035D+03 -0.6381542D+01 -0.4120176D+02  0.0000000D+00
  0.4039571D+02  0.5195845D+02  0.9377008D+01  0.0000000D+00
  0.7443302D+02  0.1557896D+01 -0.1470654D+02  0.0000000D+00
  0.2685559D+02 -0.6686138D+01 -0.5322478D+00  0.0000000D+00
  0.2903154D+02 -0.3294254D+02 -0.1134190D+02  0.0000000D+00
  0.3696313D+02  0.4833095D+01  0.1884920D+02  0.0000000D+00
  0.6069991D+02 -0.9849094D+02 -0.1091789D+02  0.0000000D+00
  0.1806495D+02  0.4951336D+01  0.3967093D+02  0.0000000D+00
 -0.7048783D+02  0.3025350D+02 -0.3766264D+02  0.0000000D+00
 -0.1294773D+03  0.4702452D+02 -0.8925731D+02  0.0000000D+00
 -0.1589769D+03  0.5542053D+02 -0.1150504D+03  0.0000000D+00
 -0.8584745D+01  0.9735282D+01  0.1504946D+02  0.0000000D+00
 -0.9054225D+01  0.1753505D+02 -0.1093966D+02  0.0000000D+00
 -0.8675224D+01  0.3695470D+01 -0.9484765D+00  0.0000000D+00
 -0.1068471D+02 -0.3961683D+01 -0.1009544D+02  0.0000000D+00
 -0.2048544D+02 -0.8927320D+01 -0.3248163D+01  0.0000000D+00
 -0.9440323D+01 -0.1487605D+02 -0.2300527D+02  0.0000000D+00
  0.4347939D+01 -0.3065696D+02  0.2256086D+01  0.0000000D+00
  0.1011942D+03 -0.9839415D+02 -0.5994050D+01  0.0000000D+00
  0.3974287D+02 -0.2523360D+02  0.2610369D+01  0.0000000D+00
 -0.1209147D+01  0.2349169D+02  0.8358018D+01  0.0000000D+00
 -0.2168684D+02  0.4785957D+02  0.1123061D+02  0.0000000D+00
  0.3882880D+02 -0.2084356D+02 -0.6503886D+01  0.0000000D+00
  0.8623388D+01  0.5067119D+01  0.2100566D+01  0.0000000D+00
  0.1245380D+02 -0.9509631D+01 -0.2818089D+01  0.0000000D+00
 -0.3787212D+01 -0.4698290D+00  0.4853146D+00  0.0000000D+00
 -0.9266478D+00  0.1543481D+02  0.3267467D+01  0.0000000D+00
 -0.3653816D+02  0.1475234D+02  0.3708672D+01  0.0000000D+00
 -0.4936824D+02  0.5799727D+01  0.7896642D+01  0.0000000D+00
 -0.1727238D+03  0.6831438D+02 -0.1260092D+02  0.0000000D+00
 -0.1154663D+03  0.6872905D+02  0.1052002D+02  0.0000000D+00
 -0.7717082D+02  0.6896082D+02  0.2595519D+02  0.0000000D+00
 -0.5803649D+02  0.6908154D+02  0.3367048D+02  0.0000000D+00
  0.3195630D+02  0.1612834D+02 -0.3501750D+02  0.0000000D+00
 -0.2194193D+02  0.9316938D+00  0.8070490D+01  0.0000000D+00
  0.1727050D+02  0.6691547D+00 -0.1170354D+02  0.0000000D+00
  0.1015027D+02 -0.8851711D+01  0.2474581D+01  0.0000000D+00
  0.1557353D+02  0.8448037D+00 -0.2769672D+01  0.0000000D+00
  0.6036630D+01  0.7646891D+01  0.1666047D+02  0.0000000D+00
  0.2805519D+01  0.1060373D+02 -0.2071207D+01  0.0000000D+00
 -0.1711385D+02  0.3498369D+02  0.5081371D+00  0.0000000D+00
  0.2849505D+01  0.1997071D+02  0.3963758D+00  0.0000000D+00
  0.1609355D+02  0.1005283D+02  0.3057122D+00  0.0000000D+00
  0.2272259D+02  0.5084066D+01  0.2621279D+00  0.0000000D+00
 -0.5087520D+02  0.3337055D+02 -0.2667575D+01  0.0000000D+00
  0.9538963D+00 -0.6426869D+01  0.1542071D+01  0.0000000D+00
 -0.1424640D+02  0.1133680D+02 -0.2858539D+01  0.0000000D+00
  0.7502601D+01 -0.3631952D+00 -0.2823392D+01  0.0000000D+00
 -0.7264401D+01  0.1123374D+02  0.5818309D+00  0.0000000D+00
  0.7908009D+01 -0.3191967D+01 -0.7468132D+01  0.0000000D+00
 -0.8132336D+02  0.5532855D+02 -0.6921146D+01  0.0000000D+00
  0.1533466D+02 -0.1792969D+02  0.3724282D+01  0.0000000D+00
  0.4061331D+02 -0.1366968D+02  0.8827234D+01  0.0000000D+00
  0.5738462D+02 -0.1080144D+02  0.1221652D+02  0.0000000D+00
  0.6577904D+02 -0.9370366D+01  0.1391253D+02  0.0000000D+00
 -0.6743831D+01  0.4322175D+02  0.8341443D+01  0.0000000D+00
 -0.1114953D+02 -0.1475325D+02  0.2152723D+01  0.0000000D+00
  0.5043506D+01  0.1318302D+02  0.2836974D+00  0.0000000D+00
  0.1224849D+02 -0.3438970D+01 -0.4025599D+01  0.0000000D+00
 -0.8765619D+01  0.1290840D+02  0.4431857D+01  0.0000000D+00
 -0.7481927D+00 -0.5364022D+01 -0.8559270D+01  0.0000000D+00
 -0.3581552D+02  0.5224031D+02  0.1355819D+01  0.0000000D+00
 -0.3667203D+02 -0.3436882D+02 -0.1003192D+02  0.0000000D+00
 -0.2836777D+02 -0.2120622D+01  0.5875786D+00  0.0000000D+00
 -0.2281683D+02  0.1936679D+02  0.7679341D+01  0.0000000D+00
 -0.2004296D+02  0.3011173D+02  0.1122391D+02  0.0000000D+00
  0.1544629D+02 -0.2083942D+02 -0.4948598D+01  0.0000000D+00
 -0.6036254D+01  0.3875766D+01  0.2266577D+01  0.0000000D+00
 -0.5041104D+01 -0.3714495D+01 -0.1233603D+01  0.0000000D+00
 -0.1827054D+02  0.6569109D+01  0.5081680D+00  0.0000000D+00
 -0.5219953D+01 -0.2244866D+01 -0.1840668D+01  0.0000000D+00
 -0.2030123D+02  0.9805724D+01  0.4788313D+01  0.0000000D+00
  0.7941459D+01 -0.2895427D+02 -0.2336207D+00  0.0000000D+00
  0.1566144D+02  0.1542113D+02  0.3064610D+01  0.0000000D+00
 -0.1778064D+02  0.1374637D+02 -0.1304591D+02  0.0000000D+00
 -0.4008276D+02  0.1263155D+02 -0.2379117D+02  0.0000000D+00
 -0.5123301D+02  0.1207396D+02 -0.2916326D+02  0.0000000D+00
  0.3202714D+02 -0.8257680D+01 -0.9282792D-01  0.0000000D+00
  0.1022405D+02  0.3392308D+01 -0.6010393D+00  0.0000000D+00
  0.1657323D+02 -0.1762718D+01 -0.6848956D+00  0.0000000D+00
  0.4664273D+01  0.5245479D+00 -0.7657627D+00  0.0000000D+00
  0.2898820D+01 -0.6233506D+01  0.6363666D+00  0.0000000D+00
 -0.1758140D+01  0.4179111D+01 -0.1318382D+01  0.0000000D+00
 -0.2841086D+02 -0.1598313D+02  0.4042322D+01  0.0000000D+00
 -0.5830801D+01  0.2468729D+02  0.3850906D+01  0.0000000D+00
 -0.1867051D+02  0.7720668D+01  0.1457920D+01  0.0000000D+00
 -0.2722211D+02 -0.3614294D+01 -0.1359073D+00  0.0000000D+00
 -0.3149880D+02 -0.9279193D+01 -0.9329829D+00  0.0000000D+00
 -0.5590483D+02 -0.2400406D+01  0.4468982D+01  0.0000000D+00
 -0.1353964D+02  0.2129241D+01  0.7229625D+00  0.0000000D+00
 -0.1708707D+02 -0.3810135D+01  0.1600088D+01  0.0000000D+00
  0.1177872D+02 -0.5664975D+01 -0.2359694D-01  0.0000000D+00
  0.2892395D+01 -0.7056674D+01  0.1489944D+01  0.0000000D+00
  0.1713593D+02 -0.1872577D+02 -0.4472420D+01  0.0000000D+00
  0.2932489D+02 -0.2650503D+02 -0.2223506D+01  0.0000000D+00
  0.7293341D+02  0.1368588D+00 -0.3581725D+01  0.0000000D+00
  0.3317819D+02 -0.9615109D+01  0.3066256D+00  0.0000000D+00
  0.6702932D+01 -0.1612722D+02  0.2900385D+01  0.0000000D+00
 -0.6537749D+01 -0.1938210D+02  0.4197100D+01  0.0000000D+00
 -0.8244981D+02 -0.1374328D+02 -0.1108171D+02  0.0000000D+00
 -0.2693528D+02  0.1332439D+02  0.9425195D+01  0.0000000D+00
 -0.4945382D+02  0.1130004D+01 -0.3002348D+01  0.0000000D+00
 -0.2401126D+02  0.9988490D+01  0.9638860D+00  0.0000000D+00
 -0.8040273D+01  0.1877656D+01 -0.7495180D+00  0.0000000D+00
 -0.3008106D+00  0.1759417D+02  0.9215324D+01  0.0000000D+00
 -0.1182351D+02  0.3038545D+02 -0.1100027D+01  0.0000000D+00
 -0.1980836D+01 -0.3103228D+01  0.1177371D+02  0.0000000D+00
 -0.9719270D+00  0.1657366D+02 -0.7895129D+01  0.0000000D+00
 -0.3272449D+00  0.2969993D+02 -0.2102083D+02  0.0000000D+00
 -0.1883919D-02  0.3626216D+02 -0.2758227D+02  0.0000000D+00
 -0.2213653D+02  0.3662725D+01 -0.1108394D+02  0.0000000D+00
 -0.2845914D+02 -0.5673134D+01  0.1237608D+01  0.0000000D+00
 -0.8371930D+01 -0.4574108D+00 -0.4522982D+01  0.0000000D+00
  0.7373506D+01 -0.2930612D+01  0.4733387D+00  0.0000000D+00
  0.3847495D+01 -0.1693556D+01  0.2766815D+01  0.0000000D+00
 -0.2997527D+02  0.4493841D+01  0.1474799D+01  0.0000000D+00
  0.5064979D+02  0.3132327D+01  0.2618546D+01  0.0000000D+00
 -0.1105899D+02  0.1620850D+01  0.7449924D+01  0.0000000D+00
 -0.1749674D+01  0.1954321D+02 -0.3711122D+01  0.0000000D+00
  0.4495744D+01  0.3150864D+02 -0.1115266D+02  0.0000000D+00
  0.7614214D+01  0.3748949D+02 -0.1487333D+02  0.0000000D+00
  0.5177966D+01  0.8988994D+01  0.7597479D+01  0.0000000D+00
  0.1387034D+02  0.1121183D+01 -0.1129706D+01  0.0000000D+00
 -0.9034771D+01  0.2770339D+01  0.2682370D+01  0.0000000D+00
 -0.1718323D+02 -0.7755860D+00 -0.1463894D+00  0.0000000D+00
  0.6689977D+01  0.1154025D+01  0.1942197D+00  0.0000000D+00
 -0.1302461D+02 -0.8344823D+01 -0.5464945D+01  0.0000000D+00
  0.3485780D+02 -0.1292471D+02  0.5158652D+01  0.0000000D+00
 -0.4111894D+02 -0.1978720D+02 -0.7689303D+01  0.0000000D+00
 -0.2463677D+02 -0.1124450D+02  0.1459011D+01  0.0000000D+00
 -0.1364072D+02 -0.5518481D+01  0.7569985D+01  0.0000000D+00
 -0.8143547D+01 -0.2658813D+01  0.1062416D+02  0.0000000D+00
 -0.2772857D+02  0.5198593D+01 -0.8150508D+01  0.0000000D+00
 -0.6169303D+01 -0.1501552D+01  0.2431190D+01  0.0000000D+00
 -0.1507400D+02 -0.1769697D+01 -0.3720558D+01  0.0000000D+00
 -0.7689841D+01 -0.3705419D+01 -0.4299819D+00  0.0000000D+00
 -0.2724656D+01  0.6752069D+01  0.1106569D+01  0.0000000D+00
  0.2548674D+02 -0.2054687D+02 -0.1589872D+01  0.0000000D+00
 -0.5869030D+02  0.2573581D+02  0.3042861D+00  0.0000000D+00
 -0.1269441D+02 -0.4810402D+01 -0.9450895D+01  0.0000000D+00
 -0.1586052D+02  0.1486678D+02  0.6959086D+01  0.0000000D+00
 -0.1798626D+02  0.2799280D+02  0.1790025D+02  0.0000000D+00
 -0.1904750D+02  0.3455496D+02  0.2337070D+02  0.0000000D+00
 -0.6446518D+02  0.7249579D+00 -0.5415958D+01  0.0000000D+00
  0.1683165D+02  0.2032850D+01  0.4196099D+00  0.0000000D+00
 -0.1881511D+02 -0.4199589D+01 -0.9483249D+00  0.0000000D+00
  0.9458801D+01 -0.7925102D+01  0.1481846D+01  0.0000000D+00
 -0.9062074D+01 -0.2281771D+01 -0.1682679D+01  0.0000000D+00
  0.1247442D+02 -0.8275381D+01  0.6073791D+00  0.0000000D+00
  0.2102123D+02 -0.2698366D+01 -0.8437201D+01  0.0000000D+00
  0.2292600D+01  0.1123340D+02  0.9483781D+01  0.0000000D+00
  0.7587821D+01  0.1328910D+02  0.2115604D+00  0.0000000D+00
  0.1110204D+02  0.1463959D+02 -0.5981527D+01  0.0000000D+00
  0.1286087D+02  0.1531699D+02 -0.9076816D+01  0.0000000D+00
  0.2543274D+02 -0.1463109D+02  0.1499715D+01  0.0000000D+00
  0.8043872D+01  0.2357776D+01 -0.8808038D+00  0.0000000D+00
  0.1249923D+02 -0.4347860D+01  0.8262697D+00  0.0000000D+00
  0.3082477D+01  0.9232299D+00  0.4958329D+00  0.0000000D+00
  0.5031852D+01 -0.7369174D+01  0.2113701D+00  0.0000000D+00
  0.4924043D+01  0.3148443D+01 -0.7831499D+00  0.0000000D+00
 -0.6096202D+01 -0.2010140D+02 -0.1115698D+01  0.0000000D+00
  0.1834812D+02 -0.5704850D+01 -0.1801091D+01  0.0000000D+00
  0.1592145D+02 -0.8961948D+01 -0.4638185D+01  0.0000000D+00
  0.1431799D+02 -0.1113620D+02 -0.6528098D+01  0.0000000D+00
  0.1351471D+02 -0.1222301D+02 -0.7473216D+01  0.0000000D+00
 -0.2428444D+02 -0.5393756D+01 -0.3721368D+01  0.0000000D+00
 -0.9271730D+01 -0.1730184D+01  0.1586877D+01  0.0000000D+00
 -0.1298938D+02 -0.2481412D+01 -0.1603094D+01  0.0000000D+00
 -0.1210999D+01 -0.1859496D+01 -0.5194044D-01  0.0000000D+00
  0.6046934D+01 -0.5816723D+01  0.9757012D+00  0.0000000D+00
 -0.1527721D+02  0.1042887D+02  0.1623549D+01  0.0000000D+00
  0.3748169D+02 -0.2497547D+01  0.4236799D+01  0.0000000D+00
  0.6390963D+02  0.1721677D+01 -0.4138603D+01  0.0000000D+00
  0.1333117D+02  0.6677111D+01 -0.4082315D+01  0.0000000D+00
 -0.2035145D+02  0.9974110D+01 -0.4043408D+01  0.0000000D+00
 -0.3719670D+02  0.1162333D+02 -0.4024103D+01  0.0000000D+00
 -0.5805724D+00 -0.1060665D+02 -0.9347576D-01  0.0000000D+00
 -0.3325267D+01  0.6209879D+01  0.5401283D+00  0.0000000D+00
  0.1614520D+01 -0.2962316D+01  0.2553625D+00  0.0000000D+00
  0.4696078D+01  0.1784409D+01  0.3639417D+00  0.0000000D+00
  0.1115860D+01  0.6292188D+00 -0.2826894D+00  0.0000000D+00
 -0.9309073D+01  0.3715908D+01 -0.3267043D+00  0.0000000D+00
  0.4271891D+02  0.7472909D+01 -0.8400560D-01  0.0000000D+00
  0.3274743D+02  0.3522050D+01  0.3630314D+01  0.0000000D+00
  0.1044824D+02  0.3575145D+01  0.3114930D+01  0.0000000D+00
 -0.4397297D+01  0.3607462D+01  0.2769890D+01  0.0000000D+00
 -0.1182229D+02  0.3623954D+01  0.2597527D+01  0.0000000D+00
  0.9555540D+01 -0.1296851D+02 -0.1288128D+02  0.0000000D+00
 -0.5419830D+02  0.1284104D+02  0.6296138D+01  0.0000000D+00
 -0.1067411D+02  0.1742837D+00 -0.4235918D+01  0.0000000D+00
 -0.1654304D+02  0.4613147D+01  0.1512994D+01  0.0000000D+00
  0.1261067D+01 -0.8590038D+01  0.2117185D+01  0.0000000D+00
 -0.2360078D+02  0.1676596D+02  0.4471268D+01  0.0000000D+00
  0.5820143D+02 -0.2445413D+02  0.4420860D+01  0.0000000D+00
  0.1646808D+01  0.1859269D+01  0.4245685D+01  0.0000000D+00
 -0.1766331D+02  0.1099057D+02 -0.7403972D+01  0.0000000D+00
 -0.3051496D+02  0.1702902D+02 -0.1516800D+02  0.0000000D+00
 -0.3694314D+02  0.2005356D+02 -0.1905028D+02  0.0000000D+00
 -0.4059651D+02  0.1578954D+02 -0.8778099D+01  0.0000000D+00
 -0.1466457D+02 -0.5876516D+01  0.1046754D+01  0.0000000D+00
 -0.1626892D+02  0.6784894D+01 -0.3822859D+01  0.0000000D+00
  0.1366557D+01  0.2166846D+01 -0.1274321D+01  0.0000000D+00
 -0.1663908D+01 -0.3282891D+00 -0.3838873D+01  0.0000000D+00
  0.1640870D+02 -0.2065503D+02 -0.1084815D+01  0.0000000D+00
 -0.1481990D+02 -0.3432245D+01 -0.7711906D+01  0.0000000D+00
  0.1495784D+02 -0.6842038D+01  0.3388433D+01  0.0000000D+00
  0.2085082D+02 -0.1240670D+02  0.9566327D+01  0.0000000D+00
  0.2478938D+02 -0.1608701D+02  0.1367230D+02  0.0000000D+00
  0.2675759D+02 -0.1793035D+02  0.1572666D+02  0.0000000D+00
 -0.1971335D+01 -0.2237951D+02 -0.9890888D+01  0.0000000D+00
 -0.8694004D+01 -0.3162254D+00  0.2566540D+01  0.0000000D+00
 -0.3446659D+01 -0.3032219D+01 -0.2687795D+01  0.0000000D+00
 -0.3909335D+01  0.9491160D+01  0.1592997D+01  0.0000000D+00
 -0.2966641D+01 -0.3508991D+00 -0.2183653D+01  0.0000000D+00
  0.3011251D+00  0.1592490D+02  0.2678154D+01  0.0000000D+00
  0.1047735D+02 -0.5797244D+01 -0.1165345D+01  0.0000000D+00
 -0.1919009D+02  0.8042354D+01  0.4450590D+01  0.0000000D+00
 -0.4254513D+01 -0.5927580D+01  0.1029076D+02  0.0000000D+00
  0.5697366D+01 -0.1523809D+02  0.1418533D+02  0.0000000D+00
  0.1067387D+02 -0.1989364D+02  0.1613250D+02  0.0000000D+00
 -0.4025191D+02  0.1882339D+02  0.4167051D+01  0.0000000D+00
  0.1555983D+02 -0.4688329D+01  0.4420425D+00  0.0000000D+00
 -0.1211124D+02  0.8153326D+01  0.1074161D+00  0.0000000D+00
  0.5184584D+01  0.2722495D+00 -0.2398334D+01  0.0000000D+00
 -0.6911788D+00 -0.4495908D+01  0.5872297D+00  0.0000000D+00
  0.1286823D+02 -0.1245540D+01 -0.3521238D+01  0.0000000D+00
 -0.2035518D+02  0.8789207D+01 -0.6753836D+00  0.0000000D+00
  0.1484941D+02  0.1674381D+02 -0.3150909D+01  0.0000000D+00
  0.1272850D+01  0.1575544D+02 -0.6329793D+01  0.0000000D+00
 -0.7778796D+01  0.1509818D+02 -0.8445888D+01  0.0000000D+00
 -0.1230455D+02  0.1476937D+02 -0.9504277D+01  0.0000000D+00
 -0.1409122D+02  0.2284511D+02  0.7569764D+00  0.0000000D+00
  0.4574151D+01 -0.4664947D+01 -0.6724728D+00  0.0000000D+00
 -0.2692509D+01  0.7009567D+01 -0.3889988D+00  0.0000000D+00
  0.5295722D+01 -0.1815865D+01 -0.5918171D+00  0.0000000D+00
  0.1612847D+01  0.5190740D+01  0.1433173D+01  0.0000000D+00
 -0.2642717D+01 -0.2015193D+02 -0.4006880D+01  0.0000000D+00
 -0.3921568D+01 -0.2301629D+01  0.3217814D+01  0.0000000D+00
  0.3652380D+02 -0.3437916D+02 -0.1268808D+02  0.0000000D+00
  0.9783293D+01  0.6960172D+01 -0.5507838D+01  0.0000000D+00
 -0.8026304D+01  0.3451576D+02 -0.7220676D+00  0.0000000D+00
 -0.1693299D+02  0.4829398D+02  0.1670932D+01  0.0000000D+00
  0.2786303D+02 -0.9626170D+01 -0.2888781D+01  0.0000000D+00
  0.9120657D+01 -0.1210669D+01 -0.2329414D+00  0.0000000D+00
  0.2575733D+01  0.1341373D+01  0.3171903D+00  0.0000000D+00
 -0.1362740D+02  0.7269032D+01  0.2476419D+01  0.0000000D+00
  0.9715438D+00 -0.2442753D+01  0.5773539D+00  0.0000000D+00
 -0.2345429D+02  0.1450938D+02  0.3571106D+01  0.0000000D+00
  0.5104779D+02 -0.1245346D+02 -0.5037751D-01  0.0000000D+00
 -0.2939021D+02  0.6878035D+01  0.2237168D+01  0.0000000D+00
 -0.2429580D+02  0.3516801D+01 -0.6143343D+01  0.0000000D+00
 -0.2089271D+02  0.1252803D+01 -0.1172786D+02  0.0000000D+00
 -0.1919190D+02  0.1233095D+00 -0.1452038D+02  0.0000000D+00
 -0.1365187D+02 -0.1302486D+02  0.3393157D+01  0.0000000D+00
  0.1630380D+02  0.7266931D+00 -0.6221976D+00  0.0000000D+00
 -0.8569495D+01 -0.2584474D+01  0.3820763D+00  0.0000000D+00
 -0.5239352D+01  0.3149875D+01 -0.1298359D+01  0.0000000D+00
  0.4106504D+01 -0.4620688D+01  0.2750921D+00  0.0000000D+00
  0.4110032D+00  0.1405883D+02 -0.3069997D+01  0.0000000D+00
  0.3035799D+02 -0.2253362D+01  0.3282131D+00  0.0000000D+00
  0.2728511D+01  0.1809482D+02 -0.1069584D+01  0.0000000D+00
 -0.1244914D+01  0.1190512D+01  0.5401690D+00  0.0000000D+00
 -0.3898800D+01 -0.1007161D+02  0.1622715D+01  0.0000000D+00
 -0.5225208D+01 -0.1570347D+02  0.2162973D+01  0.0000000D+00
  0.3945852D+02  0.2442312D+01 -0.4836602D+01  0.0000000D+00
 -0.2349294D+02 -0.4467283D+00  0.5732860D+00  0.0000000D+00
  0.1543000D+02  0.1671630D+01 -0.1457164D+01  0.0000000D+00
  0.1110880D+01  0.5424670D+00  0.7174149D+00  0.0000000D+00
  0.5793351D+01 -0.4586436D+01 -0.2285521D+00  0.0000000D+00
  0.7594722D+01 -0.4324143D+01 -0.1052427D+01  0.0000000D+00
 -0.1178290D+01 -0.2585232D+01 -0.2290241D+01  0.0000000D+00
 -0.8510018D+01 -0.3279389D+01  0.1262919D+01  0.0000000D+00
  0.2177561D+01  0.7968409D+01  0.3753114D+01  0.0000000D+00
  0.9295244D+01  0.1547186D+02  0.5404623D+01  0.0000000D+00
  0.1285488D+02  0.1922305D+02  0.6231310D+01  0.0000000D+00
  0.1553773D+02 -0.1135066D+02 -0.5559599D+01  0.0000000D+00
 -0.1116667D+02  0.4478006D+01  0.1588293D+01  0.0000000D+00
 -0.4680880D+01 -0.3527721D+01 -0.1237098D+01  0.0000000D+00
 -0.1726713D+02  0.2167658D+01  0.1134997D+01  0.0000000D+00
 -0.2281462D+01  0.1537566D+01 -0.1164455D+01  0.0000000D+00
 -0.6558443D+01 -0.5893337D+01  0.3822254D+01  0.0000000D+00
 -0.6732384D+01  0.2949647D+01  0.1290102D+00  0.0000000D+00
  0.6064079D+00 -0.5122648D+01  0.6167584D+01  0.0000000D+00
  0.7830521D+01  0.3267931D+01  0.7715673D+01  0.0000000D+00
  0.1265457D+02  0.8862781D+01  0.8741564D+01  0.0000000D+00
  0.1506573D+02  0.1166008D+02  0.9255176D+01  0.0000000D+00
  0.2194767D+02 -0.7960939D+01 -0.5967741D+01  0.0000000D+00
  0.1905090D+02 -0.6612833D+01 -0.7592284D-01  0.0000000D+00
  0.8965209D+01 -0.2901754D+01 -0.2578825D+01  0.0000000D+00
 -0.1099365D+01  0.1813550D+01 -0.1600283D+00  0.0000000D+00
  0.4430699D+01  0.2518832D+01 -0.8499197D+00  0.0000000D+00
 -0.1546060D+01 -0.2022264D+00 -0.1621807D+01  0.0000000D+00
 -0.2036458D+01  0.5005983D+01  0.8208386D+00  0.0000000D+00
  0.7615748D+01 -0.1303686D+02 -0.3100604D+00  0.0000000D+00
  0.1157188D+02  0.6621660D+00 -0.4921687D+01  0.0000000D+00
  0.1422291D+02  0.9791081D+01 -0.7992959D+01  0.0000000D+00
  0.1554695D+02  0.1435595D+02 -0.9528935D+01  0.0000000D+00
  0.2609631D+02 -0.1344382D+02 -0.2394021D+01  0.0000000D+00
  0.2493271D+02 -0.1350929D+02 -0.2780058D+01  0.0000000D+00
  0.1934522D+02 -0.8382534D+01  0.1590418D+00  0.0000000D+00
  0.8856328D+01 -0.3386412D+01  0.1624455D+01  0.0000000D+00
 -0.8775132D+01  0.4922042D+00 -0.1230178D+01  0.0000000D+00
  0.5596189D+01  0.1558831D+01  0.2857690D+01  0.0000000D+00
 -0.3700849D+02 -0.1239203D+02 -0.3643515D+01  0.0000000D+00
 -0.1443944D+02  0.1700661D+01  0.5490452D+01  0.0000000D+00
 -0.4990081D+01 -0.1746671D+02  0.1496406D+01  0.0000000D+00
  0.1282931D+01 -0.3024404D+02 -0.1174728D+01  0.0000000D+00
  0.4422310D+01 -0.3663281D+02 -0.2509383D+01  0.0000000D+00
  0.2980303D+02 -0.6103359D+01  0.1943037D+00  0.0000000D+00
  0.2149764D+02  0.1371811D+01  0.1410251D+01  0.0000000D+00
  0.9065964D+01 -0.5446630D+00 -0.1877815D+00  0.0000000D+00
 -0.5988511D+01  0.2074570D+01 -0.1093914D+01  0.0000000D+00
  0.6274324D+00 -0.4897878D+01 -0.2589276D+01  0.0000000D+00
 -0.1571566D+02  0.1377432D+01  0.6226265D+00  0.0000000D+00
  0.1138960D+02 -0.2905747D+01 -0.1963856D+01  0.0000000D+00
  0.7993803D+00 -0.2398386D+01  0.6576202D+00  0.0000000D+00
 -0.2848573D+01 -0.1752347D+01  0.8408250D+01  0.0000000D+00
 -0.5239991D+01 -0.1328812D+01  0.1357473D+02  0.0000000D+00
 -0.6440086D+01 -0.1116270D+01  0.1615804D+02  0.0000000D+00
  0.4731195D+02  0.7553903D+01  0.6299879D+00  0.0000000D+00
 -0.1281173D+02 -0.4109116D+01  0.3859775D+00  0.0000000D+00
  0.2117177D+02  0.1321034D+01 -0.6192480D+00  0.0000000D+00
  0.5026430D+01 -0.1951547D+01 -0.1620827D+01  0.0000000D+00
  0.7091249D+01  0.5128711D+01 -0.1016857D+00  0.0000000D+00
 -0.2379113D+01  0.3238674D+01  0.4035731D+00  0.0000000D+00
  0.2390955D+02  0.1065598D+02 -0.3207539D+01  0.0000000D+00
  0.1146749D+02  0.1622676D+02  0.1605790D+01  0.0000000D+00
 -0.7330023D+01  0.1608922D+02 -0.1934356D+01  0.0000000D+00
 -0.1987138D+02  0.1598374D+02 -0.4298729D+01  0.0000000D+00
 -0.2614102D+02  0.1593250D+02 -0.5480453D+01  0.0000000D+00
  0.1704752D+02  0.9264273D+01  0.5213894D+01  0.0000000D+00
  0.3276877D+01 -0.9553092D+00 -0.1779054D+01  0.0000000D+00
  0.1327343D+02  0.1942629D+01  0.1155624D+01  0.0000000D+00
  0.8224833D+01 -0.3011911D+01 -0.1233948D+01  0.0000000D+00
 -0.1558351D+00  0.2621627D+00  0.2434507D+00  0.0000000D+00
  0.1673405D+02  0.2169853D+01 -0.3011343D+01  0.0000000D+00
 -0.2746814D+02 -0.2213847D+01  0.2460265D+01  0.0000000D+00
 -0.1008443D+02  0.5443281D+01 -0.5118832D+01  0.0000000D+00
  0.9180725D+00  0.7025089D+01 -0.5713398D+01  0.0000000D+00
  0.8222842D+01  0.8088953D+01 -0.6106831D+01  0.0000000D+00
  0.1187850D+02  0.8619876D+01 -0.6303866D+01  0.0000000D+00
  0.6398033D+01 -0.1169241D+02  0.1286915D+01  0.0000000D+00
 -0.7601942D+00  0.5411211D+01  0.3695257D+00  0.0000000D+00
  0.8177226D+01 -0.4243311D+01 -0.1476890D+00  0.0000000D+00
  0.7221035D+01  0.1028058D+01 -0.9360116D+00  0.0000000D+00
 -0.7448306D+01 -0.6786694D+00  0.7431787D+00  0.0000000D+00
  0.9701591D+00 -0.3864360D+01 -0.1507263D+00  0.0000000D+00
 -0.2759505D+02  0.7862868D+01  0.1256155D+01  0.0000000D+00
 -0.2893293D+02 -0.2286413D+02  0.1871807D+00  0.0000000D+00
 -0.1139815D+01  0.4170743D+01 -0.4216527D+01  0.0000000D+00
  0.1737283D+02  0.2221345D+02 -0.7147753D+01  0.0000000D+00
  0.2663089D+02  0.3123271D+02 -0.8613861D+01  0.0000000D+00
  0.5559997D+01  0.1008187D+02  0.4827348D+00  0.0000000D+00
 -0.1364673D+02 -0.2177732D+01  0.7802550D+00  0.0000000D+00
  0.4503433D+01  0.2592647D+01 -0.3973872D+00  0.0000000D+00
  0.4685321D+01 -0.1394245D+01 -0.7483211D+00  0.0000000D+00
 -0.2232328D+01  0.3967335D+01  0.7120819D+00  0.0000000D+00
 -0.3365328D+01 -0.1827145D+01 -0.1211905D+01  0.0000000D+00
  0.9108589D+01  0.1405406D+02  0.1924767D+01  0.0000000D+00
  0.6702187D+01 -0.3127799D+01 -0.3794509D+01  0.0000000D+00
 -0.1436785D+01  0.2130621D+01  0.2174404D+01  0.0000000D+00
 -0.6864014D+01  0.5641131D+01  0.6159686D+01  0.0000000D+00
 -0.9577494D+01  0.7395857D+01  0.8151677D+01  0.0000000D+00
  0.2553272D+02 -0.1544441D+01 -0.9869404D+00  0.0000000D+00
 -0.1081798D+01  0.1553773D+00 -0.7426224D+00  0.0000000D+00
  0.6929935D+01 -0.1344596D+01  0.9791906D-02  0.0000000D+00
 -0.4357115D+01 -0.2106039D+00  0.4396305D+00  0.0000000D+00
  0.4652181D+01  0.3853919D+01 -0.9124842D+00  0.0000000D+00
 -0.5152034D+01 -0.5161893D+01  0.7752681D+00  0.0000000D+00
  0.2238766D+02  0.8804293D+00 -0.1671690D+01  0.0000000D+00
  0.6790745D+01  0.8619443D+01  0.2781296D+01  0.0000000D+00
 -0.4617222D+01  0.4611432D+01  0.1100300D+01  0.0000000D+00
 -0.1220048D+02  0.1941827D+01 -0.2686450D-01  0.0000000D+00
 -0.1599449D+02  0.6067639D+00 -0.5897440D+00  0.0000000D+00
  0.1402307D+02  0.2724421D+00 -0.3671794D+00  0.0000000D+00
 -0.4698302D+01 -0.2299536D+01 -0.8731529D-01  0.0000000D+00
  0.6128134D+01  0.1355840D+01 -0.2253414D+00  0.0000000D+00
  0.2224234D+01  0.1433685D+01 -0.2920709D+00  0.0000000D+00
  0.4308439D+01 -0.2268005D+01 -0.7922413D-01  0.0000000D+00
 -0.6369701D+01  0.4010003D+01  0.1170389D+01  0.0000000D+00
  0.1764486D+01 -0.9173504D+01 -0.1947103D+01  0.0000000D+00
  0.3832553D+01 -0.1151693D+00  0.5662650D+01  0.0000000D+00
  0.3175020D+01 -0.2758712D+01  0.3485939D+01  0.0000000D+00
  0.2754347D+01 -0.4528992D+01  0.2029498D+01  0.0000000D+00
  0.2542097D+01 -0.5413276D+01  0.1301850D+01  0.0000000D+00
 -0.1843465D+01 -0.9036300D+01  0.9085129D+00  0.0000000D+00
  0.2647693D+02  0.1863850D+02  0.4125094D+01  0.0000000D+00
  0.6307761D+01 -0.1271185D+01  0.3049894D+00  0.0000000D+00
  0.8150924D+01  0.1430392D+01 -0.5210271D+00  0.0000000D+00
 -0.2966422D+01 -0.2136313D+01 -0.2521684D+00  0.0000000D+00
  0.3494391D+01 -0.4826841D+01 -0.3240105D+00  0.0000000D+00
 -0.8168035D+01 -0.1825837D+02  0.1735404D+01  0.0000000D+00
 -0.9804688D+01  0.1563404D+02 -0.1275504D+01  0.0000000D+00
 -0.4734041D+01  0.3261632D+01  0.2797920D+01  0.0000000D+00
 -0.1364422D+01 -0.5019649D+01  0.5513150D+01  0.0000000D+00
  0.3215573D+00 -0.9156721D+01  0.6870807D+01  0.0000000D+00
  0.1241975D+02 -0.5421284D+01  0.4320356D+01  0.0000000D+00
 -0.1112234D+01  0.4642583D+01  0.1367030D+00  0.0000000D+00
  0.3598319D+01 -0.3643713D+01  0.8871916D+00  0.0000000D+00
 -0.5095722D+00 -0.1070476D+01 -0.1421215D+01  0.0000000D+00
  0.7824981D+01  0.5783865D+01  0.4652966D-01  0.0000000D+00
  0.7474778D+00  0.7074599D+01 -0.8468233D+00  0.0000000D+00
  0.2585659D+02  0.2245214D+02 -0.1168886D+01  0.0000000D+00
  0.1243794D+02 -0.1796164D+02  0.1782871D+00  0.0000000D+00
  0.8394687D-01 -0.1454154D+02 -0.3790820D+00  0.0000000D+00
 -0.8128410D+01 -0.1221943D+02 -0.7467702D+00  0.0000000D+00
 -0.1223714D+02 -0.1106292D+02 -0.9310352D+00  0.0000000D+00
 -0.1797165D+02  0.1571732D+01 -0.1920862D+01  0.0000000D+00
  0.2953638D+02  0.1124328D+02  0.3520970D+01  0.0000000D+00
  0.3757428D+01  0.1949752D+01 -0.9867781D+00  0.0000000D+00
  0.1214987D+02  0.9436531D+00 -0.6815393D+00  0.0000000D+00
 -0.1076314D+02 -0.3136218D+00 -0.1177488D+01  0.0000000D+00
  0.2675057D+02 -0.1591283D+01 -0.2679055D+01  0.0000000D+00
 -0.3080468D+02 -0.3111782D+01 -0.1848242D+00  0.0000000D+00
 -0.9458775D+01 -0.1152750D+02 -0.7709828D+01  0.0000000D+00
 -0.4339256D+01 -0.2275868D+02 -0.1607734D+01  0.0000000D+00
 -0.9241223D+00 -0.3025392D+02  0.2461807D+01  0.0000000D+00
  0.7832153D+00 -0.3400070D+02  0.4496418D+01  0.0000000D+00
 -0.8795044D+00 -0.9981114D+01 -0.2799721D+01  0.0000000D+00
 -0.1475867D+01  0.1034526D+01 -0.9686917D+00  0.0000000D+00
 -0.2104265D+01 -0.2637386D+01  0.1758862D+00  0.0000000D+00
 -0.2160211D+01  0.1062276D+01  0.2095655D+01  0.0000000D+00
 -0.4142824D+00 -0.4359814D+01 -0.6100675D+00  0.0000000D+00
 -0.1311493D+02  0.4485527D+00  0.2667004D+00  0.0000000D+00
  0.4821296D+01 -0.1548205D+02  0.1479300D-01  0.0000000D+00
  0.1806991D+02 -0.5464990D+00  0.1136515D+01  0.0000000D+00
  0.1903777D+02 -0.1511555D+01  0.6251082D+00  0.0000000D+00
  0.1968269D+02 -0.2179550D+01  0.2793530D+00  0.0000000D+00
  0.2000519D+02 -0.2510885D+01  0.1069965D+00  0.0000000D+00
  0.1360823D+02 -0.9628478D+01 -0.1283529D+01  0.0000000D+00
  0.6787890D+01  0.2337837D+01  0.1273431D+01  0.0000000D+00
  0.3481990D+01 -0.2471972D+01 -0.5185275D+00  0.0000000D+00
 -0.1646351D+01  0.2368008D+01 -0.1925586D+00  0.0000000D+00
  0.8350853D+01  0.2320867D+01  0.4357174D+00  0.0000000D+00
 -0.2203031D+02  0.5907440D+01  0.1692337D+01  0.0000000D+00
  0.2196578D+02 -0.6939680D+01 -0.1368247D+01  0.0000000D+00
  0.6525017D+01  0.2622554D+02  0.8177282D+01  0.0000000D+00
  0.8354981D+01  0.8801879D+01  0.2549763D+00  0.0000000D+00
  0.9563508D+01 -0.2808921D+01 -0.5030759D+01  0.0000000D+00
  0.1016901D+02 -0.8614861D+01 -0.7673173D+01  0.0000000D+00
 -0.4017983D+01  0.2280057D+02  0.7492242D+01  0.0000000D+00
 -0.6437331D+00 -0.1954323D+01 -0.1059628D+01  0.0000000D+00
 -0.1060321D+00  0.4106869D+01  0.1882096D+01  0.0000000D+00
  0.2234639D+01 -0.7516674D+01 -0.1555493D+01  0.0000000D+00
 -0.1571127D+00  0.3121713D+01  0.1186895D+01  0.0000000D+00
  0.1204732D+02 -0.7508505D+01 -0.7024823D+00  0.0000000D+00
  0.1329658D+02  0.1125508D+02  0.3814740D+01  0.0000000D+00
  0.8734650D+01  0.8146585D+01 -0.5873388D+01  0.0000000D+00
 -0.2838347D+01 -0.6955741D+01 -0.1138051D+01  0.0000000D+00
 -0.1054976D+02 -0.1701496D+02  0.2023928D+01  0.0000000D+00
 -0.1440588D+02 -0.2204554D+02  0.3604367D+01  0.0000000D+00
 -0.9328450D+01 -0.3137389D+01  0.1404488D+01  0.0000000D+00
 -0.4255546D+01  0.3499608D+01 -0.4053582D+00  0.0000000D+00
 -0.2607513D+01 -0.1670156D+01  0.1056614D+01  0.0000000D+00
  0.2526185D+01 -0.1542782D+01  0.8427503D+00  0.0000000D+00
  0.2297134D+00 -0.4181121D+01 -0.2401723D+00  0.0000000D+00
  0.6286188D+00 -0.5707307D+01 -0.5697429D+00  0.0000000D+00
  0.3812166D+01 -0.1179906D+01  0.8274134D+00  0.0000000D+00
  0.5199859D+01 -0.1684919D+02 -0.2133895D+01  0.0000000D+00
  0.1329892D+01 -0.1365595D+02  0.9343932D+00  0.0000000D+00
 -0.1251526D+01 -0.1153868D+02  0.2982383D+01  0.0000000D+00
 -0.2542079D+01 -0.1047879D+02  0.4006111D+01  0.0000000D+00
 -0.3693353D+01 -0.3718397D+01 -0.2876671D+01  0.0000000D+00
  0.8091276D+01  0.3271483D+00  0.1378823D+01  0.0000000D+00
 -0.3028836D+01 -0.8594574D+00 -0.1077280D+01  0.0000000D+00
 -0.2969563D+01  0.7320102D+00  0.9705491D-01  0.0000000D+00
  0.4818595D+00 -0.1245459D+01 -0.3019721D-01  0.0000000D+00
 -0.3064747D+01  0.5781944D+01 -0.9396984D+00  0.0000000D+00
 -0.7131961D+00 -0.3941496D+00 -0.1368612D+01  0.0000000D+00
 -0.4030693D+01 -0.1458942D+02  0.2518298D+01  0.0000000D+00
 -0.1249533D+01 -0.8306559D+01  0.1492451D+00  0.0000000D+00
  0.6043493D+00 -0.4111988D+01 -0.1429349D+01  0.0000000D+00
  0.1531315D+01 -0.2015350D+01 -0.2218729D+01  0.0000000D+00
 -0.1753359D+02  0.1939227D+01  0.1746241D+01  0.0000000D+00
  0.4700518D+01 -0.1632697D+01 -0.7852479D+00  0.0000000D+00
 -0.2215232D+01 -0.1375215D+01  0.4444387D+00  0.0000000D+00
  0.6608227D+01 -0.2609240D+01 -0.2409052D+00  0.0000000D+00
 -0.2097964D+01  0.2693282D+01  0.3138804D+00  0.0000000D+00
  0.1480874D+02 -0.2062558D+01 -0.5057567D+00  0.0000000D+00
 -0.2186609D+02  0.7626949D+01  0.2057510D+01  0.0000000D+00
  0.1085386D+02  0.5988065D+00 -0.2760965D+01  0.0000000D+00
  0.6030449D+00  0.7949004D+01 -0.2647163D+01  0.0000000D+00
 -0.6226776D+01  0.1285879D+02 -0.2568579D+01  0.0000000D+00
 -0.9642126D+01  0.1531264D+02 -0.2529581D+01  0.0000000D+00
