  1  2   693 18432  4  4  9 11  7  1    0.00   24.00  200.00  600.00    0.00    6.28   45.00   45.00
  200.0  200.0  200.0  200.0  250.0  300.0  350.0  400.0  450.0  500.0  550.0  600.0  600.0  600.0  600.0
  0.1116006D+02  0.5279250D-01 -0.2361743D-01  0.0000000D+00
  0.1122387D+02  0.5726371D-01 -0.2042078D-01  0.0000000D+00
  0.1143239D+02  0.1394660D+00 -0.2230287D-01  0.0000000D+00
  0.1159399D+02  0.4052769D+00 -0.7421434D-02  0.0000000D+00
  0.1153962D+02  0.5646697D+00  0.6744117D-02  0.0000000D+00
  0.1140834D+02  0.6694782D+00  0.1253962D-01  0.0000000D+00
  0.1125950D+02  0.7065154D+00  0.1382115D-01  0.0000000D+00
  0.1110904D+02  0.7098400D+00  0.1154739D-01  0.0000000D+00
  0.1104245D+02  0.6280396D+00  0.1127889D-01  0.0000000D+00
  0.1099832D+02  0.5734093D+00  0.1115855D-01  0.0000000D+00
  0.1097625D+02  0.5460956D+00  0.1109752D-01  0.0000000D+00
 -0.6009677D+00 -0.7011927D-01 -0.2122651D-02  0.0000000D+00
 -0.6559322D+00 -0.6935786D-01 -0.4699576D-02  0.0000000D+00
 -0.6017591D+00 -0.1644699D+00 -0.1675112D-01  0.0000000D+00
 -0.3020306D+00 -0.1737796D+00 -0.1239936D-01  0.0000000D+00
 -0.1834451D+00 -0.1356914D+00 -0.4846126D-02  0.0000000D+00
 -0.1363505D+00 -0.7014645D-01  0.4662021D-02  0.0000000D+00
 -0.1334341D+00 -0.1584991D-01  0.6908790D-02  0.0000000D+00
 -0.1691792D+00  0.6064166D-01  0.9220099D-02  0.0000000D+00
 -0.1818804D+00  0.6552976D-01  0.1180853D-01  0.0000000D+00
 -0.1902885D+00  0.6865154D-01  0.1345401D-01  0.0000000D+00
 -0.1944934D+00  0.7021450D-01  0.1427795D-01  0.0000000D+00
 -0.1207027D-02 -0.5874849D-02 -0.5866983D-02  0.0000000D+00
 -0.4749579D-01 -0.8186753D-02 -0.2929585D-02  0.0000000D+00
 -0.1150158D+00  0.9770837D-03 -0.1289552D-01  0.0000000D+00
 -0.1134941D+00  0.4811554D-02 -0.1780754D-01  0.0000000D+00
 -0.1102718D+00  0.1574766D-01 -0.1010128D-01  0.0000000D+00
 -0.1000127D+00 -0.2892587D-02 -0.8661932D-02  0.0000000D+00
 -0.8445770D-01 -0.2580294D-01 -0.9370143D-02  0.0000000D+00
 -0.6367343D-01 -0.7040455D-01 -0.7672927D-02  0.0000000D+00
 -0.4959337D-01 -0.8702249D-01 -0.6581952D-02  0.0000000D+00
 -0.4020274D-01 -0.9795455D-01 -0.5844019D-02  0.0000000D+00
 -0.3550748D-01 -0.1034228D+00 -0.5475206D-02  0.0000000D+00
  0.6708631D-02 -0.4427155D-02  0.5614162D-03  0.0000000D+00
 -0.5106021D-01  0.1228047D-01 -0.1520155D-02  0.0000000D+00
 -0.9283646D-01 -0.3865632D-01  0.4074361D-02  0.0000000D+00
  0.3375851D-01 -0.3428408D-01  0.5851234D-02  0.0000000D+00
  0.6632210D-01 -0.9824060D-02  0.8860136D-03  0.0000000D+00
  0.7151952D-01 -0.4969415D-02  0.8841449D-03  0.0000000D+00
  0.5255024D-01  0.2450464D-01  0.2045936D-02  0.0000000D+00
  0.4332351D-01  0.4308194D-01 -0.2196804D-02  0.0000000D+00
  0.1754948D-01  0.4511990D-01 -0.1725141D-02  0.0000000D+00
  0.3635912D-03  0.4623452D-01 -0.1413533D-02  0.0000000D+00
 -0.8229311D-02  0.4679550D-01 -0.1257687D-02  0.0000000D+00
 -0.5189033D-01 -0.1714275D-02  0.2822342D-03  0.0000000D+00
 -0.7444510D-01 -0.8973173D-02  0.2664890D-02  0.0000000D+00
 -0.7146083D-01 -0.4064920D-01 -0.4771985D-02  0.0000000D+00
 -0.2696148D-01 -0.3166727D-01 -0.1137047D-01  0.0000000D+00
 -0.4053452D-01  0.9495433D-02 -0.8673523D-02  0.0000000D+00
 -0.4330551D-01  0.1892434D-01 -0.5995808D-02  0.0000000D+00
 -0.5680409D-01  0.2283018D-01 -0.2616032D-02  0.0000000D+00
 -0.5351888D-01  0.2482717D-01 -0.1980770D-02  0.0000000D+00
 -0.5084928D-01  0.2122384D-01 -0.1599425D-02  0.0000000D+00
 -0.4913214D-01  0.1883546D-01 -0.1417757D-02  0.0000000D+00
 -0.4827264D-01  0.1764106D-01 -0.1325839D-02  0.0000000D+00
  0.1055861D+00  0.2036768D-02  0.2142943D-03  0.0000000D+00
  0.8925875D-01  0.5533456D-02 -0.2428414D-02  0.0000000D+00
  0.2620510D-01  0.3125107D-01  0.2964847D-02  0.0000000D+00
  0.3379716D-01  0.3394047D-01  0.4441866D-02  0.0000000D+00
  0.2246841D-01  0.1638866D-01  0.6520612D-03  0.0000000D+00
  0.1800577D-01 -0.2800791D-02 -0.9543727D-03  0.0000000D+00
  0.1818911D-01 -0.1630733D-01 -0.1717414D-02  0.0000000D+00
  0.2983256D-01 -0.1290960D-01 -0.8473607D-04  0.0000000D+00
  0.2553365D-01 -0.1111475D-01 -0.5174374D-03  0.0000000D+00
  0.2258337D-01 -0.9963339D-02 -0.8295499D-03  0.0000000D+00
  0.2110949D-01 -0.9386979D-02 -0.9852507D-03  0.0000000D+00
  0.1241066D-01 -0.3411057D-03  0.1518925D-03  0.0000000D+00
  0.3378226D-01  0.1600781D-01 -0.1459543D-02  0.0000000D+00
  0.5689285D-01  0.1755579D-01  0.6254404D-02  0.0000000D+00
  0.4530763D-01  0.1467969D-01  0.2154110D-02  0.0000000D+00
  0.1689623D-01 -0.8458820D-02  0.2524942D-02  0.0000000D+00
  0.8217693D-02 -0.5018015D-02 -0.6350112D-03  0.0000000D+00
  0.2028206D-02 -0.2284081D-02  0.2595784D-02  0.0000000D+00
 -0.1791356D-02  0.1172827D-01 -0.1164858D-02  0.0000000D+00
 -0.3671197D-03 -0.5786178D-04 -0.2931639D-03  0.0000000D+00
  0.5630090D-03 -0.7989276D-02  0.3130888D-03  0.0000000D+00
  0.1028363D-02 -0.1195387D-01  0.6158412D-03  0.0000000D+00
 -0.2698277D-01  0.2548608D-02  0.1753562D-03  0.0000000D+00
 -0.2265850D-01 -0.1968263D-01  0.1148675D-02  0.0000000D+00
 -0.2212075D-01 -0.3196758D-02 -0.1267391D-02  0.0000000D+00
  0.2896438D-02  0.5285498D-02 -0.2514226D-04  0.0000000D+00
  0.6408928D-02 -0.4894418D-02 -0.7991973D-03  0.0000000D+00
  0.1034805D-01 -0.5974287D-03  0.2782997D-03  0.0000000D+00
  0.2266256D-02 -0.1008551D-01 -0.1690745D-02  0.0000000D+00
  0.1066423D-01 -0.3619320D-02  0.1347680D-02  0.0000000D+00
  0.6776722D-02 -0.1524733D-02  0.3317005D-03  0.0000000D+00
  0.4113245D-02 -0.1183225D-03 -0.3697432D-03  0.0000000D+00
  0.2782593D-02  0.5847126D-03 -0.7201050D-03  0.0000000D+00
  0.1208692D-01  0.1268879D-02 -0.7706974D-04  0.0000000D+00
  0.3458761D-01 -0.9545131D-02 -0.1180683D-02  0.0000000D+00
  0.4153128D-01  0.3182103D-02 -0.2347080D-02  0.0000000D+00
  0.3391474D-01  0.1901301D-01  0.1714483D-02  0.0000000D+00
  0.9862262D-02 -0.1939928D-02 -0.1231525D-02  0.0000000D+00
  0.1568652D-01 -0.8050487D-02 -0.1059087D-02  0.0000000D+00
  0.5266102D-02  0.5058319D-02 -0.9026425D-03  0.0000000D+00
  0.1581360D-01  0.3099053D-02 -0.9520800D-03  0.0000000D+00
  0.1288294D-01  0.5398751D-02 -0.9495014D-03  0.0000000D+00
  0.1090319D-01  0.6988615D-02 -0.9644035D-03  0.0000000D+00
  0.9913703D-02  0.7782679D-02 -0.9716038D-03  0.0000000D+00
 -0.8857040D-01  0.8855290D-02  0.3671661D-02  0.0000000D+00
 -0.5007476D-01  0.2111113D-01  0.8910254D-02  0.0000000D+00
 -0.2266114D-01  0.9393057D-01  0.1485699D-01  0.0000000D+00
 -0.1237046D+00  0.7726131D-01  0.2168237D-01  0.0000000D+00
 -0.1826427D+00  0.4667576D-01  0.2900371D-01  0.0000000D+00
 -0.2137096D+00  0.2125595D-01  0.3127948D-01  0.0000000D+00
 -0.2213158D+00  0.4521111D-02  0.3054345D-01  0.0000000D+00
 -0.2283548D+00 -0.1967063D-01  0.2918878D-01  0.0000000D+00
 -0.1812372D+00 -0.3730751D-01  0.2700956D-01  0.0000000D+00
 -0.1497135D+00 -0.4893592D-01  0.2548904D-01  0.0000000D+00
 -0.1339533D+00 -0.5475208D-01  0.2472980D-01  0.0000000D+00
 -0.1801113D+00  0.1586433D-01 -0.1163129D-02  0.0000000D+00
 -0.1871737D+00  0.2464850D-01 -0.2614867D-02  0.0000000D+00
 -0.1079106D+00  0.3564257D-01 -0.1667844D-01  0.0000000D+00
 -0.1115463D+00 -0.4416736D-01  0.1880795D-02  0.0000000D+00
 -0.1044167D+00 -0.5429811D-01  0.6243434D-02  0.0000000D+00
 -0.1044421D+00 -0.6627197D-01  0.1088222D-01  0.0000000D+00
 -0.1033364D+00 -0.5681476D-01  0.1240516D-01  0.0000000D+00
 -0.1195052D+00 -0.6902280D-01  0.1084114D-01  0.0000000D+00
 -0.1061145D+00 -0.8399520D-01  0.5546853D-02  0.0000000D+00
 -0.9703941D-01 -0.9394748D-01  0.2017989D-02  0.0000000D+00
 -0.9250413D-01 -0.9892404D-01  0.2535504D-03  0.0000000D+00
 -0.2973882D-01  0.3299134D-02  0.6552689D-02  0.0000000D+00
 -0.3446161D-01 -0.1734323D-02  0.1003158D-01  0.0000000D+00
 -0.3231033D-01 -0.1073842D+00  0.5177428D-02  0.0000000D+00
  0.8379873D-02 -0.1146228D+00 -0.3862273D-02  0.0000000D+00
  0.1955886D-01 -0.1241955D+00  0.2141731D-02  0.0000000D+00
  0.2510304D-01 -0.1201837D+00  0.4040212D-02  0.0000000D+00
  0.1395993D-01 -0.1086657D+00  0.9586540D-02  0.0000000D+00
  0.7530715D-02 -0.7875947D-01  0.1290960D-01  0.0000000D+00
 -0.3113527D-02 -0.5299951D-01  0.1096580D-01  0.0000000D+00
 -0.1009966D-01 -0.3598697D-01  0.9612077D-02  0.0000000D+00
 -0.1359437D-01 -0.2747826D-01  0.8936069D-02  0.0000000D+00
  0.4021361D-01  0.1482834D-02 -0.5346814D-03  0.0000000D+00
  0.4156655D-01 -0.2244697D-04 -0.1788333D-03  0.0000000D+00
  0.9857280D-01  0.1894026D-01 -0.3464214D-02  0.0000000D+00
  0.7793375D-01  0.1004868D-01  0.6384538D-03  0.0000000D+00
  0.4933034D-01 -0.3025609D-01 -0.6064769D-02  0.0000000D+00
  0.3960114D-01 -0.3048834D-01  0.4460485D-03  0.0000000D+00
  0.3108600D-01 -0.3189483D-01 -0.3774998D-03  0.0000000D+00
  0.2285542D-01 -0.1985279D-01 -0.1684687D-03  0.0000000D+00
  0.1080629D-01 -0.1537126D-01 -0.5113904D-03  0.0000000D+00
  0.2733056D-02 -0.1250091D-01 -0.7460788D-03  0.0000000D+00
 -0.1302945D-02 -0.1106400D-01 -0.8633291D-03  0.0000000D+00
  0.9451290D-02 -0.3512061D-02  0.1013836D-03  0.0000000D+00
  0.1146497D-01 -0.2584906D-02 -0.3165075D-02  0.0000000D+00
 -0.2251570D-01 -0.4835380D-01 -0.3463662D-02  0.0000000D+00
 -0.1834389D-01 -0.4517197D-01 -0.1239140D-01  0.0000000D+00
 -0.1320483D-01 -0.5227658D-02 -0.3545502D-02  0.0000000D+00
  0.1155810D-01 -0.3649525D-02 -0.5125217D-02  0.0000000D+00
  0.1362687D-01  0.6943293D-02 -0.3280492D-02  0.0000000D+00
  0.3766624D-01  0.7768881D-02 -0.4669016D-02  0.0000000D+00
  0.2363234D-01  0.1518284D-01 -0.1540579D-02  0.0000000D+00
  0.1422574D-01  0.2026238D-01  0.5953981D-03  0.0000000D+00
  0.9523201D-02  0.2280011D-01  0.1662634D-02  0.0000000D+00
 -0.8705996D-03  0.2479751D-02  0.4721470D-03  0.0000000D+00
 -0.7965350D-02 -0.1135281D-01  0.3298479D-02  0.0000000D+00
  0.8592940D-02  0.1801613D-01  0.2665362D-02  0.0000000D+00
  0.4166542D-02  0.2245581D-01  0.5940436D-02  0.0000000D+00
  0.3996916D-04  0.1315284D-01  0.2233476D-02  0.0000000D+00
  0.6214574D-02  0.1618921D-01  0.1584628D-02  0.0000000D+00
  0.1138976D-01  0.3274104D-02 -0.2988943D-03  0.0000000D+00
  0.1187681D-01  0.1084149D-01  0.6976892D-03  0.0000000D+00
  0.1115724D-01  0.4975578D-02  0.1101402D-02  0.0000000D+00
  0.1065613D-01  0.8861670D-03  0.1392073D-02  0.0000000D+00
  0.1040591D-01 -0.1155869D-02  0.1537080D-02  0.0000000D+00
  0.3538878D-01 -0.2157777D-02 -0.1723661D-03  0.0000000D+00
  0.4571587D-01  0.1726811D-01  0.2317639D-02  0.0000000D+00
  0.2078776D-01  0.5440745D-02  0.5996694D-02  0.0000000D+00
  0.2099967D-01 -0.8145993D-02 -0.1502176D-02  0.0000000D+00
  0.2138831D-01 -0.2155010D-02 -0.2665999D-02  0.0000000D+00
  0.2216160D-01 -0.1663479D-01 -0.3252665D-02  0.0000000D+00
  0.2359617D-01 -0.3609160D-02 -0.1450199D-02  0.0000000D+00
  0.2089693D-01 -0.1503495D-01 -0.5135637D-02  0.0000000D+00
  0.1059432D-01 -0.6352783D-02 -0.3194205D-02  0.0000000D+00
  0.3802231D-02 -0.5944699D-03 -0.1924835D-02  0.0000000D+00
  0.4050363D-03  0.2285165D-02 -0.1289781D-02  0.0000000D+00
 -0.6011535D-01  0.2801168D-02 -0.1955142D-03  0.0000000D+00
 -0.6465054D-01 -0.1239774D-01 -0.3334565D-02  0.0000000D+00
 -0.4445511D-01  0.3222694D-02 -0.1288022D-02  0.0000000D+00
 -0.2467690D-01 -0.1097949D-01  0.7363802D-03  0.0000000D+00
 -0.3454554D-02  0.7184248D-03  0.9868654D-03  0.0000000D+00
  0.5200482D-02 -0.1048206D-02 -0.9475222D-03  0.0000000D+00
 -0.2626406D-02 -0.7389695D-03 -0.2368405D-03  0.0000000D+00
  0.4955158D-02 -0.1319213D-04 -0.6144592D-03  0.0000000D+00
  0.3144247D-02  0.4059151D-03 -0.8257272D-04  0.0000000D+00
  0.1868556D-02  0.6703581D-03  0.3057245D-03  0.0000000D+00
  0.1231738D-02  0.8027957D-03  0.4993700D-03  0.0000000D+00
  0.4672907D-02  0.1880329D-04  0.5148985D-03  0.0000000D+00
  0.6309568D-02  0.2325231D-04 -0.2361279D-02  0.0000000D+00
 -0.1775586D-01  0.1852948D-02 -0.4210430D-03  0.0000000D+00
 -0.6970685D-02 -0.2567260D-02  0.3283342D-02  0.0000000D+00
  0.2416910D-03  0.1923970D-02  0.2415480D-02  0.0000000D+00
  0.1672727D-02  0.4353391D-02 -0.8582391D-03  0.0000000D+00
  0.1536093D-02 -0.8393984D-03  0.1654472D-02  0.0000000D+00
  0.4574272D-02  0.4279696D-02 -0.1436854D-02  0.0000000D+00
  0.5646596D-02  0.2778080D-02 -0.1849753D-02  0.0000000D+00
  0.6385348D-02  0.1680008D-02 -0.2094889D-02  0.0000000D+00
  0.6754373D-02  0.1132426D-02 -0.2217906D-02  0.0000000D+00
 -0.4716854D-01 -0.3410015D-01 -0.3604506D-02  0.0000000D+00
 -0.4328370D-01 -0.1709854D-01 -0.6550222D-02  0.0000000D+00
 -0.1902918D-01 -0.3620369D-01 -0.1283780D-01  0.0000000D+00
  0.3031419D-01 -0.2398163D-01 -0.1192651D-01  0.0000000D+00
  0.6289678D-01 -0.6557192D-02 -0.1405298D-01  0.0000000D+00
  0.6544740D-01  0.9303440D-02 -0.1438303D-01  0.0000000D+00
  0.7118516D-01  0.3624240D-01 -0.1077297D-01  0.0000000D+00
  0.5700101D-01  0.6308082D-01 -0.1368057D-01  0.0000000D+00
  0.3868315D-01  0.6987153D-01 -0.8943496D-02  0.0000000D+00
  0.2647443D-01  0.7433119D-01 -0.5770522D-02  0.0000000D+00
  0.2037004D-01  0.7656201D-01 -0.4184260D-02  0.0000000D+00
 -0.5203832D-01 -0.3709302D-01 -0.2236940D-02  0.0000000D+00
 -0.3868418D-01 -0.1808953D-01  0.8318867D-03  0.0000000D+00
 -0.2351192D-01  0.1660691D-01  0.2612754D-03  0.0000000D+00
  0.4830148D-02  0.3281568D-01 -0.2034166D-02  0.0000000D+00
  0.3274999D-02  0.1488248D-01 -0.2287378D-02  0.0000000D+00
  0.5155011D-02  0.2079545D-02  0.1746362D-03  0.0000000D+00
  0.7264018D-02 -0.6652771D-02  0.5047462D-03  0.0000000D+00
  0.3816532D-02  0.1772539D-02  0.1477053D-02  0.0000000D+00
  0.3346403D-02  0.8396296D-02  0.4848465D-02  0.0000000D+00
  0.3000023D-02  0.1277778D-01  0.7148685D-02  0.0000000D+00
  0.2827361D-02  0.1496898D-01  0.8298001D-02  0.0000000D+00
 -0.1181606D-02 -0.1557939D-01 -0.3342910D-02  0.0000000D+00
 -0.3193053D-02  0.1378578D-01 -0.2475174D-02  0.0000000D+00
 -0.5828766D-02  0.4312032D-01  0.1199728D-02  0.0000000D+00
  0.4338261D-02  0.2482193D-01  0.1663179D-03  0.0000000D+00
 -0.3389701D-02  0.9581024D-02 -0.3343924D-02  0.0000000D+00
 -0.1020771D-01 -0.1969845D-02 -0.5952313D-02  0.0000000D+00
 -0.6941771D-02 -0.4981079D-02 -0.4318547D-02  0.0000000D+00
  0.4903720D-02 -0.1989557D-01 -0.7328426D-02  0.0000000D+00
  0.8654601D-02 -0.1968875D-01 -0.4980363D-02  0.0000000D+00
  0.1112103D-01 -0.1966718D-01 -0.3427483D-02  0.0000000D+00
  0.1235476D-01 -0.1965466D-01 -0.2650866D-02  0.0000000D+00
 -0.4606522D-01  0.2379792D-02  0.2882030D-05  0.0000000D+00
 -0.5297898D-01 -0.1188351D-01  0.6630155D-03  0.0000000D+00
 -0.5559649D-01  0.1017583D-01  0.4223961D-03  0.0000000D+00
  0.3363229D-02  0.1513638D-02 -0.2416556D-02  0.0000000D+00
  0.3615785D-03 -0.1639024D-01  0.3067619D-02  0.0000000D+00
  0.1549418D-01 -0.1602238D-01  0.2585186D-02  0.0000000D+00
  0.1237462D-01 -0.1814126D-01 -0.1649717D-02  0.0000000D+00
  0.7892250D-02 -0.2029262D-02 -0.2554138D-02  0.0000000D+00
  0.5037549D-02 -0.2541404D-03 -0.3162335D-02  0.0000000D+00
  0.3026222D-02  0.1021420D-02 -0.3555096D-02  0.0000000D+00
  0.2022183D-02  0.1657821D-02 -0.3751661D-02  0.0000000D+00
  0.7425747D-02  0.6469324D-03 -0.1440931D-03  0.0000000D+00
  0.3838753D-02  0.9699093D-02 -0.5094827D-03  0.0000000D+00
  0.1034360D-01  0.2574749D-01 -0.2606687D-02  0.0000000D+00
  0.4740285D-02  0.1081400D-02  0.1669229D-02  0.0000000D+00
 -0.6037747D-02  0.1815912D-02 -0.3466595D-03  0.0000000D+00
 -0.9949187D-02  0.2103142D-03  0.2896871D-02  0.0000000D+00
 -0.6902417D-02  0.7360064D-02  0.1012050D-02  0.0000000D+00
 -0.2864963D-02 -0.5606520D-02  0.3427403D-02  0.0000000D+00
 -0.3988939D-02  0.9515116D-04  0.1363752D-02  0.0000000D+00
 -0.4687576D-02  0.3832257D-02  0.5095212D-04  0.0000000D+00
 -0.5037656D-02  0.5701753D-02 -0.6063835D-03  0.0000000D+00
 -0.1665669D-01  0.1413112D-02 -0.6558286D-03  0.0000000D+00
 -0.2767503D-01 -0.6763487D-02  0.1374405D-02  0.0000000D+00
 -0.4897724D-01  0.9473490D-02 -0.2721417D-02  0.0000000D+00
 -0.4448061D-02  0.8894617D-02 -0.6418234D-02  0.0000000D+00
  0.2238283D-02  0.3524572D-02 -0.4586187D-03  0.0000000D+00
 -0.4630951D-02  0.4882606D-02 -0.1345319D-02  0.0000000D+00
 -0.6753594D-02 -0.2061690D-02  0.2821692D-03  0.0000000D+00
 -0.9216180D-02  0.3488651D-02  0.1552853D-03  0.0000000D+00
 -0.6654866D-02  0.6790235D-02  0.1181362D-02  0.0000000D+00
 -0.4904246D-02  0.8998201D-02  0.1831042D-02  0.0000000D+00
 -0.4029585D-02  0.1010208D-01  0.2156396D-02  0.0000000D+00
  0.1027983D-01  0.2617544D-02  0.5875748D-04  0.0000000D+00
  0.1589185D-01 -0.1409915D-01  0.4468707D-03  0.0000000D+00
  0.2048432D-01  0.4250593D-02  0.3747890D-03  0.0000000D+00
  0.3946560D-02  0.3216346D-02  0.3728821D-02  0.0000000D+00
  0.3293679D-02 -0.9055661D-02  0.2280863D-02  0.0000000D+00
 -0.9666242D-03 -0.3219606D-06  0.3260967D-02  0.0000000D+00
  0.2515819D-02 -0.9930028D-02  0.3991870D-03  0.0000000D+00
 -0.5460530D-02  0.5146431D-02  0.1450348D-03  0.0000000D+00
 -0.4801501D-02  0.5645166D-02  0.1816732D-02  0.0000000D+00
 -0.4370640D-02  0.5900542D-02  0.2893001D-02  0.0000000D+00
 -0.4155084D-02  0.6029360D-02  0.3431705D-02  0.0000000D+00
  0.1349287D-01  0.3833520D-04  0.4349725D-03  0.0000000D+00
  0.9853220D-02  0.5188861D-02 -0.1883486D-03  0.0000000D+00
 -0.8294033D-02  0.1331638D-02  0.6452377D-03  0.0000000D+00
  0.1033662D-01  0.7018335D-02 -0.2847918D-03  0.0000000D+00
  0.5227996D-02 -0.6825136D-03 -0.1085546D-02  0.0000000D+00
  0.4710765D-03 -0.1391864D-02  0.1358557D-02  0.0000000D+00
  0.1423860D-02  0.2265249D-02 -0.1027437D-03  0.0000000D+00
  0.3054771D-02 -0.2114413D-02  0.1645543D-02  0.0000000D+00
  0.2436547D-02  0.9325223D-03 -0.2952765D-03  0.0000000D+00
  0.2057049D-02  0.2961984D-02 -0.1579548D-02  0.0000000D+00
  0.1866818D-02  0.3976730D-02 -0.2221828D-02  0.0000000D+00
 -0.4646027D-02 -0.9894596D-03 -0.5747146D-05  0.0000000D+00
  0.3283657D-02 -0.1312768D-02  0.5329720D-03  0.0000000D+00
  0.1464288D-01 -0.4352641D-02  0.1320467D-03  0.0000000D+00
  0.2234460D-02  0.1746421D-03 -0.1220205D-02  0.0000000D+00
  0.4531002D-02  0.1291549D-03 -0.6780426D-03  0.0000000D+00
 -0.3325764D-02 -0.3046975D-02 -0.8006079D-03  0.0000000D+00
 -0.1824034D-02 -0.8872373D-02 -0.1551148D-02  0.0000000D+00
 -0.4779348D-02 -0.4236378D-02 -0.2750263D-03  0.0000000D+00
 -0.2796153D-02 -0.2339337D-02 -0.1006237D-02  0.0000000D+00
 -0.1468984D-02 -0.1047011D-02 -0.1497711D-02  0.0000000D+00
 -0.8054851D-03 -0.4012767D-03 -0.1743389D-02  0.0000000D+00
  0.1019206D-01  0.2992190D-02 -0.1988600D-02  0.0000000D+00
  0.4525460D-03  0.9201927D-02  0.9135750D-03  0.0000000D+00
 -0.3495165D-01  0.2720752D-02  0.7059615D-03  0.0000000D+00
 -0.5726588D-01 -0.6841762D-02  0.1135185D-02  0.0000000D+00
 -0.6017279D-01 -0.1672953D-01 -0.1252808D-02  0.0000000D+00
 -0.6224524D-01 -0.1739869D-01 -0.4930717D-02  0.0000000D+00
 -0.5944556D-01 -0.2126020D-01 -0.2532779D-02  0.0000000D+00
 -0.5550163D-01 -0.1913528D-01 -0.3215449D-02  0.0000000D+00
 -0.3464127D-01 -0.2600818D-01 -0.4496924D-02  0.0000000D+00
 -0.2070776D-01 -0.3060025D-01 -0.5332036D-02  0.0000000D+00
 -0.1374142D-01 -0.3289613D-01 -0.5749880D-02  0.0000000D+00
  0.4346287D-01  0.7470604D-02 -0.2238802D-02  0.0000000D+00
  0.4298354D-01  0.4780936D-02 -0.3746640D-03  0.0000000D+00
  0.3858721D-01 -0.1927176D-01 -0.8642745D-03  0.0000000D+00
  0.1133994D-01 -0.1818526D-01  0.8344260D-02  0.0000000D+00
  0.1736030D-01 -0.4496249D-02  0.4860031D-02  0.0000000D+00
  0.8319082D-02 -0.1184170D-02  0.1444477D-02  0.0000000D+00
  0.6828073D-02  0.4267014D-02  0.1103080D-02  0.0000000D+00
  0.3494673D-03  0.3392531D-02  0.5980551D-03  0.0000000D+00
 -0.2810609D-02  0.4437976D-02  0.4201874D-03  0.0000000D+00
 -0.4944569D-02  0.5281480D-02  0.3252731D-03  0.0000000D+00
 -0.6011150D-02  0.5701060D-02  0.2774608D-03  0.0000000D+00
 -0.1322211D-01 -0.3172170D-02  0.4803191D-03  0.0000000D+00
 -0.1244788D-01 -0.2800670D-02  0.4262056D-02  0.0000000D+00
 -0.1319091D-02 -0.1175065D-01 -0.1013492D-03  0.0000000D+00
  0.1279712D-01  0.1493922D-02 -0.3867804D-02  0.0000000D+00
  0.1660369D-01 -0.1002550D-02  0.2131209D-02  0.0000000D+00
  0.2392533D-01  0.5663848D-02 -0.1812790D-02  0.0000000D+00
  0.2287443D-01  0.6800710D-02  0.9069347D-03  0.0000000D+00
  0.1375394D-01  0.1346140D-01 -0.2227933D-02  0.0000000D+00
  0.8618558D-02  0.8771444D-02 -0.1548100D-02  0.0000000D+00
  0.5182581D-02  0.5685819D-02 -0.1099583D-02  0.0000000D+00
  0.3464784D-02  0.4142398D-02 -0.8752525D-03  0.0000000D+00
  0.2725101D-01  0.3087937D-04 -0.2416289D-03  0.0000000D+00
  0.2912319D-01 -0.1550688D-02  0.4531847D-03  0.0000000D+00
  0.1319208D-01  0.6113815D-03 -0.1946192D-02  0.0000000D+00
  0.1340398D-03  0.1145573D-01 -0.2153946D-03  0.0000000D+00
 -0.3015156D-02  0.3730534D-02  0.1844185D-02  0.0000000D+00
  0.2973011D-02  0.7125940D-02  0.1445676D-02  0.0000000D+00
  0.3936249D-02  0.4126490D-02 -0.5836366D-03  0.0000000D+00
  0.8721127D-03  0.8361262D-03  0.5805860D-03  0.0000000D+00
  0.2200267D-02 -0.3386015D-02  0.7120218D-03  0.0000000D+00
  0.3077900D-02 -0.6141430D-02  0.8043716D-03  0.0000000D+00
  0.3516828D-02 -0.7520023D-02  0.8504786D-03  0.0000000D+00
 -0.6664669D-02  0.1310203D-02 -0.2497008D-03  0.0000000D+00
 -0.6126246D-02 -0.6871369D-02 -0.1097104D-02  0.0000000D+00
 -0.7421599D-02  0.1190032D-01  0.9328355D-03  0.0000000D+00
 -0.2599124D-02  0.3138263D-02  0.1154451D-02  0.0000000D+00
  0.5204283D-02  0.1586843D-02  0.4502939D-02  0.0000000D+00
  0.5194412D-02 -0.1054051D-01  0.2959902D-02  0.0000000D+00
  0.7585881D-02 -0.2733384D-02  0.2531171D-02  0.0000000D+00
 -0.9791389D-03 -0.5240068D-02 -0.1411187D-02  0.0000000D+00
 -0.4106861D-02 -0.3789009D-02 -0.1305318D-02  0.0000000D+00
 -0.6175355D-02 -0.2771373D-02 -0.1253650D-02  0.0000000D+00
 -0.7209854D-02 -0.2263297D-02 -0.1227530D-02  0.0000000D+00
  0.2469811D-02  0.4642215D-03 -0.4258860D-03  0.0000000D+00
  0.4079686D-02  0.7492306D-03  0.2373879D-02  0.0000000D+00
 -0.1840170D-02  0.3502769D-02 -0.2677471D-02  0.0000000D+00
 -0.2828006D-02 -0.5728425D-02  0.1148910D-02  0.0000000D+00
  0.3028402D-02 -0.1824765D-02 -0.7210954D-03  0.0000000D+00
  0.9365658D-02 -0.7544258D-02 -0.6782050D-03  0.0000000D+00
  0.8468783D-02 -0.9484760D-02 -0.7494701D-04  0.0000000D+00
  0.1334010D-01 -0.5161777D-02 -0.9176357D-03  0.0000000D+00
  0.8618039D-02 -0.4415980D-02 -0.1192201D-02  0.0000000D+00
  0.5408537D-02 -0.3926060D-02 -0.1383239D-02  0.0000000D+00
  0.3804716D-02 -0.3681000D-02 -0.1478640D-02  0.0000000D+00
 -0.9032823D-02  0.3744044D-03 -0.6055077D-05  0.0000000D+00
 -0.1288082D-01 -0.1163806D-02  0.6496236D-03  0.0000000D+00
 -0.5755438D-02  0.9902792D-03 -0.1505987D-03  0.0000000D+00
 -0.6826370D-02  0.1270027D-02 -0.3680797D-02  0.0000000D+00
  0.6935693D-02  0.3027354D-02  0.1491436D-02  0.0000000D+00
  0.8885054D-03  0.6737369D-03  0.1800471D-02  0.0000000D+00
  0.1675413D-02 -0.2572654D-02 -0.3310985D-03  0.0000000D+00
  0.4199771D-02 -0.1398512D-02  0.1930164D-02  0.0000000D+00
  0.1553399D-02 -0.6436196D-03  0.3339424D-03  0.0000000D+00
 -0.1516153D-03 -0.8566483D-04 -0.7239016D-03  0.0000000D+00
 -0.1005006D-02  0.1925035D-03 -0.1252914D-02  0.0000000D+00
  0.6524014D-02 -0.6854945D-03  0.8694819D-04  0.0000000D+00
  0.6331283D-02 -0.4320622D-04 -0.5253888D-03  0.0000000D+00
  0.1847093D-02 -0.2600620D-02  0.1490163D-02  0.0000000D+00
 -0.6486836D-02 -0.7460422D-02  0.2150266D-03  0.0000000D+00
 -0.4859917D-02  0.1947303D-02  0.1692335D-02  0.0000000D+00
 -0.3733096D-02  0.7782077D-03 -0.9729678D-03  0.0000000D+00
 -0.7204379D-02  0.2353413D-02  0.6179164D-03  0.0000000D+00
 -0.2071252D-02 -0.2732702D-02  0.2865153D-03  0.0000000D+00
 -0.2136703D-02 -0.3972319D-03  0.3620814D-03  0.0000000D+00
 -0.2157105D-02  0.1220012D-02  0.4178507D-03  0.0000000D+00
 -0.2167665D-02  0.2027723D-02  0.4456563D-03  0.0000000D+00
 -0.5371337D-02  0.2147677D-03  0.6262581D-03  0.0000000D+00
 -0.7769464D-02  0.7792319D-03 -0.1218867D-02  0.0000000D+00
  0.7435900D-02 -0.3348579D-02  0.2611077D-02  0.0000000D+00
  0.5421542D-02  0.7344243D-02  0.6946106D-03  0.0000000D+00
  0.9670078D-02  0.1580613D-02 -0.1412719D-02  0.0000000D+00
  0.6029376D-02  0.1476460D-02  0.1746475D-02  0.0000000D+00
  0.7107949D-02 -0.3720485D-03  0.6610671D-04  0.0000000D+00
  0.4472289D-02  0.1336975D-02 -0.5295061D-03  0.0000000D+00
  0.3933607D-02  0.1790398D-02  0.1262689D-03  0.0000000D+00
  0.3521069D-02  0.2088874D-02  0.5661991D-03  0.0000000D+00
  0.3315601D-02  0.2238174D-02  0.7861207D-03  0.0000000D+00
  0.5055653D-02 -0.8809575D-03 -0.9876004D-03  0.0000000D+00
  0.2630435D-02  0.8108119D-02 -0.1118868D-02  0.0000000D+00
  0.7416536D-02  0.4661660D-02 -0.6536191D-02  0.0000000D+00
 -0.6631956D-02 -0.2010883D-02  0.1835873D-02  0.0000000D+00
 -0.1123604D-01 -0.1250503D-02 -0.9767734D-04  0.0000000D+00
 -0.1628413D-01 -0.1094443D-01  0.6841658D-02  0.0000000D+00
 -0.1466212D-01 -0.7744351D-02  0.3578612D-02  0.0000000D+00
 -0.1453320D-01 -0.1257522D-01  0.4596329D-02  0.0000000D+00
 -0.8644601D-02 -0.1331309D-01  0.4067944D-02  0.0000000D+00
 -0.4652686D-02 -0.1382932D-01  0.3722090D-02  0.0000000D+00
 -0.2657722D-02 -0.1408707D-01  0.3549070D-02  0.0000000D+00
  0.4496499D-02  0.7652480D-04 -0.5609557D-03  0.0000000D+00
 -0.3542549D-02  0.1041095D-01  0.2491121D-02  0.0000000D+00
  0.9376442D-02  0.1287304D-01  0.1092048D-02  0.0000000D+00
  0.1043409D-01  0.7076965D-02 -0.5043515D-02  0.0000000D+00
  0.3500497D-02  0.5772716D-02 -0.7547088D-02  0.0000000D+00
  0.9980275D-02  0.2970837D-02 -0.3571156D-02  0.0000000D+00
  0.2757686D-02  0.5325173D-02 -0.4330869D-02  0.0000000D+00
  0.5215480D-02 -0.4625344D-03 -0.4542198D-02  0.0000000D+00
  0.2583062D-02 -0.3851613D-02 -0.2954097D-02  0.0000000D+00
  0.8126055D-03 -0.6142319D-02 -0.1941500D-02  0.0000000D+00
 -0.7238794D-04 -0.7287204D-02 -0.1434519D-02  0.0000000D+00
 -0.8093900D-02  0.5625639D-03 -0.1565281D-03  0.0000000D+00
 -0.8085217D-02  0.3884268D-02  0.3164490D-02  0.0000000D+00
 -0.8143863D-02 -0.2831289D-02  0.3841714D-02  0.0000000D+00
 -0.7737869D-03  0.3681631D-02 -0.1159917D-02  0.0000000D+00
 -0.9891110D-02  0.3293504D-02 -0.4573349D-02  0.0000000D+00
 -0.6527733D-02 -0.1393489D-02  0.2704086D-02  0.0000000D+00
 -0.8525793D-02 -0.6366541D-03  0.9354864D-04  0.0000000D+00
 -0.2071692D-02 -0.4919034D-03  0.3121594D-02  0.0000000D+00
 -0.4370605D-02  0.4522420D-02  0.3127170D-02  0.0000000D+00
 -0.5904226D-02  0.7837069D-02  0.3178403D-02  0.0000000D+00
 -0.6671019D-02  0.9494827D-02  0.3203309D-02  0.0000000D+00
  0.4745896D-02  0.3355048D-04 -0.2953891D-03  0.0000000D+00
  0.2257725D-02 -0.5589992D-03 -0.2167688D-04  0.0000000D+00
  0.1108701D-01  0.2221697D-02  0.1215948D-02  0.0000000D+00
  0.1758738D-03  0.4611245D-02  0.5689967D-03  0.0000000D+00
 -0.8462158D-02  0.2069107D-02 -0.1743147D-02  0.0000000D+00
 -0.7835197D-02  0.1013747D-01  0.5639679D-03  0.0000000D+00
 -0.7141477D-02  0.4389148D-02  0.1352097D-03  0.0000000D+00
 -0.7623076D-02  0.1037333D-02  0.7542160D-03  0.0000000D+00
 -0.6871686D-02  0.1516923D-03  0.1072799D-02  0.0000000D+00
 -0.6359660D-02 -0.4398712D-03  0.1306526D-02  0.0000000D+00
 -0.6103822D-02 -0.7356248D-03  0.1423075D-02  0.0000000D+00
 -0.7511759D-02  0.1945247D-03  0.2068622D-03  0.0000000D+00
 -0.3465915D-02  0.3135693D-02 -0.1432025D-02  0.0000000D+00
 -0.2286614D-02 -0.5391428D-02 -0.7107092D-03  0.0000000D+00
 -0.3563359D-02 -0.4081920D-02  0.1583080D-03  0.0000000D+00
 -0.5810549D-02 -0.3927039D-03 -0.1488108D-02  0.0000000D+00
 -0.1722776D-02  0.1084819D-02 -0.2152466D-02  0.0000000D+00
 -0.4253353D-02  0.1385915D-02 -0.1344932D-03  0.0000000D+00
 -0.7865114D-02  0.2725880D-02 -0.7571992D-05  0.0000000D+00
 -0.6576258D-02  0.3480717D-02  0.3527210D-03  0.0000000D+00
 -0.5731116D-02  0.3952686D-02  0.5366375D-03  0.0000000D+00
 -0.5308346D-02  0.4189151D-02  0.6294356D-03  0.0000000D+00
  0.5976626D-02  0.5301806D-04  0.8827985D-04  0.0000000D+00
  0.3344573D-02 -0.9369736D-03  0.2062696D-03  0.0000000D+00
  0.1154994D-01 -0.6545747D-02 -0.1171922D-02  0.0000000D+00
  0.6958805D-02  0.3773936D-02 -0.1128540D-02  0.0000000D+00
 -0.3157239D-02 -0.2602956D-02  0.1508461D-02  0.0000000D+00
 -0.2524855D-02  0.5314666D-02  0.1051570D-02  0.0000000D+00
 -0.2807640D-02 -0.7567947D-02 -0.1152770D-02  0.0000000D+00
  0.1332460D-02  0.6869016D-03  0.5478718D-03  0.0000000D+00
  0.7975781D-03 -0.2134956D-02  0.3944126D-03  0.0000000D+00
  0.4741778D-03 -0.4090838D-02  0.3007097D-03  0.0000000D+00
  0.3119855D-03 -0.5067657D-02  0.2537224D-03  0.0000000D+00
  0.1557244D-02 -0.5914295D-03  0.2250510D-03  0.0000000D+00
  0.4950094D-03 -0.1326998D-02 -0.5172672D-03  0.0000000D+00
  0.4306415D-02  0.3639202D-03  0.2520608D-02  0.0000000D+00
 -0.7012865D-02  0.1071876D-02  0.9479352D-03  0.0000000D+00
  0.6178877D-02  0.3351107D-02  0.1559585D-03  0.0000000D+00
  0.4439739D-03 -0.1477109D-02 -0.9088559D-03  0.0000000D+00
  0.1127972D-02  0.2113177D-02 -0.9396125D-04  0.0000000D+00
  0.4789677D-02 -0.1784222D-02 -0.9665906D-03  0.0000000D+00
  0.1827561D-02 -0.2227352D-02 -0.1236258D-02  0.0000000D+00
 -0.2022231D-03 -0.2588281D-02 -0.1380367D-02  0.0000000D+00
 -0.1216291D-02 -0.2767771D-02 -0.1452954D-02  0.0000000D+00
 -0.3391330D-02 -0.8938065D-03  0.9393424D-05  0.0000000D+00
 -0.3246393D-03  0.3692665D-02 -0.2353179D-04  0.0000000D+00
  0.9168713D-02 -0.2887531D-02 -0.4553240D-03  0.0000000D+00
  0.3619732D-02  0.2821963D-02 -0.1548580D-02  0.0000000D+00
  0.1150822D-02 -0.4839204D-03 -0.4926212D-03  0.0000000D+00
  0.6597995D-03  0.2403924D-02 -0.8371640D-03  0.0000000D+00
  0.5925580D-03 -0.1473682D-02 -0.6160785D-03  0.0000000D+00
 -0.1392047D-02  0.8891841D-03 -0.1734167D-02  0.0000000D+00
 -0.5131065D-03 -0.2860048D-03 -0.8440764D-03  0.0000000D+00
  0.6587190D-04 -0.1061587D-02 -0.2402440D-03  0.0000000D+00
  0.3554715D-03 -0.1449494D-02  0.6151757D-04  0.0000000D+00
  0.8341469D-02 -0.1431608D-03 -0.4047710D-04  0.0000000D+00
  0.3169916D-02  0.1948124D-02  0.3727013D-03  0.0000000D+00
  0.5394256D-03 -0.1377661D-02 -0.1381829D-02  0.0000000D+00
  0.6093909D-03 -0.8071488D-02  0.7253664D-03  0.0000000D+00
 -0.5664607D-03  0.3882482D-02 -0.2369297D-03  0.0000000D+00
  0.8578295D-03 -0.5864033D-03  0.6935911D-03  0.0000000D+00
 -0.1063856D-02  0.2482076D-02  0.1325817D-04  0.0000000D+00
  0.2221374D-03  0.1141651D-02  0.2561450D-03  0.0000000D+00
 -0.4436656D-03  0.9481249D-03  0.4655042D-03  0.0000000D+00
 -0.8724661D-03  0.8392924D-03  0.6064497D-03  0.0000000D+00
 -0.1087096D-02  0.7845773D-03  0.6769050D-03  0.0000000D+00
 -0.2271192D-02  0.8804134D-03  0.7267901D-04  0.0000000D+00
 -0.3104682D-03  0.2578695D-02 -0.8447627D-03  0.0000000D+00
  0.4261294D-02 -0.7204955D-02 -0.1146701D-02  0.0000000D+00
 -0.4488768D-03 -0.1465749D-03  0.8084217D-03  0.0000000D+00
 -0.1942421D-02 -0.2286385D-02 -0.1282032D-02  0.0000000D+00
  0.1377422D-02 -0.2759163D-03 -0.1252447D-02  0.0000000D+00
 -0.2187367D-02  0.7084966D-03 -0.1523006D-02  0.0000000D+00
 -0.2132844D-04  0.4802006D-02 -0.9780559D-04  0.0000000D+00
  0.2749424D-02  0.4970491D-02  0.3825774D-03  0.0000000D+00
  0.4601587D-02  0.5116518D-02  0.7183021D-03  0.0000000D+00
  0.5527584D-02  0.5189028D-02  0.8859343D-03  0.0000000D+00
 -0.7662388D-02  0.4850368D-02 -0.3204793D-03  0.0000000D+00
 -0.8468527D-02  0.4798829D-02  0.2630263D-02  0.0000000D+00
 -0.2733445D-02 -0.1112827D-01  0.7266284D-04  0.0000000D+00
 -0.2706717D-03  0.2328071D-02 -0.7479110D-03  0.0000000D+00
 -0.3821881D-02  0.1423564D-02 -0.1529866D-02  0.0000000D+00
 -0.4273369D-02  0.1194211D-02 -0.2151191D-02  0.0000000D+00
 -0.4324391D-02  0.1827334D-02 -0.3654357D-03  0.0000000D+00
 -0.1069401D-01 -0.7026581D-03 -0.1140392D-02  0.0000000D+00
 -0.9426570D-03  0.2120060D-02  0.6234531D-03  0.0000000D+00
  0.5563078D-02  0.4031098D-02  0.1806979D-02  0.0000000D+00
  0.8815860D-02  0.4986189D-02  0.2398630D-02  0.0000000D+00
  0.6681987D-02  0.2166492D-02 -0.1321224D-03  0.0000000D+00
 -0.2783285D-02 -0.8959836D-03  0.3949661D-02  0.0000000D+00
  0.8224831D-02 -0.4075057D-02 -0.3546983D-02  0.0000000D+00
 -0.5374465D-02  0.1747330D-02  0.6833730D-03  0.0000000D+00
 -0.4685005D-02  0.6139637D-03  0.2789240D-02  0.0000000D+00
  0.2897294D-02  0.5614455D-02 -0.1572387D-02  0.0000000D+00
 -0.2076382D-02 -0.8346404D-03 -0.1380949D-02  0.0000000D+00
 -0.2965898D-02  0.2000102D-03 -0.1479152D-02  0.0000000D+00
 -0.3276501D-02 -0.3194060D-02 -0.2093395D-02  0.0000000D+00
 -0.3472911D-02 -0.5456330D-02 -0.2485879D-02  0.0000000D+00
 -0.3571275D-02 -0.6587470D-02 -0.2682371D-02  0.0000000D+00
 -0.1063675D-01  0.3588638D-03 -0.3858689D-03  0.0000000D+00
 -0.1656503D-01  0.9085121D-03  0.1294077D-02  0.0000000D+00
 -0.4608520D-02 -0.5060723D-02 -0.3562548D-02  0.0000000D+00
 -0.4003617D-02  0.7938153D-02  0.3086280D-02  0.0000000D+00
 -0.3025576D-02  0.4406612D-02  0.2360128D-04  0.0000000D+00
 -0.7757580D-03 -0.1074856D-02 -0.3238302D-02  0.0000000D+00
 -0.1897168D-02 -0.1582080D-02  0.4257017D-03  0.0000000D+00
 -0.1961813D-02  0.1370561D-02 -0.2002837D-02  0.0000000D+00
 -0.5520113D-04 -0.2302102D-03 -0.1901051D-03  0.0000000D+00
  0.1236369D-02 -0.1309352D-02  0.1017707D-02  0.0000000D+00
  0.1881845D-02 -0.1848734D-02  0.1621620D-02  0.0000000D+00
 -0.1453348D-02  0.9571215D-03 -0.2195203D-04  0.0000000D+00
 -0.4558293D-02 -0.5148958D-02 -0.1235130D-02  0.0000000D+00
 -0.1930346D-02  0.1131311D-01  0.3565957D-02  0.0000000D+00
  0.2651135D-02  0.1515013D-02  0.1239980D-02  0.0000000D+00
  0.8394067D-02  0.4899730D-05  0.1465131D-02  0.0000000D+00
  0.8136555D-02  0.9625509D-03 -0.4058185D-03  0.0000000D+00
  0.5399555D-02  0.4197503D-03 -0.1056106D-02  0.0000000D+00
  0.2319734D-02  0.4170624D-02 -0.3527378D-03  0.0000000D+00
 -0.7278487D-03  0.2990919D-03  0.4989024D-03  0.0000000D+00
 -0.2742535D-02 -0.2296955D-02  0.1056839D-02  0.0000000D+00
 -0.3750123D-02 -0.3594757D-02  0.1335952D-02  0.0000000D+00
 -0.3933143D-02 -0.1014070D-02  0.2099275D-04  0.0000000D+00
 -0.4320140D-02  0.2089997D-02  0.2492752D-03  0.0000000D+00
 -0.7037337D-02  0.1216284D-02 -0.1398479D-02  0.0000000D+00
 -0.2706677D-02 -0.4249214D-02  0.1553913D-02  0.0000000D+00
 -0.2628344D-02 -0.6636343D-03  0.3636299D-03  0.0000000D+00
  0.1822023D-02 -0.7014706D-02 -0.1067868D-02  0.0000000D+00
 -0.1289425D-02  0.1119894D-02 -0.1091760D-02  0.0000000D+00
  0.2632340D-03 -0.1342695D-03  0.1628247D-03  0.0000000D+00
 -0.7752327D-03  0.6276865D-03 -0.3416909D-03  0.0000000D+00
 -0.1501215D-02  0.1152640D-02 -0.6596078D-03  0.0000000D+00
 -0.1863699D-02  0.1414864D-02 -0.8188385D-03  0.0000000D+00
 -0.8821804D-03  0.4132889D-03 -0.1494652D-04  0.0000000D+00
  0.1183171D-02 -0.2081409D-02  0.6731622D-03  0.0000000D+00
 -0.3081284D-03  0.2553271D-02 -0.2172483D-02  0.0000000D+00
 -0.2526593D-02 -0.6690554D-02  0.1388793D-02  0.0000000D+00
  0.5405725D-02 -0.2051679D-02  0.5350952D-03  0.0000000D+00
  0.2883712D-02  0.2966299D-03  0.3866589D-03  0.0000000D+00
  0.2973135D-02  0.1479153D-02  0.9754477D-03  0.0000000D+00
  0.3833716D-02 -0.3021076D-03 -0.1152981D-02  0.0000000D+00
  0.2159163D-02 -0.9494344D-03 -0.1503820D-04  0.0000000D+00
  0.1103022D-02 -0.1379675D-02  0.7544533D-03  0.0000000D+00
  0.5740550D-03 -0.1594810D-02  0.1139035D-02  0.0000000D+00
 -0.1993983D-02 -0.5768989D-03 -0.3935339D-03  0.0000000D+00
  0.4161957D-02  0.2096908D-02  0.1071219D-02  0.0000000D+00
 -0.6928049D-02 -0.5496153D-02 -0.3490475D-03  0.0000000D+00
  0.7096092D-02 -0.1251884D-02 -0.4408375D-03  0.0000000D+00
 -0.4497521D-02  0.7649953D-03 -0.3741135D-04  0.0000000D+00
  0.1546498D-02 -0.3408678D-02  0.3268123D-04  0.0000000D+00
 -0.3612458D-02 -0.3816889D-02 -0.7300046D-03  0.0000000D+00
 -0.1849615D-03 -0.1422250D-02  0.1570076D-03  0.0000000D+00
 -0.1233866D-02 -0.2876580D-02  0.3539859D-03  0.0000000D+00
 -0.1951312D-02 -0.3849082D-02  0.4650574D-03  0.0000000D+00
 -0.2309754D-02 -0.4335285D-02  0.5208940D-03  0.0000000D+00
  0.3535980D-02  0.9245091D-03  0.1844187D-03  0.0000000D+00
  0.5585716D-02 -0.2254253D-02 -0.2373848D-03  0.0000000D+00
  0.8900261D-02  0.3966829D-02  0.9126756D-03  0.0000000D+00
 -0.2551233D-02  0.3935757D-02 -0.1420454D-02  0.0000000D+00
  0.4874190D-02 -0.1176998D-02 -0.2718378D-03  0.0000000D+00
  0.2298871D-02  0.3314389D-02 -0.1357429D-03  0.0000000D+00
  0.3801355D-02  0.3722161D-03 -0.1143116D-02  0.0000000D+00
  0.2800761D-02  0.4215379D-02 -0.5985432D-04  0.0000000D+00
  0.1456167D-02 -0.3826809D-03  0.1821109D-04  0.0000000D+00
  0.5495755D-03 -0.3441404D-02  0.7647404D-04  0.0000000D+00
  0.9643539D-04 -0.4970863D-02  0.1055144D-03  0.0000000D+00
  0.8497432D-04 -0.2027383D-02  0.1401206D-02  0.0000000D+00
  0.3276993D-02  0.5502385D-02  0.7403978D-03  0.0000000D+00
  0.1802391D-02 -0.1991285D-02  0.2102082D-02  0.0000000D+00
 -0.5348379D-02  0.4823848D-02  0.5063993D-03  0.0000000D+00
 -0.7252153D-02  0.3557558D-03  0.2073968D-02  0.0000000D+00
 -0.6685355D-02  0.2836888D-02  0.1984111D-02  0.0000000D+00
 -0.6628318D-02 -0.4975087D-02  0.1239994D-02  0.0000000D+00
 -0.6513271D-02 -0.3765963D-02  0.6242036D-03  0.0000000D+00
 -0.5248518D-02 -0.4899327D-02  0.7547402D-04  0.0000000D+00
 -0.4408250D-02 -0.5649269D-02 -0.2926656D-03  0.0000000D+00
 -0.3988072D-02 -0.6024317D-02 -0.4767000D-03  0.0000000D+00
  0.2122656D-03 -0.3046437D-02  0.1420737D-03  0.0000000D+00
  0.6420516D-02  0.7579736D-02  0.3392468D-03  0.0000000D+00
  0.2789800D-02 -0.1994907D-02 -0.3589074D-02  0.0000000D+00
  0.3937182D-02 -0.5315490D-02 -0.2411318D-02  0.0000000D+00
 -0.1408730D-03 -0.1678838D-02  0.5018464D-02  0.0000000D+00
 -0.7304470D-03  0.8373665D-03  0.5471620D-02  0.0000000D+00
 -0.1706406D-02 -0.1855980D-02  0.3286157D-02  0.0000000D+00
  0.1570759D-02 -0.1484460D-02  0.2410340D-02  0.0000000D+00
 -0.1553367D-02 -0.5446581D-03 -0.6129803D-04  0.0000000D+00
 -0.3641689D-02  0.8721236D-04 -0.1666737D-02  0.0000000D+00
 -0.4685767D-02  0.4030664D-03 -0.2470085D-02  0.0000000D+00
  0.9530184D-02 -0.6848216D-02  0.4840342D-03  0.0000000D+00
  0.6849007D-02  0.1163954D-02  0.1170750D-02  0.0000000D+00
  0.9416392D-02  0.3801404D-03  0.1478331D-02  0.0000000D+00
  0.9407709D-03 -0.3148388D-02 -0.4213440D-02  0.0000000D+00
  0.1353127D-02  0.2103604D-03 -0.1382817D-02  0.0000000D+00
 -0.5773522D-03  0.4935084D-03  0.3011481D-02  0.0000000D+00
  0.3310105D-02 -0.1613843D-02  0.4410080D-02  0.0000000D+00
  0.1244778D-02  0.1531785D-02  0.2941090D-02  0.0000000D+00
 -0.2613277D-03  0.2090151D-02  0.1570138D-02  0.0000000D+00
 -0.1257312D-02  0.2431066D-02  0.6232420D-03  0.0000000D+00
 -0.1755426D-02  0.2601993D-02  0.1502886D-03  0.0000000D+00
 -0.2192964D-02 -0.8242159D-03 -0.6031137D-03  0.0000000D+00
 -0.7232484D-03  0.3316534D-02  0.1401394D-02  0.0000000D+00
  0.2798608D-03  0.1216045D-02 -0.5615795D-03  0.0000000D+00
 -0.1691009D-02 -0.8260800D-02 -0.2283244D-02  0.0000000D+00
  0.9206885D-03  0.3125220D-02 -0.1872182D-02  0.0000000D+00
 -0.3567818D-02 -0.2839485D-02  0.7044839D-03  0.0000000D+00
 -0.1172212D-02  0.2990641D-02  0.6092998D-03  0.0000000D+00
 -0.1012886D-03 -0.1194338D-03  0.4955354D-03  0.0000000D+00
 -0.1118746D-02 -0.2119777D-03 -0.3831319D-03  0.0000000D+00
 -0.1807012D-02 -0.3187062D-03 -0.9675019D-03  0.0000000D+00
 -0.2151002D-02 -0.3714074D-03 -0.1259705D-02  0.0000000D+00
  0.4099916D-02 -0.5249928D-03  0.6920358D-03  0.0000000D+00
  0.5196689D-02  0.2246127D-02 -0.2559496D-02  0.0000000D+00
  0.1794882D-02 -0.4070743D-02  0.1532037D-03  0.0000000D+00
  0.1071749D-02  0.5154101D-02 -0.1033404D-02  0.0000000D+00
 -0.2093323D-03  0.2703754D-02 -0.2605068D-02  0.0000000D+00
 -0.3037563D-03  0.4895741D-02  0.2515693D-02  0.0000000D+00
  0.9432736D-03 -0.3220454D-02 -0.6988743D-04  0.0000000D+00
  0.7543669D-03 -0.1597268D-02  0.1284851D-02  0.0000000D+00
  0.1319526D-02 -0.6064273D-03  0.2962293D-03  0.0000000D+00
  0.1708805D-02  0.9471669D-04 -0.3435568D-03  0.0000000D+00
  0.1903257D-02  0.4446836D-03 -0.6637346D-03  0.0000000D+00
  0.3378307D-02  0.4339080D-03  0.3522697D-03  0.0000000D+00
  0.3734038D-02 -0.2371590D-02  0.9033841D-03  0.0000000D+00
  0.4977055D-02 -0.2652627D-03 -0.7148715D-03  0.0000000D+00
  0.1258190D-02 -0.9262478D-03  0.1250442D-02  0.0000000D+00
  0.3190382D-02  0.5906406D-03 -0.5786177D-03  0.0000000D+00
  0.1085854D-02 -0.4854609D-03 -0.6001246D-03  0.0000000D+00
  0.3034872D-02  0.2656398D-02  0.1162446D-02  0.0000000D+00
  0.1923481D-02 -0.4723315D-02  0.2082920D-04  0.0000000D+00
  0.7992133D-03 -0.2199292D-02 -0.3685101D-03  0.0000000D+00
  0.3133477D-04 -0.5144197D-03 -0.6138826D-03  0.0000000D+00
 -0.3523316D-03  0.3279844D-03 -0.7367829D-03  0.0000000D+00
 -0.4764375D-02 -0.6602694D-03 -0.9276753D-04  0.0000000D+00
 -0.5303642D-02  0.9636199D-03  0.7004185D-03  0.0000000D+00
 -0.5856119D-02 -0.4888499D-03  0.1761821D-02  0.0000000D+00
  0.7804525D-03  0.2561669D-02 -0.1099005D-02  0.0000000D+00
 -0.1846669D-03  0.1378711D-02 -0.3344680D-02  0.0000000D+00
 -0.2547556D-02  0.3314136D-02 -0.2348549D-02  0.0000000D+00
 -0.1726160D-02 -0.9812947D-03 -0.2264357D-03  0.0000000D+00
  0.1730785D-02 -0.2352349D-03  0.3814442D-03  0.0000000D+00
  0.1130450D-02  0.8802229D-03  0.2132839D-03  0.0000000D+00
  0.7072023D-03  0.1652220D-02  0.8475194D-04  0.0000000D+00
  0.4959214D-03  0.2037796D-02  0.2073113D-04  0.0000000D+00
  0.2040550D-02 -0.3271265D-03 -0.1583355D-03  0.0000000D+00
  0.1379617D-04  0.7261960D-03 -0.1213999D-02  0.0000000D+00
  0.9898988D-02  0.2217874D-02  0.4079054D-03  0.0000000D+00
 -0.1160720D-03  0.1099763D-02 -0.8479707D-03  0.0000000D+00
 -0.4488838D-02 -0.2464156D-02  0.1643269D-02  0.0000000D+00
  0.2770832D-02  0.2434135D-02 -0.7859704D-03  0.0000000D+00
 -0.8332739D-03 -0.2647971D-02  0.1611823D-02  0.0000000D+00
  0.1869973D-02  0.7101868D-03  0.2650652D-03  0.0000000D+00
  0.1671053D-02  0.5643813D-03  0.8043342D-03  0.0000000D+00
  0.1521895D-02  0.4389660D-03  0.1149395D-02  0.0000000D+00
  0.1447566D-02  0.3766810D-03  0.1322142D-02  0.0000000D+00
 -0.4146069D-02 -0.1178569D-03  0.1499366D-03  0.0000000D+00
 -0.2776074D-02  0.2587653D-02 -0.9075501D-03  0.0000000D+00
 -0.7474231D-02 -0.7109760D-02  0.1418586D-03  0.0000000D+00
  0.2527607D-03 -0.1411445D-03  0.9482909D-03  0.0000000D+00
 -0.6474544D-03 -0.1669543D-03  0.3352354D-03  0.0000000D+00
  0.2689002D-02  0.1929560D-02  0.1545379D-03  0.0000000D+00
  0.2665421D-03  0.1442896D-02  0.7983209D-03  0.0000000D+00
  0.7852871D-03 -0.9019149D-03  0.4013757D-05  0.0000000D+00
  0.6049961D-03 -0.2250524D-03  0.1715034D-04  0.0000000D+00
  0.4712993D-03  0.2243598D-03  0.4359202D-04  0.0000000D+00
  0.4046539D-03  0.4490952D-03  0.5654536D-04  0.0000000D+00
