  2  2   693  6336  4  4  9 11  7  1    0.00   24.00  228.50  589.30    0.00    6.28   45.00   45.00
  200.0  200.0  200.0  200.0  250.0  300.0  350.0  400.0  450.0  500.0  550.0  600.0  600.0  600.0  600.0
  0.8536968D+05  0.2797141D+04 -0.2014155D+05  0.0000000D+00
  0.6707773D+05  0.2258469D+05  0.8177408D+04  0.0000000D+00
  0.6353461D+05  0.1634655D+04 -0.6302063D+04  0.0000000D+00
  0.4465577D+05 -0.4026469D+04  0.2663370D+04  0.0000000D+00
  0.4285695D+05 -0.1732842D+05 -0.1434510D+04  0.0000000D+00
  0.6299424D+05 -0.7867706D+04 -0.3805531D+04  0.0000000D+00
  0.8166304D+05 -0.1191549D+05 -0.2336232D+04  0.0000000D+00
  0.1928323D+06 -0.3144087D+05 -0.2177511D+05  0.0000000D+00
  0.2014377D+06 -0.3436180D+05 -0.1439344D+05  0.0000000D+00
  0.2071823D+06 -0.3629937D+05 -0.9468923D+04  0.0000000D+00
  0.2100537D+06 -0.3726920D+05 -0.7007031D+04  0.0000000D+00
  0.4272088D+05  0.8481429D+05  0.9336786D+04  0.0000000D+00
  0.1911894D+05 -0.1292313D+05 -0.7384058D+03  0.0000000D+00
  0.9913913D+04  0.4111985D+05  0.4686000D+04  0.0000000D+00
 -0.1585562D+05  0.1663721D+05  0.1505302D+04  0.0000000D+00
 -0.1918128D+05  0.3266899D+05  0.1885882D+04  0.0000000D+00
 -0.5014663D+05  0.6774161D+04  0.5040676D+04  0.0000000D+00
 -0.1696830D+05  0.6479774D+04  0.3065695D+04  0.0000000D+00
  0.2546672D+05 -0.3557179D+05 -0.8086804D+04  0.0000000D+00
  0.9243317D+05 -0.3271632D+05  0.8120230D+03  0.0000000D+00
  0.1370938D+06 -0.3078656D+05  0.6743261D+04  0.0000000D+00
  0.1594224D+06 -0.2982450D+05  0.9709022D+04  0.0000000D+00
 -0.4088561D+05  0.3250830D+05  0.3669706D+04  0.0000000D+00
  0.2199510D+05  0.1432434D+05  0.4989344D+02  0.0000000D+00
 -0.5630984D+04 -0.3381038D+04  0.3440885D+04  0.0000000D+00
  0.1461503D+05 -0.2605528D+05  0.2878150D+04  0.0000000D+00
 -0.6088717D+04  0.6608979D+04 -0.2122075D+03  0.0000000D+00
  0.1761521D+05 -0.2957234D+05  0.5075744D+04  0.0000000D+00
 -0.1924255D+05  0.2955444D+05  0.7581413D+04  0.0000000D+00
  0.5581172D+05  0.1276948D+05 -0.2851869D+03  0.0000000D+00
  0.3708436D+05  0.7360235D+03 -0.4928758D+04  0.0000000D+00
  0.2461829D+05 -0.7276145D+04 -0.8028330D+04  0.0000000D+00
  0.1838322D+05 -0.1128333D+05 -0.9577699D+04  0.0000000D+00
  0.1139021D+05 -0.7626536D+04 -0.8061302D+04  0.0000000D+00
  0.3886832D+04  0.1253715D+04  0.5429744D+04  0.0000000D+00
  0.5055161D+03 -0.5465408D+02 -0.4307103D+04  0.0000000D+00
 -0.8646229D+04  0.3936134D+04 -0.1484120D+04  0.0000000D+00
 -0.4984859D+04 -0.8112021D+04  0.1465402D+04  0.0000000D+00
 -0.6770063D+04 -0.7449155D+04 -0.5651494D+04  0.0000000D+00
  0.1670408D+05  0.4672155D+04  0.5685580D+03  0.0000000D+00
 -0.3614078D+05  0.1272620D+05 -0.1604418D+04  0.0000000D+00
 -0.6473571D+02  0.8184455D+03 -0.8242960D+03  0.0000000D+00
  0.2391279D+05 -0.7118334D+04 -0.3016513D+03  0.0000000D+00
  0.3590947D+05 -0.1108691D+05 -0.4060620D+02  0.0000000D+00
  0.1441811D+05 -0.7438344D+04  0.1624128D+05  0.0000000D+00
 -0.6896663D+04  0.7546945D+04 -0.3797925D+04  0.0000000D+00
 -0.1964384D+04 -0.3644594D+04  0.7203843D+04  0.0000000D+00
 -0.1216529D+05 -0.1244886D+04  0.9002992D+03  0.0000000D+00
 -0.5155705D+04  0.9663333D+03  0.5734129D+03  0.0000000D+00
 -0.1722086D+05 -0.5635557D+04  0.2994716D+04  0.0000000D+00
  0.1368393D+05 -0.1547960D+05 -0.1958521D+04  0.0000000D+00
  0.2122557D+05 -0.5126535D+04  0.2748034D+04  0.0000000D+00
  0.8969699D+04 -0.2864995D+04  0.4574534D+04  0.0000000D+00
  0.8165371D+03 -0.1351077D+04  0.5786008D+04  0.0000000D+00
 -0.3261929D+04 -0.5947908D+03  0.6392415D+04  0.0000000D+00
 -0.2279151D+05 -0.1103873D+05 -0.3599406D+03  0.0000000D+00
  0.6302268D+03  0.2850390D+04 -0.1152970D+04  0.0000000D+00
 -0.1065156D+05 -0.4263769D+04  0.1843661D+03  0.0000000D+00
 -0.2035974D+04 -0.1297852D+03  0.6687411D+03  0.0000000D+00
 -0.2055529D+04 -0.9837518D+03  0.1010159D+03  0.0000000D+00
  0.1783159D+04  0.2682554D+03 -0.2097392D+03  0.0000000D+00
  0.1539521D+05 -0.1419756D+05 -0.1518363D+04  0.0000000D+00
 -0.5082027D+04  0.1898656D+05  0.1866040D+04  0.0000000D+00
  0.4219241D+04  0.1314832D+04  0.2384014D+03  0.0000000D+00
  0.1042951D+05 -0.1046710D+05 -0.8461087D+03  0.0000000D+00
  0.1353363D+05 -0.1635798D+05 -0.1388427D+04  0.0000000D+00
 -0.3131955D+04  0.1641921D+05  0.2836256D+04  0.0000000D+00
  0.2309792D+04 -0.6720737D+04 -0.4219625D+04  0.0000000D+00
 -0.2787954D+04  0.3319854D+03  0.1359960D+04  0.0000000D+00
 -0.2252396D+04 -0.9009263D+04  0.6239760D+03  0.0000000D+00
  0.1940811D+04  0.1093738D+04 -0.2811402D+03  0.0000000D+00
  0.2841643D+04 -0.1100400D+05 -0.2647442D+03  0.0000000D+00
  0.3001219D+05  0.1832058D+05  0.2017452D+04  0.0000000D+00
  0.3520587D+05 -0.5029473D+03 -0.5070955D+04  0.0000000D+00
  0.1627853D+05  0.4044698D+04 -0.4705467D+04  0.0000000D+00
  0.3653840D+04  0.7082833D+04 -0.4466036D+04  0.0000000D+00
 -0.2657806D+04  0.8601212D+04 -0.4345863D+04  0.0000000D+00
  0.5221891D+04 -0.2028431D+04 -0.4629803D+03  0.0000000D+00
  0.4784736D+04  0.3347382D+04  0.5690474D+03  0.0000000D+00
  0.4731329D+04 -0.9382853D+03 -0.1724428D+03  0.0000000D+00
  0.4300825D+04 -0.8586993D+03 -0.5246363D+02  0.0000000D+00
  0.4224195D+04 -0.4948417D+03 -0.9379892D+02  0.0000000D+00
  0.4316705D+04  0.4588200D+04 -0.8950330D+02  0.0000000D+00
 -0.1235898D+05  0.2411756D+04 -0.9795082D+03  0.0000000D+00
  0.4276183D+05 -0.7968996D+04  0.7531393D+03  0.0000000D+00
  0.1024346D+05 -0.6828502D+03  0.2320189D+04  0.0000000D+00
 -0.1141543D+05  0.4164635D+04  0.3364384D+04  0.0000000D+00
 -0.2224704D+05  0.6589454D+04  0.3886537D+04  0.0000000D+00
  0.5383826D+04  0.5958375D+04  0.6930158D+04  0.0000000D+00
  0.1453415D+03  0.1494415D+04 -0.6697499D+03  0.0000000D+00
  0.9168045D+03  0.1777846D+04  0.2817166D+04  0.0000000D+00
 -0.1497139D+04 -0.7029342D+03 -0.7614868D+02  0.0000000D+00
  0.1967674D+04  0.1790992D+04  0.2525795D+03  0.0000000D+00
  0.1341527D+04 -0.2317553D+04  0.3962465D+03  0.0000000D+00
  0.1339752D+05  0.1634138D+04 -0.2560035D+04  0.0000000D+00
  0.3853107D+05 -0.9204035D+04 -0.1164504D+04  0.0000000D+00
  0.1374542D+05 -0.2675600D+04  0.1769020D+03  0.0000000D+00
 -0.2754457D+04  0.1685418D+04  0.1070040D+04  0.0000000D+00
 -0.1100698D+05  0.3864983D+04  0.1516731D+04  0.0000000D+00
 -0.3032080D+05  0.3550418D+04  0.8437261D+04  0.0000000D+00
 -0.3251759D+05  0.2343179D+04 -0.5199444D+04  0.0000000D+00
 -0.2519903D+05 -0.3948082D+03 -0.2899978D+03  0.0000000D+00
 -0.1742532D+05 -0.1095048D+04 -0.5551156D+04  0.0000000D+00
 -0.3560896D+03  0.6153122D+04 -0.1014622D+04  0.0000000D+00
 -0.5568973D+04 -0.1180213D+05 -0.6337294D+04  0.0000000D+00
  0.1449366D+05  0.8974940D+04 -0.2019823D+04  0.0000000D+00
  0.3524058D+05  0.6271922D+04 -0.9922196D+04  0.0000000D+00
  0.3386798D+05 -0.3885724D+04 -0.5564356D+04  0.0000000D+00
  0.3293437D+05 -0.1062536D+05 -0.2653884D+04  0.0000000D+00
  0.3246957D+05 -0.1399865D+05 -0.1199215D+04  0.0000000D+00
  0.1020903D+04  0.4185676D+05 -0.1349685D+05  0.0000000D+00
 -0.1958553D+05 -0.1237937D+05  0.6645027D+04  0.0000000D+00
 -0.7999406D+03  0.1900259D+05 -0.5686526D+04  0.0000000D+00
 -0.1157121D+03  0.3966852D+04 -0.2257144D+04  0.0000000D+00
  0.3476465D+04  0.4082146D+04 -0.5914736D+04  0.0000000D+00
  0.3315202D+03  0.7031270D+04  0.4457706D+04  0.0000000D+00
  0.1770809D+05 -0.7908626D+04 -0.2821936D+04  0.0000000D+00
  0.9236084D+05  0.1937677D+05 -0.1310216D+04  0.0000000D+00
  0.6013846D+05  0.2177218D+05 -0.2142090D+05  0.0000000D+00
  0.3861942D+05  0.2337084D+05 -0.3484472D+05  0.0000000D+00
  0.2786395D+05  0.2416999D+05 -0.4155482D+05  0.0000000D+00
  0.4291117D+05 -0.3124900D+05  0.1102821D+05  0.0000000D+00
 -0.8085722D+04 -0.9756397D+04 -0.2493308D+04  0.0000000D+00
  0.6447592D+04 -0.2427423D+04  0.3788137D+04  0.0000000D+00
 -0.1563649D+05  0.2007552D+05 -0.4854014D+03  0.0000000D+00
  0.1560509D+04  0.1274658D+05  0.2224487D+04  0.0000000D+00
 -0.1956641D+05  0.3217849D+04 -0.2516654D+04  0.0000000D+00
  0.2772193D+05 -0.1869874D+05  0.6215845D+04  0.0000000D+00
  0.3205836D+05  0.1822090D+04 -0.1813375D+03  0.0000000D+00
  0.3673682D+05 -0.9250401D+03 -0.1349021D+05  0.0000000D+00
  0.3991812D+05 -0.2763150D+04 -0.2236080D+05  0.0000000D+00
  0.4150203D+05 -0.3681482D+04 -0.2679631D+05  0.0000000D+00
 -0.1655839D+05 -0.2051484D+05  0.1226075D+05  0.0000000D+00
 -0.1529043D+03  0.4350372D+04 -0.5654088D+04  0.0000000D+00
 -0.5507048D+04 -0.5348438D+04  0.2429904D+04  0.0000000D+00
  0.3142212D+04  0.2157015D+04 -0.3179244D+04  0.0000000D+00
  0.8530199D+04 -0.7689246D+04  0.2229969D+04  0.0000000D+00
  0.1133685D+05  0.1573108D+05 -0.1610134D+04  0.0000000D+00
  0.2109630D+05 -0.2722813D+05  0.3276397D+04  0.0000000D+00
  0.2333581D+05  0.1807301D+05 -0.1196590D+05  0.0000000D+00
  0.1499883D+05 -0.6542775D+04  0.1164858D+04  0.0000000D+00
  0.9416067D+04 -0.2296779D+05  0.9927957D+04  0.0000000D+00
  0.6627367D+04 -0.3117873D+05  0.1430850D+05  0.0000000D+00
  0.2221507D+05 -0.1475527D+05 -0.1403833D+05  0.0000000D+00
 -0.4161482D+04  0.9759462D+04  0.2695139D+04  0.0000000D+00
  0.1123710D+05 -0.5148034D+04 -0.2940260D+04  0.0000000D+00
  0.4965203D+04 -0.8247355D+03  0.4324588D+04  0.0000000D+00
  0.1266697D+04 -0.8738227D+04  0.6558641D+03  0.0000000D+00
 -0.7256563D+03 -0.5795898D+04  0.1632335D+04  0.0000000D+00
  0.5050465D+05 -0.7212729D+04 -0.4641268D+04  0.0000000D+00
  0.1162514D+05  0.2769096D+05  0.3413706D+04  0.0000000D+00
  0.9784200D+04  0.8510030D+04  0.1084124D+04  0.0000000D+00
  0.8593290D+04 -0.4284241D+04 -0.4806560D+03  0.0000000D+00
  0.7993901D+04 -0.1068062D+05 -0.1261778D+04  0.0000000D+00
 -0.5098984D+04 -0.1628220D+04  0.3158497D+04  0.0000000D+00
  0.1478236D+04  0.9534107D+03  0.1989823D+04  0.0000000D+00
  0.4129686D+04 -0.2428250D+04  0.7113877D+03  0.0000000D+00
  0.7616367D+04 -0.2017998D+04 -0.4719711D+03  0.0000000D+00
 -0.4311354D+04  0.2151523D+04  0.2358364D+04  0.0000000D+00
  0.1655072D+05 -0.5378389D+04 -0.2376716D+04  0.0000000D+00
 -0.2766887D+05  0.1324372D+05  0.4117600D+04  0.0000000D+00
  0.6949012D+04 -0.9198434D+04 -0.2477274D+04  0.0000000D+00
 -0.1553853D+04 -0.1694984D+04  0.8516382D+04  0.0000000D+00
 -0.7263389D+04  0.3315339D+04  0.1585363D+05  0.0000000D+00
 -0.1011373D+05  0.5819634D+04  0.1952137D+05  0.0000000D+00
 -0.2234875D+04  0.1294423D+05  0.2996625D+04  0.0000000D+00
 -0.2023527D+04 -0.6214525D+04  0.7505279D+03  0.0000000D+00
 -0.4975561D+03  0.2371013D+04  0.2671218D+03  0.0000000D+00
  0.1828102D+04 -0.3763779D+04 -0.9045376D+03  0.0000000D+00
 -0.3331619D+03  0.1294523D+04  0.3011064D+04  0.0000000D+00
 -0.1409379D+05 -0.6623595D+04 -0.9973908D+03  0.0000000D+00
  0.4493405D+03  0.8551491D+03  0.5109248D+04  0.0000000D+00
  0.1907643D+03 -0.1756537D+05 -0.1071937D+05  0.0000000D+00
  0.7009765D+04 -0.1907211D+04  0.1083809D+04  0.0000000D+00
  0.1157842D+05  0.8532203D+04  0.8959448D+04  0.0000000D+00
  0.1386030D+05  0.1375184D+05  0.1289653D+05  0.0000000D+00
  0.3411141D+05 -0.5786388D+04 -0.5630958D+04  0.0000000D+00
 -0.1009664D+05  0.6702284D+04 -0.4136188D+03  0.0000000D+00
  0.8218035D+04 -0.5053824D+04 -0.1480685D+04  0.0000000D+00
 -0.8064764D+04 -0.4191964D+04  0.1118455D+04  0.0000000D+00
  0.6523312D+02  0.2625719D+04 -0.7935460D+03  0.0000000D+00
 -0.1309493D+05 -0.3249502D+04  0.2529300D+04  0.0000000D+00
  0.1519597D+05 -0.1785509D+04 -0.3592525D+04  0.0000000D+00
  0.3136915D+04 -0.1200699D+03  0.3363206D+04  0.0000000D+00
  0.3403075D+04 -0.2492789D+04 -0.2479822D+04  0.0000000D+00
  0.3582691D+04 -0.4063611D+04 -0.6377267D+04  0.0000000D+00
  0.3672264D+04 -0.4850210D+04 -0.8325763D+04  0.0000000D+00
  0.1095050D+04  0.7514918D+04 -0.9765433D+04  0.0000000D+00
 -0.2339993D+04 -0.1163054D+04  0.2344837D+04  0.0000000D+00
  0.2170296D+04  0.2056866D+04 -0.3383302D+04  0.0000000D+00
  0.2642452D+04 -0.1218234D+04  0.6937082D+03  0.0000000D+00
 -0.3662722D+04  0.2187945D+04 -0.8606640D+03  0.0000000D+00
 -0.4373095D+04 -0.2904635D+04  0.2994013D+03  0.0000000D+00
  0.1679583D+05 -0.8155936D+03 -0.5325581D+03  0.0000000D+00
  0.1517961D+05  0.1213193D+04  0.9591363D+03  0.0000000D+00
  0.2236792D+04  0.6308938D+03 -0.1123051D+03  0.0000000D+00
 -0.6397659D+04  0.2375148D+03 -0.8293641D+03  0.0000000D+00
 -0.1071425D+05  0.4138538D+02 -0.1187595D+04  0.0000000D+00
  0.2211518D+05  0.1158068D+05 -0.5582591D+04  0.0000000D+00
  0.2047405D+05 -0.1277871D+05  0.3723235D+04  0.0000000D+00
  0.8148815D+04  0.1630020D+04 -0.2684957D+04  0.0000000D+00
 -0.2603949D+04 -0.4904027D+04 -0.1546390D+04  0.0000000D+00
  0.3100611D+04 -0.6136340D+04 -0.2016505D+04  0.0000000D+00
 -0.2215481D+04 -0.7972138D+04  0.4950411D+02  0.0000000D+00
  0.1125791D+05  0.1583537D+03 -0.3767379D+04  0.0000000D+00
  0.9650861D+03  0.3137484D+05  0.2258964D+05  0.0000000D+00
 -0.1133947D+05  0.1326193D+05  0.8844572D+04  0.0000000D+00
 -0.1952074D+05  0.1182137D+04 -0.3289710D+03  0.0000000D+00
 -0.2361372D+05 -0.4857272D+04 -0.4914644D+04  0.0000000D+00
  0.2085214D+05  0.4278201D+05 -0.7814508D+04  0.0000000D+00
  0.3496284D+05 -0.1338925D+04  0.1072031D+05  0.0000000D+00
  0.1253961D+05  0.2169747D+05 -0.2232564D+04  0.0000000D+00
  0.1238847D+04  0.1007338D+05  0.9310731D+03  0.0000000D+00
 -0.5566999D+04  0.1910752D+05  0.1571234D+04  0.0000000D+00
  0.5123219D+04  0.5222052D+04  0.2364461D+04  0.0000000D+00
  0.1881613D+05  0.5004786D+04  0.4532835D+04  0.0000000D+00
 -0.5710930D+05  0.1228594D+05  0.2889240D+04  0.0000000D+00
 -0.4327068D+05  0.6030960D+04 -0.4731912D+04  0.0000000D+00
 -0.3410508D+05  0.1893319D+04 -0.9809459D+04  0.0000000D+00
 -0.2951577D+05 -0.1790007D+03 -0.1234858D+05  0.0000000D+00
 -0.4557193D+05 -0.2172287D+05  0.1219810D+05  0.0000000D+00
  0.1286918D+05  0.2472956D+04 -0.4963950D+02  0.0000000D+00
 -0.1039873D+05 -0.1424885D+05  0.4417665D+04  0.0000000D+00
  0.8994516D+04 -0.6025599D+04 -0.1712781D+03  0.0000000D+00
 -0.1702258D+05  0.1220864D+05  0.3133079D+04  0.0000000D+00
  0.2024597D+05 -0.7971437D+04 -0.3043109D+04  0.0000000D+00
  0.7998466D+04 -0.4412410D+04  0.6948471D+04  0.0000000D+00
  0.1114985D+06 -0.7429960D+04  0.8444584D+03  0.0000000D+00
  0.6604400D+05 -0.1729729D+04  0.5078230D+04  0.0000000D+00
  0.3576039D+05  0.2081995D+04  0.7910598D+04  0.0000000D+00
  0.2061648D+05  0.3986605D+04  0.9325716D+04  0.0000000D+00
  0.4096612D+05  0.1232997D+04 -0.4798061D+04  0.0000000D+00
 -0.5690759D+04  0.5244429D+04 -0.1503056D+04  0.0000000D+00
  0.1914367D+05 -0.7979303D+03 -0.4501672D+03  0.0000000D+00
  0.4190208D+04 -0.3601869D+04  0.2796783D+04  0.0000000D+00
  0.5600261D+04 -0.5622984D+04  0.1093445D+04  0.0000000D+00
  0.1191325D+05 -0.1464248D+04  0.1968295D+03  0.0000000D+00
  0.8558439D+04  0.1296487D+05 -0.7068627D+04  0.0000000D+00
 -0.1181139D+06  0.2647847D+05  0.4061292D+03  0.0000000D+00
 -0.5572708D+05  0.1227201D+05  0.4790025D+04  0.0000000D+00
 -0.1417437D+05  0.2793475D+04  0.7713609D+04  0.0000000D+00
  0.6606150D+04 -0.1944975D+04  0.9175294D+04  0.0000000D+00
 -0.2692009D+05 -0.2848798D+05  0.1083997D+05  0.0000000D+00
  0.4974540D+04  0.1416640D+05 -0.3277658D+04  0.0000000D+00
 -0.1032190D+05 -0.7419833D+04  0.5603017D+04  0.0000000D+00
 -0.5219551D+03  0.5965015D+04  0.2034324D+04  0.0000000D+00
  0.1784139D+03 -0.1773869D+04  0.3074948D+03  0.0000000D+00
  0.1157055D+05 -0.9325961D+04  0.4341423D+04  0.0000000D+00
 -0.2688956D+04 -0.7542889D+04  0.3873240D+04  0.0000000D+00
 -0.6010134D+05 -0.4750086D+02 -0.4127688D+04  0.0000000D+00
 -0.3188038D+05  0.6309647D+04 -0.1263229D+04  0.0000000D+00
 -0.1314716D+05  0.1054567D+05  0.6497728D+03  0.0000000D+00
 -0.3771819D+04  0.1266390D+05  0.1605910D+04  0.0000000D+00
  0.1667278D+05 -0.1460059D+05 -0.9090094D+03  0.0000000D+00
 -0.6338657D+04  0.1550475D+04  0.1756657D+04  0.0000000D+00
  0.6515556D+04 -0.5959400D+04  0.7768186D+03  0.0000000D+00
  0.2075481D+03 -0.8929914D+02  0.1909296D+04  0.0000000D+00
 -0.8552279D+02 -0.8241655D+03  0.4028437D+03  0.0000000D+00
 -0.7906503D+04  0.1967504D+04 -0.1183516D+04  0.0000000D+00
  0.4670959D+04 -0.7977230D+04  0.1693364D+04  0.0000000D+00
  0.4021751D+05 -0.1343188D+05 -0.2854949D+04  0.0000000D+00
  0.1474356D+05 -0.5809094D+04 -0.4738764D+03  0.0000000D+00
 -0.2236621D+04 -0.7178801D+03  0.1115616D+04  0.0000000D+00
 -0.1072698D+05  0.1826716D+04  0.1910135D+04  0.0000000D+00
 -0.4036296D+04  0.9329937D+04  0.1384301D+05  0.0000000D+00
 -0.2295129D+04 -0.8011925D+04 -0.5533463D+04  0.0000000D+00
  0.1907115D+04 -0.2743157D+04  0.5511277D+04  0.0000000D+00
  0.5377983D+04 -0.9686625D+04  0.6778322D+03  0.0000000D+00
 -0.7490798D+03  0.8498753D+03  0.1626683D+04  0.0000000D+00
  0.2731730D+03 -0.3706720D+04 -0.2923292D+04  0.0000000D+00
 -0.3053143D+04 -0.1432658D+04  0.3309650D+03  0.0000000D+00
 -0.7761598D+05 -0.2235176D+04  0.2756035D+03  0.0000000D+00
 -0.6655992D+04 -0.1364694D+04  0.5728967D+04  0.0000000D+00
  0.4059913D+05 -0.7777469D+03  0.9375562D+04  0.0000000D+00
  0.6423227D+05 -0.4849900D+03  0.1119767D+05  0.0000000D+00
 -0.3696922D+05 -0.1329799D+05 -0.3471496D+04  0.0000000D+00
  0.1049658D+05  0.6459890D+04  0.3677260D+03  0.0000000D+00
 -0.1599540D+05 -0.4745793D+04 -0.1028367D+04  0.0000000D+00
 -0.1460471D+04  0.1366344D+04  0.6095859D+03  0.0000000D+00
  0.1089326D+02  0.3383377D+04 -0.1364236D+03  0.0000000D+00
 -0.1640318D+03 -0.9952321D+03 -0.3289353D+03  0.0000000D+00
  0.1990920D+03  0.6654161D+04 -0.5477720D+03  0.0000000D+00
  0.3701062D+05  0.1686962D+04  0.1065389D+04  0.0000000D+00
  0.9002671D+04  0.2080563D+04 -0.5080326D+04  0.0000000D+00
 -0.9631502D+04  0.2338604D+04 -0.9178997D+04  0.0000000D+00
 -0.1895268D+05  0.2468096D+04 -0.1122817D+05  0.0000000D+00
 -0.5166838D+04 -0.1008978D+05  0.8389037D+04  0.0000000D+00
  0.4117107D+04  0.9615022D+04 -0.3297929D+04  0.0000000D+00
 -0.1511252D+04 -0.4628862D+04  0.3709572D+04  0.0000000D+00
  0.4685030D+03 -0.8479120D+03  0.7597326D+03  0.0000000D+00
  0.5456959D+02  0.2296713D+04  0.3764710D+03  0.0000000D+00
  0.3248540D+04 -0.5982730D+04 -0.1244909D+03  0.0000000D+00
 -0.1913114D+04 -0.3507460D+04  0.2780521D+04  0.0000000D+00
 -0.7171400D+04  0.1010835D+05  0.4069039D+04  0.0000000D+00
 -0.1303502D+04  0.4227734D+04 -0.2234986D+04  0.0000000D+00
  0.2604679D+04  0.3160693D+03 -0.6436709D+04  0.0000000D+00
  0.4559175D+04 -0.1640710D+04 -0.8537675D+04  0.0000000D+00
  0.6187938D+04 -0.2129612D+04 -0.5160991D+04  0.0000000D+00
  0.1515191D+05 -0.1359598D+03 -0.2649814D+03  0.0000000D+00
  0.1040293D+05 -0.1563430D+03 -0.2072875D+04  0.0000000D+00
  0.1213693D+05  0.1110907D+04 -0.7998657D+02  0.0000000D+00
  0.5496378D+04  0.3713398D+03 -0.1141989D+04  0.0000000D+00
  0.5953849D+04  0.3551054D+04 -0.1496562D+04  0.0000000D+00
  0.2304218D+05 -0.2456846D+04 -0.3692791D+04  0.0000000D+00
 -0.2108725D+05  0.7785951D+03  0.7511004D+04  0.0000000D+00
 -0.1231749D+05 -0.1507043D+04  0.1198173D+03  0.0000000D+00
 -0.6488453D+04 -0.3028715D+04 -0.4810228D+04  0.0000000D+00
 -0.3572044D+04 -0.3789777D+04 -0.7274971D+04  0.0000000D+00
  0.1917971D+05 -0.8037257D+04  0.3927783D+04  0.0000000D+00
 -0.9810748D+04 -0.1041592D+04 -0.3249479D+04  0.0000000D+00
 -0.3277203D+03 -0.1845133D+04  0.1131387D+04  0.0000000D+00
 -0.1093016D+05  0.1926866D+04 -0.2386841D+03  0.0000000D+00
  0.6088038D+04 -0.2603568D+04  0.8790792D+03  0.0000000D+00
 -0.1216130D+05  0.3883133D+04  0.1540718D+04  0.0000000D+00
  0.7951435D+04 -0.6665679D+04  0.6779760D+04  0.0000000D+00
  0.3193525D+05 -0.1788760D+04 -0.2184855D+04  0.0000000D+00
  0.1894916D+05  0.1885210D+04 -0.1292441D+04  0.0000000D+00
  0.1029907D+05  0.4339945D+04 -0.6897250D+03  0.0000000D+00
  0.5973235D+04  0.5566727D+04 -0.3892076D+03  0.0000000D+00
 -0.2235781D+05  0.1330816D+05 -0.4289325D+04  0.0000000D+00
  0.5748221D+04  0.5660851D+04  0.2117224D+04  0.0000000D+00
 -0.7296194D+04  0.5407938D+04 -0.1786968D+04  0.0000000D+00
  0.1952645D+04 -0.1418497D+04  0.1526289D+03  0.0000000D+00
 -0.5854158D+04 -0.9971155D+03  0.1210845D+04  0.0000000D+00
 -0.7395115D+04  0.2097528D+04  0.2025242D+03  0.0000000D+00
  0.3013729D+04 -0.1060053D+05  0.4899052D+04  0.0000000D+00
 -0.1021552D+05  0.1314709D+05 -0.1610556D+04  0.0000000D+00
  0.4838824D+04  0.3061997D+04 -0.4303244D+04  0.0000000D+00
  0.1486165D+05 -0.3675794D+04 -0.6092860D+04  0.0000000D+00
  0.1987451D+05 -0.7043133D+04 -0.6988264D+04  0.0000000D+00
  0.2056215D+05  0.3260274D+04 -0.5414595D+04  0.0000000D+00
 -0.6592558D+04  0.8107439D+02  0.1593739D+04  0.0000000D+00
  0.4250743D+04 -0.9279065D+03 -0.1747735D+04  0.0000000D+00
 -0.4900339D+04 -0.2520553D+04  0.3736430D+03  0.0000000D+00
  0.6629794D+04  0.4692105D+04 -0.1267164D+04  0.0000000D+00
 -0.2583182D+04 -0.3707325D+04 -0.3395430D+03  0.0000000D+00
  0.1486473D+05  0.1135328D+04 -0.2988583D+04  0.0000000D+00
  0.3535097D+03 -0.7590928D+04  0.1883369D+04  0.0000000D+00
  0.1502980D+04 -0.3732982D+04  0.3739252D+04  0.0000000D+00
  0.2274690D+04 -0.1148097D+04  0.4972145D+04  0.0000000D+00
  0.2659962D+04  0.1429482D+03  0.5589063D+04  0.0000000D+00
 -0.1550013D+05  0.1371357D+03 -0.1744464D+04  0.0000000D+00
  0.3881915D+04 -0.1037093D+04  0.1054528D+04  0.0000000D+00
 -0.7367705D+04 -0.3781956D+02 -0.1348006D+04  0.0000000D+00
 -0.3339820D+04 -0.5880033D+03 -0.9451753D+03  0.0000000D+00
 -0.8223723D+04 -0.3135526D+04  0.8708172D+03  0.0000000D+00
  0.4165717D+04  0.5729793D+03  0.9547257D+03  0.0000000D+00
  0.7809858D+04 -0.1091693D+04  0.5797574D+03  0.0000000D+00
  0.1672846D+05  0.3169561D+04 -0.2031000D+04  0.0000000D+00
  0.2440888D+04  0.2845716D+04  0.1495780D+04  0.0000000D+00
 -0.7076595D+04  0.2635091D+04  0.3849959D+04  0.0000000D+00
 -0.1183615D+05  0.2529208D+04  0.5026725D+04  0.0000000D+00
 -0.1939291D+05  0.5509799D+04  0.5946771D+04  0.0000000D+00
  0.5483774D+04 -0.3678664D+04 -0.2098705D+04  0.0000000D+00
 -0.6554470D+04  0.2086027D+04  0.1825897D+04  0.0000000D+00
  0.4359577D+03  0.1208120D+03 -0.7143033D+03  0.0000000D+00
 -0.6219132D+04  0.7830696D+03  0.2151742D+03  0.0000000D+00
  0.2673646D+04 -0.9222713D+03 -0.9280312D+03  0.0000000D+00
 -0.6236647D+03 -0.1153160D+04  0.1561179D+04  0.0000000D+00
 -0.6983508D+04 -0.1582990D+03 -0.3588410D+04  0.0000000D+00
 -0.2987465D+04 -0.1262404D+04 -0.2191735D+04  0.0000000D+00
 -0.3469524D+03 -0.2001665D+04 -0.1257102D+04  0.0000000D+00
  0.9758477D+03 -0.2370950D+04 -0.7901653D+03  0.0000000D+00
  0.2710481D+04  0.3985706D+04  0.4435830D+03  0.0000000D+00
  0.1896591D+04 -0.1276344D+04  0.6508637D+03  0.0000000D+00
  0.7359915D+03  0.1133710D+04 -0.8831633D+03  0.0000000D+00
 -0.4236893D+03 -0.6113824D+03 -0.1541562D+04  0.0000000D+00
  0.1309052D+04 -0.3377679D+02  0.4992581D+03  0.0000000D+00
 -0.3130778D+04  0.1684803D+01 -0.1778660D+04  0.0000000D+00
  0.7746618D+04  0.2635093D+04  0.1221239D+04  0.0000000D+00
  0.1115517D+05 -0.6678901D+04 -0.2641500D+04  0.0000000D+00
  0.1365291D+03 -0.4519583D+04  0.1035099D+03  0.0000000D+00
 -0.7211794D+04 -0.3073690D+04  0.1938582D+04  0.0000000D+00
 -0.1088568D+05 -0.2351429D+04  0.2855570D+04  0.0000000D+00
  0.4818487D+04 -0.3501801D+04  0.2900283D+04  0.0000000D+00
 -0.5225030D+03  0.1796198D+04 -0.5968324D+03  0.0000000D+00
  0.1466840D+04 -0.2081693D+03  0.1080651D+04  0.0000000D+00
 -0.7366752D+03  0.1141400D+04 -0.1137852D+03  0.0000000D+00
 -0.2535691D+02 -0.3149472D+04  0.3283885D+03  0.0000000D+00
 -0.3912396D+04  0.1360627D+04 -0.3424632D+02  0.0000000D+00
 -0.5312920D+04 -0.6869496D+04 -0.1764528D+03  0.0000000D+00
 -0.8338535D+04  0.1040671D+04  0.2027704D+04  0.0000000D+00
  0.5746388D+03  0.1521282D+04  0.2685485D+03  0.0000000D+00
  0.6514478D+04  0.1839686D+04 -0.9049465D+03  0.0000000D+00
  0.9484645D+04  0.1999105D+04 -0.1491616D+04  0.0000000D+00
  0.2045047D+04  0.4413850D+03  0.4888925D+02  0.0000000D+00
 -0.2432863D+04 -0.3502419D+03  0.1889357D+02  0.0000000D+00
  0.3687460D+02  0.9121812D+03 -0.4032051D+03  0.0000000D+00
 -0.4721540D+03  0.6485121D+03 -0.6971090D+03  0.0000000D+00
  0.9141743D+03 -0.1575993D+04  0.3158496D+03  0.0000000D+00
 -0.5200589D+04  0.4053383D+04  0.1539682D+03  0.0000000D+00
  0.1066770D+05 -0.3779076D+04 -0.2528092D+03  0.0000000D+00
 -0.5191276D+04 -0.3125192D+03  0.3247584D+04  0.0000000D+00
 -0.1461170D+03  0.5440763D+03 -0.7575211D+03  0.0000000D+00
  0.3223446D+04  0.1110802D+04 -0.3430324D+04  0.0000000D+00
  0.4907566D+04  0.1394635D+04 -0.4766430D+04  0.0000000D+00
  0.3910374D+04  0.1251305D+05  0.6506174D+03  0.0000000D+00
 -0.1128898D+05 -0.1375526D+03 -0.4768117D+03  0.0000000D+00
 -0.6021603D+04  0.7279897D+04  0.4692378D+03  0.0000000D+00
 -0.9542009D+04  0.4288690D+04  0.1586153D+03  0.0000000D+00
  0.2102768D+04  0.4875292D+04 -0.5360118D+03  0.0000000D+00
 -0.2520281D+05  0.1572276D+04  0.2263303D+04  0.0000000D+00
  0.2483722D+05  0.2743835D+03  0.9724464D+03  0.0000000D+00
 -0.9402324D+04 -0.3215030D+04  0.5845504D+04  0.0000000D+00
 -0.5841722D+04 -0.3842795D+04  0.7087760D+02  0.0000000D+00
 -0.3464711D+04 -0.4254158D+04 -0.3779198D+04  0.0000000D+00
 -0.2276559D+04 -0.4460613D+04 -0.5704201D+04  0.0000000D+00
 -0.2106767D+04 -0.2549877D+04  0.8299148D+03  0.0000000D+00
 -0.1127266D+05 -0.7331014D+03 -0.2230205D+04  0.0000000D+00
 -0.2556980D+04 -0.9986495D+03 -0.1057143D+04  0.0000000D+00
  0.2091747D+03 -0.4190289D+03 -0.1759030D+04  0.0000000D+00
  0.8450074D+04 -0.3704162D+04 -0.2950769D+02  0.0000000D+00
  0.3546449D+04 -0.1822516D+04 -0.4893634D+04  0.0000000D+00
  0.4287355D+05 -0.4685048D+04  0.8487839D+03  0.0000000D+00
 -0.2991084D+05 -0.2053363D+04  0.3113620D+04  0.0000000D+00
 -0.2267978D+05 -0.3987722D+04  0.9543602D+04  0.0000000D+00
 -0.1786203D+05 -0.5274984D+04  0.1383711D+05  0.0000000D+00
 -0.1545284D+05 -0.5918865D+04  0.1598313D+05  0.0000000D+00
  0.1053073D+05  0.1804431D+05  0.4048547D+04  0.0000000D+00
 -0.4135307D+04 -0.4510894D+03 -0.1678246D+04  0.0000000D+00
  0.2196584D+03  0.7400025D+04  0.7755437D+03  0.0000000D+00
 -0.6108434D+04  0.9320021D+03 -0.1188964D+04  0.0000000D+00
 -0.9903482D+03  0.3975767D+04  0.3444123D+03  0.0000000D+00
 -0.1195874D+05 -0.4295481D+04 -0.2268834D+03  0.0000000D+00
  0.1668844D+05  0.3655247D+04  0.1075990D+04  0.0000000D+00
 -0.9275847D+04 -0.8133588D+04  0.2537217D+04  0.0000000D+00
 -0.9273425D+04 -0.4234729D+04  0.7287100D+04  0.0000000D+00
 -0.9290383D+04 -0.1626455D+04  0.1045827D+05  0.0000000D+00
 -0.9296854D+04 -0.3232949D+03  0.1204336D+05  0.0000000D+00
 -0.1666452D+05  0.9114004D+04 -0.1715035D+04  0.0000000D+00
  0.1574805D+04 -0.4062393D+04  0.1287446D+04  0.0000000D+00
 -0.8668694D+04  0.1484655D+04 -0.5723919D+03  0.0000000D+00
 -0.3754020D+04 -0.1844035D+04 -0.2402758D+03  0.0000000D+00
 -0.1653328D+04  0.5902085D+04 -0.7987114D+03  0.0000000D+00
  0.7008023D+04 -0.5677475D+04  0.2139737D+04  0.0000000D+00
 -0.8058711D+04  0.6655277D+04 -0.2521522D+04  0.0000000D+00
 -0.2805933D+05 -0.1790173D+05  0.3808315D+04  0.0000000D+00
 -0.1259092D+05 -0.6223231D+04  0.7015136D+03  0.0000000D+00
 -0.2289948D+04  0.1570811D+04 -0.1374623D+04  0.0000000D+00
  0.2861762D+04  0.5466927D+04 -0.2412158D+04  0.0000000D+00
  0.2675936D+05  0.7238775D+04  0.3501361D+04  0.0000000D+00
 -0.7147178D+04  0.4725269D+03 -0.1172495D+04  0.0000000D+00
  0.8779035D+04 -0.4615803D+03  0.2807249D+03  0.0000000D+00
 -0.2189657D+04 -0.5322162D+04 -0.1359594D+04  0.0000000D+00
  0.3683778D+04  0.4434808D+02  0.9243519D+03  0.0000000D+00
 -0.5789841D+04 -0.5548201D+04 -0.2962542D+04  0.0000000D+00
  0.5193979D+04  0.4813484D+04  0.5244532D+04  0.0000000D+00
  0.9242620D+04  0.2038551D+04 -0.2258364D+04  0.0000000D+00
  0.9905728D+04  0.5087613D+03 -0.3874031D+04  0.0000000D+00
  0.1035307D+05 -0.5041391D+03 -0.4944849D+04  0.0000000D+00
  0.1057618D+05 -0.1011342D+04 -0.5480939D+04  0.0000000D+00
  0.1395693D+05 -0.1332248D+05  0.4092582D+03  0.0000000D+00
  0.1090489D+04  0.5274949D+04 -0.4312942D+03  0.0000000D+00
  0.2203080D+04 -0.4843852D+04 -0.1596194D+03  0.0000000D+00
 -0.4685558D+04  0.1090292D+03 -0.5593538D+03  0.0000000D+00
  0.3652842D+04 -0.1508904D+04 -0.1056340D+03  0.0000000D+00
 -0.1232701D+05  0.2870176D+04  0.3126149D+03  0.0000000D+00
  0.9605467D+04 -0.9732338D+03 -0.1944321D+04  0.0000000D+00
 -0.1190422D+05 -0.1654632D+04 -0.1867987D+04  0.0000000D+00
 -0.6701379D+04  0.7258709D+03 -0.3066831D+04  0.0000000D+00
 -0.3234681D+04  0.2302124D+04 -0.3866576D+04  0.0000000D+00
 -0.1501130D+04  0.3091414D+04 -0.4266392D+04  0.0000000D+00
  0.1541681D+05 -0.7479172D+04 -0.4631304D+04  0.0000000D+00
 -0.1215071D+04  0.1880013D+04  0.1817951D+04  0.0000000D+00
  0.5391459D+04 -0.2364564D+04 -0.1276353D+04  0.0000000D+00
 -0.1854049D+04  0.1371633D+04  0.6552501D+03  0.0000000D+00
 -0.3359597D+04  0.8690190D+03 -0.2585443D+03  0.0000000D+00
 -0.6668325D+03 -0.3738124D+04  0.1928115D+04  0.0000000D+00
  0.2839354D+05 -0.2796333D+04 -0.4367794D+04  0.0000000D+00
 -0.1227267D+05  0.9470330D+03  0.4410157D+04  0.0000000D+00
 -0.7878135D+04 -0.1201160D+04  0.3043227D+04  0.0000000D+00
 -0.4952939D+04 -0.2631831D+04  0.2128614D+04  0.0000000D+00
 -0.3489854D+04 -0.3347325D+04  0.1671667D+04  0.0000000D+00
  0.9113916D+03 -0.7177505D+04 -0.2405312D+04  0.0000000D+00
 -0.1326288D+04  0.3173444D+04  0.9549908D+03  0.0000000D+00
  0.2126137D+04 -0.3022876D+04 -0.9595384D+03  0.0000000D+00
  0.2292834D+04 -0.9135922D+03 -0.6644624D+02  0.0000000D+00
 -0.1877585D+04 -0.2247646D+04  0.5838859D+02  0.0000000D+00
  0.4186669D+04  0.3256327D+04  0.3833715D+03  0.0000000D+00
 -0.7566942D+04 -0.2283668D+04 -0.4576814D+03  0.0000000D+00
  0.8858774D+04 -0.1740542D+04  0.1239199D+04  0.0000000D+00
 -0.4410500D+04 -0.1360027D+04  0.2752531D+02  0.0000000D+00
 -0.1325954D+05 -0.1106002D+04 -0.7825028D+03  0.0000000D+00
 -0.1768375D+05 -0.9790268D+03 -0.1187274D+04  0.0000000D+00
  0.1102139D+05  0.1129173D+05 -0.8783293D+03  0.0000000D+00
 -0.5492649D+04 -0.3189741D+04  0.3931381D+03  0.0000000D+00
  0.3073654D+04  0.2663478D+04 -0.9692259D+03  0.0000000D+00
 -0.1821397D+04 -0.2618318D+04 -0.6119281D+03  0.0000000D+00
 -0.2194369D+04  0.2707889D+04  0.1153177D+04  0.0000000D+00
 -0.7120064D+04  0.6861088D+03 -0.1832575D+04  0.0000000D+00
  0.2455049D+05 -0.1054342D+04  0.2204754D+04  0.0000000D+00
 -0.2685167D+05 -0.5002226D+04 -0.2329188D+04  0.0000000D+00
 -0.6423127D+04 -0.3448926D+04 -0.1248413D+04  0.0000000D+00
  0.7185691D+04 -0.2414882D+04 -0.5218182D+03  0.0000000D+00
  0.1399121D+05 -0.1897699D+04 -0.1591781D+03  0.0000000D+00
  0.7238764D+04 -0.3586595D+04  0.2119969D+04  0.0000000D+00
 -0.1015971D+05  0.2778631D+04  0.3473534D+03  0.0000000D+00
 -0.8058473D+03 -0.1738607D+04  0.5488747D+03  0.0000000D+00
 -0.4113052D+04 -0.5599244D+03 -0.5250940D+03  0.0000000D+00
  0.4057423D+04 -0.4608616D+03  0.8567428D+02  0.0000000D+00
 -0.5499689D+04 -0.8842661D+03 -0.5396400D+03  0.0000000D+00
  0.9334907D+04  0.2467984D+04  0.3225613D+03  0.0000000D+00
  0.6435942D+04  0.2489888D+04  0.7986861D+03  0.0000000D+00
  0.5946115D+04  0.1445262D+04 -0.1966056D+04  0.0000000D+00
  0.5627213D+04  0.7568896D+03 -0.3808115D+04  0.0000000D+00
  0.5466935D+04  0.4118331D+03 -0.4729263D+04  0.0000000D+00
  0.1612145D+05  0.1058245D+05  0.5968580D+03  0.0000000D+00
 -0.2122267D+04 -0.4177260D+04  0.2370612D+03  0.0000000D+00
  0.6089945D+04  0.2410811D+04 -0.3640549D+02  0.0000000D+00
 -0.1865496D+03 -0.2404959D+04 -0.3871715D+03  0.0000000D+00
  0.3697951D+04  0.2146504D+04  0.1141724D+03  0.0000000D+00
  0.3096281D+04  0.1645719D+04 -0.1486124D+04  0.0000000D+00
  0.1185043D+05 -0.2622338D+04  0.1271103D+04  0.0000000D+00
 -0.1375719D+05 -0.4441098D+04  0.3728386D+04  0.0000000D+00
 -0.1251692D+05 -0.8406247D+04  0.4714104D+04  0.0000000D+00
 -0.1169253D+05 -0.1103622D+05  0.5371697D+04  0.0000000D+00
 -0.1128007D+05 -0.1235267D+05  0.5700445D+04  0.0000000D+00
 -0.7915057D+04 -0.7518138D+04  0.4212243D+04  0.0000000D+00
  0.2271292D+04  0.2984283D+04 -0.1431717D+04  0.0000000D+00
 -0.4145091D+03 -0.4016437D+04  0.9424114D+03  0.0000000D+00
  0.3272982D+04 -0.1167204D+04 -0.8685949D+03  0.0000000D+00
 -0.4727975D+04  0.8613654D+03  0.9855821D+03  0.0000000D+00
  0.5301919D+04 -0.3619432D+04 -0.1324606D+04  0.0000000D+00
 -0.7619885D+04  0.2052811D+04  0.7693652D+03  0.0000000D+00
  0.1776762D+05 -0.5590819D+04 -0.5705031D+03  0.0000000D+00
  0.3571673D+04  0.1572796D+03  0.2402367D+04  0.0000000D+00
 -0.5892804D+04  0.4002518D+04  0.4389861D+04  0.0000000D+00
 -0.1062499D+05  0.5923712D+04  0.5383004D+04  0.0000000D+00
 -0.7410970D+03  0.1898049D+04 -0.6585128D+03  0.0000000D+00
  0.1537289D+04 -0.1617047D+04  0.2408204D+03  0.0000000D+00
  0.5005889D+03  0.2047081D+04 -0.1237084D+03  0.0000000D+00
  0.1560922D+04  0.1652053D+04  0.1903590D+03  0.0000000D+00
  0.1339189D+04 -0.2270664D+04  0.1002784D+03  0.0000000D+00
 -0.7260218D+03  0.1851052D+04  0.1175552D+04  0.0000000D+00
  0.7875753D+04 -0.3156186D+04 -0.1611680D+03  0.0000000D+00
 -0.2272709D+05 -0.1141485D+04 -0.5656269D+03  0.0000000D+00
 -0.1144532D+05  0.2469310D+04  0.2037688D+04  0.0000000D+00
 -0.3927153D+04  0.4874537D+04  0.3773353D+04  0.0000000D+00
 -0.1677449D+03  0.6077363D+04  0.4641172D+04  0.0000000D+00
 -0.8681445D+04 -0.9632267D+03  0.2633884D+04  0.0000000D+00
  0.1613618D+04  0.6095830D+03 -0.8164243D+03  0.0000000D+00
 -0.2679043D+04  0.6589227D+03  0.9259356D+03  0.0000000D+00
  0.1147144D+04  0.1505429D+04  0.8145242D+02  0.0000000D+00
 -0.8905219D+03 -0.5263690D+03  0.9861605D+03  0.0000000D+00
  0.2746433D+04  0.1973762D+04 -0.1819916D+04  0.0000000D+00
  0.4691423D+04 -0.2942718D+04  0.1186981D+04  0.0000000D+00
 -0.1383976D+05 -0.5216210D+03  0.1226536D+04  0.0000000D+00
 -0.6714846D+03 -0.5229308D+03 -0.1435364D+04  0.0000000D+00
  0.8103689D+04 -0.5205345D+03 -0.3208737D+04  0.0000000D+00
  0.1249167D+05 -0.5196899D+03 -0.4095556D+04  0.0000000D+00
  0.1166423D+05 -0.3682392D+04 -0.5100811D+02  0.0000000D+00
 -0.3058484D+04  0.2308196D+04 -0.2946491D+03  0.0000000D+00
  0.3925576D+04 -0.1787931D+04  0.2312069D+03  0.0000000D+00
 -0.5060874D+03 -0.7293730D+03  0.4149691D+03  0.0000000D+00
  0.2795605D+04 -0.6059800D+03  0.9071856D+02  0.0000000D+00
 -0.2543932D+04 -0.8723352D+03  0.4890609D+03  0.0000000D+00
  0.3346592D+04 -0.1683599D+04 -0.4299278D+03  0.0000000D+00
  0.1444643D+04 -0.1943498D+04 -0.2404027D+04  0.0000000D+00
  0.3545184D+04 -0.1160174D+04 -0.2506446D+04  0.0000000D+00
  0.4951922D+04 -0.6391920D+03 -0.2576101D+04  0.0000000D+00
  0.5654601D+04 -0.3785676D+03 -0.2610780D+04  0.0000000D+00
 -0.4999638D+04 -0.4716584D+04  0.1053530D+03  0.0000000D+00
  0.2605158D+04  0.9358185D+03 -0.5588709D+03  0.0000000D+00
 -0.1829428D+04 -0.1124413D+04  0.6215562D+03  0.0000000D+00
  0.1887632D+03  0.4477586D+03  0.7094247D+03  0.0000000D+00
 -0.6115488D+03 -0.2499363D+04 -0.5611377D+03  0.0000000D+00
 -0.2111398D+04  0.4076683D+04  0.2308059D+04  0.0000000D+00
  0.4071110D+04 -0.4568123D+04 -0.2381272D+04  0.0000000D+00
 -0.1670108D+04  0.6754212D+04  0.2086550D+04  0.0000000D+00
 -0.3408921D+04  0.2683231D+04  0.2713125D+04  0.0000000D+00
 -0.4569889D+04 -0.4025515D+02  0.3127522D+04  0.0000000D+00
 -0.5150183D+04 -0.1400971D+04  0.3335079D+04  0.0000000D+00
  0.8846678D+04  0.8431764D+04 -0.1835333D+04  0.0000000D+00
 -0.2541827D+04 -0.2438803D+04  0.4458419D+03  0.0000000D+00
  0.9658525D+03  0.1756978D+04 -0.2075687D+03  0.0000000D+00
 -0.3363621D+04 -0.1788568D+04  0.7219272D+03  0.0000000D+00
  0.2235769D+04  0.2866332D+04 -0.3679950D+03  0.0000000D+00
 -0.4942900D+04 -0.3569439D+04  0.8183188D+03  0.0000000D+00
  0.9789563D+04  0.1890509D+04 -0.5070220D+03  0.0000000D+00
 -0.1287423D+03 -0.4697241D+04  0.1646441D+04  0.0000000D+00
 -0.3753348D+04 -0.1496914D+04  0.6545067D+03  0.0000000D+00
 -0.6162066D+04  0.6470349D+03 -0.9205677D+01  0.0000000D+00
 -0.7367257D+04  0.1717885D+04 -0.3407999D+03  0.0000000D+00
 -0.2309568D+04 -0.2537481D+04  0.3190883D+04  0.0000000D+00
  0.7761759D+03  0.7711425D+03 -0.8209670D+03  0.0000000D+00
 -0.1131170D+04 -0.7343251D+03  0.9677083D+03  0.0000000D+00
 -0.2915198D+03  0.4019139D+03 -0.3801156D+03  0.0000000D+00
 -0.1853881D+03 -0.3668563D+03  0.1752264D+03  0.0000000D+00
  0.9208854D+02  0.3589715D+02 -0.8553280D+03  0.0000000D+00
  0.5380321D+04 -0.1858167D+04  0.1413176D+04  0.0000000D+00
  0.4089517D+04 -0.2385168D+03 -0.3475548D+04  0.0000000D+00
  0.2528555D+04  0.1600869D+04 -0.1100493D+04  0.0000000D+00
  0.1490615D+04  0.2829329D+04  0.4856783D+03  0.0000000D+00
  0.9713524D+03  0.3443321D+04  0.1278461D+04  0.0000000D+00
  0.1608560D+05 -0.5199914D+04  0.6662056D+03  0.0000000D+00
  0.3248138D+04  0.1377210D+04 -0.7583984D+03  0.0000000D+00
  0.6803212D+04 -0.2604779D+03 -0.1736177D+03  0.0000000D+00
  0.6011456D+03  0.2118966D+04 -0.5692122D+03  0.0000000D+00
  0.3404318D+04 -0.2490497D+04  0.2465867D+03  0.0000000D+00
 -0.2362463D+03  0.3831958D+04 -0.1732894D+03  0.0000000D+00
 -0.7064920D+03 -0.1042955D+05  0.1789580D+04  0.0000000D+00
 -0.2917767D+04  0.6135224D+04 -0.1225045D+04  0.0000000D+00
 -0.3262221D+04  0.7375363D+03  0.2116696D+04  0.0000000D+00
 -0.3481908D+04 -0.2868570D+04  0.4345895D+04  0.0000000D+00
 -0.3592828D+04 -0.4670797D+04  0.5460347D+04  0.0000000D+00
  0.9794390D+04  0.5947899D+04 -0.5188879D+03  0.0000000D+00
  0.1629315D+04 -0.3292377D+04 -0.2072503D+03  0.0000000D+00
  0.2631057D+04  0.2380626D+04 -0.4906373D+03  0.0000000D+00
 -0.2272700D+04  0.4264363D+03 -0.5438668D+03  0.0000000D+00
  0.8628973D+03  0.1495256D+04 -0.3834455D+03  0.0000000D+00
  0.1522784D+04  0.1171696D+04  0.5174429D+01  0.0000000D+00
  0.7302022D+04 -0.2743182D+04 -0.3131573D+04  0.0000000D+00
  0.5365937D+04 -0.2152882D+04 -0.2681856D+03  0.0000000D+00
  0.7488442D+04 -0.2700910D+04  0.4523688D+03  0.0000000D+00
  0.8910609D+04 -0.3059583D+04  0.9320227D+03  0.0000000D+00
  0.9620918D+04 -0.3239641D+04  0.1171927D+04  0.0000000D+00
 -0.1645353D+03 -0.1020273D+05 -0.1577209D+04  0.0000000D+00
  0.6666849D+04  0.4792371D+04  0.9791185D+03  0.0000000D+00
  0.9659072D+03 -0.3304520D+04 -0.5624666D+03  0.0000000D+00
  0.1519284D+04  0.6689818D+03 -0.2730097D+02  0.0000000D+00
  0.8845813D+03 -0.1334145D+04 -0.4394578D+02  0.0000000D+00
  0.4354639D+04  0.3734930D+03 -0.2480014D+03  0.0000000D+00
  0.2610178D+05 -0.3716358D+04 -0.1581868D+04  0.0000000D+00
  0.5284726D+04  0.4765789D+04  0.4115043D+04  0.0000000D+00
 -0.1594456D+04 -0.4312653D+04 -0.1810283D+03  0.0000000D+00
 -0.6166379D+04 -0.1037340D+05 -0.3049530D+04  0.0000000D+00
 -0.8453876D+04 -0.1340286D+05 -0.4483299D+04  0.0000000D+00
  0.7720341D+04  0.2089024D+04 -0.2340394D+03  0.0000000D+00
 -0.1838849D+04 -0.1311862D+04 -0.8542363D+03  0.0000000D+00
  0.3845934D+04  0.4485206D+03 -0.1967368D+03  0.0000000D+00
  0.2126762D+04 -0.7858618D+03 -0.5089284D+01  0.0000000D+00
  0.4114953D+04 -0.1737116D+04  0.5141022D+02  0.0000000D+00
 -0.1748536D+04  0.3224696D+03 -0.2312991D+03  0.0000000D+00
  0.1292572D+04 -0.1875510D+04  0.1158774D+04  0.0000000D+00
 -0.4139355D+04 -0.6615532D+04 -0.7080625D+03  0.0000000D+00
 -0.4917540D+04 -0.2504233D+04  0.8569505D+03  0.0000000D+00
 -0.5429892D+04  0.2443686D+03  0.1903070D+04  0.0000000D+00
 -0.5686764D+04  0.1617833D+04  0.2425830D+04  0.0000000D+00
  0.6023710D+04  0.2993745D+04  0.1774547D+04  0.0000000D+00
  0.1386969D+04  0.4118298D+03  0.3309430D+03  0.0000000D+00
 -0.3343622D+03  0.1540097D+04  0.1141443D+03  0.0000000D+00
 -0.3862858D+04  0.7222867D+03 -0.7219319D+03  0.0000000D+00
  0.2833833D+04  0.1114169D+04  0.1154682D+04  0.0000000D+00
 -0.7615098D+04 -0.1278757D+04 -0.8226157D+03  0.0000000D+00
  0.1009373D+04  0.5389753D+04  0.1973164D+04  0.0000000D+00
  0.5274611D+04  0.6927556D+04 -0.2197190D+04  0.0000000D+00
  0.3967813D+04  0.4108737D+04  0.5655648D+03  0.0000000D+00
  0.3101397D+04  0.2228269D+04  0.2411517D+04  0.0000000D+00
  0.2667671D+04  0.1288170D+04  0.3334047D+04  0.0000000D+00
 -0.1313156D+04  0.1215660D+04 -0.2285874D+04  0.0000000D+00
  0.8956208D+02 -0.9697895D+03  0.1037232D+04  0.0000000D+00
 -0.1400191D+04  0.6054657D+03 -0.5163191D+03  0.0000000D+00
 -0.1146210D+04  0.2960182D+03  0.4089301D+03  0.0000000D+00
  0.5387331D+02  0.1174485D+04 -0.6173322D+03  0.0000000D+00
 -0.3396058D+04  0.2348975D+04  0.5703437D+03  0.0000000D+00
  0.1460959D+04 -0.1845004D+04 -0.1321858D+04  0.0000000D+00
 -0.6659602D+04 -0.1371978D+04  0.3204869D+04  0.0000000D+00
 -0.2047280D+04 -0.6195888D+03 -0.2246764D+03  0.0000000D+00
  0.1031326D+04 -0.1206922D+03 -0.2514307D+04  0.0000000D+00
  0.2570226D+04  0.1290477D+03 -0.3658770D+04  0.0000000D+00
 -0.1036984D+05  0.4335457D+03 -0.6790286D+04  0.0000000D+00
  0.1165482D+04 -0.7814480D+03  0.1850885D+04  0.0000000D+00
 -0.3778304D+04 -0.1397189D+04 -0.2209567D+04  0.0000000D+00
  0.6272812D+03 -0.2418842D+04  0.4560015D+03  0.0000000D+00
 -0.1529161D+04  0.2721565D+03 -0.1034241D+04  0.0000000D+00
  0.4246209D+03  0.9812415D+03  0.1966538D+04  0.0000000D+00
 -0.4107260D+04 -0.2854141D+04 -0.2876308D+04  0.0000000D+00
 -0.6447352D+04 -0.3524468D+04  0.3478514D+04  0.0000000D+00
 -0.3016880D+04 -0.4064595D+04 -0.3029795D+03  0.0000000D+00
 -0.7185887D+03 -0.4417088D+04 -0.2828840D+04  0.0000000D+00
  0.4293338D+03 -0.4594156D+04 -0.4091245D+04  0.0000000D+00
 -0.7709028D+04 -0.4583728D+04  0.2262814D+04  0.0000000D+00
  0.2872030D+04  0.1650061D+04 -0.6744064D+03  0.0000000D+00
 -0.2265297D+04 -0.3923007D+03  0.8487445D+03  0.0000000D+00
  0.7673111D+03  0.1859453D+04 -0.7802175D+02  0.0000000D+00
 -0.1094082D+04 -0.2243718D+04 -0.2165548D+03  0.0000000D+00
  0.5359410D+04  0.3804164D+03 -0.4191349D+03  0.0000000D+00
 -0.2194129D+04 -0.2361172D+04  0.4055097D+01  0.0000000D+00
 -0.3763459D+04  0.1279444D+04 -0.1682783D+04  0.0000000D+00
 -0.2081979D+04  0.2222789D+04  0.4459196D+02  0.0000000D+00
 -0.9650841D+03  0.2850163D+04  0.1198188D+04  0.0000000D+00
 -0.4061939D+03  0.3164015D+04  0.1774768D+04  0.0000000D+00
 -0.9596814D+04 -0.3604728D+04  0.1487471D+04  0.0000000D+00
  0.3400455D+04  0.1960786D+04 -0.2562628D+03  0.0000000D+00
 -0.3522685D+04 -0.9031523D+03  0.1975215D+03  0.0000000D+00
  0.5958886D+02  0.8740802D+03 -0.6063483D+03  0.0000000D+00
 -0.2064257D+04  0.5151762D+03  0.2250717D+03  0.0000000D+00
  0.2956645D+04 -0.5370966D+03 -0.3373972D+02  0.0000000D+00
  0.6210491D+04  0.1629432D+04  0.3233239D+02  0.0000000D+00
  0.2217189D+03 -0.2171726D+04 -0.6736285D+03  0.0000000D+00
  0.5234064D+03  0.2690625D+03  0.8968880D+02  0.0000000D+00
  0.7261320D+03  0.1891686D+04  0.5997675D+03  0.0000000D+00
  0.8273218D+03  0.2703492D+04  0.8546770D+03  0.0000000D+00
