  3  2   693  6336  4  4  9 11  7  1    0.00   24.00  228.50  589.30    0.00    6.28   45.00   45.00
  200.0  200.0  200.0  200.0  250.0  300.0  350.0  400.0  450.0  500.0  550.0  600.0  600.0  600.0  600.0
  0.2572327D+05  0.1679289D+05 -0.2487445D+04  0.0000000D+00
  0.8145950D+05  0.7578310D+04 -0.3187180D+04  0.0000000D+00
  0.6529946D+05 -0.9086259D+03 -0.1745385D+04  0.0000000D+00
  0.9623117D+05 -0.1591421D+05 -0.4562542D+02  0.0000000D+00
  0.1119365D+06 -0.2260998D+05  0.4059700D+04  0.0000000D+00
  0.1192273D+06 -0.2857758D+05  0.1435876D+04  0.0000000D+00
  0.8438992D+05 -0.2936924D+04 -0.8574320D+03  0.0000000D+00
  0.1220778D+06 -0.2427316D+05 -0.1099969D+05  0.0000000D+00
  0.1375090D+06 -0.9547085D+04 -0.1560071D+05  0.0000000D+00
  0.1477632D+06  0.3002534D+03 -0.1865858D+05  0.0000000D+00
  0.1528939D+06  0.5220684D+04 -0.2018854D+05  0.0000000D+00
  0.4113073D+05  0.6315308D+05 -0.1482657D+05  0.0000000D+00
 -0.2525380D+05  0.9927972D+03  0.4284089D+04  0.0000000D+00
 -0.2499004D+05  0.4105039D+05 -0.2909084D+04  0.0000000D+00
 -0.8078175D+05  0.3003028D+05  0.3688987D+04  0.0000000D+00
 -0.1065997D+06  0.4375017D+05 -0.6035134D+04  0.0000000D+00
 -0.1128207D+06  0.2749186D+05 -0.3730567D+03  0.0000000D+00
 -0.6196143D+05  0.3045427D+04 -0.4408640D+04  0.0000000D+00
 -0.6038987D+05  0.7148587D+04  0.4635534D+04  0.0000000D+00
 -0.6974390D+05 -0.5097183D+04  0.1561973D+05  0.0000000D+00
 -0.7596794D+05 -0.1329238D+05  0.2293231D+05  0.0000000D+00
 -0.7908125D+05 -0.1738659D+05  0.2658970D+05  0.0000000D+00
 -0.3085040D+05 -0.5441665D+05  0.8869474D+04  0.0000000D+00
  0.1162488D+05 -0.1451297D+05 -0.4658115D+04  0.0000000D+00
 -0.2056612D+05 -0.2005307D+05  0.3134386D+04  0.0000000D+00
 -0.1868257D+05  0.5339141D+04  0.5326958D+03  0.0000000D+00
 -0.2465238D+05  0.1211028D+04  0.4689293D+04  0.0000000D+00
 -0.8724232D+04  0.1041220D+05 -0.1230974D+04  0.0000000D+00
 -0.5560548D+05  0.1591430D+05  0.5948637D+04  0.0000000D+00
  0.1104295D+05  0.1431062D+05 -0.2255602D+04  0.0000000D+00
 -0.5124336D+05  0.1626287D+05 -0.2899862D+04  0.0000000D+00
 -0.9278815D+05  0.1754584D+05 -0.3325882D+04  0.0000000D+00
 -0.1135583D+06  0.1818932D+05 -0.3539268D+04  0.0000000D+00
  0.4146875D+05 -0.5815565D+05  0.1670997D+05  0.0000000D+00
 -0.8341606D+04  0.1302078D+05 -0.3530003D+04  0.0000000D+00
  0.1057200D+05 -0.1214371D+05  0.3403912D+04  0.0000000D+00
 -0.9482700D+04  0.1453921D+05 -0.4095586D+04  0.0000000D+00
 -0.3965989D+04 -0.2039861D+05  0.4998701D+04  0.0000000D+00
 -0.1228514D+05  0.5865170D+04 -0.6512046D+04  0.0000000D+00
  0.3231009D+05 -0.1433414D+05  0.5765342D+04  0.0000000D+00
 -0.5030769D+05  0.2419193D+05 -0.5577773D+04  0.0000000D+00
 -0.1895823D+05  0.9099985D+04 -0.3236512D+04  0.0000000D+00
  0.1966442D+04 -0.9551288D+03 -0.1666554D+04  0.0000000D+00
  0.1242607D+05 -0.5983355D+04 -0.8825613D+03  0.0000000D+00
 -0.1335131D+05  0.5601163D+05 -0.7651094D+04  0.0000000D+00
 -0.6724164D+04 -0.1036670D+05  0.3271030D+04  0.0000000D+00
  0.6561195D+04  0.1009822D+05  0.3950714D+03  0.0000000D+00
  0.2058836D+05 -0.2089858D+05  0.4730196D+04  0.0000000D+00
  0.3761307D+04 -0.9191081D+04 -0.2323286D+04  0.0000000D+00
  0.1406928D+05 -0.3022810D+05  0.6818952D+04  0.0000000D+00
  0.1189885D+05 -0.4100045D+04 -0.5032747D+03  0.0000000D+00
 -0.1902198D+05 -0.8160831D+04  0.9600862D+04  0.0000000D+00
  0.4993025D+04 -0.4895368D+04  0.6779472D+04  0.0000000D+00
  0.2099588D+05 -0.2711178D+04  0.4893856D+04  0.0000000D+00
  0.2899808D+05 -0.1619864D+04  0.3951555D+04  0.0000000D+00
 -0.2333902D+05  0.2111752D+05 -0.2135103D+04  0.0000000D+00
 -0.5648081D+04 -0.3416405D+04  0.3111964D+03  0.0000000D+00
 -0.4371468D+04  0.1439575D+03 -0.4174625D+03  0.0000000D+00
  0.1242152D+05 -0.1411187D+05 -0.5688711D+03  0.0000000D+00
  0.2272681D+05 -0.2259811D+04 -0.5735517D+04  0.0000000D+00
  0.1752416D+05 -0.6623512D+04  0.3122359D+04  0.0000000D+00
  0.5110110D+04  0.1854160D+04 -0.4863142D+04  0.0000000D+00
  0.1978685D+05 -0.4959949D+04  0.5730073D+04  0.0000000D+00
  0.1581757D+05  0.9216622D+02 -0.6799190D+02  0.0000000D+00
  0.1316105D+05  0.3446425D+04 -0.3938349D+04  0.0000000D+00
  0.1183391D+05  0.5125049D+04 -0.5872989D+04  0.0000000D+00
  0.3102490D+05  0.1294173D+05  0.8996530D+04  0.0000000D+00
 -0.4560462D+03 -0.3680361D+04 -0.4614878D+04  0.0000000D+00
  0.8718478D+04  0.8308127D+03  0.1564737D+04  0.0000000D+00
 -0.5108367D+04 -0.6024841D+04 -0.2481778D+04  0.0000000D+00
  0.5633010D+04  0.6686912D+04  0.2710883D+04  0.0000000D+00
 -0.2831186D+04  0.1380899D+04 -0.3375493D+04  0.0000000D+00
  0.2269739D+05 -0.2498411D+04  0.7885764D+03  0.0000000D+00
 -0.8940306D+04  0.9367566D+04 -0.5263890D+04  0.0000000D+00
  0.1656670D+05  0.3292595D+04 -0.2026154D+04  0.0000000D+00
  0.3359381D+05 -0.7556984D+03  0.1323116D+03  0.0000000D+00
  0.4210494D+05 -0.2780028D+04  0.1211547D+04  0.0000000D+00
 -0.5853803D+04  0.2226204D+04 -0.1462657D+04  0.0000000D+00
  0.9120217D+04  0.4257387D+04  0.6944991D+03  0.0000000D+00
  0.4493965D+04  0.1448458D+04 -0.6653606D+03  0.0000000D+00
  0.1042824D+05  0.1265607D+04  0.5325815D+03  0.0000000D+00
  0.2178452D+04  0.4497029D+04  0.3442839D+04  0.0000000D+00
  0.1054571D+05  0.1385948D+04  0.1929455D+03  0.0000000D+00
 -0.2502509D+04  0.5013874D+04  0.3265827D+04  0.0000000D+00
  0.1369450D+05 -0.3572095D+03 -0.2570277D+04  0.0000000D+00
 -0.3323327D+04 -0.7457100D+03  0.1000749D+04  0.0000000D+00
 -0.1466052D+05 -0.1003361D+04  0.3383909D+04  0.0000000D+00
 -0.2032998D+05 -0.1132333D+04  0.4575222D+04  0.0000000D+00
  0.5632418D+04 -0.1483341D+05 -0.6700165D+04  0.0000000D+00
 -0.7448745D+04  0.6048059D+04  0.2787155D+04  0.0000000D+00
 -0.1433405D+03 -0.1778252D+04 -0.1233877D+04  0.0000000D+00
 -0.5564869D+04  0.6175798D+04  0.2032691D+04  0.0000000D+00
 -0.9570205D+04 -0.1845789D+04 -0.9341234D+03  0.0000000D+00
  0.5739689D+04  0.9159903D+03  0.6292094D+03  0.0000000D+00
 -0.1149128D+05  0.1853645D+04 -0.1118334D+04  0.0000000D+00
  0.2800213D+05 -0.7140715D+03  0.2153607D+04  0.0000000D+00
 -0.6876166D+04 -0.2107219D+03  0.8841833D+03  0.0000000D+00
 -0.3012832D+05  0.1166256D+03  0.3488863D+02  0.0000000D+00
 -0.4175440D+05  0.2811884D+03 -0.3894330D+03  0.0000000D+00
 -0.2738694D+05 -0.7879515D+05  0.1062435D+05  0.0000000D+00
 -0.1888465D+05  0.6767834D+04 -0.8933313D+04  0.0000000D+00
 -0.2878853D+05 -0.3484370D+05 -0.2570210D+04  0.0000000D+00
 -0.2682088D+05 -0.9268770D+04 -0.1157921D+05  0.0000000D+00
 -0.1855470D+05 -0.2361524D+05 -0.8985988D+04  0.0000000D+00
 -0.5953472D+05  0.9161556D+04 -0.1718520D+05  0.0000000D+00
  0.5197381D+04 -0.2893761D+05 -0.7417106D+04  0.0000000D+00
 -0.2172409D+05  0.3206666D+05  0.1282563D+04  0.0000000D+00
 -0.1195963D+04  0.1825145D+05  0.6105424D+04  0.0000000D+00
  0.1250461D+05  0.9016283D+04  0.9315741D+04  0.0000000D+00
  0.1935325D+05  0.4401404D+04  0.1092143D+05  0.0000000D+00
  0.3282459D+05  0.9596927D+05 -0.1965290D+05  0.0000000D+00
  0.2862421D+04 -0.3232467D+05 -0.1198572D+03  0.0000000D+00
  0.1671654D+05  0.4233981D+05 -0.4262438D+04  0.0000000D+00
  0.7114463D+04  0.1401443D+05  0.7303191D+04  0.0000000D+00
  0.2773490D+05  0.3622449D+05  0.6847080D+04  0.0000000D+00
  0.6445983D+05 -0.5836071D+04  0.1288631D+05  0.0000000D+00
  0.1458207D+05  0.1473973D+05  0.5118731D+04  0.0000000D+00
 -0.1007203D+05 -0.3222307D+05 -0.7357963D+04  0.0000000D+00
  0.8252206D+03  0.4810588D+03 -0.1448664D+05  0.0000000D+00
  0.8108738D+04  0.2229902D+05 -0.1922887D+05  0.0000000D+00
  0.1174848D+05  0.3320636D+05 -0.2160109D+05  0.0000000D+00
  0.3447409D+05 -0.1275120D+05 -0.4556786D+04  0.0000000D+00
 -0.7446724D+04  0.7103628D+04 -0.3406921D+04  0.0000000D+00
  0.2022901D+05 -0.2311259D+04 -0.1275207D+04  0.0000000D+00
  0.1195903D+05  0.5387944D+04  0.1413774D+04  0.0000000D+00
  0.7001694D+04  0.8267901D+04 -0.4010669D+03  0.0000000D+00
  0.9309501D+04  0.8062335D+04 -0.1533237D+04  0.0000000D+00
  0.3143870D+05  0.7798331D+04  0.7437862D+04  0.0000000D+00
 -0.1017765D+05 -0.1208316D+05  0.6434422D+03  0.0000000D+00
 -0.3273294D+05 -0.8233755D+04  0.2328674D+04  0.0000000D+00
 -0.4773549D+05 -0.5673717D+04  0.3450838D+04  0.0000000D+00
 -0.5524048D+05 -0.4393024D+04  0.4012064D+04  0.0000000D+00
  0.2231375D+05  0.2094169D+05 -0.7377842D+04  0.0000000D+00
 -0.7125811D+03  0.6012579D+04  0.3607191D+03  0.0000000D+00
  0.9679716D+04  0.2854438D+04 -0.1589494D+04  0.0000000D+00
  0.1933439D+04 -0.9491315D+04  0.1980256D+04  0.0000000D+00
  0.1021646D+05  0.4437094D+03 -0.1334624D+04  0.0000000D+00
 -0.8131583D+04 -0.2445419D+04  0.2294267D+04  0.0000000D+00
 -0.3311332D+05  0.2577668D+05 -0.1759178D+03  0.0000000D+00
  0.2865452D+05 -0.5477444D+04 -0.7019928D+02  0.0000000D+00
  0.8162669D+04 -0.1778231D+04 -0.1001603D+03  0.0000000D+00
 -0.5530409D+04  0.7006833D+03 -0.1253241D+03  0.0000000D+00
 -0.1237351D+05  0.1938760D+04 -0.1373446D+03  0.0000000D+00
 -0.2458685D+05 -0.1489189D+04  0.4455119D+04  0.0000000D+00
  0.1080494D+05  0.1510371D+04 -0.3075846D+04  0.0000000D+00
 -0.7487133D+04  0.4796205D+03  0.2786268D+04  0.0000000D+00
  0.3209025D+04  0.2492925D+04  0.2975036D+04  0.0000000D+00
 -0.6046509D+03  0.2148399D+04  0.6228108D+04  0.0000000D+00
 -0.3448427D+04 -0.1116281D+05 -0.8805043D+03  0.0000000D+00
 -0.2789444D+05 -0.4809999D+04  0.9840816D+03  0.0000000D+00
  0.2288350D+05 -0.2642386D+04  0.3555034D+04  0.0000000D+00
 -0.5821288D+04 -0.2210720D+04  0.8373689D+03  0.0000000D+00
 -0.2495483D+05 -0.1923756D+04 -0.9733742D+03  0.0000000D+00
 -0.3452193D+05 -0.1780187D+04 -0.1878858D+04  0.0000000D+00
 -0.3944974D+05 -0.3159156D+05 -0.6229537D+04  0.0000000D+00
  0.2194170D+04  0.3079320D+03  0.4121137D+04  0.0000000D+00
 -0.1705600D+04 -0.9120614D+04 -0.2239166D+04  0.0000000D+00
  0.2248421D+05  0.5255027D+04  0.4291541D+03  0.0000000D+00
  0.5313818D+03 -0.9117138D+04  0.1326191D+04  0.0000000D+00
  0.2895715D+05 -0.1502820D+04 -0.6573662D+03  0.0000000D+00
  0.4036677D+04  0.5970524D+03  0.1203876D+04  0.0000000D+00
  0.3541298D+05 -0.6744887D+04  0.3286781D+04  0.0000000D+00
 -0.4121234D+04  0.7281542D+03  0.5585407D+04  0.0000000D+00
 -0.3048722D+05  0.5722056D+04  0.7114665D+04  0.0000000D+00
 -0.4366915D+05  0.8217724D+04  0.7879635D+04  0.0000000D+00
 -0.6517261D+05 -0.3915712D+04 -0.5362331D+04  0.0000000D+00
  0.1308221D+05 -0.6149549D+04  0.3663645D+04  0.0000000D+00
 -0.2693708D+05  0.3188661D+03 -0.2195186D+04  0.0000000D+00
 -0.5321245D+04  0.2712025D+04 -0.1122036D+04  0.0000000D+00
 -0.2261530D+05 -0.6503726D+04 -0.3018494D+04  0.0000000D+00
 -0.1562841D+04 -0.1529909D+04  0.3573893D+04  0.0000000D+00
 -0.2000964D+05 -0.1080995D+04 -0.6264986D+04  0.0000000D+00
 -0.2711248D+04 -0.1287094D+05  0.1449461D+04  0.0000000D+00
  0.8512609D+04 -0.4913141D+04 -0.6913181D+03  0.0000000D+00
  0.1597283D+05  0.3925407D+03 -0.2122890D+04  0.0000000D+00
  0.1970536D+05  0.3045329D+04 -0.2838202D+04  0.0000000D+00
  0.2319893D+05 -0.2727059D+04  0.8177692D+04  0.0000000D+00
 -0.1854080D+04  0.5976894D+04 -0.3939620D+04  0.0000000D+00
 -0.5769128D+04 -0.2243490D+04  0.2190694D+04  0.0000000D+00
 -0.2609750D+05 -0.8008499D+03 -0.1403925D+04  0.0000000D+00
 -0.1163317D+05  0.8627959D+04 -0.1071340D+02  0.0000000D+00
 -0.2194451D+05 -0.2525180D+04 -0.2587635D+04  0.0000000D+00
 -0.9328416D+04 -0.3460237D+04  0.8159139D+03  0.0000000D+00
 -0.1948899D+05 -0.1468265D+03 -0.3260841D+04  0.0000000D+00
 -0.2698622D+04  0.3660759D+04 -0.3664601D+04  0.0000000D+00
  0.8502511D+04  0.6195949D+04 -0.3927733D+04  0.0000000D+00
  0.1410226D+05  0.7463891D+04 -0.4059952D+04  0.0000000D+00
 -0.5675131D+04  0.1424307D+05 -0.6062285D+03  0.0000000D+00
  0.4415215D+04  0.5247494D+03 -0.4291955D+03  0.0000000D+00
  0.3855476D+03  0.4316494D+04 -0.6544953D+03  0.0000000D+00
  0.3212927D+04 -0.2134582D+04 -0.6905546D+03  0.0000000D+00
 -0.3118442D+04  0.1586955D+04 -0.7684686D+03  0.0000000D+00
  0.6693621D+04 -0.2739683D+04 -0.8142900D+03  0.0000000D+00
 -0.1380018D+05  0.1456655D+03  0.2690964D+04  0.0000000D+00
 -0.7174586D+04  0.8693924D+03  0.1083621D+04  0.0000000D+00
  0.3516141D+04 -0.2078868D+03  0.2728335D+03  0.0000000D+00
  0.1065263D+05 -0.9144962D+03 -0.2679810D+03  0.0000000D+00
  0.1421987D+05 -0.1269053D+04 -0.5383569D+03  0.0000000D+00
 -0.5887505D+05  0.2173628D+05 -0.6234527D+04  0.0000000D+00
  0.2841134D+05  0.2924359D+04  0.3571001D+04  0.0000000D+00
 -0.1688414D+05  0.7187177D+04 -0.3762573D+04  0.0000000D+00
  0.4986460D+04 -0.5113109D+04 -0.4069055D+04  0.0000000D+00
 -0.2475922D+05 -0.7916008D+04 -0.8806719D+04  0.0000000D+00
  0.4089962D+04 -0.3083942D+04 -0.2007435D+04  0.0000000D+00
 -0.1521910D+05 -0.5495147D+04 -0.8144191D+04  0.0000000D+00
 -0.2206872D+05  0.5073477D+05  0.1022084D+05  0.0000000D+00
 -0.5009158D+05  0.1951284D+05  0.8263779D+04  0.0000000D+00
 -0.6878379D+05 -0.1321481D+04  0.6942976D+04  0.0000000D+00
 -0.7812879D+05 -0.1173651D+05  0.6284315D+04  0.0000000D+00
  0.1084211D+06 -0.9805470D+04  0.2377843D+04  0.0000000D+00
 -0.1366063D+04  0.2754465D+04 -0.3834885D+04  0.0000000D+00
  0.3465871D+05 -0.1223485D+04  0.9864971D+03  0.0000000D+00
 -0.5440883D+04  0.5593720D+04  0.2499803D+04  0.0000000D+00
  0.5501393D+05  0.6536700D+04  0.1090461D+05  0.0000000D+00
 -0.6125894D+04  0.4922698D+04  0.3584260D+04  0.0000000D+00
  0.3980984D+05  0.1728296D+05  0.1594117D+05  0.0000000D+00
  0.1582487D+05 -0.3057609D+05 -0.1153505D+05  0.0000000D+00
  0.8383702D+05 -0.1819714D+05 -0.1764649D+05  0.0000000D+00
  0.1292598D+06 -0.9948677D+04 -0.2171032D+05  0.0000000D+00
  0.1519624D+06 -0.5823995D+04 -0.2374336D+05  0.0000000D+00
 -0.1335653D+05  0.7302551D+05 -0.5774194D+04  0.0000000D+00
  0.8475257D+04 -0.1643367D+05  0.1230645D+05  0.0000000D+00
 -0.7182048D+04  0.2101924D+05 -0.7025995D+02  0.0000000D+00
 -0.2792480D+04 -0.1294820D+05  0.1427357D+04  0.0000000D+00
  0.5775269D+04  0.7634334D+03 -0.3167720D+04  0.0000000D+00
  0.1972129D+04 -0.1482129D+05  0.1029163D+05  0.0000000D+00
 -0.3369002D+05  0.2824437D+04 -0.5551725D+04  0.0000000D+00
 -0.4638363D+05 -0.1078090D+05  0.1480502D+05  0.0000000D+00
  0.3092172D+04 -0.5108502D+04  0.3130048D+04  0.0000000D+00
  0.3607362D+05 -0.1321403D+04 -0.4659400D+04  0.0000000D+00
  0.5256461D+05  0.5715513D+03 -0.8553461D+04  0.0000000D+00
 -0.1759279D+05 -0.8595541D+04 -0.1180870D+05  0.0000000D+00
  0.5910871D+04  0.1202440D+05  0.2669319D+04  0.0000000D+00
 -0.8756691D+04 -0.2002760D+04 -0.2067642D+04  0.0000000D+00
 -0.9927203D+04  0.3214443D+04  0.3479703D+04  0.0000000D+00
 -0.3413023D+05  0.1204096D+05 -0.3129904D+04  0.0000000D+00
  0.5943882D+04  0.5796824D+04  0.3269803D+04  0.0000000D+00
 -0.2111258D+05 -0.6821521D+04 -0.1504534D+05  0.0000000D+00
 -0.1213297D+05  0.2474499D+05  0.2721995D+04  0.0000000D+00
 -0.3781219D+05  0.1133058D+05  0.3637190D+04  0.0000000D+00
 -0.5496333D+05  0.2389327D+04  0.4243846D+04  0.0000000D+00
 -0.6353547D+05 -0.2081484D+04  0.4547549D+04  0.0000000D+00
  0.8595951D+04 -0.8567691D+05  0.1030994D+05  0.0000000D+00
 -0.1176785D+05  0.2421273D+05 -0.4253291D+04  0.0000000D+00
  0.7913205D+04 -0.2849242D+05  0.3041663D+04  0.0000000D+00
  0.8993843D+04  0.1005010D+05 -0.1559226D+02  0.0000000D+00
  0.4395827D+03  0.5187077D+04  0.6680435D+04  0.0000000D+00
 -0.9675174D+04  0.7310883D+04 -0.6685800D+04  0.0000000D+00
  0.4906576D+05 -0.2794637D+05  0.3944150D+04  0.0000000D+00
  0.2576730D+05  0.4305772D+04 -0.1241934D+05  0.0000000D+00
  0.1087001D+05 -0.3176477D+04 -0.3090196D+04  0.0000000D+00
  0.9225869D+03 -0.8149502D+04  0.3133598D+04  0.0000000D+00
 -0.4049406D+04 -0.1063765D+05  0.6245022D+04  0.0000000D+00
 -0.1259765D+05 -0.9828134D+04  0.7452204D+04  0.0000000D+00
  0.7745059D+04 -0.6610721D+04 -0.1408172D+04  0.0000000D+00
  0.1067351D+04 -0.4550629D+04  0.1361607D+04  0.0000000D+00
  0.9345189D+04 -0.1757312D+04 -0.1940666D+04  0.0000000D+00
  0.3610937D+04 -0.9062395D+04  0.2877563D+04  0.0000000D+00
  0.1302567D+05 -0.3962873D+03 -0.4882238D+04  0.0000000D+00
  0.3288740D+04 -0.1653389D+04  0.2875347D+04  0.0000000D+00
 -0.3459714D+04 -0.1185490D+04  0.1431891D+04  0.0000000D+00
 -0.7602475D+04  0.3052880D+04 -0.4029415D+04  0.0000000D+00
 -0.1038875D+05  0.5876135D+04 -0.7669050D+04  0.0000000D+00
 -0.1177924D+05  0.7288015D+04 -0.9489002D+04  0.0000000D+00
 -0.2499957D+05  0.1028695D+05 -0.8637280D+04  0.0000000D+00
  0.1589545D+05 -0.4991776D+04  0.3091079D+04  0.0000000D+00
 -0.6695890D+04  0.3406640D+03 -0.1454936D+04  0.0000000D+00
 -0.6167275D+03 -0.5030400D+04  0.2705424D+04  0.0000000D+00
 -0.1899781D+05  0.1268486D+04 -0.2293991D+04  0.0000000D+00
  0.3130053D+05 -0.1508327D+05  0.2173061D+04  0.0000000D+00
 -0.3993676D+05  0.1365289D+05  0.2069283D+02  0.0000000D+00
  0.3652690D+05 -0.3925182D+04  0.3923548D+04  0.0000000D+00
  0.3871327D+04 -0.1666696D+04  0.8531001D+03  0.0000000D+00
 -0.1788625D+05 -0.1703547D+03 -0.1193662D+04  0.0000000D+00
 -0.2876643D+05  0.5788236D+03 -0.2217066D+04  0.0000000D+00
  0.1286852D+05 -0.1514224D+05 -0.3458610D+04  0.0000000D+00
 -0.7368290D+04  0.8660553D+04 -0.1112904D+03  0.0000000D+00
  0.2012285D+04 -0.3130625D+04 -0.5230387D+03  0.0000000D+00
 -0.9492925D+03  0.5047620D+04  0.1173875D+04  0.0000000D+00
  0.1362404D+05  0.2701116D+04 -0.1785129D+04  0.0000000D+00
 -0.1953297D+05 -0.1844995D+04  0.6966359D+03  0.0000000D+00
  0.1928059D+05 -0.2541594D+04  0.1086849D+04  0.0000000D+00
  0.1431300D+05 -0.3538481D+04 -0.1305431D+04  0.0000000D+00
  0.1673970D+05 -0.1161319D+04  0.4570920D+03  0.0000000D+00
  0.1837941D+05  0.4307817D+03  0.1631592D+04  0.0000000D+00
  0.1919690D+05  0.1226040D+04  0.2218898D+04  0.0000000D+00
  0.1686861D+05  0.3791991D+04  0.2798302D+04  0.0000000D+00
 -0.8724454D+04  0.3335776D+04 -0.1714154D+04  0.0000000D+00
  0.3597798D+04  0.9315178D+03  0.5293343D+03  0.0000000D+00
 -0.1320717D+04 -0.1927539D+04 -0.6935142D+03  0.0000000D+00
  0.1614479D+05 -0.2764715D+04  0.7863127D+03  0.0000000D+00
 -0.9731800D+04  0.4989803D+03 -0.1252456D+03  0.0000000D+00
  0.8039881D+04 -0.6771779D+04  0.1759676D+04  0.0000000D+00
 -0.2594596D+05  0.3000886D+04  0.1169039D+03  0.0000000D+00
  0.8592866D+04 -0.2513876D+03 -0.2316522D+04  0.0000000D+00
  0.3161734D+05 -0.2415589D+04 -0.3937233D+04  0.0000000D+00
  0.4312974D+05 -0.3498121D+04 -0.4747759D+04  0.0000000D+00
 -0.2020744D+05  0.9506556D+04 -0.2878231D+04  0.0000000D+00
  0.1401715D+05  0.2982362D+04 -0.1145561D+04  0.0000000D+00
  0.1465834D+05  0.3278295D+04 -0.7077559D+03  0.0000000D+00
  0.3829294D+05 -0.8716600D+03  0.7373680D+03  0.0000000D+00
  0.1694459D+05  0.5642273D+04  0.1795738D+03  0.0000000D+00
  0.2511518D+05  0.8982387D+04  0.2769724D+04  0.0000000D+00
  0.6000205D+04  0.1878393D+04 -0.4617848D+04  0.0000000D+00
  0.1443447D+04 -0.7129749D+04  0.8275925D+03  0.0000000D+00
 -0.5917679D+04 -0.1903122D+03  0.1997248D+04  0.0000000D+00
 -0.1082966D+05  0.4429148D+04  0.2775257D+04  0.0000000D+00
 -0.1328515D+05  0.6739617D+04  0.3164452D+04  0.0000000D+00
  0.9523576D+05 -0.1460695D+05  0.1135339D+04  0.0000000D+00
 -0.2215704D+05 -0.3893392D+04  0.4193054D+03  0.0000000D+00
  0.7178201D+04 -0.1475235D+03  0.1030768D+03  0.0000000D+00
 -0.5062129D+05  0.9266701D+04 -0.8131940D+03  0.0000000D+00
 -0.7600487D+04 -0.4310690D+04 -0.1930263D+04  0.0000000D+00
 -0.3359115D+05 -0.4685470D+04 -0.2127638D+04  0.0000000D+00
  0.7396295D+04 -0.1605578D+05  0.7304572D+04  0.0000000D+00
 -0.1900802D+05  0.1254542D+05  0.1035018D+04  0.0000000D+00
  0.1784501D+05  0.1277378D+04 -0.4455756D+04  0.0000000D+00
  0.4242667D+05 -0.6237858D+04 -0.8116490D+04  0.0000000D+00
  0.5471609D+05 -0.9995129D+04 -0.9946834D+04  0.0000000D+00
 -0.2062645D+05 -0.2271258D+05  0.2256517D+04  0.0000000D+00
  0.9268623D+04  0.1916751D+05  0.7264541D+03  0.0000000D+00
 -0.1608079D+05 -0.5530924D+04  0.1549981D+04  0.0000000D+00
 -0.1391863D+05  0.4734021D+04  0.9712714D+03  0.0000000D+00
 -0.3183162D+04 -0.9388606D+03  0.1180305D+04  0.0000000D+00
  0.2590051D+04 -0.2248192D+04  0.4227212D+04  0.0000000D+00
 -0.1213853D+05  0.1464096D+04 -0.1117339D+02  0.0000000D+00
 -0.2364773D+05 -0.3915495D+04  0.1424957D+04  0.0000000D+00
 -0.1303886D+05 -0.3214874D+04  0.6239394D+03  0.0000000D+00
 -0.5970157D+04 -0.2739020D+04  0.9225000D+02  0.0000000D+00
 -0.2435386D+04 -0.2502041D+04 -0.1738459D+03  0.0000000D+00
 -0.3207942D+05  0.1239755D+05  0.5663556D+04  0.0000000D+00
  0.8318784D+04 -0.2686625D+04 -0.1658159D+04  0.0000000D+00
 -0.6691449D+04  0.1638265D+04  0.1888632D+04  0.0000000D+00
  0.1113362D+05 -0.6536607D+04 -0.7652578D+03  0.0000000D+00
  0.5452568D+04 -0.4605412D+04 -0.8723861D+02  0.0000000D+00
  0.3036993D+04  0.3782998D+04  0.5626056D+03  0.0000000D+00
  0.5100259D+04  0.1748117D+04 -0.5382035D+04  0.0000000D+00
  0.1862599D+05 -0.5605014D+04  0.2405266D+04  0.0000000D+00
 -0.1153744D+04 -0.2717508D+04  0.1155229D+04  0.0000000D+00
 -0.1433119D+05 -0.7959050D+03  0.3195606D+03  0.0000000D+00
 -0.2092089D+05  0.1652645D+03 -0.9802382D+02  0.0000000D+00
 -0.1717800D+05  0.1552984D+05 -0.6597296D+03  0.0000000D+00
  0.1652294D+04 -0.5418282D+04  0.4642981D+03  0.0000000D+00
  0.2400615D+03  0.4500445D+04 -0.6708511D+03  0.0000000D+00
  0.7954065D+04 -0.3793154D+04 -0.6656185D+03  0.0000000D+00
 -0.1985709D+05 -0.6609200D+04  0.2269455D+03  0.0000000D+00
  0.1388530D+04 -0.1458287D+04 -0.1296161D+04  0.0000000D+00
 -0.1601816D+05  0.4888101D+04 -0.5306771D+03  0.0000000D+00
  0.3846791D+05 -0.6948995D+03 -0.3960290D+03  0.0000000D+00
  0.9541772D+04  0.9011251D+03 -0.1457106D+04  0.0000000D+00
 -0.9749173D+04  0.1964116D+04 -0.2169302D+04  0.0000000D+00
 -0.1939391D+05  0.2495723D+04 -0.2524879D+04  0.0000000D+00
 -0.7044069D+04 -0.1783295D+03  0.7972465D+04  0.0000000D+00
  0.2642175D+04 -0.9951117D+03 -0.2732167D+04  0.0000000D+00
 -0.4242963D+04  0.1440671D+04  0.2319927D+04  0.0000000D+00
 -0.4222220D+04  0.2693968D+04 -0.1307920D+04  0.0000000D+00
 -0.8915178D+04  0.7746465D+03 -0.5144433D+03  0.0000000D+00
 -0.2046501D+03 -0.9555765D+03 -0.3046765D+04  0.0000000D+00
 -0.2005423D+05  0.4505337D+03  0.1794860D+04  0.0000000D+00
 -0.1645237D+05  0.3479410D+04 -0.8031934D+03  0.0000000D+00
 -0.1318351D+05 -0.4063469D+03 -0.2537543D+04  0.0000000D+00
 -0.1100859D+05 -0.3000627D+04 -0.3693108D+04  0.0000000D+00
 -0.9920670D+04 -0.4297359D+04 -0.4270962D+04  0.0000000D+00
  0.8361166D+02  0.6100201D+04  0.3623395D+04  0.0000000D+00
  0.1251551D+04  0.1019383D+04 -0.1567704D+04  0.0000000D+00
  0.1153056D+04  0.1020705D+04  0.1521871D+04  0.0000000D+00
  0.3595984D+04 -0.1785063D+04  0.2034614D+03  0.0000000D+00
  0.1085705D+05  0.4511674D+04 -0.4872863D+02  0.0000000D+00
  0.1080904D+04  0.7887569D+03 -0.1261092D+03  0.0000000D+00
  0.1762844D+04  0.3121230D+04  0.1207464D+04  0.0000000D+00
  0.1450059D+04 -0.2882229D+04  0.9050592D+03  0.0000000D+00
 -0.2979971D+04 -0.2154949D+04  0.1090545D+04  0.0000000D+00
 -0.5934521D+04 -0.1670693D+04  0.1216289D+04  0.0000000D+00
 -0.7411666D+04 -0.1428501D+04  0.1278935D+04  0.0000000D+00
  0.8524459D+04 -0.9031837D+04 -0.8081118D+04  0.0000000D+00
  0.3359539D+03  0.4466852D+04  0.2341493D+04  0.0000000D+00
  0.4317720D+04 -0.4212708D+04 -0.1843639D+04  0.0000000D+00
  0.2084883D+04 -0.1177923D+04  0.2106332D+04  0.0000000D+00
  0.5884402D+04  0.2033685D+03 -0.3709057D+02  0.0000000D+00
  0.6568142D+04 -0.3592692D+03  0.3551565D+04  0.0000000D+00
  0.7840179D+04 -0.6465242D+04  0.5337024D+03  0.0000000D+00
 -0.5940513D+04  0.1840040D+04  0.4684904D+03  0.0000000D+00
  0.3417153D+02 -0.5141348D+03  0.1797448D+03  0.0000000D+00
  0.4018418D+04 -0.2083698D+04 -0.1322945D+02  0.0000000D+00
  0.6010420D+04 -0.2868468D+04 -0.1096649D+03  0.0000000D+00
  0.9703690D+04 -0.3347217D+04  0.9168743D+03  0.0000000D+00
 -0.5393849D+04 -0.1105855D+04 -0.1563434D+03  0.0000000D+00
  0.4319942D+04  0.2411000D+03  0.5850830D+02  0.0000000D+00
  0.2204237D+03  0.2609105D+04 -0.3618943D+03  0.0000000D+00
 -0.4298183D+04 -0.3496506D+03  0.6716856D+03  0.0000000D+00
  0.2590158D+03  0.1690442D+04 -0.5011265D+03  0.0000000D+00
  0.1380189D+04 -0.7984054D+03 -0.5483259D+03  0.0000000D+00
 -0.2336880D+05  0.3157492D+04 -0.9532365D+03  0.0000000D+00
 -0.2949170D+04  0.6865125D+03 -0.8099897D+03  0.0000000D+00
  0.1066163D+05 -0.9618305D+03 -0.7134914D+03  0.0000000D+00
  0.1746728D+05 -0.1785891D+04 -0.6653505D+03  0.0000000D+00
  0.2976200D+05  0.8530856D+04 -0.5790939D+04  0.0000000D+00
 -0.2014846D+05 -0.1867894D+03 -0.1467267D+04  0.0000000D+00
  0.6422585D+04  0.3855209D+04 -0.1755883D+03  0.0000000D+00
 -0.5558330D+04  0.1251471D+04  0.4473478D+04  0.0000000D+00
  0.1237506D+05  0.2399625D+04  0.4010470D+04  0.0000000D+00
 -0.5947297D+04 -0.1221699D+04  0.3270214D+04  0.0000000D+00
  0.1478254D+03  0.6941383D+04  0.2414691D+04  0.0000000D+00
 -0.2331531D+04 -0.1122266D+05 -0.4445233D+04  0.0000000D+00
 -0.1212213D+05 -0.7046603D+04 -0.3193336D+03  0.0000000D+00
 -0.1865894D+05 -0.4251800D+04  0.2435734D+04  0.0000000D+00
 -0.2192630D+05 -0.2855562D+04  0.3812785D+04  0.0000000D+00
 -0.2834185D+05 -0.2388213D+05  0.1230816D+04  0.0000000D+00
  0.6294242D+04  0.5829827D+04 -0.5604543D+03  0.0000000D+00
 -0.1031196D+05 -0.6201530D+04 -0.1473233D+04  0.0000000D+00
 -0.6547492D+03  0.5329585D+04 -0.4340647D+04  0.0000000D+00
 -0.1468139D+05 -0.5188956D+03 -0.6313182D+04  0.0000000D+00
  0.1060148D+04 -0.9079872D+02 -0.3822454D+04  0.0000000D+00
 -0.2853375D+03 -0.4221249D+04 -0.5235638D+04  0.0000000D+00
  0.9046611D+03  0.1272410D+05  0.6593483D+04  0.0000000D+00
  0.1029218D+05  0.7539882D+04  0.1511167D+04  0.0000000D+00
  0.1655961D+05  0.4076524D+04 -0.1884953D+04  0.0000000D+00
  0.1969235D+05  0.2345624D+04 -0.3582158D+04  0.0000000D+00
  0.2045779D+05  0.1108326D+05  0.1823590D+05  0.0000000D+00
 -0.9870716D+04 -0.3475485D+03 -0.6783869D+04  0.0000000D+00
  0.2983701D+04  0.3565512D+04  0.3925628D+04  0.0000000D+00
 -0.4988660D+04 -0.9808387D+03 -0.4456021D+04  0.0000000D+00
  0.9900376D+04  0.2045172D+04  0.2737107D+04  0.0000000D+00
 -0.2572812D+05 -0.1147749D+04 -0.7836334D+04  0.0000000D+00
  0.1283928D+05  0.3996645D+04  0.2249452D+04  0.0000000D+00
 -0.4458962D+05 -0.1182121D+05 -0.1862518D+04  0.0000000D+00
  0.7701076D+04 -0.8731718D+04  0.1258565D+04  0.0000000D+00
  0.4255627D+05 -0.6656563D+04  0.3342420D+04  0.0000000D+00
  0.5998444D+05 -0.5620661D+04  0.4384009D+04  0.0000000D+00
 -0.3801543D+04  0.7384615D+04  0.1140971D+04  0.0000000D+00
  0.3969997D+04 -0.2140281D+04 -0.2401493D+03  0.0000000D+00
 -0.2941476D+04  0.2463038D+04  0.1463414D+03  0.0000000D+00
 -0.7854437D+03 -0.1146136D+04 -0.2252406D+03  0.0000000D+00
  0.6631062D+04  0.1058264D+04  0.1376514D+04  0.0000000D+00
 -0.5086181D+04  0.7158563D+04 -0.1027012D+04  0.0000000D+00
  0.2434886D+05 -0.1113861D+05  0.1423788D+04  0.0000000D+00
  0.9219863D+04  0.8774482D+03  0.8491898D+03  0.0000000D+00
  0.9922840D+04  0.1605330D+04 -0.2396180D+04  0.0000000D+00
  0.1039969D+05  0.2086364D+04 -0.4560812D+04  0.0000000D+00
  0.1063723D+05  0.2327338D+04 -0.5643014D+04  0.0000000D+00
 -0.8276559D+04  0.2853486D+04 -0.5400651D+04  0.0000000D+00
  0.4648564D+04  0.2683387D+03  0.1625360D+04  0.0000000D+00
 -0.6060353D+04 -0.7521658D+03 -0.1679848D+04  0.0000000D+00
 -0.7290785D+04 -0.2585755D+04  0.2228847D+03  0.0000000D+00
 -0.1241322D+05  0.2714318D+04 -0.2341801D+04  0.0000000D+00
  0.7376009D+04 -0.4592364D+04  0.4517194D+04  0.0000000D+00
  0.1301382D+05  0.4780267D+03  0.1117110D+04  0.0000000D+00
  0.3436695D+05  0.2937825D+04 -0.4198708D+04  0.0000000D+00
  0.6236277D+04  0.3147094D+04 -0.2509137D+04  0.0000000D+00
 -0.1252413D+05  0.3281166D+04 -0.1379995D+04  0.0000000D+00
 -0.2190362D+05  0.3348790D+04 -0.8157227D+03  0.0000000D+00
 -0.1022138D+05  0.8835216D+04  0.3843830D+04  0.0000000D+00
  0.1447708D+03  0.8746909D+03 -0.1701077D+04  0.0000000D+00
 -0.2039071D+04  0.4725795D+03  0.1357221D+04  0.0000000D+00
  0.3251144D+04 -0.4987903D+04 -0.2084323D+03  0.0000000D+00
 -0.1554389D+04 -0.3054855D+02 -0.1063464D+03  0.0000000D+00
 -0.2414883D+04 -0.2706484D+04  0.7993132D+03  0.0000000D+00
 -0.6358437D+04  0.6676981D+04  0.5966039D+03  0.0000000D+00
 -0.2279213D+05 -0.5187070D+04 -0.3823146D+04  0.0000000D+00
 -0.1321711D+05 -0.3188495D+04 -0.2848511D+04  0.0000000D+00
 -0.6847085D+04 -0.1846556D+04 -0.2193651D+04  0.0000000D+00
 -0.3660630D+04 -0.1176620D+04 -0.1866773D+04  0.0000000D+00
 -0.3690432D+03  0.3693907D+03 -0.2934335D+03  0.0000000D+00
 -0.8483408D+03 -0.1353139D+04 -0.4145322D+03  0.0000000D+00
 -0.3693893D+03  0.1417578D+04  0.4327101D+03  0.0000000D+00
  0.1546978D+04  0.1673135D+04  0.1279440D+04  0.0000000D+00
  0.9256670D+04 -0.1971743D+04  0.1783343D+04  0.0000000D+00
  0.4372455D+02  0.2761455D+04 -0.1842402D+04  0.0000000D+00
 -0.1076076D+04 -0.1952976D+04 -0.1166544D+04  0.0000000D+00
 -0.2387868D+04 -0.2247689D+04  0.4081252D+04  0.0000000D+00
 -0.4913863D+04  0.5352418D+03  0.3012934D+04  0.0000000D+00
 -0.6585611D+04  0.2388847D+04  0.2297514D+04  0.0000000D+00
 -0.7422810D+04  0.3315831D+04  0.1940151D+04  0.0000000D+00
  0.2198344D+05 -0.1337587D+05 -0.4935538D+04  0.0000000D+00
 -0.2658750D+04  0.4308410D+03  0.1981335D+04  0.0000000D+00
  0.4569252D+04 -0.4387679D+04 -0.1380603D+04  0.0000000D+00
 -0.6693956D+04  0.1397810D+04  0.6634354D+03  0.0000000D+00
  0.3894460D+04 -0.1815311D+04 -0.5264630D+03  0.0000000D+00
  0.4012817D+04  0.7277125D+03  0.1566308D+04  0.0000000D+00
  0.8320154D+04 -0.3573227D+04 -0.2107158D+04  0.0000000D+00
  0.1065059D+05  0.4308812D+04  0.1860869D+04  0.0000000D+00
  0.2263391D+04  0.2484723D+04  0.1820232D+04  0.0000000D+00
 -0.3327798D+04  0.1261519D+04  0.1788708D+04  0.0000000D+00
 -0.6123423D+04  0.6506893D+03  0.1773425D+04  0.0000000D+00
 -0.4766101D+04  0.5201225D+04  0.6307735D+02  0.0000000D+00
  0.2853046D+04 -0.1494689D+04  0.4378162D+03  0.0000000D+00
 -0.2188142D+04  0.1103481D+04 -0.5305922D+02  0.0000000D+00
 -0.1731176D+04 -0.1399896D+04 -0.2794440D+03  0.0000000D+00
 -0.9994445D+04  0.1949544D+03 -0.6796939D+03  0.0000000D+00
 -0.1046969D+05 -0.2593731D+04  0.7409123D+03  0.0000000D+00
  0.1783981D+05  0.2185561D+04 -0.2689637D+03  0.0000000D+00
 -0.1617125D+05  0.4923808D+02 -0.1646358D+04  0.0000000D+00
 -0.1628192D+04 -0.2833463D+03 -0.1860044D+04  0.0000000D+00
  0.8060771D+04 -0.5034410D+03 -0.1999285D+04  0.0000000D+00
  0.1290595D+05 -0.6136644D+03 -0.2069254D+04  0.0000000D+00
 -0.1982857D+05  0.1251590D+05 -0.7630738D+02  0.0000000D+00
  0.1697213D+04 -0.3042510D+04 -0.2142796D+03  0.0000000D+00
 -0.9930603D+04  0.3305910D+04  0.5138977D-01  0.0000000D+00
 -0.3147575D+04 -0.3017550D+04  0.6391289D+02  0.0000000D+00
 -0.1992684D+04 -0.3353849D+03 -0.8255765D+03  0.0000000D+00
 -0.3995928D+04 -0.3740034D+03 -0.2170360D+04  0.0000000D+00
 -0.2782079D+04 -0.1394653D+04  0.1172191D+04  0.0000000D+00
 -0.5354558D+04  0.6142802D+04 -0.1411979D+04  0.0000000D+00
 -0.9944087D+04  0.4341054D+04  0.2564084D+04  0.0000000D+00
 -0.1300981D+05  0.3133293D+04  0.5216160D+04  0.0000000D+00
 -0.1454202D+05  0.2530126D+04  0.6542050D+04  0.0000000D+00
  0.3224906D+05 -0.1300716D+05 -0.1533975D+04  0.0000000D+00
 -0.8301520D+03  0.1608211D+04  0.2626237D+03  0.0000000D+00
  0.1139684D+05 -0.4920203D+04 -0.8522126D+03  0.0000000D+00
 -0.2354629D+04  0.1011104D+04 -0.5900852D+03  0.0000000D+00
  0.5968694D+04  0.1025302D+04  0.9412998D+02  0.0000000D+00
  0.8275953D+04 -0.3087463D+03  0.2883289D+04  0.0000000D+00
  0.1342171D+05  0.2702995D+04 -0.1775812D+04  0.0000000D+00
  0.3485611D+04 -0.7178335D+04  0.3585210D+04  0.0000000D+00
  0.7077988D+04 -0.2791575D+04 -0.4874398D+04  0.0000000D+00
  0.9479906D+04  0.1387130D+03 -0.1051892D+05  0.0000000D+00
  0.1068011D+05  0.1603232D+04 -0.1334066D+05  0.0000000D+00
  0.1076005D+04  0.1170344D+05  0.2468262D+04  0.0000000D+00
  0.7379923D+03 -0.6988555D+04 -0.1058460D+03  0.0000000D+00
  0.2902359D+04  0.3666814D+04  0.3376259D+03  0.0000000D+00
  0.3395521D+04 -0.1292604D+04 -0.1062984D+04  0.0000000D+00
 -0.3724209D+03 -0.2638209D+04  0.2700057D+03  0.0000000D+00
  0.9417172D+04 -0.5895659D+04 -0.2034847D+04  0.0000000D+00
  0.1762559D+04  0.6528113D+04 -0.1799337D+04  0.0000000D+00
 -0.3066754D+05  0.2528327D+04  0.3306942D+04  0.0000000D+00
 -0.5093347D+03 -0.1120893D+04  0.8894682D+03  0.0000000D+00
  0.1958557D+05 -0.3542169D+04 -0.7258076D+03  0.0000000D+00
  0.2963417D+05 -0.4754055D+04 -0.1533054D+04  0.0000000D+00
  0.5177174D+04  0.5338912D+04 -0.2480762D+04  0.0000000D+00
 -0.4514580D+04 -0.1275375D+04  0.3749277D+03  0.0000000D+00
  0.2546398D+04  0.1921290D+04 -0.5466903D+03  0.0000000D+00
  0.3415190D+04 -0.5292005D+03  0.7414433D+03  0.0000000D+00
  0.8304204D+04 -0.4887758D+03 -0.5224356D+01  0.0000000D+00
 -0.1218763D+05 -0.8562549D+03  0.1848690D+02  0.0000000D+00
  0.1105474D+05 -0.4005810D+04  0.2895388D+03  0.0000000D+00
  0.8446149D+04  0.2668414D+04  0.7210475D+03  0.0000000D+00
  0.8647950D+04  0.1380170D+04 -0.1699895D+03  0.0000000D+00
  0.8796516D+04  0.5181900D+03 -0.7655034D+03  0.0000000D+00
  0.8869281D+04  0.8754048D+02 -0.1063099D+04  0.0000000D+00
 -0.1596718D+05 -0.4480169D+02  0.3901483D+04  0.0000000D+00
  0.4482370D+04  0.1612186D+04 -0.1016391D+04  0.0000000D+00
 -0.2859148D+04  0.2044153D+03  0.1144841D+04  0.0000000D+00
  0.5206746D+04  0.1863421D+03 -0.2892034D+03  0.0000000D+00
 -0.3495589D+04  0.1177197D+04  0.1141203D+04  0.0000000D+00
 -0.4254461D+04  0.4081337D+04 -0.2624233D+03  0.0000000D+00
 -0.6676607D+04 -0.3266572D+04  0.4024917D+04  0.0000000D+00
  0.3174927D+05 -0.7942026D+04 -0.7250286D+04  0.0000000D+00
 -0.1536696D+04 -0.2946776D+04 -0.2647514D+04  0.0000000D+00
 -0.2372677D+05  0.3812841D+03  0.4294384D+03  0.0000000D+00
 -0.3482188D+05  0.2045542D+04  0.1967002D+04  0.0000000D+00
 -0.9876220D+04 -0.5717727D+04  0.2213309D+03  0.0000000D+00
  0.3217302D+04 -0.2318061D+03  0.6446188D+02  0.0000000D+00
  0.2061044D+02 -0.1274035D+04  0.1641471D+03  0.0000000D+00
  0.4865542D+04  0.1884216D+04  0.3453833D+03  0.0000000D+00
 -0.3537198D+04  0.4189406D+03  0.1103186D+04  0.0000000D+00
  0.1364415D+05  0.1816847D+04  0.3751172D+03  0.0000000D+00
 -0.1215350D+05  0.5120096D+04  0.4884822D+03  0.0000000D+00
 -0.1483548D+05 -0.3127334D+04 -0.1016275D+04  0.0000000D+00
 -0.1045689D+05 -0.1398260D+04 -0.2161311D+03  0.0000000D+00
 -0.7554103D+04 -0.2466657D+03  0.3204742D+03  0.0000000D+00
 -0.6100950D+04  0.3292530D+03  0.5884335D+03  0.0000000D+00
  0.1590921D+05 -0.6210441D+04 -0.7811243D+04  0.0000000D+00
 -0.4281527D+04 -0.5660328D+03  0.1872382D+04  0.0000000D+00
  0.2011981D+04 -0.2861364D+04 -0.1685477D+04  0.0000000D+00
 -0.6935008D+04 -0.3671217D+03  0.1940529D+04  0.0000000D+00
  0.1533832D+04 -0.2745348D+03 -0.1077207D+04  0.0000000D+00
  0.3219143D+04 -0.1838211D+04  0.2161516D+04  0.0000000D+00
  0.1029051D+04 -0.1963350D+04 -0.3882574D+04  0.0000000D+00
 -0.5933187D+04  0.5863938D+04  0.6091215D+04  0.0000000D+00
 -0.1708528D+04  0.3041296D+04  0.3112890D+04  0.0000000D+00
  0.1112911D+04  0.1161122D+04  0.1120243D+04  0.0000000D+00
  0.2523090D+04  0.2208631D+03  0.1246868D+03  0.0000000D+00
  0.1479983D+05 -0.8129672D+03 -0.4818785D+03  0.0000000D+00
 -0.2741490D+04  0.1025551D+04 -0.1461901D+03  0.0000000D+00
  0.2145181D+03 -0.2747207D+03  0.6687168D+02  0.0000000D+00
 -0.9410917D+04 -0.4878287D+02  0.1116155D+03  0.0000000D+00
 -0.9634342D+03 -0.6987228D+03 -0.1183095D+04  0.0000000D+00
 -0.4999947D+04 -0.6812539D+03  0.4502519D+03  0.0000000D+00
  0.2902056D+04 -0.1405433D+04 -0.2390777D+04  0.0000000D+00
  0.3631844D+03  0.5352925D+03  0.2483247D+04  0.0000000D+00
  0.1818205D+04  0.2871891D+03 -0.2992167D+03  0.0000000D+00
  0.2787138D+04  0.1255189D+03 -0.2159224D+04  0.0000000D+00
  0.3271722D+04  0.4428015D+02 -0.3088684D+04  0.0000000D+00
 -0.1390716D+05 -0.4293370D+04  0.2465397D+04  0.0000000D+00
  0.4139906D+04  0.3563674D+04 -0.6531350D+03  0.0000000D+00
 -0.3226127D+04 -0.1414349D+04  0.7507343D+03  0.0000000D+00
  0.2976027D+04  0.2909813D+03 -0.3574731D+03  0.0000000D+00
 -0.4746328D+04 -0.1714494D+03 -0.1265880D+03  0.0000000D+00
 -0.5326564D+03 -0.3560100D+03 -0.3079186D+03  0.0000000D+00
  0.6134456D+04  0.2119927D+04  0.8550778D+03  0.0000000D+00
 -0.9074893D+04 -0.3214585D+04 -0.1396279D+04  0.0000000D+00
 -0.7444539D+03  0.6731566D+02 -0.9287529D+03  0.0000000D+00
  0.4800641D+04  0.2254578D+04 -0.6149745D+03  0.0000000D+00
  0.7574111D+04  0.3348282D+04 -0.4583118D+03  0.0000000D+00
 -0.1506952D+05  0.3128731D+04  0.2025425D+04  0.0000000D+00
  0.1411131D+05  0.6857106D+04  0.2748769D+03  0.0000000D+00
 -0.2947216D+04  0.2394816D+04  0.3092008D+03  0.0000000D+00
  0.2774442D+04  0.8304339D+03 -0.1139635D+04  0.0000000D+00
 -0.6005701D+04 -0.7572316D+02 -0.1077108D+04  0.0000000D+00
  0.2565605D+04  0.1983500D+04 -0.6671861D+02  0.0000000D+00
 -0.1047014D+05 -0.5563565D+04  0.2278670D+03  0.0000000D+00
  0.5035069D+02  0.9599941D+04  0.3216331D+04  0.0000000D+00
 -0.1150055D+05  0.5270439D+04  0.7601620D+03  0.0000000D+00
 -0.1920367D+05  0.2376756D+04 -0.8801891D+03  0.0000000D+00
 -0.2305495D+05  0.9307088D+03 -0.1700051D+04  0.0000000D+00
  0.1813369D+05 -0.6699549D+04 -0.1305616D+04  0.0000000D+00
  0.2376914D+04  0.5767311D+04  0.1271591D+04  0.0000000D+00
  0.5667933D+04 -0.1831326D+04  0.6464335D+02  0.0000000D+00
 -0.1228553D+04  0.5077740D+03  0.1001808D+04  0.0000000D+00
  0.1145347D+05 -0.2905575D+04  0.7066223D+03  0.0000000D+00
 -0.1680368D+03  0.2704356D+04  0.6102352D+03  0.0000000D+00
  0.3098861D+02  0.1859319D+04 -0.1305591D+04  0.0000000D+00
  0.1391691D+04 -0.1420235D+05 -0.3958696D+04  0.0000000D+00
  0.1154159D+05 -0.3177095D+04  0.7101478D+03  0.0000000D+00
  0.1831156D+05  0.4177057D+04  0.3824885D+04  0.0000000D+00
  0.2169618D+05  0.7853703D+04  0.5382019D+04  0.0000000D+00
 -0.4552185D+04 -0.1000595D+05 -0.1245437D+04  0.0000000D+00
 -0.4509826D+04  0.7509893D+04  0.5265921D+03  0.0000000D+00
 -0.1354924D+04 -0.1232306D+04 -0.2125703D+03  0.0000000D+00
  0.4152198D+03  0.3847493D+04  0.5011800D+03  0.0000000D+00
 -0.6250438D+04  0.7893235D+03  0.3093055D+03  0.0000000D+00
 -0.5293704D+03  0.4717631D+04  0.4599997D+03  0.0000000D+00
 -0.5178231D+03 -0.2004390D+04  0.1350831D+03  0.0000000D+00
  0.3983922D+04  0.2919836D+04 -0.1056184D+04  0.0000000D+00
  0.1424782D+05  0.2160071D+04  0.1115614D+04  0.0000000D+00
  0.2110431D+05  0.1643343D+04  0.2564143D+04  0.0000000D+00
  0.2453105D+05  0.1386084D+04  0.3288336D+04  0.0000000D+00
  0.4551897D+04  0.8893539D+04  0.2487334D+04  0.0000000D+00
  0.2398678D+04 -0.2982292D+04 -0.8281380D+03  0.0000000D+00
  0.2747968D+04  0.3903948D+04  0.5544119D+03  0.0000000D+00
 -0.1648900D+03  0.6182351D+03 -0.6392762D+03  0.0000000D+00
 -0.4429525D+04  0.8761538D+02 -0.2120710D+03  0.0000000D+00
  0.9051771D+04  0.1929725D+03 -0.1205391D+04  0.0000000D+00
 -0.1078976D+05 -0.4982148D+04  0.8567183D+03  0.0000000D+00
 -0.7518937D+04  0.6000360D+04 -0.1168492D+04  0.0000000D+00
 -0.3333333D+04  0.3482748D+04 -0.3538335D+03  0.0000000D+00
 -0.5435358D+03  0.1810582D+04  0.1921868D+03  0.0000000D+00
  0.8514283D+03  0.9738236D+03  0.4648817D+03  0.0000000D+00
  0.7668476D+04  0.9084661D+04  0.1176456D+04  0.0000000D+00
 -0.2321586D+04 -0.5700744D+03 -0.1009945D+04  0.0000000D+00
  0.2770012D+04  0.3026144D+04  0.5791961D+03  0.0000000D+00
  0.8340283D+03 -0.6574302D+03  0.3084029D+03  0.0000000D+00
  0.7149804D+04  0.8190110D+03  0.3970524D+03  0.0000000D+00
 -0.4209803D+03 -0.5754670D+04 -0.1302925D+00  0.0000000D+00
  0.5018726D+04  0.4620865D+04  0.5699203D+03  0.0000000D+00
 -0.5368520D+04 -0.1164611D+04  0.8868325D+03  0.0000000D+00
  0.6104546D+02 -0.2111059D+04  0.3992891D+03  0.0000000D+00
  0.3677150D+04 -0.2737115D+04  0.7380948D+02  0.0000000D+00
  0.5485592D+04 -0.3050674D+04 -0.8888160D+02  0.0000000D+00
  0.4757606D+04 -0.6267242D+03 -0.2832345D+04  0.0000000D+00
 -0.3847481D+03 -0.4252795D+03  0.8345813D+03  0.0000000D+00
  0.5507118D+03 -0.7992266D+03 -0.6904888D+03  0.0000000D+00
 -0.1931923D+04 -0.6479786D+03  0.6918219D+03  0.0000000D+00
  0.2235730D+04  0.2197806D+04  0.3394982D+03  0.0000000D+00
  0.4303044D+03  0.1761862D+04  0.1539760D+04  0.0000000D+00
 -0.3853466D+04 -0.1802368D+03 -0.7811746D+02  0.0000000D+00
  0.7277555D+04 -0.1635396D+04  0.9398052D+03  0.0000000D+00
  0.2384858D+04  0.2891829D+04  0.6273450D+03  0.0000000D+00
 -0.8725301D+03  0.5901407D+04  0.4177042D+03  0.0000000D+00
 -0.2501701D+04  0.7407124D+04  0.3130281D+03  0.0000000D+00
 -0.1125093D+05  0.3184925D+03  0.3791816D+03  0.0000000D+00
  0.3080391D+04 -0.2178327D+04  0.6614018D+03  0.0000000D+00
 -0.2084182D+04 -0.7139267D+03 -0.5347411D+03  0.0000000D+00
  0.1785615D+04 -0.1270669D+04 -0.1137925D+04  0.0000000D+00
 -0.1012741D+05  0.3571879D+02  0.2989483D+01  0.0000000D+00
  0.6192860D+04  0.2151316D+04 -0.4802352D+03  0.0000000D+00
 -0.8132632D+04  0.3856351D+03 -0.4549614D+02  0.0000000D+00
  0.1487549D+04  0.2435579D+04 -0.2328497D+04  0.0000000D+00
 -0.1728519D+04 -0.1602780D+03 -0.1596625D+04  0.0000000D+00
 -0.3872410D+04 -0.1890627D+04 -0.1106673D+04  0.0000000D+00
 -0.4944373D+04 -0.2755825D+04 -0.8619176D+03  0.0000000D+00
  0.4573393D+04  0.5842784D+04  0.3772374D+04  0.0000000D+00
 -0.1281072D+04 -0.4976746D+03 -0.1226483D+04  0.0000000D+00
  0.2097524D+04  0.1787051D+04  0.1162180D+04  0.0000000D+00
  0.1271279D+04 -0.9177958D+03 -0.4799509D+03  0.0000000D+00
  0.1761069D+04 -0.5341677D+03  0.1605790D+03  0.0000000D+00
 -0.9054666D+04 -0.2389337D+04 -0.1445196D+04  0.0000000D+00
  0.1150873D+05  0.3459545D+04 -0.5648347D+03  0.0000000D+00
  0.5118734D+02  0.4039226D+03 -0.2481249D+02  0.0000000D+00
  0.2884082D+04  0.6857099D+03  0.8252655D+03  0.0000000D+00
  0.4770723D+04  0.8766783D+03  0.1391230D+04  0.0000000D+00
  0.5714256D+04  0.9718262D+03  0.1674294D+04  0.0000000D+00
  0.1122286D+05  0.3047499D+04  0.6666852D+02  0.0000000D+00
 -0.1500157D+04 -0.1027301D+03 -0.2806951D+03  0.0000000D+00
  0.2277147D+04  0.5135444D+03  0.2279322D+03  0.0000000D+00
 -0.1705489D+04 -0.1126941D+04  0.4088769D+03  0.0000000D+00
  0.9259232D+04  0.4177681D+03  0.1464903D+03  0.0000000D+00
 -0.6193764D+04 -0.1153846D+04 -0.5049625D+03  0.0000000D+00
  0.5484193D+04  0.1556467D+04  0.5425739D+03  0.0000000D+00
 -0.3647438D+04 -0.5571143D+03  0.4880347D+03  0.0000000D+00
  0.2769884D+04 -0.2430846D+02  0.1231260D+04  0.0000000D+00
  0.7053107D+04  0.3277982D+03  0.1726756D+04  0.0000000D+00
  0.9194177D+04  0.5041865D+03  0.1974503D+04  0.0000000D+00
