  1  2   693 18432  4  4  9 11  7  1    0.00   24.00  200.00  600.00    0.00    6.28   45.00   45.00
  200.0  200.0  200.0  200.0  250.0  300.0  350.0  400.0  450.0  500.0  550.0  600.0  600.0  600.0  600.0
  0.7927368D-01  0.3613751D-01  0.2551087D-02  0.0000000D+00
  0.7036749D-01  0.3338816D-01  0.6945811D-02  0.0000000D+00
  0.6995787D-01  0.3274803D-01  0.1892952D-01  0.0000000D+00
  0.3359780D-01  0.1329995D-01  0.1194689D-01  0.0000000D+00
  0.3036132D-01 -0.4620530D-02  0.1018350D-01  0.0000000D+00
  0.3787187D-01 -0.2963783D-01  0.6251928D-02  0.0000000D+00
  0.5403371D-01 -0.4064116D-01  0.7319047D-02  0.0000000D+00
  0.6503411D-01 -0.5890814D-01  0.1258527D-01  0.0000000D+00
  0.8951206D-01 -0.7379223D-01  0.4663747D-02  0.0000000D+00
  0.1058439D+00 -0.8368716D-01 -0.6800976D-03  0.0000000D+00
  0.1140097D+00 -0.8863503D-01 -0.3351090D-02  0.0000000D+00
  0.8851338D-01  0.3972937D-01 -0.1160407D-01  0.0000000D+00
  0.7211254D-01  0.4512642D-01 -0.5237802D-02  0.0000000D+00
  0.6319732D-01  0.5944707D-01  0.8141652D-02  0.0000000D+00
  0.3969836D-02  0.3352472D-01  0.2839723D-02  0.0000000D+00
 -0.7258575D-02  0.1378165D-01  0.7812984D-04  0.0000000D+00
 -0.7643855D-02 -0.5704008D-02  0.2203088D-02  0.0000000D+00
 -0.9531021D-02  0.9697136D-02 -0.5574599D-02  0.0000000D+00
 -0.2076110D-03 -0.3188649D-02 -0.6591938D-02  0.0000000D+00
 -0.2186732D-02  0.4035914D-03 -0.7394060D-02  0.0000000D+00
 -0.3526915D-02  0.2830694D-02 -0.7915378D-02  0.0000000D+00
 -0.4196695D-02  0.4043770D-02 -0.8176243D-02  0.0000000D+00
 -0.2745185D-02  0.3125427D-02  0.3720737D-02  0.0000000D+00
  0.3271846D-04  0.2844539D-01  0.5225613D-02  0.0000000D+00
  0.1671758D-01  0.2625418D-01  0.1529496D-02  0.0000000D+00
  0.3582731D-02  0.1524506D-01  0.8198689D-02  0.0000000D+00
  0.3892984D-02 -0.8708227D-02  0.1731822D-04  0.0000000D+00
  0.1051239D-01 -0.1697754D-01  0.8699665D-02  0.0000000D+00
  0.4506722D-02 -0.6113292D-02  0.5037437D-02  0.0000000D+00
  0.8953125D-02 -0.1240745D-01 -0.1916565D-02  0.0000000D+00
  0.6634524D-02 -0.5904562D-02 -0.9844432D-03  0.0000000D+00
  0.5075613D-02 -0.1659101D-02 -0.4892005D-03  0.0000000D+00
  0.4296345D-02  0.4649971D-03 -0.2396740D-03  0.0000000D+00
  0.2095170D-01  0.1872854D-02 -0.3173569D-03  0.0000000D+00
  0.1453495D-01 -0.1385566D-02 -0.1477811D-02  0.0000000D+00
  0.2125637D-01  0.7040601D-02  0.6407389D-03  0.0000000D+00
  0.3529409D-02  0.2482992D-02 -0.3355912D-03  0.0000000D+00
 -0.2811084D-02  0.8993849D-02  0.1557438D-03  0.0000000D+00
 -0.6702427D-02  0.6354261D-02 -0.3824013D-04  0.0000000D+00
 -0.2064426D-02  0.1100002D-02  0.3799710D-02  0.0000000D+00
 -0.5944545D-02  0.1311261D-02  0.1828257D-03  0.0000000D+00
 -0.6701538D-02 -0.1493779D-02  0.1662795D-02  0.0000000D+00
 -0.7169008D-02 -0.3352508D-02  0.2660982D-02  0.0000000D+00
 -0.7403290D-02 -0.4282048D-02  0.3159907D-02  0.0000000D+00
 -0.2079845D-01 -0.1297343D-02 -0.2021749D-03  0.0000000D+00
 -0.1861192D-01 -0.3268291D-02  0.1308528D-02  0.0000000D+00
  0.3224916D-02  0.1131190D-02 -0.2830660D-02  0.0000000D+00
 -0.1536111D-02  0.8417281D-03  0.7905852D-03  0.0000000D+00
 -0.2788126D-03 -0.2321910D-02  0.1837011D-02  0.0000000D+00
  0.9178562D-03 -0.4368214D-02 -0.1223237D-02  0.0000000D+00
  0.2007994D-02  0.2602771D-02  0.2611733D-02  0.0000000D+00
  0.5033069D-02 -0.4403263D-02  0.2925567D-02  0.0000000D+00
  0.2630045D-03  0.2212140D-02  0.2829528D-02  0.0000000D+00
 -0.2938605D-02  0.6646321D-02  0.2858103D-02  0.0000000D+00
 -0.4539090D-02  0.8863067D-02  0.2871010D-02  0.0000000D+00
  0.3549589D-03  0.6554954D-03  0.6417895D-03  0.0000000D+00
  0.3957742D-03 -0.5138061D-02  0.2287303D-03  0.0000000D+00
  0.6409893D-02  0.3611883D-02  0.2147312D-02  0.0000000D+00
  0.3463041D-02 -0.3809526D-02 -0.9391901D-03  0.0000000D+00
 -0.1180935D-02  0.1619860D-02  0.1918558D-02  0.0000000D+00
 -0.6861240D-03  0.2875808D-02 -0.3267256D-02  0.0000000D+00
 -0.1257631D-02 -0.2767351D-02  0.5014054D-03  0.0000000D+00
 -0.3266993D-03 -0.2352784D-02 -0.1393490D-02  0.0000000D+00
  0.6809192D-04 -0.2094658D-02 -0.1106505D-02  0.0000000D+00
  0.3414370D-03 -0.1949529D-02 -0.9020603D-03  0.0000000D+00
  0.4779625D-03 -0.1876562D-02 -0.8000360D-03  0.0000000D+00
 -0.2392708D-01 -0.5655666D-03  0.4481227D-04  0.0000000D+00
 -0.2575062D-01  0.5615799D-03  0.7842998D-03  0.0000000D+00
 -0.8827290D-02 -0.9312537D-02  0.1446255D-03  0.0000000D+00
 -0.1393593D-02 -0.1788996D-02 -0.8045283D-03  0.0000000D+00
 -0.7475794D-03 -0.3159753D-02 -0.1286961D-02  0.0000000D+00
 -0.3088234D-02  0.1335363D-03 -0.3053644D-02  0.0000000D+00
 -0.3313170D-02 -0.2635933D-02 -0.1859706D-02  0.0000000D+00
 -0.3679624D-02 -0.1485860D-03  0.7251071D-03  0.0000000D+00
 -0.2278628D-02 -0.2214970D-02  0.5985453D-03  0.0000000D+00
 -0.1371672D-02 -0.3572013D-02  0.4914780D-03  0.0000000D+00
 -0.9177857D-03 -0.4250854D-02  0.4382816D-03  0.0000000D+00
  0.2753488D-03 -0.6787678D-03  0.1049654D-03  0.0000000D+00
 -0.3599918D-02 -0.1362286D-02 -0.1266214D-02  0.0000000D+00
 -0.6276787D-03  0.1058669D-02  0.1148737D-02  0.0000000D+00
  0.1369645D-02 -0.1111792D-02 -0.1526834D-02  0.0000000D+00
 -0.4042486D-03 -0.2193988D-02  0.1244031D-02  0.0000000D+00
 -0.1794314D-03  0.2845728D-02  0.1937794D-03  0.0000000D+00
 -0.1554156D-02  0.2342355D-02 -0.7832461D-03  0.0000000D+00
 -0.1406516D-02  0.4578358D-03  0.1297342D-04  0.0000000D+00
 -0.7204705D-03  0.2720666D-03  0.2598494D-03  0.0000000D+00
 -0.2737623D-03  0.1786754D-03  0.4568486D-03  0.0000000D+00
 -0.5025243D-04  0.1315242D-03  0.5548600D-03  0.0000000D+00
 -0.4611335D-02 -0.7351697D-05  0.2244744D-04  0.0000000D+00
 -0.6934773D-02  0.7206605D-02 -0.1469513D-02  0.0000000D+00
 -0.1982413D-02  0.6296331D-03  0.1991606D-02  0.0000000D+00
 -0.1677622D-02  0.2531432D-02  0.3916432D-03  0.0000000D+00
 -0.9386051D-04  0.5962736D-03 -0.1401264D-02  0.0000000D+00
 -0.2323941D-02 -0.2674385D-02  0.2863163D-02  0.0000000D+00
  0.1929172D-02  0.3608277D-03 -0.1715492D-02  0.0000000D+00
 -0.8152215D-03 -0.5652190D-03  0.3163319D-03  0.0000000D+00
 -0.3226121D-03  0.2357877D-03  0.7992013D-03  0.0000000D+00
  0.1735092D-04  0.7918666D-03  0.1111358D-02  0.0000000D+00
  0.1871634D-03  0.1069574D-02  0.1267585D-02  0.0000000D+00
 -0.3871901D-01 -0.2323665D-01  0.5368104D-02  0.0000000D+00
 -0.2527309D-01 -0.1950527D-01  0.6431196D-02  0.0000000D+00
 -0.1918350D-02 -0.3370279D-02  0.7022468D-03  0.0000000D+00
 -0.5544659D-03 -0.1166190D-01 -0.2011826D-02  0.0000000D+00
 -0.2450114D-02  0.6596351D-03  0.1262616D-03  0.0000000D+00
  0.8226270D-03 -0.7440141D-02 -0.1364451D-01  0.0000000D+00
  0.7350732D-02 -0.2146179D-02 -0.7132073D-02  0.0000000D+00
  0.1323121D-01  0.7796539D-03 -0.4812081D-02  0.0000000D+00
  0.1290461D-01  0.9998709D-02 -0.9169761D-02  0.0000000D+00
  0.1266764D-01  0.1610436D-01 -0.1200379D-01  0.0000000D+00
  0.1254943D-01  0.1915778D-01 -0.1342187D-01  0.0000000D+00
 -0.6028201D-01 -0.2127782D-01  0.8982909D-02  0.0000000D+00
 -0.4315248D-01 -0.1954241D-01  0.1039338D-01  0.0000000D+00
 -0.1331291D-01 -0.6331426D-02 -0.1124125D-02  0.0000000D+00
 -0.3347575D-02  0.5746796D-02  0.2824525D-02  0.0000000D+00
  0.1021961D-02 -0.3781591D-03  0.2890374D-02  0.0000000D+00
  0.6325895D-03  0.1075753D-01  0.5374906D-02  0.0000000D+00
  0.3047927D-02 -0.2472728D-02  0.1538424D-02  0.0000000D+00
  0.1428039D-02  0.6447735D-02 -0.5731221D-02  0.0000000D+00
  0.3694078D-02  0.7215404D-02 -0.1441768D-02  0.0000000D+00
  0.5179583D-02  0.7711719D-02  0.1401509D-02  0.0000000D+00
  0.5922716D-02  0.7960097D-02  0.2823384D-02  0.0000000D+00
  0.1726493D-01  0.1366827D-01 -0.4782201D-02  0.0000000D+00
  0.1434615D-01  0.3732625D-02  0.1386694D-02  0.0000000D+00
  0.5560963D-02  0.1558572D-01 -0.5107103D-02  0.0000000D+00
  0.8470975D-03 -0.1793894D-02  0.4330985D-02  0.0000000D+00
 -0.2556280D-02  0.4012412D-02 -0.1367853D-03  0.0000000D+00
 -0.2521897D-02  0.1388386D-01  0.1233596D-01  0.0000000D+00
 -0.7715323D-02  0.8784160D-02  0.4985431D-02  0.0000000D+00
 -0.3474390D-02  0.1417201D-01 -0.2187509D-02  0.0000000D+00
  0.4601300D-03  0.8411948D-02 -0.1525347D-02  0.0000000D+00
  0.3081921D-02  0.4606369D-02 -0.1141951D-02  0.0000000D+00
  0.4392838D-02  0.2703046D-02 -0.9493614D-03  0.0000000D+00
 -0.2955499D-01 -0.1123151D-02  0.3718032D-03  0.0000000D+00
 -0.2346509D-01 -0.8511319D-02  0.1772996D-02  0.0000000D+00
 -0.4971065D-02 -0.5012760D-02 -0.3809682D-03  0.0000000D+00
  0.1183894D-02 -0.8392406D-03 -0.2897806D-02  0.0000000D+00
 -0.2075566D-02  0.1734660D-03 -0.7414200D-03  0.0000000D+00
 -0.3978081D-02  0.7352622D-02 -0.4937360D-02  0.0000000D+00
 -0.9870701D-02  0.1859140D-02  0.4851746D-03  0.0000000D+00
 -0.5799562D-02  0.2650708D-02  0.2424283D-02  0.0000000D+00
 -0.5165060D-02  0.1660591D-02  0.2915807D-03  0.0000000D+00
 -0.4693866D-02  0.1008115D-02 -0.1115557D-02  0.0000000D+00
 -0.4458990D-02  0.6817761D-03 -0.1819343D-02  0.0000000D+00
  0.2286408D-01  0.7640620D-03 -0.1005216D-02  0.0000000D+00
  0.1945513D-01  0.3820146D-02 -0.1581657D-02  0.0000000D+00
  0.7626855D-02  0.1177648D-01 -0.3644869D-02  0.0000000D+00
 -0.1393845D-02  0.9892788D-02  0.2879778D-03  0.0000000D+00
 -0.1919185D-02 -0.1593562D-02  0.1134843D-02  0.0000000D+00
 -0.2335663D-02 -0.2028904D-02 -0.1177382D-02  0.0000000D+00
 -0.4721119D-04 -0.7080653D-02 -0.3183293D-02  0.0000000D+00
 -0.4673579D-02  0.2379003D-02  0.1138736D-02  0.0000000D+00
 -0.3634254D-02 -0.2583741D-02 -0.3644013D-03  0.0000000D+00
 -0.2886010D-02 -0.6002503D-02 -0.1384317D-02  0.0000000D+00
 -0.2512711D-02 -0.7710235D-02 -0.1894009D-02  0.0000000D+00
 -0.4200550D-03  0.8549883D-03 -0.4386155D-03  0.0000000D+00
 -0.7372839D-03  0.9034732D-02 -0.1780558D-02  0.0000000D+00
  0.3871821D-02 -0.7567076D-03  0.7728560D-03  0.0000000D+00
 -0.8310986D-03 -0.2840898D-02 -0.1848953D-02  0.0000000D+00
 -0.1598652D-02  0.6171261D-03  0.3657544D-02  0.0000000D+00
  0.7385652D-03 -0.1615748D-02 -0.2919225D-02  0.0000000D+00
  0.2296190D-02 -0.2588640D-02  0.3970909D-02  0.0000000D+00
  0.5243092D-03 -0.1026605D-02  0.7669089D-03  0.0000000D+00
 -0.2998067D-03  0.3806026D-03  0.2590966D-03  0.0000000D+00
 -0.8379526D-03  0.1327940D-02 -0.8846558D-04  0.0000000D+00
 -0.1107194D-02  0.1801474D-02 -0.2621137D-03  0.0000000D+00
  0.1922721D-01  0.1413085D-02 -0.1322762D-03  0.0000000D+00
  0.1992540D-01 -0.3425070D-02  0.1593906D-02  0.0000000D+00
  0.5350318D-02 -0.3499749D-03 -0.6800852D-03  0.0000000D+00
  0.1983294D-03 -0.1146062D-02 -0.1460635D-02  0.0000000D+00
 -0.2083781D-02  0.1811269D-02 -0.1511610D-02  0.0000000D+00
  0.1901740D-02 -0.2284463D-02  0.6889655D-03  0.0000000D+00
 -0.4691103D-02  0.3365388D-02  0.3102209D-03  0.0000000D+00
 -0.2005247D-04 -0.7355981D-03  0.3521104D-02  0.0000000D+00
 -0.2118895D-02  0.1824910D-02  0.2741438D-02  0.0000000D+00
 -0.3545139D-02  0.3606333D-02  0.2219055D-02  0.0000000D+00
 -0.4257846D-02  0.4495927D-02  0.1957902D-02  0.0000000D+00
  0.4465984D-02 -0.2673692D-03 -0.1380096D-03  0.0000000D+00
  0.4544095D-02 -0.1979441D-02  0.2050531D-03  0.0000000D+00
  0.2776001D-02  0.3227122D-02 -0.7600457D-03  0.0000000D+00
  0.1831203D-02 -0.5353542D-03  0.1076807D-04  0.0000000D+00
 -0.6873557D-03 -0.1380403D-02  0.2932064D-03  0.0000000D+00
 -0.6211844D-03  0.1926162D-02  0.4094584D-02  0.0000000D+00
  0.1525480D-02 -0.2550682D-02 -0.3250418D-03  0.0000000D+00
 -0.1977291D-02  0.5997143D-03  0.3281288D-03  0.0000000D+00
 -0.5783523D-03  0.7071879D-04 -0.2499347D-05  0.0000000D+00
  0.3349164D-03 -0.2277813D-03 -0.2178587D-03  0.0000000D+00
  0.7918433D-03 -0.3778399D-03 -0.3256202D-03  0.0000000D+00
  0.1003064D-01 -0.1845456D-03  0.1576964D-03  0.0000000D+00
  0.1205316D-01 -0.3821538D-02  0.9875904D-03  0.0000000D+00
  0.3995684D-02  0.3259272D-02 -0.2462944D-03  0.0000000D+00
 -0.1838336D-03 -0.4419734D-02  0.1987099D-02  0.0000000D+00
  0.3578030D-03 -0.7505591D-03 -0.5247756D-03  0.0000000D+00
 -0.8440747D-03  0.3721162D-02  0.2234772D-02  0.0000000D+00
  0.2837011D-02 -0.2089820D-02 -0.3953166D-02  0.0000000D+00
 -0.9849921D-03  0.1656004D-02 -0.2958844D-04  0.0000000D+00
  0.5036519D-03 -0.2349632D-03  0.8813304D-03  0.0000000D+00
  0.1504383D-02 -0.1493921D-02  0.1490442D-02  0.0000000D+00
  0.2004622D-02 -0.2123430D-02  0.1794971D-02  0.0000000D+00
  0.5277152D-02 -0.1502124D-01  0.1011070D-01  0.0000000D+00
  0.8492106D-02 -0.2932519D-02  0.7074398D-02  0.0000000D+00
  0.8297040D-02  0.9111667D-02  0.2769596D-02  0.0000000D+00
  0.5910232D-02  0.5899769D-02  0.4327374D-02  0.0000000D+00
 -0.6922094D-03  0.3560307D-02  0.9988853D-03  0.0000000D+00
 -0.4205727D-03  0.3035783D-02  0.5149265D-02  0.0000000D+00
 -0.4982196D-02  0.6234633D-02 -0.8947062D-04  0.0000000D+00
 -0.1376348D-02  0.8948616D-02  0.6145276D-02  0.0000000D+00
 -0.3504597D-02  0.7714007D-02  0.6527434D-02  0.0000000D+00
 -0.4974156D-02  0.6892551D-02  0.6708093D-02  0.0000000D+00
 -0.5708181D-02  0.6481805D-02  0.6799530D-02  0.0000000D+00
  0.3550908D-02 -0.6136875D-02  0.8241834D-02  0.0000000D+00
  0.6665324D-02 -0.7546843D-02  0.4258166D-02  0.0000000D+00
  0.8344839D-02  0.9054889D-02 -0.5651035D-02  0.0000000D+00
  0.4464945D-02  0.8867986D-02  0.1281578D-02  0.0000000D+00
  0.2267242D-02  0.3219759D-02 -0.2840515D-03  0.0000000D+00
  0.3196661D-02 -0.3154484D-02 -0.1061870D-02  0.0000000D+00
 -0.1535537D-02  0.7949944D-02 -0.3621886D-02  0.0000000D+00
  0.3685189D-02  0.1378007D-02  0.6950613D-02  0.0000000D+00
 -0.3266297D-03  0.4486036D-02  0.8140273D-03  0.0000000D+00
 -0.3031671D-02  0.6582824D-02 -0.3352885D-02  0.0000000D+00
 -0.4383750D-02  0.7630869D-02 -0.5435216D-02  0.0000000D+00
 -0.8873040D-02  0.1227270D-01 -0.3650654D-02  0.0000000D+00
 -0.1244457D-01 -0.5737932D-03 -0.4023003D-02  0.0000000D+00
 -0.4345596D-02 -0.4338713D-04  0.2015200D-02  0.0000000D+00
 -0.2362557D-02 -0.2019224D-02 -0.3365718D-02  0.0000000D+00
 -0.1882411D-02  0.6058037D-02  0.3369902D-03  0.0000000D+00
  0.1034353D-02 -0.5323422D-02  0.5827449D-03  0.0000000D+00
  0.1735014D-02 -0.2476035D-02 -0.4055219D-02  0.0000000D+00
 -0.2243329D-02  0.8467106D-03  0.3496257D-03  0.0000000D+00
 -0.3054774D-02 -0.1948233D-03  0.1083644D-03  0.0000000D+00
 -0.3545847D-02 -0.9000533D-03 -0.2553513D-04  0.0000000D+00
 -0.3792133D-02 -0.1252507D-02 -0.9288108D-04  0.0000000D+00
  0.9993104D-03  0.7251046D-03  0.5614522D-03  0.0000000D+00
  0.2933867D-02 -0.1926040D-02  0.1199327D-02  0.0000000D+00
  0.8037362D-02  0.2946677D-02  0.9589689D-03  0.0000000D+00
  0.3159046D-02  0.6873569D-02  0.2014764D-02  0.0000000D+00
 -0.4406531D-03 -0.2892863D-02 -0.6631449D-03  0.0000000D+00
 -0.1905594D-02  0.1598128D-02  0.2056294D-02  0.0000000D+00
 -0.8541915D-03 -0.1527165D-02 -0.1579269D-02  0.0000000D+00
  0.1052579D-02 -0.8552948D-02 -0.7554875D-03  0.0000000D+00
 -0.4553045D-03 -0.8596270D-03  0.5965300D-03  0.0000000D+00
 -0.1410355D-02  0.4245684D-02  0.1527759D-02  0.0000000D+00
 -0.1888643D-02  0.6798704D-02  0.1992915D-02  0.0000000D+00
 -0.8312589D-02 -0.4067048D-03 -0.1209970D-04  0.0000000D+00
 -0.9174474D-02 -0.3042775D-02 -0.1193077D-03  0.0000000D+00
  0.5763075D-02 -0.1017640D-01  0.2025316D-02  0.0000000D+00
  0.4486868D-02  0.4479417D-02  0.3458495D-02  0.0000000D+00
  0.5388879D-02  0.2049322D-02  0.5565189D-03  0.0000000D+00
  0.4209747D-02 -0.6163291D-02  0.2873817D-02  0.0000000D+00
 -0.4506500D-03  0.1848410D-02  0.2519158D-02  0.0000000D+00
 -0.1171870D-02  0.7222282D-02 -0.3138009D-02  0.0000000D+00
  0.1992477D-02  0.2770034D-02 -0.9894592D-03  0.0000000D+00
  0.4066264D-02 -0.1659112D-03  0.3777347D-03  0.0000000D+00
  0.5103691D-02 -0.1634355D-02  0.1062308D-02  0.0000000D+00
 -0.2060578D-02  0.2188794D-04  0.4329075D-04  0.0000000D+00
 -0.1205462D-02 -0.1193905D-02 -0.2843495D-02  0.0000000D+00
  0.4464275D-02  0.2961499D-02  0.2838426D-02  0.0000000D+00
  0.1727144D-02 -0.3387211D-02 -0.1576292D-02  0.0000000D+00
  0.4189426D-03 -0.9220654D-03  0.1366657D-02  0.0000000D+00
  0.7132040D-03  0.5414844D-02  0.1535611D-02  0.0000000D+00
  0.2885037D-02 -0.2176923D-02 -0.9596440D-03  0.0000000D+00
  0.3214605D-03  0.2258472D-02  0.7917347D-03  0.0000000D+00
 -0.1060362D-02  0.1853006D-02 -0.8557759D-04  0.0000000D+00
 -0.1983836D-02  0.1597368D-02 -0.6679651D-03  0.0000000D+00
 -0.2445535D-02  0.1469323D-02 -0.9591978D-03  0.0000000D+00
 -0.1069498D-01  0.7300105D-03 -0.1435549D-03  0.0000000D+00
 -0.1239422D-01  0.4042823D-02 -0.1627613D-02  0.0000000D+00
 -0.2446299D-03  0.1900609D-02 -0.1074004D-02  0.0000000D+00
 -0.1398333D-02  0.7254844D-02  0.2518068D-02  0.0000000D+00
 -0.2436101D-03  0.2848652D-02  0.7458756D-03  0.0000000D+00
 -0.2047578D-02 -0.6049108D-03  0.1793707D-03  0.0000000D+00
 -0.9427484D-03  0.1711867D-02 -0.5515817D-04  0.0000000D+00
 -0.2192220D-02  0.4203179D-02  0.9108812D-03  0.0000000D+00
 -0.8917708D-04  0.3064487D-02 -0.4527287D-03  0.0000000D+00
  0.1366355D-02  0.2204291D-02 -0.1376861D-02  0.0000000D+00
  0.2093321D-02  0.1775704D-02 -0.1838710D-02  0.0000000D+00
 -0.3599080D-02  0.3962767D-04 -0.4877211D-04  0.0000000D+00
 -0.5370809D-02  0.1531967D-02  0.5558796D-03  0.0000000D+00
 -0.1706055D-02 -0.2618328D-02 -0.7238384D-03  0.0000000D+00
 -0.2655548D-02 -0.1468776D-02 -0.1919895D-03  0.0000000D+00
  0.1677199D-03 -0.7264447D-03  0.1848657D-02  0.0000000D+00
 -0.1550426D-03  0.3223903D-02 -0.1397453D-02  0.0000000D+00
  0.6437447D-04 -0.7691873D-03  0.1286349D-02  0.0000000D+00
 -0.1028169D-02  0.1031602D-02  0.4711968D-03  0.0000000D+00
 -0.7426690D-03  0.4038712D-03  0.1716057D-03  0.0000000D+00
 -0.5177662D-03 -0.2613170D-04 -0.6414903D-05  0.0000000D+00
 -0.4058377D-03 -0.2409613D-03 -0.9574543D-04  0.0000000D+00
 -0.3027519D-02 -0.2583700D-03  0.1712670D-03  0.0000000D+00
 -0.4475180D-02 -0.3337992D-02  0.1009409D-02  0.0000000D+00
  0.2934539D-02  0.3362942D-02  0.6265329D-03  0.0000000D+00
 -0.8298028D-03  0.2160745D-02 -0.6292912D-03  0.0000000D+00
 -0.1901202D-02  0.1932586D-02 -0.5102638D-03  0.0000000D+00
 -0.1236196D-02 -0.2298399D-02 -0.7493802D-03  0.0000000D+00
 -0.1458337D-02  0.1418649D-03  0.9775417D-03  0.0000000D+00
 -0.3148255D-03  0.1899349D-03 -0.3389536D-03  0.0000000D+00
 -0.4459784D-03  0.4507202D-04 -0.6208707D-03  0.0000000D+00
 -0.5413358D-03 -0.4613300D-04 -0.8100864D-03  0.0000000D+00
 -0.5888939D-03 -0.9181992D-04 -0.9046796D-03  0.0000000D+00
  0.5144065D-02  0.7776299D-02 -0.7235042D-03  0.0000000D+00
  0.2142856D-02  0.4357687D-02  0.7524569D-03  0.0000000D+00
 -0.4742812D-02 -0.1746412D-02 -0.1238592D-02  0.0000000D+00
 -0.1022420D-02  0.2109094D-03  0.1273976D-02  0.0000000D+00
  0.1559427D-02  0.2487802D-02 -0.5358831D-03  0.0000000D+00
  0.3595486D-02  0.2251226D-02 -0.5373577D-03  0.0000000D+00
  0.6313454D-02 -0.4672465D-04  0.6545548D-03  0.0000000D+00
  0.7099193D-02 -0.7556650D-04  0.1574263D-02  0.0000000D+00
  0.4371609D-02  0.1129460D-02  0.3024252D-02  0.0000000D+00
  0.2551276D-02  0.1936412D-02  0.3983266D-02  0.0000000D+00
  0.1641136D-02  0.2339833D-02  0.4462890D-02  0.0000000D+00
  0.1135985D-01  0.9963068D-02 -0.2719352D-02  0.0000000D+00
  0.7922498D-02  0.6996144D-02 -0.1414049D-02  0.0000000D+00
 -0.3249943D-02 -0.1977351D-02 -0.2493172D-02  0.0000000D+00
  0.1625420D-02 -0.5470737D-02 -0.3266159D-03  0.0000000D+00
  0.6592909D-03  0.1341538D-02  0.1248049D-02  0.0000000D+00
 -0.7089998D-03 -0.1627275D-02 -0.5246721D-03  0.0000000D+00
 -0.1245401D-02  0.1969493D-02  0.2783379D-02  0.0000000D+00
 -0.3463114D-02  0.1599978D-02 -0.3139830D-02  0.0000000D+00
 -0.2525564D-02  0.3757253D-02 -0.1484755D-03  0.0000000D+00
 -0.1932426D-02  0.5198467D-02  0.1842159D-02  0.0000000D+00
 -0.1635379D-02  0.5919025D-02  0.2837533D-02  0.0000000D+00
  0.1630310D-02 -0.6842778D-02  0.1385975D-02  0.0000000D+00
  0.4480072D-02  0.7320114D-03  0.1542367D-02  0.0000000D+00
  0.2871405D-02 -0.7410402D-02 -0.2545846D-02  0.0000000D+00
 -0.1520155D-02 -0.8284229D-03  0.3757243D-03  0.0000000D+00
 -0.1888959D-02 -0.1778771D-02 -0.7309085D-03  0.0000000D+00
 -0.2017801D-03 -0.3839486D-02  0.1605616D-02  0.0000000D+00
 -0.2599565D-02  0.4158051D-04 -0.5344210D-02  0.0000000D+00
  0.1303358D-02 -0.1431701D-02 -0.8616903D-03  0.0000000D+00
  0.4262645D-03 -0.6647633D-03 -0.1406162D-02  0.0000000D+00
 -0.1784635D-03 -0.1489206D-03 -0.1783996D-02  0.0000000D+00
 -0.4805275D-03  0.1089280D-03 -0.1972685D-02  0.0000000D+00
  0.8623857D-02  0.2139889D-03  0.2851535D-03  0.0000000D+00
  0.5638164D-02  0.3594382D-02 -0.3813673D-03  0.0000000D+00
  0.2727028D-05 -0.3058395D-02  0.1021032D-02  0.0000000D+00
 -0.8863390D-03  0.1618722D-02 -0.1159321D-03  0.0000000D+00
  0.6405896D-04 -0.4796924D-03  0.9815830D-04  0.0000000D+00
  0.3571326D-03 -0.2450910D-02 -0.2505588D-02  0.0000000D+00
 -0.3169024D-02  0.4871828D-03  0.6592601D-03  0.0000000D+00
 -0.1489016D-03 -0.1066507D-02  0.1569909D-02  0.0000000D+00
  0.1494746D-03 -0.2061201D-02  0.4674900D-03  0.0000000D+00
  0.3617676D-03 -0.2709074D-02 -0.2544464D-03  0.0000000D+00
  0.4677165D-03 -0.3033241D-02 -0.6156112D-03  0.0000000D+00
  0.4190970D-03 -0.1026794D-02  0.9777299D-04  0.0000000D+00
  0.1040298D-02  0.1349100D-02  0.1184349D-02  0.0000000D+00
  0.2685582D-02 -0.3135159D-02 -0.1115897D-03  0.0000000D+00
 -0.1904348D-02 -0.1593680D-02  0.7861302D-03  0.0000000D+00
  0.1386922D-02 -0.1854055D-02  0.1131477D-02  0.0000000D+00
  0.1737068D-03  0.1348907D-02  0.8950233D-03  0.0000000D+00
 -0.1487499D-02  0.4982797D-03  0.1835872D-02  0.0000000D+00
 -0.2418961D-02 -0.1790598D-03 -0.2165773D-02  0.0000000D+00
 -0.1777421D-02 -0.1337980D-03  0.5027905D-04  0.0000000D+00
 -0.1353324D-02 -0.1155989D-03  0.1521260D-02  0.0000000D+00
 -0.1141220D-02 -0.1063241D-03  0.2256846D-02  0.0000000D+00
  0.2898658D-02 -0.7713173D-03 -0.4660831D-04  0.0000000D+00
  0.2464956D-02 -0.2929910D-02 -0.4993134D-04  0.0000000D+00
  0.2984807D-03 -0.1517247D-03 -0.2886633D-03  0.0000000D+00
 -0.1375171D-02 -0.1456217D-02  0.6451484D-03  0.0000000D+00
  0.1163108D-02 -0.1228710D-02 -0.7655180D-04  0.0000000D+00
 -0.2001775D-02  0.1965427D-02 -0.9571769D-03  0.0000000D+00
 -0.8851982D-03 -0.5237470D-03  0.1959759D-02  0.0000000D+00
 -0.3891507D-02 -0.1923592D-04  0.1522997D-02  0.0000000D+00
 -0.1779951D-02 -0.1145472D-03  0.9305846D-03  0.0000000D+00
 -0.3393639D-03 -0.1518305D-03  0.5278092D-03  0.0000000D+00
  0.3804291D-03 -0.1708641D-03  0.3265433D-03  0.0000000D+00
  0.3014479D-02 -0.2776315D-03  0.9966770D-04  0.0000000D+00
  0.3822902D-03  0.8989437D-03 -0.9837657D-03  0.0000000D+00
  0.2888548D-02 -0.1751280D-02  0.4661639D-03  0.0000000D+00
 -0.7069734D-03  0.2293518D-02 -0.1012411D-02  0.0000000D+00
 -0.1178279D-02  0.9206719D-03  0.1076935D-02  0.0000000D+00
  0.8829635D-03 -0.6561805D-03 -0.1058600D-03  0.0000000D+00
  0.1272223D-03  0.2516747D-03 -0.1186161D-02  0.0000000D+00
  0.6631920D-03  0.5279129D-03  0.1287590D-02  0.0000000D+00
  0.7726833D-03 -0.7394507D-03  0.3242172D-03  0.0000000D+00
  0.8129785D-03 -0.1601723D-02 -0.3078191D-03  0.0000000D+00
  0.8336182D-03 -0.2032601D-02 -0.6239929D-03  0.0000000D+00
  0.1076836D-02  0.6059168D-04  0.1683065D-03  0.0000000D+00
  0.3139748D-02  0.2132546D-02 -0.3565615D-03  0.0000000D+00
  0.4932419D-03 -0.1008224D-02  0.9531687D-03  0.0000000D+00
  0.2701338D-03  0.2500139D-02 -0.6103743D-04  0.0000000D+00
  0.9640384D-05  0.1064228D-02  0.2054998D-03  0.0000000D+00
 -0.8656447D-03 -0.1497106D-02  0.5805989D-03  0.0000000D+00
  0.1660210D-02  0.3512132D-03 -0.1068795D-02  0.0000000D+00
  0.2345153D-04  0.4570320D-04  0.5632954D-04  0.0000000D+00
  0.2551463D-04 -0.2672469D-03  0.8980096D-03  0.0000000D+00
  0.9308110D-06 -0.4956774D-03  0.1438258D-02  0.0000000D+00
 -0.1096669D-04 -0.6096003D-03  0.1708694D-02  0.0000000D+00
 -0.1709019D-02 -0.3348347D-03 -0.1056244D-03  0.0000000D+00
 -0.6582798D-02  0.9085923D-03  0.1625706D-03  0.0000000D+00
 -0.3191988D-02 -0.4145585D-03 -0.5715365D-04  0.0000000D+00
 -0.2496019D-03 -0.2147208D-02 -0.5141997D-04  0.0000000D+00
 -0.1977352D-03  0.3036284D-02  0.1284894D-02  0.0000000D+00
  0.3862121D-03 -0.2794403D-02  0.4795921D-03  0.0000000D+00
 -0.1854064D-02  0.1290526D-02 -0.4825411D-03  0.0000000D+00
 -0.9535135D-03 -0.6105656D-03  0.3013806D-03  0.0000000D+00
 -0.5010906D-03 -0.3602223D-03 -0.1417025D-03  0.0000000D+00
 -0.1956701D-03 -0.1851120D-03 -0.4428866D-03  0.0000000D+00
 -0.4301774D-04 -0.9767846D-04 -0.5933931D-03  0.0000000D+00
 -0.3632309D-02  0.3784256D-02  0.2548218D-02  0.0000000D+00
 -0.2679646D-02 -0.1368259D-02 -0.3755391D-02  0.0000000D+00
 -0.4350247D-02 -0.9364452D-03  0.7550706D-03  0.0000000D+00
 -0.1367858D-02 -0.3206729D-02  0.4314110D-03  0.0000000D+00
 -0.5441803D-03  0.1511450D-02  0.1370896D-02  0.0000000D+00
 -0.2624672D-02 -0.1257195D-02  0.3740536D-03  0.0000000D+00
 -0.2160548D-02 -0.9174259D-03 -0.1649784D-03  0.0000000D+00
 -0.3131232D-02  0.2177193D-02  0.1271605D-02  0.0000000D+00
 -0.2177077D-02  0.3692748D-03  0.1067332D-02  0.0000000D+00
 -0.1541432D-02 -0.8181910D-03  0.9156605D-03  0.0000000D+00
 -0.1223602D-02 -0.1412196D-02  0.8400519D-03  0.0000000D+00
 -0.2893538D-02  0.7622483D-02  0.2306298D-02  0.0000000D+00
 -0.3601819D-02 -0.3113616D-02 -0.5870303D-02  0.0000000D+00
 -0.3413487D-02  0.1721661D-02 -0.6821946D-03  0.0000000D+00
 -0.5989221D-03 -0.6540823D-03 -0.2615038D-02  0.0000000D+00
  0.2845682D-02 -0.3032819D-02  0.4149863D-03  0.0000000D+00
  0.4737881D-03  0.5764565D-02 -0.5742524D-03  0.0000000D+00
  0.4227457D-02 -0.4043104D-02  0.1020274D-02  0.0000000D+00
  0.1108065D-03  0.1229926D-02 -0.1037611D-03  0.0000000D+00
  0.2938040D-04  0.6272907D-03 -0.3284177D-03  0.0000000D+00
  0.7191597D-05  0.1846225D-03 -0.4446830D-03  0.0000000D+00
 -0.4387092D-05 -0.3610169D-04 -0.5033098D-03  0.0000000D+00
  0.2919302D-02 -0.4625816D-02  0.4324080D-04  0.0000000D+00
  0.5460874D-02  0.1854718D-02  0.1650407D-02  0.0000000D+00
 -0.1607420D-02  0.8929068D-04  0.2827140D-03  0.0000000D+00
  0.8622053D-03  0.1922615D-02 -0.1902878D-02  0.0000000D+00
  0.4837987D-03 -0.3947242D-02 -0.6708208D-03  0.0000000D+00
  0.1085508D-02  0.7867646D-02  0.4632488D-03  0.0000000D+00
  0.1773967D-02 -0.1769264D-02  0.1063090D-02  0.0000000D+00
 -0.8192591D-04  0.1273128D-02  0.3784393D-04  0.0000000D+00
 -0.1894012D-03  0.2516283D-04 -0.1068981D-02  0.0000000D+00
 -0.2292445D-03 -0.8312697D-03 -0.1836082D-02  0.0000000D+00
 -0.2496436D-03 -0.1259127D-02 -0.2219192D-02  0.0000000D+00
  0.4012083D-03 -0.2340175D-03  0.5983262D-04  0.0000000D+00
 -0.2457900D-02  0.2336811D-03 -0.4550027D-03  0.0000000D+00
 -0.7563367D-03 -0.7519760D-03  0.7630441D-03  0.0000000D+00
 -0.1545141D-02 -0.4701748D-03  0.4260273D-03  0.0000000D+00
 -0.9005326D-03  0.5104941D-03 -0.1923425D-02  0.0000000D+00
  0.8902987D-03  0.4517095D-02  0.1292024D-02  0.0000000D+00
 -0.5990752D-03  0.1443853D-03  0.1650151D-04  0.0000000D+00
 -0.1509903D-02 -0.1322118D-03 -0.2394901D-02  0.0000000D+00
 -0.4655724D-03  0.7367818D-03  0.4254074D-03  0.0000000D+00
  0.2421355D-03  0.1273775D-02  0.2309572D-02  0.0000000D+00
  0.5958187D-03  0.1542904D-02  0.3251589D-02  0.0000000D+00
  0.6056179D-02  0.3840499D-03  0.2276856D-04  0.0000000D+00
  0.7990727D-02  0.1094037D-02  0.1724720D-02  0.0000000D+00
  0.1727122D-02  0.3057934D-02 -0.8286064D-03  0.0000000D+00
  0.7431442D-04  0.3326916D-02  0.1059589D-02  0.0000000D+00
  0.2798921D-03  0.4742030D-03  0.2966389D-04  0.0000000D+00
 -0.1647737D-02 -0.1261805D-02  0.2999892D-03  0.0000000D+00
  0.5479067D-03 -0.1149393D-02  0.1321928D-02  0.0000000D+00
 -0.1444797D-02  0.1811493D-02 -0.1268613D-02  0.0000000D+00
 -0.7478174D-03  0.9852086D-03  0.1031569D-02  0.0000000D+00
 -0.2414740D-03  0.4352877D-03  0.2555968D-02  0.0000000D+00
  0.1107349D-04  0.1603079D-03  0.3318306D-02  0.0000000D+00
  0.3912763D-03 -0.1019936D-03  0.2561322D-04  0.0000000D+00
 -0.7445214D-03  0.1891518D-02 -0.1834127D-03  0.0000000D+00
 -0.4612655D-03  0.9161145D-04  0.6271853D-03  0.0000000D+00
 -0.1137442D-02 -0.2770769D-03 -0.1241255D-03  0.0000000D+00
  0.3790785D-03 -0.1568587D-04  0.5044925D-03  0.0000000D+00
  0.1493065D-02 -0.7321800D-03  0.7528492D-03  0.0000000D+00
 -0.9420647D-03 -0.1039587D-02 -0.1074059D-02  0.0000000D+00
  0.1693664D-02  0.8823159D-03  0.4233830D-03  0.0000000D+00
  0.5222945D-03  0.8814150D-04 -0.9135203D-03  0.0000000D+00
 -0.2839108D-03 -0.4385907D-03 -0.1805669D-02  0.0000000D+00
 -0.6866321D-03 -0.7020000D-03 -0.2251728D-02  0.0000000D+00
  0.6114509D-02 -0.6478941D-04  0.2876436D-05  0.0000000D+00
  0.7732991D-02 -0.2133412D-02 -0.3951870D-03  0.0000000D+00
  0.4659775D-02  0.7404301D-03 -0.2332695D-03  0.0000000D+00
 -0.3158454D-03 -0.1195708D-02  0.7649585D-03  0.0000000D+00
  0.8520181D-03 -0.1051107D-02 -0.4955237D-03  0.0000000D+00
  0.5648177D-03 -0.2883163D-02 -0.1949577D-03  0.0000000D+00
 -0.1715449D-04 -0.7572030D-03 -0.2276698D-03  0.0000000D+00
 -0.2705840D-03 -0.3896573D-03 -0.4696233D-03  0.0000000D+00
  0.4028872D-03 -0.2319877D-03 -0.4878831D-03  0.0000000D+00
  0.8449534D-03 -0.1353537D-03 -0.4676512D-03  0.0000000D+00
  0.1066092D-02 -0.8690912D-04 -0.4580238D-03  0.0000000D+00
 -0.2354417D-02  0.2984050D-04  0.1373885D-03  0.0000000D+00
  0.1436851D-02 -0.2386017D-02  0.4858262D-03  0.0000000D+00
 -0.3309864D-03  0.8200010D-03 -0.3113987D-03  0.0000000D+00
  0.1080078D-02 -0.6354056D-03  0.5876554D-03  0.0000000D+00
 -0.8496253D-03 -0.1962390D-02 -0.2404752D-03  0.0000000D+00
 -0.2151544D-03  0.5822431D-03 -0.6090156D-03  0.0000000D+00
 -0.8491448D-03 -0.4116556D-03 -0.4022300D-03  0.0000000D+00
  0.4105069D-03  0.1675754D-03  0.2514484D-03  0.0000000D+00
 -0.3093788D-03  0.3831078D-03 -0.2757898D-04  0.0000000D+00
 -0.7845895D-03  0.5211899D-03 -0.2058297D-03  0.0000000D+00
 -0.1022269D-02  0.5903178D-03 -0.2950692D-03  0.0000000D+00
  0.1033010D-02  0.3465471D-03 -0.2311337D-05  0.0000000D+00
  0.2446993D-02 -0.7559937D-03  0.1003727D-03  0.0000000D+00
  0.2595402D-02  0.2156461D-02 -0.5910013D-03  0.0000000D+00
 -0.1963401D-02 -0.3025141D-03 -0.7714137D-03  0.0000000D+00
  0.3616536D-03 -0.1928251D-02  0.1346061D-03  0.0000000D+00
 -0.2764781D-03  0.2338148D-02 -0.2199901D-04  0.0000000D+00
  0.2283382D-03 -0.7066552D-03  0.7404305D-03  0.0000000D+00
  0.9600864D-03 -0.1501456D-03 -0.1466122D-02  0.0000000D+00
  0.5067159D-03 -0.2123797D-03  0.3045173D-03  0.0000000D+00
  0.1977039D-03 -0.2789872D-03  0.1516247D-02  0.0000000D+00
  0.4330077D-04 -0.3119147D-03  0.2121642D-02  0.0000000D+00
 -0.1229095D-02 -0.4749041D-02  0.4163584D-03  0.0000000D+00
 -0.6456676D-03  0.5390379D-03  0.2152322D-02  0.0000000D+00
  0.1347506D-02 -0.1883399D-02 -0.1246645D-02  0.0000000D+00
  0.1906784D-04  0.6943342D-03  0.1353041D-02  0.0000000D+00
 -0.9193258D-03 -0.9709889D-03 -0.8121381D-03  0.0000000D+00
 -0.3517143D-03 -0.7790121D-03  0.2746254D-02  0.0000000D+00
  0.6262404D-03 -0.3367503D-03  0.3505988D-03  0.0000000D+00
  0.3665326D-03 -0.3297950D-03  0.4843245D-03  0.0000000D+00
  0.3134549D-03 -0.5087282D-03 -0.9631215D-04  0.0000000D+00
  0.2806871D-03 -0.6444044D-03 -0.5045982D-03  0.0000000D+00
  0.2642634D-03 -0.7119990D-03 -0.7084257D-03  0.0000000D+00
 -0.1701265D-02 -0.2861398D-02  0.1049898D-02  0.0000000D+00
 -0.7721893D-03 -0.1002372D-04  0.2714012D-02  0.0000000D+00
  0.1243130D-02 -0.1309539D-02 -0.1785266D-02  0.0000000D+00
  0.3028428D-03  0.2416253D-02  0.1563374D-03  0.0000000D+00
  0.8045915D-03 -0.4031617D-03 -0.6662440D-03  0.0000000D+00
  0.5608829D-03  0.9116984D-03 -0.2005408D-02  0.0000000D+00
  0.1241803D-02 -0.6334323D-03  0.1586469D-02  0.0000000D+00
 -0.6156963D-03 -0.1375740D-03 -0.1048271D-02  0.0000000D+00
 -0.1161426D-03  0.9282270D-03 -0.1288058D-02  0.0000000D+00
  0.2146804D-03  0.1640621D-02 -0.1450739D-02  0.0000000D+00
  0.3801266D-03  0.1996791D-02 -0.1532037D-02  0.0000000D+00
 -0.1467510D-02  0.6932502D-02  0.4969070D-04  0.0000000D+00
 -0.3364186D-02 -0.2054837D-02  0.1283490D-02  0.0000000D+00
 -0.1873942D-02  0.9366598D-03 -0.1812411D-03  0.0000000D+00
  0.2868185D-03  0.2679268D-03  0.1008667D-03  0.0000000D+00
 -0.8089285D-04  0.3700841D-03  0.2450914D-03  0.0000000D+00
  0.9304063D-03  0.6373776D-03 -0.1381816D-02  0.0000000D+00
 -0.5412505D-03 -0.9431363D-03 -0.1674611D-02  0.0000000D+00
 -0.4291923D-03  0.9771729D-03  0.5892140D-04  0.0000000D+00
 -0.1711968D-03  0.1244444D-02  0.4165068D-03  0.0000000D+00
  0.6462395D-05  0.1391328D-02  0.6607920D-03  0.0000000D+00
  0.9521117D-04  0.1465236D-02  0.7828483D-03  0.0000000D+00
 -0.1182827D-02 -0.2611763D-03  0.1061057D-03  0.0000000D+00
 -0.1676107D-03  0.3475943D-04  0.1498543D-03  0.0000000D+00
  0.2806314D-04  0.1586591D-02  0.1367519D-04  0.0000000D+00
  0.4300927D-03 -0.6853575D-03 -0.1463550D-03  0.0000000D+00
 -0.7047807D-03  0.2328006D-03  0.5454186D-03  0.0000000D+00
  0.2800880D-04 -0.7655545D-03 -0.2265193D-03  0.0000000D+00
 -0.9446186D-03  0.7468367D-03  0.2860831D-03  0.0000000D+00
 -0.2594904D-03  0.3740381D-03 -0.9012713D-03  0.0000000D+00
  0.3993435D-03  0.4502095D-03 -0.6230909D-03  0.0000000D+00
  0.8380787D-03  0.4896710D-03 -0.4453640D-03  0.0000000D+00
  0.1057451D-02  0.5095722D-03 -0.3563855D-03  0.0000000D+00
 -0.8354875D-05  0.4629877D-03 -0.8954302D-04  0.0000000D+00
 -0.2626203D-02 -0.1061999D-02 -0.4098027D-03  0.0000000D+00
 -0.9383800D-03  0.1357982D-02 -0.1171069D-04  0.0000000D+00
  0.1417683D-02 -0.1166373D-02 -0.7070661D-03  0.0000000D+00
 -0.7172789D-03  0.1189853D-02  0.1084447D-02  0.0000000D+00
  0.5615222D-03 -0.7854090D-03 -0.1819455D-03  0.0000000D+00
 -0.7619167D-03  0.8310006D-03  0.7082057D-03  0.0000000D+00
 -0.2928975D-03  0.6506859D-03 -0.8733664D-03  0.0000000D+00
 -0.2586402D-03  0.1234026D-03 -0.2712275D-03  0.0000000D+00
 -0.2363247D-03 -0.2358527D-03  0.1203104D-03  0.0000000D+00
 -0.2251559D-03 -0.4153655D-03  0.3162280D-03  0.0000000D+00
 -0.9150291D-03  0.2704026D-03 -0.2055409D-03  0.0000000D+00
 -0.2609768D-02  0.5289797D-03 -0.7612982D-04  0.0000000D+00
 -0.1698130D-02 -0.3206966D-02 -0.5480372D-03  0.0000000D+00
  0.3012658D-04  0.2212679D-02  0.3108241D-04  0.0000000D+00
 -0.8729364D-04  0.1351367D-02 -0.9193710D-03  0.0000000D+00
  0.6039995D-03 -0.5186866D-03 -0.6194838D-03  0.0000000D+00
 -0.1489801D-04  0.1184037D-03 -0.1297974D-02  0.0000000D+00
  0.3439041D-03 -0.6961878D-03 -0.1444054D-03  0.0000000D+00
  0.1749177D-03  0.7278523D-04  0.8437093D-04  0.0000000D+00
  0.8901810D-04  0.5919309D-03  0.2417965D-03  0.0000000D+00
  0.4566729D-04  0.8514075D-03  0.3204395D-03  0.0000000D+00
 -0.5231969D-03  0.1973220D-03  0.9042584D-04  0.0000000D+00
 -0.1733443D-02  0.4582873D-03  0.1135312D-03  0.0000000D+00
 -0.9188281D-03 -0.5592301D-03 -0.1288367D-03  0.0000000D+00
 -0.7826764D-04 -0.5766008D-03 -0.1951996D-03  0.0000000D+00
 -0.5558838D-04 -0.2110930D-02  0.7435635D-03  0.0000000D+00
  0.2275940D-03  0.2676955D-02  0.7065145D-04  0.0000000D+00
  0.2009546D-03 -0.7567864D-03  0.4959280D-03  0.0000000D+00
 -0.1513708D-03  0.1678548D-02  0.9577174D-03  0.0000000D+00
  0.7757165D-04  0.3922005D-03  0.8449813D-04  0.0000000D+00
  0.2179274D-03 -0.4784317D-03 -0.4694443D-03  0.0000000D+00
  0.2882873D-03 -0.9135508D-03 -0.7468371D-03  0.0000000D+00
  0.7988954D-03  0.9928875D-04 -0.1418168D-03  0.0000000D+00
 -0.1365902D-02  0.1747024D-03  0.8569280D-03  0.0000000D+00
 -0.1311597D-02  0.9990542D-03 -0.8494993D-03  0.0000000D+00
 -0.5366293D-03 -0.2361691D-02  0.2857210D-03  0.0000000D+00
  0.5684387D-04 -0.8204583D-03 -0.2035478D-03  0.0000000D+00
 -0.8086091D-03  0.1369862D-02 -0.7782439D-03  0.0000000D+00
  0.1669261D-03 -0.2584206D-03  0.2050149D-03  0.0000000D+00
 -0.5106464D-03 -0.3910318D-03 -0.3704585D-03  0.0000000D+00
 -0.5399338D-03 -0.2090933D-03  0.1069942D-04  0.0000000D+00
 -0.5701728D-03 -0.9556191D-04  0.2310678D-03  0.0000000D+00
 -0.5851297D-03 -0.3868269D-04  0.3417557D-03  0.0000000D+00
 -0.1527200D-02 -0.3349782D-03  0.7829400D-05  0.0000000D+00
 -0.1550533D-04  0.4118130D-03 -0.6293721D-05  0.0000000D+00
 -0.9113705D-04 -0.2048689D-02  0.1574356D-03  0.0000000D+00
  0.7812735D-03  0.1060381D-02 -0.5056469D-03  0.0000000D+00
  0.1908269D-03 -0.1953111D-03  0.3541683D-03  0.0000000D+00
 -0.1839779D-04  0.2136795D-03 -0.4260822D-03  0.0000000D+00
 -0.1163509D-03 -0.2755444D-03  0.1572112D-02  0.0000000D+00
 -0.3106309D-03  0.4283414D-03 -0.3145360D-03  0.0000000D+00
 -0.1559719D-03  0.7696516D-03  0.2751255D-03  0.0000000D+00
 -0.5140738D-04  0.1001958D-02  0.6794529D-03  0.0000000D+00
  0.8528882D-06  0.1118041D-02  0.8814499D-03  0.0000000D+00
 -0.3328573D-03 -0.3661596D-02 -0.4960814D-03  0.0000000D+00
 -0.4551466D-03  0.2091298D-02  0.1609835D-03  0.0000000D+00
  0.8356004D-03 -0.1220660D-02  0.4817294D-03  0.0000000D+00
 -0.8243966D-03  0.1430465D-03 -0.2788704D-03  0.0000000D+00
 -0.3280290D-03  0.5630326D-03  0.5680144D-03  0.0000000D+00
 -0.1831678D-03  0.8678257D-03 -0.3244372D-02  0.0000000D+00
 -0.4892044D-03  0.3744728D-03  0.1195599D-03  0.0000000D+00
 -0.2069269D-03  0.3892875D-03 -0.2981185D-02  0.0000000D+00
 -0.6527126D-04  0.2461096D-03 -0.2107399D-02  0.0000000D+00
  0.2472219D-04  0.1605761D-03 -0.1498264D-02  0.0000000D+00
  0.6978523D-04  0.1176617D-03 -0.1194095D-02  0.0000000D+00
  0.1679529D-02 -0.1390872D-02 -0.1438228D-02  0.0000000D+00
  0.1699172D-02  0.2007518D-02  0.6153326D-03  0.0000000D+00
  0.3135748D-02 -0.1420030D-02 -0.4657630D-03  0.0000000D+00
 -0.1495644D-02 -0.1505898D-02  0.5164493D-03  0.0000000D+00
  0.5997434D-03  0.1695611D-02 -0.1527368D-03  0.0000000D+00
 -0.5948399D-03 -0.2583926D-03  0.2890159D-02  0.0000000D+00
  0.3388606D-03  0.6681832D-03  0.5573457D-03  0.0000000D+00
  0.9709668D-05 -0.6214061D-03 -0.5159099D-03  0.0000000D+00
  0.1175848D-03 -0.3392165D-03 -0.4954014D-03  0.0000000D+00
  0.1734329D-03 -0.1440061D-03 -0.4707770D-03  0.0000000D+00
  0.2015988D-03 -0.4650770D-04 -0.4586253D-03  0.0000000D+00
 -0.9321545D-03 -0.3939848D-03 -0.2103913D-02  0.0000000D+00
 -0.1006579D-02  0.5974248D-03 -0.5539624D-03  0.0000000D+00
 -0.1772224D-03 -0.4265943D-03 -0.5606926D-03  0.0000000D+00
  0.5028333D-03 -0.3453509D-03 -0.2212855D-03  0.0000000D+00
 -0.4485586D-03  0.1018219D-03 -0.1120213D-02  0.0000000D+00
  0.1070074D-02 -0.1585342D-02  0.1094540D-02  0.0000000D+00
  0.4241197D-03  0.1434325D-02  0.4069328D-02  0.0000000D+00
  0.6103565D-03  0.9730691D-03 -0.5883864D-03  0.0000000D+00
  0.1631683D-03  0.5337839D-03  0.3544402D-03  0.0000000D+00
 -0.1344498D-03  0.2257379D-03  0.9772676D-03  0.0000000D+00
 -0.2832680D-03  0.7194314D-04  0.1288769D-02  0.0000000D+00
  0.2435446D-02 -0.5678378D-04 -0.1507877D-03  0.0000000D+00
  0.1828561D-04  0.1239898D-02 -0.5998189D-03  0.0000000D+00
  0.1502516D-02 -0.7394839D-03 -0.9495090D-04  0.0000000D+00
 -0.1071447D-02 -0.4210551D-04 -0.4624775D-03  0.0000000D+00
  0.3296586D-04 -0.1141697D-02 -0.1493066D-02  0.0000000D+00
 -0.4715147D-03  0.5670898D-03 -0.1359018D-02  0.0000000D+00
  0.4789906D-03 -0.1269083D-02  0.2446505D-03  0.0000000D+00
 -0.1622737D-03  0.7977049D-04  0.2508913D-03  0.0000000D+00
 -0.2833034D-03  0.3529112D-03  0.3882081D-03  0.0000000D+00
 -0.3639612D-03  0.5473190D-03  0.4682734D-03  0.0000000D+00
 -0.4042903D-03  0.6443393D-03  0.5084757D-03  0.0000000D+00
 -0.1803198D-02  0.3202375D-03  0.9165035D-04  0.0000000D+00
 -0.1973624D-02  0.2599172D-03  0.2188391D-03  0.0000000D+00
 -0.1762067D-02 -0.4918160D-03  0.3399818D-03  0.0000000D+00
 -0.4139756D-03 -0.1287855D-02  0.2223802D-03  0.0000000D+00
 -0.2076750D-03 -0.4599960D-03 -0.7442323D-03  0.0000000D+00
  0.9377586D-03 -0.3309399D-03 -0.1885365D-02  0.0000000D+00
 -0.9631684D-03 -0.6192195D-03 -0.7402221D-03  0.0000000D+00
  0.5552270D-03 -0.1192533D-03  0.1206681D-02  0.0000000D+00
  0.1956171D-03  0.1083527D-03  0.1361087D-03  0.0000000D+00
 -0.5549424D-04  0.2408955D-03 -0.5740358D-03  0.0000000D+00
 -0.1808766D-03  0.3074525D-03 -0.9291635D-03  0.0000000D+00
  0.1936375D-02  0.1444763D-03  0.5683809D-04  0.0000000D+00
  0.2669135D-03  0.2627137D-03  0.4058969D-03  0.0000000D+00
 -0.1842395D-03 -0.1214127D-02  0.5175334D-03  0.0000000D+00
 -0.4510413D-04  0.7925914D-03 -0.3695478D-03  0.0000000D+00
 -0.6226905D-03 -0.5826407D-03  0.1236087D-02  0.0000000D+00
 -0.1655815D-04  0.2701043D-03 -0.1368908D-02  0.0000000D+00
 -0.7154095D-03  0.4414709D-03  0.7689453D-03  0.0000000D+00
 -0.7315109D-03 -0.1519973D-03 -0.8206278D-03  0.0000000D+00
 -0.1024931D-03  0.4501369D-04 -0.3759236D-03  0.0000000D+00
  0.3171325D-03  0.1573022D-03 -0.6704225D-04  0.0000000D+00
  0.5269416D-03  0.2137292D-03  0.8721513D-04  0.0000000D+00
  0.2812109D-03 -0.9647753D-04 -0.1669044D-03  0.0000000D+00
 -0.7613755D-03 -0.2130274D-04  0.2466622D-03  0.0000000D+00
 -0.2199286D-03 -0.5672456D-03 -0.6197022D-03  0.0000000D+00
 -0.8269835D-03  0.1040032D-02  0.8085529D-03  0.0000000D+00
  0.8600386D-04  0.8334578D-03 -0.5410856D-03  0.0000000D+00
  0.3037217D-03 -0.7267956D-03 -0.1203712D-03  0.0000000D+00
 -0.9455217D-05  0.1127512D-02 -0.9161602D-03  0.0000000D+00
  0.2280210D-03 -0.9351307D-03 -0.3048816D-03  0.0000000D+00
 -0.5949872D-04 -0.1298281D-03  0.6557796D-04  0.0000000D+00
 -0.2438798D-03  0.4035635D-03  0.3100692D-03  0.0000000D+00
 -0.3361802D-03  0.6703130D-03  0.4323534D-03  0.0000000D+00
  0.9295559D-03  0.3074725D-03 -0.9710457D-04  0.0000000D+00
  0.8886906D-03 -0.3711989D-03 -0.1452579D-03  0.0000000D+00
 -0.4562274D-03  0.7224833D-03 -0.4794172D-03  0.0000000D+00
  0.1788580D-03  0.8237781D-03  0.2508481D-03  0.0000000D+00
 -0.2777808D-04  0.3250624D-03 -0.9448199D-04  0.0000000D+00
 -0.1873695D-03 -0.3796230D-03  0.4257667D-03  0.0000000D+00
 -0.2524771D-04  0.5051045D-03 -0.1178043D-02  0.0000000D+00
  0.4965662D-04  0.1858372D-03  0.3919510D-04  0.0000000D+00
  0.9383317D-04 -0.4023048D-03 -0.1191792D-04  0.0000000D+00
  0.1273393D-03 -0.7930258D-03 -0.5285166D-04  0.0000000D+00
  0.1440321D-03 -0.9884082D-03 -0.7321484D-04  0.0000000D+00
  0.4384366D-03  0.2096765D-04 -0.9165958D-04  0.0000000D+00
 -0.2534693D-02  0.7773409D-03  0.3900525D-03  0.0000000D+00
 -0.5098829D-04 -0.9996606D-04 -0.1019683D-02  0.0000000D+00
 -0.1253680D-04 -0.9668689D-03  0.2066926D-03  0.0000000D+00
 -0.6412715D-03  0.1794699D-02  0.2456120D-03  0.0000000D+00
  0.9134255D-03 -0.1577740D-02  0.1316461D-02  0.0000000D+00
  0.5773134D-04  0.6792389D-03 -0.1417099D-02  0.0000000D+00
  0.1578570D-03 -0.5026664D-03 -0.6635629D-04  0.0000000D+00
  0.4416979D-03 -0.3499788D-04  0.1895803D-03  0.0000000D+00
  0.6254668D-03  0.2761109D-03  0.3497450D-03  0.0000000D+00
  0.7174335D-03  0.4316751D-03  0.4299804D-03  0.0000000D+00
