  3  2   693  6336  4  4  9 11  7  1    0.00   24.00  228.50  589.30    0.00    6.28   45.00   45.00
  200.0  200.0  200.0  200.0  250.0  300.0  350.0  400.0  450.0  500.0  550.0  600.0  600.0  600.0  600.0
  0.9496089D+03  0.2791984D+03 -0.1361305D+02  0.0000000D+00
  0.1143439D+04  0.1096484D+03 -0.9109712D+00  0.0000000D+00
  0.1057375D+04  0.2263767D+03 -0.4478419D+01  0.0000000D+00
  0.1133815D+04  0.1935378D+03  0.1464748D+01  0.0000000D+00
  0.1151474D+04  0.1684703D+03  0.1600450D+00  0.0000000D+00
  0.1195433D+04  0.1392591D+03  0.8624753D+01  0.0000000D+00
  0.1119349D+04  0.1223959D+03 -0.6479721D+01  0.0000000D+00
  0.1127685D+04  0.1015670D+03  0.1005124D+02  0.0000000D+00
  0.1018407D+04  0.8173264D+02 -0.1254875D+02  0.0000000D+00
  0.9455616D+03  0.6847115D+02 -0.2762286D+02  0.0000000D+00
  0.9091380D+03  0.6184458D+02 -0.3515911D+02  0.0000000D+00
 -0.5646250D+03 -0.1210560D+03  0.2696934D+02  0.0000000D+00
 -0.6274929D+03 -0.9323319D+02  0.1109893D+02  0.0000000D+00
 -0.4653557D+03 -0.2436151D+02  0.1225970D+02  0.0000000D+00
 -0.3640337D+03  0.6779754D+02  0.3976889D+01  0.0000000D+00
 -0.3277586D+03  0.1065213D+03  0.1607384D+02  0.0000000D+00
 -0.3101700D+03  0.9905987D+02  0.1537400D+01  0.0000000D+00
 -0.3102677D+03  0.1271969D+03  0.3329090D+02  0.0000000D+00
 -0.1541687D+03  0.6327112D+02 -0.4765838D+01  0.0000000D+00
 -0.1429685D+02 -0.9966759D+01  0.2278319D+02  0.0000000D+00
  0.7893118D+02 -0.5876107D+02  0.4116066D+02  0.0000000D+00
  0.1255473D+03 -0.8316157D+02  0.5034816D+02  0.0000000D+00
 -0.2461443D+03  0.7997848D+02 -0.2519430D+02  0.0000000D+00
 -0.2306215D+03 -0.1590211D+03 -0.4509158D+01  0.0000000D+00
 -0.1440145D+03 -0.2214569D+02 -0.1236759D+02  0.0000000D+00
 -0.6005233D+02 -0.7412327D+02 -0.4514575D+01  0.0000000D+00
 -0.7122768D+02 -0.2161953D+02 -0.6401110D+01  0.0000000D+00
 -0.5989144D+01 -0.8372320D+02  0.1122841D+02  0.0000000D+00
 -0.1604899D+03  0.2868888D+02  0.6936246D+01  0.0000000D+00
 -0.1874569D+03 -0.7883101D+02  0.4032553D+02  0.0000000D+00
 -0.1619707D+03  0.3025722D+02 -0.1052075D+02  0.0000000D+00
 -0.1450110D+03  0.1030555D+03 -0.4443313D+02  0.0000000D+00
 -0.1365277D+03  0.1394467D+03 -0.6138772D+02  0.0000000D+00
  0.7233784D+02 -0.1098285D+03 -0.1028277D+01  0.0000000D+00
 -0.9302225D+02  0.4011683D+02  0.2245455D+01  0.0000000D+00
 -0.8791988D+01 -0.3538900D+02  0.9587750D+00  0.0000000D+00
 -0.6307315D+02  0.1067554D+02  0.1392111D+00  0.0000000D+00
 -0.7903563D+02 -0.1244149D+01 -0.1051854D+02  0.0000000D+00
 -0.1368749D+03  0.3295102D+02 -0.1341765D+01  0.0000000D+00
 -0.3893869D+02 -0.3262637D+02 -0.8668167D+01  0.0000000D+00
 -0.1512933D+03  0.7273235D+02 -0.3528722D+01  0.0000000D+00
 -0.6855141D+02  0.3798503D+02  0.1935762D+02  0.0000000D+00
 -0.1340873D+02  0.1479970D+02  0.3461398D+02  0.0000000D+00
  0.1416462D+02  0.3209245D+01  0.4224229D+02  0.0000000D+00
  0.1505772D+03 -0.7032766D+02  0.1849748D+02  0.0000000D+00
  0.3196728D+02  0.1031400D+02 -0.3529008D+01  0.0000000D+00
  0.6939628D+02 -0.1048790D+02  0.6688587D+01  0.0000000D+00
  0.1106129D+02  0.2983799D+02  0.6571377D+00  0.0000000D+00
  0.1403884D+01  0.1496895D+02  0.7475963D+01  0.0000000D+00
 -0.4315529D+02  0.3146041D+02 -0.3416070D+01  0.0000000D+00
  0.4649017D+02 -0.3573559D+02  0.6356418D+01  0.0000000D+00
  0.1026794D+03  0.3379028D+01 -0.3485212D+02  0.0000000D+00
  0.3886318D+02 -0.1917169D+02  0.1025364D+02  0.0000000D+00
 -0.3622404D+01 -0.3426108D+02  0.4034758D+02  0.0000000D+00
 -0.2487153D+02 -0.4179977D+02  0.5539202D+02  0.0000000D+00
  0.2511887D+01 -0.1551081D+01  0.1016154D+02  0.0000000D+00
  0.1940617D+02 -0.4574421D+01 -0.4599666D+01  0.0000000D+00
  0.7716489D+02 -0.1916596D+02  0.3859250D+01  0.0000000D+00
  0.1393601D+03 -0.3356928D+02  0.2537253D+00  0.0000000D+00
  0.1359661D+03 -0.3220238D+02  0.1497439D+01  0.0000000D+00
  0.1816828D+03 -0.4738047D+02 -0.6688312D+00  0.0000000D+00
  0.7701945D+02 -0.1292448D+02  0.5804012D+01  0.0000000D+00
  0.1271624D+03 -0.3491016D+02  0.3333282D+01  0.0000000D+00
  0.4165287D+02 -0.8018406D+01 -0.1066954D+02  0.0000000D+00
 -0.1533366D+02  0.9902215D+01 -0.1999853D+02  0.0000000D+00
 -0.4382908D+02  0.1886331D+02 -0.2466370D+02  0.0000000D+00
 -0.1195391D+02 -0.6511628D+01 -0.1156446D+02  0.0000000D+00
  0.4363599D+01  0.7031617D+01 -0.1023338D+01  0.0000000D+00
 -0.9751073D+01 -0.3871368D+01 -0.3245355D+01  0.0000000D+00
 -0.9534756D+01 -0.1943313D+00  0.1923113D+01  0.0000000D+00
 -0.6532840D+01  0.1797630D+01 -0.2269562D+01  0.0000000D+00
  0.2061004D+01 -0.1362504D+02  0.2404417D+01  0.0000000D+00
  0.1199027D+02  0.4914951D+02 -0.8301815D+01  0.0000000D+00
 -0.4831182D+02 -0.9205386D+01  0.9693431D+01  0.0000000D+00
 -0.1477290D+02  0.9310795D+01  0.3438989D+01  0.0000000D+00
  0.7562209D+01  0.2170968D+02 -0.7387622D+00  0.0000000D+00
  0.1873238D+02  0.2790320D+02 -0.2826760D+01  0.0000000D+00
 -0.7357860D+02  0.4435347D+00  0.5753303D+01  0.0000000D+00
 -0.7376503D+01  0.9522486D+01 -0.1672705D+01  0.0000000D+00
 -0.3230960D+02  0.7081642D+01  0.2687775D+01  0.0000000D+00
 -0.6831474D+01  0.1130397D+02  0.1172762D+01  0.0000000D+00
 -0.2921559D+02  0.1050808D+02  0.2645215D+01  0.0000000D+00
 -0.4446529D+02  0.2414899D+02  0.4243960D+00  0.0000000D+00
 -0.1127614D+03  0.1493044D+02  0.3479458D+01  0.0000000D+00
 -0.3166721D+02 -0.6916254D+01 -0.4021788D+01  0.0000000D+00
 -0.3322103D+02 -0.7006942D+01  0.6442261D+01  0.0000000D+00
 -0.3428986D+02 -0.7069347D+01  0.1342091D+02  0.0000000D+00
 -0.3482072D+02 -0.7100339D+01  0.1690996D+02  0.0000000D+00
 -0.4235489D+02  0.1611012D+02  0.4964330D+01  0.0000000D+00
 -0.3403619D+02 -0.4735028D+01  0.1392075D+01  0.0000000D+00
 -0.4813597D+01  0.1506830D+01  0.2526981D+01  0.0000000D+00
  0.2535879D+02 -0.9111854D+01  0.6454089D+00  0.0000000D+00
  0.1820082D+02 -0.5152586D+01 -0.4808513D+00  0.0000000D+00
  0.3922009D+02 -0.2130654D+01 -0.1809576D+01  0.0000000D+00
 -0.1687729D+02 -0.1039355D+02  0.4487305D+01  0.0000000D+00
 -0.5881935D+01  0.1515635D+02  0.2065510D+01  0.0000000D+00
 -0.1337079D+02  0.1269822D+02 -0.1841200D+01  0.0000000D+00
 -0.1837272D+02  0.1105613D+02 -0.4446475D+01  0.0000000D+00
 -0.2087267D+02  0.1023545D+02 -0.5749026D+01  0.0000000D+00
 -0.8807385D+02 -0.8540211D+02 -0.1765865D+02  0.0000000D+00
 -0.3676603D+02 -0.4897996D+02 -0.5173133D+01  0.0000000D+00
 -0.8106915D+02 -0.4141845D+02 -0.1293197D+02  0.0000000D+00
 -0.7782491D+02 -0.4828884D+01 -0.1044602D+02  0.0000000D+00
 -0.5373986D+02  0.1932010D+02 -0.1077417D+02  0.0000000D+00
 -0.3759482D+02  0.6426825D+02 -0.4219613D+01  0.0000000D+00
 -0.4859216D+02 -0.1124508D+02 -0.7389337D+01  0.0000000D+00
 -0.1888609D+02  0.2252041D+02 -0.1069880D+02  0.0000000D+00
 -0.7471646D+02 -0.1778499D+02 -0.1060693D+00  0.0000000D+00
 -0.1119670D+03 -0.4467543D+02  0.6951945D+01  0.0000000D+00
 -0.1305890D+03 -0.5811847D+02  0.1048136D+02  0.0000000D+00
  0.4712610D+02  0.1857815D+03 -0.2302002D+02  0.0000000D+00
  0.3030936D+02 -0.7435664D+02 -0.1076195D+01  0.0000000D+00
  0.6593424D+02  0.7612771D+02 -0.1080941D+02  0.0000000D+00
  0.7332542D+02  0.7139525D+01 -0.3614494D+00  0.0000000D+00
  0.2181006D+02 -0.2183427D+02  0.9799838D+01  0.0000000D+00
  0.5440065D+02 -0.1102045D+03  0.3350396D+01  0.0000000D+00
 -0.3565762D+02  0.3318202D+02 -0.6791971D+00  0.0000000D+00
  0.2145656D+02 -0.9511668D+02  0.8947238D+01  0.0000000D+00
 -0.3764199D+02 -0.8327897D+01 -0.2608651D+02  0.0000000D+00
 -0.7706411D+02  0.4957088D+02 -0.4944563D+02  0.0000000D+00
 -0.9677268D+02  0.7851598D+02 -0.6112483D+02  0.0000000D+00
  0.9437243D+01 -0.1120717D+03 -0.4916099D+01  0.0000000D+00
  0.6427287D+02  0.2661999D+01 -0.3541019D+01  0.0000000D+00
 -0.3985182D+01 -0.3643854D+02 -0.1375287D+02  0.0000000D+00
 -0.2128705D+02  0.2707795D+02 -0.2142148D+02  0.0000000D+00
 -0.2188570D+01  0.5286446D+02 -0.1456287D+02  0.0000000D+00
  0.4712707D+02 -0.9098208D+01 -0.2073206D+01  0.0000000D+00
  0.1565141D+02 -0.1041826D+02 -0.5998441D-01  0.0000000D+00
 -0.1048405D+03 -0.1174393D+02  0.1154818D+01  0.0000000D+00
 -0.6490660D+02  0.2035243D+02 -0.5074568D+01  0.0000000D+00
 -0.3829476D+02  0.4179587D+02 -0.9235554D+01  0.0000000D+00
 -0.2498767D+02  0.5251264D+02 -0.1131518D+02  0.0000000D+00
  0.1836695D+03  0.3503333D+01 -0.1745729D+02  0.0000000D+00
 -0.3699484D+02  0.1287925D+01  0.1735658D+01  0.0000000D+00
  0.7795183D+02  0.2066586D+02 -0.5115016D+01  0.0000000D+00
  0.9009514D+01  0.3079910D+02  0.5127182D+01  0.0000000D+00
  0.1348903D+02  0.1489019D+02  0.8994530D+01  0.0000000D+00
  0.4836953D+01  0.6235667D+02  0.6927570D+01  0.0000000D+00
  0.1029677D+03  0.1565099D+02  0.2141537D+02  0.0000000D+00
  0.8273139D+02  0.1074521D+03 -0.5473474D+01  0.0000000D+00
  0.6464185D+02  0.5849398D+02  0.2317352D+02  0.0000000D+00
  0.5259513D+02  0.2584385D+02  0.4228368D+02  0.0000000D+00
  0.4657037D+02  0.9520010D+01  0.5183744D+02  0.0000000D+00
 -0.6252808D+02  0.5496315D+01 -0.1601189D+02  0.0000000D+00
  0.2923030D+02 -0.6874014D+01  0.4958910D+01  0.0000000D+00
 -0.3484579D+02  0.6172346D+01 -0.2004158D+01  0.0000000D+00
 -0.1805738D+02  0.2620121D+01  0.8375175D+01  0.0000000D+00
 -0.1353565D+02 -0.2223635D+02  0.1007710D+02  0.0000000D+00
 -0.3485305D+02  0.3709138D+01  0.9055097D+01  0.0000000D+00
 -0.4706492D+02  0.1711436D+02 -0.2522664D+01  0.0000000D+00
  0.4377549D+02  0.5039103D+01  0.1850098D+02  0.0000000D+00
 -0.3459106D+02  0.2385949D+02 -0.3089234D+01  0.0000000D+00
 -0.8679962D+02  0.3637666D+02 -0.1748977D+02  0.0000000D+00
 -0.1129078D+03  0.4263846D+02 -0.2468927D+02  0.0000000D+00
  0.3635323D+02  0.7009541D+02 -0.8592907D+00  0.0000000D+00
 -0.2238542D+02 -0.2472288D+02  0.2256644D+01  0.0000000D+00
  0.2776286D+02  0.1414834D+02 -0.7712484D+00  0.0000000D+00
  0.2172684D+02 -0.1814446D+02 -0.1820169D+01  0.0000000D+00
 -0.7961134D+01  0.1220170D+02 -0.6767740D+01  0.0000000D+00
 -0.1117699D+02 -0.2381792D+02 -0.7832280D+01  0.0000000D+00
 -0.3332891D+02  0.1953032D+02 -0.8523359D+01  0.0000000D+00
  0.6591119D+00 -0.1047464D+03 -0.1039329D+02  0.0000000D+00
 -0.2597910D+02 -0.3884915D+02  0.7866731D+01  0.0000000D+00
 -0.4371413D+02  0.5111876D+01  0.2003890D+02  0.0000000D+00
 -0.5258422D+02  0.2708920D+02  0.2612512D+02  0.0000000D+00
 -0.6734252D+02  0.3437375D+02  0.5969489D+00  0.0000000D+00
  0.3615139D+01 -0.1139580D+02 -0.6600963D+00  0.0000000D+00
 -0.3363380D+02  0.2786594D+01  0.6156242D+00  0.0000000D+00
 -0.1118770D+02 -0.1798240D+02  0.6549717D+00  0.0000000D+00
 -0.6226490D+01 -0.5497142D+01 -0.1076405D+01  0.0000000D+00
  0.5821380D+01 -0.9989470D+01 -0.4117392D+00  0.0000000D+00
  0.6370180D+00  0.1865880D+02  0.9687522D+00  0.0000000D+00
  0.9144082D+01 -0.6581275D+01 -0.7175396D+01  0.0000000D+00
 -0.1108602D+02  0.7720336D+01  0.1354896D+02  0.0000000D+00
 -0.2460073D+02  0.1726269D+02  0.2737411D+02  0.0000000D+00
 -0.3135506D+02  0.2203301D+02  0.3428573D+02  0.0000000D+00
 -0.1991295D+02 -0.1893705D+02  0.3202332D+01  0.0000000D+00
 -0.8053710D+01  0.2518402D+01  0.5383724D-01  0.0000000D+00
 -0.1631374D+02 -0.2237331D+01 -0.4505429D+00  0.0000000D+00
 -0.1449043D+02  0.7170026D+01 -0.2632212D+01  0.0000000D+00
 -0.1090803D+00 -0.7979143D+01  0.1721549D+01  0.0000000D+00
  0.3012140D+02 -0.6124551D+01  0.2141288D+01  0.0000000D+00
 -0.2324597D+02 -0.2717698D+02  0.4731360D+01  0.0000000D+00
 -0.3176722D+02  0.5647533D+02  0.5153262D+01  0.0000000D+00
 -0.1372111D+02  0.2671613D+02 -0.6119036D+01  0.0000000D+00
 -0.1729547D+01  0.6859985D+01 -0.1363067D+02  0.0000000D+00
  0.4270471D+01 -0.3066285D+01 -0.1738684D+02  0.0000000D+00
 -0.2226551D+02  0.3001835D+01  0.9664394D+01  0.0000000D+00
  0.3210682D+02  0.6233004D+01 -0.3528550D+01  0.0000000D+00
 -0.8363082D+01  0.1845048D+01  0.3895135D+01  0.0000000D+00
 -0.3509062D+01  0.3511593D+01 -0.4745143D+00  0.0000000D+00
 -0.6810532D+01  0.1741346D+02 -0.3525450D+01  0.0000000D+00
  0.7801157D+01  0.6610613D+01 -0.2611083D+01  0.0000000D+00
 -0.3904151D+02  0.1081460D+02 -0.2167769D+01  0.0000000D+00
  0.1642136D+02 -0.1286687D+02 -0.3473959D+01  0.0000000D+00
  0.7738697D+01 -0.4305522D+01 -0.4914380D+01  0.0000000D+00
  0.1956300D+01  0.1413489D+01 -0.5878456D+01  0.0000000D+00
 -0.9355534D+00  0.4271757D+01 -0.6360084D+01  0.0000000D+00
  0.1103262D+03  0.9513922D+02  0.1047335D+02  0.0000000D+00
  0.2650100D+02  0.2686154D+02  0.2294612D+01  0.0000000D+00
  0.4772192D+02  0.3779382D+02  0.8779471D+01  0.0000000D+00
 -0.6086017D+01  0.8322278D+01  0.6630769D+01  0.0000000D+00
 -0.4539462D+02  0.6917573D+02 -0.1388097D+01  0.0000000D+00
 -0.5194214D+02  0.9503616D+01  0.2872080D+01  0.0000000D+00
 -0.2342609D+02  0.8286517D+02  0.1370585D+02  0.0000000D+00
  0.7021405D+02 -0.3547084D+02  0.1044883D+02  0.0000000D+00
  0.1230191D+03 -0.6490761D+02  0.7456185D+01  0.0000000D+00
  0.1582091D+03 -0.8446175D+02  0.5453030D+01  0.0000000D+00
  0.1758055D+03 -0.9424643D+02  0.4452324D+01  0.0000000D+00
  0.1223313D+03 -0.5575318D+02 -0.2750302D+02  0.0000000D+00
  0.1546641D+02  0.2637626D+01 -0.1004183D+02  0.0000000D+00
  0.8934742D+02 -0.3456026D+02 -0.1914709D+02  0.0000000D+00
  0.7921090D+02 -0.4001802D+02 -0.1289858D+02  0.0000000D+00
  0.1175074D+03 -0.1056508D+03 -0.8139178D+01  0.0000000D+00
  0.9752583D+02 -0.2097233D+02 -0.2646043D+01  0.0000000D+00
  0.6296129D+02 -0.1344860D+03 -0.1347361D+02  0.0000000D+00
 -0.6968403D+02  0.1564523D+02 -0.1226690D+02  0.0000000D+00
 -0.6852482D+02  0.3535856D+02 -0.4147750D+00  0.0000000D+00
 -0.6770546D+02  0.4837710D+02  0.7496811D+01  0.0000000D+00
 -0.6730081D+02  0.5489974D+02  0.1145150D+02  0.0000000D+00
  0.8852294D+01  0.6930034D+02 -0.6696101D+00  0.0000000D+00
 -0.6474215D+01 -0.1939958D+02 -0.5246881D+00  0.0000000D+00
  0.6423776D+01  0.1524400D+02  0.1483565D+01  0.0000000D+00
  0.9179466D+01 -0.2288738D+02  0.3401527D+01  0.0000000D+00
  0.6395006D+01 -0.1493975D+02  0.1570797D+01  0.0000000D+00
 -0.4827100D+02 -0.2467131D+02 -0.5628389D+01  0.0000000D+00
  0.9439584D+02 -0.9978535D+02 -0.1176157D+02  0.0000000D+00
  0.2431584D+03 -0.8963946D+02 -0.2215800D+02  0.0000000D+00
  0.1291225D+03 -0.1251609D+03 -0.4803092D+01  0.0000000D+00
  0.5311573D+02 -0.1488308D+03  0.6767484D+01  0.0000000D+00
  0.1511049D+02 -0.1606669D+03  0.1255270D+02  0.0000000D+00
 -0.4428484D+02 -0.6730625D+02  0.4967913D+01  0.0000000D+00
  0.1324899D+02  0.1959035D+02 -0.2168879D+01  0.0000000D+00
 -0.2623385D+02 -0.1229908D+02  0.3313922D+01  0.0000000D+00
 -0.2445392D+02  0.2934372D+02  0.3378486D+01  0.0000000D+00
 -0.5776329D+02  0.4080793D+02  0.7627940D+01  0.0000000D+00
 -0.3017072D+02  0.4701785D+02  0.2166065D+01  0.0000000D+00
 -0.1455066D+03  0.5628465D+02 -0.1218995D+01  0.0000000D+00
 -0.1173526D+03  0.8015863D+02  0.5671145D+01  0.0000000D+00
 -0.1198917D+03  0.5414754D+02 -0.2332863D+02  0.0000000D+00
 -0.1215954D+03  0.3679272D+02 -0.4266703D+02  0.0000000D+00
 -0.1224460D+03  0.2811684D+02 -0.5233566D+02  0.0000000D+00
  0.2117359D+02 -0.4890867D+02 -0.1131121D+02  0.0000000D+00
 -0.9470150D+01  0.1996463D+02  0.2455808D+01  0.0000000D+00
  0.2915647D+01 -0.8412581D+01 -0.9909907D+01  0.0000000D+00
 -0.1125297D+02  0.1266498D+02 -0.9129869D+01  0.0000000D+00
 -0.3683555D+01 -0.1188160D+02 -0.2909217D+01  0.0000000D+00
  0.2531654D+02  0.5039311D+02 -0.2039069D+01  0.0000000D+00
 -0.6024541D+02  0.6056836D+02  0.6534415D+01  0.0000000D+00
 -0.1972688D+03  0.1194307D+03  0.7678863D+01  0.0000000D+00
 -0.2182313D+02  0.4066986D+01  0.7780881D+01  0.0000000D+00
  0.9510777D+02 -0.7291183D+02  0.7845543D+01  0.0000000D+00
  0.1535768D+03 -0.1113937D+03  0.7878236D+01  0.0000000D+00
  0.2164285D+02  0.3036006D+02 -0.2863708D+02  0.0000000D+00
  0.6440799D+01 -0.1198798D+02  0.6141078D+01  0.0000000D+00
  0.6489650D+01  0.1574093D+02 -0.1041142D+02  0.0000000D+00
 -0.3142935D+01  0.1024923D+02 -0.7312655D+00  0.0000000D+00
  0.8381019D-01  0.1645424D+02 -0.9199150D+01  0.0000000D+00
 -0.3567229D+02 -0.1470585D+02  0.6464898D+01  0.0000000D+00
 -0.1917368D+02  0.1484997D+02 -0.1493452D+02  0.0000000D+00
  0.5213843D+02 -0.3452713D+02  0.2428458D+02  0.0000000D+00
  0.2486591D+02 -0.8181761D+01 -0.3133603D+01  0.0000000D+00
  0.6706958D+01  0.9396455D+01 -0.2144566D+02  0.0000000D+00
 -0.2374978D+01  0.1818398D+02 -0.3059809D+02  0.0000000D+00
  0.9537723D+01  0.1116995D+02 -0.3489740D+01  0.0000000D+00
 -0.1299993D+01 -0.1160280D+02  0.4469299D+01  0.0000000D+00
  0.1640887D+02  0.2600380D+01 -0.1783333D+01  0.0000000D+00
  0.1782663D+02 -0.1732887D+00 -0.1355082D+01  0.0000000D+00
 -0.8641872D+01  0.6179368D+01 -0.1190820D+01  0.0000000D+00
  0.1247058D+02 -0.1615795D+02  0.7154456D+00  0.0000000D+00
 -0.4183752D+02 -0.9105775D+01 -0.2206128D+01  0.0000000D+00
  0.4633142D+02 -0.5115070D+02  0.2441872D+01  0.0000000D+00
 -0.7564361D+01 -0.1127709D+02 -0.1396786D+02  0.0000000D+00
 -0.4348552D+02  0.1532063D+02 -0.2491554D+02  0.0000000D+00
 -0.6144712D+02  0.2861784D+02 -0.3038854D+02  0.0000000D+00
  0.7898283D+01  0.3763880D+01  0.8750226D+01  0.0000000D+00
 -0.3749614D+01 -0.5561359D+01 -0.6446911D+00  0.0000000D+00
  0.5029889D+01  0.7226446D-02  0.2195859D+01  0.0000000D+00
  0.5141192D+01 -0.4627379D+01 -0.1559063D+01  0.0000000D+00
  0.1367291D+02 -0.1083711D+02  0.1929291D+01  0.0000000D+00
  0.1139814D+02  0.3643936D+01 -0.2231257D+01  0.0000000D+00
  0.1754758D+02 -0.1429906D+02  0.6809524D+01  0.0000000D+00
 -0.5609284D+02  0.2893361D+02 -0.1055873D+02  0.0000000D+00
 -0.2175432D+02  0.5315104D+01  0.6997735D+01  0.0000000D+00
  0.1115860D+01 -0.1044747D+02  0.1871582D+02  0.0000000D+00
  0.1255335D+02 -0.1832693D+02  0.2457337D+02  0.0000000D+00
  0.3637050D+02 -0.1982819D+02 -0.9900153D+01  0.0000000D+00
 -0.2134070D+02  0.1002900D+02  0.2395021D+01  0.0000000D+00
  0.1574488D+02 -0.4303609D+01 -0.2846405D+01  0.0000000D+00
  0.8042279D+01  0.5895086D+01  0.1828292D+01  0.0000000D+00
  0.1815647D+02  0.4956545D+01  0.1497509D+01  0.0000000D+00
 -0.3091777D+02  0.6611743D+01  0.3709237D+01  0.0000000D+00
  0.3563014D+02 -0.5817242D+01 -0.4248853D+01  0.0000000D+00
 -0.2086088D+02  0.2806017D+02  0.8753662D+01  0.0000000D+00
 -0.2959794D+02  0.9366223D+01 -0.2087735D+01  0.0000000D+00
 -0.3542504D+02 -0.3102326D+01 -0.9319954D+01  0.0000000D+00
 -0.3833834D+02 -0.9335961D+01 -0.1293556D+02  0.0000000D+00
 -0.3878843D+02  0.3223164D+02 -0.7268643D+01  0.0000000D+00
 -0.2411758D+01 -0.1136756D+02  0.3315114D+01  0.0000000D+00
 -0.3798494D+01  0.5002240D+01 -0.3989417D+00  0.0000000D+00
  0.2397312D+02 -0.1110909D+02  0.3341795D+01  0.0000000D+00
  0.1746333D+02 -0.5945935D+00 -0.2198101D+01  0.0000000D+00
  0.2923997D+01 -0.2320896D+02  0.2138609D+01  0.0000000D+00
  0.2394404D+02  0.2113452D+02 -0.3395195D+00  0.0000000D+00
  0.2135773D+02 -0.2745226D+02  0.9961610D+01  0.0000000D+00
  0.4499895D+01 -0.6472683D+01 -0.3902501D+01  0.0000000D+00
 -0.6719169D+01  0.7537241D+01 -0.1315405D+02  0.0000000D+00
 -0.1233081D+02  0.1453966D+02 -0.1777887D+02  0.0000000D+00
 -0.6562045D+02 -0.3283928D+02  0.1138668D+02  0.0000000D+00
  0.8179542D+01  0.3004983D+02  0.1593127D+01  0.0000000D+00
 -0.5644987D+02  0.2063673D+01  0.1762695D+01  0.0000000D+00
 -0.5326182D+02  0.2190767D+02 -0.3635092D+01  0.0000000D+00
 -0.2545452D+02  0.2884114D+01  0.5546099D+01  0.0000000D+00
  0.8459415D+01  0.1757855D+02 -0.2763026D+01  0.0000000D+00
  0.3271331D+01 -0.2584613D+02  0.4058008D+01  0.0000000D+00
 -0.5455567D+01  0.3401677D+02 -0.1282392D+02  0.0000000D+00
  0.2691489D+01  0.3144498D+01  0.8858817D+01  0.0000000D+00
  0.8116136D+01 -0.1746022D+02  0.2332760D+02  0.0000000D+00
  0.1082919D+02 -0.2776007D+02  0.3056051D+02  0.0000000D+00
 -0.8820484D+02 -0.4560185D+02 -0.1379224D+02  0.0000000D+00
 -0.6754342D+02  0.2397538D+02  0.6367874D+00  0.0000000D+00
 -0.4178668D+02 -0.1026866D+02 -0.3133741D+01  0.0000000D+00
 -0.5851240D+01  0.8584525D+01  0.4655778D+01  0.0000000D+00
 -0.1784644D+02 -0.1138942D+02  0.2871690D+01  0.0000000D+00
  0.1225430D+01  0.1109594D+02  0.1045324D+01  0.0000000D+00
 -0.3969698D+02 -0.3286146D+02 -0.1782995D+01  0.0000000D+00
 -0.1031804D+03  0.6136463D+02  0.7279084D+01  0.0000000D+00
 -0.3982876D+02  0.1981014D+01  0.2269112D+01  0.0000000D+00
  0.2360173D+01 -0.3763354D+02 -0.1070498D+01  0.0000000D+00
  0.2345956D+02 -0.5743806D+02 -0.2740344D+01  0.0000000D+00
 -0.3878518D+02 -0.2864966D+02 -0.3808615D+00  0.0000000D+00
  0.6908210D+01  0.7687500D+01  0.3887457D+00  0.0000000D+00
 -0.1438379D+02 -0.1590784D+02  0.3176126D+00  0.0000000D+00
  0.4519357D+01 -0.1022882D+02  0.5455009D-02  0.0000000D+00
  0.9406944D+01 -0.1686202D+02 -0.2750955D+01  0.0000000D+00
 -0.6576089D+01 -0.1693561D+01  0.4383505D+00  0.0000000D+00
  0.2193711D+02 -0.1379500D+02 -0.7431822D+01  0.0000000D+00
  0.3260921D+02 -0.1118680D+02  0.3592462D+01  0.0000000D+00
  0.4463108D+01 -0.8706831D+01 -0.1408953D+02  0.0000000D+00
 -0.1429600D+02 -0.7051824D+01 -0.2588590D+02  0.0000000D+00
 -0.2367609D+02 -0.6224504D+01 -0.3178317D+02  0.0000000D+00
  0.4217877D+02  0.1394853D+02  0.2057453D+01  0.0000000D+00
 -0.3076185D+02 -0.7517034D+01 -0.2275431D+00  0.0000000D+00
  0.1328628D+02 -0.2616996D+01 -0.1432012D+01  0.0000000D+00
 -0.8079329D+00 -0.1146129D+02 -0.3850522D+01  0.0000000D+00
  0.1286117D+02  0.3119218D+01 -0.5626290D+00  0.0000000D+00
  0.3273859D+01 -0.1483692D+02 -0.3084803D+00  0.0000000D+00
  0.2618476D+02  0.2766681D+02 -0.1512456D+01  0.0000000D+00
  0.7312885D+02 -0.2785366D+02 -0.8068483D+01  0.0000000D+00
  0.2661836D+02 -0.5522999D+01 -0.4295577D+01  0.0000000D+00
 -0.4313718D+01  0.9362548D+01 -0.1783343D+01  0.0000000D+00
 -0.1978786D+02  0.1680549D+02 -0.5268977D+00  0.0000000D+00
 -0.4788589D+02  0.2781772D+01 -0.1514757D+02  0.0000000D+00
  0.4653152D+01  0.2831401D+01  0.3792302D+01  0.0000000D+00
 -0.1612982D+02 -0.3364606D+00 -0.3310633D+01  0.0000000D+00
  0.5177628D+01 -0.1286390D+01  0.3982999D+01  0.0000000D+00
 -0.3301321D+01  0.8999511D+01 -0.1401215D+01  0.0000000D+00
  0.1239043D+02 -0.1820875D+00  0.2293778D+01  0.0000000D+00
  0.4321801D+02 -0.1281589D+01 -0.1922783D+01  0.0000000D+00
  0.2501790D+02  0.3901346D+00  0.1291956D+02  0.0000000D+00
 -0.1074672D+01  0.4507277D+01 -0.1505432D+01  0.0000000D+00
 -0.1846751D+02  0.7240206D+01 -0.1113354D+02  0.0000000D+00
 -0.2716417D+02  0.8607949D+01 -0.1594635D+02  0.0000000D+00
 -0.1554185D+01 -0.4417135D+02 -0.9889690D+01  0.0000000D+00
  0.1067288D+02  0.1703713D+02  0.2985985D+01  0.0000000D+00
  0.5692703D+01 -0.1040503D+02 -0.3299109D+01  0.0000000D+00
  0.9822717D+01  0.9406788D+01  0.1076085D+01  0.0000000D+00
  0.4162015D+01 -0.5825059D+01  0.7920903D-02  0.0000000D+00
 -0.6539847D+00  0.1266789D+02 -0.4043093D+00  0.0000000D+00
 -0.1748244D+02 -0.1723744D+02  0.6507261D+00  0.0000000D+00
 -0.1494221D+02  0.2509728D+02  0.7854440D+00  0.0000000D+00
  0.2613738D+01 -0.3813406D+01 -0.4855658D+00  0.0000000D+00
  0.1430770D+02 -0.2310168D+02 -0.1334381D+01  0.0000000D+00
  0.2015577D+02 -0.3274426D+02 -0.1758630D+01  0.0000000D+00
 -0.3604348D+02  0.2033746D+02  0.2569008D+01  0.0000000D+00
  0.2008826D+02 -0.6237488D+01 -0.1179130D+01  0.0000000D+00
 -0.1850059D+02  0.5444898D+01  0.8485616D-01  0.0000000D+00
 -0.6949854D+01 -0.5303758D+01 -0.1480918D+01  0.0000000D+00
 -0.1318032D+01 -0.5662118D+01 -0.1204659D+00  0.0000000D+00
 -0.2514517D+02 -0.4765580D+00 -0.3854651D+00  0.0000000D+00
 -0.1162239D+02  0.2463639D+01 -0.1922107D+00  0.0000000D+00
 -0.1997612D+02  0.5362238D+01 -0.3840375D+01  0.0000000D+00
 -0.1364491D+02  0.6664668D+01 -0.3204228D+01  0.0000000D+00
 -0.9440361D+01  0.7536627D+01 -0.2778862D+01  0.0000000D+00
 -0.7336326D+01  0.7972210D+01 -0.2566317D+01  0.0000000D+00
 -0.3451337D+01  0.1700549D+02 -0.1613196D+01  0.0000000D+00
  0.5259618D+01 -0.8883323D+01  0.4373339D+00  0.0000000D+00
 -0.2798529D+01  0.7142931D+01  0.5196017D+00  0.0000000D+00
 -0.2294602D+01  0.4270955D+00  0.2224295D+01  0.0000000D+00
  0.1316053D+01 -0.1653208D+01  0.1791980D+01  0.0000000D+00
  0.3945582D+01 -0.2732762D+00  0.2031888D+00  0.0000000D+00
  0.1824085D+02 -0.7762745D+01  0.1172614D+01  0.0000000D+00
  0.1617279D+02 -0.7165375D+01  0.4346893D+01  0.0000000D+00
  0.3865548D+00 -0.1973747D+01  0.3298144D+00  0.0000000D+00
 -0.1012391D+02  0.1478248D+01 -0.2348015D+01  0.0000000D+00
 -0.1538063D+02  0.3205229D+01 -0.3686953D+01  0.0000000D+00
  0.2330996D+02 -0.8388166D+01 -0.3275806D+01  0.0000000D+00
  0.8306943D+01 -0.1344176D+02 -0.1710203D+01  0.0000000D+00
  0.1367363D+02 -0.1330253D+02 -0.1578338D+01  0.0000000D+00
  0.1239343D+02 -0.1614491D+02  0.5440102D+00  0.0000000D+00
  0.3654260D+02 -0.1468233D+02  0.3533018D+01  0.0000000D+00
  0.2872712D+02 -0.2994111D+02  0.5714059D+00  0.0000000D+00
  0.8649215D+02 -0.2242530D+02  0.5174636D+01  0.0000000D+00
  0.8203412D+01 -0.1278272D+02 -0.1144272D+01  0.0000000D+00
  0.1391246D+02  0.1191841D+02  0.2611541D+01  0.0000000D+00
  0.1775426D+02  0.2839109D+02  0.5119397D+01  0.0000000D+00
  0.1967129D+02  0.3662686D+02  0.6372895D+01  0.0000000D+00
 -0.3210582D+02  0.3702547D+02 -0.1368666D+02  0.0000000D+00
 -0.2266150D+02  0.1558952D+02  0.1851115D+01  0.0000000D+00
 -0.3678819D+02  0.2749334D+02 -0.5341363D+01  0.0000000D+00
 -0.4149134D+02  0.2068367D+02 -0.2965886D+00  0.0000000D+00
 -0.4625843D+02  0.2008389D+02 -0.3142062D+01  0.0000000D+00
 -0.6854622D+02  0.2910092D+02  0.1046679D+01  0.0000000D+00
 -0.4470318D+02  0.1957808D+02 -0.2352547D+01  0.0000000D+00
  0.6212429D+01 -0.1015816D+02  0.2562771D+01  0.0000000D+00
  0.1882443D+02 -0.2266404D+02  0.4107183D+01  0.0000000D+00
  0.2724933D+02 -0.3100299D+02  0.5130898D+01  0.0000000D+00
  0.3145995D+02 -0.3517228D+02  0.5643394D+01  0.0000000D+00
 -0.2936168D+01 -0.2841669D+02 -0.2288752D+01  0.0000000D+00
 -0.2157571D+02  0.2510838D+02  0.3039967D+01  0.0000000D+00
  0.4614384D+01 -0.1289879D+01  0.8868290D+00  0.0000000D+00
  0.9581296D+01  0.1546270D+02  0.2565534D+01  0.0000000D+00
 -0.1599544D+02  0.1293188D+02 -0.1286716D+01  0.0000000D+00
 -0.2408784D+02  0.2263394D+02 -0.2672276D+01  0.0000000D+00
  0.7855653D+01 -0.2151512D+02 -0.1931240D+01  0.0000000D+00
 -0.1240264D+02  0.2277204D+02 -0.4995724D+01  0.0000000D+00
 -0.6839371D+01 -0.3016190D+02  0.5944010D+01  0.0000000D+00
 -0.3157144D+01 -0.6547722D+02  0.1323398D+02  0.0000000D+00
 -0.1313152D+01 -0.8313207D+02  0.1687931D+02  0.0000000D+00
 -0.5745410D+02 -0.3262583D+02 -0.3633649D+01  0.0000000D+00
  0.2510893D+02  0.1484951D+02 -0.2439896D+00  0.0000000D+00
 -0.1626319D+02 -0.6236874D+00 -0.2098440D+01  0.0000000D+00
  0.1063722D+02  0.1362431D+02 -0.1612535D+01  0.0000000D+00
  0.1181770D+02 -0.2713864D+02 -0.3157410D+01  0.0000000D+00
  0.3825970D+02  0.8034153D+01 -0.7480132D+00  0.0000000D+00
  0.3002465D+01 -0.3533764D+02 -0.9068507D+01  0.0000000D+00
 -0.3871380D+01  0.3342376D+02  0.2686194D+01  0.0000000D+00
 -0.1206042D+02  0.1499496D+02 -0.1258696D+02  0.0000000D+00
 -0.1751916D+02  0.2675139D+01 -0.2277141D+02  0.0000000D+00
 -0.2024860D+02 -0.3481100D+01 -0.2786339D+02  0.0000000D+00
 -0.2868884D+02  0.4574532D+01  0.4602608D+01  0.0000000D+00
  0.2799642D+01 -0.5959690D+01  0.1180046D+00  0.0000000D+00
 -0.1841172D+02  0.9062775D+00  0.1074375D+01  0.0000000D+00
 -0.9708341D+01 -0.1175462D+01 -0.1149224D+01  0.0000000D+00
  0.7570087D+01 -0.8563857D+01  0.7832946D+00  0.0000000D+00
  0.1406041D+02 -0.2395025D+02 -0.3599185D+00  0.0000000D+00
  0.2219147D+02  0.7663423D+00  0.1700939D+01  0.0000000D+00
  0.2446227D+02 -0.2843065D+02 -0.3803674D+01  0.0000000D+00
  0.9056074D+01 -0.1864108D+01 -0.4550036D+01  0.0000000D+00
 -0.1202244D+01  0.1586330D+02 -0.5043437D+01  0.0000000D+00
 -0.6332753D+01  0.2472523D+02 -0.5290588D+01  0.0000000D+00
  0.3616786D+02  0.3743460D+02 -0.6646309D+00  0.0000000D+00
 -0.1187386D+02 -0.1242780D+02  0.9221791D+00  0.0000000D+00
  0.1150759D+02  0.5909177D+01  0.4896809D+00  0.0000000D+00
 -0.4126512D+01 -0.1222062D+02  0.1281405D+01  0.0000000D+00
  0.9458065D+00  0.9772706D+01  0.1848971D+01  0.0000000D+00
 -0.9793493D+01 -0.9486573D+01  0.2715296D+01  0.0000000D+00
  0.1732673D+02  0.1858110D+02  0.1375968D+01  0.0000000D+00
 -0.3717518D+02  0.3115274D+01  0.5349682D+01  0.0000000D+00
 -0.2052586D+02  0.1266391D-01 -0.6648399D+01  0.0000000D+00
 -0.9447566D+01 -0.2049357D+01 -0.1465325D+02  0.0000000D+00
 -0.3906119D+01 -0.3081058D+01 -0.1865502D+02  0.0000000D+00
  0.1311440D+02 -0.4161725D+01 -0.5848026D+01  0.0000000D+00
  0.6025288D+01  0.1602016D+01  0.1990037D+01  0.0000000D+00
  0.4836849D+01  0.5671149D+00 -0.2498591D+01  0.0000000D+00
 -0.1396994D+00  0.3084607D+01 -0.6972406D+00  0.0000000D+00
  0.9151241D+01  0.3437574D+01 -0.2441974D+01  0.0000000D+00
  0.4672399D+01  0.1884946D+02 -0.3788112D+00  0.0000000D+00
 -0.1721957D+02 -0.5462194D+01  0.4274969D+00  0.0000000D+00
  0.1677915D+02  0.1934061D+02  0.1451177D+01  0.0000000D+00
  0.1944451D+02  0.3095868D+00 -0.2802528D+00  0.0000000D+00
  0.2124188D+02 -0.1238853D+02 -0.1434331D+01  0.0000000D+00
  0.2213835D+02 -0.1873643D+02 -0.2011393D+01  0.0000000D+00
  0.4122049D+02 -0.3638814D+02 -0.6432777D+01  0.0000000D+00
 -0.1568606D+02  0.9073934D+01  0.1288814D+01  0.0000000D+00
  0.1431726D+02 -0.5890782D+01 -0.1114805D+01  0.0000000D+00
 -0.1079560D+01  0.1158156D+02  0.2256421D+01  0.0000000D+00
  0.5092793D+01 -0.1030542D+02  0.9978155D-01  0.0000000D+00
 -0.8322835D+01  0.9931312D+01  0.6113278D+00  0.0000000D+00
  0.3034663D+02 -0.1360083D+02 -0.3771455D+01  0.0000000D+00
  0.3326247D+02  0.8598927D+01  0.5376018D+01  0.0000000D+00
  0.7240711D+01 -0.5865105D+01 -0.2747407D+01  0.0000000D+00
 -0.1006605D+02 -0.1552662D+02 -0.8171089D+01  0.0000000D+00
 -0.1872387D+02 -0.2035534D+02 -0.1088206D+02  0.0000000D+00
 -0.1523204D+02 -0.9969750D+01 -0.4819416D+01  0.0000000D+00
  0.6466528D+00  0.2627813D+01  0.1515352D+01  0.0000000D+00
 -0.1217372D+02 -0.3273681D+01 -0.1986250D+01  0.0000000D+00
 -0.1069702D+02  0.3523925D+00 -0.1855272D+00  0.0000000D+00
 -0.1003717D+02 -0.4414115D+01  0.1358069D+01  0.0000000D+00
 -0.1101860D+02 -0.3204168D+01  0.2700792D+01  0.0000000D+00
  0.2622084D+02 -0.4333482D+01 -0.2796044D+01  0.0000000D+00
 -0.7243615D+01  0.8131901D+01  0.6878661D+01  0.0000000D+00
 -0.9457584D+01  0.1573110D+01 -0.2107108D+01  0.0000000D+00
 -0.1094543D+02 -0.2808796D+01 -0.8107830D+01  0.0000000D+00
 -0.1168807D+02 -0.4998735D+01 -0.1110709D+02  0.0000000D+00
  0.2852043D+02  0.3454371D+02  0.1838812D+01  0.0000000D+00
 -0.9212243D+01 -0.4336226D+01  0.3056277D+01  0.0000000D+00
  0.7743772D+01  0.1705591D+02  0.1660098D+00  0.0000000D+00
 -0.4530293D+01  0.8363079D+01 -0.9190166D+00  0.0000000D+00
  0.6203497D+01  0.1355752D+02  0.1472500D+01  0.0000000D+00
  0.4410808D+01 -0.7863825D+01 -0.1476541D+00  0.0000000D+00
  0.2403115D+02  0.1738465D+02  0.4189186D+01  0.0000000D+00
  0.5462050D+01 -0.3963600D+02 -0.2288966D+01  0.0000000D+00
 -0.1013031D+02 -0.1816777D+01  0.2477304D+01  0.0000000D+00
 -0.2050940D+02  0.2343323D+02  0.5656600D+01  0.0000000D+00
 -0.2570066D+02  0.3605421D+02  0.7246055D+01  0.0000000D+00
  0.1661999D+02 -0.5938497D+02 -0.1038413D+02  0.0000000D+00
 -0.9441307D+01 -0.1526833D+02  0.3233027D+01  0.0000000D+00
  0.1589187D+02 -0.3774584D+02 -0.2313243D+01  0.0000000D+00
  0.1234711D+02 -0.2289663D+02  0.2074764D+01  0.0000000D+00
 -0.1201605D+02 -0.1342038D+02 -0.3819916D+01  0.0000000D+00
 -0.4374512D+01  0.4910635D+01  0.7776238D+00  0.0000000D+00
 -0.6599003D+02 -0.1505602D+02 -0.8711192D+01  0.0000000D+00
 -0.1737988D+02  0.1122185D+02  0.5800292D+01  0.0000000D+00
  0.7867907D+01 -0.7244137D+01 -0.4696791D+01  0.0000000D+00
  0.2466452D+02 -0.1957637D+02 -0.1170060D+02  0.0000000D+00
  0.3306663D+02 -0.2574015D+02 -0.1520189D+02  0.0000000D+00
  0.1530600D+02 -0.2899830D+02 -0.8223808D+01  0.0000000D+00
 -0.1092810D+01 -0.5976482D+01 -0.1214728D+01  0.0000000D+00
  0.1033665D+02 -0.1456896D+02 -0.3191244D+01  0.0000000D+00
  0.5872591D+01 -0.5569620D+01 -0.4043443D+00  0.0000000D+00
 -0.4833598D+01 -0.7597481D+01 -0.4419907D+01  0.0000000D+00
 -0.4401137D+01  0.7543228D+01 -0.1393756D+01  0.0000000D+00
 -0.1581403D+02 -0.2899204D+02 -0.4455999D+01  0.0000000D+00
 -0.4501604D+02 -0.4284880D+01 -0.2787043D+00  0.0000000D+00
 -0.3275646D+02 -0.2156745D+02  0.3749861D+01  0.0000000D+00
 -0.2458006D+02 -0.3309299D+02  0.6426050D+01  0.0000000D+00
 -0.2049222D+02 -0.3885534D+02  0.7765174D+01  0.0000000D+00
  0.3259652D+02  0.3096249D+02  0.7715073D+01  0.0000000D+00
 -0.1051061D+02 -0.1041068D+02 -0.1398879D+01  0.0000000D+00
  0.1943238D+02  0.1690583D+02  0.1465149D+01  0.0000000D+00
  0.1083999D+02  0.1100067D+02 -0.2399324D+01  0.0000000D+00
  0.4245560D+01  0.1747554D+02  0.1106109D+01  0.0000000D+00
  0.9461510D+01 -0.3764522D+01 -0.9557464D+00  0.0000000D+00
  0.1180489D+02  0.2353077D+02  0.3576335D+01  0.0000000D+00
  0.1870311D+02  0.1026711D+02 -0.1211593D+00  0.0000000D+00
  0.2596256D+02  0.1244206D+02 -0.3041289D+01  0.0000000D+00
  0.3079514D+02  0.1388894D+02 -0.4984301D+01  0.0000000D+00
  0.3321220D+02  0.1461271D+02 -0.5956211D+01  0.0000000D+00
  0.1699529D+02  0.1281801D+02  0.9935157D+01  0.0000000D+00
 -0.1218278D+02  0.1412172D+01 -0.3650682D+01  0.0000000D+00
  0.7839049D+01  0.1161377D+02  0.3993519D+01  0.0000000D+00
  0.2910836D+01  0.1070017D+02  0.4702921D+00  0.0000000D+00
  0.3888769D+01  0.2862976D+01  0.1142823D+01  0.0000000D+00
  0.4959697D+01 -0.1148659D+01 -0.3877969D+00  0.0000000D+00
  0.1279256D+02  0.2247856D+02  0.2372767D+01  0.0000000D+00
  0.4002060D+02  0.1520679D+02 -0.1410254D+01  0.0000000D+00
 -0.1550068D+01  0.5836920D+01 -0.6806034D+01  0.0000000D+00
 -0.2926131D+02 -0.4233947D+00 -0.1039463D+02  0.0000000D+00
 -0.4311721D+02 -0.3552067D+01 -0.1218986D+02  0.0000000D+00
  0.2746131D+02 -0.1663840D+02 -0.7652787D+01  0.0000000D+00
 -0.1135199D+02  0.1549232D+01  0.2424952D+01  0.0000000D+00
  0.1191455D+02 -0.4750927D+01 -0.2748129D+01  0.0000000D+00
  0.2433657D+01  0.1549779D+01  0.4887857D-02  0.0000000D+00
 -0.3969934D+00 -0.9595296D+01 -0.9958887D+00  0.0000000D+00
 -0.1348304D+02  0.2836480D+01  0.2371759D+01  0.0000000D+00
 -0.1629494D+01 -0.1260155D+02 -0.5848388D+01  0.0000000D+00
 -0.2964085D+02 -0.9211090D+01  0.3651129D+01  0.0000000D+00
 -0.1460550D+02 -0.9163828D+01 -0.3090151D+01  0.0000000D+00
 -0.4581202D+01 -0.9126640D+01 -0.7593075D+01  0.0000000D+00
  0.4308698D+00 -0.9108660D+01 -0.9843592D+01  0.0000000D+00
  0.4580041D+01  0.2500427D+02  0.1064759D+01  0.0000000D+00
 -0.7097930D+01 -0.1332074D+02  0.5031343D+00  0.0000000D+00
  0.4493590D+01  0.2925101D+01 -0.7911811D+00  0.0000000D+00
  0.2859718D+01 -0.1008073D+02 -0.1947590D+01  0.0000000D+00
 -0.5128206D+01  0.4222390D+01  0.7056997D+00  0.0000000D+00
  0.1110259D+02 -0.9074168D+00 -0.7389828D-01  0.0000000D+00
 -0.2768983D+02 -0.1053975D+01  0.5905033D+00  0.0000000D+00
 -0.4240119D+01 -0.3060545D+01  0.3519197D+00  0.0000000D+00
  0.1145218D+02  0.7954005D+01  0.1891365D+00  0.0000000D+00
  0.2189349D+02  0.1530701D+02  0.7953490D-01  0.0000000D+00
  0.2711634D+02  0.1898243D+02  0.2485083D-01  0.0000000D+00
  0.2119357D+02 -0.2952389D+02 -0.2072473D+01  0.0000000D+00
 -0.1609148D+02  0.1182375D+02  0.6789861D-01  0.0000000D+00
  0.4514251D+01 -0.1309080D+02  0.9388743D-01  0.0000000D+00
 -0.5131599D+01 -0.2215298D+01  0.1312668D+01  0.0000000D+00
  0.1842110D+01  0.2321235D+01 -0.5173000D-01  0.0000000D+00
  0.3349351D+01  0.3268252D+01  0.1753258D+01  0.0000000D+00
  0.9455007D+01  0.3095047D+00 -0.2608240D+01  0.0000000D+00
 -0.3507821D+01  0.1120270D+02  0.8599719D+01  0.0000000D+00
 -0.2732289D+01  0.3213337D+01 -0.9814755D+01  0.0000000D+00
 -0.2206079D+01 -0.2118293D+01 -0.2209790D+02  0.0000000D+00
 -0.1943968D+01 -0.4783526D+01 -0.2823873D+02  0.0000000D+00
  0.1848228D+02  0.4752878D+01 -0.3354312D+01  0.0000000D+00
 -0.6801855D+01  0.1769351D+01  0.9888565D+00  0.0000000D+00
  0.6969465D+01  0.3749179D+01 -0.1322943D+01  0.0000000D+00
  0.7913779D+00  0.1974579D+01 -0.3733467D+00  0.0000000D+00
  0.2065892D+01 -0.3684114D+01 -0.1473874D+01  0.0000000D+00
 -0.1784959D+02  0.3448538D+01  0.3529135D+00  0.0000000D+00
  0.9334074D+01 -0.2570137D+01 -0.2313488D+01  0.0000000D+00
 -0.2795302D+01 -0.4384920D+01  0.1639034D+01  0.0000000D+00
  0.4036182D+01 -0.5746682D+01  0.2010534D+01  0.0000000D+00
  0.8594168D+01 -0.6648137D+01  0.2251623D+01  0.0000000D+00
  0.1087276D+02 -0.7099556D+01  0.2372878D+01  0.0000000D+00
 -0.1595459D+01 -0.1411834D+02  0.9368052D+01  0.0000000D+00
 -0.2674103D+01  0.1498927D+02  0.2130229D+01  0.0000000D+00
 -0.5523192D+01 -0.2727773D+01  0.2705616D+01  0.0000000D+00
 -0.9693542D+01  0.1832374D+01 -0.1684434D+01  0.0000000D+00
 -0.1405215D+02 -0.5700683D+01  0.1383626D+01  0.0000000D+00
 -0.1580177D+02  0.7187505D+01 -0.9610175D+00  0.0000000D+00
 -0.1504160D+02 -0.5938199D+00  0.1509208D+01  0.0000000D+00
 -0.2472116D+02  0.8922885D+01 -0.1002031D+02  0.0000000D+00
 -0.9027733D+01 -0.2442380D+02  0.1156772D+02  0.0000000D+00
  0.1426766D+01 -0.4669181D+02  0.2596960D+02  0.0000000D+00
  0.6654858D+01 -0.5782183D+02  0.3316947D+02  0.0000000D+00
  0.1628822D+02  0.1838097D+01 -0.8612582D+01  0.0000000D+00
  0.9477981D+00  0.6316615D+01  0.7288367D+01  0.0000000D+00
  0.1664616D+02  0.2780569D+01 -0.2186220D+01  0.0000000D+00
  0.2121197D+02  0.3961463D+01  0.6151389D+00  0.0000000D+00
  0.2798819D+02  0.4387705D+01 -0.3284191D+01  0.0000000D+00
  0.1346738D+02 -0.8177629D+01  0.1486176D+01  0.0000000D+00
  0.3779295D+02 -0.2166979D+02 -0.4744034D+01  0.0000000D+00
  0.3860457D+02  0.9162462D+01  0.1475879D+02  0.0000000D+00
 -0.3815798D+00  0.3207857D+02 -0.1493338D+02  0.0000000D+00
 -0.2633874D+02  0.4738201D+02 -0.3474470D+02  0.0000000D+00
 -0.3932095D+02  0.5503091D+02 -0.4464857D+02  0.0000000D+00
 -0.2283735D+02 -0.1671133D+02  0.3452965D+01  0.0000000D+00
 -0.6792017D+01  0.5044382D+00  0.1692971D+01  0.0000000D+00
 -0.7842952D+01 -0.8002795D+01  0.5415927D+00  0.0000000D+00
  0.3567657D+01 -0.1715063D+01 -0.1593302D+01  0.0000000D+00
  0.3391376D+01 -0.4175282D+01 -0.1277748D+00  0.0000000D+00
  0.5968964D+01 -0.8115606D+01 -0.5942372D+00  0.0000000D+00
  0.8051295D+01  0.1411411D+02  0.1372246D-01  0.0000000D+00
  0.3370777D+02 -0.1197265D+02 -0.5516076D+01  0.0000000D+00
  0.1272311D+02 -0.1392371D+02 -0.2414090D+01  0.0000000D+00
 -0.1278391D+01 -0.1521133D+02 -0.3448716D+00  0.0000000D+00
 -0.8277873D+01 -0.1585656D+02  0.6896052D+00  0.0000000D+00
 -0.5757201D+01 -0.7974717D+01  0.4170859D+01  0.0000000D+00
  0.1328079D+01 -0.1136987D+01 -0.1284465D+01  0.0000000D+00
 -0.1989873D+01 -0.8474588D+01  0.1712971D+01  0.0000000D+00
 -0.2811832D+01 -0.7497247D+01  0.7066562D+00  0.0000000D+00
 -0.1571628D+02  0.3367531D+01  0.1699754D+01  0.0000000D+00
  0.7173402D+01  0.3374821D+01 -0.2704306D+01  0.0000000D+00
  0.3546062D+01  0.2192335D+02  0.6704138D+01  0.0000000D+00
  0.6285292D+01 -0.2537807D+02 -0.5067494D+01  0.0000000D+00
  0.6866677D+01 -0.1273827D+02  0.5194702D+01  0.0000000D+00
  0.7236758D+01 -0.4309239D+01  0.1204351D+02  0.0000000D+00
  0.7423692D+01 -0.9499285D-01  0.1546712D+02  0.0000000D+00
  0.1533517D+02 -0.1861807D+02 -0.5465425D+01  0.0000000D+00
 -0.7455855D+01  0.2153146D+01  0.2074122D+01  0.0000000D+00
  0.1445623D+02 -0.7782949D+01 -0.1875525D+01  0.0000000D+00
  0.1343992D+02 -0.1830307D-01  0.4626442D+00  0.0000000D+00
 -0.7019113D+00  0.6931588D+01  0.2811220D+00  0.0000000D+00
  0.2698562D+01  0.7978754D+01  0.5518233D+00  0.0000000D+00
 -0.7530980D+01 -0.2742315D+02  0.2585095D+00  0.0000000D+00
 -0.4265140D+02  0.1960075D+02  0.4194148D+01  0.0000000D+00
 -0.2615930D+02 -0.2186791D+01  0.4962584D+01  0.0000000D+00
 -0.1517876D+02 -0.1673120D+02  0.5473330D+01  0.0000000D+00
 -0.9686957D+01 -0.2400130D+02  0.5728870D+01  0.0000000D+00
 -0.9755813D+01  0.1005604D+02  0.4976276D+01  0.0000000D+00
  0.2925848D+01  0.1315555D+01 -0.9803105D+00  0.0000000D+00
 -0.4234837D+01  0.3195362D+01  0.1037676D+01  0.0000000D+00
  0.1190504D+01 -0.1700089D+01 -0.1410253D+01  0.0000000D+00
  0.8650725D+01 -0.6195122D+00  0.7201538D+00  0.0000000D+00
 -0.2869291D+01 -0.4467560D+01  0.5312402D+00  0.0000000D+00
  0.1054754D+01 -0.2106382D+01  0.5205207D+00  0.0000000D+00
  0.3987372D+01  0.6375544D+01 -0.5827061D+01  0.0000000D+00
 -0.2588469D+01 -0.2767982D+00  0.1918721D+01  0.0000000D+00
 -0.6968382D+01 -0.4711050D+01  0.7087304D+01  0.0000000D+00
 -0.9158769D+01 -0.6928246D+01  0.9671085D+01  0.0000000D+00
 -0.1443319D+02  0.2523956D+02  0.7103527D+01  0.0000000D+00
  0.1052193D+01 -0.3799639D+01 -0.2897443D+01  0.0000000D+00
 -0.9171776D+01  0.1038817D+02  0.2875865D+01  0.0000000D+00
 -0.5832383D+01  0.6823430D+00  0.3001710D+00  0.0000000D+00
 -0.3808418D+01 -0.2208559D+01 -0.1753017D+00  0.0000000D+00
 -0.3572766D+01 -0.9250067D+01 -0.2007889D+01  0.0000000D+00
 -0.6842800D+01  0.2057972D+02  0.1577492D+01  0.0000000D+00
  0.4876963D+02 -0.1853417D+02 -0.4322558D+01  0.0000000D+00
  0.5338436D+01  0.9442943D+01 -0.9460606D+00  0.0000000D+00
 -0.2360557D+02  0.2811006D+02  0.1310449D+01  0.0000000D+00
 -0.3807867D+02  0.3744193D+02  0.2438108D+01  0.0000000D+00
  0.1267782D+02  0.1407951D+02 -0.2778601D+01  0.0000000D+00
 -0.1540588D+01 -0.4517323D+01  0.8999354D+00  0.0000000D+00
  0.5894157D+00  0.3831722D+01 -0.7932122D+00  0.0000000D+00
 -0.7254579D+01 -0.3070500D+01  0.2142279D+00  0.0000000D+00
 -0.2774424D+01 -0.1982917D+00 -0.1017501D+01  0.0000000D+00
 -0.8199025D+01  0.2891345D+01  0.7080077D+00  0.0000000D+00
  0.1675620D+02 -0.1322251D+01 -0.2509648D+01  0.0000000D+00
  0.1000559D+02 -0.4302541D+01  0.3939356D+01  0.0000000D+00
  0.4461754D+01  0.6987833D-01 -0.1361467D+01  0.0000000D+00
  0.7818011D+00  0.2986003D+01 -0.4898386D+01  0.0000000D+00
 -0.1059899D+01  0.4443937D+01 -0.6666518D+01  0.0000000D+00
 -0.1706975D+02 -0.6075541D+01 -0.1744909D+01  0.0000000D+00
  0.4654377D+01 -0.1321691D+01  0.7928711D+00  0.0000000D+00
 -0.1927868D+01 -0.3670645D+01 -0.5349863D+00  0.0000000D+00
  0.7732178D+01 -0.2842402D+01  0.1240605D+00  0.0000000D+00
 -0.1416200D+00 -0.3809882D+01 -0.1370428D+00  0.0000000D+00
  0.2582151D+01  0.6315897D+01  0.1146191D+01  0.0000000D+00
 -0.7280962D+01 -0.7904371D+01  0.8605770D-01  0.0000000D+00
 -0.5945140D+01  0.1608715D+01  0.1624035D+01  0.0000000D+00
 -0.5273819D+00  0.4121159D+01 -0.1443659D+01  0.0000000D+00
  0.3076946D+01  0.5793105D+01 -0.3491242D+01  0.0000000D+00
  0.4879923D+01  0.6629405D+01 -0.4514768D+01  0.0000000D+00
