  1  2   693 10944  4  4  9 11  7  1    0.00   24.00  100.00  600.00    0.00    6.28   45.00   45.00
  100.0  100.0  100.0  100.0  125.0  150.0  190.0  230.0  275.0  350.0  450.0  600.0  600.0  600.0  600.0
  0.7304571D-01  0.1918970D-02 -0.2854205D-02  0.0000000D+00
  0.9533570D-01 -0.3669040D-01  0.1693000D-01  0.0000000D+00
  0.8230138D-01 -0.1338230D-01  0.1245428D-01  0.0000000D+00
  0.6496176D-01 -0.8808946D-02  0.1072441D-01  0.0000000D+00
  0.4522059D-01  0.2038757D-01  0.8961116D-02  0.0000000D+00
  0.4055361D-01  0.1827520D-01 -0.1946146D-02  0.0000000D+00
  0.4305132D-01  0.3129056D-01  0.6688745D-02  0.0000000D+00
  0.4158022D-01 -0.1457130D-01  0.1735907D-02  0.0000000D+00
  0.8941370D-01 -0.1018229D+00  0.3281645D-02  0.0000000D+00
  0.1321760D+00 -0.1525414D+00  0.3308343D-02  0.0000000D+00
  0.1577473D+00 -0.1832106D+00  0.3340770D-02  0.0000000D+00
  0.3216501D-01  0.3699820D-01  0.7869228D-03  0.0000000D+00
  0.9821726D-01 -0.3758810D-01  0.1887727D-01  0.0000000D+00
  0.6246039D-01  0.1272696D-03  0.1128470D-02  0.0000000D+00
  0.6716011D-01 -0.1286183D-02  0.7199375D-03  0.0000000D+00
  0.3333117D-01  0.8039031D-02  0.1087161D-02  0.0000000D+00
  0.2232193D-01 -0.1678223D-02 -0.5805919D-02  0.0000000D+00
  0.1153513D-01  0.6185991D-02 -0.7421789D-02  0.0000000D+00
  0.2617302D-01 -0.4432778D-01 -0.6254832D-02  0.0000000D+00
  0.3260923D-01 -0.4264838D-01 -0.4276938D-03  0.0000000D+00
  0.3045015D-01 -0.3045377D-01  0.5571535D-02  0.0000000D+00
  0.2925823D-01 -0.2329498D-01  0.9149250D-02  0.0000000D+00
 -0.4575249D-02  0.9685484D-02  0.9263286D-02  0.0000000D+00
 -0.1193654D-01  0.1874981D-01  0.6369064D-02  0.0000000D+00
 -0.2908737D-01  0.2874203D-01 -0.1249923D-02  0.0000000D+00
 -0.2886746D-01  0.1585553D-01  0.4217759D-02  0.0000000D+00
 -0.7986659D-02  0.9789969D-02  0.2379746D-02  0.0000000D+00
 -0.2166234D-02 -0.6820433D-02  0.8361710D-02  0.0000000D+00
 -0.9145983D-03  0.2187592D-01  0.7012949D-03  0.0000000D+00
  0.1001289D-01 -0.2691830D-01  0.7519244D-02  0.0000000D+00
  0.2117395D-01 -0.3993220D-01  0.9822770D-02  0.0000000D+00
  0.2318454D-01 -0.2721477D-01  0.7851433D-02  0.0000000D+00
  0.2448661D-01 -0.1991706D-01  0.6722708D-02  0.0000000D+00
  0.6654546D-02  0.6744288D-05  0.7471099D-04  0.0000000D+00
  0.3117841D-01  0.1819687D-03 -0.1407994D-03  0.0000000D+00
  0.3302441D-02 -0.4710596D-03  0.3488201D-03  0.0000000D+00
  0.1693395D-01  0.7294742D-03 -0.6701967D-03  0.0000000D+00
  0.1364491D-01 -0.1398608D-02  0.1017130D-02  0.0000000D+00
  0.6410837D-02  0.2777076D-02 -0.1225324D-02  0.0000000D+00
  0.7240971D-02 -0.4447456D-02  0.4987910D-03  0.0000000D+00
  0.1761274D-02  0.4715552D-02 -0.2541414D-02  0.0000000D+00
 -0.4288240D-02  0.6531478D-02 -0.3978239D-02  0.0000000D+00
 -0.6036209D-02  0.3513864D-02 -0.3055122D-02  0.0000000D+00
 -0.7127394D-02  0.1767416D-02 -0.2531896D-02  0.0000000D+00
 -0.2016266D-01  0.4625498D-04  0.3361221D-04  0.0000000D+00
 -0.2097928D-01 -0.9182735D-04 -0.8890064D-04  0.0000000D+00
 -0.1289167D-01  0.4120323D-03  0.5766614D-04  0.0000000D+00
 -0.1846407D-01 -0.5301089D-03  0.1375261D-03  0.0000000D+00
 -0.6428553D-02  0.9858894D-03 -0.1582809D-03  0.0000000D+00
 -0.3265780D-03 -0.1798716D-02 -0.7950679D-04  0.0000000D+00
 -0.1358412D-02  0.2735797D-02  0.2280339D-02  0.0000000D+00
  0.1474326D-02 -0.7996870D-02 -0.3395410D-02  0.0000000D+00
  0.1068774D-02  0.3779911D-04 -0.2331269D-02  0.0000000D+00
  0.1233327D-04  0.2383371D-02 -0.8013873D-03  0.0000000D+00
 -0.6106174D-03  0.3844501D-02  0.1062602D-03  0.0000000D+00
  0.2036215D-03  0.5049520D-04  0.3908445D-04  0.0000000D+00
  0.8730995D-02 -0.2568684D-03 -0.4939070D-04  0.0000000D+00
  0.4084097D-02  0.3672027D-03  0.7740362D-04  0.0000000D+00
  0.3924854D-02 -0.6048327D-03 -0.3837059D-04  0.0000000D+00
  0.7645588D-02  0.1297635D-02  0.2824471D-03  0.0000000D+00
  0.1036118D-02 -0.3276503D-02 -0.1346066D-02  0.0000000D+00
 -0.2022681D-02  0.2822246D-02  0.5154543D-02  0.0000000D+00
  0.1486734D-03 -0.7309042D-02  0.7651035D-03  0.0000000D+00
  0.4123411D-02 -0.8367697D-02  0.1469485D-02  0.0000000D+00
  0.3249713D-02 -0.7533286D-02  0.2109077D-02  0.0000000D+00
  0.2782544D-02 -0.7056498D-02  0.2491115D-02  0.0000000D+00
 -0.6907972D-02 -0.1505758D-03  0.2559858D-04  0.0000000D+00
 -0.1126226D-01  0.1460105D-03  0.2916276D-04  0.0000000D+00
 -0.7938681D-03  0.8790920D-04 -0.1992748D-03  0.0000000D+00
 -0.8045304D-02  0.1071722D-03  0.2113381D-03  0.0000000D+00
 -0.3644604D-02 -0.1682404D-03 -0.3123678D-03  0.0000000D+00
 -0.2239819D-02  0.7130109D-03  0.6092909D-03  0.0000000D+00
  0.8901344D-03  0.1002151D-02 -0.1941456D-02  0.0000000D+00
 -0.2754691D-02  0.6466792D-02 -0.3312258D-03  0.0000000D+00
 -0.7510548D-02  0.5621814D-02  0.1717116D-02  0.0000000D+00
 -0.6136279D-02  0.4270606D-02  0.1769848D-02  0.0000000D+00
 -0.5385020D-02  0.3469656D-02  0.1823329D-02  0.0000000D+00
 -0.4983111D-02 -0.1481023D-03 -0.3051371D-04  0.0000000D+00
 -0.1538592D-01  0.1416394D-03 -0.1418275D-03  0.0000000D+00
  0.5680844D-02 -0.3409021D-03  0.1943101D-03  0.0000000D+00
 -0.2250428D-02  0.5177723D-03 -0.2743864D-03  0.0000000D+00
  0.2536192D-02 -0.1068157D-02  0.4150059D-03  0.0000000D+00
  0.1980877D-03  0.3075083D-02  0.3807711D-04  0.0000000D+00
 -0.1721870D-02 -0.3013792D-02  0.1180742D-02  0.0000000D+00
  0.1551825D-03  0.1056300D-03 -0.2236129D-03  0.0000000D+00
  0.4941236D-03  0.2265783D-02 -0.1255523D-03  0.0000000D+00
  0.1745324D-04  0.1495369D-02 -0.7203157D-03  0.0000000D+00
 -0.2577091D-03  0.1068573D-02 -0.1068242D-02  0.0000000D+00
 -0.1365089D-02  0.2425690D-04  0.4642605D-04  0.0000000D+00
 -0.3987786D-02  0.5130429D-04 -0.8966577D-04  0.0000000D+00
  0.5015345D-02  0.8928508D-04  0.1487126D-03  0.0000000D+00
 -0.8079674D-03 -0.2530127D-03 -0.1692200D-03  0.0000000D+00
  0.5526432D-03  0.4694293D-03  0.3166775D-03  0.0000000D+00
  0.1080390D-02 -0.7229345D-03 -0.5226432D-03  0.0000000D+00
  0.1396163D-02 -0.3705423D-03 -0.1995391D-04  0.0000000D+00
 -0.2041621D-03 -0.2893532D-02 -0.2243479D-03  0.0000000D+00
  0.9167714D-03 -0.4122438D-02 -0.6813742D-03  0.0000000D+00
  0.1678157D-02 -0.3711419D-02  0.6589734D-03  0.0000000D+00
  0.2136626D-02 -0.3484558D-02  0.1438452D-02  0.0000000D+00
  0.4398202D-01  0.3658981D-02  0.6582774D-05  0.0000000D+00
  0.6252580D-01  0.2268314D-01 -0.1072975D-01  0.0000000D+00
  0.6328937D-01  0.1499257D-01  0.4070316D-02  0.0000000D+00
  0.4124005D-01  0.1227125D-02  0.3019213D-02  0.0000000D+00
  0.3277320D-01  0.6507091D-02 -0.1929706D-02  0.0000000D+00
  0.3015454D-01  0.9795472D-02 -0.8901367D-03  0.0000000D+00
  0.1522537D-01  0.3504696D-02  0.6343543D-02  0.0000000D+00
  0.4178031D-01 -0.3528404D-01  0.2318723D-02  0.0000000D+00
  0.4939940D-01 -0.9214153D-02 -0.6119002D-02  0.0000000D+00
  0.4288324D-01  0.1460875D-01 -0.1224460D-01  0.0000000D+00
  0.3915323D-01  0.2884747D-01 -0.1592494D-01  0.0000000D+00
  0.3076344D-01 -0.7715090D-02 -0.9126884D-02  0.0000000D+00
  0.1564280D-01  0.1120358D-01  0.7262719D-02  0.0000000D+00
  0.4041053D-01  0.2591861D-02 -0.1308120D-01  0.0000000D+00
  0.2954888D-01  0.1696725D-01  0.8462354D-02  0.0000000D+00
  0.1687572D-01 -0.6796722D-02 -0.1463222D-01  0.0000000D+00
  0.6083775D-02  0.1444874D-02  0.2004731D-03  0.0000000D+00
  0.3873899D-02 -0.1246157D-01  0.2809763D-02  0.0000000D+00
  0.2499628D-01 -0.2907980D-01  0.7586940D-02  0.0000000D+00
  0.2364237D-01 -0.1342915D-01  0.5055281D-02  0.0000000D+00
  0.1785468D-01 -0.6746186D-02  0.1615735D-02  0.0000000D+00
  0.1445113D-01 -0.2658467D-02 -0.4261264D-03  0.0000000D+00
 -0.6116905D-02  0.8233180D-02  0.1548162D-01  0.0000000D+00
 -0.1503494D-03  0.3038076D-02 -0.4264889D-03  0.0000000D+00
 -0.3336707D-01  0.1103888D-01  0.2672011D-02  0.0000000D+00
 -0.2120476D-01  0.5514497D-02 -0.4449570D-02  0.0000000D+00
 -0.1038839D-01 -0.4613055D-02  0.4856546D-02  0.0000000D+00
 -0.6008624D-02 -0.8074443D-02  0.6872896D-02  0.0000000D+00
 -0.5994871D-02  0.2741886D-02  0.6576276D-03  0.0000000D+00
  0.2629162D-02 -0.1999010D-04  0.1505520D-01  0.0000000D+00
  0.1367314D-02  0.7745881D-02  0.8776699D-02  0.0000000D+00
  0.4780142D-02  0.7814398D-02  0.4443706D-02  0.0000000D+00
  0.6765453D-02  0.7942305D-02  0.1837271D-02  0.0000000D+00
 -0.7250759D-02 -0.2664032D-05  0.1722426D-04  0.0000000D+00
  0.1064159D-01  0.2613385D-03 -0.2482534D-03  0.0000000D+00
 -0.1963489D-01 -0.2871381D-03  0.3996634D-03  0.0000000D+00
 -0.1838735D-02  0.7097563D-03 -0.5966596D-03  0.0000000D+00
 -0.1280528D-02 -0.1131307D-02  0.7227113D-03  0.0000000D+00
 -0.2889781D-02  0.1342792D-02 -0.4391101D-03  0.0000000D+00
 -0.1766261D-02 -0.7189659D-02  0.1339385D-02  0.0000000D+00
  0.2317545D-02 -0.7694490D-03  0.4962277D-02  0.0000000D+00
  0.1778656D-02 -0.5193349D-02  0.2126103D-02  0.0000000D+00
  0.1357570D-02 -0.5639550D-03  0.3718437D-02  0.0000000D+00
  0.1105611D-02  0.2097344D-02  0.4619766D-02  0.0000000D+00
 -0.2610443D-01 -0.1711133D-04  0.6812752D-04  0.0000000D+00
 -0.2640501D-01 -0.3503323D-05  0.2121911D-04  0.0000000D+00
 -0.1868878D-01 -0.1980241D-03  0.3819133D-04  0.0000000D+00
 -0.1422887D-01  0.2268423D-03 -0.1303349D-03  0.0000000D+00
 -0.7679074D-02 -0.4835695D-03  0.4135436D-03  0.0000000D+00
 -0.3422291D-02  0.2472946D-02 -0.1482218D-02  0.0000000D+00
 -0.4825607D-02  0.9203968D-03  0.2820244D-02  0.0000000D+00
 -0.5463267D-02  0.7397164D-02  0.5493448D-02  0.0000000D+00
 -0.4881137D-02  0.4607463D-02 -0.6138102D-03  0.0000000D+00
 -0.1705700D-02 -0.2441467D-02 -0.1572547D-02  0.0000000D+00
  0.1602719D-03 -0.6599654D-02 -0.2201534D-02  0.0000000D+00
  0.4497966D-02  0.3666559D-04 -0.2737000D-04  0.0000000D+00
 -0.7356157D-02  0.6594621D-04  0.1227472D-03  0.0000000D+00
 -0.4722405D-02 -0.2170029D-04 -0.2731024D-03  0.0000000D+00
 -0.1743351D-02  0.8392580D-04  0.4723255D-03  0.0000000D+00
  0.3028314D-02 -0.3534696D-03 -0.6248944D-03  0.0000000D+00
 -0.1807592D-02  0.1340025D-02 -0.4581358D-04  0.0000000D+00
 -0.5668631D-02 -0.2921313D-02  0.6323595D-03  0.0000000D+00
  0.2538208D-02 -0.5960243D-02  0.5638059D-03  0.0000000D+00
  0.7079114D-02 -0.5673862D-02  0.3337865D-02  0.0000000D+00
  0.4540153D-02 -0.2153443D-03  0.6131183D-03  0.0000000D+00
  0.3104883D-02  0.2983769D-02 -0.9520893D-03  0.0000000D+00
 -0.8186217D-02  0.8513270D-04  0.8462733D-04  0.0000000D+00
 -0.5126535D-02  0.6849360D-04  0.8916160D-05  0.0000000D+00
 -0.6212410D-02 -0.3213383D-04  0.3673872D-04  0.0000000D+00
 -0.3368390D-02  0.4475552D-04 -0.3419871D-04  0.0000000D+00
 -0.5588048D-02  0.5281996D-04 -0.2603962D-04  0.0000000D+00
 -0.2152854D-02 -0.5768298D-03  0.6200919D-03  0.0000000D+00
 -0.1969275D-02  0.4624944D-04  0.2422796D-02  0.0000000D+00
 -0.2689430D-02  0.6033423D-02  0.5204663D-02  0.0000000D+00
 -0.4272052D-02  0.4369404D-02  0.1887711D-02  0.0000000D+00
 -0.3512047D-02  0.3308696D-02  0.2090808D-02  0.0000000D+00
 -0.3084947D-02  0.2669261D-02  0.2173749D-02  0.0000000D+00
 -0.7492610D-02  0.1074828D-04 -0.2527099D-04  0.0000000D+00
 -0.1374372D-01  0.3394312D-03  0.4137186D-04  0.0000000D+00
 -0.2434667D-02 -0.4823099D-03  0.5001353D-04  0.0000000D+00
 -0.2474097D-02  0.6364261D-03 -0.1977787D-03  0.0000000D+00
 -0.2199147D-02 -0.1097276D-02  0.2760172D-03  0.0000000D+00
  0.1563939D-03  0.1666410D-02  0.2586890D-03  0.0000000D+00
 -0.1298413D-02 -0.2856913D-02  0.9148594D-04  0.0000000D+00
 -0.2280759D-03  0.1276144D-02  0.7028641D-03  0.0000000D+00
 -0.6830744D-03  0.3303474D-02  0.2906152D-03  0.0000000D+00
 -0.2228822D-03  0.9638828D-03 -0.2661457D-03  0.0000000D+00
  0.4136040D-04 -0.3826661D-03 -0.5965117D-03  0.0000000D+00
 -0.2621604D-02  0.8833773D-04  0.8305495D-05  0.0000000D+00
 -0.4636588D-02 -0.1116521D-03  0.5889766D-04  0.0000000D+00
 -0.1136652D-02  0.4287074D-04  0.3258397D-04  0.0000000D+00
  0.1644859D-02  0.1082723D-03 -0.4765434D-04  0.0000000D+00
  0.2775153D-03 -0.3402710D-03  0.1084652D-03  0.0000000D+00
  0.2705878D-02 -0.3641903D-03 -0.6058128D-03  0.0000000D+00
 -0.6364689D-03 -0.1407164D-02 -0.4349691D-03  0.0000000D+00
  0.1074753D-02 -0.4940399D-02 -0.6850535D-03  0.0000000D+00
  0.3872618D-02 -0.4031508D-02  0.8153568D-03  0.0000000D+00
  0.3097461D-02 -0.1536380D-02  0.4253641D-03  0.0000000D+00
  0.2675257D-02 -0.6493259D-04  0.2139466D-03  0.0000000D+00
 -0.1861654D-02 -0.1030814D-01  0.1046310D-02  0.0000000D+00
  0.6198354D-02  0.2377161D-01 -0.1784271D-02  0.0000000D+00
  0.9746779D-03 -0.1010556D-01 -0.2984539D-02  0.0000000D+00
  0.7387907D-02  0.7089219D-02  0.6760512D-02  0.0000000D+00
  0.5299585D-02  0.7015495D-02 -0.2020450D-02  0.0000000D+00
 -0.5552396D-02 -0.5289725D-02  0.5802453D-02  0.0000000D+00
 -0.1380695D-02 -0.6234392D-02 -0.7456155D-02  0.0000000D+00
 -0.4361668D-02 -0.1661501D-02 -0.2386924D-02  0.0000000D+00
 -0.8293907D-02  0.8283445D-02 -0.4836020D-02  0.0000000D+00
 -0.4688068D-02  0.9811686D-02 -0.7516713D-02  0.0000000D+00
 -0.2620636D-02  0.1081922D-01 -0.9113640D-02  0.0000000D+00
 -0.9621502D-03 -0.6883896D-02  0.7780071D-02  0.0000000D+00
  0.1135140D-01  0.1185014D-01  0.1814322D-02  0.0000000D+00
 -0.3651435D-02 -0.1526745D-02 -0.1049839D-03  0.0000000D+00
  0.1148073D-01 -0.2263703D-02  0.5925418D-02  0.0000000D+00
  0.3922652D-02  0.6894998D-02 -0.5180502D-02  0.0000000D+00
  0.2538220D-02  0.1683029D-03  0.1092520D-01  0.0000000D+00
  0.5033007D-02  0.7912890D-02 -0.5426474D-02  0.0000000D+00
  0.5197053D-02 -0.4354440D-02  0.3315328D-02  0.0000000D+00
  0.3526524D-02 -0.4735351D-02  0.2514837D-02  0.0000000D+00
  0.6539548D-02 -0.3518992D-02  0.2295304D-02  0.0000000D+00
  0.8285777D-02 -0.2811764D-02  0.2158230D-02  0.0000000D+00
  0.8338562D-02  0.1097917D-01  0.3717569D-03  0.0000000D+00
  0.2227460D-02 -0.1442579D-01 -0.6643809D-03  0.0000000D+00
 -0.3505343D-03 -0.1214269D-02  0.3032374D-02  0.0000000D+00
  0.2515411D-03  0.4586667D-02 -0.5935496D-03  0.0000000D+00
 -0.5937116D-03 -0.7313047D-02 -0.3812985D-02  0.0000000D+00
 -0.1007918D-03 -0.3930526D-02  0.4967805D-02  0.0000000D+00
  0.9838219D-03 -0.9155313D-02  0.1295747D-01  0.0000000D+00
  0.4927724D-02 -0.4139529D-02  0.8186804D-02  0.0000000D+00
  0.3538830D-02 -0.2184719D-02  0.8959740D-02  0.0000000D+00
  0.1670927D-02 -0.5169463D-02  0.4016068D-02  0.0000000D+00
  0.5621402D-03 -0.6894223D-02  0.1130123D-02  0.0000000D+00
  0.3073406D-02  0.9446726D-05  0.9183921D-04  0.0000000D+00
 -0.3645889D-02 -0.3139675D-03 -0.2808160D-03  0.0000000D+00
  0.4551269D-02  0.3563582D-03  0.3256720D-03  0.0000000D+00
  0.2073547D-02 -0.5720959D-03 -0.4628856D-03  0.0000000D+00
  0.5201661D-02  0.1208411D-02  0.7774896D-03  0.0000000D+00
 -0.2280008D-02 -0.2698162D-02 -0.1515763D-02  0.0000000D+00
 -0.8595666D-03 -0.1466824D-03  0.4844506D-03  0.0000000D+00
  0.7446380D-02 -0.1192263D-01  0.1777536D-02  0.0000000D+00
  0.8571516D-02 -0.2509192D-02 -0.1014982D-02  0.0000000D+00
  0.5674942D-02  0.3994998D-02  0.8739321D-03  0.0000000D+00
  0.3992037D-02  0.7907604D-02  0.1948872D-02  0.0000000D+00
  0.7098742D-02 -0.3165716D-04  0.1631221D-04  0.0000000D+00
 -0.3123699D-02  0.1990310D-03  0.1047574D-03  0.0000000D+00
 -0.1460646D-02 -0.2759454D-03 -0.1147528D-03  0.0000000D+00
 -0.3602470D-02  0.5848447D-03  0.7356711D-04  0.0000000D+00
 -0.2591604D-02 -0.1215609D-02 -0.3664703D-04  0.0000000D+00
  0.2258343D-02  0.3491954D-02  0.4549636D-03  0.0000000D+00
  0.2969286D-02 -0.2654524D-02  0.7197757D-02  0.0000000D+00
  0.2952606D-02  0.7376028D-02  0.2131880D-02  0.0000000D+00
  0.1358230D-02  0.2229912D-02  0.1972659D-02  0.0000000D+00
  0.1904946D-02 -0.9926206D-03  0.1770377D-02  0.0000000D+00
  0.2207485D-02 -0.2936798D-02  0.1650863D-02  0.0000000D+00
 -0.6586914D-02 -0.1047756D-03 -0.3964395D-04  0.0000000D+00
  0.8833052D-02  0.9057813D-04 -0.1614928D-04  0.0000000D+00
 -0.3830081D-02 -0.1318362D-03 -0.4057008D-03  0.0000000D+00
 -0.2184936D-02  0.7075565D-04  0.8519687D-03  0.0000000D+00
  0.2485780D-02 -0.1311614D-03 -0.1431893D-02  0.0000000D+00
 -0.4051935D-03  0.5031127D-03  0.2717589D-02  0.0000000D+00
  0.4743350D-03  0.7154040D-03 -0.6221021D-03  0.0000000D+00
  0.4072221D-02 -0.1307141D-02  0.5888280D-03  0.0000000D+00
  0.1488758D-02 -0.4208404D-03  0.1229802D-03  0.0000000D+00
 -0.8242203D-03  0.4709965D-03 -0.1923376D-02  0.0000000D+00
 -0.2207172D-02  0.1002307D-02 -0.3127051D-02  0.0000000D+00
  0.5872579D-02  0.2117098D-05 -0.2366016D-04  0.0000000D+00
  0.4602340D-03 -0.4277470D-04 -0.1237959D-03  0.0000000D+00
  0.1411581D-02  0.1964532D-04  0.1772954D-03  0.0000000D+00
 -0.4238589D-03 -0.1833997D-03 -0.2969444D-03  0.0000000D+00
  0.3981037D-03  0.3139463D-03  0.5038229D-03  0.0000000D+00
  0.5412623D-03 -0.1099946D-02 -0.1390737D-02  0.0000000D+00
 -0.8394355D-04 -0.1887604D-02  0.4177210D-03  0.0000000D+00
 -0.1632262D-03 -0.1260565D-02  0.3752144D-02  0.0000000D+00
  0.4444948D-03  0.9402365D-03  0.2492262D-02  0.0000000D+00
  0.9404458D-03  0.2500773D-02  0.1892610D-02  0.0000000D+00
  0.1237629D-02  0.3438905D-02  0.1527688D-02  0.0000000D+00
 -0.4111518D-02  0.5138555D-04 -0.1499030D-04  0.0000000D+00
  0.2085238D-02 -0.1597175D-03 -0.2709561D-03  0.0000000D+00
  0.5877820D-02  0.7295679D-04  0.3495881D-03  0.0000000D+00
 -0.6840356D-03 -0.1293328D-03 -0.3761240D-03  0.0000000D+00
  0.2833988D-02  0.2048327D-03  0.8282271D-03  0.0000000D+00
  0.7320223D-03  0.2768248D-03 -0.1535309D-02  0.0000000D+00
  0.9923165D-03 -0.1393514D-03 -0.1020357D-02  0.0000000D+00
  0.2611950D-02  0.9094207D-03 -0.4270896D-03  0.0000000D+00
  0.1415606D-02  0.2414844D-03 -0.8858002D-03  0.0000000D+00
  0.8102006D-03  0.6905076D-03  0.6885519D-03  0.0000000D+00
  0.4426754D-03  0.9457524D-03  0.1605021D-02  0.0000000D+00
  0.9524621D-03 -0.5159666D-04  0.1433266D-04  0.0000000D+00
 -0.1918743D-02  0.1463722D-03 -0.5060493D-04  0.0000000D+00
  0.4685694D-02 -0.3895936D-04 -0.3463077D-04  0.0000000D+00
  0.2924837D-02 -0.8786830D-05  0.1302146D-03  0.0000000D+00
 -0.1331727D-02  0.1217668D-03 -0.1056994D-03  0.0000000D+00
  0.7152251D-03 -0.3737878D-04  0.2440060D-03  0.0000000D+00
 -0.3382077D-03  0.1440958D-02 -0.2503661D-02  0.0000000D+00
  0.1699467D-02  0.2026625D-03  0.2211901D-02  0.0000000D+00
  0.1508901D-02 -0.1661088D-02  0.7916679D-03  0.0000000D+00
  0.5279388D-03 -0.6750112D-03  0.6196402D-03  0.0000000D+00
 -0.4809147D-04 -0.1187528D-03  0.5034129D-03  0.0000000D+00
  0.8753603D-03  0.4409783D-03 -0.3205497D-02  0.0000000D+00
 -0.3144178D-02 -0.3223045D-02  0.8477979D-04  0.0000000D+00
 -0.1067057D-02 -0.2261392D-03 -0.2940630D-02  0.0000000D+00
 -0.3028757D-02  0.5347961D-02  0.6044237D-02  0.0000000D+00
 -0.1616656D-02 -0.3343234D-02 -0.2829138D-02  0.0000000D+00
 -0.1776500D-02  0.8898329D-03  0.5776161D-03  0.0000000D+00
 -0.3468324D-02 -0.7676519D-02  0.1999518D-02  0.0000000D+00
  0.6682289D-03  0.7033668D-02  0.1203217D-03  0.0000000D+00
 -0.5832195D-03  0.1518373D-02  0.3391777D-03  0.0000000D+00
 -0.2167040D-03 -0.2278859D-02 -0.1224209D-02  0.0000000D+00
 -0.1614535D-04 -0.4563312D-02 -0.2136685D-02  0.0000000D+00
 -0.3817273D-02 -0.1810703D-02 -0.2194637D-02  0.0000000D+00
 -0.3468157D-01 -0.1144758D-01  0.6616390D-02  0.0000000D+00
 -0.1260422D-01  0.6349683D-02 -0.1648700D-02  0.0000000D+00
 -0.1598122D-01 -0.6124593D-02  0.3890780D-02  0.0000000D+00
 -0.1440032D-01  0.5123439D-03 -0.3519928D-02  0.0000000D+00
 -0.5012755D-02  0.3786479D-02  0.2983045D-02  0.0000000D+00
 -0.3951563D-02 -0.7464795D-02 -0.2554045D-02  0.0000000D+00
 -0.5574428D-02  0.7841000D-02 -0.2594042D-02  0.0000000D+00
 -0.3580817D-02  0.4120194D-02 -0.5351081D-03  0.0000000D+00
 -0.1653996D-02  0.1829684D-02 -0.8183568D-04  0.0000000D+00
 -0.5038297D-03  0.4471403D-03  0.2066056D-03  0.0000000D+00
  0.6050067D-02  0.3393106D-02 -0.1951863D-02  0.0000000D+00
  0.3899106D-02  0.1381514D-01 -0.2654677D-02  0.0000000D+00
  0.3907180D-02 -0.2633959D-02 -0.1265798D-02  0.0000000D+00
  0.2076041D-03 -0.6175226D-03 -0.4081590D-03  0.0000000D+00
 -0.1336582D-02 -0.2708999D-02 -0.6522948D-03  0.0000000D+00
 -0.4406803D-02  0.1022439D-02  0.1166996D-02  0.0000000D+00
 -0.2006814D-02 -0.3916586D-02 -0.6281380D-02  0.0000000D+00
 -0.3252357D-02  0.5552452D-02 -0.8041400D-03  0.0000000D+00
 -0.2307494D-02  0.2091024D-02  0.3487620D-03  0.0000000D+00
 -0.2491314D-02 -0.9455400D-03  0.6135716D-03  0.0000000D+00
 -0.2588766D-02 -0.2761926D-02  0.7818558D-03  0.0000000D+00
 -0.8326756D-02 -0.1017999D-03 -0.7243094D-04  0.0000000D+00
 -0.1907385D-02  0.1040759D-03  0.2044866D-03  0.0000000D+00
 -0.4927204D-02 -0.3055744D-03 -0.2471196D-03  0.0000000D+00
 -0.4973182D-02  0.3159394D-03  0.4644955D-03  0.0000000D+00
 -0.9353711D-02 -0.6046500D-03 -0.5935493D-03  0.0000000D+00
 -0.2044023D-02  0.1399027D-02  0.1020363D-02  0.0000000D+00
 -0.4000547D-02 -0.5149438D-02 -0.2515347D-02  0.0000000D+00
 -0.5276058D-02  0.2614278D-02 -0.1122054D-03  0.0000000D+00
 -0.4099103D-02  0.1863160D-02  0.4222723D-03  0.0000000D+00
 -0.1063429D-02  0.8719962D-04 -0.5875515D-03  0.0000000D+00
  0.7272620D-03 -0.9605239D-03 -0.1172846D-02  0.0000000D+00
 -0.9354710D-03  0.2729495D-04 -0.5990830D-04  0.0000000D+00
 -0.1232080D-01 -0.2907034D-03 -0.1922224D-03  0.0000000D+00
  0.9827724D-02  0.2980282D-03  0.2043621D-03  0.0000000D+00
  0.1284220D-02 -0.3744688D-03 -0.2987698D-03  0.0000000D+00
  0.2160513D-02  0.8692656D-03  0.3711505D-03  0.0000000D+00
 -0.2707467D-02 -0.2707084D-02 -0.3306107D-03  0.0000000D+00
 -0.1005407D-02  0.3122030D-02  0.6016595D-03  0.0000000D+00
 -0.3659581D-02  0.2886502D-02 -0.2550797D-03  0.0000000D+00
 -0.4320293D-03  0.2083084D-02 -0.4529205D-03  0.0000000D+00
 -0.2246391D-03  0.1188775D-02  0.2256177D-03  0.0000000D+00
 -0.6715960D-04  0.6562041D-03  0.6210889D-03  0.0000000D+00
 -0.2512200D-02 -0.3041733D-04  0.6347835D-04  0.0000000D+00
  0.1275215D-01  0.1600429D-04 -0.7554482D-04  0.0000000D+00
  0.1955526D-02  0.7198023D-04  0.1817719D-03  0.0000000D+00
  0.5223347D-02 -0.4102222D-04 -0.3356181D-03  0.0000000D+00
 -0.4279782D-02  0.5363134D-04  0.5550664D-03  0.0000000D+00
  0.7200988D-03 -0.6609024D-03 -0.9832980D-03  0.0000000D+00
 -0.1493926D-02  0.1051934D-02  0.8896162D-03  0.0000000D+00
 -0.6962672D-04  0.1213541D-02  0.1630264D-03  0.0000000D+00
  0.6018949D-03  0.1047161D-02 -0.6457956D-03  0.0000000D+00
  0.1761224D-02 -0.6418516D-04  0.2435925D-03  0.0000000D+00
  0.2447226D-02 -0.7167817D-03  0.7548724D-03  0.0000000D+00
 -0.4924943D-02  0.8168276D-04 -0.2067833D-04  0.0000000D+00
  0.3890043D-02 -0.6674791D-05 -0.1491566D-03  0.0000000D+00
 -0.1296909D-02  0.7214382D-04 -0.8355213D-04  0.0000000D+00
  0.6650288D-02  0.4231945D-04  0.2028697D-03  0.0000000D+00
 -0.8997193D-03 -0.1667409D-03 -0.3831551D-03  0.0000000D+00
 -0.2141771D-02  0.9551438D-03  0.6271210D-03  0.0000000D+00
 -0.6334884D-03 -0.6661411D-03 -0.1098033D-02  0.0000000D+00
 -0.2607944D-02 -0.7186677D-03 -0.3177775D-03  0.0000000D+00
 -0.1018822D-02 -0.2115950D-03  0.6108139D-03  0.0000000D+00
  0.3617131D-03 -0.1620553D-04  0.3959210D-03  0.0000000D+00
  0.1187755D-02  0.1037925D-03  0.2803426D-03  0.0000000D+00
 -0.1138261D-02 -0.8773377D-04  0.3899053D-04  0.0000000D+00
  0.3469001D-02 -0.3834835D-04  0.1307919D-03  0.0000000D+00
 -0.2097288D-02  0.1025237D-03 -0.1247987D-03  0.0000000D+00
  0.3690793D-02 -0.7355913D-04  0.1888992D-03  0.0000000D+00
 -0.4561736D-02 -0.1128142D-03 -0.2132086D-03  0.0000000D+00
  0.1198418D-02  0.7069603D-03  0.3741300D-03  0.0000000D+00
  0.7193306D-03  0.1718321D-03  0.3964075D-03  0.0000000D+00
 -0.7124378D-03  0.1471028D-02 -0.1237729D-02  0.0000000D+00
 -0.1531806D-02  0.1100193D-02 -0.3835710D-03  0.0000000D+00
 -0.9604802D-03  0.1500401D-03  0.3868652D-03  0.0000000D+00
 -0.6353562D-03 -0.4100510D-03  0.8474205D-03  0.0000000D+00
 -0.3316837D-02  0.5145167D-05 -0.7156814D-04  0.0000000D+00
  0.3448952D-02  0.6935350D-04  0.6796963D-04  0.0000000D+00
 -0.7762971D-02 -0.2183466D-03 -0.1164033D-03  0.0000000D+00
  0.5356574D-02  0.1877309D-03  0.1142394D-03  0.0000000D+00
  0.5139048D-03 -0.4382307D-03 -0.2461779D-03  0.0000000D+00
  0.1376405D-02  0.8844535D-03  0.3601492D-03  0.0000000D+00
  0.9415140D-03 -0.1691002D-02 -0.7339971D-03  0.0000000D+00
 -0.1406516D-02 -0.3587283D-03  0.1600324D-03  0.0000000D+00
 -0.1226395D-03 -0.4166082D-03  0.1358437D-03  0.0000000D+00
  0.7864691D-03  0.9548419D-04  0.4244802D-03  0.0000000D+00
  0.1332925D-02  0.3947075D-03  0.5931190D-03  0.0000000D+00
 -0.1116148D-01  0.1234862D-02 -0.5199563D-02  0.0000000D+00
  0.8279650D-02 -0.1962175D-02  0.5051246D-02  0.0000000D+00
 -0.4296778D-02 -0.1116001D-02 -0.3937731D-03  0.0000000D+00
 -0.2201184D-02 -0.3453358D-02  0.3415535D-03  0.0000000D+00
 -0.2870160D-02 -0.1706444D-03 -0.1750826D-02  0.0000000D+00
 -0.4959385D-02 -0.1531160D-02 -0.9400096D-03  0.0000000D+00
 -0.2513527D-02 -0.6255572D-03 -0.1151018D-02  0.0000000D+00
 -0.2646261D-02 -0.1749305D-02  0.1586118D-02  0.0000000D+00
 -0.4160245D-02  0.4451020D-03  0.1631146D-02  0.0000000D+00
 -0.3464411D-02 -0.6138395D-03  0.4842038D-03  0.0000000D+00
 -0.3074197D-02 -0.1209868D-02 -0.1868881D-03  0.0000000D+00
 -0.2920500D-02  0.2195174D-04 -0.4145354D-02  0.0000000D+00
 -0.8991045D-02 -0.4796443D-02  0.5497022D-02  0.0000000D+00
  0.3234575D-02 -0.4898923D-02 -0.3926408D-02  0.0000000D+00
 -0.1258355D-02 -0.3578273D-03  0.6211501D-04  0.0000000D+00
 -0.1947578D-03 -0.5784843D-02  0.5066476D-03  0.0000000D+00
  0.2065072D-03  0.2529466D-02 -0.1171186D-02  0.0000000D+00
  0.4007192D-02 -0.2794033D-02  0.2425522D-02  0.0000000D+00
  0.1448367D-02  0.5168489D-02 -0.1333939D-03  0.0000000D+00
  0.4093497D-03  0.2494586D-02 -0.2737806D-03  0.0000000D+00
  0.1078518D-02  0.2723050D-03 -0.1080518D-02  0.0000000D+00
  0.1458487D-02 -0.1058492D-02 -0.1554286D-02  0.0000000D+00
 -0.9450540D-03  0.9955311D-03  0.1679897D-02  0.0000000D+00
 -0.4306898D-02  0.4158843D-02  0.4039834D-02  0.0000000D+00
  0.2091618D-02 -0.4810919D-02 -0.4528219D-03  0.0000000D+00
  0.2897858D-02 -0.3810606D-03  0.1433228D-02  0.0000000D+00
 -0.4397792D-03 -0.2763073D-02  0.1256389D-02  0.0000000D+00
 -0.6976816D-03  0.1882442D-02 -0.1526178D-02  0.0000000D+00
  0.4238711D-03 -0.4783448D-02  0.1394061D-02  0.0000000D+00
  0.4446130D-02 -0.1959421D-02 -0.2182339D-02  0.0000000D+00
  0.2508010D-02  0.7769727D-03 -0.2410086D-02  0.0000000D+00
  0.1732834D-02  0.1601186D-02 -0.1899948D-02  0.0000000D+00
  0.1257331D-02  0.2114072D-02 -0.1604318D-02  0.0000000D+00
  0.4457979D-03 -0.5904800D-04  0.6269841D-05  0.0000000D+00
  0.8552130D-02  0.9773095D-04 -0.3993653D-05  0.0000000D+00
 -0.1061195D-02 -0.2964839D-03  0.6407968D-04  0.0000000D+00
  0.3174501D-02  0.4692967D-03 -0.2400380D-03  0.0000000D+00
  0.2740496D-03 -0.1090990D-02  0.3312502D-03  0.0000000D+00
 -0.1593358D-03  0.2586668D-02 -0.1039325D-03  0.0000000D+00
  0.1509501D-02 -0.5666102D-02  0.2013630D-03  0.0000000D+00
  0.5515108D-03  0.2311516D-02 -0.1043873D-02  0.0000000D+00
  0.3058982D-03 -0.5471688D-03 -0.7436825D-03  0.0000000D+00
 -0.5106891D-03 -0.2735187D-02  0.3127454D-03  0.0000000D+00
 -0.9920310D-03 -0.4047613D-02  0.9350095D-03  0.0000000D+00
  0.4842584D-05 -0.1283596D-03  0.1841032D-05  0.0000000D+00
 -0.6751946D-02  0.3478928D-03  0.1710300D-03  0.0000000D+00
 -0.4291714D-02 -0.3920028D-03  0.2747684D-05  0.0000000D+00
  0.1038111D-02  0.4577997D-03 -0.2352300D-04  0.0000000D+00
 -0.1766993D-02 -0.7888239D-03  0.3372739D-04  0.0000000D+00
  0.1280410D-02  0.1043038D-02 -0.1369170D-03  0.0000000D+00
  0.2432073D-02 -0.2603155D-02 -0.7274678D-03  0.0000000D+00
  0.1918547D-02 -0.4777925D-03 -0.1206931D-02  0.0000000D+00
 -0.4007302D-03 -0.7420856D-03 -0.1475052D-03  0.0000000D+00
 -0.1063002D-02 -0.1595017D-02  0.3587706D-03  0.0000000D+00
 -0.1477242D-02 -0.2097100D-02  0.6670699D-03  0.0000000D+00
 -0.5004322D-02 -0.4978443D-04 -0.6343627D-04  0.0000000D+00
  0.6242786D-02  0.8176587D-04  0.7454444D-04  0.0000000D+00
 -0.5363393D-02 -0.1402332D-03 -0.6752043D-04  0.0000000D+00
  0.3144274D-02  0.6668526D-04  0.1438167D-03  0.0000000D+00
 -0.2149436D-03 -0.1915558D-03 -0.3139260D-03  0.0000000D+00
  0.2545764D-02 -0.7225809D-03  0.4286668D-03  0.0000000D+00
  0.9164438D-03 -0.6944084D-03 -0.1798723D-04  0.0000000D+00
  0.2097690D-02 -0.8196569D-04 -0.3294729D-03  0.0000000D+00
  0.9561990D-03 -0.1547370D-03  0.3686228D-03  0.0000000D+00
  0.9516543D-03  0.1379263D-03  0.4453168D-03  0.0000000D+00
  0.9367640D-03  0.3086033D-03  0.4986921D-03  0.0000000D+00
  0.2813323D-03  0.1252387D-04 -0.1076505D-03  0.0000000D+00
  0.5613615D-02 -0.5313485D-04  0.2884444D-03  0.0000000D+00
 -0.4295990D-02  0.1084023D-03 -0.1670215D-03  0.0000000D+00
  0.1510754D-02 -0.9986816D-04  0.1779453D-04  0.0000000D+00
  0.5425226D-03  0.1306339D-03 -0.1403380D-03  0.0000000D+00
 -0.9672492D-04 -0.5596214D-03  0.2173855D-03  0.0000000D+00
 -0.5183707D-03  0.1194708D-03  0.1913591D-02  0.0000000D+00
 -0.1311083D-02 -0.1323840D-02 -0.9823086D-03  0.0000000D+00
  0.3658788D-03 -0.7004156D-03 -0.1429743D-02  0.0000000D+00
  0.4093947D-03 -0.7493865D-03 -0.2363343D-03  0.0000000D+00
  0.4538393D-03 -0.7710730D-03  0.4574536D-03  0.0000000D+00
 -0.1526726D-02 -0.5361588D-04 -0.2376807D-04  0.0000000D+00
  0.2207269D-02  0.9002491D-04  0.1944885D-04  0.0000000D+00
 -0.4157250D-02 -0.2605696D-04  0.4546174D-04  0.0000000D+00
  0.2544968D-02 -0.9594321D-05 -0.2023710D-03  0.0000000D+00
 -0.1665223D-02 -0.4264525D-04  0.8672974D-04  0.0000000D+00
  0.1811165D-02  0.6208233D-03  0.8623364D-04  0.0000000D+00
 -0.3165582D-03 -0.4253168D-03 -0.1101140D-03  0.0000000D+00
  0.5152358D-03  0.2512469D-02  0.6445872D-03  0.0000000D+00
  0.5007291D-03 -0.2706801D-03 -0.4466769D-03  0.0000000D+00
  0.9453044D-03 -0.4582441D-03 -0.7516487D-03  0.0000000D+00
  0.1205436D-02 -0.5992175D-03 -0.9422546D-03  0.0000000D+00
 -0.3861258D-02  0.1048425D-04 -0.3981362D-04  0.0000000D+00
  0.3344201D-02 -0.1001683D-03  0.1420456D-03  0.0000000D+00
 -0.1380815D-02  0.2135744D-03 -0.4612292D-04  0.0000000D+00
  0.7909519D-03 -0.2129753D-03  0.6824427D-04  0.0000000D+00
 -0.4003045D-03  0.1191703D-03  0.8872759D-05  0.0000000D+00
  0.6591185D-03  0.2525024D-03 -0.1718918D-03  0.0000000D+00
 -0.7485031D-03  0.3208306D-03 -0.1678135D-02  0.0000000D+00
  0.2308844D-03 -0.1092252D-03  0.1320710D-02  0.0000000D+00
  0.3043493D-03 -0.2161078D-03  0.8853745D-03  0.0000000D+00
  0.1841314D-03  0.4030258D-03  0.3392568D-03  0.0000000D+00
  0.1147143D-03  0.7642882D-03  0.1465437D-04  0.0000000D+00
 -0.3922449D-02 -0.3369998D-02  0.4097184D-03  0.0000000D+00
 -0.4732915D-02  0.8383523D-02  0.3659035D-02  0.0000000D+00
 -0.4010288D-02 -0.1107423D-02 -0.3187610D-02  0.0000000D+00
 -0.4248822D-02 -0.3983977D-03  0.1112230D-02  0.0000000D+00
 -0.3728703D-02  0.2527377D-03 -0.7453793D-03  0.0000000D+00
 -0.2959805D-02  0.1425242D-02  0.5981248D-03  0.0000000D+00
 -0.2723240D-02  0.3710651D-03  0.8399754D-04  0.0000000D+00
 -0.4903035D-02  0.6229124D-03 -0.2325936D-02  0.0000000D+00
 -0.4198593D-02 -0.1041015D-02 -0.1171784D-02  0.0000000D+00
 -0.2727034D-02 -0.9362263D-03 -0.3364723D-03  0.0000000D+00
 -0.1857529D-02 -0.8934559D-03  0.1654101D-03  0.0000000D+00
 -0.3322776D-02 -0.4721051D-02 -0.3176463D-02  0.0000000D+00
 -0.1096738D-01  0.2769262D-03 -0.3995790D-03  0.0000000D+00
 -0.2168064D-02  0.1711821D-02  0.8437213D-03  0.0000000D+00
 -0.6750737D-02 -0.1010856D-02 -0.1670747D-02  0.0000000D+00
 -0.4304113D-02  0.1379661D-02  0.4620851D-02  0.0000000D+00
 -0.2438034D-03 -0.2695233D-02 -0.3146048D-02  0.0000000D+00
  0.1829415D-02  0.2466944D-02 -0.6988003D-03  0.0000000D+00
 -0.4237708D-02 -0.3271822D-02 -0.9181699D-03  0.0000000D+00
 -0.5859976D-02 -0.2224465D-02 -0.1016159D-03  0.0000000D+00
 -0.3410901D-02 -0.1040319D-02  0.3023950D-03  0.0000000D+00
 -0.1995094D-02 -0.3355233D-03  0.5482137D-03  0.0000000D+00
  0.4016212D-04  0.2591050D-03 -0.1827443D-03  0.0000000D+00
  0.5264416D-02 -0.3259253D-02  0.2121556D-02  0.0000000D+00
 -0.9398888D-03  0.5969028D-02  0.8411053D-03  0.0000000D+00
  0.5954038D-02 -0.4135437D-02 -0.1260073D-02  0.0000000D+00
  0.8795053D-03  0.2568291D-02  0.2194526D-02  0.0000000D+00
 -0.9496160D-03  0.1278180D-02 -0.2775751D-02  0.0000000D+00
  0.4847871D-03 -0.7194825D-03  0.1847852D-02  0.0000000D+00
 -0.7550141D-03 -0.2874160D-03 -0.4156970D-03  0.0000000D+00
  0.3687127D-03 -0.3703859D-03  0.8940428D-03  0.0000000D+00
  0.3755746D-03 -0.1318901D-03 -0.3466890D-03  0.0000000D+00
  0.3916519D-03  0.6834841D-05 -0.1058369D-02  0.0000000D+00
  0.6435934D-03  0.1919983D-04 -0.6466392D-04  0.0000000D+00
  0.2803602D-02  0.2411187D-03 -0.1989431D-05  0.0000000D+00
  0.7303827D-02  0.2607253D-03 -0.1305278D-03  0.0000000D+00
  0.4291735D-02 -0.2916218D-03  0.2069312D-03  0.0000000D+00
  0.2628049D-02  0.4504176D-03 -0.2485913D-03  0.0000000D+00
  0.1629552D-02 -0.1129019D-02  0.1364407D-03  0.0000000D+00
  0.1455342D-03  0.2148721D-02  0.1158968D-02  0.0000000D+00
 -0.1675189D-02  0.1109250D-02 -0.2298905D-03  0.0000000D+00
 -0.2346478D-02  0.1798388D-03 -0.3476515D-03  0.0000000D+00
 -0.1055554D-02 -0.3310696D-03  0.3784202D-03  0.0000000D+00
 -0.3074383D-03 -0.6409481D-03  0.8021948D-03  0.0000000D+00
  0.2851514D-02  0.7561751D-05  0.5237558D-04  0.0000000D+00
 -0.6199768D-03 -0.1498760D-03  0.4870025D-04  0.0000000D+00
 -0.1938677D-03  0.1256741D-03  0.9041319D-04  0.0000000D+00
  0.4010922D-02 -0.1186901D-03 -0.1991597D-03  0.0000000D+00
  0.2269571D-02  0.1045396D-03  0.2365518D-03  0.0000000D+00
 -0.5512924D-04  0.2399256D-03 -0.3906615D-03  0.0000000D+00
  0.1279906D-02  0.3520224D-03  0.2021389D-02  0.0000000D+00
  0.1067577D-03 -0.4425427D-02 -0.5037674D-03  0.0000000D+00
 -0.8108614D-03 -0.1273512D-02 -0.1752650D-03  0.0000000D+00
 -0.3299654D-03 -0.1451263D-02  0.7276217D-03  0.0000000D+00
 -0.5874786D-04 -0.1520113D-02  0.1259999D-02  0.0000000D+00
  0.1882657D-03 -0.4916946D-04  0.5887851D-04  0.0000000D+00
  0.7263676D-02  0.5965760D-04 -0.8119990D-04  0.0000000D+00
  0.4678085D-02  0.1652844D-03  0.2268898D-03  0.0000000D+00
  0.4554060D-02 -0.1188860D-03 -0.1805541D-03  0.0000000D+00
  0.2440982D-02  0.1372354D-03  0.2503945D-03  0.0000000D+00
  0.2007490D-02  0.4014975D-03 -0.2574965D-04  0.0000000D+00
  0.3104142D-02  0.1606711D-02 -0.2416056D-02  0.0000000D+00
  0.3431490D-02 -0.2083801D-03  0.2013364D-02  0.0000000D+00
  0.9047559D-03 -0.1646314D-03  0.6390339D-03  0.0000000D+00
  0.3121420D-03 -0.3746088D-03 -0.7606597D-03  0.0000000D+00
 -0.6306814D-04 -0.4971662D-03 -0.1595622D-02  0.0000000D+00
  0.7660712D-03  0.8745098D-04 -0.6068330D-05  0.0000000D+00
  0.3168353D-02 -0.3411839D-04  0.1236004D-03  0.0000000D+00
 -0.1896076D-02 -0.1707187D-03 -0.4849972D-04  0.0000000D+00
  0.1401023D-02  0.1734417D-03 -0.7976944D-05  0.0000000D+00
  0.3670001D-03 -0.2636628D-03 -0.2559336D-04  0.0000000D+00
  0.5897531D-04  0.3266136D-03  0.5066128D-04  0.0000000D+00
 -0.6014979D-03 -0.5431051D-03 -0.2071027D-02  0.0000000D+00
  0.5700221D-03  0.3326105D-03 -0.2233799D-03  0.0000000D+00
  0.2646961D-03 -0.4695672D-04  0.8495972D-03  0.0000000D+00
  0.2199375D-03 -0.3654716D-05 -0.1504881D-03  0.0000000D+00
  0.1904601D-03  0.1744160D-04 -0.7237682D-03  0.0000000D+00
  0.4565269D-03  0.3624663D-04  0.6155432D-04  0.0000000D+00
 -0.7864001D-03 -0.1035042D-03 -0.1497423D-03  0.0000000D+00
  0.1590213D-02 -0.8719038D-04  0.8255375D-04  0.0000000D+00
 -0.3727190D-03  0.1543174D-03  0.2055817D-03  0.0000000D+00
  0.7746368D-03  0.5686811D-04 -0.2932548D-03  0.0000000D+00
  0.4571079D-03 -0.1083878D-02  0.4110216D-03  0.0000000D+00
  0.1421110D-02  0.6700233D-03  0.1051723D-02  0.0000000D+00
  0.9153078D-03 -0.2770908D-03  0.1844839D-03  0.0000000D+00
  0.1260729D-02  0.6915948D-03 -0.2363655D-03  0.0000000D+00
  0.7140102D-03  0.1831192D-03 -0.3176022D-03  0.0000000D+00
  0.3977726D-03 -0.1037352D-03 -0.3695665D-03  0.0000000D+00
  0.1498839D-02  0.1538298D-03  0.8115716D-05  0.0000000D+00
  0.9706999D-03 -0.1059781D-03  0.2356842D-03  0.0000000D+00
 -0.1093224D-02 -0.9273976D-04 -0.2256230D-03  0.0000000D+00
 -0.3170094D-02  0.1356691D-03  0.2575877D-03  0.0000000D+00
  0.5963048D-03 -0.6146328D-04 -0.4645209D-03  0.0000000D+00
  0.8512653D-03  0.2017828D-03  0.8992538D-03  0.0000000D+00
  0.3344304D-03 -0.1057781D-02 -0.2906218D-03  0.0000000D+00
  0.2134330D-03  0.2337364D-03  0.1772184D-03  0.0000000D+00
 -0.1085788D-02 -0.8724949D-03  0.3466269D-03  0.0000000D+00
 -0.8619425D-03 -0.4871338D-03 -0.1845788D-03  0.0000000D+00
 -0.7455817D-03 -0.2742153D-03 -0.4934770D-03  0.0000000D+00
  0.4289433D-02  0.1813323D-02  0.1287462D-02  0.0000000D+00
 -0.4289871D-02 -0.1135522D-01  0.2901846D-02  0.0000000D+00
  0.2740968D-02  0.1683914D-02  0.1987409D-02  0.0000000D+00
 -0.1055188D-02 -0.4337960D-02 -0.4908808D-02  0.0000000D+00
  0.7206881D-03  0.1724474D-02  0.3076081D-02  0.0000000D+00
  0.1721903D-02 -0.1973952D-02 -0.1698056D-03  0.0000000D+00
  0.2542346D-02  0.1378986D-02 -0.2802164D-02  0.0000000D+00
  0.2038201D-02 -0.1132688D-02  0.1340344D-02  0.0000000D+00
  0.2678244D-02 -0.5239083D-03  0.1932345D-02  0.0000000D+00
  0.1449448D-02  0.8107890D-04  0.2139706D-02  0.0000000D+00
  0.7369376D-03  0.4416821D-03  0.2267966D-02  0.0000000D+00
  0.6203375D-02 -0.2065867D-02 -0.2567673D-02  0.0000000D+00
 -0.7874825D-02 -0.1030970D-01 -0.4225036D-02  0.0000000D+00
  0.2542686D-02  0.4055812D-02 -0.6146225D-03  0.0000000D+00
 -0.1859916D-02 -0.4392358D-02  0.5147068D-03  0.0000000D+00
 -0.1123563D-02  0.5011705D-02 -0.1490630D-02  0.0000000D+00
  0.1693315D-02 -0.2831250D-02 -0.5552867D-03  0.0000000D+00
  0.1329277D-02  0.3279483D-03 -0.2823606D-02  0.0000000D+00
 -0.1241546D-02 -0.3502391D-03 -0.5660846D-03  0.0000000D+00
 -0.1114437D-02 -0.6772577D-03 -0.1522367D-02  0.0000000D+00
 -0.9937790D-03  0.1007314D-02 -0.1214222D-02  0.0000000D+00
 -0.9219981D-03  0.1989670D-02 -0.1044356D-02  0.0000000D+00
 -0.3349577D-02 -0.2589275D-02  0.9282605D-03  0.0000000D+00
  0.1283179D-02  0.1124071D-01 -0.1134337D-04  0.0000000D+00
  0.1085491D-02 -0.1235961D-01 -0.3167932D-02  0.0000000D+00
  0.6008647D-03  0.5387873D-02  0.1658025D-02  0.0000000D+00
 -0.3247511D-03  0.9170893D-03 -0.1927071D-02  0.0000000D+00
  0.6528914D-03  0.7489516D-03  0.5211694D-03  0.0000000D+00
  0.1289920D-02 -0.1104766D-02 -0.5686394D-03  0.0000000D+00
  0.8486004D-03  0.1958034D-02 -0.3449408D-02  0.0000000D+00
  0.9391162D-03  0.8897097D-03 -0.3213671D-02  0.0000000D+00
  0.1219654D-02  0.1245037D-02 -0.1642974D-02  0.0000000D+00
  0.1384982D-02  0.1441205D-02 -0.7207964D-03  0.0000000D+00
  0.3274861D-02  0.1138758D-03  0.9678932D-04  0.0000000D+00
 -0.1503227D-05 -0.4720128D-04 -0.1973133D-03  0.0000000D+00
  0.2925797D-02 -0.1074629D-03  0.2370986D-04  0.0000000D+00
 -0.1116565D-02  0.5528101D-04  0.1242910D-03  0.0000000D+00
 -0.1146853D-02 -0.1939311D-03 -0.1352783D-03  0.0000000D+00
  0.1856299D-02 -0.1230240D-03  0.5742987D-03  0.0000000D+00
  0.1700256D-02 -0.4588486D-03 -0.1328509D-02  0.0000000D+00
 -0.1170807D-02  0.1241945D-02 -0.2562027D-03  0.0000000D+00
 -0.2464276D-02 -0.4685495D-03 -0.3675816D-03  0.0000000D+00
 -0.1527182D-02 -0.6100695D-03 -0.9101098D-03  0.0000000D+00
 -0.9930181D-03 -0.7123279D-03 -0.1228706D-02  0.0000000D+00
 -0.2470580D-02  0.7658560D-04 -0.2713892D-04  0.0000000D+00
 -0.5126852D-02 -0.8414444D-04 -0.1911211D-03  0.0000000D+00
  0.3535303D-02 -0.1003019D-03  0.3079720D-04  0.0000000D+00
 -0.1893412D-04  0.3156351D-04  0.6214269D-04  0.0000000D+00
  0.8620212D-03 -0.2080165D-04  0.9077896D-04  0.0000000D+00
 -0.8456693D-03 -0.2672535D-04 -0.3069918D-03  0.0000000D+00
  0.4875853D-03 -0.7545973D-03  0.9632547D-03  0.0000000D+00
 -0.4721191D-03 -0.9276553D-03 -0.1031496D-02  0.0000000D+00
 -0.1271149D-03  0.3898100D-03 -0.1265090D-03  0.0000000D+00
  0.5346259D-04  0.1225988D-02 -0.3510425D-03  0.0000000D+00
  0.1626560D-03  0.1730422D-02 -0.4723852D-03  0.0000000D+00
 -0.7117391D-03  0.4354800D-04  0.5402643D-04  0.0000000D+00
  0.2766076D-02 -0.6441673D-04  0.7417935D-05  0.0000000D+00
 -0.1357721D-02  0.1928560D-03  0.9083048D-04  0.0000000D+00
  0.9805145D-03 -0.1965085D-03 -0.5568105D-04  0.0000000D+00
 -0.2015431D-02  0.1701230D-03  0.1687648D-03  0.0000000D+00
  0.1473881D-02  0.3795262D-03 -0.6754565D-03  0.0000000D+00
 -0.1036307D-03 -0.5083197D-03  0.8588502D-03  0.0000000D+00
  0.3341855D-03 -0.7421793D-03  0.2970086D-03  0.0000000D+00
 -0.3502493D-03 -0.5199867D-03 -0.5570433D-03  0.0000000D+00
 -0.2235932D-03 -0.1594756D-04  0.5815157D-03  0.0000000D+00
 -0.1569023D-03  0.2816541D-03  0.1238950D-02  0.0000000D+00
 -0.1123434D-02 -0.8311306D-04 -0.5992118D-04  0.0000000D+00
  0.1109854D-02  0.3758984D-04 -0.2501058D-03  0.0000000D+00
  0.1183090D-02 -0.1051840D-03  0.7808296D-04  0.0000000D+00
  0.1509551D-02  0.8958545D-04  0.4512524D-04  0.0000000D+00
  0.1110661D-02 -0.2212032D-03 -0.7427787D-04  0.0000000D+00
 -0.4759929D-03  0.1102426D-02  0.2290836D-03  0.0000000D+00
  0.2776455D-03 -0.2779493D-03 -0.3810620D-03  0.0000000D+00
 -0.1149600D-03  0.5239512D-03 -0.1824909D-02  0.0000000D+00
  0.2277612D-04 -0.4278103D-03 -0.3048553D-03  0.0000000D+00
 -0.1100755D-03 -0.5445807D-03 -0.2818791D-03  0.0000000D+00
 -0.1861856D-03 -0.6238274D-03 -0.2515249D-03  0.0000000D+00
 -0.8280078D-03  0.5562371D-04 -0.1822094D-04  0.0000000D+00
  0.2418364D-02 -0.1284925D-04  0.5422549D-04  0.0000000D+00
 -0.1264635D-02  0.4634234D-04 -0.1079989D-03  0.0000000D+00
 -0.3123897D-04  0.3180860D-04  0.8301967D-04  0.0000000D+00
 -0.1705992D-02  0.2280465D-04 -0.1078240D-03  0.0000000D+00
  0.4587421D-03 -0.5334040D-04  0.2674468D-03  0.0000000D+00
  0.1368830D-03  0.1397174D-02  0.1900485D-03  0.0000000D+00
 -0.1455627D-02 -0.6514035D-03 -0.1355082D-03  0.0000000D+00
 -0.1310388D-03 -0.5555211D-04  0.4020779D-03  0.0000000D+00
  0.1128675D-03 -0.3862889D-03  0.1172523D-02  0.0000000D+00
  0.2701772D-03 -0.5733630D-03  0.1629611D-02  0.0000000D+00
 -0.7549742D-04  0.1183554D-03 -0.4396364D-04  0.0000000D+00
  0.3817114D-02 -0.2183175D-03 -0.1090446D-03  0.0000000D+00
 -0.9500911D-03  0.2483016D-04 -0.2777179D-06  0.0000000D+00
  0.1237262D-02 -0.1023805D-03 -0.7360913D-04  0.0000000D+00
 -0.1243174D-02  0.3556687D-03  0.6885712D-04  0.0000000D+00
  0.3995235D-03 -0.1444298D-02 -0.1560087D-03  0.0000000D+00
 -0.3077983D-03  0.2455095D-03 -0.3495220D-03  0.0000000D+00
  0.1138651D-02  0.9462493D-04 -0.6307661D-03  0.0000000D+00
  0.1094268D-03  0.4730076D-03  0.1227429D-03  0.0000000D+00
 -0.6965148D-03  0.1338961D-03  0.2269973D-03  0.0000000D+00
 -0.1180004D-02 -0.6025530D-04  0.2963091D-03  0.0000000D+00
