  2  2   693 10944  4  4  9 11  7  1    0.00   24.00  100.00  600.00    0.00    6.28   45.00   45.00
  100.0  100.0  100.0  100.0  125.0  150.0  190.0  230.0  275.0  350.0  450.0  600.0  600.0  600.0  600.0
  0.2660549D+03 -0.6384708D+02 -0.3815819D+01  0.0000000D+00
  0.4287433D+03 -0.6735288D+02 -0.8132468D+01  0.0000000D+00
  0.4846763D+03  0.6237636D+02  0.1430254D+02  0.0000000D+00
  0.7584383D+03  0.1765355D+02  0.1675191D+02  0.0000000D+00
  0.8530625D+03  0.1818753D+03 -0.1230392D+02  0.0000000D+00
  0.1067749D+04  0.2115532D+03  0.1411886D+02  0.0000000D+00
  0.1106497D+04  0.2536817D+03  0.2879515D+02  0.0000000D+00
  0.1295053D+04  0.2543377D+03  0.4603641D+02  0.0000000D+00
  0.1277559D+04  0.2672724D+03  0.3312943D+02  0.0000000D+00
  0.1140180D+04  0.3043014D+03  0.1425328D+02  0.0000000D+00
  0.1059544D+04  0.3261274D+03  0.3057540D+01  0.0000000D+00
  0.2209181D+02  0.6759464D+01 -0.4480990D+01  0.0000000D+00
  0.5043893D+02 -0.3531650D+02 -0.1876745D+02  0.0000000D+00
 -0.8344382D+02  0.1289714D+02 -0.4478666D+01  0.0000000D+00
  0.3027187D+01 -0.5463230D+02 -0.1615819D+01  0.0000000D+00
 -0.8917736D+02 -0.3969529D+02  0.9324135D+01  0.0000000D+00
 -0.1761798D+02 -0.1302920D+02 -0.9149317D+01  0.0000000D+00
 -0.3817296D+02 -0.2997090D+02 -0.1004052D+02  0.0000000D+00
 -0.1502752D+02 -0.1245597D+02 -0.1460487D+02  0.0000000D+00
 -0.8607073D+02  0.6347010D+01 -0.1762268D+02  0.0000000D+00
 -0.1368656D+03  0.3121914D+01 -0.1855883D+02  0.0000000D+00
 -0.1673919D+03  0.1442752D+01 -0.1913958D+02  0.0000000D+00
 -0.3834635D+02  0.1539074D+02  0.1732224D+01  0.0000000D+00
 -0.5232198D+02  0.1087685D+02 -0.5837039D+01  0.0000000D+00
  0.3568234D+02  0.4279833D+01  0.1579328D+02  0.0000000D+00
  0.2780755D+02 -0.5154715D+01  0.9587298D+01  0.0000000D+00
 -0.2974360D+02  0.8649388D+01 -0.1180695D+01  0.0000000D+00
 -0.1535204D+02 -0.1421719D+02 -0.1698529D+00  0.0000000D+00
 -0.9830304D+00 -0.1434363D+02  0.9058597D+01  0.0000000D+00
  0.3196132D+02 -0.1831461D+02  0.2252813D+02  0.0000000D+00
 -0.4210384D+02 -0.3201553D+02  0.9720792D+01  0.0000000D+00
 -0.1058243D+03 -0.2956908D+02 -0.4939105D+01  0.0000000D+00
 -0.1439548D+03 -0.2828994D+02 -0.1366446D+02  0.0000000D+00
 -0.4864225D+00 -0.1375198D+00 -0.1230539D-01  0.0000000D+00
 -0.5477335D+00 -0.6540513D-01  0.8114179D-02  0.0000000D+00
  0.2211632D+01 -0.2926413D+00 -0.1337222D+00  0.0000000D+00
  0.2851085D+01  0.4682962D+00  0.2196490D+00  0.0000000D+00
 -0.1577966D+00  0.2503637D+00 -0.5360409D+00  0.0000000D+00
 -0.8412343D+01  0.6679430D+01  0.2128921D+01  0.0000000D+00
 -0.4906096D+01  0.6702236D+01  0.4220192D+00  0.0000000D+00
 -0.2133108D+02  0.1847349D+02 -0.2711177D+00  0.0000000D+00
  0.2504966D+02 -0.1715464D+01  0.5472301D+01  0.0000000D+00
  0.6260974D+02 -0.1187628D+02  0.8732427D+01  0.0000000D+00
  0.8511756D+02 -0.1804694D+02  0.1070556D+02  0.0000000D+00
 -0.2010082D+00  0.3442307D-01  0.8432541D-02  0.0000000D+00
  0.6378904D+01  0.3045630D-01  0.8807774D-01  0.0000000D+00
  0.2549162D+01 -0.5862423D+00  0.3423950D-01  0.0000000D+00
  0.1387989D+02  0.4025006D+00 -0.1548069D+00  0.0000000D+00
 -0.6752104D+01 -0.1437409D+01  0.4441037D+00  0.0000000D+00
  0.5451017D+01 -0.4925321D+01 -0.2276673D+01  0.0000000D+00
  0.8388916D+01  0.6498183D+00 -0.4678507D+01  0.0000000D+00
  0.1833136D+02 -0.5875432D+01 -0.6905942D+01  0.0000000D+00
 -0.2344387D+01  0.2499246D+02 -0.8841324D+01  0.0000000D+00
 -0.2588430D+02  0.2230535D+02 -0.1060497D+02  0.0000000D+00
 -0.3989705D+02  0.2107246D+02 -0.1165929D+02  0.0000000D+00
  0.3145431D+00 -0.2786244D-01  0.2662064D-01  0.0000000D+00
  0.1709084D+01 -0.3433439D-01 -0.1304894D+00  0.0000000D+00
 -0.6026349D+01  0.3210192D+00  0.1094968D-01  0.0000000D+00
 -0.5316967D+01 -0.4018398D+00 -0.7253291D-01  0.0000000D+00
  0.2046657D+00 -0.6221264D+00  0.3576351D+00  0.0000000D+00
  0.2451836D+01 -0.3820019D+01 -0.1960612D+01  0.0000000D+00
 -0.4968474D+01 -0.1939056D+01 -0.1521228D+01  0.0000000D+00
 -0.1325423D+00  0.6879839D+01 -0.4829098D+00  0.0000000D+00
 -0.1103674D+02  0.6407129D+01 -0.1755703D+00  0.0000000D+00
 -0.2263684D+02  0.5097809D+01 -0.3516174D+00  0.0000000D+00
 -0.2954877D+02  0.4326476D+01 -0.4507099D+00  0.0000000D+00
 -0.1040825D+01 -0.5104129D-01 -0.2177928D-01  0.0000000D+00
 -0.6651331D+01 -0.3731634D+00  0.1186075D+00  0.0000000D+00
 -0.7219355D+01  0.7042495D+00 -0.2444240D+00  0.0000000D+00
 -0.1097239D+02 -0.6284839D+00  0.4013167D+00  0.0000000D+00
 -0.1918085D+02  0.1876607D+01 -0.7670005D+00  0.0000000D+00
 -0.8691060D+01  0.2461881D+01  0.1924506D+01  0.0000000D+00
 -0.1126034D+02  0.9734051D+01 -0.5416941D+00  0.0000000D+00
 -0.1648533D+01  0.5810730D+01 -0.8685004D+00  0.0000000D+00
  0.1926212D+02  0.1074787D+02  0.1313224D+00  0.0000000D+00
  0.2479373D+02  0.4888775D+01  0.5079289D-01  0.0000000D+00
  0.2826697D+02  0.1511789D+01  0.1442732D-01  0.0000000D+00
  0.5217209D+00  0.8279700D-01 -0.1030401D-01  0.0000000D+00
 -0.1443852D+01  0.3665013D-01  0.6222118D-01  0.0000000D+00
  0.4898123D+01 -0.4622596D+00  0.1038971D+00  0.0000000D+00
  0.4326846D+01  0.8035904D+00 -0.1345297D-01  0.0000000D+00
  0.5255836D+01 -0.6412508D+00 -0.8847345D-01  0.0000000D+00
  0.1327103D+01  0.2129064D+01  0.6333336D+00  0.0000000D+00
  0.2468118D+01 -0.1773644D+01  0.1113950D+01  0.0000000D+00
 -0.5857980D+01 -0.1452268D+01  0.9421709D+00  0.0000000D+00
 -0.1241250D+02  0.3647083D+01  0.1572860D+01  0.0000000D+00
 -0.6515315D+01  0.4786485D+01  0.4149909D+00  0.0000000D+00
 -0.3135481D+01  0.5509898D+01 -0.2559476D+00  0.0000000D+00
  0.5714289D+00  0.2677668D+00  0.1372186D-01  0.0000000D+00
  0.7979560D+00  0.3652524D+00 -0.1279131D+00  0.0000000D+00
  0.4297177D+01 -0.3052825D+00 -0.3305476D-01  0.0000000D+00
  0.4440422D+01  0.3055285D+00  0.1878999D-01  0.0000000D+00
  0.3466266D+01 -0.1023220D+01 -0.1051342D-01  0.0000000D+00
 -0.2626795D+01  0.6049338D+00  0.7440360D-01  0.0000000D+00
 -0.5252956D+01 -0.1657380D+01 -0.8489427D+00  0.0000000D+00
 -0.4472217D+01  0.1277262D+01 -0.4635573D+00  0.0000000D+00
 -0.8958295D+01  0.5666173D+01 -0.8337738D+00  0.0000000D+00
 -0.1434198D+02  0.2630574D+01 -0.1280784D+01  0.0000000D+00
 -0.1754323D+02  0.9019404D+00 -0.1546453D+01  0.0000000D+00
 -0.7926078D+01  0.5016755D+02 -0.4038537D+01  0.0000000D+00
  0.4203284D+02  0.2408383D+02  0.1120657D+02  0.0000000D+00
 -0.2861555D+02  0.5893690D+01 -0.7738976D+01  0.0000000D+00
 -0.6462957D+02 -0.2605620D+02  0.4276524D+01  0.0000000D+00
 -0.4792588D+00  0.3392763D+02  0.2881350D+01  0.0000000D+00
 -0.6287129D+02 -0.3032102D+02  0.1194282D+02  0.0000000D+00
 -0.7168502D+02 -0.8377095D+02  0.9669843D+01  0.0000000D+00
 -0.8291401D+02 -0.8105408D+02  0.8054822D+01  0.0000000D+00
 -0.1069728D+03 -0.3088080D+02  0.1043307D+02  0.0000000D+00
 -0.1131519D+03  0.2766776D+01  0.2236259D+02  0.0000000D+00
 -0.1170381D+03  0.2303213D+02  0.2937473D+02  0.0000000D+00
  0.1916611D+02 -0.4533171D+02 -0.1137603D+01  0.0000000D+00
  0.3641888D+02 -0.1321768D+02 -0.3772369D+01  0.0000000D+00
 -0.3488765D+02  0.2568922D+02 -0.3238188D+01  0.0000000D+00
 -0.5680654D+01  0.2645306D+02 -0.6510354D+01  0.0000000D+00
 -0.2861842D+02  0.3815356D+02  0.5540962D+01  0.0000000D+00
 -0.3189456D+02  0.1198047D+02 -0.8864568D+01  0.0000000D+00
 -0.3664296D+02  0.1253321D+02 -0.1996226D+01  0.0000000D+00
 -0.6624570D+02 -0.1773045D+01 -0.7846334D+01  0.0000000D+00
 -0.8291636D+02  0.3769769D+02 -0.1326919D+01  0.0000000D+00
 -0.1025958D+03  0.5196806D+02  0.1067232D+02  0.0000000D+00
 -0.1143085D+03  0.6076269D+02  0.1776975D+02  0.0000000D+00
 -0.2209009D+02  0.1428477D+02  0.9421881D+01  0.0000000D+00
 -0.3502174D+02  0.3620254D+02  0.4452122D+01  0.0000000D+00
 -0.1943559D+02 -0.1505508D+02 -0.4262849D+01  0.0000000D+00
 -0.1831984D+02  0.2043157D+02  0.8358685D+00  0.0000000D+00
 -0.1642401D+02  0.1087141D+01  0.1497206D+01  0.0000000D+00
 -0.5999264D+01  0.2190064D+02 -0.1421631D+01  0.0000000D+00
 -0.3250230D+02  0.3459437D+01 -0.3131388D+01  0.0000000D+00
 -0.3144667D+01 -0.7207158D+01 -0.3108065D+00  0.0000000D+00
 -0.3241685D+02  0.3525222D+02  0.3583206D+01  0.0000000D+00
 -0.7023009D+02  0.2764338D+02  0.3940162D+01  0.0000000D+00
 -0.9269240D+02  0.2367093D+02  0.4192431D+01  0.0000000D+00
 -0.8793970D+00  0.2768617D+00 -0.1736083D-01  0.0000000D+00
  0.3819251D-01 -0.1473945D+01  0.6281031D-01  0.0000000D+00
 -0.2037432D+01  0.2008272D+01 -0.1204086D+00  0.0000000D+00
  0.8365117D+01 -0.3341758D+01  0.4701822D+00  0.0000000D+00
  0.1857655D+02  0.5911201D+01 -0.7491645D+00  0.0000000D+00
 -0.2879686D+01 -0.5194584D+01  0.2104349D+01  0.0000000D+00
  0.1985823D+02  0.1362649D+02  0.2108839D+01  0.0000000D+00
  0.4540685D+01  0.1860939D+02  0.4694915D+01  0.0000000D+00
  0.2286737D+02 -0.1145169D+02  0.3068511D+01  0.0000000D+00
  0.2911171D+02 -0.2217446D+02  0.3517788D+01  0.0000000D+00
  0.3296774D+02 -0.2878824D+02  0.3762687D+01  0.0000000D+00
 -0.4932751D+00 -0.4195190D+00  0.1258030D-01  0.0000000D+00
  0.2193136D+01  0.1009662D+01 -0.1344584D+00  0.0000000D+00
 -0.2154940D+01 -0.8372378D+00  0.1658460D+00  0.0000000D+00
  0.6568232D+01  0.1849034D+01 -0.2130864D+00  0.0000000D+00
 -0.2503500D+02 -0.3016990D+01  0.6593539D+00  0.0000000D+00
  0.3587181D+01  0.7121637D+01 -0.3342220D+01  0.0000000D+00
 -0.8319554D+01 -0.1624629D+02 -0.2272564D+01  0.0000000D+00
 -0.9060046D+01  0.1681329D+02  0.9100828D+00  0.0000000D+00
 -0.3246017D+02  0.4764534D+02  0.2974471D+01  0.0000000D+00
 -0.5770031D+02  0.3341261D+02 -0.3497419D+01  0.0000000D+00
 -0.7274115D+02  0.2542536D+02 -0.7265041D+01  0.0000000D+00
  0.1883365D+01 -0.5461984D-04  0.2338927D-01  0.0000000D+00
  0.1485299D+01 -0.4306379D+00 -0.1181944D-01  0.0000000D+00
 -0.7264856D+00 -0.5074644D+00  0.2162336D+00  0.0000000D+00
 -0.7712784D+01  0.9343876D+00 -0.4976653D+00  0.0000000D+00
 -0.8176688D+01 -0.4570558D-01  0.8998963D+00  0.0000000D+00
 -0.8927722D-01 -0.5441635D+00 -0.3038758D+01  0.0000000D+00
 -0.6028856D+00  0.3521687D+01 -0.2074696D+01  0.0000000D+00
 -0.4294303D+00  0.1218617D+02 -0.4217669D+01  0.0000000D+00
 -0.8605905D+01  0.1230191D+02 -0.4845737D+01  0.0000000D+00
 -0.1879543D+02  0.4157897D+01  0.2014842D+01  0.0000000D+00
 -0.2485313D+02 -0.6089564D+00  0.6025247D+01  0.0000000D+00
  0.1137163D+01  0.4560646D+00  0.1075011D-01  0.0000000D+00
  0.5069573D+00  0.4228889D+00  0.1375268D+00  0.0000000D+00
 -0.1050410D+01 -0.5906287D+00 -0.1739992D+00  0.0000000D+00
  0.1823422D+01  0.3470590D+00  0.4599215D+00  0.0000000D+00
 -0.6787524D+01 -0.1219062D+01 -0.7150139D+00  0.0000000D+00
 -0.2598145D+01 -0.3198223D+01  0.2212216D+01  0.0000000D+00
 -0.3348928D+01 -0.2649070D+01  0.1858998D-01  0.0000000D+00
  0.2143539D+00 -0.1772133D+01  0.2023688D+01  0.0000000D+00
  0.1061682D+02 -0.1319181D+02  0.1007107D+01  0.0000000D+00
  0.1527575D+02 -0.7354764D+01  0.1642252D+01  0.0000000D+00
  0.1811884D+02 -0.4064021D+01  0.2002740D+01  0.0000000D+00
 -0.1691892D+01 -0.2542069D+00 -0.1468849D-02  0.0000000D+00
 -0.1901431D+01  0.7134681D+00 -0.4245151D-02  0.0000000D+00
  0.1792767D+01 -0.4302284D+00 -0.1036701D+00  0.0000000D+00
  0.2450578D+01  0.4601837D+00  0.1732771D+00  0.0000000D+00
  0.6169404D+01 -0.2336430D+01 -0.5042356D+00  0.0000000D+00
 -0.7925724D+00  0.2321907D+01  0.1751685D+01  0.0000000D+00
  0.5602980D+00 -0.3416155D+01  0.7182574D+00  0.0000000D+00
 -0.7468739D+01  0.4879297D+01 -0.4502324D+00  0.0000000D+00
 -0.1290563D+02  0.1102147D+02  0.8998553D+00  0.0000000D+00
 -0.1318435D+02  0.3753815D+01  0.8085281D+00  0.0000000D+00
 -0.1340970D+02 -0.4326949D+00  0.7704543D+00  0.0000000D+00
 -0.3574133D-01 -0.2986791D+00 -0.4300255D-01  0.0000000D+00
  0.2585179D+00 -0.3938499D+00  0.8197414D-02  0.0000000D+00
 -0.8042973D+00  0.5126256D-01  0.5458328D-01  0.0000000D+00
  0.1168098D+00  0.2524151D+00 -0.1282584D+00  0.0000000D+00
  0.2592754D+01 -0.5619830D+00  0.2486451D-01  0.0000000D+00
 -0.2780334D+01  0.1250310D+01  0.1665417D+00  0.0000000D+00
 -0.5098223D+01  0.2491007D+01 -0.1783611D+01  0.0000000D+00
 -0.6360832D+01  0.3215797D+01 -0.7965367D+00  0.0000000D+00
 -0.1844326D+02 -0.4269210D+01 -0.1463669D+01  0.0000000D+00
 -0.2043335D+02 -0.3879708D+01  0.6281536D-01  0.0000000D+00
 -0.2173295D+02 -0.3733519D+01  0.9493754D+00  0.0000000D+00
  0.4437315D+00  0.2320406D+01 -0.1512251D+01  0.0000000D+00
  0.1145087D+02  0.9519023D+00  0.3672193D+01  0.0000000D+00
 -0.8175590D+01 -0.2010755D+02  0.3069247D+00  0.0000000D+00
  0.2137053D+02  0.1218247D+02  0.2905562D+01  0.0000000D+00
  0.2592908D+01  0.1442870D+02  0.1434256D+01  0.0000000D+00
  0.1781717D+02  0.2611376D+01  0.2863687D+00  0.0000000D+00
  0.2144298D+02  0.1358009D+02 -0.2001801D+01  0.0000000D+00
  0.1824823D+02  0.3385779D+02 -0.2938302D+01  0.0000000D+00
  0.3129441D+02  0.3624790D+02 -0.3592224D+00  0.0000000D+00
  0.3515446D+02  0.4324801D+02 -0.3803263D+00  0.0000000D+00
  0.3755979D+02  0.4737836D+02 -0.3639250D+00  0.0000000D+00
 -0.5528337D+01 -0.1186669D+02  0.2341380D+01  0.0000000D+00
  0.3306557D+02  0.4479846D+01  0.1024913D+02  0.0000000D+00
 -0.3056313D+02 -0.4875993D+00  0.1402972D+01  0.0000000D+00
  0.9325977D+01  0.1137043D+02  0.1839236D+01  0.0000000D+00
 -0.1913816D+02 -0.1589210D+02 -0.5752940D+00  0.0000000D+00
 -0.7125418D+01  0.8484483D+01 -0.2173919D+01  0.0000000D+00
 -0.1202890D+02  0.6658342D+01 -0.5749333D+00  0.0000000D+00
 -0.1783495D+02  0.2033293D+02 -0.6526750D+01  0.0000000D+00
 -0.1744256D+02  0.2452462D+02 -0.6937195D+01  0.0000000D+00
 -0.2726466D+02  0.2585853D+02 -0.9005618D+00  0.0000000D+00
 -0.3301145D+02  0.2668602D+02  0.2629565D+01  0.0000000D+00
  0.8960087D+01 -0.1406698D+02  0.5771532D+01  0.0000000D+00
 -0.2920556D+01 -0.1321595D+02 -0.2997891D-01  0.0000000D+00
 -0.7212098D+01 -0.1278226D+02 -0.3512537D+00  0.0000000D+00
  0.5383128D+01  0.3889739D+01 -0.1254144D+01  0.0000000D+00
  0.7658298D+01  0.3468073D+01 -0.2325476D+00  0.0000000D+00
 -0.1685625D+01  0.1077456D+02 -0.2681749D-02  0.0000000D+00
  0.1391341D+02 -0.1599825D+02 -0.4844142D+00  0.0000000D+00
  0.3842205D+01  0.4506937D+02 -0.4540538D+00  0.0000000D+00
  0.1013402D+02  0.3144687D+02 -0.1045180D+01  0.0000000D+00
  0.3072448D+02  0.6525444D+01 -0.5957267D+00  0.0000000D+00
  0.4285270D+02 -0.8204630D+01 -0.3377717D+00  0.0000000D+00
  0.1492239D+01  0.8643490D-01 -0.9321385D-02  0.0000000D+00
  0.8917342D+00 -0.8941038D-01  0.9822441D-01  0.0000000D+00
  0.2945306D+00  0.5346645D+00 -0.1360949D+00  0.0000000D+00
 -0.1113274D+01 -0.7976893D+00  0.1859287D+00  0.0000000D+00
 -0.5445127D+00  0.2497510D+01 -0.3454096D+00  0.0000000D+00
 -0.1099971D+02 -0.1242942D+01  0.1047015D+01  0.0000000D+00
 -0.8662461D+01 -0.1304658D+00 -0.1733562D+01  0.0000000D+00
 -0.1827157D+02 -0.9202930D+01 -0.2832381D+01  0.0000000D+00
 -0.8349168D+01  0.6398786D+01  0.1040295D+01  0.0000000D+00
 -0.1412455D+02  0.3558874D+01 -0.2681914D+01  0.0000000D+00
 -0.1739849D+02  0.2065362D+01 -0.4819030D+01  0.0000000D+00
  0.2883634D+01 -0.4750045D+00  0.1934885D-01  0.0000000D+00
  0.1303246D+00 -0.3334338D+00 -0.8685313D-01  0.0000000D+00
  0.1373290D+01  0.2495486D+00  0.5639079D-01  0.0000000D+00
  0.6700608D+00 -0.5019558D+00 -0.1582803D+00  0.0000000D+00
  0.5309458D+01  0.1728914D+01  0.2931826D+00  0.0000000D+00
 -0.2640079D+01  0.3313271D+00 -0.6976713D+00  0.0000000D+00
  0.1394860D+01  0.4375133D+01 -0.2320357D+01  0.0000000D+00
  0.1016547D+02  0.2395489D+00 -0.8212991D+01  0.0000000D+00
  0.2290040D+02 -0.3599021D+02 -0.5795729D+01  0.0000000D+00
  0.2665053D+02 -0.3169601D+02 -0.7507685D+00  0.0000000D+00
  0.2899064D+02 -0.2958016D+02  0.2229842D+01  0.0000000D+00
 -0.1865207D+01 -0.8615948D-01 -0.3632787D-02  0.0000000D+00
 -0.2109390D+01 -0.2400490D-01  0.7830093D-01  0.0000000D+00
 -0.2678348D+00 -0.3304050D+00  0.1094976D+00  0.0000000D+00
 -0.3547579D+00  0.3171713D+00 -0.7404917D-01  0.0000000D+00
  0.3095140D+01 -0.7945157D+00  0.1022094D+00  0.0000000D+00
 -0.2094152D+01  0.2145046D+01 -0.2649631D+00  0.0000000D+00
 -0.2931610D+01 -0.3769977D+01  0.1183409D+01  0.0000000D+00
 -0.5928266D+01 -0.1767543D+01  0.3033274D+01  0.0000000D+00
  0.3993407D+00 -0.1104714D+01  0.4788315D+00  0.0000000D+00
 -0.2487645D+01 -0.9667584D+00 -0.3989118D+01  0.0000000D+00
 -0.4110860D+01 -0.8785954D+00 -0.6633767D+01  0.0000000D+00
 -0.4711173D+01  0.4665524D+00 -0.6027855D-03  0.0000000D+00
  0.9539592D+00 -0.2255258D+00  0.3899565D-01  0.0000000D+00
 -0.1668078D+01  0.2512116D+00 -0.1933962D+00  0.0000000D+00
 -0.2123907D+01 -0.3250263D+00  0.2742685D+00  0.0000000D+00
  0.5591396D+01 -0.3108602D+00 -0.4874576D+00  0.0000000D+00
  0.5185093D+00  0.1390143D+01  0.1176735D+01  0.0000000D+00
 -0.1643713D+01 -0.1230780D+01  0.2296335D+00  0.0000000D+00
  0.3212615D+01 -0.8739523D+01 -0.2756110D+01  0.0000000D+00
  0.1983705D+00 -0.1047246D+02 -0.6076835D+00  0.0000000D+00
 -0.6429360D+01 -0.8264179D+01 -0.8578987D+00  0.0000000D+00
 -0.1034370D+02 -0.6990102D+01 -0.9805942D+00  0.0000000D+00
  0.8086610D+00  0.2886061D-01  0.7339507D-02  0.0000000D+00
  0.2385929D+01  0.3937683D+00 -0.8703421D-01  0.0000000D+00
  0.3914677D+00  0.1486775D+00  0.1019084D+00  0.0000000D+00
 -0.8916566D+00 -0.1393221D+00 -0.1377590D+00  0.0000000D+00
  0.6717822D+01  0.2508410D-01  0.1993027D+00  0.0000000D+00
  0.2028018D+01 -0.4658329D+00 -0.4326188D+00  0.0000000D+00
 -0.9205880D+00  0.4352971D-01  0.7947109D+00  0.0000000D+00
  0.1086759D+01  0.1743143D+01  0.1367520D+01  0.0000000D+00
 -0.2045566D+01 -0.4428073D+01  0.7589776D+00  0.0000000D+00
 -0.2537588D+01 -0.5567020D+01 -0.1158943D+00  0.0000000D+00
 -0.2860624D+01 -0.6302486D+01 -0.6349835D+00  0.0000000D+00
  0.3696822D+01 -0.2162178D-01 -0.2734995D-01  0.0000000D+00
 -0.2336878D+01  0.5773200D-01  0.4473642D-01  0.0000000D+00
  0.2422044D+01  0.2500538D+00  0.2050581D+00  0.0000000D+00
  0.2947339D+00 -0.2424935D+00 -0.2152658D+00  0.0000000D+00
  0.4683681D+01  0.4662174D+00  0.3883922D+00  0.0000000D+00
  0.8393305D+00  0.2842278D+00 -0.9089718D+00  0.0000000D+00
  0.2497332D+01 -0.6825154D+00  0.8450068D+00  0.0000000D+00
  0.2321823D+00 -0.1290126D+01  0.8501040D-01  0.0000000D+00
  0.3046592D+01  0.1318436D+01 -0.3146552D+00  0.0000000D+00
  0.5033336D+01  0.3020774D+01 -0.1591869D+01  0.0000000D+00
  0.6228346D+01  0.4046452D+01 -0.2344449D+01  0.0000000D+00
 -0.9912710D+01 -0.5275924D+01 -0.1726975D+01  0.0000000D+00
  0.1224519D+02 -0.5462623D+00  0.9054953D+00  0.0000000D+00
  0.1212816D+01  0.6893162D+01 -0.1391237D+01  0.0000000D+00
  0.5712537D+01 -0.4399237D+01 -0.1480801D+01  0.0000000D+00
  0.5494488D+01 -0.7193951D+01  0.1451980D+01  0.0000000D+00
 -0.2764304D+01  0.6070339D+01  0.2284486D+01  0.0000000D+00
 -0.4352011D+01  0.3401458D+01  0.1446879D+01  0.0000000D+00
 -0.1623215D+02  0.2240729D+02  0.1922232D+01  0.0000000D+00
 -0.2656621D+02  0.1054261D+02  0.4316346D+00  0.0000000D+00
 -0.2756147D+02 -0.6309681D+01 -0.2487607D+01  0.0000000D+00
 -0.2826049D+02 -0.1630770D+02 -0.4213577D+01  0.0000000D+00
 -0.6301835D+01  0.1575681D+01 -0.2364418D+01  0.0000000D+00
  0.1043008D+02  0.1235731D+02  0.1874899D+01  0.0000000D+00
  0.7580844D+01 -0.9079955D+01 -0.1217439D+01  0.0000000D+00
  0.2036620D+02 -0.5941924D+01 -0.1108656D+01  0.0000000D+00
  0.3172995D-01  0.4668499D+01 -0.1646030D+01  0.0000000D+00
  0.8606019D+01 -0.1610591D+01 -0.1060825D+01  0.0000000D+00
  0.4897013D+01 -0.8352829D+01 -0.1448058D+01  0.0000000D+00
  0.2046832D+01  0.4447824D+01  0.8297403D+00  0.0000000D+00
 -0.1983193D+02  0.5581023D+01 -0.4614774D+00  0.0000000D+00
 -0.2766609D+02 -0.5483316D+01 -0.2268423D+01  0.0000000D+00
 -0.3249727D+02 -0.1194523D+02 -0.3340614D+01  0.0000000D+00
  0.2002742D+01 -0.6368993D+01  0.2605560D+01  0.0000000D+00
 -0.1596223D+02  0.1763639D+02 -0.2613697D+00  0.0000000D+00
  0.1244578D+02 -0.7061419D+01  0.1036962D+01  0.0000000D+00
 -0.1599284D+02  0.4543960D+01 -0.2031242D+01  0.0000000D+00
  0.1789905D+02 -0.3010736D+01 -0.1139909D+01  0.0000000D+00
  0.1542367D+01  0.6644458D+01 -0.2273126D+01  0.0000000D+00
  0.7171981D+01 -0.5754393D+00  0.3766373D+00  0.0000000D+00
  0.4626893D+01  0.2344785D+02  0.1517264D+01  0.0000000D+00
 -0.1687218D+01 -0.1434808D+02  0.6134471D+00  0.0000000D+00
 -0.3893579D+01 -0.1873417D+02  0.2521086D+00  0.0000000D+00
 -0.5254730D+01 -0.2172241D+02  0.3032863D-01  0.0000000D+00
 -0.1062680D+01 -0.2379024D+00  0.1731616D-02  0.0000000D+00
  0.4961128D+00  0.3878460D+00  0.2169520D-01  0.0000000D+00
  0.8030636D+00 -0.6814359D+00 -0.2189089D+00  0.0000000D+00
 -0.1860862D+01  0.1387865D+01  0.3213282D+00  0.0000000D+00
  0.1283335D+01 -0.3026003D+01 -0.3962864D+00  0.0000000D+00
  0.9464529D+01  0.3778222D+01  0.6437621D+00  0.0000000D+00
  0.7430994D+00 -0.1522289D+01  0.8012782D+00  0.0000000D+00
  0.9199780D+01 -0.4096558D+01 -0.3396985D+00  0.0000000D+00
  0.3687232D+01  0.7715316D+01  0.7835437D+00  0.0000000D+00
 -0.2140981D+01  0.5980343D+00 -0.1575791D+00  0.0000000D+00
 -0.5615435D+01 -0.3437875D+01 -0.6964350D+00  0.0000000D+00
  0.1142736D+01  0.3581344D+00 -0.1009683D-02  0.0000000D+00
 -0.1321778D+01 -0.7613562D+00  0.1396339D-01  0.0000000D+00
  0.1883957D+01  0.8880374D-01  0.5440611D-01  0.0000000D+00
 -0.1316627D+01 -0.4869386D+00 -0.6677844D-01  0.0000000D+00
  0.1283148D+02  0.5086015D+00  0.1772024D+00  0.0000000D+00
 -0.1391865D+00 -0.3031447D+01 -0.6678112D+00  0.0000000D+00
  0.5181097D+01  0.1879936D+01 -0.1277482D+01  0.0000000D+00
 -0.1951963D+01  0.2076021D+01 -0.6617518D+00  0.0000000D+00
  0.2865148D-01 -0.1471159D+02 -0.6267734D+00  0.0000000D+00
 -0.4854957D-01 -0.1003855D+02  0.2973996D+00  0.0000000D+00
 -0.7123349D-01 -0.7489002D+01  0.8390386D+00  0.0000000D+00
  0.2161928D+00 -0.1042853D+00  0.1801626D-01  0.0000000D+00
  0.1159903D+00 -0.1512681D+00 -0.1956371D-01  0.0000000D+00
 -0.2829114D+00  0.7565505D-01  0.8766968D-01  0.0000000D+00
  0.1211040D+01  0.1321105D+00 -0.1640410D+00  0.0000000D+00
 -0.8201243D+01  0.1022808D+00  0.2878365D+00  0.0000000D+00
  0.1671265D+01 -0.1536489D+01 -0.8459542D+00  0.0000000D+00
 -0.4571163D+01 -0.9243921D+00 -0.1018125D+01  0.0000000D+00
 -0.8578762D+01  0.2425044D+01  0.4410702D+00  0.0000000D+00
 -0.1386598D+02  0.1240294D+01  0.8978479D+00  0.0000000D+00
 -0.1594233D+02  0.4287297D+01  0.2084084D+00  0.0000000D+00
 -0.1721887D+02  0.6058768D+01 -0.1904016D+00  0.0000000D+00
 -0.1780720D+01 -0.1884159D+00  0.2355388D-01  0.0000000D+00
  0.1498101D+01 -0.3067381D+00 -0.4456460D-01  0.0000000D+00
 -0.1642966D+01  0.6814639D+00 -0.1162998D+00  0.0000000D+00
  0.7071807D+00 -0.4406341D+00  0.1313821D+00  0.0000000D+00
  0.4820500D+01  0.9634262D+00 -0.8213328D-01  0.0000000D+00
  0.1572669D+01 -0.1753449D+01  0.5193652D-01  0.0000000D+00
  0.2365893D+01 -0.2936218D+01  0.5477713D+00  0.0000000D+00
  0.5300382D+01 -0.6741643D+01 -0.2661048D-01  0.0000000D+00
 -0.1378118D+00  0.6615230D+00  0.6806663D+00  0.0000000D+00
 -0.9671046D+00  0.1900583D+01  0.1038133D+01  0.0000000D+00
 -0.1511929D+01  0.2708880D+01  0.1255214D+01  0.0000000D+00
  0.4043868D+00  0.4832682D+00 -0.7336422D-02  0.0000000D+00
 -0.4047905D+00 -0.4682888D+00  0.8362736D-01  0.0000000D+00
 -0.8732330D+00  0.4225647D+00 -0.8268119D-02  0.0000000D+00
  0.1875904D+01 -0.6662444D+00  0.6169957D-01  0.0000000D+00
 -0.8704818D+00  0.7098834D+00 -0.1901454D+00  0.0000000D+00
 -0.6543223D+00 -0.1869903D+01  0.6383687D+00  0.0000000D+00
 -0.3203268D+00  0.1135113D+01  0.6503825D-01  0.0000000D+00
 -0.5799744D+01  0.1396180D+00 -0.4944360D+00  0.0000000D+00
 -0.2641689D+01 -0.4455886D+01  0.7943559D-01  0.0000000D+00
 -0.1318155D+01  0.8067691D+00  0.2813744D-01  0.0000000D+00
 -0.5088981D+00  0.3836243D+01  0.4329444D-02  0.0000000D+00
  0.5288726D+00  0.1579050D+00 -0.2136519D-01  0.0000000D+00
  0.1028345D+01  0.4451428D+00  0.7277122D-01  0.0000000D+00
 -0.2311508D+00 -0.4678177D+00 -0.4019878D-01  0.0000000D+00
 -0.4021175D+01  0.1492920D+00  0.4484542D-01  0.0000000D+00
  0.2524733D+01  0.3146966D-01 -0.2019587D+00  0.0000000D+00
  0.6938347D-01  0.4565799D+00  0.5862984D+00  0.0000000D+00
 -0.6230213D+00 -0.5073766D+00 -0.8951683D+00  0.0000000D+00
 -0.4723241D+01 -0.4963867D+01 -0.6056464D+00  0.0000000D+00
 -0.5010599D+01  0.1190193D+01  0.1398990D+00  0.0000000D+00
 -0.6720600D+01  0.2923574D+01  0.6233067D+00  0.0000000D+00
 -0.7724931D+01  0.4005899D+01  0.9147123D+00  0.0000000D+00
  0.1249398D+02 -0.1349225D+02 -0.3695019D+01  0.0000000D+00
 -0.2993492D+02  0.2904973D+01 -0.4851257D+00  0.0000000D+00
  0.7186911D+01 -0.3342149D+00 -0.1079593D+01  0.0000000D+00
  0.1829273D+02  0.3808591D+01  0.2770028D+01  0.0000000D+00
 -0.7709461D+01 -0.3645250D+01 -0.6870975D+00  0.0000000D+00
  0.3738783D+01 -0.2713432D+01  0.1460460D+01  0.0000000D+00
  0.1042637D+02 -0.8613230D+01  0.2072736D-01  0.0000000D+00
 -0.5552083D+01  0.6456940D+01  0.3325311D+01  0.0000000D+00
 -0.1110455D+02 -0.9284424D+00 -0.3586910D+00  0.0000000D+00
 -0.2093570D+00 -0.2023346D+02 -0.1932359D+01  0.0000000D+00
  0.6108005D+01 -0.3161894D+02 -0.2894425D+01  0.0000000D+00
  0.5757150D+01  0.2067271D+02 -0.1985726D+01  0.0000000D+00
 -0.3426565D+01 -0.1198836D+02 -0.3661728D+01  0.0000000D+00
  0.8516086D+01  0.7446120D+01 -0.2328287D+01  0.0000000D+00
  0.8544200D+01 -0.4736578D+00  0.2499471D+01  0.0000000D+00
 -0.5024252D+00  0.6419755D+00  0.3532545D+00  0.0000000D+00
 -0.3544304D+00 -0.1585908D+01 -0.1276358D+01  0.0000000D+00
 -0.4229082D+01 -0.1277088D+01  0.1190909D+00  0.0000000D+00
 -0.1038112D+02  0.4435754D+00  0.6068063D+00  0.0000000D+00
 -0.1404018D+02 -0.3116492D+01  0.4874949D+00  0.0000000D+00
 -0.4368990D+01 -0.5921911D+01  0.9111489D+00  0.0000000D+00
  0.1254346D+01 -0.7604164D+01  0.1157690D+01  0.0000000D+00
 -0.1761900D+01 -0.1058017D+02  0.3377935D+01  0.0000000D+00
  0.1444677D+00 -0.3018003D+00 -0.2419518D+01  0.0000000D+00
  0.1141697D+01  0.5251752D+01  0.6233054D+00  0.0000000D+00
  0.9579846D+01 -0.1164506D+01  0.1979546D+01  0.0000000D+00
 -0.4522374D+00  0.1027283D+01 -0.1801763D+01  0.0000000D+00
  0.1997826D+01  0.1715339D+01  0.1458462D+01  0.0000000D+00
  0.8370383D+01  0.5115056D+01  0.7049929D+00  0.0000000D+00
  0.3873065D+01 -0.3131880D+01  0.3510158D+01  0.0000000D+00
 -0.8064063D+00 -0.1323201D+02  0.6281362D-01  0.0000000D+00
  0.2748658D+01 -0.2468682D+02 -0.1447715D+01  0.0000000D+00
  0.4779804D+01 -0.3150927D+02 -0.2370234D+01  0.0000000D+00
  0.8967913D+00 -0.2201343D+00 -0.6444157D-02  0.0000000D+00
  0.9077764D+00  0.2023510D+00  0.3034227D-01  0.0000000D+00
  0.2311321D+01 -0.2045647D+00 -0.8879707D-02  0.0000000D+00
 -0.2965733D+01  0.2911866D+00 -0.8326699D-01  0.0000000D+00
 -0.5930435D+01 -0.1614630D+00 -0.1674749D+00  0.0000000D+00
  0.4884939D+00  0.1075409D+01  0.1094948D+01  0.0000000D+00
 -0.9073516D+01 -0.6074573D+01 -0.9807021D+00  0.0000000D+00
 -0.1039064D+01  0.5964836D+00 -0.2626463D+01  0.0000000D+00
  0.1505827D+01  0.3892656D+01  0.6048435D+00  0.0000000D+00
  0.2665075D+01  0.4161816D+01  0.1422743D+01  0.0000000D+00
  0.3372428D+01  0.4357101D+01  0.1937303D+01  0.0000000D+00
 -0.1617464D+01  0.5619831D+00  0.3572037D-01  0.0000000D+00
 -0.1434619D+01  0.1605742D-01 -0.4752799D-02  0.0000000D+00
 -0.6547786D+00 -0.2974933D-01  0.6789429D-01  0.0000000D+00
  0.4287667D+01 -0.2399799D+00 -0.7521332D-01  0.0000000D+00
 -0.8285872D+00  0.5217253D+00  0.2003570D+00  0.0000000D+00
  0.4520537D+01  0.1403050D+01 -0.7431701D+00  0.0000000D+00
 -0.5452848D+01 -0.1325614D+01  0.1138323D+00  0.0000000D+00
  0.2951295D+01 -0.1446993D+02  0.4773565D+00  0.0000000D+00
  0.7350556D+01 -0.1382407D+02  0.1050646D+01  0.0000000D+00
  0.8229914D+01 -0.2505389D+01  0.6673046D+00  0.0000000D+00
  0.8796472D+01  0.4127689D+01  0.4490465D+00  0.0000000D+00
 -0.3684543D+00  0.9149319D-01  0.2703451D-01  0.0000000D+00
 -0.1200874D+01  0.3719670D+00 -0.4931779D-02  0.0000000D+00
 -0.2142265D+01  0.7724897D+00 -0.3980711D-01  0.0000000D+00
  0.2521678D+01 -0.8494254D+00 -0.4440495D-02  0.0000000D+00
  0.5739645D+00  0.6317981D+00 -0.1411762D-01  0.0000000D+00
  0.3907134D+00 -0.1805964D+01 -0.3174571D+00  0.0000000D+00
  0.1126387D+01  0.2570581D+01 -0.4837352D+00  0.0000000D+00
  0.4274314D+01  0.1487168D+01 -0.3464767D+00  0.0000000D+00
  0.6170967D+01 -0.1464353D+01  0.4760960D-01  0.0000000D+00
  0.4769128D+01  0.4532182D+01 -0.9907141D+00  0.0000000D+00
  0.3970706D+01  0.8009987D+01 -0.1594277D+01  0.0000000D+00
  0.1754145D+01 -0.4416626D+00 -0.3442009D-01  0.0000000D+00
  0.2159519D+01  0.2072687D+00  0.1517937D-01  0.0000000D+00
  0.7099992D+00 -0.1589846D-01  0.6386280D-02  0.0000000D+00
 -0.3598571D+01  0.3348399D+00 -0.1118203D+00  0.0000000D+00
 -0.4596371D+01 -0.4327875D-01 -0.5916694D-01  0.0000000D+00
  0.1435163D+01 -0.4960462D+00  0.3410093D+00  0.0000000D+00
 -0.5816384D+01 -0.1344819D+00 -0.2257772D+00  0.0000000D+00
 -0.2802999D+01  0.2587586D+01 -0.1697951D+01  0.0000000D+00
 -0.5713519D+01  0.2477685D+01 -0.1214200D+01  0.0000000D+00
 -0.2321403D+01  0.1763291D+01 -0.1057502D+01  0.0000000D+00
 -0.3657506D+00  0.1343890D+01 -0.9606311D+00  0.0000000D+00
 -0.9995462D+00  0.4675998D-01 -0.2434908D-01  0.0000000D+00
  0.2063614D+01 -0.1169205D+00  0.3338430D-01  0.0000000D+00
  0.2353386D+00 -0.4915772D+00 -0.8561448D-01  0.0000000D+00
  0.1090296D+01  0.5545002D+00  0.1884126D+00  0.0000000D+00
  0.3729185D+01  0.3313921D+00 -0.1339183D+00  0.0000000D+00
 -0.1924231D+00 -0.1146903D+01  0.1008701D+00  0.0000000D+00
  0.1854129D+01  0.1507179D+01  0.2204697D+00  0.0000000D+00
  0.1164986D+01 -0.2242650D+01  0.3664942D+00  0.0000000D+00
 -0.2360043D-01  0.6482524D+00 -0.1108153D+00  0.0000000D+00
 -0.1944908D+01  0.3993742D+01 -0.6973544D+00  0.0000000D+00
 -0.3082842D+01  0.5983762D+01 -0.1046208D+01  0.0000000D+00
 -0.1319555D+01  0.2453124D+00 -0.3606564D-02  0.0000000D+00
  0.4290627D+00 -0.1605293D+00  0.3352080D-01  0.0000000D+00
 -0.6252945D+00  0.3145257D+00 -0.3914271D-01  0.0000000D+00
  0.1850846D+01 -0.3465916D+00 -0.1453448D-01  0.0000000D+00
  0.1786800D+01 -0.2826565D-01  0.3366111D-02  0.0000000D+00
 -0.1534882D+01  0.5984115D+00  0.6933183D-01  0.0000000D+00
  0.1900866D+01  0.9906340D+00 -0.4509650D+00  0.0000000D+00
  0.1331773D+01  0.1039408D+01 -0.1936238D+00  0.0000000D+00
  0.3538508D+01  0.3329282D+01  0.4843819D-01  0.0000000D+00
  0.7136290D+01  0.4263335D+01 -0.1016027D+01  0.0000000D+00
  0.9268749D+01  0.4834980D+01 -0.1636588D+01  0.0000000D+00
  0.8505167D-01 -0.7810518D+01  0.9897947D+00  0.0000000D+00
  0.6843982D+01  0.3078661D-01 -0.1822197D+01  0.0000000D+00
  0.1238429D+01 -0.7655605D+01  0.4531184D+00  0.0000000D+00
  0.1355545D+02  0.2016402D+01 -0.1542808D+01  0.0000000D+00
 -0.5220632D+01 -0.1294439D+01  0.1382302D+00  0.0000000D+00
  0.5043580D+01 -0.3615115D+00 -0.2904517D+00  0.0000000D+00
  0.6703622D+01  0.5359989D+01 -0.2674959D+00  0.0000000D+00
 -0.5089558D+01 -0.7216533D+01 -0.9445220D+00  0.0000000D+00
 -0.7096082D+01 -0.4518892D+01  0.7662952D+00  0.0000000D+00
  0.1322021D+01  0.9859976D-01  0.1870174D+01  0.0000000D+00
  0.6227517D+01  0.2830157D+01  0.2535272D+01  0.0000000D+00
 -0.3048336D+01  0.3576732D+01 -0.8991507D+00  0.0000000D+00
  0.8109202D+01 -0.3793394D+01 -0.9269609D+00  0.0000000D+00
  0.4868932D+00  0.2477313D+00  0.1133663D+01  0.0000000D+00
  0.1478180D+02 -0.1894027D+01 -0.1429677D+01  0.0000000D+00
 -0.1899118D+00 -0.9729701D+00  0.2210823D+00  0.0000000D+00
  0.9692475D+01  0.1979826D+00 -0.1146923D+01  0.0000000D+00
  0.6799403D+01  0.7075878D+00 -0.5892326D-01  0.0000000D+00
  0.6689542D+01 -0.4998222D+01  0.3582204D+00  0.0000000D+00
  0.1357924D+01  0.5051480D-01  0.1763525D-01  0.0000000D+00
  0.2139274D+01  0.4791116D+01 -0.3762271D+00  0.0000000D+00
  0.2538274D+01  0.7620755D+01 -0.6104318D+00  0.0000000D+00
 -0.1229322D+01 -0.4368481D+01  0.9850925D+00  0.0000000D+00
  0.1128234D+02 -0.3013080D+01 -0.2020340D+01  0.0000000D+00
  0.3703104D+01 -0.7572628D+01  0.5309154D+00  0.0000000D+00
  0.3020686D+00  0.2254340D+01 -0.7243083D+00  0.0000000D+00
  0.1623425D+01 -0.2216421D+01 -0.7712763D+00  0.0000000D+00
  0.2963863D+01 -0.3005460D+01  0.5257839D+00  0.0000000D+00
  0.3322346D+01  0.1515155D+01  0.1596043D+00  0.0000000D+00
 -0.3632389D+01 -0.7559876D+01 -0.1460192D+01  0.0000000D+00
 -0.4559711D+01  0.6615182D+01  0.1077735D+01  0.0000000D+00
  0.2792130D+01  0.4301955D+01  0.2465263D+01  0.0000000D+00
  0.7085497D+01  0.3102776D+01  0.3305580D+01  0.0000000D+00
 -0.1650133D+00 -0.9193919D-01  0.1344308D-05  0.0000000D+00
  0.7386136D+00 -0.3016644D+00  0.1557334D-01  0.0000000D+00
  0.2061493D+00 -0.1376238D+00 -0.1164216D-01  0.0000000D+00
  0.7942977D+00  0.6192722D-01  0.5036092D-01  0.0000000D+00
 -0.1769085D+01 -0.4031795D+00 -0.3571802D-01  0.0000000D+00
  0.2318298D+01  0.1174218D+01 -0.2544172D+00  0.0000000D+00
  0.1206989D+01 -0.1057700D+01  0.9445262D+00  0.0000000D+00
  0.5885029D+01  0.1413045D+01  0.1549694D+01  0.0000000D+00
  0.1264466D+01 -0.3020616D+01 -0.5849057D+00  0.0000000D+00
  0.8778908D+00 -0.1932068D+01 -0.1128826D+01  0.0000000D+00
  0.6006035D+00 -0.1343980D+01 -0.1470886D+01  0.0000000D+00
 -0.5677363D+00 -0.2939342D+00  0.1212055D-01  0.0000000D+00
 -0.1090229D+00  0.5410323D+00 -0.6556795D-01  0.0000000D+00
  0.6260921D+00  0.2888649D+00 -0.3759414D-01  0.0000000D+00
 -0.2069112D+00 -0.2947228D+00 -0.3720745D-01  0.0000000D+00
  0.2241032D+01  0.8332262D+00  0.8936280D-01  0.0000000D+00
  0.2270392D+01 -0.1937297D+01 -0.2420013D+00  0.0000000D+00
 -0.3307806D+01  0.3233189D+01 -0.5733093D+00  0.0000000D+00
 -0.8630864D+00 -0.3837095D+01  0.3701065D+00  0.0000000D+00
 -0.9309721D+00  0.1032384D+02  0.2132288D+00  0.0000000D+00
  0.1008347D+01  0.1018733D+02  0.1047995D+00  0.0000000D+00
  0.2144352D+01  0.1026353D+02  0.3973928D-01  0.0000000D+00
  0.4480097D+00 -0.1092928D+00 -0.3286289D-01  0.0000000D+00
 -0.6335823D+00  0.7600107D+00  0.6820458D-01  0.0000000D+00
  0.5857036D+00 -0.4208035D+00  0.5601027D-01  0.0000000D+00
  0.7736548D+00  0.6908253D+00 -0.6190753D-01  0.0000000D+00
  0.1772190D+00 -0.9144803D+00  0.5757245D-01  0.0000000D+00
 -0.3401435D+01 -0.6593337D+00 -0.1008293D+00  0.0000000D+00
 -0.3559123D+01  0.7649913D+00  0.2334505D+00  0.0000000D+00
 -0.5325250D+01 -0.2312541D+01  0.1863482D+00  0.0000000D+00
 -0.4626619D+01 -0.4581851D+01 -0.7851368D-01  0.0000000D+00
 -0.3261393D+01 -0.1343707D+01 -0.5951504D+00  0.0000000D+00
 -0.2454865D+01  0.5273115D+00 -0.9006702D+00  0.0000000D+00
  0.1252480D+01  0.1785956D+00 -0.1115094D-02  0.0000000D+00
 -0.1060618D+01 -0.1878377D+00  0.2188198D-01  0.0000000D+00
  0.9787141D+00  0.1708203D+00 -0.1669213D-01  0.0000000D+00
 -0.1042277D+01 -0.7682748D+00  0.4237736D-01  0.0000000D+00
 -0.1208711D+00  0.1487590D+01 -0.2370249D-01  0.0000000D+00
  0.1818751D+01 -0.9451115D+00 -0.1032928D+00  0.0000000D+00
  0.2225614D+01  0.3984146D+01  0.9486201D+00  0.0000000D+00
  0.3957298D+01  0.3066595D+01  0.2004804D+01  0.0000000D+00
 -0.1359761D+01 -0.2097195D+00 -0.1073690D+00  0.0000000D+00
  0.2135022D+01 -0.4096427D+00 -0.1067500D+01  0.0000000D+00
  0.4123714D+01 -0.5645356D+00 -0.1653110D+01  0.0000000D+00
 -0.3573564D+00  0.4288260D-01  0.8831515D-02  0.0000000D+00
 -0.3696001D+00  0.1445189D+00 -0.8622223D-02  0.0000000D+00
 -0.7481227D+00  0.2726997D-01  0.2171200D-01  0.0000000D+00
 -0.1096655D+01  0.5764992D-01  0.5012819D-01  0.0000000D+00
  0.5854177D+00 -0.8723166D-01 -0.6420753D-01  0.0000000D+00
 -0.1639824D+01  0.9074816D+00  0.1619828D+00  0.0000000D+00
 -0.3024748D+01 -0.5597324D+00 -0.8053014D+00  0.0000000D+00
  0.7814072D+00 -0.1546592D+01 -0.1181284D+01  0.0000000D+00
  0.3924475D+01  0.5057200D+01  0.3421946D-01  0.0000000D+00
  0.4589559D+00  0.3309844D+01  0.3369573D+00  0.0000000D+00
 -0.1534894D+01  0.2361120D+01  0.5276411D+00  0.0000000D+00
 -0.9822496D+00 -0.1129219D+00 -0.1383015D-01  0.0000000D+00
 -0.7593448D-01  0.3048857D-01  0.7608062D-01  0.0000000D+00
  0.9291543D+00 -0.6876449D-01  0.8564281D-01  0.0000000D+00
  0.3931144D+00  0.5389916D+00 -0.1083293D+00  0.0000000D+00
 -0.9969417D+00 -0.1627241D+01  0.4822669D-01  0.0000000D+00
  0.1479214D+01  0.1826866D+01  0.1734404D+00  0.0000000D+00
  0.8405394D+00 -0.2398367D+01 -0.2371989D+00  0.0000000D+00
 -0.1161555D+01  0.1183983D+01  0.4377195D+00  0.0000000D+00
 -0.1871830D+01 -0.3559276D+00 -0.3082576D+00  0.0000000D+00
  0.7930091D+00 -0.1708154D+01 -0.6962171D+00  0.0000000D+00
  0.2345616D+01 -0.2516626D+01 -0.9318883D+00  0.0000000D+00
  0.5551704D+01  0.3648415D+01 -0.2010601D+01  0.0000000D+00
 -0.3524830D+01 -0.2943820D+01  0.1268596D+01  0.0000000D+00
  0.5903487D+01  0.3894461D+00 -0.9985358D+00  0.0000000D+00
 -0.9579364D+01  0.7404919D-01  0.1862593D+01  0.0000000D+00
  0.2705119D+01 -0.3327908D+01 -0.9658558D+00  0.0000000D+00
 -0.2742125D+01  0.9064196D+00  0.7841577D+00  0.0000000D+00
 -0.2875182D+01 -0.5753958D+01  0.8069627D+00  0.0000000D+00
 -0.8250589D+01 -0.8780569D+01 -0.6725324D+00  0.0000000D+00
 -0.1440029D+02 -0.4953374D+01 -0.3272903D+00  0.0000000D+00
 -0.9352085D+01  0.1063788D+02  0.1192842D+01  0.0000000D+00
 -0.6466138D+01  0.1981187D+02  0.2086720D+01  0.0000000D+00
  0.1022195D+02 -0.7365018D+01 -0.1355106D+01  0.0000000D+00
 -0.3055664D+01 -0.2558652D+01 -0.7800940D+00  0.0000000D+00
  0.3381264D+01 -0.8537570D+01  0.6803403D+00  0.0000000D+00
 -0.7530151D+01  0.7884817D+01  0.7106345D+00  0.0000000D+00
 -0.6740256D+00  0.6009426D+00  0.3411247D+00  0.0000000D+00
 -0.2140261D+01 -0.1238341D+01 -0.2069356D+00  0.0000000D+00
 -0.2240763D+01 -0.3988676D+01  0.4211701D+00  0.0000000D+00
 -0.5687763D+01 -0.1276475D+01  0.2826698D+00  0.0000000D+00
 -0.9012769D+01  0.1040477D+01 -0.9997276D-02  0.0000000D+00
 -0.6461231D+01  0.1667018D+01 -0.3180412D+00  0.0000000D+00
 -0.5005666D+01  0.2058952D+01 -0.5016989D+00  0.0000000D+00
 -0.1561787D+01  0.4534077D+01  0.4520465D+01  0.0000000D+00
  0.6113729D+01  0.3315658D+01 -0.2257954D+01  0.0000000D+00
 -0.1531473D+01 -0.5539504D+00  0.1688222D+01  0.0000000D+00
  0.7033549D-01 -0.2071913D+01 -0.3086210D+00  0.0000000D+00
  0.8684888D+00  0.2000102D+00 -0.1616996D+00  0.0000000D+00
 -0.8653472D+00 -0.4215391D+00 -0.6471624D+00  0.0000000D+00
 -0.4984799D+01 -0.3384829D+01 -0.3752287D+00  0.0000000D+00
 -0.6479545D+01 -0.5614800D+01 -0.1015509D+01  0.0000000D+00
 -0.1053552D+02  0.3484003D+01 -0.3056127D+00  0.0000000D+00
 -0.1338454D+02  0.6624209D+01 -0.3150530D+00  0.0000000D+00
 -0.1509850D+02  0.8567990D+01 -0.3129373D+00  0.0000000D+00
 -0.7468247D+00  0.4356662D+00 -0.1900226D-01  0.0000000D+00
 -0.1610571D+01 -0.1351529D+00  0.1116928D+00  0.0000000D+00
  0.1219929D+01  0.6349118D+00 -0.1116590D+00  0.0000000D+00
  0.1472800D+00 -0.7902340D+00  0.6073727D-01  0.0000000D+00
 -0.4441843D+00  0.8215197D+00 -0.1101681D+00  0.0000000D+00
  0.3481415D+01 -0.1568104D+01  0.2692072D+00  0.0000000D+00
  0.5777259D+01  0.6103781D+01 -0.3166706D+00  0.0000000D+00
  0.7141703D+01 -0.2794499D+01 -0.6132527D+00  0.0000000D+00
  0.4497318D+01 -0.2963183D+01 -0.1435594D+01  0.0000000D+00
  0.8158678D+01  0.2438670D+01 -0.7952136D+00  0.0000000D+00
  0.1027372D+02  0.5597595D+01 -0.4293804D+00  0.0000000D+00
  0.1052357D+01 -0.3445641D+00  0.5245351D-02  0.0000000D+00
 -0.1151789D+01  0.4390925D+00  0.9043701D-01  0.0000000D+00
  0.3240532D+01 -0.5598649D-01 -0.3414725D-01  0.0000000D+00
 -0.2196319D+01 -0.2320577D+00  0.5188618D-01  0.0000000D+00
 -0.1245161D+01  0.5551445D+00 -0.8797232D-01  0.0000000D+00
 -0.3116295D+01 -0.2604167D+01 -0.7212581D-01  0.0000000D+00
 -0.2022377D+01 -0.8141371D+00 -0.3296662D+00  0.0000000D+00
 -0.5343656D+01  0.3912523D+01  0.5182170D+00  0.0000000D+00
 -0.7299836D+01  0.3164594D+01  0.1050926D+01  0.0000000D+00
 -0.9793970D+01 -0.2896980D+01 -0.6054105D-01  0.0000000D+00
 -0.1127618D+02 -0.6451975D+01 -0.7054617D+00  0.0000000D+00
  0.8220848D+00 -0.8715173D-01  0.2493193D-01  0.0000000D+00
 -0.5207185D+00  0.3196427D+00 -0.1531623D+00  0.0000000D+00
 -0.1209422D+01 -0.3995851D+00  0.1810683D+00  0.0000000D+00
  0.1821587D+00  0.4824469D+00 -0.8819351D-01  0.0000000D+00
 -0.2583078D+00 -0.4672511D+00  0.1154983D+00  0.0000000D+00
  0.3149766D+01 -0.2650098D+00 -0.1841595D+00  0.0000000D+00
  0.4259184D+01  0.4797862D+00  0.1112302D+00  0.0000000D+00
  0.2876421D+01  0.1347778D+01 -0.2144270D+00  0.0000000D+00
 -0.3230779D+01  0.4707386D+01 -0.8225994D+00  0.0000000D+00
  0.3979526D+01  0.2724563D+01 -0.5774713D+00  0.0000000D+00
  0.8133503D+01  0.1600061D+01 -0.4406364D+00  0.0000000D+00
 -0.1174329D+01  0.2851257D+00 -0.4674790D-02  0.0000000D+00
  0.2224518D+00 -0.1923070D+00  0.3612425D-01  0.0000000D+00
 -0.1765810D+01  0.1987713D+00 -0.8561713D-01  0.0000000D+00
  0.2997726D+01 -0.3511271D+00  0.5708212D-01  0.0000000D+00
 -0.4272483D+01  0.2776176D+00 -0.7455296D-01  0.0000000D+00
  0.1101149D+01 -0.1060510D+01  0.6676686D-01  0.0000000D+00
 -0.3092321D-01 -0.3680305D+00 -0.7258991D+00  0.0000000D+00
  0.6278931D+01  0.1710429D+01 -0.2320837D+00  0.0000000D+00
  0.3430461D+01 -0.5686411D+00 -0.4706294D+00  0.0000000D+00
  0.1656714D+01 -0.2309083D+01 -0.1411191D+00  0.0000000D+00
  0.5877866D+00 -0.3354017D+01  0.4937240D-01  0.0000000D+00
 -0.6592335D-01 -0.3150260D+00 -0.1631729D-01  0.0000000D+00
  0.2037574D+01  0.2431122D+00  0.8344916D-02  0.0000000D+00
  0.2039396D+00 -0.2566705D+00 -0.7513424D-02  0.0000000D+00
 -0.4989619D+00  0.3390295D+00 -0.3843809D-01  0.0000000D+00
 -0.8964432D+00 -0.1509575D+01  0.4656395D-01  0.0000000D+00
  0.1327360D+01  0.1542969D+01 -0.2680661D+00  0.0000000D+00
 -0.2040386D+00 -0.1845305D+01  0.3716680D+00  0.0000000D+00
  0.7104512D-01  0.1682906D+00 -0.1129555D+00  0.0000000D+00
 -0.1782482D+01  0.2224521D+01 -0.3727206D+00  0.0000000D+00
 -0.1923425D+01  0.5865662D+00 -0.2342581D+00  0.0000000D+00
 -0.2026558D+01 -0.3490352D+00 -0.1562340D+00  0.0000000D+00
 -0.2595504D+00 -0.3368088D+00 -0.7606772D-02  0.0000000D+00
  0.1952728D+01  0.7551564D-01 -0.6365748D-01  0.0000000D+00
 -0.1533331D+01  0.2410870D-01  0.4598039D-01  0.0000000D+00
  0.5445428D+00  0.2865638D+00  0.7786252D-01  0.0000000D+00
  0.1459736D+01 -0.2726785D+00 -0.2018348D+00  0.0000000D+00
 -0.2777966D+00  0.1634266D+01  0.5597703D+00  0.0000000D+00
  0.7863885D+00 -0.2261048D+01 -0.2912286D+00  0.0000000D+00
  0.4710508D+01  0.1723522D+01  0.4904768D+00  0.0000000D+00
  0.1175095D+01  0.2773134D+01  0.1519756D+00  0.0000000D+00
  0.2162184D+01 -0.1698007D+01 -0.8899237D+00  0.0000000D+00
  0.2701062D+01 -0.4304346D+01 -0.1503665D+01  0.0000000D+00
