  4  2   693 10944  4  4  9 11  7  1    0.00   24.00  100.00  600.00    0.00    6.28   45.00   45.00
  100.0  100.0  100.0  100.0  125.0  150.0  190.0  230.0  275.0  350.0  450.0  600.0  600.0  600.0  600.0
  0.5700437D+01 -0.1021388D+02 -0.4517153D+01  0.0000000D+00
 -0.2543822D+02 -0.1853692D+02 -0.3941797D+01  0.0000000D+00
  0.4761318D+01 -0.7383815D+01 -0.3113969D+01  0.0000000D+00
 -0.7116096D+01 -0.5284568D+01 -0.2607461D+01  0.0000000D+00
  0.4458896D+01 -0.6064904D+01 -0.2557217D+01  0.0000000D+00
 -0.6569680D+01 -0.1483541D+01 -0.1663740D+01  0.0000000D+00
 -0.7336052D+01 -0.5527915D+01 -0.3716572D+01  0.0000000D+00
 -0.1871489D+01 -0.8582509D+01 -0.3068315D+01  0.0000000D+00
  0.3745911D+01 -0.6734878D+01 -0.2926574D+01  0.0000000D+00
  0.6079304D+01 -0.5673157D+01 -0.3740076D+01  0.0000000D+00
  0.7509547D+01 -0.5031460D+01 -0.4214838D+01  0.0000000D+00
  0.4014042D+01  0.3169399D+00 -0.4233867D+01  0.0000000D+00
 -0.4564353D+02 -0.3159169D+01 -0.1425689D+01  0.0000000D+00
  0.3731169D+02 -0.9183392D+01  0.6740860D+00  0.0000000D+00
 -0.1094474D+02 -0.2902817D+01  0.1653684D+00  0.0000000D+00
  0.3724023D+02  0.1623768D+01  0.1047173D+00  0.0000000D+00
  0.2269079D+02  0.2665263D+01  0.2311091D-01  0.0000000D+00
  0.2965890D+02  0.2742242D+00 -0.9047463D-02  0.0000000D+00
  0.2485875D+02  0.4605254D+01  0.3489392D+00  0.0000000D+00
  0.1212193D+02  0.2039246D+01 -0.3278044D+00  0.0000000D+00
  0.5038092D+01 -0.6359133D+00 -0.2051865D+01  0.0000000D+00
  0.7493503D+00 -0.2231792D+01 -0.3068987D+01  0.0000000D+00
 -0.5166282D+01 -0.1011887D+02 -0.4891593D+00  0.0000000D+00
 -0.6492325D+01  0.9399163D+01 -0.3413624D+01  0.0000000D+00
  0.1413316D+02 -0.2015272D+01  0.2828440D+01  0.0000000D+00
 -0.6018305D+01 -0.1896483D+02  0.1474763D+01  0.0000000D+00
  0.4266923D+01  0.4609320D+01  0.1110618D+01  0.0000000D+00
 -0.1708214D+00 -0.7291633D+01  0.1052497D+01  0.0000000D+00
  0.3679445D+00  0.5932210D-01 -0.3165378D+00  0.0000000D+00
  0.3481116D+00 -0.7960731D+01 -0.1587011D+00  0.0000000D+00
 -0.3131567D+01 -0.4945381D+01 -0.8983262D+00  0.0000000D+00
 -0.1925055D+01 -0.2513436D+01 -0.1095014D+01  0.0000000D+00
 -0.1256701D+01 -0.1058395D+01 -0.1218316D+01  0.0000000D+00
  0.2216545D+00  0.3606114D+00  0.4149088D+00  0.0000000D+00
  0.3971811D+01  0.2210672D+00 -0.5978100D+00  0.0000000D+00
 -0.2602115D+01 -0.1064714D+01  0.7823791D-01  0.0000000D+00
  0.1706696D+01  0.3502305D+00 -0.1969173D-02  0.0000000D+00
 -0.1609676D+01  0.3758855D+00 -0.7886525D-01  0.0000000D+00
  0.4290113D+01 -0.9415381D+00  0.1975206D+00  0.0000000D+00
  0.1387704D+01  0.4450471D+01 -0.8611340D+00  0.0000000D+00
  0.2442196D+01  0.4994094D+01 -0.1585977D+01  0.0000000D+00
  0.3923419D+01  0.2760990D+01 -0.7225445D+00  0.0000000D+00
  0.4682668D+01  0.5431767D+00  0.5569484D+00  0.0000000D+00
  0.5144090D+01 -0.7809789D+00  0.1315726D+01  0.0000000D+00
  0.3638265D+00  0.3400416D+00 -0.7322664D+00  0.0000000D+00
  0.1817853D+01  0.1459367D+01  0.9598321D+00  0.0000000D+00
 -0.2477851D+01 -0.1297234D+01 -0.9446416D+00  0.0000000D+00
  0.1527856D+01  0.3617969D+00  0.4462421D+00  0.0000000D+00
 -0.1068615D+01  0.3440182D+00 -0.1038396D+00  0.0000000D+00
  0.7917998D+00 -0.1299351D+01 -0.5032369D+00  0.0000000D+00
 -0.3112049D+01 -0.1351740D+01  0.6564962D-01  0.0000000D+00
 -0.5282057D+01  0.1387740D+00 -0.8831836D+00  0.0000000D+00
 -0.1364718D+02 -0.1790239D+01 -0.1892143D+01  0.0000000D+00
 -0.1302683D+02 -0.1154327D+01 -0.5950889D+00  0.0000000D+00
 -0.1275544D+02 -0.8036237D+00  0.1533376D+00  0.0000000D+00
 -0.2009376D-01 -0.3368922D-01 -0.1160292D-01  0.0000000D+00
  0.1023112D+01  0.8081100D+00  0.8308401D-01  0.0000000D+00
  0.3394050D+00  0.3297165D+00  0.1125927D+00  0.0000000D+00
 -0.5773384D+00 -0.3767934D+00 -0.5113971D-01  0.0000000D+00
  0.1235936D+01  0.3699509D+00 -0.1136304D-01  0.0000000D+00
 -0.4181053D+01 -0.6390034D+00 -0.3040287D-01  0.0000000D+00
  0.1380326D+00  0.7064414D+00 -0.1331057D+00  0.0000000D+00
 -0.2246814D+01 -0.2658199D+00 -0.1168004D+00  0.0000000D+00
  0.4760035D+01  0.1006909D+01  0.4576581D+00  0.0000000D+00
  0.7083051D+01  0.1391599D+01 -0.5286702D+00  0.0000000D+00
  0.8520966D+01  0.1631190D+01 -0.1100080D+01  0.0000000D+00
  0.2010304D-01 -0.8794518D-01  0.4528025D+00  0.0000000D+00
  0.1099438D+01 -0.9371318D+00 -0.4876419D+00  0.0000000D+00
 -0.2278737D+00  0.3666006D-01  0.2507317D+00  0.0000000D+00
 -0.1299781D+00 -0.3629837D-01 -0.1321680D+00  0.0000000D+00
  0.7200497D+00  0.2247678D-01  0.6987603D-01  0.0000000D+00
 -0.2913798D+01  0.3821613D+00  0.2022193D+00  0.0000000D+00
 -0.2896143D+01  0.5431860D+01  0.4218224D+00  0.0000000D+00
 -0.4434648D+01  0.3758868D+01 -0.5964770D+00  0.0000000D+00
 -0.1912781D+01  0.1125234D+01  0.1186947D+00  0.0000000D+00
  0.2618284D+00 -0.6919694D+00  0.8552486D+00  0.0000000D+00
  0.1563644D+01 -0.1785228D+01  0.1294310D+01  0.0000000D+00
 -0.3293590D-01 -0.1344130D-01 -0.1939431D-01  0.0000000D+00
 -0.6551510D+00 -0.5959428D-02 -0.3706656D-01  0.0000000D+00
  0.5125669D+00  0.2644665D-01  0.2061880D-01  0.0000000D+00
 -0.5749915D+00  0.2949278D-01  0.8651919D-02  0.0000000D+00
  0.8149663D+00 -0.1184673D+00 -0.6419669D-01  0.0000000D+00
 -0.1541278D+01  0.3780463D+00  0.2300731D+00  0.0000000D+00
  0.2068268D+01 -0.2456619D+00 -0.5607855D+00  0.0000000D+00
 -0.3376568D+00 -0.1499460D+00 -0.2312422D+00  0.0000000D+00
 -0.7486656D+01  0.5147601D-01 -0.5103591D+00  0.0000000D+00
  0.6861246D+01 -0.6972174D+00 -0.6423468D+00  0.0000000D+00
  0.1518406D+02 -0.1133575D+01 -0.7226743D+00  0.0000000D+00
  0.3160514D-01  0.1114679D+00 -0.1216959D+00  0.0000000D+00
 -0.1674144D+01 -0.3342174D-01  0.1434439D+00  0.0000000D+00
  0.1434131D+00  0.7725640D-01 -0.3658651D-01  0.0000000D+00
  0.2563717D+00 -0.1599534D+00 -0.9550592D-03  0.0000000D+00
 -0.9767443D+00  0.4892114D+00  0.5186460D-01  0.0000000D+00
  0.4091069D+01 -0.1532291D+01 -0.2387485D+00  0.0000000D+00
  0.3908379D+01 -0.6512987D+00  0.6901367D-01  0.0000000D+00
  0.2563581D+01  0.2540598D-01  0.1975873D+00  0.0000000D+00
  0.7108645D+01 -0.7018872D+00  0.7111723D+00  0.0000000D+00
  0.7750018D+01  0.3482101D+00  0.3858537D+00  0.0000000D+00
  0.8175186D+01  0.9551939D+00  0.2009529D+00  0.0000000D+00
 -0.2650944D+02 -0.4538015D+01 -0.2250894D+01  0.0000000D+00
 -0.3287449D+02 -0.1371416D+02  0.2776574D+01  0.0000000D+00
  0.1221150D+02  0.5701212D+01 -0.2826881D+01  0.0000000D+00
  0.2049073D+02 -0.1029660D+02 -0.1809631D+01  0.0000000D+00
  0.6022001D+01  0.1418791D+01 -0.7560924D+00  0.0000000D+00
  0.1174102D+02 -0.4875441D+01 -0.5800859D+00  0.0000000D+00
  0.1319364D+02  0.9732361D-01 -0.2023249D+00  0.0000000D+00
  0.1552447D+02  0.1571457D+01 -0.4035274D+00  0.0000000D+00
  0.1614186D+02 -0.4344243D+01  0.7947960D+00  0.0000000D+00
  0.3878304D+01 -0.3321881D+01  0.7166679D+00  0.0000000D+00
 -0.3298147D+01 -0.2788713D+01  0.6841025D+00  0.0000000D+00
 -0.2000977D+02 -0.1104960D+02  0.1980318D+01  0.0000000D+00
  0.1589607D+02 -0.2099103D+02  0.9814122D+01  0.0000000D+00
 -0.2210119D+01  0.6358422D+01 -0.5507206D+01  0.0000000D+00
  0.2285615D+02 -0.1192744D+02 -0.2187356D-01  0.0000000D+00
  0.3687588D+01 -0.6057763D+00  0.1185862D+01  0.0000000D+00
  0.1122184D+02 -0.5769157D+01  0.7696948D+00  0.0000000D+00
  0.1084672D+02 -0.3967742D+01  0.1423705D+01  0.0000000D+00
  0.4667584D+01  0.5789892D+01  0.1442503D+01  0.0000000D+00
 -0.2064631D+01  0.5939513D+01  0.1741297D+01  0.0000000D+00
  0.2173567D+01 -0.7872716D+01  0.2913394D+01  0.0000000D+00
  0.4578890D+01 -0.1595751D+02  0.3603073D+01  0.0000000D+00
 -0.1342694D+02 -0.1083096D+02  0.2522627D+01  0.0000000D+00
 -0.3853443D+01 -0.4123802D+01  0.9444361D+00  0.0000000D+00
  0.5659583D+01  0.3606875D+01  0.3291943D+01  0.0000000D+00
 -0.3333077D+01 -0.7027884D+00  0.2364418D+00  0.0000000D+00
  0.5835036D+01  0.6810869D+01  0.1973404D+01  0.0000000D+00
 -0.6690401D+01  0.5348356D+01  0.7573832D+00  0.0000000D+00
  0.3633698D+01 -0.6874700D+00  0.7154754D+00  0.0000000D+00
  0.1916096D+01  0.3540935D+01 -0.3480914D+00  0.0000000D+00
  0.6949240D+01  0.2698914D+00  0.1151137D+01  0.0000000D+00
  0.7427472D+01 -0.8412832D+01  0.2381865D+01  0.0000000D+00
  0.7761618D+01 -0.1353266D+02  0.3119091D+01  0.0000000D+00
 -0.2426848D+00 -0.4244228D+00  0.2514174D+00  0.0000000D+00
 -0.8330644D+01  0.1701232D+01 -0.8400861D+00  0.0000000D+00
  0.3400520D+01  0.8299639D+00  0.4300064D+00  0.0000000D+00
 -0.1494545D+01 -0.4071500D+00 -0.2386170D+00  0.0000000D+00
  0.4347550D+00 -0.5338141D-01  0.1001628D+00  0.0000000D+00
  0.5589515D+00  0.8436863D+00  0.1865429D+00  0.0000000D+00
 -0.2532402D+01 -0.1470873D+01  0.5414326D+00  0.0000000D+00
 -0.3656821D+01 -0.9509641D+00  0.1966345D+01  0.0000000D+00
 -0.1694926D+01  0.3425219D+01  0.2463227D+01  0.0000000D+00
  0.3904416D+01  0.2263789D+01  0.1044502D+01  0.0000000D+00
  0.7205403D+01  0.1632977D+01  0.2193061D+00  0.0000000D+00
 -0.2250409D+00 -0.3851189D+00 -0.1313994D+01  0.0000000D+00
 -0.5086108D+01  0.2100816D+00  0.1875526D+01  0.0000000D+00
  0.2855675D+01  0.8265316D+00  0.2866809D-01  0.0000000D+00
 -0.1454707D+01 -0.2751367D+00 -0.1226520D+00  0.0000000D+00
  0.2483312D+00 -0.3632898D+00  0.1865360D+00  0.0000000D+00
  0.3340799D+01  0.2018154D+01 -0.7104111D+00  0.0000000D+00
  0.9174991D+01 -0.1090696D+01  0.1048241D+00  0.0000000D+00
  0.2541305D+01  0.1770354D+01 -0.6495452D+00  0.0000000D+00
 -0.2085182D+00  0.2135568D+01  0.6976533D+00  0.0000000D+00
  0.9165755D+01  0.1169660D+01  0.2148927D+01  0.0000000D+00
  0.1462685D+02  0.6083883D+00  0.3013657D+01  0.0000000D+00
 -0.6246062D-02  0.9666012D-01  0.2623161D+00  0.0000000D+00
 -0.1826309D+01 -0.1044764D+00 -0.4272934D+00  0.0000000D+00
  0.1232179D+00 -0.4212972D+00 -0.5112441D-01  0.0000000D+00
  0.3975930D+00  0.3548520D+00 -0.2233420D-01  0.0000000D+00
 -0.1033000D+01 -0.1948066D+00  0.1215131D+00  0.0000000D+00
  0.2699174D+01 -0.2079627D+00 -0.4700202D+00  0.0000000D+00
 -0.3384863D+01 -0.1407390D+01  0.7756029D+00  0.0000000D+00
 -0.6376253D+01  0.2613184D+01  0.7615471D+00  0.0000000D+00
 -0.2270241D+01  0.1661889D+01 -0.1032950D+00  0.0000000D+00
 -0.4175585D+01 -0.2673268D+00 -0.6175007D+00  0.0000000D+00
 -0.5246342D+01 -0.1406963D+01 -0.9281911D+00  0.0000000D+00
 -0.2112108D-01 -0.8537022D-02  0.5198313D+00  0.0000000D+00
 -0.2002718D+01  0.1005170D+01 -0.8073364D+00  0.0000000D+00
  0.5987618D+00  0.6262972D-01  0.1885513D+00  0.0000000D+00
 -0.2941635D+00 -0.5284753D-01 -0.1030399D+00  0.0000000D+00
  0.4834671D+00  0.1912038D+00  0.8321886D-01  0.0000000D+00
 -0.2419415D+01 -0.1011331D+01  0.1869149D+00  0.0000000D+00
 -0.7126305D+01 -0.1667209D+01  0.9261493D+00  0.0000000D+00
 -0.5557716D+01  0.2518191D+01  0.7701447D+00  0.0000000D+00
 -0.3170070D+01  0.7262653D+00  0.9246532D+00  0.0000000D+00
 -0.1305502D+02 -0.1318260D+01  0.1246115D+01  0.0000000D+00
 -0.1881716D+02 -0.2534792D+01  0.1435982D+01  0.0000000D+00
  0.5817397D-01  0.1504001D+00 -0.2815000D-01  0.0000000D+00
  0.9891968D+00  0.3404187D+00 -0.1283703D+00  0.0000000D+00
 -0.2122132D+00 -0.1726239D+00  0.1421749D-01  0.0000000D+00
 -0.2501742D+00  0.2317739D+00 -0.4141830D-02  0.0000000D+00
  0.8037223D+00 -0.5105756D+00 -0.7294162D-02  0.0000000D+00
 -0.2184104D+01  0.1548983D+01  0.1263191D+00  0.0000000D+00
 -0.9929700D+00 -0.7961681D+00  0.4431062D-01  0.0000000D+00
 -0.3786551D+01 -0.1745319D+01  0.2003879D+00  0.0000000D+00
 -0.9055308D+01 -0.1004448D+01  0.2859011D+00  0.0000000D+00
  0.4232481D+01 -0.4971261D+00 -0.1564521D+00  0.0000000D+00
  0.1195509D+02 -0.1918023D+00 -0.4145515D+00  0.0000000D+00
 -0.8587043D-02 -0.9631444D-01 -0.6012530D-01  0.0000000D+00
  0.3216762D+01  0.1798190D+00  0.9011551D-01  0.0000000D+00
 -0.1073409D+01  0.1209778D-01 -0.2412215D-03  0.0000000D+00
  0.7063694D+00  0.1161827D+00 -0.3358373D-01  0.0000000D+00
 -0.9128308D+00 -0.1749311D+00  0.9709848D-01  0.0000000D+00
  0.1728272D+01  0.6284957D+00 -0.3608968D+00  0.0000000D+00
 -0.2521149D+01  0.9552726D+00  0.1946517D+00  0.0000000D+00
 -0.6500132D+01 -0.8682465D+00  0.2777594D+00  0.0000000D+00
 -0.4961089D+01 -0.5585134D+00 -0.1034029D+00  0.0000000D+00
 -0.1954173D+01 -0.3001749D+00 -0.4479086D+00  0.0000000D+00
 -0.1775851D+00 -0.1456323D+00 -0.6538486D+00  0.0000000D+00
 -0.9874493D+01 -0.6359027D+01  0.4233473D+01  0.0000000D+00
  0.1790077D+02 -0.1509363D+01 -0.4097191D+01  0.0000000D+00
  0.1213015D+02  0.8407445D+01  0.6582761D+01  0.0000000D+00
 -0.2309581D+02  0.1192449D+02 -0.1246921D+01  0.0000000D+00
 -0.1837607D+01 -0.6321227D+01  0.3958367D+01  0.0000000D+00
 -0.1195046D+02  0.1664227D+01  0.1500496D+01  0.0000000D+00
 -0.8666505D+01 -0.3395392D+01  0.2799500D+01  0.0000000D+00
 -0.1123110D+02 -0.7931036D+00  0.1774944D+01  0.0000000D+00
 -0.1237186D+02 -0.1532873D+01  0.3199252D+01  0.0000000D+00
 -0.5138975D+01 -0.1354537D+01  0.3891468D+01  0.0000000D+00
 -0.9163058D+00 -0.1259456D+01  0.4312390D+01  0.0000000D+00
  0.1589394D+02 -0.1249166D+02  0.1648073D+01  0.0000000D+00
  0.1066623D+01 -0.1388207D+02 -0.3386106D+00  0.0000000D+00
  0.1209944D+02  0.1079118D+02  0.6825808D+01  0.0000000D+00
 -0.1216054D+02  0.1736495D+02  0.1424344D+01  0.0000000D+00
  0.1077168D+01 -0.1199040D+02  0.6367308D+01  0.0000000D+00
 -0.4500439D+01  0.1916436D+01  0.4054864D+01  0.0000000D+00
  0.2327622D+00 -0.2885648D+01  0.4628624D+01  0.0000000D+00
 -0.9796889D+01  0.5005436D+00  0.6036504D+01  0.0000000D+00
 -0.6636520D+01  0.2157034D+01  0.4918004D+01  0.0000000D+00
  0.3352085D+01  0.2786792D+01  0.2235484D+01  0.0000000D+00
  0.9235041D+01  0.3174020D+01  0.6521184D+00  0.0000000D+00
  0.5819139D+01 -0.3670604D+01 -0.2631325D+00  0.0000000D+00
 -0.2583261D+01 -0.4259588D+01 -0.9882094D+00  0.0000000D+00
 -0.1820033D+02 -0.1064624D+02 -0.2487230D+01  0.0000000D+00
  0.1408114D+02 -0.2452007D+02  0.3339732D+01  0.0000000D+00
 -0.1538785D+02 -0.7768755D+01 -0.1536375D+01  0.0000000D+00
  0.7882496D+01 -0.1566736D+02  0.7062540D+00  0.0000000D+00
 -0.9474561D+01 -0.8774074D+01  0.5111484D-01  0.0000000D+00
 -0.4201958D+01 -0.1109002D+02 -0.6204234D+00  0.0000000D+00
  0.1472641D+01 -0.4603454D+01 -0.4741164D+00  0.0000000D+00
 -0.6926346D+01 -0.5380584D+01 -0.4308248D+00  0.0000000D+00
 -0.1178181D+02 -0.5762143D+01 -0.4041686D+00  0.0000000D+00
 -0.2712436D+00 -0.5480017D+00 -0.7149065D+00  0.0000000D+00
  0.3880041D+01  0.3283288D+01  0.4070948D+00  0.0000000D+00
  0.9205726D+00  0.5980642D+00  0.4987103D-01  0.0000000D+00
 -0.1200247D+01 -0.4971977D+00 -0.9368602D-01  0.0000000D+00
  0.1770974D+01  0.3550407D+00  0.2086757D+00  0.0000000D+00
 -0.3942283D+01 -0.2047987D+01 -0.6278919D+00  0.0000000D+00
  0.4821003D+01 -0.5898180D+01 -0.8672876D+00  0.0000000D+00
 -0.1876810D+01 -0.5477399D+01 -0.1078797D+01  0.0000000D+00
  0.2970045D+01 -0.3139837D+01 -0.7370680D+00  0.0000000D+00
  0.4632084D+01 -0.2266536D+01 -0.6861574D+00  0.0000000D+00
  0.5655599D+01 -0.1727361D+01 -0.6524581D+00  0.0000000D+00
 -0.7057370D+00 -0.3987889D+00  0.7584431D+00  0.0000000D+00
  0.4416407D+01  0.5503840D+01 -0.1680804D+01  0.0000000D+00
  0.1395618D+01 -0.2695468D+00  0.1626238D+01  0.0000000D+00
 -0.6298730D+00 -0.6964267D-01 -0.9131532D+00  0.0000000D+00
 -0.1810004D-01  0.2192495D+00  0.5389806D+00  0.0000000D+00
 -0.2093820D+01 -0.8462802D-01 -0.5837341D+00  0.0000000D+00
 -0.1300167D+02  0.4202291D+01 -0.8343885D+00  0.0000000D+00
 -0.8276515D+01  0.8565780D+00 -0.1390896D+01  0.0000000D+00
 -0.2854086D+01  0.1301442D+01 -0.1741142D+01  0.0000000D+00
 -0.8477999D+01  0.3138120D+01 -0.1502251D+01  0.0000000D+00
 -0.1171232D+02  0.4218366D+01 -0.1366243D+01  0.0000000D+00
  0.2157938D+00  0.6342842D-01  0.1657293D+00  0.0000000D+00
 -0.3243774D+00 -0.7440635D-02 -0.3767658D+00  0.0000000D+00
 -0.2243741D+00 -0.1257419D+01 -0.1331274D+00  0.0000000D+00
 -0.4056231D+00  0.1184318D+01  0.1662777D+00  0.0000000D+00
  0.1179072D+01 -0.1756683D+01 -0.2286056D+00  0.0000000D+00
 -0.2165819D+01  0.4333402D+01  0.7477268D+00  0.0000000D+00
  0.7560028D+01 -0.1900414D+01  0.1109463D+01  0.0000000D+00
  0.2701266D+01 -0.1784150D+01  0.6349055D+00  0.0000000D+00
  0.3312948D+00 -0.5622736D+00  0.5212095D+00  0.0000000D+00
  0.1315162D+02 -0.2727892D+00  0.1035906D+01  0.0000000D+00
  0.2063247D+02 -0.8911321D-01  0.1336051D+01  0.0000000D+00
 -0.4569822D-01  0.2715568D-02 -0.6151718D+00  0.0000000D+00
  0.8916996D+00 -0.2455584D+00  0.6322942D+00  0.0000000D+00
 -0.8276576D+00  0.5787944D+00 -0.3736490D+00  0.0000000D+00
  0.1142097D+01 -0.2904992D+00  0.2505311D+00  0.0000000D+00
 -0.2446205D+01  0.3739203D-02 -0.2556225D+00  0.0000000D+00
  0.7602612D+01  0.9783175D+00  0.5968634D+00  0.0000000D+00
  0.1567307D+01  0.2674320D+01  0.3119990D+00  0.0000000D+00
 -0.2040868D+01  0.3374201D+01 -0.5608664D+00  0.0000000D+00
  0.6709647D+00  0.3586481D+01 -0.4281208D+00  0.0000000D+00
 -0.4127951D+01  0.1881443D+01  0.3743890D+00  0.0000000D+00
 -0.6911971D+01  0.8858406D+00  0.8457098D+00  0.0000000D+00
  0.2109741D-01  0.7977815D-01  0.3047467D-01  0.0000000D+00
 -0.5132400D+00  0.9256655D-01 -0.3032332D-01  0.0000000D+00
 -0.1438614D+00 -0.7080947D-01  0.1199449D-01  0.0000000D+00
  0.2055150D+00  0.6058740D-01 -0.9839918D-01  0.0000000D+00
 -0.4769785D+00  0.9098744D-01  0.2445307D+00  0.0000000D+00
  0.2646402D+01 -0.6396784D+00 -0.7346557D+00  0.0000000D+00
  0.3985015D+01  0.6403147D-01 -0.1592728D+00  0.0000000D+00
 -0.9789121D+00 -0.6097828D+00 -0.5013400D+00  0.0000000D+00
  0.2740581D+01 -0.8669519D+00 -0.4002415D+00  0.0000000D+00
  0.6813139D+01 -0.4459198D+00 -0.1062377D+00  0.0000000D+00
  0.9240464D+01 -0.2018875D+00  0.6699939D-01  0.0000000D+00
 -0.7139224D-01 -0.1260622D+00  0.2313848D+00  0.0000000D+00
 -0.8156646D+00  0.3099115D+00 -0.2658567D+00  0.0000000D+00
  0.1149526D+01  0.1207340D+00  0.1194282D+00  0.0000000D+00
 -0.1143050D+01 -0.2290436D+00 -0.9277775D-01  0.0000000D+00
  0.1904648D+01  0.6752772D+00  0.9746648D-01  0.0000000D+00
 -0.6431210D+01 -0.2577491D+01 -0.2589514D+00  0.0000000D+00
 -0.2906028D+01 -0.1545523D+01 -0.9976260D-01  0.0000000D+00
 -0.2670602D+01 -0.2523253D+01 -0.4179949D+00  0.0000000D+00
 -0.3026293D+01  0.2909167D+00 -0.5170963D+00  0.0000000D+00
 -0.3369656D+01  0.1403219D-01 -0.3596395D+00  0.0000000D+00
 -0.3575911D+01 -0.1168062D+00 -0.2685568D+00  0.0000000D+00
  0.4617090D+01 -0.1847232D+01  0.6027903D+00  0.0000000D+00
  0.2244151D+02  0.1880394D+00 -0.2594614D+00  0.0000000D+00
 -0.8134649D+00 -0.1850058D+01  0.3435933D+01  0.0000000D+00
 -0.2550028D+02  0.6184820D+01  0.7468825D+00  0.0000000D+00
 -0.4462625D+01 -0.8930899D+00  0.1832063D+01  0.0000000D+00
 -0.1152835D+02  0.2212002D+01  0.1180256D+01  0.0000000D+00
 -0.9847080D+01 -0.3112838D+00  0.1344591D+01  0.0000000D+00
 -0.1167778D+02  0.1454264D+01  0.1146943D+01  0.0000000D+00
 -0.1266550D+02  0.3214336D+00  0.7834635D+00  0.0000000D+00
 -0.9605653D+01 -0.4279781D+00  0.3366440D+00  0.0000000D+00
 -0.7823842D+01 -0.8799962D+00  0.7100657D-01  0.0000000D+00
 -0.1799567D+02 -0.8001277D+00 -0.2204318D+01  0.0000000D+00
  0.2316542D+02  0.3642652D+01 -0.3201836D+01  0.0000000D+00
 -0.1599911D+02 -0.1989783D+01  0.2556733D+01  0.0000000D+00
 -0.5295568D+01  0.6487573D+01  0.6690482D+00  0.0000000D+00
  0.5063669D+01 -0.3705482D+01  0.1578288D+01  0.0000000D+00
 -0.2551309D+00  0.1055469D+01  0.1188740D+01  0.0000000D+00
  0.2638876D+01 -0.1689459D+01  0.9977109D+00  0.0000000D+00
 -0.7377508D+01  0.4394796D+00  0.7422985D+00  0.0000000D+00
 -0.6715434D+01  0.4106152D+00  0.6262058D-03  0.0000000D+00
  0.5638202D+01  0.2718928D+01  0.1518740D+00  0.0000000D+00
  0.1287885D+02  0.4070761D+01  0.2323195D+00  0.0000000D+00
  0.1062467D+02  0.2877999D+01 -0.2854339D+00  0.0000000D+00
 -0.9346776D+01  0.4394136D+01  0.1728549D+01  0.0000000D+00
 -0.5616048D+01 -0.2229631D+01 -0.1062123D+01  0.0000000D+00
  0.3802971D+01 -0.6691936D+01  0.9323348D+00  0.0000000D+00
 -0.3781943D+01 -0.1560578D+01  0.4463756D+00  0.0000000D+00
  0.1627640D+01 -0.6049861D+01  0.6885467D+00  0.0000000D+00
 -0.1989338D+01  0.8824454D+00  0.1950247D+00  0.0000000D+00
 -0.9319962D+01 -0.4257525D+01  0.6548577D+00  0.0000000D+00
 -0.2402277D+01 -0.1747953D+01  0.6811271D-01  0.0000000D+00
  0.6511245D+01  0.1484440D+00 -0.6225997D+00  0.0000000D+00
  0.1180675D+02  0.1287124D+01 -0.1033531D+01  0.0000000D+00
 -0.2197295D+00 -0.2872271D+00 -0.4851479D+00  0.0000000D+00
  0.8477724D+01 -0.5279754D+00 -0.4731130D+00  0.0000000D+00
 -0.1058355D+01  0.6082672D+00  0.1912590D+00  0.0000000D+00
 -0.6911100D-01 -0.3104764D+00 -0.1073875D+00  0.0000000D+00
  0.1101251D+01  0.7436018D-01  0.9839462D-01  0.0000000D+00
 -0.4252726D+01 -0.6706858D+00 -0.1341724D+00  0.0000000D+00
  0.9804016D+00 -0.3345704D+01 -0.3184805D+00  0.0000000D+00
  0.5507251D+01 -0.2761891D+01 -0.1630603D+00  0.0000000D+00
  0.1974970D+01 -0.2869355D+00 -0.3678243D+00  0.0000000D+00
  0.1429992D+00  0.8015950D+00 -0.2032618D-01  0.0000000D+00
 -0.9689046D+00  0.1466858D+01  0.1808323D+00  0.0000000D+00
 -0.4920834D+00 -0.1291742D+00 -0.3839046D+00  0.0000000D+00
  0.6915865D+01 -0.3068309D+01 -0.9730441D+00  0.0000000D+00
  0.2336037D+00  0.1771526D+01  0.7262250D+00  0.0000000D+00
 -0.3168569D+00 -0.9180640D+00 -0.3870334D+00  0.0000000D+00
  0.9479806D-01  0.8047605D+00  0.1789851D+00  0.0000000D+00
 -0.7052909D+00 -0.1537236D+01  0.5014942D-01  0.0000000D+00
 -0.3962073D+01  0.1582176D+01 -0.1044644D+00  0.0000000D+00
 -0.1312808D+01 -0.1680045D+00  0.3680660D+00  0.0000000D+00
  0.1352510D+00  0.2407618D+00 -0.2791741D-01  0.0000000D+00
  0.6635059D+01  0.1128265D+01  0.7759671D-01  0.0000000D+00
  0.1045919D+02  0.1652066D+01  0.1351176D+00  0.0000000D+00
  0.1423389D+00  0.4896832D-01  0.3996964D+00  0.0000000D+00
  0.1151115D+01 -0.4545990D+00 -0.4429806D+00  0.0000000D+00
 -0.1103104D+01 -0.6053180D+00  0.1280885D+00  0.0000000D+00
  0.6335443D+00  0.7023519D+00 -0.4269742D-01  0.0000000D+00
 -0.6870949D+00 -0.1025444D+01 -0.3159146D-01  0.0000000D+00
  0.2659899D+01  0.2365452D+01  0.2467502D+00  0.0000000D+00
  0.5260985D+01 -0.1035021D+01  0.1791367D+00  0.0000000D+00
  0.6613338D+01  0.5067797D+00 -0.3279609D-02  0.0000000D+00
  0.2862868D+01  0.5020140D+00  0.2879612D+00  0.0000000D+00
  0.9376800D+00 -0.9673127D+00  0.1357494D+00  0.0000000D+00
 -0.2318783D+00 -0.1827674D+01  0.4972126D-01  0.0000000D+00
  0.3026076D-01 -0.1211813D+00 -0.1389081D+00  0.0000000D+00
  0.1896650D+01  0.1407127D+01  0.8674438D-01  0.0000000D+00
 -0.9678622D+00 -0.3891906D+00 -0.4453374D-01  0.0000000D+00
  0.1002091D+01  0.3287659D+00  0.3059283D-01  0.0000000D+00
 -0.1791453D+01 -0.4788039D+00 -0.1295346D-01  0.0000000D+00
  0.5909039D+01  0.1520573D+01 -0.1935349D-01  0.0000000D+00
  0.4362328D+01 -0.2426255D+00  0.5663436D-01  0.0000000D+00
  0.3785192D+01  0.6876030D-01 -0.1047442D+00  0.0000000D+00
  0.2796687D+01 -0.9916763D-01  0.1788591D+00  0.0000000D+00
  0.2650623D+01  0.4266904D+00  0.4120753D+00  0.0000000D+00
  0.2553792D+01  0.7329229D+00  0.5516704D+00  0.0000000D+00
  0.3717991D-01  0.2209463D-01 -0.2491317D-02  0.0000000D+00
 -0.1391509D+01  0.9771401D-01 -0.6642847D-01  0.0000000D+00
  0.4062764D+00 -0.1043784D+00 -0.2816030D-01  0.0000000D+00
 -0.2673689D+00  0.1358239D-01 -0.5389661D-03  0.0000000D+00
  0.3517974D+00  0.1675684D+00  0.6282442D-01  0.0000000D+00
  0.2419252D+00 -0.7382264D+00 -0.1671108D+00  0.0000000D+00
  0.2508020D+01 -0.5647728D+00  0.1136730D+00  0.0000000D+00
 -0.5174724D+01 -0.4968379D-01  0.2151390D+00  0.0000000D+00
 -0.1963839D+01  0.1819273D+00 -0.1434658D+00  0.0000000D+00
  0.8987719D+00 -0.4099183D+00 -0.5522403D+00  0.0000000D+00
  0.2609182D+01 -0.7535939D+00 -0.7955765D+00  0.0000000D+00
 -0.6829567D-01  0.8315725D-02  0.1926411D+00  0.0000000D+00
 -0.2513225D+01  0.3904732D-01 -0.2051087D+00  0.0000000D+00
  0.1746196D+01  0.1493646D-01  0.1096518D+00  0.0000000D+00
 -0.1578751D+01 -0.8985139D-01 -0.6053861D-01  0.0000000D+00
  0.2307601D+01  0.1227834D+00  0.3311074D-01  0.0000000D+00
 -0.7679205D+01 -0.7470352D+00 -0.5002421D-02  0.0000000D+00
 -0.2576389D+01 -0.1400652D+01  0.1396979D+00  0.0000000D+00
 -0.1267527D+01  0.1418672D+00  0.5096181D-02  0.0000000D+00
 -0.1351273D+01  0.1321510D+01  0.1487155D+00  0.0000000D+00
 -0.2728035D+01  0.6910884D+00  0.4173876D+00  0.0000000D+00
 -0.3535733D+01  0.3353628D+00  0.5762402D+00  0.0000000D+00
 -0.2205751D+02 -0.3902873D+01  0.1347722D+01  0.0000000D+00
  0.4281758D+02 -0.4576260D+01 -0.4384437D+01  0.0000000D+00
 -0.2351817D+02 -0.1514202D+01  0.5222763D+00  0.0000000D+00
 -0.8551563D+01  0.2747413D+01 -0.2108674D+00  0.0000000D+00
 -0.1619527D+02 -0.4261364D+00 -0.1084075D+00  0.0000000D+00
 -0.1482248D+02  0.2609001D+00  0.4274661D+00  0.0000000D+00
 -0.1674441D+02  0.1000296D+00 -0.2613910D+00  0.0000000D+00
 -0.1466728D+02  0.9473019D+00  0.2680998D+00  0.0000000D+00
 -0.1353680D+02  0.3919400D+00  0.1040275D+00  0.0000000D+00
 -0.1301149D+02 -0.2988724D+01 -0.2571415D+00  0.0000000D+00
 -0.1269090D+02 -0.4974062D+01 -0.4703129D+00  0.0000000D+00
 -0.5212208D+01  0.5542969D+01  0.8180356D+00  0.0000000D+00
  0.4949231D+02  0.8023504D+01 -0.1477984D+01  0.0000000D+00
 -0.3594166D+02  0.3407227D+01  0.3974105D+00  0.0000000D+00
  0.7540500D+01  0.3800611D+01 -0.5535101D+00  0.0000000D+00
 -0.1260596D+02  0.2685268D+01  0.5135172D-01  0.0000000D+00
 -0.1551147D+01  0.1131929D+01  0.4249046D+00  0.0000000D+00
 -0.6592662D+01 -0.3074466D+00 -0.4933235D+00  0.0000000D+00
 -0.4006617D+01 -0.9691194D+00 -0.3322256D+00  0.0000000D+00
 -0.5305727D+01 -0.2404008D+01 -0.1731378D+00  0.0000000D+00
 -0.3620198D+01  0.2115405D+01 -0.3556280D+00  0.0000000D+00
 -0.2646769D+01  0.4746024D+01 -0.4606000D+00  0.0000000D+00
 -0.9919686D+01  0.1271443D+02 -0.1355090D+01  0.0000000D+00
  0.1180601D+02  0.2977103D+01  0.2654243D+01  0.0000000D+00
 -0.7345144D+01 -0.6876472D+00 -0.1006245D+01  0.0000000D+00
 -0.1436871D+01  0.5716223D+01  0.5943404D+00  0.0000000D+00
 -0.7220192D+01  0.5884101D+01 -0.6889296D+00  0.0000000D+00
 -0.1065818D+01  0.3399632D+01  0.3185211D+00  0.0000000D+00
 -0.2798400D+01  0.3086834D+01 -0.5958990D+00  0.0000000D+00
 -0.2720383D+01  0.1545254D+01 -0.6574647D-01  0.0000000D+00
  0.1106208D+01  0.3576508D+00 -0.4517487D+00  0.0000000D+00
 -0.4263810D+01  0.8431431D+00 -0.4895937D+00  0.0000000D+00
 -0.7365967D+01  0.1113824D+01 -0.5160066D+00  0.0000000D+00
  0.2315166D+00  0.5605426D+00 -0.3075575D+00  0.0000000D+00
 -0.6272116D+01 -0.2214416D+01  0.5109832D+00  0.0000000D+00
  0.1177569D+01 -0.1616148D+01 -0.3600242D+00  0.0000000D+00
 -0.7841870D+00  0.9670759D+00  0.1919177D+00  0.0000000D+00
  0.9164396D+00 -0.4045465D+00 -0.8716558D-01  0.0000000D+00
 -0.1770921D+01 -0.6105587D+00  0.7445603D-02  0.0000000D+00
  0.1176717D+01  0.3365794D+00 -0.1212974D+00  0.0000000D+00
  0.5100892D+01  0.7010301D+00 -0.5076695D+00  0.0000000D+00
 -0.1392612D+01 -0.5913535D+00 -0.2705116D+00  0.0000000D+00
 -0.1100952D+01 -0.5730212D+00 -0.3510060D-01  0.0000000D+00
 -0.1001123D+01 -0.5768279D+00  0.1053269D+00  0.0000000D+00
  0.3784650D+00  0.4861982D+00  0.1094325D+01  0.0000000D+00
 -0.5117216D+01 -0.1690785D+01 -0.2938410D+01  0.0000000D+00
 -0.1582981D+00 -0.1063794D+01  0.3535190D-01  0.0000000D+00
  0.2221812D+00  0.5697838D+00  0.9004782D-01  0.0000000D+00
  0.2957518D+00 -0.3535468D+00 -0.9550070D-01  0.0000000D+00
 -0.3349823D+01 -0.9242915D-01  0.2618027D+00  0.0000000D+00
 -0.5872836D+01 -0.1813053D+01 -0.7999688D-01  0.0000000D+00
  0.2340370D+01 -0.5485351D+00 -0.1147875D+00  0.0000000D+00
  0.3193275D+00  0.1187193D+00 -0.1538138D+00  0.0000000D+00
 -0.3887732D+01  0.5558417D-01 -0.9482529D-01  0.0000000D+00
 -0.6373296D+01  0.2626945D-01 -0.6069259D-01  0.0000000D+00
 -0.1147009D+00 -0.9716594D-01 -0.1361463D+00  0.0000000D+00
 -0.7817595D+00  0.3159267D+00  0.9238222D-01  0.0000000D+00
  0.8355695D+00  0.4716777D+00  0.2946704D+00  0.0000000D+00
 -0.7235438D+00 -0.3986318D+00 -0.1624633D+00  0.0000000D+00
  0.8081942D+00  0.2679722D+00  0.9600909D-01  0.0000000D+00
 -0.1312462D+01  0.1850487D+00 -0.7901199D-02  0.0000000D+00
  0.5175330D+01 -0.5323315D+00 -0.2132242D+00  0.0000000D+00
  0.3298755D+01 -0.9576645D+00 -0.4992272D+00  0.0000000D+00
  0.2431517D+01 -0.8931765D+00 -0.4457680D+00  0.0000000D+00
  0.4130836D+01  0.3315027D+00  0.2088011D+00  0.0000000D+00
  0.5115610D+01  0.1049049D+01  0.5926847D+00  0.0000000D+00
 -0.1831683D-01 -0.8679477D-01 -0.4772107D+00  0.0000000D+00
 -0.1240343D+01  0.8855191D+00  0.1062226D+01  0.0000000D+00
  0.2894768D+00 -0.1016306D+01 -0.2194414D+00  0.0000000D+00
  0.8003792D-01  0.5875794D+00  0.1080248D+00  0.0000000D+00
 -0.7273807D+00 -0.6378210D+00 -0.7015284D-01  0.0000000D+00
  0.2945354D+01  0.1729531D+01  0.1215446D-01  0.0000000D+00
  0.3539537D+01 -0.7838196D+00 -0.1943539D+00  0.0000000D+00
  0.4429493D+01 -0.7236981D+00 -0.3469033D+00  0.0000000D+00
  0.1953419D+01 -0.1055002D+00 -0.2105420D+00  0.0000000D+00
  0.2925689D+01  0.1153963D+01 -0.2624694D+00  0.0000000D+00
  0.3467275D+01  0.1897588D+01 -0.2913851D+00  0.0000000D+00
  0.1508738D-01 -0.1421038D+00  0.2892660D-02  0.0000000D+00
  0.7682365D+00 -0.1346539D+00 -0.1946652D-01  0.0000000D+00
  0.6470530D-01 -0.6296010D-01  0.4966989D-01  0.0000000D+00
 -0.1689322D+00 -0.5742068D-01 -0.1531847D-01  0.0000000D+00
  0.4224617D+00 -0.1013672D+00 -0.8849972D-02  0.0000000D+00
 -0.8041251D+00  0.4757374D+00  0.2957723D-01  0.0000000D+00
  0.2550701D+01  0.3900525D+00  0.5131171D-01  0.0000000D+00
 -0.1318329D+01  0.1546507D+00  0.1442774D+00  0.0000000D+00
  0.2085856D+00  0.1561918D+01  0.1403421D+00  0.0000000D+00
 -0.1102613D+01  0.6157208D+00  0.2013298D+00  0.0000000D+00
 -0.1853305D+01  0.7717309D-01  0.2370776D+00  0.0000000D+00
  0.1021536D+00  0.1071647D+00  0.1016437D+00  0.0000000D+00
  0.1441984D+01  0.3064469D+00 -0.2125451D+00  0.0000000D+00
 -0.6558428D+00 -0.3202406D+00  0.8045944D-01  0.0000000D+00
  0.2063990D+00  0.2172729D+00 -0.5734434D-01  0.0000000D+00
  0.2666473D+00 -0.5479254D-01  0.4844959D-01  0.0000000D+00
 -0.1358841D+01 -0.5857985D+00 -0.9898499D-01  0.0000000D+00
 -0.1141135D+01 -0.1485946D+01 -0.1498676D+00  0.0000000D+00
  0.6702846D+00  0.3441101D+00  0.1361109D+00  0.0000000D+00
  0.5703439D+00 -0.1430585D+00 -0.2701609D+00  0.0000000D+00
  0.6676700D+00  0.4754271D+00  0.5875858D-01  0.0000000D+00
  0.7230485D+00  0.8319979D+00  0.2469657D+00  0.0000000D+00
  0.1702170D+02  0.3008450D+01 -0.1460251D+01  0.0000000D+00
 -0.6827573D+00 -0.2554555D+01 -0.5414996D+01  0.0000000D+00
 -0.8673261D+01  0.1545030D+01  0.2556443D+00  0.0000000D+00
 -0.3033003D+01 -0.5432077D+00 -0.5156527D+00  0.0000000D+00
 -0.9435850D+01  0.1778290D+01 -0.5210553D+00  0.0000000D+00
 -0.9415811D+01  0.3677520D+00 -0.2228976D+00  0.0000000D+00
 -0.1051317D+02  0.1182235D+01 -0.8383475D+00  0.0000000D+00
 -0.8519997D+01  0.6924114D+00 -0.1413112D+00  0.0000000D+00
 -0.6209032D+01 -0.6416770D-01 -0.1281376D+00  0.0000000D+00
 -0.6439061D+01 -0.2470966D+01 -0.8145955D+00  0.0000000D+00
 -0.6547594D+01 -0.3888502D+01 -0.1216512D+01  0.0000000D+00
 -0.7152666D+01  0.1285895D+01 -0.8363258D+00  0.0000000D+00
  0.2034950D+02  0.3231897D+01 -0.2034444D+01  0.0000000D+00
 -0.1541869D+02  0.2159588D+01  0.1720578D+01  0.0000000D+00
  0.6748050D+01  0.2837871D+01 -0.1567374D+01  0.0000000D+00
 -0.5256344D+01  0.2729512D+01 -0.3588058D+00  0.0000000D+00
  0.9632290D-02  0.3355595D+01 -0.3810090D+00  0.0000000D+00
 -0.1735330D+01  0.5494148D+00 -0.8677699D-01  0.0000000D+00
 -0.4085587D+01 -0.1756732D+00 -0.1133351D+00  0.0000000D+00
 -0.3650524D+01  0.8703902D+00 -0.2513547D-01  0.0000000D+00
  0.1809838D+01  0.7262099D+00 -0.5063238D-01  0.0000000D+00
  0.5012917D+01  0.6526142D+00 -0.6461333D-01  0.0000000D+00
  0.3204408D+01  0.4825642D+01  0.2717506D+00  0.0000000D+00
  0.1533878D+02  0.6672547D+01  0.4750685D+01  0.0000000D+00
 -0.6480872D+01  0.1111169D+01 -0.3931777D+00  0.0000000D+00
 -0.3569602D+01  0.4627293D+01  0.5319323D+00  0.0000000D+00
 -0.2332069D+01  0.2792834D+01 -0.6017278D+00  0.0000000D+00
 -0.1829540D+01  0.3468847D+01  0.1941545D+00  0.0000000D+00
 -0.6196982D+00  0.2410198D+00 -0.5962290D+00  0.0000000D+00
 -0.3845201D+01  0.1175953D+01  0.1608231D+00  0.0000000D+00
  0.3942796D+01  0.1595375D+01  0.3968974D+00  0.0000000D+00
  0.5101769D+01  0.3758158D+00  0.1162574D+00  0.0000000D+00
  0.5867244D+01 -0.3339685D+00 -0.4560770D-01  0.0000000D+00
  0.2923699D+00  0.3941014D+00 -0.2457607D+00  0.0000000D+00
 -0.7195212D+01 -0.1713914D+01  0.2314524D+00  0.0000000D+00
  0.9293681D+00 -0.1550211D+01 -0.1862177D+00  0.0000000D+00
 -0.4268889D+00  0.7118780D+00  0.7088086D-01  0.0000000D+00
  0.3835717D+00 -0.6120200D-01  0.6430272D-02  0.0000000D+00
 -0.1028909D+01 -0.1029162D+01 -0.7789365D-01  0.0000000D+00
 -0.1242489D+01 -0.3759131D+00  0.3289741D+00  0.0000000D+00
  0.3627736D+01  0.7015837D+00 -0.6104829D-01  0.0000000D+00
 -0.7928885D+00  0.7508932D+00  0.2443138D-01  0.0000000D+00
 -0.5320513D+01  0.2719460D+00  0.4493539D+00  0.0000000D+00
 -0.8020538D+01 -0.8227296D-02  0.6990635D+00  0.0000000D+00
  0.5531195D+00  0.4084059D+00 -0.1155932D+00  0.0000000D+00
 -0.6188077D+01  0.1297945D+01 -0.2622770D+01  0.0000000D+00
 -0.5516426D+00 -0.2072534D+01  0.4584902D-01  0.0000000D+00
  0.3395158D+00  0.1124855D+01  0.5836651D-01  0.0000000D+00
  0.2626651D+00 -0.7189159D+00 -0.6195936D-01  0.0000000D+00
 -0.3189683D+01 -0.2053545D+00  0.2650662D+00  0.0000000D+00
 -0.5241791D+01 -0.1623341D+01  0.1142162D+00  0.0000000D+00
  0.2513891D+01 -0.5508156D+00  0.9790787D-01  0.0000000D+00
  0.1619337D+01  0.8522285D+00  0.2171501D+00  0.0000000D+00
  0.3352211D+01  0.7515850D-01  0.2681725D+00  0.0000000D+00
  0.4358204D+01 -0.3640826D+00  0.2993776D+00  0.0000000D+00
 -0.1226409D+00 -0.1159961D+00  0.2219583D+00  0.0000000D+00
 -0.7054057D+00  0.3495387D+00 -0.1871134D+00  0.0000000D+00
  0.9259730D+00  0.3183827D+00  0.3118601D+00  0.0000000D+00
 -0.6534498D+00 -0.3277658D+00 -0.2044247D+00  0.0000000D+00
  0.6155082D+00  0.1766925D+00  0.1630574D+00  0.0000000D+00
 -0.7722800D+00 -0.8928256D-01 -0.1887674D+00  0.0000000D+00
  0.2853668D+01  0.3408750D+00  0.2120813D+00  0.0000000D+00
  0.8725823D+00 -0.5602087D+00 -0.5639331D-01  0.0000000D+00
  0.5563331D+00 -0.2889570D+00 -0.1901453D+00  0.0000000D+00
 -0.1364465D+01  0.2258415D+00  0.2391944D+00  0.0000000D+00
 -0.2493699D+01  0.5300085D+00  0.4891319D+00  0.0000000D+00
 -0.5179544D-02 -0.4631584D-01 -0.6700132D-01  0.0000000D+00
 -0.1350916D+01 -0.1846999D+01  0.7877730D+00  0.0000000D+00
  0.3138143D+00  0.8473984D-01 -0.1116892D+00  0.0000000D+00
  0.1735215D+00  0.1022951D-01  0.2103435D-01  0.0000000D+00
 -0.8833116D+00 -0.1875397D+00  0.5577843D-01  0.0000000D+00
  0.3616283D+01  0.9793851D+00 -0.1958431D+00  0.0000000D+00
  0.3601287D+01  0.8560412D+00  0.2634935D+00  0.0000000D+00
  0.3864212D+01  0.7777181D+00  0.9181518D-01  0.0000000D+00
  0.3190880D+01 -0.1939842D+00  0.3102385D-02  0.0000000D+00
  0.3694279D+01  0.6314727D+00 -0.2659920D+00  0.0000000D+00
  0.3981379D+01  0.1104012D+01 -0.4245346D+00  0.0000000D+00
 -0.3460746D-01 -0.5484769D-01 -0.3477815D-01  0.0000000D+00
  0.9364452D+00 -0.7358473D-01  0.1346297D-01  0.0000000D+00
  0.7861770D-01 -0.1491244D+00  0.7674841D-01  0.0000000D+00
 -0.2031643D+00  0.6760632D-01 -0.2628320D-01  0.0000000D+00
  0.4104076D+00 -0.1730782D+00  0.7671883D-02  0.0000000D+00
 -0.2955117D+00  0.5165600D+00  0.5428396D-01  0.0000000D+00
  0.4267895D+01  0.4334955D+00 -0.2475857D-01  0.0000000D+00
 -0.2833649D+01  0.5074463D-01  0.1475252D+00  0.0000000D+00
  0.5111125D+00  0.2866055D+00  0.9897486D-01  0.0000000D+00
  0.2534046D+01 -0.1761349D-01  0.1504587D+00  0.0000000D+00
  0.3755514D+01 -0.1931110D+00  0.1800438D+00  0.0000000D+00
  0.1165683D+00  0.1375813D+00  0.1156147D+00  0.0000000D+00
  0.1620720D+01 -0.2919013D+00 -0.2435590D+00  0.0000000D+00
 -0.8974183D+00  0.4023309D-01  0.1024883D+00  0.0000000D+00
  0.3162212D+00 -0.1463622D+00 -0.6047596D-01  0.0000000D+00
  0.1308487D+00  0.3847887D+00  0.6265747D-01  0.0000000D+00
 -0.1821921D+01 -0.9322082D+00 -0.1548030D+00  0.0000000D+00
 -0.1908740D+01  0.2183382D+00  0.2931965D-01  0.0000000D+00
  0.1983874D+00 -0.2375206D+00  0.7444756D-01  0.0000000D+00
  0.3876482D+00 -0.8150517D+00 -0.2583737D+00  0.0000000D+00
 -0.4746271D-01 -0.3748735D-01 -0.8085777D-01  0.0000000D+00
 -0.3001087D+00  0.4114592D+00  0.1939489D-01  0.0000000D+00
 -0.1000426D+02 -0.1363120D+01 -0.2021694D+01  0.0000000D+00
 -0.3035297D+02  0.1310322D+02  0.4796511D+01  0.0000000D+00
  0.8221026D+01 -0.6021265D+01 -0.2334270D+01  0.0000000D+00
  0.8266287D+01  0.4187087D-01 -0.2528881D-01  0.0000000D+00
  0.5986189D+01 -0.3595971D+01 -0.8158113D+00  0.0000000D+00
  0.4229349D+01 -0.1382659D+01 -0.3594715D+00  0.0000000D+00
  0.4919485D+01 -0.1189201D+01 -0.5043207D+00  0.0000000D+00
  0.6589599D+01 -0.1621105D+01 -0.3971375D+00  0.0000000D+00
  0.6988140D+01 -0.3186959D+00 -0.2516949D+00  0.0000000D+00
  0.2491455D+01 -0.8299310D+00  0.8924806D-02  0.0000000D+00
 -0.1383647D+00 -0.1114815D+01  0.1631834D+00  0.0000000D+00
 -0.1337540D+02 -0.5382160D+01 -0.4339687D+00  0.0000000D+00
 -0.2312720D+02  0.4477543D+01  0.4453834D+01  0.0000000D+00
  0.1574371D+02 -0.7146744D+01 -0.1551203D+01  0.0000000D+00
 -0.4002728D+01  0.2478037D+01 -0.2117349D+00  0.0000000D+00
  0.2424977D+01 -0.2324047D+01 -0.6569398D+00  0.0000000D+00
 -0.1108746D+01  0.9612464D+00 -0.3859257D+00  0.0000000D+00
  0.1155091D+01 -0.9317672D+00 -0.3164319D+00  0.0000000D+00
  0.3012911D+01  0.7773165D+00 -0.4391068D-01  0.0000000D+00
  0.3585947D+01  0.2252887D+01 -0.2710883D+00  0.0000000D+00
  0.2052891D+01  0.1136119D+01  0.1929928D+00  0.0000000D+00
  0.1161480D+01  0.4983045D+00  0.4621917D+00  0.0000000D+00
 -0.7933044D+01  0.3826044D+00 -0.1215281D+01  0.0000000D+00
 -0.6407587D+01 -0.3238231D+01 -0.1384987D+01  0.0000000D+00
  0.4351064D+01 -0.1839347D+01 -0.5860837D+00  0.0000000D+00
 -0.2771866D+01  0.4636370D+00 -0.5590054D+00  0.0000000D+00
  0.3038322D+01  0.2146390D+01 -0.3522535D+00  0.0000000D+00
 -0.9739274D+00  0.2534288D+01 -0.2194211D+00  0.0000000D+00
  0.2578781D+01 -0.2016948D+01 -0.3788778D+00  0.0000000D+00
  0.4084064D+01  0.8819928D+00 -0.4776155D+00  0.0000000D+00
  0.2150822D+01  0.1155839D+01 -0.2461309D+00  0.0000000D+00
 -0.4075146D+00 -0.1865769D+01 -0.4489452D+00  0.0000000D+00
 -0.1927408D+01 -0.3632152D+01 -0.5650491D+00  0.0000000D+00
  0.2784511D+00 -0.1000960D+00  0.3820421D+00  0.0000000D+00
  0.6473715D+01 -0.1258421D+01  0.6330870D+00  0.0000000D+00
 -0.3540869D+01  0.1170743D+01 -0.1046081D+00  0.0000000D+00
  0.2163320D+01 -0.6336778D+00  0.3795437D-01  0.0000000D+00
 -0.1756604D+01  0.4114358D+00 -0.2707667D-01  0.0000000D+00
  0.2795319D+01 -0.2433772D+00  0.2091554D+00  0.0000000D+00
 -0.2404915D+00  0.5889194D+00  0.2589550D+00  0.0000000D+00
 -0.1674617D+01 -0.4470474D-01  0.4437830D+00  0.0000000D+00
 -0.5992093D+00 -0.2214524D+00  0.2652905D+00  0.0000000D+00
  0.3540322D+01 -0.1665968D+00 -0.5626125D-01  0.0000000D+00
  0.5976511D+01 -0.1365914D+00 -0.2465585D+00  0.0000000D+00
  0.4506227D+00 -0.2525204D+00  0.3187447D+00  0.0000000D+00
  0.3206978D+01 -0.2545737D+01  0.1691035D+00  0.0000000D+00
 -0.2893368D+01  0.1185296D+01  0.1398883D+00  0.0000000D+00
  0.1365862D+01 -0.6832602D+00 -0.6233672D-01  0.0000000D+00
 -0.2272397D+00  0.2782243D+00 -0.8429997D-02  0.0000000D+00
 -0.1227098D+01  0.6837145D+00  0.6157488D-01  0.0000000D+00
  0.7737400D+00 -0.1658242D+01  0.6606715D-02  0.0000000D+00
  0.2408272D+00  0.3689531D+00 -0.2099079D+00  0.0000000D+00
 -0.5574971D+00  0.1172116D+01 -0.5327804D+00  0.0000000D+00
  0.1345427D+00 -0.3077153D+00 -0.2547975D+00  0.0000000D+00
  0.5297675D+00 -0.1164985D+01 -0.9562641D-01  0.0000000D+00
 -0.8738380D-01  0.8617918D-02 -0.3423429D+00  0.0000000D+00
  0.1759348D+01 -0.6479099D+00 -0.9683702D-01  0.0000000D+00
  0.5506564D-01  0.3572599D+00 -0.1533589D+00  0.0000000D+00
 -0.3671680D+00 -0.2672315D+00  0.8481406D-01  0.0000000D+00
  0.9830337D+00  0.3247212D+00 -0.2465731D-01  0.0000000D+00
 -0.3333363D+01 -0.4027069D+00 -0.1812039D+00  0.0000000D+00
 -0.3147738D+01  0.1178222D+01 -0.1917561D-01  0.0000000D+00
 -0.7605834D+01  0.2429199D+00 -0.1052897D-01  0.0000000D+00
 -0.1904334D+01 -0.2905182D+00  0.2877735D-01  0.0000000D+00
  0.2051407D+01  0.6380365D-01 -0.4513311D-01  0.0000000D+00
  0.4430764D+01  0.2651341D+00 -0.8799582D-01  0.0000000D+00
  0.3725253D-01  0.1523809D+00  0.1025753D+00  0.0000000D+00
  0.1751125D+01  0.1574524D+01  0.4407136D+00  0.0000000D+00
 -0.5890949D+00 -0.4050405D+00 -0.2349493D+00  0.0000000D+00
  0.2506043D+00  0.1323893D+00  0.1258599D+00  0.0000000D+00
  0.1047787D+00  0.6796888D-01 -0.5913296D-01  0.0000000D+00
 -0.9756438D+00 -0.9182771D+00 -0.3412714D-01  0.0000000D+00
 -0.1856015D+01  0.1952035D+00 -0.2519807D+00  0.0000000D+00
  0.5781845D+00  0.9271847D+00 -0.8482832D-01  0.0000000D+00
  0.2088866D+01  0.3199143D-01 -0.3271630D+00  0.0000000D+00
 -0.8888844D+00 -0.5515884D+00 -0.5602692D-01  0.0000000D+00
 -0.2615976D+01 -0.9028654D+00  0.1000756D+00  0.0000000D+00
 -0.2381427D-01  0.1055322D+00  0.1068245D-01  0.0000000D+00
 -0.7957898D+00  0.6349785D-01 -0.1925628D+00  0.0000000D+00
  0.2346510D+00  0.1541755D+00  0.1292821D+00  0.0000000D+00
  0.8176693D-01 -0.1712965D+00 -0.6853878D-01  0.0000000D+00
 -0.5694043D+00  0.2768253D+00  0.5033047D-01  0.0000000D+00
  0.1848817D+01 -0.5778212D+00 -0.4947820D-01  0.0000000D+00
  0.4759238D+00 -0.2325692D+00  0.1157004D+00  0.0000000D+00
  0.3660450D+01  0.2506631D-01 -0.3259100D+00  0.0000000D+00
  0.1341362D+01 -0.4635368D+00 -0.9939311D-01  0.0000000D+00
 -0.7896535D+00 -0.2313616D+00  0.6726118D-01  0.0000000D+00
 -0.2061829D+01 -0.1011648D+00  0.1673042D+00  0.0000000D+00
  0.1514907D-01 -0.1166555D+00 -0.1657203D+00  0.0000000D+00
 -0.2449543D+01  0.1603548D-01  0.1773328D-01  0.0000000D+00
  0.2706291D+00  0.7100977D-01 -0.2143918D-01  0.0000000D+00
  0.2413854D+00  0.2408886D-01  0.1035455D-01  0.0000000D+00
 -0.9590413D+00 -0.9930387D-01 -0.1653350D-01  0.0000000D+00
  0.3440886D+01  0.5330736D+00  0.6223828D-01  0.0000000D+00
  0.8160627D+00  0.1842575D+01 -0.1017807D+00  0.0000000D+00
  0.5281427D+00 -0.4001249D+00 -0.2722128D+00  0.0000000D+00
  0.7498335D+00 -0.1055384D+01 -0.8031568D-01  0.0000000D+00
 -0.1585512D+01 -0.4926561D+00 -0.1582401D+00  0.0000000D+00
 -0.2950261D+01 -0.1705599D+00 -0.2017623D+00  0.0000000D+00
