  4  2   693 10944  4  4  9 11  7  1    0.00   24.00  100.00  600.00    0.00    6.28   45.00   45.00
  100.0  100.0  100.0  100.0  125.0  150.0  190.0  230.0  275.0  350.0  450.0  600.0  600.0  600.0  600.0
  0.1904920D+05 -0.2970144D+04 -0.2066175D+04  0.0000000D+00
  0.6754091D+04 -0.3374062D+04 -0.5877501D+03  0.0000000D+00
  0.1548252D+05 -0.5091282D+04 -0.1616097D+04  0.0000000D+00
  0.1103055D+05 -0.5162921D+04 -0.3337918D+04  0.0000000D+00
  0.1281800D+05 -0.4252460D+04 -0.2906702D+04  0.0000000D+00
  0.1136788D+05 -0.9759540D+03 -0.2957724D+04  0.0000000D+00
  0.1033390D+05 -0.3539842D+04 -0.2602466D+04  0.0000000D+00
  0.2863003D+04 -0.3685769D+04 -0.3394181D+04  0.0000000D+00
  0.1013019D+05 -0.2451161D+04 -0.2629052D+04  0.0000000D+00
  0.1748149D+05 -0.2550945D+04 -0.1392562D+04  0.0000000D+00
  0.2186726D+05 -0.2595703D+04 -0.6600411D+03  0.0000000D+00
  0.2992025D+04 -0.1053099D+04 -0.7753884D+03  0.0000000D+00
  0.1513702D+04  0.3121402D+03 -0.4164239D+02  0.0000000D+00
 -0.9944590D+02 -0.2343164D+04  0.5786357D+03  0.0000000D+00
  0.2252830D+04 -0.1747091D+04  0.1945771D+04  0.0000000D+00
  0.2705551D+04  0.4040512D+04  0.7563664D+03  0.0000000D+00
  0.6502350D+03 -0.1140057D+04  0.1248332D+04  0.0000000D+00
  0.1965236D+04  0.1157876D+04  0.5010571D+03  0.0000000D+00
  0.2585443D+04  0.9565781D+03  0.1177398D+04  0.0000000D+00
  0.1023319D+05 -0.7779795D+03  0.4402574D+03  0.0000000D+00
  0.7277748D+04 -0.1525182D+04 -0.2402433D+03  0.0000000D+00
  0.5632722D+04 -0.1981794D+04 -0.6469752D+03  0.0000000D+00
  0.9055527D+03  0.6165406D+03 -0.3197140D+03  0.0000000D+00
  0.2494151D+04  0.8863649D+03  0.5257554D+03  0.0000000D+00
 -0.7857358D+04  0.1042563D+04 -0.2214051D+03  0.0000000D+00
 -0.2674714D+04  0.6384811D+03  0.1610038D+03  0.0000000D+00
 -0.4118567D+04  0.9313281D+03  0.5509417D+03  0.0000000D+00
 -0.2487298D+04  0.6853892D+03  0.4496299D+03  0.0000000D+00
 -0.4084779D+04 -0.7490072D+03  0.1012870D+04  0.0000000D+00
 -0.4263123D+03  0.5892967D+03  0.1825215D+03  0.0000000D+00
  0.8756614D+03  0.3588295D+03  0.5640017D+03  0.0000000D+00
 -0.1098337D+04  0.2229240D+02  0.3327979D+03  0.0000000D+00
 -0.2239283D+04 -0.1770867D+03  0.2016918D+03  0.0000000D+00
  0.1178436D+04  0.1614938D+03  0.7024971D+02  0.0000000D+00
 -0.6017945D+03 -0.1751593D+03  0.8740121D+02  0.0000000D+00
  0.2289111D+04  0.4319787D+03  0.7697292D+02  0.0000000D+00
  0.1181117D+04 -0.2645524D+03 -0.8558055D+02  0.0000000D+00
  0.1034426D+04  0.4965101D+03  0.4019358D+02  0.0000000D+00
  0.1277751D+04 -0.2276830D+03 -0.1230647D+03  0.0000000D+00
  0.7683028D+03  0.2108543D+03 -0.6572145D+03  0.0000000D+00
  0.1456680D+04 -0.3258401D+03 -0.4776201D+03  0.0000000D+00
  0.1281558D+04  0.5857863D+02 -0.8979443D+03  0.0000000D+00
  0.4533474D+03  0.2906297D+03 -0.1026313D+04  0.0000000D+00
 -0.3336454D+02  0.4307503D+03 -0.1106319D+04  0.0000000D+00
 -0.3148906D+03  0.3122475D+03  0.2156845D+03  0.0000000D+00
 -0.3932406D+03  0.3009047D+02 -0.2999684D+02  0.0000000D+00
  0.1298871D+04 -0.8711830D+02  0.4751283D+02  0.0000000D+00
  0.2843521D+03 -0.1212750D+03 -0.1026370D+02  0.0000000D+00
  0.3208831D+03  0.7411096D+03  0.1857646D+02  0.0000000D+00
 -0.6664950D+01  0.1294863D+03  0.4432831D+02  0.0000000D+00
  0.8973390D+03 -0.1575338D+03  0.5904469D+03  0.0000000D+00
  0.1889304D+03  0.1475035D+03  0.3620970D+03  0.0000000D+00
 -0.7084412D+03  0.2591230D+03 -0.1670055D+03  0.0000000D+00
 -0.4351495D+03  0.1999344D+03  0.1556308D+03  0.0000000D+00
 -0.2851918D+03  0.1665979D+03  0.3385545D+03  0.0000000D+00
 -0.1343924D+03  0.3002585D+02  0.1841579D+02  0.0000000D+00
  0.1117046D+03  0.1436534D+03  0.1861031D+02  0.0000000D+00
 -0.8648322D+02  0.1213464D+03 -0.2954851D+02  0.0000000D+00
  0.1387901D+03  0.2189975D+02  0.6388263D+02  0.0000000D+00
 -0.2231511D+03  0.4697041D+02 -0.1205117D+03  0.0000000D+00
  0.2309038D+03 -0.7358566D+02  0.2995081D+03  0.0000000D+00
 -0.6773842D+03  0.1884558D+03 -0.2659128D+03  0.0000000D+00
  0.1339619D+03 -0.8314862D+02 -0.3477060D+03  0.0000000D+00
  0.5029009D+03  0.8263740D+02 -0.9232750D+02  0.0000000D+00
  0.1251345D+02  0.1136730D+03  0.9355822D+02  0.0000000D+00
 -0.2701381D+03  0.1337153D+03  0.2053243D+03  0.0000000D+00
 -0.2242711D+02 -0.1134774D+02 -0.1290367D+03  0.0000000D+00
  0.4615772D+02  0.1369203D+03  0.4153574D+02  0.0000000D+00
  0.4066963D+03  0.2745661D+02  0.1642278D+02  0.0000000D+00
 -0.2834003D+01 -0.1272585D+03 -0.4813589D+02  0.0000000D+00
  0.2903160D+03  0.6498187D+02  0.5437795D+02  0.0000000D+00
 -0.1630316D+03  0.1050779D+02 -0.3246268D+02  0.0000000D+00
  0.9294290D+03 -0.1445574D+03  0.2483057D+03  0.0000000D+00
 -0.5940544D+03 -0.1134638D+03  0.9199295D+02  0.0000000D+00
 -0.1889979D+04 -0.4172299D+02 -0.2963199D+02  0.0000000D+00
 -0.6143167D+03 -0.3860577D+02  0.9554281D+02  0.0000000D+00
  0.1180138D+03 -0.3593404D+02  0.1674223D+03  0.0000000D+00
  0.1947374D+03  0.7607739D+01 -0.3510726D+02  0.0000000D+00
 -0.2011708D+02 -0.7254398D+02  0.2593465D+02  0.0000000D+00
  0.3217464D+03  0.1441671D+02 -0.6930363D+01  0.0000000D+00
  0.2622530D+03  0.9179795D+02  0.1535054D+02  0.0000000D+00
  0.1464643D+03  0.3499658D+02 -0.3941128D+02  0.0000000D+00
  0.3334592D+03  0.5212224D+02  0.1021404D+03  0.0000000D+00
 -0.2028555D+03  0.1280748D+03  0.1008984D+02  0.0000000D+00
  0.4194343D+03  0.6301968D+02  0.7466502D+02  0.0000000D+00
 -0.1050147D+02  0.6498979D+01 -0.1262069D+02  0.0000000D+00
 -0.4413402D+03 -0.1140495D+02 -0.1583425D+02  0.0000000D+00
 -0.6983979D+03 -0.2250599D+02 -0.1869112D+02  0.0000000D+00
  0.4872159D+01 -0.5611758D+02  0.2499934D+02  0.0000000D+00
  0.8123773D+02 -0.6609308D+02 -0.1821781D+02  0.0000000D+00
 -0.7861288D+02  0.6830486D+02  0.1077518D+02  0.0000000D+00
 -0.7154523D+01  0.1187967D+03 -0.1862054D+02  0.0000000D+00
 -0.1335022D+02 -0.7506120D+02  0.3949574D+02  0.0000000D+00
  0.1757184D+03 -0.4102904D+02 -0.1379379D+03  0.0000000D+00
 -0.1700439D+02  0.1433601D+03 -0.4932250D+02  0.0000000D+00
 -0.2487718D+03 -0.1366693D+03  0.1235439D+02  0.0000000D+00
  0.1024814D+04 -0.2933456D+02  0.9274416D+02  0.0000000D+00
  0.7943365D+03 -0.9255418D+01  0.7626348D+02  0.0000000D+00
  0.6737819D+03  0.3700978D+01  0.6752628D+02  0.0000000D+00
 -0.1332420D+05  0.3503615D+04 -0.2537290D+04  0.0000000D+00
 -0.1362289D+05  0.1953519D+04 -0.1235073D+03  0.0000000D+00
  0.2945049D+04 -0.1910947D+04  0.1381976D+04  0.0000000D+00
 -0.4307458D+04 -0.3009349D+04  0.1921305D+04  0.0000000D+00
  0.3595905D+03  0.1416801D+04  0.2493426D+03  0.0000000D+00
 -0.2957131D+04  0.5555293D+03  0.4814745D+03  0.0000000D+00
 -0.3394041D+04 -0.6835161D+03  0.8627626D+03  0.0000000D+00
 -0.1443149D+05 -0.1288524D+04  0.1537744D+03  0.0000000D+00
  0.5103688D+04  0.1101533D+04  0.1251928D+03  0.0000000D+00
  0.4076884D+04  0.2618196D+04  0.3160993D+03  0.0000000D+00
  0.3694606D+04  0.3532807D+04  0.4276143D+03  0.0000000D+00
  0.4972219D+03  0.7395448D+02 -0.3536053D+03  0.0000000D+00
 -0.2003640D+04  0.1899317D+04 -0.4629370D+03  0.0000000D+00
  0.5306897D+04 -0.3824729D+04  0.1858008D+04  0.0000000D+00
  0.3947189D+04 -0.2760328D+03  0.1601859D+04  0.0000000D+00
  0.2779833D+04  0.3053165D+04 -0.6953003D+03  0.0000000D+00
  0.4017299D+04  0.1842223D+03  0.4994494D+03  0.0000000D+00
  0.5581395D+03  0.2265901D+04 -0.5135311D+03  0.0000000D+00
  0.3331614D+04 -0.7443259D+03 -0.1568072D+03  0.0000000D+00
  0.3866557D+04  0.7753570D+02  0.3217779D+03  0.0000000D+00
 -0.2242090D+04 -0.1418447D+01 -0.1017792D+03  0.0000000D+00
 -0.5810724D+04 -0.3853935D+02 -0.3445949D+03  0.0000000D+00
  0.5828103D+03 -0.3219060D+03  0.8313570D+03  0.0000000D+00
  0.5610137D+04  0.3506938D+03  0.7723400D+03  0.0000000D+00
  0.4868693D+04  0.5546121D+02 -0.2008711D+03  0.0000000D+00
  0.6060887D+04  0.1382897D+03  0.4001329D+03  0.0000000D+00
  0.4126114D+04 -0.8138517D+03 -0.3681679D+03  0.0000000D+00
  0.6197721D+04  0.5286584D+03 -0.5457662D+03  0.0000000D+00
  0.3226405D+04 -0.8128153D+03 -0.2594722D+03  0.0000000D+00
  0.8694738D+04 -0.1315029D+04 -0.4008241D+03  0.0000000D+00
  0.1514588D+04 -0.9693165D+03  0.3828581D+02  0.0000000D+00
 -0.2989281D+04 -0.1270800D+04  0.2948935D+03  0.0000000D+00
 -0.5705070D+04 -0.1443491D+04  0.4501631D+03  0.0000000D+00
  0.1679861D+03 -0.6813878D+02  0.1750383D+03  0.0000000D+00
  0.6486125D+03 -0.1881003D+03 -0.6283276D+02  0.0000000D+00
 -0.2555740D+04  0.5507221D+03 -0.2890944D+02  0.0000000D+00
 -0.1494021D+04 -0.2273325D+03  0.7638695D+02  0.0000000D+00
 -0.1630630D+04  0.2779028D+03 -0.3398065D+02  0.0000000D+00
 -0.1644149D+04 -0.8446574D+02 -0.7066589D+02  0.0000000D+00
 -0.1439246D+04  0.2469083D+03 -0.5804662D+03  0.0000000D+00
 -0.1975424D+04 -0.4814361D+02 -0.3127212D+03  0.0000000D+00
 -0.4312634D+03  0.2096792D+03  0.8140946D+02  0.0000000D+00
 -0.2612117D+03  0.3056431D+03  0.2388188D+03  0.0000000D+00
 -0.1445491D+03  0.3646471D+03  0.3353776D+03  0.0000000D+00
 -0.4082555D+03 -0.6103548D+01  0.3203786D+03  0.0000000D+00
  0.4276170D+03 -0.2941892D+03 -0.2440311D+02  0.0000000D+00
 -0.6575521D+03 -0.7013156D+03 -0.1090954D+02  0.0000000D+00
 -0.4833237D+03 -0.3827784D+03  0.3085517D+01  0.0000000D+00
 -0.6615775D+02 -0.9765689D+02 -0.4281141D+02  0.0000000D+00
 -0.4697454D+03 -0.1450219D+03  0.8041692D+02  0.0000000D+00
  0.3372928D+03 -0.2796729D+03 -0.2301770D+01  0.0000000D+00
 -0.1502233D+04 -0.5181620D+03  0.5050982D+02  0.0000000D+00
 -0.3513869D+03  0.2658707D+03  0.4091714D+02  0.0000000D+00
  0.1155129D+04  0.1746633D+03 -0.2448132D+03  0.0000000D+00
  0.2049638D+04  0.1300445D+03 -0.4121628D+03  0.0000000D+00
  0.9018702D+02 -0.9159929D+02  0.2664479D+02  0.0000000D+00
 -0.1689036D+03  0.5291730D+02 -0.1200676D+02  0.0000000D+00
  0.4843211D+02  0.2210838D+03  0.1447205D+02  0.0000000D+00
  0.2411769D+01  0.6398505D+01 -0.6021664D+01  0.0000000D+00
 -0.3453145D+01  0.3814039D+02 -0.4677044D+02  0.0000000D+00
  0.1565343D+03 -0.1405427D+03  0.1962091D+03  0.0000000D+00
 -0.3031595D+03 -0.3882971D+01  0.2153770D+03  0.0000000D+00
  0.5198097D+03  0.1074892D+03  0.2310088D+03  0.0000000D+00
  0.6724511D+03  0.3022825D+02 -0.3268079D+02  0.0000000D+00
  0.3504713D+03 -0.9858415D+02  0.1579962D+02  0.0000000D+00
  0.1639701D+03 -0.1748300D+03  0.4129147D+02  0.0000000D+00
  0.2623921D+03  0.1567993D+02 -0.1872127D+03  0.0000000D+00
 -0.3778997D+02  0.5356924D+02  0.4336597D+02  0.0000000D+00
 -0.1470071D+03  0.1594290D+03 -0.5188001D+02  0.0000000D+00
 -0.2483069D+03 -0.1879005D+03  0.9021060D+02  0.0000000D+00
 -0.6650320D+01  0.1816079D+02 -0.1548734D+03  0.0000000D+00
 -0.3543157D+03  0.5040224D+02  0.4224256D+03  0.0000000D+00
  0.1977199D+03 -0.2667101D+03 -0.1638012D+03  0.0000000D+00
 -0.9343326D+03  0.2905896D+02  0.4454260D+03  0.0000000D+00
 -0.1396201D+04  0.1463051D+03  0.4120068D+03  0.0000000D+00
 -0.1012582D+04  0.1131359D+03  0.7483199D+02  0.0000000D+00
 -0.7933793D+03  0.9505062D+02 -0.1229834D+03  0.0000000D+00
 -0.4754970D+02 -0.7408831D+02 -0.4315789D+02  0.0000000D+00
  0.1707081D+03 -0.9165248D+02 -0.2057839D+01  0.0000000D+00
 -0.4977606D+03 -0.1073214D+03  0.4819414D+00  0.0000000D+00
 -0.2831447D+03  0.1135707D+03 -0.1719966D+02  0.0000000D+00
 -0.2891196D+03 -0.1157340D+03  0.5849320D+02  0.0000000D+00
 -0.3484296D+03  0.3743178D+02 -0.8315807D+02  0.0000000D+00
 -0.6943123D+02  0.5150057D+02  0.2917340D+03  0.0000000D+00
 -0.4489976D+03 -0.1381582D+03 -0.5144194D+02  0.0000000D+00
 -0.5930573D+03  0.2508598D+02 -0.1324307D+03  0.0000000D+00
  0.4374958D+03 -0.1399900D+02  0.1079906D+03  0.0000000D+00
  0.1039336D+04 -0.3504835D+02  0.2477928D+03  0.0000000D+00
  0.8957408D+01 -0.5275541D+02  0.3448449D+02  0.0000000D+00
 -0.1119951D+02  0.2910429D+02 -0.2280424D+02  0.0000000D+00
 -0.1777020D+00  0.6441059D+02  0.2733263D+02  0.0000000D+00
 -0.1732140D+02  0.2176061D+03 -0.4500009D+02  0.0000000D+00
 -0.7266740D+02 -0.8847263D+02  0.9456779D+02  0.0000000D+00
 -0.7882208D+02 -0.3063575D+02 -0.3459726D+03  0.0000000D+00
 -0.8924902D+02  0.5064779D+02  0.1680050D+02  0.0000000D+00
 -0.4314601D+03 -0.1942391D+03 -0.4748651D+02  0.0000000D+00
  0.5602487D+03 -0.8433732D+02 -0.1002478D+03  0.0000000D+00
  0.2712389D+02  0.2202633D+02  0.1593273D+03  0.0000000D+00
 -0.2740643D+03  0.8551144D+02  0.3107487D+03  0.0000000D+00
  0.1122348D+05  0.1220015D+04  0.1297191D+04  0.0000000D+00
 -0.1029679D+05  0.2395875D+04  0.1029981D+04  0.0000000D+00
  0.7624429D+03  0.4496831D+03 -0.5995713D+03  0.0000000D+00
 -0.2389298D+04  0.1885062D+04  0.1615443D+04  0.0000000D+00
  0.1775465D+04  0.3116595D+04 -0.1173983D+03  0.0000000D+00
 -0.2086905D+04 -0.1400131D+04  0.4689300D+03  0.0000000D+00
  0.1039256D+05  0.4146108D+04  0.4499467D+03  0.0000000D+00
 -0.1071392D+05 -0.3229541D+03  0.1295629D+04  0.0000000D+00
 -0.7033444D+04 -0.4342797D+03  0.1124665D+04  0.0000000D+00
 -0.1067377D+04  0.5586012D+02  0.9451576D+03  0.0000000D+00
  0.2466805D+04  0.3411778D+03  0.8382617D+03  0.0000000D+00
  0.3900141D+04 -0.9843185D+03 -0.4977894D+03  0.0000000D+00
  0.3331577D+03  0.1653311D+04  0.1004306D+04  0.0000000D+00
  0.9502781D+04 -0.2323904D+04  0.3136891D+03  0.0000000D+00
  0.1939252D+04 -0.1342521D+04  0.7398113D+03  0.0000000D+00
  0.3990171D+04 -0.1894801D+04 -0.1597893D+03  0.0000000D+00
  0.2766271D+03  0.1261161D+04  0.4964978D+03  0.0000000D+00
 -0.3793049D+04 -0.6395902D+04  0.3267629D+03  0.0000000D+00
  0.7646521D+02 -0.1771546D+04  0.7455083D+03  0.0000000D+00
  0.1176218D+04 -0.1684983D+03  0.4596010D+03  0.0000000D+00
  0.1186668D+03 -0.4809772D+03  0.1876712D+03  0.0000000D+00
 -0.4885286D+03 -0.6455964D+03  0.2522009D+02  0.0000000D+00
  0.4990927D+04 -0.1631483D+04  0.3139397D+03  0.0000000D+00
  0.2816283D+04 -0.1918354D+04  0.1074116D+04  0.0000000D+00
  0.4708586D+04 -0.9943411D+03 -0.7207600D+03  0.0000000D+00
  0.2605165D+04 -0.4604867D+03  0.1517794D+04  0.0000000D+00
 -0.1261431D+03 -0.2263681D+04 -0.4558255D+03  0.0000000D+00
  0.3510351D+04  0.2228848D+03  0.4583202D+03  0.0000000D+00
  0.1475462D+04 -0.7143757D+03 -0.1577516D+03  0.0000000D+00
 -0.2070950D+04  0.9556106D+03  0.1177206D+04  0.0000000D+00
  0.4612173D+04 -0.3646671D+03  0.9975267D+03  0.0000000D+00
  0.2562416D+04 -0.9621413D+03  0.2581450D+03  0.0000000D+00
  0.1437161D+04 -0.1326631D+04 -0.1767356D+03  0.0000000D+00
  0.1924142D+04  0.3339506D+03  0.6285972D+02  0.0000000D+00
 -0.5418663D+03 -0.2153404D+03 -0.1919968D+03  0.0000000D+00
 -0.2965654D+04  0.4171164D+03 -0.1512306D+03  0.0000000D+00
 -0.1797475D+04 -0.3725736D+01  0.1068747D+03  0.0000000D+00
 -0.1430952D+04  0.4207833D+02 -0.1044579D+02  0.0000000D+00
 -0.1264851D+04  0.9446619D+02 -0.5730626D+02  0.0000000D+00
 -0.2181286D+04 -0.8261853D+03  0.1737162D+03  0.0000000D+00
  0.5718673D+03 -0.4788304D+03 -0.4477113D+03  0.0000000D+00
 -0.1032877D+04 -0.8278725D+02 -0.3337080D+03  0.0000000D+00
 -0.1049062D+04  0.6392431D+02 -0.3588139D+02  0.0000000D+00
 -0.1076294D+04  0.1542228D+03  0.1396293D+03  0.0000000D+00
  0.4707475D+03  0.1806338D+03 -0.3729390D+01  0.0000000D+00
 -0.5243334D+03  0.1515976D+03 -0.4241684D+02  0.0000000D+00
 -0.1886733D+04 -0.1868944D+03 -0.2171171D+02  0.0000000D+00
 -0.7922141D+03 -0.2802505D+03 -0.5167031D+01  0.0000000D+00
 -0.2512131D+03 -0.6159627D+03  0.2722677D+02  0.0000000D+00
 -0.2655827D+03  0.2045906D+03 -0.3968420D+02  0.0000000D+00
 -0.8928342D+03 -0.7033726D+02 -0.1089222D+02  0.0000000D+00
 -0.1855944D+04  0.5333263D+03  0.2301767D+03  0.0000000D+00
 -0.6692080D+03  0.4539635D+03 -0.7910391D+01  0.0000000D+00
  0.5890108D+03  0.4051620D+03  0.7125537D+02  0.0000000D+00
  0.1338720D+04  0.3756839D+03  0.1148866D+03  0.0000000D+00
  0.3227457D+02  0.6656989D+02 -0.5854089D+01  0.0000000D+00
  0.2353266D+03  0.5831594D+02 -0.2849994D+01  0.0000000D+00
 -0.7401512D+02 -0.3585915D+02 -0.1365964D+02  0.0000000D+00
 -0.6688194D+01 -0.5793957D+00  0.6118958D+02  0.0000000D+00
  0.4045508D+02  0.6192184D+02 -0.3051663D+02  0.0000000D+00
  0.1805124D+03  0.3943584D+02 -0.4271255D+02  0.0000000D+00
 -0.9447995D+02  0.1341438D+03 -0.1635505D+03  0.0000000D+00
  0.1860945D+04 -0.9906893D+02 -0.2181673D+03  0.0000000D+00
  0.5352927D+03  0.1623231D+02  0.3316326D+03  0.0000000D+00
 -0.1718873D+03  0.6618790D+02  0.1779983D+02  0.0000000D+00
 -0.6006404D+03  0.9671671D+02 -0.1597927D+03  0.0000000D+00
 -0.5359553D+03  0.2959414D+02  0.1355545D+01  0.0000000D+00
  0.1571366D+03  0.1900286D+03 -0.3689410D+02  0.0000000D+00
 -0.7633700D+03 -0.5153182D+02 -0.4372679D+02  0.0000000D+00
 -0.1534405D+02 -0.2669932D+02  0.4178511D+02  0.0000000D+00
 -0.3376654D+03  0.7107047D+02 -0.3371295D+02  0.0000000D+00
  0.2727991D+02  0.1323242D+02  0.3825421D+02  0.0000000D+00
 -0.9545457D+03 -0.6845765D+02 -0.3081972D+02  0.0000000D+00
 -0.1145954D+03  0.1633284D+03  0.8152441D+02  0.0000000D+00
  0.5808384D+03 -0.1942830D+03 -0.4288687D+02  0.0000000D+00
  0.3923084D+03 -0.1316542D+03  0.2110211D+03  0.0000000D+00
  0.2896628D+03 -0.9904624D+02  0.3583695D+03  0.0000000D+00
  0.4086692D+03 -0.6197560D+02 -0.1049946D+02  0.0000000D+00
 -0.9931812D+02 -0.1457413D+03 -0.2234919D+02  0.0000000D+00
 -0.4365774D+03  0.6932150D+02 -0.1053325D+02  0.0000000D+00
 -0.3568519D+03 -0.3098039D+02 -0.3062119D+02  0.0000000D+00
 -0.2615319D+03 -0.1230047D+03  0.3252388D+02  0.0000000D+00
 -0.3092164D+03  0.7113274D+02  0.2672812D+02  0.0000000D+00
  0.5229629D+02 -0.2328430D+03  0.4214068D+03  0.0000000D+00
 -0.4190831D+02  0.2649146D+02 -0.3385282D+01  0.0000000D+00
  0.1266463D+04  0.1444256D+03 -0.1307813D+03  0.0000000D+00
  0.1051390D+04  0.9989106D+02 -0.9428762D+02  0.0000000D+00
  0.9400386D+03  0.7513972D+02 -0.7440897D+02  0.0000000D+00
  0.2095561D+01 -0.8300115D+02  0.5881522D+01  0.0000000D+00
  0.4669949D+02 -0.1685893D+03  0.1918329D+02  0.0000000D+00
  0.1388919D+03  0.1160597D+03 -0.3263355D+00  0.0000000D+00
  0.8756591D+02  0.4552037D+02  0.1219545D+02  0.0000000D+00
  0.2116365D+01 -0.8705198D+01 -0.2795293D+02  0.0000000D+00
 -0.2101640D+03  0.5581482D+02  0.5015979D+02  0.0000000D+00
 -0.9179287D+02 -0.2854410D+03 -0.2146155D+03  0.0000000D+00
  0.5528129D+02 -0.4841028D+02 -0.2933634D+02  0.0000000D+00
  0.3638742D+02  0.2375772D+02 -0.2918375D+02  0.0000000D+00
  0.6264696D+02  0.1716592D+02 -0.1168170D+03  0.0000000D+00
  0.7760609D+02  0.1411416D+02 -0.1681133D+03  0.0000000D+00
 -0.2409833D+04  0.2523604D+04 -0.7921531D+03  0.0000000D+00
  0.5004719D+04 -0.4189073D+02  0.5252208D+03  0.0000000D+00
  0.9885567D+04 -0.4863025D+02 -0.1496213D+03  0.0000000D+00
  0.9725364D+04 -0.2634822D+04  0.7871776D+03  0.0000000D+00
  0.1104236D+05  0.3067966D+04  0.2711506D+03  0.0000000D+00
  0.1044759D+05 -0.3072273D+04  0.3999366D+03  0.0000000D+00
  0.1189580D+05  0.1892450D+03  0.5739863D+03  0.0000000D+00
  0.6915860D+04 -0.2412484D+04  0.5196409D+03  0.0000000D+00
  0.9870453D+03  0.1733306D+03  0.2427979D+03  0.0000000D+00
 -0.5886149D+04  0.2877522D+04  0.1038892D+03  0.0000000D+00
 -0.9974795D+04  0.4489073D+04  0.1944971D+02  0.0000000D+00
  0.4107351D+04  0.1867636D+04  0.7601106D+01  0.0000000D+00
  0.4142981D+03  0.1239119D+04  0.9272834D+02  0.0000000D+00
  0.9968969D+04 -0.6382968D+02 -0.3249793D+03  0.0000000D+00
  0.2982846D+04  0.3125219D+04  0.7083869D+03  0.0000000D+00
  0.3553654D+04 -0.1473614D+04  0.1325556D+02  0.0000000D+00
  0.7249088D+04  0.1724047D+04  0.4811574D+03  0.0000000D+00
  0.4791773D+04  0.1695062D+04  0.1948218D+03  0.0000000D+00
 -0.1040805D+04 -0.2033328D+04  0.3961436D+03  0.0000000D+00
 -0.2665266D+04  0.5855326D+03  0.8880777D+02  0.0000000D+00
 -0.3719325D+04  0.2975237D+04  0.1024564D+02  0.0000000D+00
 -0.4354308D+04  0.4403289D+04 -0.3914365D+02  0.0000000D+00
 -0.4057519D+04 -0.3626931D+02  0.2155514D+03  0.0000000D+00
  0.3616884D+04  0.7662322D+03 -0.1009794D+04  0.0000000D+00
  0.1379454D+04 -0.7858421D+03 -0.2516705D+03  0.0000000D+00
  0.4879309D+03  0.6295968D+02  0.3812970D+02  0.0000000D+00
 -0.1766229D+04 -0.1074264D+04  0.7420815D+02  0.0000000D+00
 -0.7862394D+03  0.7642457D+02 -0.1907959D+03  0.0000000D+00
 -0.2575765D+04  0.1429922D+04 -0.6563135D+02  0.0000000D+00
 -0.2828192D+04 -0.1561419D+04  0.4268737D+03  0.0000000D+00
 -0.1604557D+02 -0.1975194D+04  0.2520145D+03  0.0000000D+00
 -0.3291514D+04 -0.1294072D+04 -0.1363399D+03  0.0000000D+00
 -0.5177263D+04 -0.9000027D+03 -0.3657013D+03  0.0000000D+00
 -0.2370814D+04 -0.4058028D+03  0.1319594D+03  0.0000000D+00
 -0.4636597D+02  0.2801460D+03 -0.1682573D+03  0.0000000D+00
 -0.5626125D+03  0.3748968D+02 -0.1359792D+03  0.0000000D+00
 -0.3290892D+03 -0.3170922D+02  0.1216363D+03  0.0000000D+00
  0.6932658D+03 -0.4008523D+03 -0.3523204D+02  0.0000000D+00
 -0.1051154D+03  0.2230322D+03  0.4492287D+01  0.0000000D+00
  0.8948642D+03 -0.1205041D+02 -0.2559966D+03  0.0000000D+00
 -0.1096563D+03  0.2977362D+03 -0.2938642D+03  0.0000000D+00
 -0.2156429D+03 -0.8900210D+02 -0.1413100D+03  0.0000000D+00
  0.4535789D+03 -0.2579051D+03  0.5231050D+01  0.0000000D+00
  0.8438949D+03 -0.3610414D+03  0.9275524D+02  0.0000000D+00
  0.1211090D+03  0.1615480D+03  0.8494019D+02  0.0000000D+00
  0.2178954D+02 -0.1101303D+03 -0.5559997D+02  0.0000000D+00
 -0.1556632D+04  0.6991300D+02 -0.1084051D+02  0.0000000D+00
 -0.4611154D+03  0.3151535D+03 -0.7105065D+01  0.0000000D+00
  0.2686602D+02 -0.5440168D+03  0.8637699D+01  0.0000000D+00
 -0.2225307D+03  0.3540861D+03  0.1046362D+02  0.0000000D+00
 -0.1717511D+03  0.5817732D+03  0.2415971D+03  0.0000000D+00
 -0.1597095D+04  0.1017384D+02  0.1518198D+03  0.0000000D+00
 -0.9215494D+02  0.4146875D+02  0.1969310D+02  0.0000000D+00
  0.1220804D+04  0.2464980D+03  0.1763557D+03  0.0000000D+00
  0.2005873D+04  0.3668581D+03  0.2666534D+03  0.0000000D+00
 -0.1285126D+03 -0.3723195D+02 -0.3034550D+02  0.0000000D+00
 -0.2460315D+03  0.5668654D+02  0.1537569D+02  0.0000000D+00
  0.1319679D+03  0.2436221D+03 -0.5452651D+02  0.0000000D+00
 -0.1892781D+03  0.5913882D+02  0.5498584D+02  0.0000000D+00
  0.2541166D+03  0.9744007D+02 -0.6482906D+02  0.0000000D+00
 -0.2060931D+03 -0.8120997D+02  0.1157060D+03  0.0000000D+00
  0.6872792D+03 -0.1288650D+03 -0.1010381D+03  0.0000000D+00
  0.4183303D+03  0.2467098D+03 -0.1398847D+02  0.0000000D+00
 -0.6474583D+03  0.7265797D+02 -0.1387756D+03  0.0000000D+00
 -0.7643308D+03  0.5803729D+02 -0.9111250D+02  0.0000000D+00
 -0.8448948D+03  0.4753097D+02 -0.6458882D+02  0.0000000D+00
  0.3079843D+03 -0.5492770D+02 -0.3589339D+02  0.0000000D+00
  0.1275691D+02 -0.1682701D+03 -0.3445152D+02  0.0000000D+00
 -0.4593115D+03  0.1521263D+03 -0.2684833D+02  0.0000000D+00
  0.3478174D+02 -0.2292879D+03  0.2859823D+02  0.0000000D+00
 -0.2311867D+02 -0.9032667D+02 -0.4105700D+02  0.0000000D+00
 -0.9270265D+02 -0.8275040D+01  0.4739808D+02  0.0000000D+00
 -0.1569093D+03 -0.2803960D+03 -0.1225047D+02  0.0000000D+00
 -0.6660950D+03  0.9424062D+02  0.3383782D+02  0.0000000D+00
  0.2503921D+03  0.1957652D+02 -0.1564758D+03  0.0000000D+00
  0.8417730D+03 -0.6152758D+02 -0.1882498D+03  0.0000000D+00
  0.1198156D+04 -0.1098021D+03 -0.2089792D+03  0.0000000D+00
 -0.3999799D+03  0.1137211D+03  0.6261106D+01  0.0000000D+00
  0.6779663D+02  0.1578005D+03 -0.2213479D+02  0.0000000D+00
 -0.1789614D+02 -0.6885525D+02  0.2449305D+00  0.0000000D+00
 -0.5836855D+02  0.2082275D+03  0.9615448D+01  0.0000000D+00
  0.1166203D+03 -0.1268877D+03 -0.1917195D+02  0.0000000D+00
 -0.5476923D+02  0.1591578D+03  0.1925582D+02  0.0000000D+00
  0.4541325D+03  0.3333764D+02  0.9340883D+02  0.0000000D+00
  0.2482744D+03 -0.4525042D+02 -0.1426289D+02  0.0000000D+00
  0.1751127D+03 -0.1017796D+02  0.1056028D+03  0.0000000D+00
  0.3552581D+03 -0.4391610D+02 -0.1175163D+03  0.0000000D+00
  0.4599054D+03 -0.6322369D+02 -0.2468430D+03  0.0000000D+00
  0.4061895D+02  0.3571150D+02  0.1156262D+01  0.0000000D+00
 -0.3771966D+02  0.1675666D+03  0.1206907D+02  0.0000000D+00
  0.2428635D+03 -0.4517432D+02  0.1131449D+02  0.0000000D+00
  0.8101914D+02  0.1634100D+03 -0.2750392D+02  0.0000000D+00
  0.1620962D+03 -0.3936468D+01  0.3676494D+02  0.0000000D+00
 -0.2572358D+03  0.2994876D+02 -0.9707873D+02  0.0000000D+00
  0.3115418D+03 -0.2127116D+03 -0.4101778D+02  0.0000000D+00
 -0.2264763D+03 -0.7620425D+02 -0.1500008D+02  0.0000000D+00
 -0.5463045D+03 -0.6233209D+02 -0.1059833D+03  0.0000000D+00
  0.2459989D+03 -0.9888004D+02  0.2511138D+02  0.0000000D+00
  0.7061858D+03 -0.1200868D+03  0.1008433D+03  0.0000000D+00
  0.6042952D+03  0.1716694D+04 -0.7126967D+03  0.0000000D+00
  0.1333799D+04  0.2694579D+04  0.1331483D+04  0.0000000D+00
  0.5655945D+04 -0.2574662D+04 -0.1309075D+03  0.0000000D+00
  0.6385450D+04 -0.1299118D+03  0.5456218D+03  0.0000000D+00
  0.2725309D+04  0.3013074D+00 -0.4601021D+03  0.0000000D+00
  0.8895417D+04  0.6737594D+03  0.5406768D+03  0.0000000D+00
  0.5366069D+04 -0.1532610D+04 -0.4825753D+03  0.0000000D+00
  0.7011854D+04 -0.1155674D+04  0.2815071D+03  0.0000000D+00
  0.1912118D+04 -0.2163807D+03  0.1175873D+03  0.0000000D+00
 -0.5332935D+04  0.1331142D+03 -0.1973291D+03  0.0000000D+00
 -0.9629884D+04  0.3480099D+03 -0.3835399D+03  0.0000000D+00
  0.4218059D+04  0.2725148D+04  0.3425018D+03  0.0000000D+00
 -0.2463680D+04  0.5175720D+04  0.6341789D+03  0.0000000D+00
  0.4152295D+04 -0.5040602D+03  0.4904805D+03  0.0000000D+00
 -0.1135205D+04  0.1627135D+04  0.3238403D+03  0.0000000D+00
  0.4850654D+04  0.7409121D+03  0.2059782D+03  0.0000000D+00
 -0.1008733D+04  0.6350980D+03  0.2985007D+03  0.0000000D+00
  0.1397713D+04  0.1492843D+04 -0.5143681D+02  0.0000000D+00
  0.9199925D+03  0.1860836D+04  0.1297661D+03  0.0000000D+00
  0.1849108D+04  0.2706450D+03  0.1283145D+03  0.0000000D+00
 -0.1922861D+04  0.3421949D+03  0.1920587D+03  0.0000000D+00
 -0.4120877D+04  0.3661278D+03  0.2294174D+03  0.0000000D+00
 -0.3416423D+04  0.1884823D+03 -0.7880892D+03  0.0000000D+00
 -0.2361767D+04 -0.5054162D+03 -0.8070362D+03  0.0000000D+00
 -0.3969911D+04  0.1351228D+04  0.3264682D+02  0.0000000D+00
 -0.4498875D+04  0.1396085D+04  0.4634959D+03  0.0000000D+00
 -0.3008871D+04  0.8018277D+02 -0.5676703D+03  0.0000000D+00
 -0.2855618D+04  0.7278138D+03  0.7052368D+03  0.0000000D+00
 -0.2016457D+04  0.3573656D+03 -0.7620794D+03  0.0000000D+00
 -0.5728802D+04  0.1734030D+04 -0.4512398D+02  0.0000000D+00
 -0.3474568D+04  0.7823430D+03 -0.2094993D+03  0.0000000D+00
 -0.2402459D+04  0.5107789D+03 -0.3178661D+03  0.0000000D+00
 -0.1748850D+04  0.3411776D+03 -0.3831568D+03  0.0000000D+00
 -0.1410850D+04 -0.4680523D+02  0.2046807D+02  0.0000000D+00
  0.7666308D+03 -0.1399832D+03  0.5913782D+02  0.0000000D+00
  0.3025532D+04  0.3970733D+03  0.6202692D+02  0.0000000D+00
  0.2550332D+04  0.3715928D+03 -0.6423975D+02  0.0000000D+00
  0.1903810D+04 -0.6069504D+03  0.2258041D+02  0.0000000D+00
  0.2607037D+04  0.1842137D+03 -0.7919483D+02  0.0000000D+00
  0.1323093D+04  0.2659003D+02 -0.7380176D+02  0.0000000D+00
  0.4151364D+04  0.1359381D+03  0.3611724D+02  0.0000000D+00
  0.1948077D+04  0.9488310D+02  0.7424170D+02  0.0000000D+00
  0.5108916D+03  0.1501448D+02  0.1443163D+02  0.0000000D+00
 -0.3548208D+03 -0.3222531D+02 -0.2010313D+02  0.0000000D+00
  0.5193922D+03  0.3153926D+03  0.1159684D+02  0.0000000D+00
  0.5489259D+03  0.6763944D+03 -0.9428138D+01  0.0000000D+00
  0.7087786D+03 -0.2321341D+03 -0.5629362D+02  0.0000000D+00
  0.8520135D+03 -0.7872907D+02  0.6687232D+02  0.0000000D+00
  0.2978257D+03 -0.3207142D+03 -0.6900696D+02  0.0000000D+00
  0.1006471D+03  0.9587179D+02  0.3303655D+02  0.0000000D+00
  0.9164276D+03  0.2120765D+03 -0.2102660D+03  0.0000000D+00
 -0.9780131D+02  0.1120522D+03 -0.1524233D+02  0.0000000D+00
 -0.1870779D+04  0.6387856D+03 -0.1060555D+03  0.0000000D+00
 -0.9875969D+03  0.5434538D+03 -0.9282366D+01  0.0000000D+00
 -0.4902844D+03  0.4935364D+03  0.4638870D+02  0.0000000D+00
  0.1877686D+03 -0.2153081D+01 -0.1082754D+02  0.0000000D+00
 -0.2574556D+03 -0.1741964D+03  0.7783210D+01  0.0000000D+00
  0.3103763D+02  0.4273400D+02  0.1150645D+01  0.0000000D+00
  0.6010900D+02  0.3097872D+02 -0.1952396D+02  0.0000000D+00
 -0.1814530D+03 -0.6980166D+02 -0.7680592D+01  0.0000000D+00
  0.1288559D+03  0.8213245D+02  0.5257177D+02  0.0000000D+00
 -0.3892751D+03 -0.3755017D+03  0.9394401D+01  0.0000000D+00
  0.7475369D+03  0.7904729D+02  0.1746441D+02  0.0000000D+00
  0.9987144D+02  0.5747627D+02  0.1161141D+03  0.0000000D+00
  0.2191472D+03  0.7696011D+02  0.8118703D+02  0.0000000D+00
  0.2818414D+03  0.8815753D+02  0.6184610D+02  0.0000000D+00
 -0.1559606D+03  0.1693102D+02 -0.3399257D+02  0.0000000D+00
 -0.6501765D+02 -0.1191082D+03  0.1175263D+02  0.0000000D+00
  0.2615482D+03 -0.3888464D+02  0.2449608D+02  0.0000000D+00
  0.2971638D+03  0.1047733D+02 -0.3929019D+02  0.0000000D+00
  0.1297650D+03 -0.1596436D+02  0.1387910D+02  0.0000000D+00
  0.2714362D+03  0.2298790D+02  0.4075497D+02  0.0000000D+00
  0.3163784D+03 -0.6325341D+02  0.1192146D+03  0.0000000D+00
  0.3873371D+03  0.2108158D+03  0.1120061D+03  0.0000000D+00
  0.9563745D+03 -0.1625972D+03  0.1058321D+03  0.0000000D+00
  0.6930594D+03 -0.1724948D+03 -0.2024974D+02  0.0000000D+00
  0.5453165D+03 -0.1824697D+03 -0.9411837D+02  0.0000000D+00
 -0.2214779D+03 -0.6181439D+02 -0.2903738D+02  0.0000000D+00
  0.1013314D+03  0.3907798D+02  0.9696054D+01  0.0000000D+00
  0.5539324D+03  0.7278049D+02  0.1361981D+02  0.0000000D+00
  0.4696221D+03 -0.9035791D+01 -0.1054580D+02  0.0000000D+00
  0.3033090D+03 -0.2967993D+02  0.2640464D+02  0.0000000D+00
  0.5264138D+03  0.6603157D+02 -0.3521442D+02  0.0000000D+00
 -0.1085982D+03 -0.3552552D+02  0.1005785D+03  0.0000000D+00
  0.9085493D+03  0.1069072D+03  0.1693848D+02  0.0000000D+00
  0.8461404D+03  0.2994149D+02 -0.5069864D+02  0.0000000D+00
 -0.3127448D+03 -0.4664351D+02 -0.2386139D+01  0.0000000D+00
 -0.9918409D+03 -0.9232658D+02  0.2512186D+02  0.0000000D+00
  0.6910715D+01 -0.6430724D+02  0.1834635D+02  0.0000000D+00
 -0.6716227D+02 -0.4113514D+02 -0.5197912D+01  0.0000000D+00
 -0.3741870D+02  0.1292068D+03  0.1699813D+02  0.0000000D+00
  0.3181181D+01  0.3691614D+02 -0.9814274D+01  0.0000000D+00
  0.6452065D+02  0.8741190D+02  0.3556455D+02  0.0000000D+00
  0.1664605D+03  0.4227929D+02 -0.7810460D+02  0.0000000D+00
  0.2312173D+02 -0.1812738D+03  0.1849241D+03  0.0000000D+00
  0.4607435D+03  0.1633998D+03 -0.1115632D+03  0.0000000D+00
  0.6287397D+03  0.3249610D+01  0.7348848D+01  0.0000000D+00
  0.6076930D+03 -0.6941180D+02  0.3563365D+02  0.0000000D+00
  0.5974592D+03 -0.1137171D+03  0.5351470D+02  0.0000000D+00
 -0.1894422D+04 -0.1967677D+03  0.1525840D+03  0.0000000D+00
 -0.7926250D+04 -0.1592832D+04  0.4698137D+03  0.0000000D+00
  0.3550898D+04  0.1148421D+04  0.3582656D+03  0.0000000D+00
  0.1470800D+04  0.9086625D+02  0.3270203D+03  0.0000000D+00
 -0.2731531D+03  0.8436680D+03 -0.4117837D+03  0.0000000D+00
  0.3458550D+04  0.1898949D+04  0.3151815D+03  0.0000000D+00
  0.2828649D+04  0.3776451D+04 -0.3626139D+03  0.0000000D+00
 -0.1294200D+03  0.5201229D+02  0.1929958D+02  0.0000000D+00
 -0.1286241D+04  0.1784736D+04 -0.8304244D+02  0.0000000D+00
 -0.2466599D+04  0.2902010D+04 -0.1294858D+03  0.0000000D+00
 -0.3170751D+04  0.3575136D+04 -0.1578454D+03  0.0000000D+00
 -0.1488160D+04  0.8615903D+03  0.1989439D+03  0.0000000D+00
 -0.2395224D+04 -0.8100135D+03  0.6341104D+03  0.0000000D+00
  0.9011821D+03  0.1305621D+04  0.3484523D+03  0.0000000D+00
 -0.3928212D+04  0.6071114D+03  0.1670412D+03  0.0000000D+00
  0.1884827D+04 -0.1115527D+03 -0.2169102D+03  0.0000000D+00
  0.3318320D+03 -0.1427760D+04  0.1166537D+03  0.0000000D+00
  0.4961410D+04 -0.9785742D+03 -0.1558608D+03  0.0000000D+00
 -0.3474324D+04 -0.4352862D+03 -0.1081948D+03  0.0000000D+00
  0.1148557D+03  0.9634280D+03  0.5764245D+02  0.0000000D+00
  0.2353254D+03  0.1004609D+04  0.7647196D+01  0.0000000D+00
  0.3459382D+03  0.1044019D+04 -0.1980164D+02  0.0000000D+00
 -0.6263762D+03  0.2766824D+03 -0.3264045D+01  0.0000000D+00
 -0.5678679D+03  0.7672332D+03 -0.6951312D+02  0.0000000D+00
 -0.3778860D+04 -0.9275760D+03  0.3017998D+03  0.0000000D+00
 -0.4371759D+04 -0.5617723D+03  0.4544967D+03  0.0000000D+00
 -0.2078698D+04  0.4449223D+03 -0.4960831D+03  0.0000000D+00
 -0.3591051D+04 -0.1491623D+04  0.4320214D+03  0.0000000D+00
 -0.3217857D+04  0.3172301D+03 -0.5504209D+03  0.0000000D+00
 -0.3930981D+04 -0.2373515D+03  0.2773051D+03  0.0000000D+00
 -0.7604362D+03 -0.6128983D+03  0.4289769D+02  0.0000000D+00
 -0.1616261D+04 -0.1045582D+04  0.4184875D+02  0.0000000D+00
 -0.2081755D+04 -0.1303196D+04  0.3868912D+02  0.0000000D+00
  0.1320558D+04 -0.1556880D+03 -0.4426828D+01  0.0000000D+00
 -0.3661659D+03  0.3257630D+03  0.7013034D+02  0.0000000D+00
  0.2384535D+04 -0.9593585D+02  0.1251263D+03  0.0000000D+00
  0.1783504D+04 -0.4066712D+03 -0.1292705D+03  0.0000000D+00
  0.1159114D+04 -0.1469560D+02  0.4551970D+02  0.0000000D+00
  0.1460148D+04 -0.1481605D+01 -0.8003755D+02  0.0000000D+00
  0.1248793D+04 -0.2425719D+03  0.3026495D+02  0.0000000D+00
  0.1837115D+04 -0.1366937D+03  0.2553685D+02  0.0000000D+00
  0.2591679D+03 -0.3770874D+03  0.1214177D+03  0.0000000D+00
 -0.3063721D+03 -0.6738114D+03  0.2416189D+02  0.0000000D+00
 -0.6550135D+03 -0.8501218D+03 -0.3174652D+02  0.0000000D+00
  0.3976735D+03 -0.3860594D+03 -0.1593487D+03  0.0000000D+00
 -0.7546832D+03 -0.9740327D+03  0.3726139D+01  0.0000000D+00
  0.1210424D+04  0.2310069D+03 -0.6394726D+02  0.0000000D+00
  0.7930236D+03 -0.2959190D+03  0.6656544D+02  0.0000000D+00
  0.2863164D+03 -0.2469207D+03 -0.4640089D+02  0.0000000D+00
 -0.2907440D+02 -0.1588747D+03  0.5721999D+01  0.0000000D+00
  0.9474191D+03 -0.1234958D+03 -0.7633371D+02  0.0000000D+00
  0.2006765D+03 -0.1841848D+03  0.8507775D+02  0.0000000D+00
 -0.1105061D+04 -0.1763442D+03  0.1584649D+03  0.0000000D+00
 -0.2577835D+03  0.3459836D+02  0.1407381D+02  0.0000000D+00
  0.2237441D+03  0.1580985D+03 -0.6967409D+02  0.0000000D+00
  0.1559698D+03 -0.2031836D+02 -0.7923521D+02  0.0000000D+00
  0.4221887D+03  0.1454414D+03  0.1662069D+02  0.0000000D+00
 -0.1409625D+03  0.1239080D+03 -0.1522757D+02  0.0000000D+00
  0.1249845D+03 -0.4913434D+01  0.1156621D+02  0.0000000D+00
 -0.1684599D+03  0.3817268D+02  0.1271870D+02  0.0000000D+00
 -0.2678250D+02 -0.1069457D+03  0.1214207D+02  0.0000000D+00
  0.8990186D+01  0.2952691D+02  0.1917491D+03  0.0000000D+00
 -0.5375032D+02  0.4092737D+02  0.5066666D+02  0.0000000D+00
 -0.8311284D+03 -0.5311165D+02  0.5555957D+02  0.0000000D+00
 -0.3449461D+03 -0.4963167D+02  0.1242443D+03  0.0000000D+00
 -0.6907808D+02 -0.4867750D+02  0.1645235D+03  0.0000000D+00
 -0.4904643D+03 -0.1018937D+02  0.8191866D+02  0.0000000D+00
  0.1009605D+03  0.1711404D+03  0.2004628D+02  0.0000000D+00
  0.7894035D+02  0.1111514D+03 -0.1362197D+02  0.0000000D+00
  0.3213863D+03 -0.1954936D+03  0.5724464D+01  0.0000000D+00
  0.4828507D+02  0.1885398D+03 -0.2630411D+02  0.0000000D+00
  0.1538882D+03  0.3289329D+02  0.9052414D+02  0.0000000D+00
  0.5081035D+03 -0.1130524D+03 -0.2954650D+02  0.0000000D+00
 -0.2217765D+02 -0.1551288D+03  0.1036234D+03  0.0000000D+00
  0.2294015D+03  0.1033244D+03  0.1263925D+03  0.0000000D+00
  0.1113666D+03  0.1044138D+03  0.4642602D+02  0.0000000D+00
  0.4522774D+02  0.1079390D+03 -0.1384099D+00  0.0000000D+00
  0.2958069D+03  0.5215848D+02  0.4282695D+02  0.0000000D+00
 -0.5320072D+02 -0.9743200D+02  0.1609938D+01  0.0000000D+00
  0.4188229D+03 -0.5553174D+02  0.3809516D+02  0.0000000D+00
  0.3096205D+03  0.4781378D+02 -0.6059802D+02  0.0000000D+00
  0.1647560D+03 -0.1088093D+03  0.7477890D+02  0.0000000D+00
  0.2659048D+03  0.1126643D+02 -0.1490368D+03  0.0000000D+00
 -0.1864919D+03  0.1567771D+03  0.2083437D+03  0.0000000D+00
  0.6220996D+03 -0.6660351D+02 -0.8570996D+02  0.0000000D+00
  0.9822728D+02  0.1128955D+03 -0.2374396D+02  0.0000000D+00
 -0.7663781D+01  0.1242025D+03 -0.8321772D+02  0.0000000D+00
 -0.7557514D+02  0.1328055D+03 -0.1173698D+03  0.0000000D+00
  0.2890868D+02  0.6337722D+02 -0.2179079D+02  0.0000000D+00
  0.5606678D+02  0.2944235D+02 -0.3228581D+01  0.0000000D+00
 -0.1605585D+03 -0.7792132D+02  0.1979727D+02  0.0000000D+00
 -0.9251391D+02  0.8148667D+02 -0.8963685D+01  0.0000000D+00
  0.7651963D+02  0.1745751D+02  0.2199165D+02  0.0000000D+00
  0.1870818D+02  0.2046704D+02 -0.4149965D+02  0.0000000D+00
  0.2846259D+03 -0.1678272D+03  0.5716830D+01  0.0000000D+00
 -0.1297869D+03  0.4217179D+02 -0.2217734D+02  0.0000000D+00
  0.2482968D+03 -0.1257243D+03  0.1452941D+03  0.0000000D+00
 -0.3317695D+03 -0.1450633D+03  0.1296618D+03  0.0000000D+00
 -0.6670602D+03 -0.1582771D+03  0.1223898D+03  0.0000000D+00
  0.4327943D+04  0.9231342D+03 -0.7984230D+03  0.0000000D+00
  0.3276772D+04 -0.4348377D+02  0.8587123D+03  0.0000000D+00
 -0.8312724D+04 -0.4064908D+03 -0.3580069D+03  0.0000000D+00
 -0.4675065D+04 -0.7226394D+03 -0.1282236D+03  0.0000000D+00
 -0.8458539D+04 -0.6348753D+02 -0.2757846D+03  0.0000000D+00
 -0.5105451D+04  0.1327439D+04 -0.4155262D+03  0.0000000D+00
 -0.6930342D+04 -0.2818794D+04 -0.2536978D+03  0.0000000D+00
 -0.4561698D+04  0.3615769D+03 -0.2350639D+03  0.0000000D+00
 -0.2350082D+04 -0.9581014D+02 -0.7387139D+01  0.0000000D+00
 -0.9252293D+03 -0.3102878D+03  0.4719324D+02  0.0000000D+00
 -0.6649966D+02 -0.4405598D+03  0.8166253D+02  0.0000000D+00
  0.7188456D+04 -0.1286126D+04 -0.5010344D+02  0.0000000D+00
 -0.1251645D+04 -0.1694836D+04  0.5903925D+03  0.0000000D+00
 -0.3296611D+04 -0.2339720D+04 -0.4849334D+03  0.0000000D+00
  0.1090259D+04 -0.1254551D+04  0.8315307D+02  0.0000000D+00
 -0.3057182D+03 -0.2200164D+04 -0.4637901D+01  0.0000000D+00
  0.2168453D+04 -0.2034958D+04 -0.6947762D+03  0.0000000D+00
  0.4265975D+04  0.1584279D+04 -0.9273189D+02  0.0000000D+00
 -0.7177120D+03 -0.7828782D+03 -0.3673575D+03  0.0000000D+00
 -0.1586587D+04 -0.1726410D+04 -0.1303007D+03  0.0000000D+00
 -0.1762482D+04 -0.1177282D+04  0.9719039D+02  0.0000000D+00
 -0.1874569D+04 -0.8667001D+03  0.2330086D+03  0.0000000D+00
 -0.4489864D+04 -0.8487357D+03 -0.1424146D+03  0.0000000D+00
  0.8013899D+02 -0.1224078D+04  0.4441096D+03  0.0000000D+00
  0.2301677D+04 -0.7849164D+03  0.5569958D+03  0.0000000D+00
  0.2777557D+04 -0.2282465D+03 -0.1109906D+04  0.0000000D+00
  0.5018229D+04 -0.1805603D+04 -0.6220383D+02  0.0000000D+00
  0.2196037D+04 -0.9829444D+03 -0.5287902D+03  0.0000000D+00
  0.3622677D+04 -0.1892223D+04 -0.4323221D+03  0.0000000D+00
  0.3962107D+04 -0.1594136D+04 -0.3252954D+03  0.0000000D+00
  0.2119432D+04 -0.9604578D+03  0.1909284D+02  0.0000000D+00
  0.3025723D+04 -0.7312451D+02  0.2595173D+03  0.0000000D+00
  0.3535867D+04  0.4533270D+03  0.4041511D+03  0.0000000D+00
 -0.2245090D+04 -0.4341533D+03  0.4185381D+02  0.0000000D+00
 -0.4220632D+02  0.3934275D+03  0.8793802D+02  0.0000000D+00
 -0.1599527D+04  0.1642893D+03  0.1461616D+03  0.0000000D+00
 -0.1211142D+04  0.3697431D+03 -0.1202964D+03  0.0000000D+00
 -0.2018903D+04 -0.4911007D+03  0.6714288D+02  0.0000000D+00
 -0.1762242D+04  0.6578715D+02 -0.8620325D+02  0.0000000D+00
 -0.1493618D+04  0.4437483D+03  0.2228452D+03  0.0000000D+00
 -0.2528152D+04  0.1705105D+03 -0.1113172D+02  0.0000000D+00
 -0.1195137D+04 -0.1439872D+03 -0.5530340D+02  0.0000000D+00
 -0.6722727D+03 -0.2011829D+03 -0.1309241D+03  0.0000000D+00
 -0.3513603D+03 -0.2381902D+03 -0.1757302D+03  0.0000000D+00
  0.2898508D+03 -0.1601437D+03  0.6710726D+02  0.0000000D+00
 -0.4730440D+03  0.3620625D+02  0.2313789D+02  0.0000000D+00
  0.1166112D+04 -0.2182405D+03  0.4097902D+02  0.0000000D+00
 -0.5829129D+02 -0.3104956D+03 -0.3833859D+02  0.0000000D+00
  0.2455390D+02 -0.1941647D+03  0.3756800D+02  0.0000000D+00
 -0.3751603D+03 -0.2707288D+03 -0.2645435D+02  0.0000000D+00
  0.6125958D+03  0.6819037D+01  0.1816903D+02  0.0000000D+00
 -0.1430147D+03 -0.6941159D+03  0.9225404D+02  0.0000000D+00
  0.7261456D+02  0.2877126D+03 -0.2463283D+02  0.0000000D+00
  0.6133250D+03  0.4987940D+03 -0.4861642D+02  0.0000000D+00
  0.9321423D+03  0.6334059D+03 -0.6399401D+02  0.0000000D+00
 -0.6284039D+02  0.2259892D+02 -0.9162869D+01  0.0000000D+00
  0.1753298D+03 -0.1893055D+03  0.1568188D+02  0.0000000D+00
 -0.7361761D+02  0.6454216D+01 -0.4486649D+01  0.0000000D+00
  0.1448989D+03  0.8874921D+01 -0.7861646D+01  0.0000000D+00
 -0.1704402D+03 -0.1273242D+03  0.5744458D+01  0.0000000D+00
  0.1754037D+03  0.4359913D+02  0.6677912D+01  0.0000000D+00
 -0.5252479D+03 -0.3868084D+03  0.2357576D+02  0.0000000D+00
  0.2017460D+03  0.9504933D+01 -0.3689936D+02  0.0000000D+00
  0.2337829D+03  0.6407400D+02 -0.3189618D+02  0.0000000D+00
 -0.1558859D+03 -0.3114858D+01 -0.5850673D+02  0.0000000D+00
 -0.3834828D+03 -0.4180869D+02 -0.7402459D+02  0.0000000D+00
  0.1233783D+03  0.1541966D+02 -0.6577729D+02  0.0000000D+00
  0.1613942D+02 -0.1814420D+03  0.3235188D+02  0.0000000D+00
  0.1678280D+03 -0.1234365D+02  0.1830406D+02  0.0000000D+00
 -0.1712881D+03  0.4768710D+02  0.5933322D+01  0.0000000D+00
 -0.5990235D+02  0.3737997D+02  0.5513802D+00  0.0000000D+00
 -0.1869411D+03 -0.4716094D+02  0.1922707D+02  0.0000000D+00
  0.2232860D+03  0.1459975D+03  0.2186676D+02  0.0000000D+00
  0.2186332D+02 -0.2523093D+02  0.1072722D+03  0.0000000D+00
  0.1315904D+03 -0.1169901D+03  0.6604602D+01  0.0000000D+00
 -0.2521409D+03 -0.6720233D+02 -0.3325760D+02  0.0000000D+00
 -0.4756029D+03 -0.3910461D+02 -0.5775644D+02  0.0000000D+00
 -0.3659132D+03  0.3782485D+02 -0.2357090D+02  0.0000000D+00
 -0.1590510D+02  0.1537869D+03  0.1710194D+01  0.0000000D+00
 -0.4185754D+03  0.1326597D+01  0.2630415D+02  0.0000000D+00
 -0.2339886D+03 -0.4337565D+02 -0.1231034D+02  0.0000000D+00
 -0.3565881D+03 -0.7070154D+01  0.4138581D+02  0.0000000D+00
 -0.3677545D+03 -0.3233543D+02 -0.4267166D+02  0.0000000D+00
 -0.4016977D+03  0.4289269D+02  0.1275184D+03  0.0000000D+00
 -0.6759088D+03  0.2388601D+02 -0.6437594D+02  0.0000000D+00
 -0.6552667D+03 -0.3094528D+02  0.9640501D+01  0.0000000D+00
  0.2711787D+03 -0.3586883D+02  0.1086722D+03  0.0000000D+00
  0.8139014D+03 -0.3936776D+02  0.1674993D+03  0.0000000D+00
  0.9915785D+01  0.1196279D+01  0.1843814D+02  0.0000000D+00
 -0.2500908D+02  0.5864141D+02 -0.7528105D+01  0.0000000D+00
 -0.2047125D+03  0.8158035D+02 -0.7666348D+01  0.0000000D+00
 -0.1948504D+03  0.2095279D+02 -0.1447647D+02  0.0000000D+00
 -0.7645428D+02  0.6467688D+02  0.2154321D+02  0.0000000D+00
 -0.7954075D+02  0.2785441D+01 -0.4237984D+02  0.0000000D+00
  0.1301380D+03 -0.2058909D+02 -0.5352837D+02  0.0000000D+00
 -0.2832136D+03  0.1510841D+03 -0.6575560D+01  0.0000000D+00
 -0.4544878D+03  0.1076909D+03 -0.6102346D+02  0.0000000D+00
 -0.5617240D+03  0.2919025D+02 -0.3136502D+02  0.0000000D+00
 -0.6265097D+03 -0.1725437D+02 -0.1462423D+02  0.0000000D+00
