  2  2   693 10944  4  4  9 11  7  1    0.00   24.00  100.00  600.00    0.00    6.28   45.00   45.00
  100.0  100.0  100.0  100.0  125.0  150.0  190.0  230.0  275.0  350.0  450.0  600.0  600.0  600.0  600.0
  0.9071096D+04 -0.7533316D+04  0.1677637D+03  0.0000000D+00
  0.4133865D+05 -0.4680357D+04  0.2979885D+04  0.0000000D+00
 -0.2836627D+05  0.5673527D+04 -0.4418630D+04  0.0000000D+00
  0.8610250D+05 -0.1825945D+05  0.1291487D+05  0.0000000D+00
  0.8191258D+05  0.1112383D+05  0.6861057D+04  0.0000000D+00
  0.1844829D+05 -0.1867427D+05  0.6717922D+04  0.0000000D+00
  0.8595057D+05  0.4080980D+03  0.6327505D+04  0.0000000D+00
  0.3986591D+05 -0.3337480D+05  0.1393008D+05  0.0000000D+00
  0.1858624D+06 -0.8825144D+05  0.1767031D+05  0.0000000D+00
  0.3976439D+06 -0.8909725D+05  0.1270465D+05  0.0000000D+00
  0.5232737D+06 -0.9020674D+05  0.9838079D+04  0.0000000D+00
 -0.4283916D+04 -0.6685668D+03  0.2320716D+03  0.0000000D+00
  0.8632664D+04  0.3558920D+04 -0.2007264D+04  0.0000000D+00
 -0.5000218D+04 -0.2659484D+04  0.2614266D+04  0.0000000D+00
  0.1415618D+05 -0.1750338D+04 -0.4090981D+04  0.0000000D+00
  0.5688828D+05  0.1423349D+05 -0.4811949D+04  0.0000000D+00
  0.3874163D+04 -0.7734306D+04 -0.4810322D+03  0.0000000D+00
  0.3040328D+05  0.4928658D+04 -0.6021098D+04  0.0000000D+00
  0.2230056D+05 -0.2935196D+05 -0.4830285D+04  0.0000000D+00
  0.7409778D+05 -0.3525515D+04 -0.5222417D+04  0.0000000D+00
  0.1367583D+06  0.2775286D+05 -0.5848792D+04  0.0000000D+00
  0.1740251D+06  0.4635152D+05 -0.6219657D+04  0.0000000D+00
 -0.4184500D+04 -0.8186637D+03  0.9933567D+03  0.0000000D+00
  0.1957719D+05 -0.1328384D+04  0.4455806D+04  0.0000000D+00
 -0.2486092D+05  0.2260930D+04 -0.3643935D+04  0.0000000D+00
  0.4825665D+05  0.1377722D+04  0.8557020D+04  0.0000000D+00
  0.1297463D+05  0.4432885D+04  0.4092981D+04  0.0000000D+00
  0.1941804D+05 -0.6573942D+04  0.4593795D+04  0.0000000D+00
  0.2402475D+05  0.6400541D+04  0.4617410D+04  0.0000000D+00
  0.4162276D+05  0.4161470D+04  0.8288508D+04  0.0000000D+00
  0.1003836D+06  0.2808537D+04  0.1338924D+05  0.0000000D+00
  0.1147896D+06  0.7846640D+04  0.1014588D+05  0.0000000D+00
  0.1238734D+06  0.1078295D+05  0.8302512D+04  0.0000000D+00
  0.3310768D+03 -0.6736141D+01  0.5274578D+01  0.0000000D+00
  0.4774009D+02  0.7699227D+02 -0.8628623D+01  0.0000000D+00
  0.6145114D+03 -0.9926555D+02  0.4520427D+01  0.0000000D+00
 -0.6168010D+03  0.1272260D+03 -0.1346715D+01  0.0000000D+00
  0.1969927D+04 -0.2282690D+03 -0.3730737D+02  0.0000000D+00
 -0.6634311D+03  0.5946868D+03  0.5801800D+03  0.0000000D+00
  0.7838426D+04 -0.1004260D+04  0.9643873D+03  0.0000000D+00
  0.9209436D+04  0.2294479D+04  0.2680830D+04  0.0000000D+00
 -0.1019809D+05  0.4704393D+04  0.6905737D+03  0.0000000D+00
 -0.2273327D+05  0.3966374D+04  0.2519123D+04  0.0000000D+00
 -0.3029078D+05  0.3560644D+04  0.3567817D+04  0.0000000D+00
  0.7005846D+03 -0.1445597D+02  0.2569616D+01  0.0000000D+00
  0.1067992D+03 -0.3310317D+02  0.2232834D+01  0.0000000D+00
  0.9216618D+03  0.5264362D+02  0.3430972D+01  0.0000000D+00
  0.8743407D+02 -0.8055000D+02 -0.3461927D+02  0.0000000D+00
 -0.5227663D+03  0.8051467D+02  0.1436631D+03  0.0000000D+00
 -0.5484151D+03  0.5143361D+02 -0.1713681D+04  0.0000000D+00
  0.3803714D+04 -0.1026086D+04 -0.3251945D+04  0.0000000D+00
  0.9877604D+04  0.5320861D+04 -0.5158380D+03  0.0000000D+00
  0.1623869D+05  0.6073590D+04 -0.2010305D+04  0.0000000D+00
  0.2488200D+05  0.3981609D+04 -0.6075467D+04  0.0000000D+00
  0.3001195D+05  0.2765594D+04 -0.8472833D+04  0.0000000D+00
 -0.4797951D+03  0.4023928D+01  0.1686555D+01  0.0000000D+00
 -0.4511095D+03 -0.1125243D+02 -0.1347643D+02  0.0000000D+00
 -0.7606144D+03  0.1546514D+02  0.1491237D+02  0.0000000D+00
  0.3102525D+03 -0.6860278D+02 -0.1208660D+02  0.0000000D+00
 -0.3677562D+03  0.1909788D+03  0.7472181D+02  0.0000000D+00
  0.5839048D+03 -0.6940953D+03 -0.3851690D+02  0.0000000D+00
  0.4817830D+04  0.1290519D+04  0.4726794D+03  0.0000000D+00
  0.1124997D+05  0.4995363D+03 -0.6817525D+03  0.0000000D+00
  0.1250816D+05 -0.5024175D+03 -0.4064227D+03  0.0000000D+00
  0.6881233D+04  0.2454413D+03 -0.6198506D+03  0.0000000D+00
  0.3600685D+04  0.6713394D+03 -0.7416352D+03  0.0000000D+00
 -0.1046136D+04  0.1264543D+02 -0.2727119D+01  0.0000000D+00
 -0.7055973D+03 -0.2558587D+02  0.5029806D+02  0.0000000D+00
 -0.1859888D+03  0.4596902D+02 -0.9093406D+02  0.0000000D+00
 -0.1629486D+04 -0.4967163D+02  0.1763670D+03  0.0000000D+00
  0.1257147D+04  0.6066704D+02 -0.3772485D+03  0.0000000D+00
 -0.2424176D+04  0.1672589D+03  0.1924597D+04  0.0000000D+00
 -0.9554830D+03  0.4770790D+04  0.8217726D+03  0.0000000D+00
  0.7801444D+03  0.8231719D+04  0.1190104D+04  0.0000000D+00
 -0.1520759D+05  0.4398175D+04 -0.9900651D+02  0.0000000D+00
 -0.2020228D+05  0.1557664D+04  0.1864471D+04  0.0000000D+00
 -0.2330601D+05 -0.1482600D+03  0.2999600D+04  0.0000000D+00
  0.3067074D+03  0.1431081D+02 -0.3810156D+01  0.0000000D+00
 -0.9687465D+02  0.1325552D+02 -0.1041963D+02  0.0000000D+00
  0.1117160D+04 -0.3622138D+02  0.2686509D+02  0.0000000D+00
 -0.8253708D+03  0.8653006D+02 -0.5493622D+02  0.0000000D+00
  0.1066992D+04 -0.2058647D+03  0.1770551D+03  0.0000000D+00
 -0.3182433D+04  0.7532256D+03 -0.9219394D+03  0.0000000D+00
  0.1182396D+04 -0.9119596D+03  0.2252567D+03  0.0000000D+00
 -0.2444705D+04 -0.2512192D+03  0.7600039D+03  0.0000000D+00
  0.1830547D+04  0.1091202D+03  0.8013255D+03  0.0000000D+00
  0.4614088D+04  0.6506054D+01 -0.5252441D+03  0.0000000D+00
  0.6291393D+04 -0.4946455D+02 -0.1301538D+04  0.0000000D+00
  0.5899155D+03  0.3472321D+02  0.7053795D+01  0.0000000D+00
  0.3565955D+03 -0.7813318D+02 -0.4946785D+02  0.0000000D+00
 -0.3860500D+02  0.1425953D+03  0.6787869D+02  0.0000000D+00
  0.8985142D+03 -0.2804044D+03 -0.1164222D+03  0.0000000D+00
 -0.2286235D+03  0.6469282D+03  0.2917548D+03  0.0000000D+00
  0.1845893D+04 -0.2052742D+04 -0.1128594D+04  0.0000000D+00
  0.2421110D+04  0.6035541D+03  0.3975754D+03  0.0000000D+00
  0.9807502D+04  0.2924015D+04 -0.1497864D+03  0.0000000D+00
  0.6368213D+04  0.8564585D+03 -0.5217488D+03  0.0000000D+00
  0.2603923D+04  0.2638256D+03  0.2083383D+03  0.0000000D+00
  0.3619024D+03 -0.1064374D+03  0.6317708D+03  0.0000000D+00
  0.6394180D+03 -0.1846488D+04 -0.6628249D+03  0.0000000D+00
  0.3491002D+05  0.5934001D+04  0.2125222D+04  0.0000000D+00
 -0.3530915D+05 -0.2760598D+04 -0.4560811D+04  0.0000000D+00
  0.7129718D+05  0.3041227D+04  0.8727871D+04  0.0000000D+00
  0.4552202D+05 -0.8517617D+03  0.4621125D+04  0.0000000D+00
  0.2668239D+05 -0.8041603D+04  0.4076331D+04  0.0000000D+00
  0.1571323D+05 -0.5767374D+04  0.2300545D+04  0.0000000D+00
  0.4351722D+05 -0.1596940D+05  0.4935694D+04  0.0000000D+00
  0.8067419D+05 -0.2198927D+04  0.1505639D+04  0.0000000D+00
  0.9559535D+05 -0.8340821D+03 -0.6008716D+03  0.0000000D+00
  0.1047506D+06  0.1181238D+03 -0.1871948D+04  0.0000000D+00
  0.6067140D+03 -0.2734002D+04 -0.9195055D+03  0.0000000D+00
  0.5452928D+02  0.1241252D+05  0.9269329D+01  0.0000000D+00
 -0.4977305D+04 -0.1001314D+05  0.5086088D+03  0.0000000D+00
  0.5427545D+04  0.2030319D+05 -0.2047841D+03  0.0000000D+00
  0.1512503D+05  0.5551857D+04 -0.6086603D+04  0.0000000D+00
  0.1900077D+04 -0.1682647D+04 -0.1962882D+04  0.0000000D+00
 -0.1821217D+05  0.1079168D+04 -0.2755301D+04  0.0000000D+00
 -0.7826234D+03 -0.3072249D+05 -0.1971431D+04  0.0000000D+00
  0.1804049D+05 -0.9971455D+04  0.1349329D+04  0.0000000D+00
  0.2584975D+05 -0.3910734D+04  0.2637032D+04  0.0000000D+00
  0.3063558D+05 -0.1328213D+03  0.3427231D+04  0.0000000D+00
 -0.4647383D+04 -0.4889167D+04  0.1298612D+04  0.0000000D+00
  0.9569544D+04  0.3313857D+04  0.9448760D+03  0.0000000D+00
 -0.2368063D+05 -0.3881399D+04 -0.5252308D+03  0.0000000D+00
  0.3242907D+05  0.6313971D+04  0.2385162D+04  0.0000000D+00
  0.2363549D+04  0.1406514D+04  0.2075489D+04  0.0000000D+00
  0.2209527D+05 -0.6410255D+04  0.2318278D+04  0.0000000D+00
 -0.2673879D+04  0.1054443D+05  0.3336593D+04  0.0000000D+00
  0.7776358D+04 -0.2160293D+03  0.1070520D+04  0.0000000D+00
  0.2602193D+05 -0.4325148D+04 -0.9515401D+03  0.0000000D+00
  0.3774980D+05 -0.1590784D+05  0.5166727D+04  0.0000000D+00
  0.4482115D+05 -0.2273663D+05  0.8726934D+04  0.0000000D+00
 -0.8047677D+02 -0.5179057D+02 -0.1483155D+02  0.0000000D+00
  0.2509184D+03  0.2451142D+03  0.1104744D+03  0.0000000D+00
  0.3416590D+03 -0.4421272D+03 -0.1979719D+03  0.0000000D+00
  0.1294139D+03  0.7933034D+03  0.3443230D+03  0.0000000D+00
 -0.6545236D+03 -0.1288807D+04 -0.7591398D+03  0.0000000D+00
 -0.1707802D+04  0.2155926D+04  0.1984929D+04  0.0000000D+00
 -0.1129747D+04 -0.6866552D+04 -0.3124379D+04  0.0000000D+00
  0.1192198D+04 -0.6463415D+04  0.3386347D+04  0.0000000D+00
  0.5547861D+04 -0.4812691D+04  0.4868441D+04  0.0000000D+00
  0.5632330D+04 -0.4245392D+04  0.3645977D+04  0.0000000D+00
  0.5729353D+04 -0.3893328D+04  0.2947631D+04  0.0000000D+00
 -0.2831742D+03  0.4897661D+02  0.1546940D+02  0.0000000D+00
  0.3128593D+03 -0.2185167D+03 -0.7750039D+02  0.0000000D+00
 -0.1069018D+04  0.3906488D+03  0.1462383D+03  0.0000000D+00
  0.5651020D+03 -0.6816180D+03 -0.2808961D+03  0.0000000D+00
 -0.1713878D+04  0.9745436D+03  0.6566756D+03  0.0000000D+00
 -0.1204503D+04 -0.6009614D+03 -0.3297854D+04  0.0000000D+00
 -0.1541537D+05  0.3821215D+04 -0.1578898D+04  0.0000000D+00
 -0.1719539D+05 -0.7751361D+04 -0.1462961D+03  0.0000000D+00
 -0.1783592D+05 -0.7640466D+04  0.4314322D+02  0.0000000D+00
 -0.1018367D+05 -0.4573701D+04 -0.1857745D+04  0.0000000D+00
 -0.5711018D+04 -0.2778219D+04 -0.2968686D+04  0.0000000D+00
  0.2408869D+03  0.1904428D+02 -0.3365584D+01  0.0000000D+00
 -0.5643185D+03  0.9501507D+02  0.1994626D+02  0.0000000D+00
 -0.3949107D+03 -0.1536165D+03 -0.5628384D+02  0.0000000D+00
  0.5095841D+03  0.2191254D+03  0.1207942D+03  0.0000000D+00
 -0.1696352D+04 -0.2298939D+03 -0.1695058D+02  0.0000000D+00
  0.4133234D+04 -0.1030029D+03  0.2046718D+03  0.0000000D+00
  0.1252271D+04 -0.6465759D+03 -0.3859509D+02  0.0000000D+00
  0.1221220D+05  0.1268215D+04 -0.1513753D+04  0.0000000D+00
  0.1671523D+05 -0.2749171D+03 -0.1647735D+04  0.0000000D+00
  0.1562422D+05 -0.4940956D+03 -0.7904043D+03  0.0000000D+00
  0.1503724D+05 -0.6392393D+03 -0.2903581D+03  0.0000000D+00
  0.3435590D+03 -0.1878146D+02 -0.2060703D+02  0.0000000D+00
 -0.4413711D+03  0.1866036D+01  0.1597240D+03  0.0000000D+00
  0.1006995D+04 -0.4441382D+02 -0.2851270D+03  0.0000000D+00
  0.1969731D+03  0.6854320D+02  0.5025563D+03  0.0000000D+00
 -0.1576787D+04 -0.1696605D+03 -0.1095989D+04  0.0000000D+00
  0.3292289D+04  0.4897318D+02  0.3665151D+04  0.0000000D+00
 -0.2195974D+04  0.2114914D+04 -0.1007579D+04  0.0000000D+00
 -0.1340197D+04 -0.1550194D+04  0.3633603D+04  0.0000000D+00
 -0.1172073D+05 -0.3001872D+04  0.2364912D+04  0.0000000D+00
 -0.2173247D+05 -0.1925819D+04  0.6325337D+02  0.0000000D+00
 -0.2771220D+05 -0.1311412D+04 -0.1298169D+04  0.0000000D+00
 -0.4926368D+03  0.6443620D+01  0.5816964D+01  0.0000000D+00
  0.3454151D+03 -0.1654058D+02 -0.4597693D+02  0.0000000D+00
  0.8662941D+02  0.2587739D+02  0.9057886D+02  0.0000000D+00
 -0.3897005D+03 -0.2473988D+02 -0.1598370D+03  0.0000000D+00
  0.6931872D+03 -0.9390570D+02  0.3185282D+03  0.0000000D+00
 -0.2925773D+04  0.9201099D+03 -0.1351475D+04  0.0000000D+00
  0.3755950D+03 -0.2020164D+02  0.5834757D+03  0.0000000D+00
 -0.1751960D+04  0.2559362D+04  0.5024665D+03  0.0000000D+00
 -0.1931822D+04  0.2082182D+04  0.1464344D+03  0.0000000D+00
  0.3061089D+04 -0.1180650D+03  0.1748133D+04  0.0000000D+00
  0.5983083D+04 -0.1410483D+04  0.2682286D+04  0.0000000D+00
 -0.3059164D+03  0.3310102D+02  0.5426323D+01  0.0000000D+00
  0.3785782D+03 -0.3149017D+02 -0.3643140D+02  0.0000000D+00
 -0.1114366D+04  0.6555633D+02  0.3683093D+02  0.0000000D+00
  0.1002998D+04 -0.1283616D+03 -0.5438417D+02  0.0000000D+00
 -0.6303309D+03  0.3499423D+03  0.3798072D+03  0.0000000D+00
  0.9591611D+03 -0.1424126D+04 -0.1510216D+04  0.0000000D+00
 -0.3594407D+04 -0.1129597D+04 -0.3309499D+03  0.0000000D+00
  0.4322928D+04 -0.5374653D+03 -0.7993871D+03  0.0000000D+00
  0.9791333D+04 -0.1505118D+04 -0.1694117D+04  0.0000000D+00
  0.6141679D+04 -0.1432187D+04 -0.2616829D+03  0.0000000D+00
  0.4066063D+04 -0.1399729D+04  0.5669734D+03  0.0000000D+00
 -0.1985179D+03  0.3169830D+04  0.7872826D+03  0.0000000D+00
  0.3394985D+04 -0.2540197D+04  0.6631443D+03  0.0000000D+00
 -0.1606435D+04  0.4683668D+04 -0.1394219D+04  0.0000000D+00
  0.6723610D+04  0.1490806D+04  0.1485822D+04  0.0000000D+00
  0.5776103D+04  0.3534759D+04 -0.1822976D+04  0.0000000D+00
 -0.4575302D+03  0.2376620D+04  0.7221007D+03  0.0000000D+00
  0.2502224D+04  0.1187739D+04 -0.2196425D+04  0.0000000D+00
  0.3212364D+02  0.2500717D+04  0.6036414D+03  0.0000000D+00
 -0.1483663D+05  0.5331663D+04  0.1627565D+04  0.0000000D+00
 -0.8764945D+04 -0.3122583D+04  0.5720076D+03  0.0000000D+00
 -0.5376412D+04 -0.8041081D+04 -0.3479906D+02  0.0000000D+00
  0.2238761D+04  0.2532487D+04  0.2076126D+04  0.0000000D+00
  0.2175196D+04  0.3219103D+03 -0.9422676D+02  0.0000000D+00
 -0.1285620D+04  0.5533613D+04  0.3891076D+03  0.0000000D+00
  0.1286442D+04 -0.3216984D+04 -0.6255368D+03  0.0000000D+00
  0.8365257D+04  0.1408920D+04  0.5939587D+04  0.0000000D+00
 -0.6225489D+04 -0.1980863D+03 -0.2226954D+04  0.0000000D+00
  0.2566779D+04  0.6083735D+03 -0.2369633D+03  0.0000000D+00
 -0.8592162D+04 -0.1292205D+05 -0.4020511D+04  0.0000000D+00
 -0.9003003D+04 -0.7132308D+04 -0.2240716D+04  0.0000000D+00
  0.2256383D+05 -0.1747966D+04 -0.4855718D+04  0.0000000D+00
  0.4104037D+05  0.1468127D+04 -0.6368162D+04  0.0000000D+00
  0.2356504D+04  0.2520050D+04  0.9696443D+03  0.0000000D+00
  0.2623865D+04  0.1027253D+04  0.1032229D+04  0.0000000D+00
 -0.3232763D+04  0.2392111D+04 -0.1999701D+04  0.0000000D+00
  0.1088903D+05  0.2189018D+04  0.1098328D+04  0.0000000D+00
  0.6738030D+04 -0.5704227D+02 -0.3053883D+04  0.0000000D+00
  0.1861229D+04  0.2010941D+04  0.1739766D+04  0.0000000D+00
  0.1000155D+05 -0.8265037D+02 -0.1577602D+04  0.0000000D+00
 -0.3603526D+04 -0.6516891D+04  0.2225242D+03  0.0000000D+00
 -0.1098567D+05 -0.3960436D+04  0.3867210D+04  0.0000000D+00
  0.9040863D+04 -0.1040328D+05  0.4607123D+04  0.0000000D+00
  0.2068482D+05 -0.1414769D+05  0.5080657D+04  0.0000000D+00
  0.3213621D+03  0.1882743D+02  0.2547814D+01  0.0000000D+00
 -0.1048158D+03 -0.9013627D+02  0.1170745D+02  0.0000000D+00
  0.2105022D+03  0.1696133D+03  0.8909276D-01  0.0000000D+00
 -0.2374120D+03 -0.2564327D+03 -0.1671778D+02  0.0000000D+00
 -0.5341495D+03  0.4297761D+03 -0.1935229D+03  0.0000000D+00
  0.1177282D+04 -0.6242286D+03  0.5118622D+03  0.0000000D+00
 -0.7196968D+04 -0.2466561D+03  0.3370317D+03  0.0000000D+00
  0.7508516D+04 -0.7790811D+04  0.1006957D+04  0.0000000D+00
  0.1357012D+05 -0.2865223D+04  0.1818300D+03  0.0000000D+00
  0.1380600D+05  0.3188848D+03  0.2293759D+04  0.0000000D+00
  0.1401349D+05  0.2237327D+04  0.3521672D+04  0.0000000D+00
 -0.3011616D+02 -0.3009851D+02  0.1794948D+02  0.0000000D+00
 -0.4157320D+03  0.5976948D+02 -0.7305440D+02  0.0000000D+00
  0.4383527D+03 -0.1263128D+03  0.1255374D+03  0.0000000D+00
 -0.1253545D+04  0.2214659D+03 -0.2292963D+03  0.0000000D+00
  0.1907252D+04 -0.4986533D+03  0.4704882D+03  0.0000000D+00
 -0.3617824D+04  0.1370448D+04 -0.1786765D+04  0.0000000D+00
  0.4449283D+04  0.1843897D+04 -0.1515410D+04  0.0000000D+00
 -0.8853708D+04 -0.3757334D+04 -0.3352181D+04  0.0000000D+00
 -0.8492837D+04 -0.1707218D+04 -0.1195202D+04  0.0000000D+00
  0.7699682D+04 -0.6304450D+03 -0.2173801D+04  0.0000000D+00
  0.1718448D+05  0.2321404D+02 -0.2723261D+04  0.0000000D+00
 -0.6297363D+03  0.1567454D+02 -0.6008158D+00  0.0000000D+00
  0.1042688D+04 -0.9499914D+02 -0.1588248D+01  0.0000000D+00
 -0.1702535D+04  0.1680197D+03  0.8081271D+01  0.0000000D+00
  0.1931962D+04 -0.2853695D+03 -0.4604919D+01  0.0000000D+00
 -0.1177053D+04  0.5344510D+03  0.1265413D+03  0.0000000D+00
  0.3249086D+04 -0.1198968D+04  0.1330749D+03  0.0000000D+00
 -0.3184765D+04  0.2969381D+04  0.1347989D+04  0.0000000D+00
  0.7837396D+04 -0.1126579D+04  0.2371645D+03  0.0000000D+00
  0.7953842D+03  0.3008811D+02 -0.4052533D+03  0.0000000D+00
 -0.9137144D+04  0.4636145D+03  0.1842829D+03  0.0000000D+00
 -0.1503034D+05  0.7303900D+03  0.5225519D+03  0.0000000D+00
 -0.6272618D+02  0.6200388D+01 -0.1235454D+02  0.0000000D+00
  0.1003432D+03 -0.1935194D+02  0.7751139D+02  0.0000000D+00
  0.5069527D+03 -0.1873158D+01 -0.1163137D+03  0.0000000D+00
 -0.3215517D+03  0.2272608D+02  0.1925074D+03  0.0000000D+00
  0.9596751D+02  0.2862457D+02 -0.5799890D+03  0.0000000D+00
  0.9015074D+03 -0.4647936D+03  0.1719086D+04  0.0000000D+00
  0.4398226D+04 -0.2219909D+04  0.7455129D+03  0.0000000D+00
  0.6329956D+04  0.7364926D+03  0.1683468D+04  0.0000000D+00
  0.1113736D+05  0.1994272D+04  0.1876413D+04  0.0000000D+00
  0.6905971D+04  0.4585878D+03  0.3109769D+03  0.0000000D+00
  0.4481501D+04 -0.4256339D+03 -0.6035229D+03  0.0000000D+00
  0.1520092D+03 -0.4393120D+01 -0.4844490D+01  0.0000000D+00
 -0.4927268D+03 -0.7021942D+01 -0.3867160D+02  0.0000000D+00
  0.6571738D+03 -0.5495828D+01  0.4532700D+02  0.0000000D+00
 -0.2126972D+03  0.3377858D+01 -0.8094501D+02  0.0000000D+00
 -0.2693013D+03 -0.3166309D+02  0.1972492D+03  0.0000000D+00
 -0.5230528D+03  0.2923991D+03 -0.8853822D+03  0.0000000D+00
 -0.3303658D+04  0.4721776D+02 -0.7870437D+03  0.0000000D+00
  0.3950450D+04 -0.1227629D+04  0.6914192D+03  0.0000000D+00
  0.1175996D+04 -0.1147018D+04  0.5376927D+03  0.0000000D+00
 -0.7547502D+04 -0.9513820D+03 -0.2342266D+03  0.0000000D+00
 -0.1268676D+05 -0.8356123D+03 -0.6879848D+03  0.0000000D+00
  0.6121876D+02  0.5982726D+01  0.1281548D+01  0.0000000D+00
  0.3539653D+03  0.1229330D+02 -0.3542822D+02  0.0000000D+00
 -0.7047518D+03  0.5950337D+01  0.7057679D+02  0.0000000D+00
  0.7826450D+03 -0.2968159D+02 -0.1180020D+03  0.0000000D+00
  0.8203185D+01  0.9233753D+02  0.4173361D+03  0.0000000D+00
 -0.7254925D+03 -0.2182593D+03 -0.9874627D+03  0.0000000D+00
  0.2757831D+04  0.1551059D+04  0.4990630D+03  0.0000000D+00
  0.5347111D+04  0.8881658D+03 -0.5170513D+03  0.0000000D+00
  0.1778487D+04 -0.2422966D+03 -0.3261431D+03  0.0000000D+00
 -0.3945300D+04 -0.9067197D+03  0.6469988D+03  0.0000000D+00
 -0.7336656D+04 -0.1307623D+04  0.1218905D+04  0.0000000D+00
 -0.1672535D+04 -0.2749440D+03 -0.3500049D+03  0.0000000D+00
  0.5829071D+04  0.1861099D+04 -0.8132291D+02  0.0000000D+00
 -0.6258529D+04 -0.1328352D+04  0.1536601D+03  0.0000000D+00
  0.7003400D+04  0.4395247D+04 -0.6743681D+03  0.0000000D+00
 -0.3671829D+04 -0.2823011D+04  0.1778607D+04  0.0000000D+00
  0.8228944D+04 -0.8254294D+03  0.2009786D+03  0.0000000D+00
 -0.1364750D+04 -0.1198043D+04 -0.2704280D+03  0.0000000D+00
  0.3529372D+04 -0.2501832D+04  0.3869991D+03  0.0000000D+00
  0.5806884D+04  0.2466580D+04  0.5875681D+03  0.0000000D+00
  0.9740546D+04  0.2276486D+04  0.2266030D+03  0.0000000D+00
  0.1206976D+05  0.2219325D+04  0.1744469D+02  0.0000000D+00
  0.1746598D+04 -0.1038832D+04 -0.8195809D+03  0.0000000D+00
 -0.6296149D+03  0.5422476D+04  0.8615858D+03  0.0000000D+00
 -0.1367197D+04 -0.6997172D+04 -0.8222137D+03  0.0000000D+00
 -0.1798338D+04  0.1461247D+05  0.8649204D+03  0.0000000D+00
 -0.1353191D+05 -0.3432008D+04 -0.3296524D+04  0.0000000D+00
 -0.2017377D+04  0.2210679D+04 -0.7475437D+03  0.0000000D+00
 -0.7081440D+04 -0.4967798D+03 -0.5420812D+02  0.0000000D+00
 -0.1300009D+05 -0.7311925D+04  0.1082106D+04  0.0000000D+00
 -0.1411710D+05 -0.2373001D+04  0.8194134D+03  0.0000000D+00
 -0.1598487D+03  0.3758425D+04  0.1706957D+04  0.0000000D+00
  0.7999560D+04  0.7402244D+04  0.2223556D+04  0.0000000D+00
 -0.1279400D+04 -0.3441469D+03  0.1543419D+03  0.0000000D+00
 -0.1168520D+04 -0.2416275D+03 -0.1016816D+04  0.0000000D+00
 -0.1753093D+04 -0.1057862D+04  0.1004068D+04  0.0000000D+00
 -0.1933677D+04  0.2415299D+04 -0.1226891D+04  0.0000000D+00
 -0.9001616D+03 -0.4418124D+04 -0.4143768D+03  0.0000000D+00
  0.4856178D+04  0.1591737D+03  0.5416593D+03  0.0000000D+00
 -0.7406971D+03 -0.1989639D+04 -0.5282779D+03  0.0000000D+00
 -0.3766002D+04 -0.8227958D+03  0.9926229D+02  0.0000000D+00
 -0.5819125D+04 -0.8749064D+03  0.6205646D+03  0.0000000D+00
  0.1411039D+04 -0.1329748D+04  0.1484330D+04  0.0000000D+00
  0.5621854D+04 -0.1597545D+04  0.1996030D+04  0.0000000D+00
 -0.8021617D+01 -0.8388947D+00  0.5045931D+01  0.0000000D+00
  0.2720878D+03 -0.3560810D+01 -0.3227519D+00  0.0000000D+00
 -0.6076710D+02  0.4623379D+02  0.1374622D+02  0.0000000D+00
 -0.1151796D+03 -0.1225932D+03 -0.1815775D+02  0.0000000D+00
  0.7584402D+03  0.2480277D+03 -0.9257361D+02  0.0000000D+00
 -0.1360185D+04 -0.4563065D+03  0.2924944D+03  0.0000000D+00
  0.1871012D+04  0.5955006D+03 -0.3216834D+03  0.0000000D+00
 -0.4115629D+04 -0.2230331D+04  0.1956119D+03  0.0000000D+00
 -0.3889944D+04 -0.1543529D+04  0.2658807D+02  0.0000000D+00
  0.3644531D+04 -0.5484297D+02  0.2635832D+03  0.0000000D+00
  0.8058761D+04  0.8240469D+03  0.4004074D+03  0.0000000D+00
  0.1264874D+03 -0.1509327D+02 -0.4620617D+01  0.0000000D+00
  0.1359182D+03  0.6599426D+02  0.1014489D+02  0.0000000D+00
  0.5407496D+03 -0.1340802D+03 -0.1697973D+02  0.0000000D+00
 -0.4950297D+03  0.1908194D+03  0.1440580D+02  0.0000000D+00
  0.7724952D+03 -0.5079363D+03 -0.4978625D+02  0.0000000D+00
 -0.3503760D+04  0.1910386D+04 -0.4517282D+03  0.0000000D+00
 -0.1967717D+03 -0.1537699D+03 -0.8343445D+01  0.0000000D+00
 -0.9453271D+04  0.2012412D+04  0.1082391D+04  0.0000000D+00
 -0.7892516D+04  0.2047243D+03  0.1180901D+04  0.0000000D+00
  0.2374626D+04  0.1134503D+04  0.6653251D+03  0.0000000D+00
  0.8402550D+04  0.1658665D+04  0.3643733D+03  0.0000000D+00
  0.2334058D+03  0.3061003D+02  0.3478314D+01  0.0000000D+00
 -0.6862636D+03 -0.2375697D+02 -0.7748959D+01  0.0000000D+00
  0.4341286D+03  0.2239312D+02  0.8005636D+01  0.0000000D+00
 -0.3064518D+03 -0.6068097D+01  0.3338646D+01  0.0000000D+00
 -0.4215164D+03  0.1097987D+03  0.1219010D+03  0.0000000D+00
  0.1598438D+04 -0.8025613D+03 -0.1477635D+03  0.0000000D+00
  0.6281950D+03  0.8817647D+03 -0.2385366D+02  0.0000000D+00
  0.5471273D+04 -0.2717597D+03  0.1463088D+03  0.0000000D+00
  0.6114774D+04  0.9140926D+03  0.4910273D+03  0.0000000D+00
  0.3919799D+03  0.4787130D+03  0.2991903D+03  0.0000000D+00
 -0.2951774D+04  0.2371360D+03  0.1907408D+03  0.0000000D+00
 -0.8376915D+02 -0.1380223D+02  0.4195512D+01  0.0000000D+00
 -0.8378326D+03  0.3557840D+02  0.8997118D+01  0.0000000D+00
  0.3113887D+03 -0.4977650D+02 -0.1138901D+01  0.0000000D+00
 -0.4589448D+03  0.3391251D+02  0.8933328D+01  0.0000000D+00
  0.6865949D+03 -0.1479571D+02 -0.1033493D+03  0.0000000D+00
  0.9123360D+03 -0.6536286D+03  0.5014105D+03  0.0000000D+00
  0.3631836D+04 -0.7203725D+03 -0.5372738D+03  0.0000000D+00
 -0.8224929D+03 -0.9985047D+03 -0.2881096D+03  0.0000000D+00
 -0.2019582D+04 -0.2356651D+03 -0.4373079D+03  0.0000000D+00
  0.4338960D+04 -0.4812356D+03  0.1072360D+03  0.0000000D+00
  0.8048308D+04 -0.6166712D+03  0.4243481D+03  0.0000000D+00
 -0.2107555D+03  0.1342985D+02 -0.1624810D+01  0.0000000D+00
  0.4041773D+03 -0.2665530D+02  0.6315849D+01  0.0000000D+00
 -0.9469099D+02  0.4662007D+02 -0.2461007D+02  0.0000000D+00
 -0.2453998D+03 -0.9122164D+02  0.4018167D+02  0.0000000D+00
  0.7905531D+03  0.5637822D+02 -0.4525693D+02  0.0000000D+00
 -0.2867420D+04  0.5984225D+03 -0.7611623D+02  0.0000000D+00
  0.1594681D+04  0.2203138D+03  0.3470773D+03  0.0000000D+00
 -0.4491807D+04 -0.3418458D+03  0.1330451D+03  0.0000000D+00
 -0.5744659D+04  0.1134227D+03  0.2920951D+03  0.0000000D+00
 -0.4415809D+04 -0.4068908D+02  0.2233214D+03  0.0000000D+00
 -0.3652795D+04 -0.1256342D+03  0.1848805D+03  0.0000000D+00
  0.2912393D+02  0.2084340D+02  0.8659410D+00  0.0000000D+00
  0.3536238D+03  0.1646036D+02  0.5563505D+01  0.0000000D+00
 -0.2808644D+03 -0.2104916D+02 -0.2580863D+02  0.0000000D+00
 -0.1767951D+03  0.7903350D+02  0.4496090D+02  0.0000000D+00
 -0.1350156D+03 -0.1059356D+03  0.6118898D+02  0.0000000D+00
 -0.3540660D+03  0.9176530D+02 -0.1709870D+03  0.0000000D+00
 -0.2047022D+04 -0.6844335D+03  0.4832794D+02  0.0000000D+00
  0.2993527D+04  0.2528566D+03  0.2518729D+03  0.0000000D+00
  0.2554194D+04 -0.6763115D+03  0.4682484D+03  0.0000000D+00
  0.3518601D+04 -0.8818698D+03  0.3740750D+03  0.0000000D+00
  0.4078522D+04 -0.1012403D+04  0.3213763D+03  0.0000000D+00
 -0.2962910D+04  0.9368202D+03 -0.2560179D+03  0.0000000D+00
  0.1694502D+04 -0.4610556D+03  0.9569945D+03  0.0000000D+00
 -0.1164530D+04  0.3401616D+03 -0.2027847D+04  0.0000000D+00
  0.4885189D+04  0.6753693D+03  0.3543603D+04  0.0000000D+00
 -0.9198804D+04  0.4158681D+03 -0.1987353D+04  0.0000000D+00
  0.3337761D+04  0.1082075D+03  0.1556170D+04  0.0000000D+00
 -0.5222498D+03  0.1517864D+04 -0.2343501D+03  0.0000000D+00
  0.7207198D+04 -0.2370637D+04  0.1905375D+04  0.0000000D+00
 -0.2613315D+04  0.3476735D+03  0.1276521D+04  0.0000000D+00
 -0.1387591D+05  0.9584065D+04 -0.6311054D+03  0.0000000D+00
 -0.2058264D+05  0.1502272D+05 -0.1754895D+04  0.0000000D+00
 -0.8590317D+03  0.2757894D+04  0.3367254D+03  0.0000000D+00
  0.5345138D+04  0.1741115D+04 -0.4525323D+03  0.0000000D+00
 -0.1247675D+04  0.1344131D+04  0.2871360D+03  0.0000000D+00
  0.3336312D+04 -0.4300150D+04  0.6011578D+03  0.0000000D+00
 -0.6800123D+04  0.1052815D+04  0.3001884D+04  0.0000000D+00
 -0.3600887D+03 -0.6646431D+02 -0.9806865D+03  0.0000000D+00
 -0.8021614D+03 -0.1003998D+04 -0.7712322D+02  0.0000000D+00
 -0.3055719D+04 -0.3769364D+04 -0.1664414D+03  0.0000000D+00
 -0.4381754D+04 -0.4277741D+03 -0.7552764D+03  0.0000000D+00
 -0.6909021D+04  0.7224881D+04 -0.6110329D+03  0.0000000D+00
 -0.8406751D+04  0.1174231D+05 -0.5330272D+03  0.0000000D+00
  0.1904221D+04  0.1119014D+04  0.1541451D+03  0.0000000D+00
  0.6364299D+03  0.1291892D+04  0.4544146D+03  0.0000000D+00
 -0.1821421D+04 -0.1297445D+04 -0.1102717D+04  0.0000000D+00
  0.9018626D+04  0.1869717D+04  0.1693196D+04  0.0000000D+00
  0.2958386D+04 -0.2684025D+04 -0.2225800D+04  0.0000000D+00
 -0.1215697D+04  0.1433486D+04  0.9646037D+03  0.0000000D+00
 -0.9264406D+03 -0.2493865D+04  0.1637944D+03  0.0000000D+00
  0.1697468D+04 -0.6418050D+03  0.2496975D+03  0.0000000D+00
 -0.1026574D+04 -0.1428353D+04  0.1214619D+03  0.0000000D+00
 -0.7219021D+04 -0.1651086D+04  0.1478175D+03  0.0000000D+00
 -0.1087693D+05 -0.1788749D+04  0.1619569D+03  0.0000000D+00
  0.8489564D+02  0.1781821D+02 -0.1103344D+01  0.0000000D+00
 -0.3628722D+03 -0.6489650D+02  0.4442564D+02  0.0000000D+00
  0.1753782D+02  0.1589217D+03 -0.7488955D+02  0.0000000D+00
 -0.1309612D+03 -0.2832838D+03  0.1371968D+03  0.0000000D+00
  0.5500487D+03  0.5222228D+03 -0.3831902D+03  0.0000000D+00
 -0.5035321D+03 -0.8985067D+03  0.1002133D+04  0.0000000D+00
  0.2063910D+04  0.1011866D+04 -0.5912996D+03  0.0000000D+00
 -0.2046583D+03 -0.1231608D+04  0.1266133D+04  0.0000000D+00
  0.4643024D+04 -0.7404654D+03  0.8845962D+03  0.0000000D+00
  0.3169466D+04 -0.2665291D+03  0.7839575D+03  0.0000000D+00
  0.2360498D+04  0.1580020D+02  0.7210080D+03  0.0000000D+00
 -0.2535630D+03  0.6891393D+00  0.1232938D+02  0.0000000D+00
  0.1635641D+02  0.3867734D+02 -0.5837817D+02  0.0000000D+00
  0.1068888D+03 -0.9330798D+02  0.1059301D+03  0.0000000D+00
 -0.1027154D+04  0.1541240D+03 -0.1960777D+03  0.0000000D+00
  0.1815748D+04 -0.3496534D+03  0.4622193D+03  0.0000000D+00
 -0.1499514D+04  0.7598784D+03 -0.1390536D+04  0.0000000D+00
  0.2169446D+04 -0.4366403D+03 -0.1868611D+03  0.0000000D+00
 -0.4682320D+04 -0.1179542D+04 -0.1775979D+03  0.0000000D+00
 -0.4766843D+04  0.2217740D+04 -0.7822551D+01  0.0000000D+00
 -0.4446190D+04  0.1840027D+04 -0.1048113D+04  0.0000000D+00
 -0.4261335D+04  0.1656315D+04 -0.1655750D+04  0.0000000D+00
 -0.3338557D+02  0.3844421D+01 -0.2829934D+01  0.0000000D+00
 -0.1805803D+03  0.1387457D+02  0.9339714D+01  0.0000000D+00
  0.2584687D+03 -0.2898681D+02 -0.1061152D+02  0.0000000D+00
  0.1414827D+03  0.6722232D+02  0.1492178D+02  0.0000000D+00
  0.9655768D+03 -0.7017146D+02 -0.2703125D+02  0.0000000D+00
 -0.1172384D+04  0.2646140D+02  0.1614159D+03  0.0000000D+00
  0.1873682D+04  0.1699951D+02  0.3898983D+03  0.0000000D+00
  0.5696549D+04 -0.3598967D+03 -0.2107900D+03  0.0000000D+00
  0.2765630D+04 -0.1033841D+04 -0.5238444D+02  0.0000000D+00
 -0.4400717D+04 -0.6659623D+03  0.9133719D+02  0.0000000D+00
 -0.8629496D+04 -0.4587622D+03  0.1773851D+03  0.0000000D+00
 -0.1328520D+02 -0.7288246D+01 -0.3552720D+01  0.0000000D+00
  0.5650240D+02 -0.2312045D+02  0.5085499D+02  0.0000000D+00
  0.3654397D+02  0.5944249D+02 -0.8853139D+02  0.0000000D+00
 -0.4446068D+02 -0.1249161D+03  0.1572182D+03  0.0000000D+00
  0.4448418D+03  0.1777580D+03 -0.4558923D+03  0.0000000D+00
 -0.1012610D+03 -0.2315014D+03  0.1178441D+04  0.0000000D+00
  0.5490663D+03  0.4895115D+03  0.1170279D+03  0.0000000D+00
 -0.3911216D+04 -0.2232491D+03  0.9984475D+03  0.0000000D+00
  0.3974638D+04  0.2145323D+03  0.4266455D+03  0.0000000D+00
  0.5728770D+04  0.1752560D+03 -0.9132646D+02  0.0000000D+00
  0.6843594D+04  0.1570662D+03 -0.4007970D+03  0.0000000D+00
 -0.3992607D+02 -0.1328132D+02  0.3126708D+01  0.0000000D+00
  0.7680794D+03  0.1584556D+02 -0.4310845D+02  0.0000000D+00
 -0.6259571D+03 -0.5686442D+02  0.5966972D+02  0.0000000D+00
  0.2677665D+03  0.1295550D+03 -0.1152016D+03  0.0000000D+00
 -0.4451883D+03 -0.2462510D+03  0.3194167D+03  0.0000000D+00
 -0.2661693D+03  0.6236892D+03 -0.9067140D+03  0.0000000D+00
  0.3512465D+03 -0.9810393D+03  0.8241098D+02  0.0000000D+00
  0.1194260D+04  0.6108411D+03  0.3995995D+02  0.0000000D+00
  0.1269866D+04 -0.6824211D+03 -0.2123415D+02  0.0000000D+00
 -0.1994605D+04 -0.9295710D+03  0.4471945D+03  0.0000000D+00
 -0.3906063D+04 -0.1088643D+04  0.7209776D+03  0.0000000D+00
  0.2658728D+03 -0.1633969D+01  0.2557710D+01  0.0000000D+00
 -0.4963364D+03 -0.2322823D+02 -0.2706752D+02  0.0000000D+00
  0.1254981D+03  0.2836478D+02  0.5517720D+02  0.0000000D+00
  0.2974453D+03 -0.4451886D+02 -0.8493975D+02  0.0000000D+00
  0.8634236D+02  0.1356069D+03  0.2688336D+03  0.0000000D+00
 -0.2632988D+03 -0.5277205D+03 -0.5727785D+03  0.0000000D+00
  0.2680247D+04  0.4478602D+03  0.1507430D+03  0.0000000D+00
  0.6411819D+03 -0.4989219D+03 -0.2576537D+03  0.0000000D+00
  0.3975765D+04 -0.6677144D+02 -0.1616835D+03  0.0000000D+00
  0.2883038D+04  0.5936305D+02 -0.9389734D+02  0.0000000D+00
  0.2279654D+04  0.1378281D+03 -0.5324742D+02  0.0000000D+00
 -0.2409919D+04 -0.1854405D+04 -0.3308972D+02  0.0000000D+00
  0.1496476D+03  0.2837893D+04 -0.5976411D+03  0.0000000D+00
  0.5521951D+03 -0.3568272D+04  0.1104790D+04  0.0000000D+00
 -0.4159791D+04  0.3538000D+04 -0.2795611D+04  0.0000000D+00
 -0.4133652D+03  0.5899584D+03  0.1858977D+04  0.0000000D+00
  0.4565973D+03 -0.4106708D+03 -0.1078401D+04  0.0000000D+00
  0.1722910D+03  0.1270963D+04  0.5403744D+03  0.0000000D+00
  0.2564598D+04 -0.3907507D+04 -0.8919778D+03  0.0000000D+00
  0.7791769D+03 -0.1627533D+04 -0.1143130D+04  0.0000000D+00
 -0.3112300D+04  0.5488392D+04 -0.3221184D+03  0.0000000D+00
 -0.5411059D+04  0.9680713D+04  0.1558499D+03  0.0000000D+00
 -0.9960903D+03 -0.7452532D+02 -0.3612406D+03  0.0000000D+00
 -0.1064229D+04  0.1956883D+04  0.4225451D+03  0.0000000D+00
  0.4520027D+04 -0.3790325D+04 -0.3374512D+03  0.0000000D+00
 -0.1131942D+05  0.5121325D+04 -0.3212042D+03  0.0000000D+00
  0.3876617D+03 -0.3050977D+03 -0.1134732D+04  0.0000000D+00
 -0.4843218D+04  0.3607284D+03  0.3041680D+03  0.0000000D+00
  0.1685234D+04  0.3376658D+04  0.5368543D+03  0.0000000D+00
 -0.7540582D+04 -0.3261170D+04  0.8365424D+03  0.0000000D+00
 -0.9642065D+04  0.2075072D+03  0.3827344D+03  0.0000000D+00
 -0.4403554D+04  0.4919076D+04 -0.1505501D+04  0.0000000D+00
 -0.1361595D+04  0.7715788D+04 -0.2616279D+04  0.0000000D+00
  0.5584888D+03  0.5843896D+03  0.1431436D+03  0.0000000D+00
  0.2113407D+04  0.1849587D+03 -0.3163246D+03  0.0000000D+00
 -0.3565747D+03 -0.5397176D+03  0.4188242D+03  0.0000000D+00
  0.2865734D+04 -0.4248231D+03 -0.8695177D+03  0.0000000D+00
  0.4212608D+04  0.1022430D+04  0.5123337D+03  0.0000000D+00
 -0.3349586D+02  0.1208850D+04 -0.7749091D+03  0.0000000D+00
  0.4849985D+03 -0.1218122D+03  0.1414210D+03  0.0000000D+00
 -0.8535695D+03  0.4046657D+03 -0.4887180D+03  0.0000000D+00
 -0.1591233D+04  0.2360936D+04 -0.1424489D+04  0.0000000D+00
 -0.4327136D+04  0.6280673D+04 -0.6412091D+03  0.0000000D+00
 -0.5937764D+04  0.8598322D+04 -0.1928940D+03  0.0000000D+00
  0.3142648D+03  0.1746197D+02 -0.1162156D+00  0.0000000D+00
 -0.2769125D+03 -0.9575025D+02 -0.6491048D+01  0.0000000D+00
  0.5281198D+02  0.1534914D+03  0.2594314D+02  0.0000000D+00
 -0.2760214D+03 -0.2781570D+03 -0.3583123D+02  0.0000000D+00
 -0.1367387D+03  0.5349152D+03  0.6297642D+02  0.0000000D+00
  0.3872740D+03 -0.9827733D+03 -0.2285867D+03  0.0000000D+00
  0.2155502D+04  0.2111308D+04 -0.3327353D+00  0.0000000D+00
  0.2909823D+04 -0.7780903D+03  0.7411188D+02  0.0000000D+00
 -0.1913736D+04  0.2134398D+03  0.1974571D+03  0.0000000D+00
 -0.1100652D+04  0.3798607D+03 -0.7722026D+03  0.0000000D+00
 -0.6776521D+03  0.4877680D+03 -0.1338513D+04  0.0000000D+00
 -0.2262096D+03 -0.2720948D+02 -0.5383696D+01  0.0000000D+00
 -0.3647507D+03  0.9555503D+02  0.4456577D+02  0.0000000D+00
  0.4359981D+03 -0.1560730D+03 -0.8315254D+02  0.0000000D+00
 -0.7692795D+03  0.2770438D+03  0.1529652D+03  0.0000000D+00
  0.1376285D+04 -0.5102212D+03 -0.2116728D+03  0.0000000D+00
 -0.2867222D+04  0.1222231D+04  0.4132801D+03  0.0000000D+00
  0.1769018D+04 -0.1395293D+04  0.6522643D+03  0.0000000D+00
 -0.6918850D+04  0.5648516D+03 -0.1099808D+03  0.0000000D+00
 -0.4665404D+04  0.2521199D+04 -0.2918060D+03  0.0000000D+00
  0.2761018D+04  0.1072441D+04 -0.2423054D+03  0.0000000D+00
  0.7133126D+04  0.2457352D+03 -0.2152677D+03  0.0000000D+00
 -0.2343225D+03  0.2557734D+02 -0.1271031D+01  0.0000000D+00
  0.2211050D+03 -0.6598283D+01 -0.1293739D+02  0.0000000D+00
 -0.9394639D+02  0.2969641D+02  0.2276842D+02  0.0000000D+00
  0.2969297D+03 -0.6605483D+02 -0.4922182D+02  0.0000000D+00
 -0.1939452D+03  0.1078065D+03  0.7093312D+02  0.0000000D+00
 -0.9745432D+02 -0.4038173D+03 -0.8568115D+02  0.0000000D+00
  0.1773580D+03  0.3785302D+03 -0.4150596D+03  0.0000000D+00
  0.2276495D+04 -0.7532076D+03  0.1788654D+03  0.0000000D+00
  0.6906724D+03  0.8641934D+03 -0.2519431D+03  0.0000000D+00
 -0.2460399D+04  0.1023732D+04 -0.4413266D+03  0.0000000D+00
 -0.4323551D+04  0.1134757D+04 -0.5570888D+03  0.0000000D+00
  0.2826286D+03  0.1172613D+02  0.6304499D+01  0.0000000D+00
 -0.1041534D+03 -0.3238095D+02 -0.1903784D+02  0.0000000D+00
 -0.2324923D+03  0.6030224D+02  0.4783557D+02  0.0000000D+00
  0.3147530D+03 -0.1148726D+03 -0.5857584D+02  0.0000000D+00
  0.5336899D+03  0.2058059D+03  0.1493383D+03  0.0000000D+00
  0.1029695D+04 -0.5026754D+03 -0.4169543D+03  0.0000000D+00
  0.9584323D+03  0.4468821D+03 -0.3717906D+03  0.0000000D+00
  0.3877032D+03 -0.5974453D+03  0.1965358D+03  0.0000000D+00
  0.7682008D+02 -0.2959768D+03 -0.1099955D+03  0.0000000D+00
  0.2028832D+04  0.5375732D+03 -0.4800011D+03  0.0000000D+00
  0.3169016D+04  0.1028556D+04 -0.7000766D+03  0.0000000D+00
 -0.6806814D+02  0.1329464D+02 -0.1575604D+01  0.0000000D+00
 -0.3506493D+03 -0.1156851D+02 -0.1917239D+01  0.0000000D+00
  0.1335776D+03  0.3330174D+02 -0.3772222D+01  0.0000000D+00
 -0.3417924D+03 -0.5077159D+02  0.5472923D+01  0.0000000D+00
 -0.2341179D+03 -0.3459051D+02 -0.8924882D+02  0.0000000D+00
 -0.7791779D+03  0.4351762D+03  0.2958443D+03  0.0000000D+00
 -0.6364522D+03  0.1775636D+03  0.2449823D+03  0.0000000D+00
 -0.1154771D+04 -0.1242256D+04 -0.1873836D+03  0.0000000D+00
 -0.2931917D+04  0.4291117D+03 -0.1771797D+02  0.0000000D+00
 -0.1611343D+04  0.4667582D+03  0.2198533D+03  0.0000000D+00
 -0.8583642D+03  0.5070739D+03  0.3608176D+03  0.0000000D+00
 -0.4752444D+02  0.1615549D+02 -0.4376371D+01  0.0000000D+00
  0.1878990D+03 -0.4722366D+02  0.4589482D+01  0.0000000D+00
  0.3447304D+03  0.4764839D+02 -0.2907258D+01  0.0000000D+00
 -0.8550072D+03 -0.1016867D+03 -0.1386284D+02  0.0000000D+00
  0.2623758D+03  0.1948025D+03 -0.1046663D+02  0.0000000D+00
 -0.1135528D+03 -0.4017898D+03  0.1668553D+03  0.0000000D+00
 -0.1051843D+03  0.8029271D+03  0.1019438D+03  0.0000000D+00
  0.2551268D+03 -0.5238659D+03  0.1268885D+03  0.0000000D+00
 -0.8644600D+03 -0.7066462D+03 -0.3392170D+03  0.0000000D+00
 -0.2099467D+04  0.1234422D+03 -0.1420427D+03  0.0000000D+00
 -0.2835249D+04  0.6068970D+03 -0.3180861D+02  0.0000000D+00
 -0.9416950D+03  0.8675400D+02 -0.2542963D+03  0.0000000D+00
  0.1610555D+04  0.1870476D+03  0.2697528D+03  0.0000000D+00
 -0.2047459D+04  0.1665811D+03 -0.4515966D+03  0.0000000D+00
  0.3451068D+04 -0.1047892D+04  0.8011311D+03  0.0000000D+00
  0.1510540D+04  0.2588294D+03 -0.7709246D+03  0.0000000D+00
  0.1407098D+04 -0.1395739D+04  0.2102588D+02  0.0000000D+00
 -0.3394541D+03  0.6207834D+03  0.3219824D+03  0.0000000D+00
  0.7325549D+04 -0.1937105D+04  0.1091390D+03  0.0000000D+00
  0.8027406D+04 -0.6292142D+03  0.4737055D+02  0.0000000D+00
 -0.2431277D+04  0.2460877D+04 -0.2644678D+03  0.0000000D+00
 -0.8547499D+04  0.4285114D+04 -0.4477098D+03  0.0000000D+00
 -0.3885756D+03  0.2660950D+03 -0.9935200D+02  0.0000000D+00
  0.1877396D+04  0.1959188D+04  0.5391256D+03  0.0000000D+00
 -0.7803269D+03 -0.1349459D+03 -0.3438756D+03  0.0000000D+00
 -0.1984805D+04 -0.2018041D+04  0.1134777D+04  0.0000000D+00
 -0.9297688D+03  0.1907454D+04  0.2819974D+03  0.0000000D+00
 -0.2570538D+04 -0.2236741D+04 -0.3231363D+03  0.0000000D+00
 -0.1341580D+04  0.1401820D+04  0.3374155D+03  0.0000000D+00
 -0.4528253D+04 -0.4116848D+03 -0.1199548D+03  0.0000000D+00
 -0.1690148D+04  0.1972836D+03  0.2979895D+03  0.0000000D+00
 -0.4550959D+04  0.1782908D+04  0.3107358D+03  0.0000000D+00
 -0.6195590D+04  0.2718910D+04  0.3227013D+03  0.0000000D+00
 -0.5226999D+03 -0.2462029D+03  0.2740404D+03  0.0000000D+00
  0.2861497D+04  0.8385454D+03 -0.2522126D+03  0.0000000D+00
 -0.3826240D+04 -0.1201284D+04  0.2451162D+03  0.0000000D+00
  0.4430382D+04  0.5299483D+03 -0.6634151D+03  0.0000000D+00
  0.4776560D+04  0.1215983D+04 -0.9148440D+02  0.0000000D+00
 -0.2957179D+04 -0.1104990D+04  0.5998741D+01  0.0000000D+00
  0.9260537D+02  0.2182762D+04 -0.4304958D+02  0.0000000D+00
  0.2852833D+04 -0.1475529D+04 -0.5018712D+03  0.0000000D+00
  0.7945288D+04 -0.1557022D+04 -0.4333266D+03  0.0000000D+00
  0.1208591D+04  0.2398096D+04 -0.2276344D+03  0.0000000D+00
 -0.2679409D+04  0.4713343D+04 -0.1065894D+03  0.0000000D+00
 -0.7252837D+02 -0.7776848D+01  0.6792312D+01  0.0000000D+00
 -0.3833742D+03 -0.3508941D+02  0.2789529D+02  0.0000000D+00
  0.3812466D+03  0.8000184D+02 -0.6557282D+02  0.0000000D+00
 -0.1474368D+03 -0.1821122D+03  0.1130556D+03  0.0000000D+00
  0.5590422D+02  0.3286610D+03 -0.1299945D+03  0.0000000D+00
 -0.1544382D+03 -0.7549096D+03  0.2921592D+03  0.0000000D+00
  0.1035529D+04  0.1179356D+04 -0.5498587D+03  0.0000000D+00
  0.1398950D+03  0.4143861D+03  0.9430131D+03  0.0000000D+00
 -0.3306587D+03 -0.4704018D+03  0.4298644D+03  0.0000000D+00
 -0.3073296D+04 -0.3846889D+03 -0.4574935D+03  0.0000000D+00
 -0.4685057D+04 -0.3439356D+03 -0.9825384D+03  0.0000000D+00
  0.3483322D+03  0.1212079D+02  0.5720607D+01  0.0000000D+00
 -0.2056290D+03  0.2275961D+02 -0.2590151D+02  0.0000000D+00
  0.1704774D+02 -0.4958172D+02  0.4247693D+02  0.0000000D+00
  0.4477391D+03  0.7526939D+02 -0.7627440D+02  0.0000000D+00
  0.5293633D+02 -0.1008417D+03  0.1902219D+03  0.0000000D+00
  0.2773432D+03  0.1348806D+03 -0.3678526D+03  0.0000000D+00
 -0.1443036D+04 -0.7483671D+03  0.1409943D+03  0.0000000D+00
 -0.2149152D+04 -0.5020077D+03 -0.1088549D+03  0.0000000D+00
  0.1626017D+03 -0.3326772D+03 -0.1508430D+03  0.0000000D+00
 -0.2808216D+04  0.5459268D+03 -0.7864813D+03  0.0000000D+00
 -0.4522658D+04  0.1062513D+04 -0.1159218D+04  0.0000000D+00
  0.1147570D+03  0.8619956D+01 -0.2614010D+01  0.0000000D+00
 -0.3040909D+02 -0.2421579D+02  0.9392576D+01  0.0000000D+00
 -0.2666949D+02  0.2330095D+02 -0.1170809D+01  0.0000000D+00
 -0.5281229D+03 -0.3424256D+02  0.1118181D+02  0.0000000D+00
  0.2943005D+03 -0.2188126D+02 -0.7145546D+02  0.0000000D+00
 -0.7439263D+03  0.2039157D+03  0.4424821D+01  0.0000000D+00
  0.5236496D+03 -0.2740470D+03 -0.8875096D+02  0.0000000D+00
  0.3768844D+04 -0.2356908D+02  0.5065171D+01  0.0000000D+00
  0.3041984D+03  0.1199378D+03  0.3372934D+02  0.0000000D+00
 -0.1066000D+04  0.8299847D+03  0.3397106D+03  0.0000000D+00
 -0.1906800D+04  0.1247315D+04  0.5190810D+03  0.0000000D+00
 -0.5056120D+03 -0.1039022D+02  0.5550463D+01  0.0000000D+00
  0.2296382D+03  0.4410695D+02  0.1883478D+02  0.0000000D+00
 -0.1317795D+03 -0.1190913D+03 -0.5328761D+02  0.0000000D+00
 -0.2759972D+03  0.1941735D+03  0.9429436D+02  0.0000000D+00
 -0.6123378D+03 -0.3668243D+03 -0.1600124D+03  0.0000000D+00
  0.8745946D+03  0.8411591D+03  0.2669817D+03  0.0000000D+00
 -0.1475065D+04 -0.1177797D+04  0.2827024D+02  0.0000000D+00
  0.1240043D+04  0.2472325D+04  0.5670660D+03  0.0000000D+00
 -0.6373431D+02  0.9616570D+03  0.4470565D+03  0.0000000D+00
 -0.3143597D+04 -0.3357836D+03 -0.3144742D+03  0.0000000D+00
 -0.4961228D+04 -0.1111615D+04 -0.7616665D+03  0.0000000D+00
 -0.8748596D+02  0.1487445D+02  0.8050023D+00  0.0000000D+00
  0.4469792D+03 -0.3168542D+02 -0.1778635D+02  0.0000000D+00
 -0.1802775D+03  0.5845172D+02  0.4447365D+02  0.0000000D+00
  0.6426018D+03 -0.1228338D+03 -0.8812802D+02  0.0000000D+00
  0.7993381D+03  0.1986435D+03  0.1419267D+03  0.0000000D+00
 -0.7417216D+03 -0.3927593D+03 -0.1405763D+03  0.0000000D+00
  0.1634171D+04  0.1141143D+04  0.2954052D+03  0.0000000D+00
 -0.2494018D+04 -0.1319542D+03 -0.1600900D+03  0.0000000D+00
  0.1521014D+03 -0.6984458D+02  0.9693029D+02  0.0000000D+00
  0.1462130D+04  0.5470649D+03  0.7527253D+03  0.0000000D+00
  0.2258249D+04  0.9086919D+03  0.1139484D+04  0.0000000D+00
  0.2562094D+03 -0.2382139D+02 -0.4423778D+00  0.0000000D+00
  0.2032695D+03  0.3100209D+02 -0.6350707D+01  0.0000000D+00
 -0.2896352D+02 -0.2735142D+02  0.3206708D+02  0.0000000D+00
  0.2148868D+03  0.6514314D+02 -0.5251373D+02  0.0000000D+00
 -0.7540832D+02 -0.1105164D+03  0.2689692D+02  0.0000000D+00
  0.5043005D+02  0.8412107D+01 -0.3302468D+02  0.0000000D+00
 -0.6279764D+03 -0.8420001D+03 -0.3000871D+03  0.0000000D+00
 -0.2814603D+03 -0.6758541D+02  0.3482974D+02  0.0000000D+00
 -0.6777949D+00  0.6662773D+03 -0.1322860D+03  0.0000000D+00
  0.7026988D+03  0.3510798D+03 -0.3536787D+03  0.0000000D+00
  0.1117259D+04  0.1749814D+03 -0.4851530D+03  0.0000000D+00
