  3  2   693 10944  4  4  9 11  7  1    0.00   24.00  100.00  600.00    0.00    6.28   45.00   45.00
  100.0  100.0  100.0  100.0  125.0  150.0  190.0  230.0  275.0  350.0  450.0  600.0  600.0  600.0  600.0
  0.4067822D+03  0.2175357D+02 -0.5089765D+01  0.0000000D+00
  0.2320058D+03 -0.2875392D+02 -0.2893570D+01  0.0000000D+00
  0.3750981D+03  0.5276942D+01 -0.3831256D+01  0.0000000D+00
  0.8169085D+03  0.1042955D+02  0.2323730D+02  0.0000000D+00
  0.1165693D+04 -0.9494164D+01 -0.3052517D+02  0.0000000D+00
  0.1594898D+04  0.3815075D+02 -0.2637147D+02  0.0000000D+00
  0.1938976D+04  0.2840560D+02  0.1145769D+02  0.0000000D+00
  0.2215650D+04  0.1143457D+03  0.8112020D+02  0.0000000D+00
  0.2321421D+04  0.1029335D+03  0.9440339D+02  0.0000000D+00
  0.2257124D+04  0.2937843D+02  0.8542461D+02  0.0000000D+00
  0.2220642D+04 -0.1381641D+02  0.8031576D+02  0.0000000D+00
  0.7146461D+01 -0.4181774D+02 -0.7788918D+01  0.0000000D+00
  0.6414478D+02 -0.4033085D+01 -0.8291469D+01  0.0000000D+00
 -0.1421912D+02  0.1935757D+02 -0.1157856D+02  0.0000000D+00
 -0.2307965D+02  0.1432059D+01 -0.6501525D+00  0.0000000D+00
 -0.1800844D+03 -0.1014728D+03  0.1512053D+02  0.0000000D+00
 -0.2729238D+03  0.1457120D+02  0.1277542D+02  0.0000000D+00
 -0.3674438D+03  0.7101046D+02 -0.1035932D+02  0.0000000D+00
 -0.4209076D+03  0.1350696D+03 -0.4739797D+02  0.0000000D+00
 -0.3848850D+03  0.6740270D+02 -0.6171955D+02  0.0000000D+00
 -0.4446425D+03 -0.6851330D+01 -0.6252370D+02  0.0000000D+00
 -0.4792344D+03 -0.5107955D+02 -0.6315323D+02  0.0000000D+00
 -0.3076136D+02  0.2211467D+02  0.2104484D+01  0.0000000D+00
 -0.4769734D+02  0.2626869D+02 -0.5211513D+01  0.0000000D+00
 -0.4191656D+02  0.6217635D+01  0.3037736D+01  0.0000000D+00
  0.6726467D+02  0.7232909D+01  0.1557038D+02  0.0000000D+00
 -0.6579098D+02 -0.1834071D+02 -0.4513633D+01  0.0000000D+00
 -0.2443590D+02  0.1756885D+02 -0.1533832D+02  0.0000000D+00
  0.4452526D+02 -0.1874445D+02 -0.1339706D+02  0.0000000D+00
  0.1725547D+03 -0.2227005D+02  0.3330140D+02  0.0000000D+00
  0.1608633D+03 -0.1975173D+02  0.4110498D+02  0.0000000D+00
  0.7632789D+02 -0.4267557D+01  0.2772464D+02  0.0000000D+00
  0.2669993D+02  0.4822951D+01  0.1997759D+02  0.0000000D+00
 -0.1250341D+01  0.1997639D-01  0.3009081D-01  0.0000000D+00
 -0.2575078D+00 -0.1534386D+00 -0.2038887D+00  0.0000000D+00
  0.2847229D+00  0.1069604D+00  0.3185796D+00  0.0000000D+00
  0.1399560D+01 -0.4986145D-01 -0.5916546D+00  0.0000000D+00
 -0.7807005D+01 -0.4839023D+00  0.8682285D+00  0.0000000D+00
 -0.1662323D+02  0.2264814D+01 -0.3307200D+00  0.0000000D+00
 -0.4076984D+02  0.1098137D+02  0.2070771D+02  0.0000000D+00
 -0.1282316D+03 -0.3129235D+02  0.2059292D+02  0.0000000D+00
 -0.1214082D+03 -0.6455667D+02  0.1697030D+02  0.0000000D+00
 -0.5031720D+02 -0.2043187D+02  0.2299760D+02  0.0000000D+00
 -0.8617848D+01  0.5041210D+01  0.2648621D+02  0.0000000D+00
  0.4324846D+01  0.2810356D-01  0.2253950D-01  0.0000000D+00
  0.7084546D+00  0.8881397D+00 -0.3880475D-01  0.0000000D+00
  0.4465885D+01 -0.1944567D+01  0.1313709D+00  0.0000000D+00
  0.1159060D+01  0.3225916D+01 -0.1843401D+00  0.0000000D+00
  0.1028773D+01 -0.6098558D+01  0.1234631D+00  0.0000000D+00
  0.1576147D+02  0.1019047D+02  0.1110339D+01  0.0000000D+00
  0.7818257D+02 -0.4341794D+02 -0.1018846D-01  0.0000000D+00
  0.8720137D+02 -0.3867596D+01 -0.8723731D+01  0.0000000D+00
  0.7864443D+02  0.2123780D+02 -0.1209700D+02  0.0000000D+00
  0.5963865D+02  0.5585869D+01 -0.6659499D+01  0.0000000D+00
  0.4841310D+02 -0.3303264D+01 -0.3512165D+01  0.0000000D+00
  0.5518941D+00 -0.5399803D-01  0.3457385D-01  0.0000000D+00
  0.4021795D+01 -0.9022291D+00 -0.2812235D+00  0.0000000D+00
 -0.7123610D+00  0.1391822D+01  0.4467318D+00  0.0000000D+00
  0.5082870D+00 -0.2218320D+01 -0.7699996D+00  0.0000000D+00
 -0.5862098D-01  0.4246092D+01  0.1703579D+01  0.0000000D+00
  0.2648946D+02 -0.8586393D+01 -0.4809862D+01  0.0000000D+00
  0.2645484D+02  0.4842784D+01 -0.6326070D+01  0.0000000D+00
  0.5356110D+02  0.9260930D+01 -0.1091067D+02  0.0000000D+00
  0.5136139D+02 -0.1051885D+02 -0.1052545D+02  0.0000000D+00
  0.4319459D+02 -0.1030266D+02 -0.9966547D+01  0.0000000D+00
  0.3838841D+02 -0.1039541D+02 -0.9635747D+01  0.0000000D+00
 -0.6075466D+01 -0.9882790D-01  0.4426274D-01  0.0000000D+00
 -0.1812090D+01  0.8602711D+00 -0.1734126D+00  0.0000000D+00
 -0.6053704D+01 -0.1464762D+01  0.3061511D+00  0.0000000D+00
 -0.3515708D+01  0.2420125D+01 -0.5537018D+00  0.0000000D+00
 -0.5559319D+01 -0.3633283D+01  0.1105144D+01  0.0000000D+00
 -0.1082722D+02  0.7346269D+01 -0.3422087D+01  0.0000000D+00
 -0.6030472D+01 -0.1785775D+02  0.1658450D+01  0.0000000D+00
 -0.5665106D+02  0.1215728D+02 -0.3072526D+01  0.0000000D+00
 -0.4632924D+02  0.1162599D+02 -0.4539921D+01  0.0000000D+00
 -0.2558907D+02 -0.8740427D+01 -0.3986924D+01  0.0000000D+00
 -0.1333199D+02 -0.2067268D+02 -0.3679304D+01  0.0000000D+00
  0.7675956D-01  0.1214174D+00 -0.2715660D-01  0.0000000D+00
 -0.4021082D+01  0.9246124D-01  0.1661178D+00  0.0000000D+00
 -0.8578306D+00 -0.1461254D+00 -0.2515585D+00  0.0000000D+00
 -0.1228099D+01  0.1860318D+00  0.5006855D+00  0.0000000D+00
  0.9584855D+01 -0.2567531D+00 -0.1011518D+01  0.0000000D+00
 -0.6777745D+01  0.7353473D+00  0.2835526D+01  0.0000000D+00
 -0.2223436D+02  0.3604168D+01  0.3372013D+01  0.0000000D+00
 -0.2963192D+02  0.1080504D+02  0.5588233D+01  0.0000000D+00
 -0.2068176D+02  0.2859824D+01  0.5709160D+01  0.0000000D+00
 -0.1506967D+02 -0.1305988D+01  0.4859743D+01  0.0000000D+00
 -0.1168554D+02 -0.3835470D+01  0.4363483D+01  0.0000000D+00
  0.2561463D+01 -0.1892780D+00 -0.2823996D-01  0.0000000D+00
  0.4464691D+00  0.2853731D+00  0.8473475D-01  0.0000000D+00
  0.2661663D+01 -0.1297190D+00 -0.1529909D+00  0.0000000D+00
  0.2539604D+01  0.2613049D+00  0.2933568D+00  0.0000000D+00
 -0.5263653D+01 -0.7339741D+00 -0.5558753D+00  0.0000000D+00
 -0.1403145D+01  0.7604301D+00  0.1578943D+01  0.0000000D+00
 -0.7147257D+01  0.9828980D+00 -0.4051231D+00  0.0000000D+00
  0.2003528D+00  0.1964649D+01 -0.7917058D+00  0.0000000D+00
  0.3573702D+01  0.9139354D+00  0.2637220D+01  0.0000000D+00
 -0.1145207D+01  0.6460178D+01  0.4835518D+01  0.0000000D+00
 -0.3868095D+01  0.9697765D+01  0.6160493D+01  0.0000000D+00
 -0.6527106D+01  0.4948262D+01 -0.5085053D+01  0.0000000D+00
  0.2045673D+02 -0.6307621D+01  0.8328859D+01  0.0000000D+00
 -0.2128152D+02  0.8095072D+01 -0.2975994D+01  0.0000000D+00
 -0.8762143D+02 -0.3397116D+02  0.2449469D+01  0.0000000D+00
 -0.1753192D+03 -0.1476855D+02  0.9824230D+00  0.0000000D+00
 -0.2688226D+03  0.4769694D+02  0.2869343D+02  0.0000000D+00
 -0.4126583D+03 -0.4043361D+02  0.4802139D+02  0.0000000D+00
 -0.6093270D+03 -0.9637188D+02  0.2546333D+02  0.0000000D+00
 -0.6394987D+03 -0.4814040D+02  0.1400394D+02  0.0000000D+00
 -0.5117493D+03  0.1979371D+02  0.2585201D+02  0.0000000D+00
 -0.4372897D+03  0.6010743D+02  0.3266353D+02  0.0000000D+00
 -0.1246621D+02  0.5605318D+01 -0.5284787D+01  0.0000000D+00
  0.3617398D+02  0.1249868D+01  0.3075779D+01  0.0000000D+00
  0.2154914D+02 -0.2296253D+01 -0.2526711D+01  0.0000000D+00
  0.3325136D+02 -0.1066421D+02 -0.7553777D+01  0.0000000D+00
  0.2839374D+02  0.1042462D+03 -0.3311167D+01  0.0000000D+00
 -0.7551102D+02  0.3174035D+02 -0.7959149D+01  0.0000000D+00
 -0.1322184D+03  0.6585325D+02 -0.1907308D+02  0.0000000D+00
 -0.2350089D+03  0.5758048D+02 -0.3321537D+02  0.0000000D+00
 -0.2513576D+03  0.8344722D+02 -0.2847216D+02  0.0000000D+00
 -0.2137105D+03  0.1098860D+03 -0.1428512D+02  0.0000000D+00
 -0.1918485D+03  0.1256527D+03 -0.5923721D+01  0.0000000D+00
 -0.1149962D+02 -0.5210139D+01  0.4336629D+01  0.0000000D+00
 -0.3200568D+02  0.7138732D+01  0.1859006D+01  0.0000000D+00
 -0.3334832D+02 -0.2735556D+02  0.4739423D+01  0.0000000D+00
 -0.2777261D+02  0.2482409D+01 -0.6081878D+01  0.0000000D+00
 -0.5073092D+02 -0.6295536D+01  0.8802411D+01  0.0000000D+00
  0.6005146D+02 -0.1842493D+02  0.1398919D+02  0.0000000D+00
  0.5018876D+02  0.1827753D+02  0.3291789D+02  0.0000000D+00
  0.1717300D+02 -0.1974678D+02  0.1507064D+02  0.0000000D+00
  0.2587931D+02  0.8432335D+00  0.6154116D+01  0.0000000D+00
 -0.1125990D+02 -0.2211451D+02  0.1228401D+02  0.0000000D+00
 -0.3291184D+02 -0.3533033D+02  0.1577486D+02  0.0000000D+00
 -0.7717609D+00 -0.2460383D-01 -0.7393562D-01  0.0000000D+00
 -0.7601652D+00  0.2579641D+00  0.3193058D+00  0.0000000D+00
  0.4905446D+01 -0.7700467D+00 -0.5579549D+00  0.0000000D+00
 -0.1064656D+02  0.1298580D+01  0.9324865D+00  0.0000000D+00
  0.5547705D+02 -0.1791185D+01 -0.1770747D+01  0.0000000D+00
  0.4152297D+02  0.3041041D+01  0.4362521D+01  0.0000000D+00
  0.8852178D+02 -0.3167450D+02  0.3188994D+01  0.0000000D+00
  0.1763485D+03 -0.4031293D+02  0.2140438D+02  0.0000000D+00
  0.1799693D+03 -0.2741886D+02  0.1655230D+02  0.0000000D+00
  0.1532221D+03 -0.4768401D+02  0.5565657D+01  0.0000000D+00
  0.1376073D+03 -0.5940855D+02 -0.9232699D+00  0.0000000D+00
 -0.1120030D+01  0.3226113D-01  0.5736741D-01  0.0000000D+00
  0.6906460D+00  0.1008023D+00 -0.3232027D+00  0.0000000D+00
  0.1744132D+01 -0.3563366D+00  0.5284976D+00  0.0000000D+00
  0.7149415D+01  0.8538982D+00 -0.8093130D+00  0.0000000D+00
 -0.2796799D+02 -0.1598673D+01  0.1765734D+01  0.0000000D+00
  0.9793024D+01  0.7128095D+01 -0.5613132D+01  0.0000000D+00
  0.1393042D+02  0.1008095D+02 -0.6117455D+00  0.0000000D+00
  0.4501421D+02  0.1613654D+02  0.4574035D+00  0.0000000D+00
  0.4332043D+02  0.2313541D+02  0.3511508D+00  0.0000000D+00
  0.1731333D+02  0.1241246D+00  0.2947272D+01  0.0000000D+00
  0.2062761D+01 -0.1326710D+02  0.4466753D+01  0.0000000D+00
  0.1082453D+01 -0.2705537D-01 -0.1161128D-01  0.0000000D+00
 -0.2526031D+01  0.1283679D+00  0.1259867D+00  0.0000000D+00
  0.2760594D+01 -0.2325870D+00 -0.1772046D+00  0.0000000D+00
 -0.2585827D+01  0.4105728D+00  0.2145398D+00  0.0000000D+00
 -0.8602123D+01 -0.1255019D+01 -0.3656711D+00  0.0000000D+00
  0.2578471D+01  0.1561922D+01 -0.6329386D-01  0.0000000D+00
  0.4358410D+02  0.9323662D+01 -0.1176000D+02  0.0000000D+00
  0.4129001D+01  0.2508580D+02 -0.1973938D+02  0.0000000D+00
 -0.2147408D+02  0.1935680D+02 -0.1620384D+02  0.0000000D+00
 -0.4665105D+01  0.1736382D+02 -0.1302772D+02  0.0000000D+00
  0.4892538D+01  0.1613369D+02 -0.1112765D+02  0.0000000D+00
  0.7694800D+00 -0.4121542D-01 -0.3210524D-01  0.0000000D+00
  0.1056295D+01  0.8747176D-01  0.2159037D+00  0.0000000D+00
 -0.5620892D+01 -0.1529660D-01 -0.3910002D+00  0.0000000D+00
 -0.4947656D+00 -0.6867922D-01  0.6620832D+00  0.0000000D+00
 -0.6104915D+01 -0.6846557D+00 -0.1267709D+01  0.0000000D+00
 -0.1600006D+02 -0.1236448D+01  0.3476322D+01  0.0000000D+00
 -0.4884771D+02 -0.3889154D+00 -0.1694312D+01  0.0000000D+00
 -0.7127980D+02  0.2207344D+00  0.3478246D+01  0.0000000D+00
 -0.7234449D+02  0.1215539D+02  0.2803504D+01  0.0000000D+00
 -0.4435461D+02  0.2244106D+01 -0.5393027D+01  0.0000000D+00
 -0.2798171D+02 -0.3421227D+01 -0.1020180D+02  0.0000000D+00
  0.4162406D+00 -0.2589037D-01  0.1079705D-01  0.0000000D+00
  0.3496377D+00  0.1140674D+00  0.2157591D-03  0.0000000D+00
 -0.1568319D+01 -0.3253309D-02 -0.3599254D-02  0.0000000D+00
  0.6519943D+00  0.5254984D-01  0.1555777D-01  0.0000000D+00
  0.9888252D+01 -0.3075337D+00  0.2507969D-01  0.0000000D+00
 -0.1315549D+02  0.2498435D+01 -0.1032371D+00  0.0000000D+00
 -0.4045435D+02 -0.3160915D+01  0.5618088D+01  0.0000000D+00
 -0.5040388D+02  0.1042378D+02  0.8058153D+01  0.0000000D+00
 -0.2064734D+02  0.4324736D+01  0.6235566D+01  0.0000000D+00
 -0.2435507D+02  0.5531645D+01  0.6852574D+01  0.0000000D+00
 -0.2619278D+02  0.6170168D+01  0.7194424D+01  0.0000000D+00
 -0.4339778D+00 -0.5252179D-02 -0.3398850D-01  0.0000000D+00
  0.1101732D+00 -0.9269254D-03  0.1696907D+00  0.0000000D+00
 -0.2138060D+01  0.1106796D-01 -0.2239692D+00  0.0000000D+00
  0.5029860D+01 -0.2245817D+00  0.2669395D+00  0.0000000D+00
 -0.7428735D+01  0.9276744D+00 -0.5450446D+00  0.0000000D+00
  0.2264530D+02 -0.1372288D+01  0.1135618D+01  0.0000000D+00
  0.6356706D+01  0.1605182D+01 -0.2461003D+01  0.0000000D+00
  0.1956085D+02 -0.8349871D+01 -0.9696946D-01  0.0000000D+00
  0.1481988D+02 -0.2833108D+01  0.2002698D+01  0.0000000D+00
  0.1574790D+02 -0.2714362D+01  0.2200820D+01  0.0000000D+00
  0.1624329D+02 -0.2584339D+01  0.2341118D+01  0.0000000D+00
 -0.8123835D+00  0.3477642D+02 -0.5256499D+01  0.0000000D+00
 -0.2511339D+01  0.1591646D+02  0.4433056D+01  0.0000000D+00
  0.2315347D+02  0.2351633D+02 -0.4465062D+01  0.0000000D+00
  0.3571880D+01 -0.3687201D+01  0.2657427D+01  0.0000000D+00
  0.1985640D+01  0.1031317D+02 -0.1932384D+01  0.0000000D+00
  0.3291441D+02  0.2839999D+02  0.7251388D+00  0.0000000D+00
  0.1834357D+02  0.1628055D+02 -0.8533690D+01  0.0000000D+00
 -0.8313495D+01 -0.4722168D+02 -0.7992972D+01  0.0000000D+00
  0.2764286D+02 -0.4049710D+02  0.3344464D+01  0.0000000D+00
  0.3127467D+02  0.3849701D+02  0.7104680D+01  0.0000000D+00
  0.3379670D+02  0.8482440D+02  0.9433415D+01  0.0000000D+00
 -0.8142223D+01  0.1937977D+02 -0.2937052D+00  0.0000000D+00
 -0.2663051D+02  0.1092414D+01  0.1329993D+01  0.0000000D+00
  0.4999841D+02  0.4651563D+02 -0.1262792D+01  0.0000000D+00
 -0.2535235D+02 -0.2575778D+01  0.4416537D+01  0.0000000D+00
  0.5429859D+01 -0.1927087D+02 -0.2577828D+01  0.0000000D+00
 -0.4106996D+02 -0.1139805D+02  0.1470793D+01  0.0000000D+00
 -0.4930238D+02 -0.2092927D+01  0.2076385D+01  0.0000000D+00
 -0.1083093D+03  0.9046017D+02 -0.1450404D+02  0.0000000D+00
 -0.1160358D+03  0.8601817D+02 -0.3232007D+02  0.0000000D+00
 -0.8784842D+02  0.2879116D+02 -0.3735412D+02  0.0000000D+00
 -0.7143096D+02 -0.4773547D+01 -0.4050048D+02  0.0000000D+00
 -0.9665051D+01 -0.8299048D+00 -0.3624196D+01  0.0000000D+00
  0.1275299D+02 -0.2546816D+02  0.2561275D+01  0.0000000D+00
  0.5559691D+01  0.6594848D+01 -0.3874108D+01  0.0000000D+00
 -0.1505358D+01 -0.4690299D+01  0.6805104D+00  0.0000000D+00
  0.1938998D+02 -0.8159162D+01 -0.5747748D+01  0.0000000D+00
  0.1764113D+02  0.2916449D+02  0.1172540D-01  0.0000000D+00
  0.3629484D+02 -0.1131864D+02 -0.8650405D+01  0.0000000D+00
  0.1801428D+02  0.4043738D+02 -0.1313233D+02  0.0000000D+00
  0.2689286D+02  0.7881891D+01 -0.2096471D+02  0.0000000D+00
  0.5314613D+02 -0.3800876D+02 -0.2356571D+02  0.0000000D+00
  0.6861435D+02 -0.6523224D+02 -0.2517410D+02  0.0000000D+00
 -0.7609168D+00  0.1372618D+00 -0.1813084D-01  0.0000000D+00
  0.1347474D+01  0.6561881D-01  0.4903391D-01  0.0000000D+00
 -0.6817198D+00  0.7270563D-01 -0.8692358D-01  0.0000000D+00
  0.1356320D+00 -0.1696207D-02  0.2090880D+00  0.0000000D+00
  0.5833905D+01 -0.3256359D+00 -0.3782155D+00  0.0000000D+00
 -0.1589598D+02  0.4305261D+01  0.4924740D+00  0.0000000D+00
 -0.4745619D+02  0.1561599D+02  0.5220544D+01  0.0000000D+00
 -0.9661579D+02  0.1226541D+02 -0.1900545D+01  0.0000000D+00
 -0.1046804D+03  0.3878134D+02  0.5350368D+01  0.0000000D+00
 -0.5994483D+02  0.3314658D+02  0.1236135D+02  0.0000000D+00
 -0.3383889D+02  0.3014065D+02  0.1654706D+02  0.0000000D+00
  0.1759991D+01  0.1105877D+00 -0.3981932D-01  0.0000000D+00
 -0.4178174D+01  0.1575077D+00  0.2478989D+00  0.0000000D+00
  0.5729580D+01  0.4107143D-01 -0.4287158D+00  0.0000000D+00
 -0.6061169D+01 -0.1801378D+00  0.7243543D+00  0.0000000D+00
  0.7312147D+01  0.1399469D+00 -0.1408454D+01  0.0000000D+00
  0.4327899D+01 -0.9192274D+00  0.4250546D+01  0.0000000D+00
  0.1699302D+02 -0.3400285D+01 -0.2589791D+01  0.0000000D+00
  0.3349068D+02 -0.4529685D+02 -0.8921470D+01  0.0000000D+00
  0.2299771D+02 -0.2633104D+02 -0.7409699D+01  0.0000000D+00
 -0.6023891D+01  0.7573661D+01 -0.3690032D+01  0.0000000D+00
 -0.2313345D+02  0.2763893D+02 -0.1495840D+01  0.0000000D+00
 -0.7562608D+00 -0.1599739D+00  0.2273427D-01  0.0000000D+00
  0.1907301D+01  0.3049352D+00 -0.1216992D+00  0.0000000D+00
 -0.2100966D+01  0.7686402D-01  0.2231910D+00  0.0000000D+00
  0.3078982D+01 -0.2217829D+00 -0.4573142D+00  0.0000000D+00
 -0.3283343D+01  0.7082655D+00  0.8013168D+00  0.0000000D+00
  0.2397252D+02 -0.5125998D+01 -0.1938852D+01  0.0000000D+00
  0.1705481D+01 -0.8387466D+01 -0.1631203D+01  0.0000000D+00
  0.4064824D+02 -0.2741532D+02  0.4592332D+01  0.0000000D+00
  0.3898229D+02 -0.4377206D+02  0.2902263D+01  0.0000000D+00
  0.2203111D+02 -0.2870815D+02 -0.4015433D+01  0.0000000D+00
  0.1208915D+02 -0.2007027D+02 -0.8084709D+01  0.0000000D+00
 -0.2241333D+01  0.1598468D+00  0.5655044D-01  0.0000000D+00
  0.2879911D+01 -0.2822602D+00 -0.2356514D+00  0.0000000D+00
 -0.2590896D+01  0.3557389D+00  0.4039394D+00  0.0000000D+00
 -0.1384519D+01 -0.7133779D+00 -0.5627026D+00  0.0000000D+00
  0.2965315D+01  0.1437575D+01  0.1104588D+01  0.0000000D+00
 -0.8707399D+01 -0.2379393D+01 -0.2905165D+01  0.0000000D+00
  0.1200922D+02 -0.1928867D+01 -0.9930287D+00  0.0000000D+00
 -0.1138487D+02 -0.5658873D+01 -0.8293953D+01  0.0000000D+00
 -0.8190332D+01 -0.4082285D+01 -0.1108142D+02  0.0000000D+00
  0.8894714D+01 -0.2783440D+01 -0.1003356D+02  0.0000000D+00
  0.1893388D+02 -0.2009635D+01 -0.9450830D+01  0.0000000D+00
  0.5791463D+00  0.9433959D-02 -0.2569970D-01  0.0000000D+00
 -0.1979043D+01  0.1546417D+00  0.1238115D+00  0.0000000D+00
  0.2883599D+01 -0.4335668D+00 -0.1982363D+00  0.0000000D+00
 -0.3058157D+01  0.6388452D+00  0.2341345D+00  0.0000000D+00
  0.1984628D+01 -0.6867247D+00 -0.5453693D+00  0.0000000D+00
  0.9536899D+01  0.3549059D+01  0.1786687D+01  0.0000000D+00
  0.7420906D+01 -0.6970941D+01  0.6680605D+00  0.0000000D+00
 -0.1305704D+01  0.1264477D+02  0.1277944D+01  0.0000000D+00
 -0.1284356D+02  0.5568629D+01  0.4016560D+01  0.0000000D+00
 -0.1313674D+02 -0.7651478D+01  0.5372636D+01  0.0000000D+00
 -0.1343990D+02 -0.1547155D+02  0.6197736D+01  0.0000000D+00
 -0.3275446D+00 -0.3803848D+00 -0.4464501D-01  0.0000000D+00
 -0.2324532D+00 -0.9105978D-01  0.1541141D+00  0.0000000D+00
  0.9586735D+00 -0.2810642D+00 -0.2716221D+00  0.0000000D+00
 -0.6302354D+00  0.5528410D+00  0.3147443D+00  0.0000000D+00
  0.6910622D+01 -0.1282633D+01 -0.6510263D+00  0.0000000D+00
 -0.1138967D+02  0.1978783D+01  0.1238004D+01  0.0000000D+00
 -0.7629714D+01  0.9333101D+00 -0.4030170D+00  0.0000000D+00
 -0.8509563D+01  0.6899249D+01  0.1892658D+01  0.0000000D+00
 -0.9623021D+01  0.2855018D+01  0.5709036D+01  0.0000000D+00
 -0.4276407D+01  0.1112385D+02  0.7048163D+01  0.0000000D+00
 -0.1159306D+01  0.1592003D+02  0.7874139D+01  0.0000000D+00
  0.1663791D+02  0.2501997D+01 -0.1448533D+01  0.0000000D+00
 -0.7118004D+01  0.7250945D+01 -0.1073129D-01  0.0000000D+00
  0.1328943D+01 -0.7600640D+01 -0.4814106D+00  0.0000000D+00
  0.1652098D+02  0.1349948D+02  0.4549503D+00  0.0000000D+00
  0.1759580D+02 -0.2890349D+02  0.1331041D+01  0.0000000D+00
  0.3472490D+02  0.1607037D+01  0.1057267D+00  0.0000000D+00
  0.2717765D+02 -0.8949395D+01  0.5898778D+01  0.0000000D+00
 -0.2979196D+01  0.4252192D+02  0.5038980D+01  0.0000000D+00
 -0.1797352D+02  0.5164621D+02  0.3052073D+01  0.0000000D+00
 -0.5554571D+01  0.2329602D+02 -0.1781174D+01  0.0000000D+00
  0.1542910D+01  0.6801213D+01 -0.4633773D+01  0.0000000D+00
  0.2685235D+02 -0.3909295D+01 -0.2235739D+01  0.0000000D+00
 -0.6769914D+01  0.8057662D+00 -0.1295206D+01  0.0000000D+00
 -0.1018624D+02 -0.8022173D+01 -0.1106102D+01  0.0000000D+00
  0.4118374D+02 -0.5918082D+00 -0.3087793D+00  0.0000000D+00
  0.8712816D+01 -0.9684670D+00 -0.3417303D+01  0.0000000D+00
  0.8673827D+02 -0.3182348D+01 -0.4678363D+01  0.0000000D+00
  0.9601674D+02 -0.6349566D+01 -0.1480812D+02  0.0000000D+00
  0.1380914D+03  0.7084789D+01 -0.1382584D+01  0.0000000D+00
  0.7265192D+02  0.3142524D+02  0.6109908D+01  0.0000000D+00
  0.2682313D+02 -0.7216480D+01  0.3712532D+01  0.0000000D+00
 -0.7419637D+00 -0.2957219D+02  0.2391594D+01  0.0000000D+00
 -0.5024989D+01  0.1008946D+00  0.1963098D+01  0.0000000D+00
 -0.5812529D+01 -0.1174009D+02 -0.6081361D-01  0.0000000D+00
  0.1716434D+01  0.1867661D+01  0.1033794D+01  0.0000000D+00
 -0.1369873D+02 -0.4598676D+01 -0.4912208D+00  0.0000000D+00
  0.1844478D+02  0.1202553D+01  0.3458862D+00  0.0000000D+00
 -0.2663459D+01  0.4787038D+01 -0.1593682D+01  0.0000000D+00
  0.1569570D+01 -0.1122658D+01  0.5016913D+01  0.0000000D+00
 -0.5307312D+02  0.8879519D+01  0.1741097D+01  0.0000000D+00
 -0.5347493D+02  0.2108985D+02  0.5543052D+01  0.0000000D+00
 -0.2088458D+02  0.1743855D+02  0.3200111D+01  0.0000000D+00
 -0.1813645D+01  0.1543917D+02  0.1869437D+01  0.0000000D+00
 -0.1656232D+00 -0.1427340D+00  0.8363661D-02  0.0000000D+00
 -0.1319891D+01 -0.1408617D+00 -0.6722635D-01  0.0000000D+00
 -0.2385861D+00  0.3013009D+00  0.9913032D-01  0.0000000D+00
  0.4002001D+01 -0.5856630D+00 -0.6864190D-01  0.0000000D+00
 -0.1505222D+02  0.9402462D+00  0.1310900D+00  0.0000000D+00
  0.3282534D+02 -0.3335283D+01 -0.2948773D+00  0.0000000D+00
  0.5132701D+02  0.2981116D+01  0.5198916D+01  0.0000000D+00
  0.1248071D+03  0.7446564D+01  0.5129743D+01  0.0000000D+00
  0.1173450D+03 -0.1715024D+01 -0.9528093D+00  0.0000000D+00
  0.6787349D+02  0.8619236D+01 -0.9914687D+00  0.0000000D+00
  0.3882885D+02  0.1456995D+02 -0.1081147D+01  0.0000000D+00
  0.7514242D+00 -0.1167385D+00 -0.1003066D-01  0.0000000D+00
 -0.2146353D+00  0.3963948D+00  0.9558865D-01  0.0000000D+00
  0.1743422D+01 -0.4235634D+00 -0.1185655D+00  0.0000000D+00
 -0.1287604D+01  0.6054046D+00  0.9192123D-01  0.0000000D+00
  0.1677672D+02 -0.1289448D+01 -0.1527187D+00  0.0000000D+00
 -0.1187983D+02  0.2427488D+01 -0.1730714D+00  0.0000000D+00
 -0.2230387D+02  0.2636662D+00 -0.1416471D+01  0.0000000D+00
 -0.2769995D+02  0.2249223D+01 -0.8150006D+00  0.0000000D+00
 -0.2868771D+02  0.1962210D+00 -0.1080571D+01  0.0000000D+00
 -0.2855340D+02 -0.2187354D+01 -0.1521289D+01  0.0000000D+00
 -0.2848805D+02 -0.3606684D+01 -0.1782057D+01  0.0000000D+00
  0.9923846D+00  0.1133378D+00  0.1776276D-01  0.0000000D+00
  0.9113484D+00  0.2680434D+00 -0.1207339D+00  0.0000000D+00
 -0.1537264D+01 -0.2461536D+00  0.1451214D+00  0.0000000D+00
  0.2759607D+01  0.2882040D+00 -0.1900566D+00  0.0000000D+00
 -0.8910512D+01 -0.1909636D+00  0.3313928D+00  0.0000000D+00
 -0.3147566D+02  0.2328769D+01 -0.5399807D+00  0.0000000D+00
 -0.9403357D+01 -0.4387146D+01 -0.2661052D+01  0.0000000D+00
 -0.7716277D+02 -0.2257014D+01 -0.1586206D+01  0.0000000D+00
 -0.8289114D+02 -0.6094441D+01  0.1614748D+01  0.0000000D+00
 -0.4964380D+02 -0.9845064D+01  0.3268465D+01  0.0000000D+00
 -0.3024562D+02 -0.1208279D+02  0.4272222D+01  0.0000000D+00
 -0.5540596D+00  0.3921764D-02  0.4817858D-02  0.0000000D+00
  0.1185363D+01 -0.3103465D+00 -0.1055561D+00  0.0000000D+00
 -0.1729293D+01  0.3979770D+00  0.1723074D+00  0.0000000D+00
 -0.2598835D+01 -0.6785130D+00 -0.1592620D+00  0.0000000D+00
 -0.1165569D+01  0.1506786D+01  0.3330683D+00  0.0000000D+00
 -0.3656489D+00 -0.1810136D+01 -0.4980588D+00  0.0000000D+00
 -0.9291438D+01  0.1986210D+01  0.1270026D+01  0.0000000D+00
  0.6729134D+01  0.1012237D+02 -0.4430316D+00  0.0000000D+00
  0.1405624D+02  0.1111132D+02 -0.6084954D+00  0.0000000D+00
  0.1271175D+02  0.3283524D+01  0.1639705D+01  0.0000000D+00
  0.1200948D+02 -0.1290701D+01  0.2954222D+01  0.0000000D+00
 -0.1740591D+01  0.8831559D-01  0.1609317D-01  0.0000000D+00
  0.4670705D-01 -0.8804035D-01 -0.6418843D-02  0.0000000D+00
  0.6974955D+00  0.4664292D-01  0.5076885D-01  0.0000000D+00
 -0.2646588D+01 -0.1731379D-01 -0.1319180D+00  0.0000000D+00
  0.9372693D+01 -0.1280269D+00  0.2553427D+00  0.0000000D+00
 -0.8885169D+01 -0.3237460D+00 -0.3365824D+00  0.0000000D+00
 -0.1847227D+02  0.1811783D+01  0.3535032D+01  0.0000000D+00
 -0.1990370D+02  0.1011057D+02  0.1302337D+01  0.0000000D+00
 -0.1559468D+02  0.2772236D+01  0.2556066D+00  0.0000000D+00
 -0.1001093D+02 -0.2398742D+01  0.4554593D+00  0.0000000D+00
 -0.6691635D+01 -0.5507784D+01  0.5606346D+00  0.0000000D+00
 -0.1683894D+00  0.1953597D+00  0.2058256D-01  0.0000000D+00
 -0.6697888D+00 -0.1967051D+00 -0.8913349D-02  0.0000000D+00
  0.1690584D+00  0.1241889D+00  0.2196537D-01  0.0000000D+00
  0.1379662D+01 -0.1519790D+00 -0.5568671D-01  0.0000000D+00
 -0.2041833D+01  0.1246618D+00  0.1659070D-01  0.0000000D+00
  0.9587264D+01 -0.8430048D+00  0.1716151D+00  0.0000000D+00
  0.1222664D+02  0.3630413D+01  0.2731697D+00  0.0000000D+00
  0.1000906D+02 -0.1239240D+02 -0.2168766D+01  0.0000000D+00
  0.8463546D+01 -0.3565262D+01 -0.2701937D+01  0.0000000D+00
  0.1294824D+02  0.3244716D+01 -0.1516387D+01  0.0000000D+00
  0.1555923D+02  0.7327991D+01 -0.8279361D+00  0.0000000D+00
  0.9576162D+01 -0.5407204D+01 -0.1302456D+01  0.0000000D+00
  0.1605363D+01 -0.8420939D-01 -0.1262315D+01  0.0000000D+00
 -0.8918192D+01 -0.9879971D+01  0.4262445D+00  0.0000000D+00
  0.2370969D+02  0.8262975D+01 -0.4072536D-01  0.0000000D+00
  0.1017364D+02 -0.4598755D+01 -0.6974915D+00  0.0000000D+00
  0.2036477D+02  0.8535165D+00 -0.4760825D+01  0.0000000D+00
  0.6834340D+02  0.6551334D+00  0.4804994D+00  0.0000000D+00
  0.8475368D+02  0.3808126D+02  0.2916921D+01  0.0000000D+00
  0.7474294D+02  0.3796371D+02  0.3769131D+01  0.0000000D+00
  0.5629393D+02 -0.7379251D+01  0.4396037D+01  0.0000000D+00
  0.4538370D+02 -0.3392922D+02  0.4772819D+01  0.0000000D+00
  0.7770214D+01 -0.2334465D+01 -0.2339667D+01  0.0000000D+00
 -0.1838499D+02 -0.1239417D+01  0.6207877D+00  0.0000000D+00
 -0.6827771D+01 -0.1226743D+02 -0.1617203D+01  0.0000000D+00
 -0.8760885D+01  0.2265559D+01  0.2378979D+01  0.0000000D+00
 -0.1374953D+01 -0.1092348D+02 -0.2138282D+00  0.0000000D+00
 -0.7146254D+01 -0.4685100D+01  0.3077369D+01  0.0000000D+00
  0.9312791D+01 -0.1839010D+02 -0.3275848D+01  0.0000000D+00
 -0.3328319D+01 -0.1208860D+02  0.7280781D+01  0.0000000D+00
 -0.1462804D+01  0.1023904D+02  0.4763080D+01  0.0000000D+00
  0.1126401D+02  0.1555085D+02 -0.3813297D+00  0.0000000D+00
  0.1873678D+02  0.1891179D+02 -0.3421887D+01  0.0000000D+00
  0.1136703D+01  0.5208240D+01  0.1125504D+01  0.0000000D+00
  0.2839006D+01 -0.3397653D+01 -0.1959067D+01  0.0000000D+00
 -0.4092527D+00 -0.2841282D+01  0.7877726D+00  0.0000000D+00
  0.8719981D+01  0.2298918D+01  0.4158137D+00  0.0000000D+00
 -0.9442716D+01 -0.2665865D+01 -0.8269273D+00  0.0000000D+00
 -0.2476683D+02  0.1737566D+02 -0.2092538D+01  0.0000000D+00
 -0.2999073D+02  0.1063997D+02 -0.1945553D-01  0.0000000D+00
 -0.1838271D+02  0.1032234D+02  0.6638850D+00  0.0000000D+00
 -0.2042173D+02  0.2076369D+02 -0.1367326D+01  0.0000000D+00
 -0.1885567D+02  0.1243365D+01 -0.7967670D+00  0.0000000D+00
 -0.1795727D+02 -0.1006988D+02 -0.4849927D+00  0.0000000D+00
  0.7807977D+00  0.1643298D-01 -0.1949164D-02  0.0000000D+00
 -0.1688035D+01 -0.1747350D+00 -0.4437964D-01  0.0000000D+00
  0.1556500D+01  0.5824666D+00  0.6939080D-01  0.0000000D+00
 -0.1544731D+01 -0.9989721D+00 -0.1506495D+00  0.0000000D+00
 -0.4008501D+01  0.1483044D+01  0.1691840D+00  0.0000000D+00
  0.7013867D+01 -0.2263115D+01  0.2012956D-01  0.0000000D+00
 -0.1044860D+02  0.1419067D+02  0.5182140D+01  0.0000000D+00
  0.1048259D+02  0.4181242D+02 -0.5629270D+01  0.0000000D+00
  0.1539376D+02  0.2040918D+02 -0.5207627D+01  0.0000000D+00
  0.1104918D+02  0.3562422D+01 -0.1275064D+01  0.0000000D+00
  0.8561680D+01 -0.6538955D+01  0.1031706D+01  0.0000000D+00
 -0.1128053D+01 -0.1455463D-01 -0.1768615D-01  0.0000000D+00
  0.2008379D+01  0.1713712D+00  0.1608044D-01  0.0000000D+00
 -0.4135541D+01 -0.2557398D+00 -0.3429266D-01  0.0000000D+00
  0.4114608D+01  0.4101734D+00  0.1083147D+00  0.0000000D+00
 -0.5993084D+01 -0.6487773D+00 -0.9377021D-01  0.0000000D+00
  0.4844309D+01  0.2569855D+01 -0.6810981D-01  0.0000000D+00
 -0.1832471D+02 -0.7318662D+01 -0.1129318D+01  0.0000000D+00
 -0.2172406D+02  0.3499204D+00  0.4733096D+01  0.0000000D+00
 -0.1369535D+02  0.1209604D+01  0.5748483D+01  0.0000000D+00
 -0.8101517D+01  0.7244404D+01  0.3231047D+01  0.0000000D+00
 -0.4733698D+01  0.1078736D+02  0.1767974D+01  0.0000000D+00
 -0.6429919D+00  0.8620842D-01  0.1459181D-01  0.0000000D+00
  0.3363121D+01 -0.3970349D+00 -0.1301375D-01  0.0000000D+00
 -0.4895947D+01  0.5170526D+00  0.7351670D-01  0.0000000D+00
  0.4947717D+01 -0.9599112D+00 -0.1607238D+00  0.0000000D+00
 -0.3432225D+01  0.1874342D+01  0.2684568D+00  0.0000000D+00
  0.1607840D+01 -0.4108660D+01 -0.4932578D+00  0.0000000D+00
 -0.2745894D+01  0.3302048D+01 -0.1987595D+01  0.0000000D+00
  0.1566917D+02 -0.1965690D+02  0.2063255D+01  0.0000000D+00
  0.2608849D+02 -0.2027781D+02  0.2060463D+01  0.0000000D+00
  0.7917351D+01 -0.4893026D+01 -0.4736557D+00  0.0000000D+00
 -0.2608247D+01  0.4106566D+01 -0.1957719D+01  0.0000000D+00
  0.2229029D+01 -0.2891222D-01  0.2570037D-01  0.0000000D+00
 -0.1613544D+01 -0.4523411D-01 -0.9127057D-01  0.0000000D+00
  0.2528000D+01  0.1082633D+00  0.1568769D+00  0.0000000D+00
  0.1220747D+01 -0.1264302D+00 -0.3011939D+00  0.0000000D+00
 -0.7029561D+01  0.5068766D+00  0.4048965D+00  0.0000000D+00
  0.1788734D+02 -0.4471056D+01 -0.6490575D+00  0.0000000D+00
 -0.6541175D+01  0.7580017D+01  0.2032348D+01  0.0000000D+00
 -0.8663929D+01  0.7543506D+01 -0.6352519D+01  0.0000000D+00
 -0.8607443D+01 -0.1944708D+01 -0.4910483D+01  0.0000000D+00
 -0.5012189D+01  0.7596045D+01 -0.1292955D+01  0.0000000D+00
 -0.2908140D+01  0.1307753D+02  0.8411869D+00  0.0000000D+00
 -0.8896301D+00  0.7395492D-01  0.2168243D-02  0.0000000D+00
 -0.1102147D+01 -0.1318136D-01  0.6392191D-02  0.0000000D+00
  0.1872865D+01 -0.4460484D-01 -0.9408098D-02  0.0000000D+00
 -0.3025558D+00  0.1259653D+00  0.2067531D-01  0.0000000D+00
 -0.3880359D+01 -0.7023339D+00  0.5556961D-01  0.0000000D+00
  0.1048487D+01  0.3155031D+00 -0.2707635D+00  0.0000000D+00
  0.1475208D+02  0.7574240D+00  0.2351407D+01  0.0000000D+00
 -0.5355606D+01  0.7750893D+01 -0.3562525D+00  0.0000000D+00
 -0.7973519D+01  0.9442839D+01 -0.8784098D+00  0.0000000D+00
  0.3549364D+01 -0.3216795D+01 -0.8655952D+00  0.0000000D+00
  0.1026711D+02 -0.1061241D+02 -0.8641701D+00  0.0000000D+00
 -0.1829394D+01 -0.1504536D+00 -0.7780850D-02  0.0000000D+00
 -0.2491335D+00  0.3550178D+00  0.2324496D-01  0.0000000D+00
 -0.6294006D+00 -0.5186099D+00 -0.2756454D-01  0.0000000D+00
  0.4683179D+00  0.9227700D+00  0.4398694D-01  0.0000000D+00
  0.1787841D+01 -0.1725999D+01 -0.7212103D-01  0.0000000D+00
  0.4850334D+00  0.5998676D+01  0.2967922D+00  0.0000000D+00
 -0.1746546D+02 -0.1225882D+02 -0.3731472D+00  0.0000000D+00
  0.1655889D+02  0.3894168D+01  0.3997297D+00  0.0000000D+00
  0.1909070D+02  0.6753726D+01  0.1259012D+01  0.0000000D+00
 -0.7386913D+00 -0.1574613D+01  0.1992364D+00  0.0000000D+00
 -0.1231955D+02 -0.6418183D+01 -0.4123143D+00  0.0000000D+00
  0.1095537D+02 -0.4795822D+01 -0.6324070D+00  0.0000000D+00
 -0.1816230D+01  0.3666220D+01 -0.4531284D+00  0.0000000D+00
 -0.4233003D+01 -0.1052820D+01  0.1804963D+01  0.0000000D+00
  0.1426939D+02 -0.2047257D+01 -0.1923594D+01  0.0000000D+00
  0.7991595D+01  0.3320419D+00  0.3072013D+01  0.0000000D+00
  0.1302307D+02 -0.8569778D+01 -0.2866013D+01  0.0000000D+00
  0.4054230D+02  0.5189603D+01  0.2871961D+00  0.0000000D+00
  0.4997329D+02  0.3889292D+01 -0.1470489D+01  0.0000000D+00
  0.5194056D+02 -0.1248143D+02 -0.2968563D+01  0.0000000D+00
  0.3707440D+02 -0.2907289D+01 -0.1140233D+01  0.0000000D+00
  0.2839018D+02  0.2515651D+01 -0.8575036D-01  0.0000000D+00
  0.1021126D+02  0.6636376D+01 -0.1027420D+01  0.0000000D+00
 -0.8849035D+01 -0.1023951D+01  0.7764360D+00  0.0000000D+00
  0.9826450D+00  0.4502615D+01  0.5226144D-01  0.0000000D+00
 -0.4767481D+00 -0.9424609D+00 -0.9369299D+00  0.0000000D+00
 -0.2949370D+01 -0.4137597D+01  0.5891786D+00  0.0000000D+00
  0.1425646D+02 -0.2701431D+00 -0.7512122D+00  0.0000000D+00
 -0.5877668D+01  0.6612288D+01 -0.9033060D-01  0.0000000D+00
  0.3436754D+01 -0.2867348D+01  0.1580757D+01  0.0000000D+00
  0.3908267D+02 -0.1442757D+02  0.1733876D+01  0.0000000D+00
  0.2980633D+02  0.2436277D+02  0.2987416D+01  0.0000000D+00
  0.2477283D+02  0.4695057D+02  0.3723155D+01  0.0000000D+00
  0.2366485D+01  0.2844699D+01  0.9080396D+00  0.0000000D+00
  0.5566247D+00  0.1061168D+01 -0.1241678D+01  0.0000000D+00
 -0.6157754D+00  0.1034193D+00  0.1403445D+01  0.0000000D+00
  0.1034965D+02  0.2112388D+01 -0.1311871D+01  0.0000000D+00
 -0.7203810D+01 -0.1172949D+02  0.2936916D+01  0.0000000D+00
 -0.2461693D+02  0.7671344D+01 -0.1782211D+01  0.0000000D+00
  0.9115901D+00 -0.6379433D+01 -0.4037788D+00  0.0000000D+00
  0.9886768D+00  0.8458756D+01  0.2680015D+01  0.0000000D+00
 -0.1123119D+02 -0.1939286D+02 -0.2239989D+00  0.0000000D+00
 -0.8678736D+01 -0.1760859D+02  0.1191270D+00  0.0000000D+00
 -0.7318957D+01 -0.1687459D+02  0.2883457D+00  0.0000000D+00
  0.1513315D+00  0.1252154D+00  0.2442930D-02  0.0000000D+00
  0.2274174D+01 -0.4660812D-01  0.6680367D-01  0.0000000D+00
 -0.3522572D+01  0.1156228D+00 -0.7688977D-01  0.0000000D+00
  0.4471077D+01 -0.1195169D+00  0.2452617D-01  0.0000000D+00
 -0.1247968D+02 -0.1949222D+00 -0.6796133D-01  0.0000000D+00
  0.3234915D+01  0.8065471D+00  0.4067817D+00  0.0000000D+00
 -0.1103964D+02  0.6773339D+01  0.5872130D+00  0.0000000D+00
 -0.3105588D+02  0.1675261D+02 -0.1560471D+00  0.0000000D+00
 -0.3416064D+02  0.1599031D+02  0.5511870D+00  0.0000000D+00
 -0.1748812D+02 -0.1156638D+01  0.3956730D+00  0.0000000D+00
 -0.7761323D+01 -0.1120754D+02  0.3127624D+00  0.0000000D+00
  0.2193771D+00 -0.1287857D+00 -0.1123560D-01  0.0000000D+00
  0.2630784D+01  0.1219204D+00  0.9052192D-01  0.0000000D+00
 -0.3215377D+01 -0.2181137D+00 -0.1528043D+00  0.0000000D+00
  0.4312634D+01  0.3184868D+00  0.2656411D+00  0.0000000D+00
  0.1661064D+00 -0.4271709D+00 -0.6163147D+00  0.0000000D+00
 -0.4957996D+01 -0.1358233D+01  0.1418612D+01  0.0000000D+00
  0.2497822D+01 -0.6427963D+01 -0.1211511D+01  0.0000000D+00
 -0.5441244D+01  0.3706797D+01  0.2172378D+01  0.0000000D+00
 -0.9887581D+00 -0.7313249D+01  0.2518578D+01  0.0000000D+00
 -0.1484081D+01 -0.8561505D+01  0.1025164D+01  0.0000000D+00
 -0.1720081D+01 -0.9412949D+01  0.1543681D+00  0.0000000D+00
 -0.1122797D+01  0.5321382D-01  0.1467309D-02  0.0000000D+00
  0.7292050D+00 -0.7925159D-01 -0.2328017D-01  0.0000000D+00
 -0.2212268D+01  0.1251521D-01  0.4593997D-01  0.0000000D+00
  0.4302278D+01 -0.3123174D-01  0.1061381D-01  0.0000000D+00
  0.1145049D+01  0.3193836D-01  0.5657869D-01  0.0000000D+00
 -0.1315147D+02 -0.5588559D+00 -0.4586691D+00  0.0000000D+00
 -0.3718296D+02 -0.4537269D+01 -0.1820553D+00  0.0000000D+00
 -0.4582215D+02 -0.1053558D+02 -0.2162117D+01  0.0000000D+00
 -0.2923594D+02  0.4301654D+01 -0.1467525D+01  0.0000000D+00
 -0.1422788D+02  0.7542912D+01 -0.3885883D+00  0.0000000D+00
 -0.5256009D+01  0.9604505D+01  0.2510160D+00  0.0000000D+00
 -0.4174637D-01  0.9104505D-01  0.1151315D-01  0.0000000D+00
 -0.2440217D+01 -0.1420929D+00 -0.1923634D-01  0.0000000D+00
  0.1968085D+01  0.3374527D+00  0.3517854D-01  0.0000000D+00
 -0.1033547D+01 -0.4978986D+00 -0.1578088D+00  0.0000000D+00
 -0.2549430D+01  0.1001602D+01  0.3478906D+00  0.0000000D+00
  0.5626977D+01 -0.1781902D+01 -0.8177078D+00  0.0000000D+00
  0.8302527D+01  0.6781021D+01  0.1502930D-01  0.0000000D+00
  0.2680777D+02 -0.1577693D+01  0.4358335D+01  0.0000000D+00
  0.2697205D+02 -0.4389409D+01  0.2696106D+01  0.0000000D+00
  0.6416123D+01 -0.1633581D+01 -0.5495216D+00  0.0000000D+00
 -0.5613717D+01 -0.5071187D-01 -0.2468633D+01  0.0000000D+00
  0.8017999D+00 -0.1683297D+00 -0.3305915D-02  0.0000000D+00
 -0.2015789D+00 -0.2058872D+00  0.7009763D-01  0.0000000D+00
  0.7940167D+00  0.2944131D+00 -0.7619237D-01  0.0000000D+00
 -0.2096413D+01 -0.4929530D+00  0.1468757D+00  0.0000000D+00
 -0.3863914D-01  0.7486337D+00 -0.2787861D+00  0.0000000D+00
  0.1003818D+02 -0.1958052D+01  0.8098451D+00  0.0000000D+00
  0.3394631D+01  0.5873651D+01 -0.1113130D+01  0.0000000D+00
  0.1325395D+02  0.3358835D+01 -0.9025983D+00  0.0000000D+00
  0.8401969D+01  0.5199959D+01 -0.9057410D+00  0.0000000D+00
  0.5194882D+01  0.5620898D+01 -0.3304858D+00  0.0000000D+00
  0.3263853D+01  0.5887617D+01  0.6462542D-02  0.0000000D+00
 -0.6584583D+00 -0.2429927D-02 -0.8416791D-02  0.0000000D+00
  0.1125141D+01  0.3999357D-01  0.1840057D-02  0.0000000D+00
 -0.9004213D+00  0.9865386D-01  0.1062603D-01  0.0000000D+00
 -0.8312986D+00 -0.4302229D-01  0.7707261D-01  0.0000000D+00
  0.3636711D+01 -0.3441962D+00 -0.1288274D+00  0.0000000D+00
 -0.3387565D+01  0.1276880D+01  0.2829051D+00  0.0000000D+00
 -0.4011225D+01  0.2671646D+00  0.3340479D+00  0.0000000D+00
  0.3135959D+01 -0.8837316D-01  0.1625088D+00  0.0000000D+00
  0.4110007D+01  0.2384184D+01 -0.5434958D-01  0.0000000D+00
  0.5986624D+01  0.1437842D+01  0.3502388D+00  0.0000000D+00
  0.7095857D+01  0.9107880D+00  0.5848481D+00  0.0000000D+00
 -0.8028786D+01  0.3924008D+01 -0.1631282D+01  0.0000000D+00
 -0.8234135D+01 -0.9232760D+01  0.1184638D+00  0.0000000D+00
 -0.5748585D+00  0.9017335D+01 -0.2790414D+00  0.0000000D+00
 -0.8329209D+01 -0.7826494D+01 -0.3388931D+00  0.0000000D+00
 -0.1412246D+02  0.6706517D+01  0.9178060D+00  0.0000000D+00
 -0.2131606D+02 -0.6069220D+01  0.4311252D+00  0.0000000D+00
 -0.2004453D+02  0.1008063D+02  0.6750793D+01  0.0000000D+00
 -0.3173850D+02 -0.9596365D+01 -0.6747899D+00  0.0000000D+00
 -0.4171457D+02 -0.2138400D+02 -0.3776442D+01  0.0000000D+00
 -0.2813740D+02  0.4936382D+01 -0.2601510D+01  0.0000000D+00
 -0.2030061D+02  0.2021414D+02 -0.1947809D+01  0.0000000D+00
 -0.1169263D+02  0.4966313D+01 -0.2238094D+01  0.0000000D+00
 -0.3296086D+01 -0.4184610D+01 -0.1966587D+00  0.0000000D+00
 -0.1555046D+01  0.1137722D+01 -0.1794872D-01  0.0000000D+00
 -0.2166395D+01 -0.1211968D+01 -0.5265364D+00  0.0000000D+00
 -0.7714263D+01  0.7026485D+01 -0.7733379D+00  0.0000000D+00
 -0.1210057D+02 -0.3916037D+01  0.3220042D+00  0.0000000D+00
 -0.1887620D+02  0.5732499D+01 -0.3630291D+01  0.0000000D+00
 -0.6835715D+01 -0.8488980D+01  0.1191061D+01  0.0000000D+00
 -0.5992440D+01 -0.1253849D+02  0.1876679D+01  0.0000000D+00
 -0.1302238D+02  0.6968394D+01  0.2418811D+01  0.0000000D+00
 -0.1713212D+02  0.1834056D+02  0.2743950D+01  0.0000000D+00
  0.2028724D+01 -0.1510610D+01  0.2729427D+00  0.0000000D+00
 -0.9292875D+00 -0.1174346D+01  0.3009140D+00  0.0000000D+00
 -0.1198333D+01  0.3634324D+01 -0.7141488D+00  0.0000000D+00
 -0.2455909D+01 -0.3923527D+01 -0.4324682D+00  0.0000000D+00
 -0.4927581D+01  0.3875575D+01  0.1916658D+01  0.0000000D+00
 -0.1547118D+01 -0.1425671D+01  0.9443521D+00  0.0000000D+00
  0.4720818D+01  0.1852073D+01  0.4227267D+01  0.0000000D+00
 -0.6632518D+01 -0.1237483D+02  0.1118591D+01  0.0000000D+00
 -0.1449404D+02 -0.5554827D+01  0.1369677D+01  0.0000000D+00
 -0.1985821D+02 -0.3329101D+01  0.1935505D+01  0.0000000D+00
 -0.2308532D+02 -0.1951333D+01  0.2269915D+01  0.0000000D+00
 -0.1115264D+01 -0.1401765D+00  0.9577924D-02  0.0000000D+00
  0.1224929D+01 -0.5037167D-01 -0.1702500D-01  0.0000000D+00
 -0.2741593D+00  0.2603708D+00 -0.1547589D-02  0.0000000D+00
  0.2124186D+01 -0.5485874D+00  0.9285689D-02  0.0000000D+00
 -0.5683942D+01  0.1396028D+01  0.2327925D-01  0.0000000D+00
  0.9653856D+01 -0.2118735D+01 -0.1137925D+00  0.0000000D+00
 -0.8774340D+01  0.1151990D+01  0.5611041D+00  0.0000000D+00
  0.2580345D+02  0.2790039D+01 -0.1963935D+01  0.0000000D+00
  0.3726449D+02  0.2619453D+01 -0.4325623D+01  0.0000000D+00
  0.1729962D+02  0.7055009D+01 -0.6264315D+01  0.0000000D+00
  0.5736630D+01  0.9645334D+01 -0.7425908D+01  0.0000000D+00
  0.3489470D+00 -0.8898372D-01  0.1178707D-01  0.0000000D+00
  0.7860661D+00 -0.1956216D+00  0.1452775D-01  0.0000000D+00
 -0.2180750D+01  0.4228334D+00  0.3631745D-01  0.0000000D+00
  0.2565301D+01 -0.7879744D+00 -0.1198087D+00  0.0000000D+00
 -0.6861088D+01  0.1444995D+01  0.1736480D+00  0.0000000D+00
 -0.3572322D+01 -0.1850813D+01 -0.9537997D+00  0.0000000D+00
  0.1337479D+02  0.4676313D+01  0.8472411D+00  0.0000000D+00
 -0.1480330D+01 -0.3857239D+01  0.2137145D+01  0.0000000D+00
 -0.7883136D+01 -0.1737972D+02 -0.1234005D+01  0.0000000D+00
  0.4824765D+01 -0.2668454D+01 -0.1582104D+01  0.0000000D+00
  0.1219304D+02  0.5792136D+01 -0.1823529D+01  0.0000000D+00
  0.5023673D+00  0.1058506D+00 -0.2166958D-01  0.0000000D+00
 -0.6759998D+00 -0.7177785D-01  0.9219018D-01  0.0000000D+00
  0.1126972D+01  0.1919663D+00 -0.1994401D+00  0.0000000D+00
 -0.4086098D+00 -0.2301226D+00  0.3936528D+00  0.0000000D+00
  0.2176580D+01  0.4687826D+00 -0.6596101D+00  0.0000000D+00
  0.3962709D+01 -0.1480189D+01  0.1430430D+01  0.0000000D+00
  0.9846940D+01  0.4587413D+01 -0.4057023D+01  0.0000000D+00
 -0.2312534D+01 -0.4799981D-01 -0.1334259D+01  0.0000000D+00
  0.2579126D+00  0.1006117D+02  0.1537143D+00  0.0000000D+00
  0.1271872D+01  0.1128750D+02  0.1600765D+01  0.0000000D+00
  0.1895241D+01  0.1211844D+02  0.2464747D+01  0.0000000D+00
 -0.1530330D+01 -0.1253392D-01  0.1506758D-01  0.0000000D+00
  0.1222267D+01 -0.1142484D+00 -0.2472852D-01  0.0000000D+00
 -0.3677844D+00  0.8345480D-01  0.7408345D-02  0.0000000D+00
  0.4002898D+01 -0.2372238D+00  0.8376299D-02  0.0000000D+00
 -0.7040382D+01  0.3923728D+00  0.2372258D-01  0.0000000D+00
 -0.1863633D+01  0.7149811D-01  0.4344442D+00  0.0000000D+00
 -0.2013327D+01 -0.1093738D+01  0.2930507D+00  0.0000000D+00
  0.9406292D+01  0.5414737D+01 -0.1131879D+01  0.0000000D+00
  0.1308765D+02 -0.1040580D+02  0.7604605D+00  0.0000000D+00
  0.1311415D+02 -0.1090901D+02 -0.1775938D+00  0.0000000D+00
  0.1317133D+02 -0.1138210D+02 -0.7060285D+00  0.0000000D+00
 -0.3441829D+00  0.1219517D+00  0.2052814D-01  0.0000000D+00
  0.1677053D+01 -0.1297610D+00 -0.5191415D-01  0.0000000D+00
 -0.3733743D+01  0.1226927D+00  0.9217153D-01  0.0000000D+00
  0.2797234D+01 -0.2110552D+00 -0.1907657D+00  0.0000000D+00
 -0.4633164D+01  0.2247895D+00  0.2585659D+00  0.0000000D+00
 -0.7031269D+01  0.9691424D+00 -0.4522213D+00  0.0000000D+00
  0.6480279D+01 -0.2766343D+00  0.1322947D+01  0.0000000D+00
 -0.4052631D+01 -0.1646519D+01  0.1803402D+01  0.0000000D+00
 -0.8500278D+01  0.3159831D+01  0.1117012D+01  0.0000000D+00
 -0.6403809D+01 -0.3494179D+01  0.1248856D+00  0.0000000D+00
 -0.5225834D+01 -0.7337336D+01 -0.4635660D+00  0.0000000D+00
  0.7246660D+00 -0.3088405D-01 -0.6397164D-02  0.0000000D+00
 -0.1409200D+01  0.9152206D-01  0.1354686D-01  0.0000000D+00
  0.3993482D+00 -0.8781009D-01 -0.7242093D-01  0.0000000D+00
 -0.1950636D+01  0.2251467D+00  0.1823006D+00  0.0000000D+00
  0.3843305D+01 -0.4174390D+00 -0.3205757D+00  0.0000000D+00
  0.2858535D+01 -0.2482524D+00  0.3886538D+00  0.0000000D+00
 -0.1224931D+01  0.5394682D+00 -0.1584158D+01  0.0000000D+00
  0.8444578D+01  0.4355193D+01  0.6226504D+00  0.0000000D+00
  0.9738309D+01  0.6240332D+01 -0.7768795D+00  0.0000000D+00
 -0.2580118D+00  0.5956704D+01 -0.3079123D+00  0.0000000D+00
 -0.6092624D+01  0.5811750D+01 -0.4888331D-01  0.0000000D+00
