  3  2   693 10944  4  4  9 11  7  1    0.00   24.00  100.00  600.00    0.00    6.28   45.00   45.00
  100.0  100.0  100.0  100.0  125.0  150.0  190.0  230.0  275.0  350.0  450.0  600.0  600.0  600.0  600.0
  0.1233611D+05 -0.3311280D+04 -0.6447006D+03  0.0000000D+00
  0.1304295D+05 -0.3531377D+04  0.1832652D+04  0.0000000D+00
  0.1485579D+04 -0.4199955D+04 -0.8180060D+03  0.0000000D+00
  0.2011593D+05  0.2856101D+04  0.3048350D+04  0.0000000D+00
  0.5081115D+05 -0.7437023D+04 -0.2657775D+04  0.0000000D+00
  0.6867903D+05 -0.1321289D+05  0.3810236D+04  0.0000000D+00
  0.6257404D+05 -0.1845793D+05  0.1815125D+04  0.0000000D+00
  0.2860273D+06 -0.6315407D+05  0.3089872D+05  0.0000000D+00
  0.7216422D+06 -0.8514908D+05  0.3035244D+05  0.0000000D+00
  0.8534222D+06 -0.8777559D+05  0.2407461D+05  0.0000000D+00
  0.9354396D+06 -0.8956126D+05  0.2039505D+05  0.0000000D+00
  0.1816466D+04 -0.9144761D+03 -0.7820891D+03  0.0000000D+00
 -0.1607862D+04  0.2809590D+04 -0.9760183D+03  0.0000000D+00
 -0.4267740D+04 -0.7439446D+04 -0.1331156D+04  0.0000000D+00
  0.6393420D+04  0.3698934D+04  0.1082032D+04  0.0000000D+00
  0.4094668D+05 -0.9556514D+04 -0.2534789D+03  0.0000000D+00
  0.1960112D+05 -0.6281005D+04 -0.3021516D+04  0.0000000D+00
  0.3147690D+05 -0.4865321D+05 -0.2079724D+04  0.0000000D+00
  0.1480944D+06 -0.4138862D+05 -0.9422205D+04  0.0000000D+00
  0.7901731D+05 -0.1594529D+05 -0.1163167D+05  0.0000000D+00
  0.7189338D+05 -0.8906514D+04 -0.7954091D+04  0.0000000D+00
  0.6696466D+05 -0.4497964D+04 -0.5826995D+04  0.0000000D+00
 -0.3745214D+04  0.3106865D+04  0.6001369D+03  0.0000000D+00
  0.6730655D+04 -0.5153774D+04  0.1878410D+04  0.0000000D+00
 -0.3768776D+04  0.8010182D+03 -0.3131396D+03  0.0000000D+00
  0.1201408D+05  0.2671827D+04  0.2275604D+04  0.0000000D+00
 -0.3096295D+05 -0.1309150D+04  0.2305900D+03  0.0000000D+00
  0.2887475D+05  0.1774261D+05  0.3250764D+04  0.0000000D+00
 -0.4368985D+05 -0.2284887D+04  0.2504631D+04  0.0000000D+00
  0.1200129D+06  0.4439363D+04  0.3138048D+05  0.0000000D+00
  0.9387052D+05  0.2691937D+04  0.1733090D+05  0.0000000D+00
  0.7722124D+04  0.3023984D+03  0.5916323D+04  0.0000000D+00
 -0.4299119D+05 -0.1115479D+04 -0.9227768D+03  0.0000000D+00
  0.4188637D+03  0.4795671D+02  0.2614683D+01  0.0000000D+00
 -0.1226956D+04 -0.2749296D+03 -0.1191141D+02  0.0000000D+00
  0.2286657D+04  0.4912204D+03  0.1878517D+02  0.0000000D+00
 -0.3206144D+04 -0.8507866D+03 -0.3329399D+02  0.0000000D+00
  0.6219757D+04  0.1631218D+04  0.7772076D+01  0.0000000D+00
 -0.6898354D+04 -0.3785872D+04  0.3235941D+03  0.0000000D+00
  0.2900860D+05  0.7367450D+04  0.2092306D+04  0.0000000D+00
  0.3312764D+05  0.8121169D+04 -0.1843504D+02  0.0000000D+00
  0.6661648D+04 -0.1588222D+04  0.5935485D+04  0.0000000D+00
  0.1159388D+04  0.6035628D+03  0.1256909D+05  0.0000000D+00
 -0.2361291D+04  0.1777096D+04  0.1651832D+05  0.0000000D+00
  0.3911591D+03 -0.4379904D+02 -0.5186288D+01  0.0000000D+00
  0.1119267D+04  0.2005337D+03  0.2587952D+02  0.0000000D+00
 -0.1244867D+04 -0.3581106D+03 -0.4121805D+02  0.0000000D+00
  0.2426886D+04  0.6089986D+03  0.6696496D+02  0.0000000D+00
 -0.5230291D+04 -0.1155346D+04 -0.1261328D+03  0.0000000D+00
  0.1026322D+05  0.2684840D+04  0.3434192D+03  0.0000000D+00
 -0.1564991D+05 -0.2204939D+04  0.1848542D+03  0.0000000D+00
  0.3013936D+05 -0.2427765D+04  0.2552139D+03  0.0000000D+00
  0.1554795D+05  0.6590434D+02 -0.2519674D+04  0.0000000D+00
 -0.8339024D+04  0.1020354D+03 -0.4365005D+04  0.0000000D+00
 -0.2247689D+05  0.1513623D+03 -0.5475815D+04  0.0000000D+00
 -0.3759885D+03 -0.5034700D+02  0.4639388D+01  0.0000000D+00
 -0.7512560D+02  0.2693797D+03 -0.2625752D+02  0.0000000D+00
 -0.8211876D+03 -0.4820548D+03  0.4074523D+02  0.0000000D+00
  0.2007514D+03  0.7988843D+03 -0.7887685D+02  0.0000000D+00
 -0.7302199D+03 -0.1528097D+04  0.1657346D+03  0.0000000D+00
  0.1585884D+04  0.3512432D+04 -0.5466009D+03  0.0000000D+00
 -0.3153971D+04 -0.7840226D+04 -0.1260460D+04  0.0000000D+00
  0.2387634D+05 -0.9505174D+03 -0.8741049D+02  0.0000000D+00
  0.2045371D+05  0.1005622D+04 -0.3051970D+04  0.0000000D+00
  0.1004223D+05  0.7043389D+03 -0.2253015D+04  0.0000000D+00
  0.3906201D+04  0.5505341D+03 -0.1818565D+04  0.0000000D+00
 -0.5609843D+03  0.6742519D+02  0.2355281D+02  0.0000000D+00
 -0.1096920D+04 -0.3268438D+03 -0.9852698D+02  0.0000000D+00
  0.5993192D+03  0.5772981D+03  0.1859494D+03  0.0000000D+00
 -0.1476014D+04 -0.9751513D+03 -0.3121056D+03  0.0000000D+00
  0.3411893D+04  0.1685050D+04  0.5968314D+03  0.0000000D+00
 -0.6982691D+04 -0.2539991D+04 -0.1339060D+04  0.0000000D+00
  0.7812449D+04  0.5078917D+04  0.1629853D+04  0.0000000D+00
 -0.2846018D+05  0.4273948D+04  0.1311388D+02  0.0000000D+00
 -0.2941213D+05 -0.3197199D+03 -0.3752281D+03  0.0000000D+00
 -0.1082768D+05 -0.2035969D+03  0.2766014D+04  0.0000000D+00
  0.3849875D+02 -0.1876723D+03  0.4599598D+04  0.0000000D+00
  0.2484814D+03 -0.1050134D+02 -0.1253404D+02  0.0000000D+00
  0.1805858D+03  0.9503500D+02  0.6280101D+02  0.0000000D+00
  0.7618621D+03 -0.1651453D+03 -0.1070207D+03  0.0000000D+00
 -0.4877338D+03  0.2829629D+03  0.1813475D+03  0.0000000D+00
  0.1304181D+04 -0.5512573D+03 -0.3204340D+03  0.0000000D+00
 -0.1101039D+04  0.1345113D+04  0.5167750D+03  0.0000000D+00
  0.2234539D+04 -0.4214927D+04  0.3875847D+03  0.0000000D+00
  0.9360671D+04  0.5550214D+03  0.3070371D+04  0.0000000D+00
  0.2473412D+04 -0.7260033D+03  0.2849038D+04  0.0000000D+00
 -0.4586651D+03 -0.1556380D+03 -0.8888548D+03  0.0000000D+00
 -0.2253696D+04  0.1636995D+03 -0.3079365D+04  0.0000000D+00
  0.8055141D+02 -0.1302683D+02 -0.7712330D+01  0.0000000D+00
  0.1110642D+04  0.2698060D+02  0.3590459D+02  0.0000000D+00
 -0.9803630D+03 -0.2878708D+02 -0.7948684D+02  0.0000000D+00
  0.1954436D+04  0.7189860D+02  0.1299121D+03  0.0000000D+00
 -0.3900824D+04 -0.1370801D+02 -0.2704612D+03  0.0000000D+00
  0.7362516D+04 -0.9061047D+03  0.6285861D+03  0.0000000D+00
 -0.1177091D+05  0.1387236D+04 -0.8483006D+03  0.0000000D+00
  0.1906861D+05  0.1339365D+04  0.7787467D+03  0.0000000D+00
  0.1330466D+05  0.4761863D+03  0.6893982D+03  0.0000000D+00
  0.1306872D+04  0.5388489D+03  0.1281709D+04  0.0000000D+00
 -0.5779841D+04  0.5659090D+03  0.1628017D+04  0.0000000D+00
  0.5774838D+04 -0.1295657D+04 -0.7013594D+03  0.0000000D+00
  0.1144109D+05  0.4661513D+04  0.1584000D+04  0.0000000D+00
 -0.6101447D+04 -0.9282323D+03 -0.1092206D+04  0.0000000D+00
  0.2658971D+05  0.3013305D+04  0.2608312D+04  0.0000000D+00
  0.2048271D+05 -0.1004048D+05 -0.3876066D+04  0.0000000D+00
  0.4264521D+05 -0.4336873D+04 -0.1214813D+04  0.0000000D+00
  0.2294546D+05 -0.1432925D+05  0.6582018D+04  0.0000000D+00
  0.2354091D+06  0.1617677D+05  0.3432730D+04  0.0000000D+00
  0.1669129D+06  0.1040925D+05  0.1298436D+04  0.0000000D+00
  0.7234359D+05  0.7160230D+04  0.1704459D+04  0.0000000D+00
  0.1621610D+05  0.5194442D+04  0.1919613D+04  0.0000000D+00
  0.3224541D+04  0.2392156D+03 -0.9656651D+03  0.0000000D+00
 -0.9776226D+04  0.4550749D+04  0.1510629D+03  0.0000000D+00
 -0.2778387D+04 -0.3257839D+04 -0.9995480D+03  0.0000000D+00
  0.6264908D+04  0.6265729D+04  0.1733440D+04  0.0000000D+00
  0.2542640D+05 -0.8769556D+04 -0.2016889D+04  0.0000000D+00
 -0.1023504D+04 -0.6002260D+04  0.1271797D+04  0.0000000D+00
 -0.4325736D+04 -0.4300989D+05 -0.1918852D+04  0.0000000D+00
  0.5625670D+05 -0.1513430D+05  0.4782856D+04  0.0000000D+00
 -0.4205536D+05  0.2072209D+05  0.8064208D+04  0.0000000D+00
 -0.3774409D+05  0.1707572D+05  0.1351826D+05  0.0000000D+00
 -0.3631693D+05  0.1534441D+05  0.1675058D+05  0.0000000D+00
 -0.1307156D+03 -0.4821411D+04  0.8352008D+03  0.0000000D+00
 -0.1019317D+04  0.6071149D+04  0.1502581D+04  0.0000000D+00
  0.9106897D+03 -0.5411609D+04 -0.6056721D+03  0.0000000D+00
  0.1201387D+04  0.3888998D+04  0.9863606D+03  0.0000000D+00
 -0.1572336D+05  0.9849781D+03  0.1717480D+04  0.0000000D+00
 -0.6030562D+04  0.5295247D+04  0.1042015D+04  0.0000000D+00
  0.9519095D+04 -0.3235814D+04  0.5303334D+04  0.0000000D+00
  0.1988944D+05  0.1647618D+05  0.8014783D+04  0.0000000D+00
 -0.6805320D+03  0.5672445D+04  0.9268780D+03  0.0000000D+00
  0.1781642D+05  0.6204729D+04  0.6671792D+02  0.0000000D+00
  0.2840635D+05  0.6394561D+04 -0.5135181D+03  0.0000000D+00
  0.2608150D+03 -0.2728322D+02  0.1259359D+02  0.0000000D+00
 -0.2671938D+03  0.1967585D+03 -0.5725238D+02  0.0000000D+00
  0.9738730D+03 -0.3537355D+03  0.9490218D+02  0.0000000D+00
 -0.9360268D+03  0.5449959D+03 -0.1668323D+03  0.0000000D+00
  0.6735575D+03 -0.7617348D+03  0.2703141D+03  0.0000000D+00
 -0.2673875D+04 -0.4973742D+01 -0.3672284D+03  0.0000000D+00
  0.1097876D+05 -0.3619537D+04  0.4526264D+04  0.0000000D+00
  0.2327859D+05 -0.6443549D+04  0.3702384D+04  0.0000000D+00
  0.6251036D+04  0.1445623D+04  0.3234686D+04  0.0000000D+00
  0.8015482D+03 -0.1976833D+04  0.7792654D+04  0.0000000D+00
 -0.2581658D+04 -0.3891170D+04  0.1045836D+05  0.0000000D+00
  0.2624658D+03 -0.3244859D+02  0.2063349D+01  0.0000000D+00
 -0.1094926D+04  0.2016184D+03 -0.2520519D+02  0.0000000D+00
  0.1075273D+04 -0.3707277D+03  0.4608149D+02  0.0000000D+00
 -0.2397268D+04  0.6885796D+03 -0.7957410D+02  0.0000000D+00
  0.1620113D+04 -0.1493622D+04  0.1575389D+03  0.0000000D+00
 -0.3729379D+04  0.4506911D+04 -0.3195864D+03  0.0000000D+00
  0.9416433D+04 -0.4571913D+03  0.1374543D+04  0.0000000D+00
 -0.1362573D+05 -0.6704322D+04 -0.6265952D+03  0.0000000D+00
  0.1700321D+05 -0.1508581D+04 -0.5115609D+02  0.0000000D+00
  0.1678070D+05  0.6057858D+03  0.6076321D+04  0.0000000D+00
  0.1698735D+05  0.1902237D+04  0.9671930D+04  0.0000000D+00
 -0.7878718D+02 -0.4097213D+02 -0.4165909D+00  0.0000000D+00
  0.6030992D+03  0.2057883D+03  0.4566107D+01  0.0000000D+00
 -0.1936741D+04 -0.3598279D+03 -0.1108642D+02  0.0000000D+00
  0.2424061D+04  0.6619880D+03  0.1354162D+02  0.0000000D+00
 -0.3877912D+04 -0.1294166D+04 -0.1435530D+02  0.0000000D+00
  0.1021763D+05  0.3182640D+04 -0.1092751D+03  0.0000000D+00
 -0.1661022D+05 -0.3740905D+04 -0.3032466D+04  0.0000000D+00
  0.4954368D+05  0.1352725D+04 -0.1435222D+04  0.0000000D+00
  0.1462394D+05  0.8657645D+03 -0.4031112D+04  0.0000000D+00
 -0.1248739D+05 -0.3792679D+03 -0.7844286D+04  0.0000000D+00
 -0.2874373D+05 -0.1113894D+04 -0.1010713D+05  0.0000000D+00
 -0.2718408D+03 -0.2125668D+02  0.1866566D+02  0.0000000D+00
  0.7466929D+03  0.6160929D+02 -0.5649299D+02  0.0000000D+00
  0.2132917D+03 -0.1035698D+03  0.8537148D+02  0.0000000D+00
  0.6956611D+03  0.1965474D+03 -0.1493627D+03  0.0000000D+00
  0.2431009D+03 -0.3730383D+03  0.2727162D+03  0.0000000D+00
 -0.2579421D+04  0.8049672D+03 -0.5192049D+03  0.0000000D+00
  0.4467110D+04 -0.5160591D+04  0.7719076D+03  0.0000000D+00
 -0.6975010D+04  0.8068065D+03  0.1993453D+04  0.0000000D+00
  0.6694625D+04  0.9565229D+03 -0.2842399D+04  0.0000000D+00
  0.7729356D+04  0.1256961D+04  0.1330212D+04  0.0000000D+00
  0.8486493D+04  0.1434930D+04  0.3721516D+04  0.0000000D+00
 -0.3720951D+03  0.2525431D+02  0.1546784D+01  0.0000000D+00
 -0.1163678D+03 -0.1040508D+03 -0.9016886D+01  0.0000000D+00
  0.6902447D+03  0.1815237D+03  0.3449398D+02  0.0000000D+00
 -0.7083321D+03 -0.2762505D+03 -0.5035141D+02  0.0000000D+00
  0.1585562D+04  0.3619903D+03  0.7561210D+02  0.0000000D+00
 -0.1837218D+04  0.4154361D+03 -0.4116490D+02  0.0000000D+00
  0.2861093D+04 -0.1323898D+04  0.2204708D+04  0.0000000D+00
  0.1095045D+05 -0.1567180D+04  0.1333954D+04  0.0000000D+00
 -0.9753893D+04 -0.1516880D+04  0.4300224D+04  0.0000000D+00
 -0.9925273D+04 -0.4225906D+03 -0.1589482D+04  0.0000000D+00
 -0.1025761D+05  0.2182955D+03 -0.5006234D+04  0.0000000D+00
  0.6670902D+02  0.1357742D+02 -0.1274258D+02  0.0000000D+00
 -0.9354242D+02 -0.4905150D+02  0.2568753D+02  0.0000000D+00
 -0.4455408D+03  0.6982935D+02 -0.4489095D+02  0.0000000D+00
  0.6684218D+03 -0.1787557D+03  0.7169385D+02  0.0000000D+00
 -0.2492088D+04  0.4585933D+03 -0.1514675D+03  0.0000000D+00
  0.5493763D+04 -0.1927941D+04  0.3118097D+03  0.0000000D+00
 -0.8782770D+04  0.6668311D+02 -0.5491621D+03  0.0000000D+00
  0.1750443D+05  0.2107353D+04 -0.1917405D+04  0.0000000D+00
  0.2607382D+04 -0.1631876D+04 -0.1777560D+04  0.0000000D+00
 -0.2454000D+04 -0.1668040D+03 -0.2643336D+04  0.0000000D+00
 -0.5584163D+04  0.6486613D+03 -0.3149420D+04  0.0000000D+00
 -0.5289427D+04  0.3225121D+04  0.1247635D+03  0.0000000D+00
  0.1356862D+04  0.1332034D+04 -0.1122920D+04  0.0000000D+00
  0.2744675D+04  0.2147473D+04  0.7500836D+03  0.0000000D+00
 -0.5140371D+04  0.2451120D+04 -0.7167219D+03  0.0000000D+00
  0.4332652D+04  0.3511215D+03  0.1300260D+04  0.0000000D+00
 -0.6296243D+04  0.6571346D+04  0.1907561D+04  0.0000000D+00
  0.8778716D+04 -0.1581354D+03 -0.4736390D+04  0.0000000D+00
 -0.1102259D+05  0.1133987D+05 -0.7939121D+04  0.0000000D+00
  0.2699231D+05  0.4449967D+05 -0.2416515D+04  0.0000000D+00
  0.3631407D+05  0.4813688D+05  0.1334041D+04  0.0000000D+00
  0.4218683D+05  0.5064008D+05  0.3589939D+04  0.0000000D+00
 -0.2905027D+04  0.5949314D+04 -0.7387869D+03  0.0000000D+00
 -0.7520743D+03 -0.3332959D+04  0.3372140D+03  0.0000000D+00
  0.3893590D+04  0.3567686D+04  0.1607946D+03  0.0000000D+00
 -0.8342076D+04 -0.1288484D+03 -0.6031396D+03  0.0000000D+00
  0.7804548D+04  0.1318400D+03  0.2009166D+04  0.0000000D+00
 -0.3113595D+04  0.8233989D+04  0.7635046D+03  0.0000000D+00
 -0.2660554D+03 -0.5587847D+04 -0.3508608D+04  0.0000000D+00
  0.1845567D+05  0.1272093D+05 -0.3671156D+04  0.0000000D+00
  0.2125402D+05 -0.5899018D+04 -0.8222321D+04  0.0000000D+00
  0.2102374D+05 -0.1695850D+05 -0.1542410D+04  0.0000000D+00
  0.2092471D+05 -0.2364322D+05  0.2319695D+04  0.0000000D+00
  0.3971873D+04 -0.2263460D+03  0.7039335D+03  0.0000000D+00
  0.1734510D+04  0.1619899D+04 -0.1414245D+04  0.0000000D+00
  0.2434118D+04  0.1722979D+04  0.8154844D+03  0.0000000D+00
 -0.2960376D+03 -0.3008363D+04 -0.3462756D+03  0.0000000D+00
  0.7135206D+04  0.3941610D+04 -0.2853349D+03  0.0000000D+00
 -0.6917459D+04 -0.3769229D+04  0.9794577D+03  0.0000000D+00
  0.1404425D+05  0.5742699D+04 -0.1452600D+04  0.0000000D+00
 -0.5788058D+05 -0.2244306D+05 -0.4494333D+04  0.0000000D+00
  0.3018933D+05 -0.7182876D+04 -0.3603702D+04  0.0000000D+00
  0.6366818D+05 -0.3689241D+04  0.5251379D+03  0.0000000D+00
  0.8424191D+05 -0.1472016D+04  0.2950502D+04  0.0000000D+00
  0.3337286D+03 -0.1438652D+02  0.1885353D+02  0.0000000D+00
  0.3022258D+03  0.9881675D+02 -0.8884229D+02  0.0000000D+00
  0.3557667D+02 -0.1752332D+03  0.1787578D+03  0.0000000D+00
  0.6322489D+03  0.3131044D+03 -0.2910923D+03  0.0000000D+00
 -0.1387085D+04 -0.5861839D+03  0.4798343D+03  0.0000000D+00
  0.8703984D+03  0.1307825D+04 -0.5959868D+03  0.0000000D+00
 -0.7322888D+04 -0.3005067D+04  0.2679463D+04  0.0000000D+00
  0.1855700D+05 -0.3715670D+04 -0.2423343D+04  0.0000000D+00
  0.7322301D+04 -0.8532394D+03  0.2752386D+04  0.0000000D+00
 -0.2400903D+04 -0.2738038D+04  0.8394282D+04  0.0000000D+00
 -0.8212734D+04 -0.3810457D+04  0.1175354D+05  0.0000000D+00
  0.2688839D+02 -0.4855131D+01 -0.1108371D+02  0.0000000D+00
 -0.5545501D+02 -0.6322333D+02  0.4191204D+02  0.0000000D+00
  0.4117854D+03  0.1284428D+03 -0.8576645D+02  0.0000000D+00
 -0.1057634D+04 -0.2258191D+03  0.1494504D+03  0.0000000D+00
  0.1187335D+04  0.3445932D+03 -0.3467736D+03  0.0000000D+00
 -0.1371300D+04  0.3400870D+02  0.1140875D+04  0.0000000D+00
  0.6874753D+04  0.2794229D+04 -0.1401490D+04  0.0000000D+00
 -0.9388836D+04  0.1456286D+04 -0.5049491D+04  0.0000000D+00
  0.7441798D+04 -0.3312352D+03 -0.9699776D+04  0.0000000D+00
  0.1448649D+05  0.4518712D+03 -0.2898216D+04  0.0000000D+00
  0.1879204D+05  0.8901944D+03  0.1034254D+04  0.0000000D+00
 -0.6449882D+03  0.4298084D+02 -0.6947102D+01  0.0000000D+00
 -0.1155853D+03 -0.2467196D+03  0.3057571D+02  0.0000000D+00
 -0.4797859D+03  0.4150001D+03 -0.5935826D+02  0.0000000D+00
 -0.1548799D+02 -0.7157415D+03  0.9701170D+02  0.0000000D+00
  0.5009294D+03  0.1284342D+04 -0.1243819D+03  0.0000000D+00
  0.9907524D+02 -0.2199790D+04 -0.3426851D+02  0.0000000D+00
  0.1559529D+04  0.2156122D+04  0.6419461D+02  0.0000000D+00
  0.1290582D+05  0.7758193D+04  0.2895175D+04  0.0000000D+00
 -0.1205848D+05  0.7103754D+03  0.1909895D+04  0.0000000D+00
 -0.9705616D+04 -0.1011343D+04  0.2126220D+04  0.0000000D+00
 -0.8609560D+04 -0.2099265D+04  0.2242802D+04  0.0000000D+00
 -0.1466672D+03 -0.2950284D+02  0.3989573D+02  0.0000000D+00
  0.6679323D+02  0.1659992D+03 -0.1643784D+03  0.0000000D+00
 -0.6028659D+02 -0.2794575D+03  0.3093673D+03  0.0000000D+00
  0.4106683D+03  0.4722259D+03 -0.5223386D+03  0.0000000D+00
 -0.1114767D+04 -0.7483073D+03  0.1001981D+04  0.0000000D+00
  0.1116688D+04  0.6023308D+03 -0.2335148D+04  0.0000000D+00
  0.4663553D+04 -0.4655092D+04  0.4165348D+04  0.0000000D+00
  0.3554229D+05  0.6286894D+04  0.3598994D+04  0.0000000D+00
  0.8123929D+04  0.1433203D+04  0.4190628D+03  0.0000000D+00
 -0.2710924D+04  0.5825561D+03 -0.4468069D+03  0.0000000D+00
 -0.9355515D+04  0.3043897D+02 -0.9923119D+03  0.0000000D+00
  0.3475444D+03 -0.2105630D+01 -0.1144464D+02  0.0000000D+00
 -0.3931256D+03  0.5555543D+02  0.5046366D+02  0.0000000D+00
  0.7459411D+03 -0.9663524D+02 -0.9150365D+02  0.0000000D+00
 -0.5976108D+03  0.1583624D+03  0.1566300D+03  0.0000000D+00
 -0.1414673D+03 -0.2430316D+03 -0.2821052D+03  0.0000000D+00
  0.5304711D+03  0.2759270D+03  0.5429548D+03  0.0000000D+00
  0.1665189D+04  0.2226361D+04 -0.1468950D+04  0.0000000D+00
  0.1605775D+04  0.1466046D+03  0.8218681D+02  0.0000000D+00
  0.1075360D+05  0.1930879D+03  0.6030487D+03  0.0000000D+00
  0.7572103D+04 -0.3557737D+03 -0.5032922D+03  0.0000000D+00
  0.5811446D+04 -0.6765378D+03 -0.1144373D+04  0.0000000D+00
  0.5348395D+03 -0.2680903D+02 -0.9058753D+01  0.0000000D+00
 -0.3772748D+03  0.8922185D+02  0.3158324D+02  0.0000000D+00
  0.9967479D+03 -0.1678011D+03 -0.6119116D+02  0.0000000D+00
 -0.1702928D+04  0.2978095D+03  0.1015528D+03  0.0000000D+00
  0.3456194D+04 -0.6481234D+03 -0.2110911D+03  0.0000000D+00
 -0.6417625D+04  0.1806690D+04  0.6014969D+03  0.0000000D+00
  0.1426622D+05 -0.2356264D+04 -0.6539540D+03  0.0000000D+00
  0.6315341D+04 -0.2133152D+04  0.1006819D+04  0.0000000D+00
 -0.2387870D+05 -0.7878063D+03  0.5193946D+03  0.0000000D+00
 -0.1160894D+05 -0.8402612D+02  0.6465182D+03  0.0000000D+00
 -0.4768540D+04  0.3434330D+03  0.7165967D+03  0.0000000D+00
  0.4820917D+03  0.1149530D+04 -0.2723647D+03  0.0000000D+00
 -0.3409374D+03 -0.8546032D+03  0.4089441D+03  0.0000000D+00
 -0.1258499D+04 -0.1086513D+04 -0.4355987D+02  0.0000000D+00
  0.4915490D+04  0.2669163D+04 -0.2518180D+02  0.0000000D+00
 -0.2213660D+04 -0.3993457D+04 -0.7048237D+03  0.0000000D+00
  0.1454504D+04  0.5483988D+04 -0.1268939D+03  0.0000000D+00
  0.4976267D+04 -0.3158117D+04  0.1002092D+04  0.0000000D+00
  0.2657118D+05  0.1938333D+04  0.1369380D+03  0.0000000D+00
  0.2248137D+05  0.1243795D+05 -0.2206096D+04  0.0000000D+00
  0.1184165D+05  0.1296181D+05 -0.3868882D+04  0.0000000D+00
  0.5565232D+04  0.1338672D+05 -0.4868831D+04  0.0000000D+00
  0.2635861D+04  0.8224313D+03 -0.2755269D+03  0.0000000D+00
 -0.4339925D+04 -0.2822453D+04  0.2266479D+03  0.0000000D+00
  0.1387933D+04  0.9444062D+03  0.6655109D+02  0.0000000D+00
 -0.2759177D+04  0.2255746D+04 -0.1344550D+01  0.0000000D+00
 -0.1029087D+05 -0.2552874D+04  0.1504066D+03  0.0000000D+00
 -0.9180293D+04  0.6683367D+04  0.2516909D+03  0.0000000D+00
 -0.2374246D+05 -0.1152829D+05 -0.2400981D+04  0.0000000D+00
 -0.2685268D+04  0.4040617D+04  0.2435678D+04  0.0000000D+00
  0.8702067D+04  0.5568908D+04  0.8031715D+03  0.0000000D+00
  0.1032844D+05  0.2924586D+04 -0.3230098D+04  0.0000000D+00
  0.1141275D+05  0.1395110D+04 -0.5610804D+04  0.0000000D+00
  0.1768981D+04 -0.6607725D+03  0.2829701D+03  0.0000000D+00
  0.7463550D+03 -0.8050420D+03  0.3754783D+03  0.0000000D+00
 -0.1458484D+04 -0.2905769D+03  0.2471205D+02  0.0000000D+00
  0.2454884D+04  0.2517890D+03 -0.2593392D+03  0.0000000D+00
 -0.5168722D+04  0.4679393D+03  0.1234216D+04  0.0000000D+00
 -0.6819123D+04  0.1005242D+03  0.6035522D+03  0.0000000D+00
  0.7154393D+04  0.2623381D+04 -0.1892308D+01  0.0000000D+00
 -0.1545304D+05  0.3699259D+03 -0.3218702D+03  0.0000000D+00
  0.5405741D+04  0.6687800D+04 -0.1836180D+04  0.0000000D+00
  0.2281714D+05  0.8184263D+04  0.1652958D+04  0.0000000D+00
  0.3323970D+05  0.9131111D+04  0.3679004D+04  0.0000000D+00
  0.1325714D+03 -0.2310659D+01  0.4170591D+01  0.0000000D+00
 -0.1000285D+03 -0.6050656D+01 -0.4102547D+02  0.0000000D+00
  0.1533512D+03  0.3245021D+02  0.6605054D+02  0.0000000D+00
 -0.1033765D+03 -0.4604486D+02 -0.1169795D+03  0.0000000D+00
  0.1003328D+03  0.1409183D+02  0.2079803D+03  0.0000000D+00
 -0.1555038D+04  0.6719538D+03 -0.3682093D+03  0.0000000D+00
  0.2388700D+04  0.2366340D+04  0.2277219D+04  0.0000000D+00
  0.8208598D+03 -0.1863927D+04  0.4190074D+03  0.0000000D+00
 -0.7274132D+04 -0.1105975D+04  0.1869971D+04  0.0000000D+00
 -0.1323654D+05 -0.7740587D+03 -0.2611190D+04  0.0000000D+00
 -0.1681521D+05 -0.5715210D+03 -0.5219315D+04  0.0000000D+00
 -0.2690721D+03  0.1219948D+01  0.9428825D+00  0.0000000D+00
 -0.2090337D+02  0.4395595D+02 -0.6722898D+01  0.0000000D+00
 -0.1940666D+03 -0.6331581D+02  0.2447444D+02  0.0000000D+00
  0.2626357D+03  0.7566264D+02 -0.3611532D+02  0.0000000D+00
 -0.8533381D+03 -0.1021750D+03  0.6943514D+02  0.0000000D+00
  0.5352264D+03  0.8385266D+02 -0.2590507D+03  0.0000000D+00
 -0.6130703D+04  0.2627273D+03 -0.3502839D+03  0.0000000D+00
 -0.1804941D+05  0.2094998D+04 -0.1940016D+04  0.0000000D+00
 -0.5348811D+03  0.2557145D+03  0.1380209D+04  0.0000000D+00
  0.1082610D+03  0.5830625D+03  0.8445063D+03  0.0000000D+00
  0.6822332D+03  0.7541004D+03  0.5668728D+03  0.0000000D+00
 -0.1927834D+02  0.1607604D+02 -0.1463621D+02  0.0000000D+00
  0.2147414D+03 -0.9090373D+02  0.7656183D+02  0.0000000D+00
 -0.8109815D+03  0.1321691D+03 -0.1389895D+03  0.0000000D+00
  0.1184814D+04 -0.2573046D+03  0.2246350D+03  0.0000000D+00
 -0.1565151D+04  0.5673922D+03 -0.3877432D+03  0.0000000D+00
  0.4041239D+04 -0.1444306D+04  0.6258422D+03  0.0000000D+00
 -0.9009934D+03  0.6966818D+03 -0.2308877D+04  0.0000000D+00
  0.1835951D+05 -0.2694897D+03  0.4703251D+03  0.0000000D+00
  0.9984509D+04  0.1272844D+04 -0.1039338D+04  0.0000000D+00
 -0.1016371D+04 -0.8028849D+02 -0.1861914D+04  0.0000000D+00
 -0.7551737D+04 -0.8552873D+03 -0.2359791D+04  0.0000000D+00
 -0.1659935D+03 -0.6053753D+01  0.9856512D+00  0.0000000D+00
  0.4217579D+03 -0.3637089D+01  0.1101868D+02  0.0000000D+00
 -0.2827030D+03  0.2381713D+02 -0.2996007D+02  0.0000000D+00
  0.1026287D+04 -0.5164287D+02  0.3817862D+02  0.0000000D+00
 -0.2408443D+04  0.1078394D+03 -0.5827216D+02  0.0000000D+00
  0.4340029D+04 -0.3920466D+03  0.1284265D+03  0.0000000D+00
 -0.9601807D+04 -0.1925280D+03  0.7186346D+03  0.0000000D+00
 -0.1362930D+05 -0.2601321D+04  0.1182542D+04  0.0000000D+00
 -0.1191233D+05 -0.2193939D+03  0.7784839D+03  0.0000000D+00
 -0.1218650D+05  0.8630054D+03 -0.2749931D+04  0.0000000D+00
 -0.1232433D+05  0.1523751D+04 -0.4820792D+04  0.0000000D+00
 -0.5401916D+02 -0.6024095D+01  0.6623199D+01  0.0000000D+00
 -0.1862180D+03 -0.5122282D+01 -0.2681115D+02  0.0000000D+00
  0.9906042D+03  0.6851680D+01  0.5759916D+02  0.0000000D+00
 -0.1676442D+04 -0.5009286D+01 -0.9348538D+02  0.0000000D+00
  0.2657325D+04 -0.1747307D+02  0.1578117D+03  0.0000000D+00
 -0.3370641D+04  0.3519009D+03 -0.2504484D+03  0.0000000D+00
  0.4155462D+04 -0.6000998D+03  0.9922309D+03  0.0000000D+00
 -0.4157286D+04  0.2139210D+04  0.2784624D+03  0.0000000D+00
 -0.5313308D+04 -0.9251469D+03  0.1347396D+04  0.0000000D+00
 -0.3440505D+04 -0.1118454D+04  0.1892116D+04  0.0000000D+00
 -0.2360915D+04 -0.1266543D+04  0.2223071D+04  0.0000000D+00
 -0.1377279D+03  0.2305583D+02 -0.2425607D+01  0.0000000D+00
  0.1030901D+03 -0.9585832D+02  0.1262995D+02  0.0000000D+00
 -0.5785083D+03  0.1527110D+03 -0.2231648D+02  0.0000000D+00
  0.2497371D+03 -0.2177302D+03  0.3576819D+02  0.0000000D+00
 -0.9128596D+03  0.3500058D+03 -0.7554154D+02  0.0000000D+00
  0.1676045D+04 -0.5604366D+03  0.1281579D+03  0.0000000D+00
 -0.4918726D+04  0.1810575D+04 -0.4091822D+03  0.0000000D+00
 -0.2691936D+04  0.7649046D+03 -0.6191132D+03  0.0000000D+00
 -0.1359314D+05 -0.8059701D+03 -0.5333410D+03  0.0000000D+00
 -0.1021814D+05  0.5421711D+03 -0.6852952D+03  0.0000000D+00
 -0.8365323D+04  0.1313920D+04 -0.7730499D+03  0.0000000D+00
 -0.5556113D+03 -0.6421106D+02 -0.1461729D+03  0.0000000D+00
  0.5895835D+02  0.9901688D+03 -0.3726352D+03  0.0000000D+00
  0.1771837D+04  0.4933154D+03 -0.1285872D+03  0.0000000D+00
 -0.2775727D+04  0.1285557D+04  0.6776343D+03  0.0000000D+00
 -0.4460334D+04 -0.2637230D+03 -0.5063659D+03  0.0000000D+00
  0.3613451D+04  0.3562679D+04  0.5840108D+03  0.0000000D+00
 -0.9900534D+04 -0.5657404D+04 -0.1473759D+04  0.0000000D+00
  0.9788313D+04  0.1001785D+05 -0.9645164D+03  0.0000000D+00
 -0.1695933D+05  0.2811372D+05 -0.8695533D+03  0.0000000D+00
 -0.6640105D+05  0.3039536D+05 -0.2767701D+04  0.0000000D+00
 -0.9565056D+05  0.3193483D+05 -0.3878258D+04  0.0000000D+00
  0.9756001D+03  0.4577534D+03 -0.3827851D+03  0.0000000D+00
 -0.2520007D+04 -0.2401537D+04  0.3747964D+03  0.0000000D+00
  0.5377998D+04  0.2109847D+04 -0.1309608D+03  0.0000000D+00
 -0.8274820D+04  0.6774353D+03  0.3066066D+03  0.0000000D+00
 -0.1584289D+04 -0.1640006D+04  0.7139754D+03  0.0000000D+00
 -0.9747286D+04  0.3637616D+04 -0.6058710D+03  0.0000000D+00
  0.1273481D+05 -0.5788417D+04 -0.5955683D+03  0.0000000D+00
 -0.2083922D+05  0.1848756D+05  0.3728680D+04  0.0000000D+00
 -0.1343213D+05  0.9420045D+04  0.3054704D+04  0.0000000D+00
  0.3010663D+05  0.1422191D+05  0.2179397D+03  0.0000000D+00
  0.5568555D+05  0.1693376D+05 -0.1450509D+04  0.0000000D+00
  0.1282679D+04  0.3146760D+03  0.3236076D+03  0.0000000D+00
  0.8165566D+03  0.2029045D+03 -0.6489253D+03  0.0000000D+00
  0.3119429D+03  0.1010282D+04  0.1271273D+03  0.0000000D+00
  0.2163875D+04 -0.1422766D+04  0.3972451D+03  0.0000000D+00
  0.5232154D+04 -0.2181525D+03 -0.4049812D+03  0.0000000D+00
 -0.4782545D+04  0.2076011D+04  0.8447693D+03  0.0000000D+00
  0.1921342D+05 -0.9169597D+04 -0.2204807D+03  0.0000000D+00
 -0.1223596D+05  0.3079109D+04 -0.1201402D+04  0.0000000D+00
 -0.4389508D+05  0.1004933D+05 -0.2713582D+04  0.0000000D+00
 -0.5534211D+05  0.8720431D+04 -0.1979373D+04  0.0000000D+00
 -0.6240262D+05  0.8021145D+04 -0.1566409D+04  0.0000000D+00
 -0.3247153D+03  0.3405294D+02 -0.5579385D+01  0.0000000D+00
 -0.4822599D+02 -0.8083006D+02  0.5734979D+02  0.0000000D+00
  0.2652437D+03  0.1385064D+03 -0.1134039D+03  0.0000000D+00
 -0.6123069D+03 -0.2056169D+03  0.1881725D+03  0.0000000D+00
  0.1879233D+04  0.3666134D+03 -0.3836528D+03  0.0000000D+00
 -0.1759374D+04 -0.8134793D+03  0.8844670D+03  0.0000000D+00
  0.6040689D+04  0.1280783D+04 -0.1304048D+04  0.0000000D+00
 -0.1250977D+04  0.1156942D+04  0.1650947D+04  0.0000000D+00
  0.3553941D+04 -0.1748978D+04  0.2474555D+03  0.0000000D+00
  0.9083145D+04  0.2295732D+04 -0.1435568D+04  0.0000000D+00
  0.1237291D+05  0.4631169D+04 -0.2436441D+04  0.0000000D+00
 -0.4343135D+03 -0.1143108D+02 -0.9833669D+01  0.0000000D+00
 -0.9745505D+02  0.6855636D+02  0.3541221D+02  0.0000000D+00
  0.6466868D+03 -0.1280405D+03 -0.6674224D+02  0.0000000D+00
 -0.1276157D+04  0.2067774D+03  0.1112271D+03  0.0000000D+00
  0.3046890D+04 -0.4294715D+03 -0.2066348D+03  0.0000000D+00
 -0.5298179D+04  0.1120947D+04  0.5098794D+03  0.0000000D+00
  0.1837795D+05 -0.3835781D+04 -0.8811528D+03  0.0000000D+00
 -0.7264618D+04  0.5362804D+04  0.6970639D+03  0.0000000D+00
 -0.2473506D+05  0.6059409D+03 -0.4318845D+03  0.0000000D+00
 -0.1593447D+05 -0.3277082D+03 -0.1391206D+04  0.0000000D+00
 -0.1097871D+05 -0.9279926D+03 -0.1965113D+04  0.0000000D+00
  0.2991755D+03  0.2153348D+02 -0.1639367D+00  0.0000000D+00
 -0.2149618D+03 -0.1451716D+03 -0.1613267D+02  0.0000000D+00
  0.1291330D+03  0.2725533D+03  0.2890275D+02  0.0000000D+00
  0.2460127D+03 -0.4554643D+03 -0.5676944D+02  0.0000000D+00
 -0.3273091D+03  0.7775850D+03  0.1271639D+03  0.0000000D+00
  0.2860980D+03 -0.1211028D+04 -0.4429253D+03  0.0000000D+00
  0.7311112D+04  0.1901728D+04  0.3268327D+03  0.0000000D+00
  0.3349241D+05  0.1815067D+03  0.2272257D+04  0.0000000D+00
  0.4500395D+04  0.8755220D+02  0.4567989D+02  0.0000000D+00
  0.1293512D+04  0.6396582D+03 -0.5712711D+03  0.0000000D+00
 -0.9109359D+03  0.9619888D+03 -0.9575541D+03  0.0000000D+00
  0.3597159D+03  0.1261743D+02  0.1200552D+02  0.0000000D+00
 -0.7167276D+03 -0.3071701D+02 -0.3513230D+02  0.0000000D+00
  0.1120112D+04  0.5426243D+02  0.5223062D+02  0.0000000D+00
 -0.1604708D+04 -0.9941357D+02 -0.9516619D+02  0.0000000D+00
  0.1535887D+04  0.1976104D+03  0.1848606D+03  0.0000000D+00
 -0.3194055D+04 -0.3491646D+03 -0.5634907D+03  0.0000000D+00
  0.7489396D+04 -0.4227717D+03  0.7923519D+03  0.0000000D+00
  0.1672909D+04 -0.1147770D+03  0.1402777D+04  0.0000000D+00
  0.9877844D+04 -0.3893732D+03 -0.1596802D+04  0.0000000D+00
  0.1024531D+05 -0.1983234D+03 -0.2732071D+04  0.0000000D+00
  0.1055156D+05 -0.8971343D+02 -0.3430093D+04  0.0000000D+00
 -0.2009100D+03 -0.2590351D+02 -0.3137279D+00  0.0000000D+00
 -0.1372787D+03  0.8752150D+02  0.2950126D+01  0.0000000D+00
  0.3768363D+03 -0.1553062D+03  0.1109682D+02  0.0000000D+00
 -0.1100483D+04  0.2650898D+03 -0.1448567D+02  0.0000000D+00
  0.1201225D+04 -0.4623328D+03  0.1802628D+02  0.0000000D+00
 -0.1133639D+04  0.7386655D+03  0.9812911D+02  0.0000000D+00
  0.2658611D+04 -0.1538395D+04 -0.1578125D+03  0.0000000D+00
  0.1054924D+05  0.8466738D+03 -0.8311504D+03  0.0000000D+00
 -0.2110708D+04 -0.3069630D+03 -0.7022020D+03  0.0000000D+00
 -0.1813525D+04 -0.1834235D+03 -0.2190267D+03  0.0000000D+00
 -0.1781074D+04 -0.1240605D+03  0.6498738D+02  0.0000000D+00
  0.3598170D+03 -0.1260572D+02 -0.5843720D+01  0.0000000D+00
  0.7254587D+02  0.4911708D+02  0.9282637D+01  0.0000000D+00
 -0.1097000D+03 -0.7537909D+02 -0.7502807D+01  0.0000000D+00
  0.3423811D+03  0.1174767D+03  0.1513292D+02  0.0000000D+00
 -0.3875789D+03 -0.2026481D+03 -0.5657428D+02  0.0000000D+00
  0.7712534D+03  0.4183876D+03  0.2428250D+03  0.0000000D+00
 -0.2670088D+04 -0.2850513D+03  0.2819546D+01  0.0000000D+00
 -0.1082161D+03 -0.1587534D+04  0.8148251D+03  0.0000000D+00
  0.4542384D+04 -0.2508781D+03 -0.3324717D+03  0.0000000D+00
  0.2451654D+04  0.6208068D+03 -0.5738534D+03  0.0000000D+00
  0.1277970D+04  0.1145886D+04 -0.7281224D+03  0.0000000D+00
  0.2163423D+04 -0.5762310D+03 -0.2008372D+03  0.0000000D+00
 -0.3851443D+04  0.5269984D+03 -0.2081216D+03  0.0000000D+00
  0.2758862D+04 -0.1518984D+04  0.1617716D+03  0.0000000D+00
 -0.5016320D+04  0.7770105D+03 -0.2483763D+03  0.0000000D+00
 -0.4025065D+03 -0.1562314D+04  0.4733461D+03  0.0000000D+00
  0.1236202D+04 -0.1240711D+03 -0.5531188D+03  0.0000000D+00
  0.8913682D+03 -0.6670583D+03  0.1959442D+04  0.0000000D+00
 -0.2002888D+05  0.1995597D+04 -0.1773955D+03  0.0000000D+00
 -0.1484057D+05 -0.1858149D+04  0.3391419D+03  0.0000000D+00
  0.1387312D+05 -0.2654140D+04  0.2397843D+04  0.0000000D+00
  0.3074439D+05 -0.3163566D+04  0.3609107D+04  0.0000000D+00
  0.4631147D+04 -0.4103571D+03  0.1281350D+02  0.0000000D+00
 -0.4167279D+04  0.9394752D+03 -0.3315910D+03  0.0000000D+00
  0.3988023D+04 -0.1568158D+04  0.1057739D+03  0.0000000D+00
 -0.8257851D+04  0.3526531D+03  0.2270829D+03  0.0000000D+00
 -0.4096668D+04 -0.9764861D+03 -0.1430568D+03  0.0000000D+00
 -0.2561328D+04  0.3660891D+03  0.6701539D+03  0.0000000D+00
 -0.2671848D+04  0.5796871D+03 -0.7152355D+03  0.0000000D+00
 -0.2329538D+05 -0.2155093D+03  0.2014487D+04  0.0000000D+00
  0.3645109D+04 -0.3831342D+04 -0.8500229D+03  0.0000000D+00
 -0.1000741D+05  0.3578897D+03 -0.1579690D+03  0.0000000D+00
 -0.1770479D+05  0.2771099D+04  0.2154457D+03  0.0000000D+00
  0.3633521D+03 -0.1678781D+03 -0.8853113D+02  0.0000000D+00
  0.6842514D+03 -0.4382715D+03 -0.1459250D+03  0.0000000D+00
 -0.1809430D+04 -0.7791702D+03  0.6226234D+02  0.0000000D+00
  0.1797544D+04  0.5091267D+03 -0.3698880D+02  0.0000000D+00
  0.1511530D+04 -0.3057699D+03  0.3850027D+03  0.0000000D+00
 -0.3171617D+04 -0.2373964D+03 -0.2179399D+03  0.0000000D+00
  0.1042172D+05  0.3224140D+04  0.3258042D+03  0.0000000D+00
 -0.2030124D+05  0.2923843D+04  0.9145380D+03  0.0000000D+00
 -0.2473205D+05  0.1733907D+03  0.2013391D+04  0.0000000D+00
 -0.1084636D+05 -0.1321233D+04 -0.1089725D+03  0.0000000D+00
 -0.2768490D+04 -0.2227223D+04 -0.1339711D+04  0.0000000D+00
  0.2548553D+03  0.2296693D+02  0.7434329D+01  0.0000000D+00
 -0.2411964D+02 -0.1967075D+03 -0.5563324D+02  0.0000000D+00
  0.4642992D+02  0.3246683D+03  0.9874791D+02  0.0000000D+00
  0.5892654D+03 -0.5395772D+03 -0.1696079D+03  0.0000000D+00
 -0.1242559D+04  0.9437284D+03  0.3100685D+03  0.0000000D+00
  0.2578823D+04 -0.1501779D+04 -0.5812156D+03  0.0000000D+00
 -0.1788377D+04  0.5114242D+04  0.1764673D+04  0.0000000D+00
  0.3983888D+04 -0.5463045D+03  0.2207001D+03  0.0000000D+00
  0.1597525D+05 -0.2051544D+04 -0.2595202D+04  0.0000000D+00
  0.3920015D+04  0.1325759D+04 -0.9474276D+03  0.0000000D+00
 -0.3004752D+04  0.3286052D+04 -0.1332431D+02  0.0000000D+00
 -0.4223167D+02  0.1418621D+02 -0.4247148D+01  0.0000000D+00
 -0.3480638D+03 -0.9828809D+02  0.3461442D+02  0.0000000D+00
  0.5900730D+03  0.1665071D+03 -0.5386673D+02  0.0000000D+00
 -0.9471800D+03 -0.2259720D+03  0.8938595D+02  0.0000000D+00
  0.1322484D+04  0.4358894D+03 -0.1439447D+03  0.0000000D+00
 -0.3829429D+04 -0.1040699D+04  0.1398221D+03  0.0000000D+00
  0.5985069D+04  0.2424699D+04 -0.6448140D+03  0.0000000D+00
 -0.2717960D+05 -0.1292198D+04  0.1164488D+04  0.0000000D+00
 -0.1836367D+05 -0.5946651D+03  0.3019234D+03  0.0000000D+00
 -0.3055788D+04 -0.1992617D+03 -0.2717415D+04  0.0000000D+00
  0.6000596D+04  0.3987461D+02 -0.4494913D+04  0.0000000D+00
 -0.4826247D+02  0.2889658D+02  0.4544889D+01  0.0000000D+00
 -0.5597019D+01 -0.1117395D+03 -0.2046368D+02  0.0000000D+00
 -0.3733223D+02  0.2241053D+03  0.3060811D+02  0.0000000D+00
 -0.4484588D+03 -0.3696666D+03 -0.5897925D+02  0.0000000D+00
  0.1236403D+04  0.6585751D+03  0.9926456D+02  0.0000000D+00
 -0.3697396D+04 -0.1199271D+04 -0.1638328D+03  0.0000000D+00
  0.1092148D+05  0.2061077D+04 -0.1795303D+03  0.0000000D+00
  0.2678736D+04 -0.2712601D+03 -0.7702676D+03  0.0000000D+00
 -0.3889752D+04  0.3566917D+03 -0.1562645D+04  0.0000000D+00
 -0.2458888D+04  0.6701692D+03  0.1757051D+04  0.0000000D+00
 -0.1697466D+04  0.8610269D+03  0.3691780D+04  0.0000000D+00
 -0.3535997D+02 -0.1581854D+02 -0.1875230D+01  0.0000000D+00
 -0.3963682D+03  0.4074537D+02 -0.2024154D+02  0.0000000D+00
  0.7291691D+03 -0.8695730D+02  0.3720745D+02  0.0000000D+00
 -0.4660071D+03  0.1408296D+03 -0.6617547D+02  0.0000000D+00
  0.5646909D+03 -0.2466522D+03  0.1061070D+03  0.0000000D+00
 -0.1094425D+04  0.3970128D+03 -0.5248105D+02  0.0000000D+00
  0.2743561D+03 -0.1394743D+04  0.5082671D+03  0.0000000D+00
 -0.3641836D+04 -0.1585361D+03 -0.3745429D+03  0.0000000D+00
  0.7266996D+04  0.5787054D+03 -0.1221922D+04  0.0000000D+00
  0.5386490D+04  0.3591840D+03  0.2507044D+03  0.0000000D+00
  0.4402870D+04  0.2392369D+03  0.1103941D+04  0.0000000D+00
 -0.2052504D+03 -0.4950605D+00  0.1040510D+02  0.0000000D+00
 -0.3546807D+03  0.2580696D+02 -0.3332424D+02  0.0000000D+00
  0.6003817D+03 -0.4821127D+02  0.6285016D+02  0.0000000D+00
 -0.1159103D+04  0.8737456D+02 -0.1040442D+03  0.0000000D+00
  0.1664841D+04 -0.1308731D+03  0.1750029D+03  0.0000000D+00
 -0.2387189D+04  0.2286836D+03 -0.2596968D+03  0.0000000D+00
  0.3949502D+04 -0.1105088D+04  0.9338791D+03  0.0000000D+00
 -0.2250460D+04 -0.1123642D+03 -0.6198667D+03  0.0000000D+00
 -0.3590187D+04 -0.1236081D+04 -0.4571455D+03  0.0000000D+00
 -0.8872884D+04 -0.9190617D+02  0.5826003D+03  0.0000000D+00
 -0.1198096D+05  0.5650685D+03  0.1192867D+04  0.0000000D+00
 -0.4654035D+02  0.1321214D+02  0.9012841D+00  0.0000000D+00
  0.1117080D+03 -0.4082877D+02  0.2304664D+02  0.0000000D+00
 -0.1378060D+03  0.6945124D+02 -0.3743151D+02  0.0000000D+00
 -0.4994371D+03 -0.1628419D+03  0.5856267D+02  0.0000000D+00
  0.3206186D+03  0.2984371D+03 -0.9998685D+02  0.0000000D+00
 -0.1544697D+03 -0.5515753D+03  0.1018316D+03  0.0000000D+00
  0.4225129D+04  0.2324627D+04 -0.5300178D+03  0.0000000D+00
  0.1700735D+04 -0.1792839D+04 -0.3817623D+03  0.0000000D+00
  0.6255232D+03 -0.5151213D+03 -0.4766209D+03  0.0000000D+00
  0.5901860D+03  0.5860076D+03  0.1494030D+03  0.0000000D+00
  0.5552051D+03  0.1244786D+04  0.5148415D+03  0.0000000D+00
  0.9327593D+03 -0.3493683D+03  0.4384509D+02  0.0000000D+00
 -0.3156817D+03  0.7058826D+03 -0.3534191D+03  0.0000000D+00
 -0.3739213D+03 -0.1100810D+03 -0.2556393D+02  0.0000000D+00
  0.5826634D+03  0.3903397D+03  0.3038087D+03  0.0000000D+00
 -0.2820011D+04 -0.1799060D+04 -0.1225726D+03  0.0000000D+00
  0.7362041D+04  0.3835554D+03 -0.6989944D+02  0.0000000D+00
 -0.3797700D+04 -0.6672863D+04  0.1186569D+04  0.0000000D+00
  0.2403411D+05  0.7727206D+04 -0.5052215D+03  0.0000000D+00
  0.8250490D+04  0.1246351D+05 -0.5227580D+03  0.0000000D+00
 -0.3246236D+05  0.1330074D+05 -0.8937061D+03  0.0000000D+00
 -0.5647486D+05  0.1384465D+05 -0.1111175D+04  0.0000000D+00
  0.7925040D+03 -0.4834438D+03 -0.1627987D+03  0.0000000D+00
 -0.2167210D+04 -0.8799662D+03  0.4132305D+02  0.0000000D+00
  0.1213655D+04 -0.1816502D+03 -0.5759171D+02  0.0000000D+00
 -0.4851348D+04  0.7166440D+03  0.4879869D+03  0.0000000D+00
  0.2278327D+03 -0.2294966D+04 -0.3616087D+03  0.0000000D+00
 -0.3631716D+04  0.1270191D+04 -0.9999259D+02  0.0000000D+00
  0.1125955D+05 -0.7414528D+04  0.4784964D+03  0.0000000D+00
 -0.1886799D+05  0.8329573D+04  0.1462044D+04  0.0000000D+00
 -0.2117511D+05  0.1068696D+05  0.2377978D+04  0.0000000D+00
  0.1383192D+05  0.2656387D+04  0.2699960D+04  0.0000000D+00
  0.3430464D+05 -0.2019547D+04  0.2899251D+04  0.0000000D+00
 -0.5211199D+03 -0.6297298D+03  0.5540942D+02  0.0000000D+00
  0.1354552D+04  0.1450744D+03 -0.5352554D+03  0.0000000D+00
 -0.1758623D+04  0.1296691D+04  0.2482909D+03  0.0000000D+00
  0.3630960D+04 -0.1457116D+04 -0.2013162D+03  0.0000000D+00
 -0.1725567D+04  0.4312645D+03  0.3591716D+03  0.0000000D+00
  0.3839372D+03  0.7674600D+03  0.2592440D+03  0.0000000D+00
  0.5323516D+03 -0.2571333D+04  0.1000465D+04  0.0000000D+00
  0.8717699D+04  0.4327815D+04 -0.1093969D+04  0.0000000D+00
 -0.1355227D+05  0.1213818D+04 -0.2774799D+03  0.0000000D+00
 -0.2713306D+05  0.2561313D+04 -0.9626992D+02  0.0000000D+00
 -0.3533168D+05  0.3315297D+04  0.1916156D+02  0.0000000D+00
 -0.1769126D+03 -0.3330957D+02  0.3310612D+01  0.0000000D+00
  0.7482326D+02  0.7230399D+02 -0.8521388D+01  0.0000000D+00
 -0.4321665D+03 -0.1472993D+03  0.2163146D+02  0.0000000D+00
  0.4073137D+03  0.2457239D+03 -0.3442905D+02  0.0000000D+00
  0.2453767D+03 -0.3592213D+03  0.4867874D+02  0.0000000D+00
  0.4544797D+03  0.3346213D+01 -0.7878936D+02  0.0000000D+00
  0.7608906D+03 -0.1631342D+04  0.1507995D+03  0.0000000D+00
  0.1073341D+05 -0.3741692D+03  0.3141138D+03  0.0000000D+00
  0.4602727D+04 -0.2669593D+03  0.4434945D+03  0.0000000D+00
  0.3459537D+04 -0.2680012D+04  0.2725411D+04  0.0000000D+00
  0.2723694D+04 -0.4091955D+04  0.4062764D+04  0.0000000D+00
  0.1402133D+03  0.7301935D+00 -0.6933167D+01  0.0000000D+00
 -0.1828395D+03  0.3127358D+02  0.3162873D+02  0.0000000D+00
 -0.2238062D+03 -0.6945912D+02 -0.4658866D+02  0.0000000D+00
  0.2861464D+03  0.1315585D+03  0.8224178D+02  0.0000000D+00
 -0.5119129D+03 -0.2925365D+03 -0.1440060D+03  0.0000000D+00
 -0.2689863D+03  0.1001203D+04  0.3359286D+03  0.0000000D+00
  0.7251923D+03 -0.1628168D+04 -0.2857052D+03  0.0000000D+00
 -0.4418508D+03  0.9299683D+03  0.1260915D+04  0.0000000D+00
 -0.8640857D+04 -0.4148887D+03  0.1499791D+03  0.0000000D+00
 -0.9987840D+04  0.1459163D+03 -0.2370951D+03  0.0000000D+00
 -0.1086700D+05  0.4594135D+03 -0.4755718D+03  0.0000000D+00
  0.2239598D+03 -0.5027910D+01  0.5662274D+01  0.0000000D+00
  0.1313267D+03  0.5749468D+02 -0.3116951D+02  0.0000000D+00
 -0.2902020D+03 -0.9032497D+02  0.5732192D+02  0.0000000D+00
  0.4970937D+03  0.1653899D+03 -0.9528694D+02  0.0000000D+00
 -0.9160043D+03 -0.3933059D+03  0.1679607D+03  0.0000000D+00
  0.1589048D+04  0.1142584D+04 -0.3479602D+03  0.0000000D+00
 -0.1745270D+03 -0.2949305D+04  0.5790342D+03  0.0000000D+00
  0.1071115D+05  0.3587378D+03  0.7719700D+03  0.0000000D+00
  0.2001640D+04  0.1943486D+03 -0.7705816D+02  0.0000000D+00
 -0.4075296D+03 -0.2621124D+02 -0.5469695D+03  0.0000000D+00
 -0.1915453D+04 -0.1572707D+03 -0.8318060D+03  0.0000000D+00
 -0.1292438D+03 -0.1821583D+02  0.1169156D+02  0.0000000D+00
  0.3561768D+03  0.2779687D+02 -0.3672883D+02  0.0000000D+00
  0.1026457D+03 -0.5655040D+02  0.5738404D+02  0.0000000D+00
  0.1128652D+03  0.1009575D+03 -0.9432540D+02  0.0000000D+00
 -0.3478945D+03 -0.1907931D+03  0.1620653D+03  0.0000000D+00
  0.7786647D+03  0.3388008D+03 -0.3056018D+03  0.0000000D+00
 -0.3420790D+04 -0.1392104D+04  0.4148931D+03  0.0000000D+00
  0.2693869D+04  0.9538195D+03 -0.5472086D+03  0.0000000D+00
  0.3577178D+04  0.3312953D+03 -0.6859596D+03  0.0000000D+00
  0.4165859D+04  0.6603232D+03  0.1446667D+03  0.0000000D+00
  0.4521642D+04  0.8458969D+03  0.6290715D+03  0.0000000D+00
 -0.1463797D+03 -0.8076204D+01 -0.1628573D+01  0.0000000D+00
 -0.9701783D+00  0.6753585D+02  0.1183529D+02  0.0000000D+00
  0.3527804D+03 -0.1243611D+03 -0.1718062D+02  0.0000000D+00
 -0.5602273D+03  0.1899895D+03  0.2850100D+02  0.0000000D+00
  0.6710958D+03 -0.3097901D+03 -0.6655240D+02  0.0000000D+00
 -0.8121527D+03  0.4598251D+03  0.2077678D+03  0.0000000D+00
 -0.1852400D+03 -0.4598373D+03 -0.1749374D+03  0.0000000D+00
 -0.7798092D+04 -0.4084832D+03  0.2044249D+02  0.0000000D+00
 -0.4295240D+04 -0.2205974D+03  0.9134590D+03  0.0000000D+00
  0.8796554D+03  0.5812042D+03  0.5549902D+03  0.0000000D+00
  0.3948709D+04  0.1053102D+04  0.3548666D+03  0.0000000D+00
  0.1783889D+03  0.2407327D+02 -0.2307667D+01  0.0000000D+00
 -0.3057350D+03 -0.5207074D+02  0.8656960D+01  0.0000000D+00
  0.1351805D+03  0.1000048D+03 -0.9440913D+01  0.0000000D+00
 -0.3909887D+03 -0.1702411D+03  0.1148815D+02  0.0000000D+00
 -0.3535684D+03  0.3396384D+03 -0.2101148D+02  0.0000000D+00
  0.1115371D+04 -0.7227289D+03  0.1533798D+02  0.0000000D+00
 -0.3811118D+04  0.1772912D+04  0.1809487D+02  0.0000000D+00
 -0.4192146D+04 -0.3010251D+04  0.5037574D+03  0.0000000D+00
 -0.6230181D+04 -0.6862286D+03 -0.6033280D+03  0.0000000D+00
 -0.4613339D+04 -0.6111049D+02 -0.1062803D+04  0.0000000D+00
 -0.3688631D+04  0.3310466D+03 -0.1344151D+04  0.0000000D+00
