  1  2   693 10944  4  4  9 11  7  1    0.00   24.00  100.00  600.00    0.00    6.28   45.00   45.00
  100.0  100.0  100.0  100.0  125.0  150.0  190.0  230.0  275.0  350.0  450.0  600.0  600.0  600.0  600.0
  0.1051250D+02  0.3131041D-01  0.1865050D-01  0.0000000D+00
  0.1049602D+02  0.5327631D-01  0.1662731D-01  0.0000000D+00
  0.1069819D+02 -0.1524133D-01  0.1797093D-01  0.0000000D+00
  0.1084957D+02  0.2409428D-01  0.6006373D-04  0.0000000D+00
  0.1090004D+02  0.5147574D-01 -0.4497197D-02  0.0000000D+00
  0.1110893D+02  0.1652204D+00 -0.4156089D-01  0.0000000D+00
  0.1126374D+02  0.3549042D+00 -0.4159080D-01  0.0000000D+00
  0.1118497D+02  0.5965074D+00 -0.2798686D-01  0.0000000D+00
  0.1104846D+02  0.5127586D+00 -0.1468358D-01  0.0000000D+00
  0.1096985D+02  0.4020768D+00 -0.6694112D-02  0.0000000D+00
  0.1092231D+02  0.3363384D+00 -0.1867199D-02  0.0000000D+00
 -0.2690300D+00 -0.1205251D+00  0.1671164D-01  0.0000000D+00
 -0.2823636D+00 -0.1173542D-01  0.4256803D-01  0.0000000D+00
 -0.2974670D+00 -0.5418432D-01  0.1566973D-01  0.0000000D+00
 -0.2451627D+00 -0.5906844D-01  0.1882184D-01  0.0000000D+00
 -0.3006252D+00 -0.7888671D-01  0.1662390D-01  0.0000000D+00
 -0.3180424D+00 -0.9537565D-01  0.1120871D-01  0.0000000D+00
 -0.2394508D+00 -0.3187924D-01  0.1293579D-01  0.0000000D+00
 -0.1535449D+00  0.7904858D-03  0.4821614D-02  0.0000000D+00
 -0.9474063D-01 -0.4846481D-01  0.7219282D-02  0.0000000D+00
 -0.5993148D-01 -0.8053583D-01  0.9722196D-02  0.0000000D+00
 -0.3889384D-01 -0.9986006D-01  0.1121512D-01  0.0000000D+00
  0.8054815D-01 -0.1169704D-02  0.3773895D-03  0.0000000D+00
  0.1113933D+00 -0.5181488D-01 -0.1743907D-01  0.0000000D+00
  0.7330536D-01 -0.3259097D-01  0.1268469D-02  0.0000000D+00
  0.7040729D-01 -0.5050588D-02 -0.1694038D-02  0.0000000D+00
  0.2521994D-01  0.2766992D-04  0.7029996D-02  0.0000000D+00
 -0.5789124D-01  0.1313840D-01 -0.7243286D-02  0.0000000D+00
 -0.1189001D+00 -0.8346814D-02 -0.3596021D-02  0.0000000D+00
 -0.1226263D+00 -0.2525823D-01 -0.7467363D-02  0.0000000D+00
 -0.8914334D-01 -0.7272395D-01 -0.3558956D-02  0.0000000D+00
 -0.6458462D-01 -0.9688869D-01 -0.2784121D-02  0.0000000D+00
 -0.4983161D-01 -0.1115646D+00 -0.2287366D-02  0.0000000D+00
 -0.5232309D-01  0.1388506D-03  0.9858357D-05  0.0000000D+00
 -0.2399835D-01  0.1974546D-03  0.6622096D-04  0.0000000D+00
 -0.7030646D-01  0.3624912D-04  0.1241612D-03  0.0000000D+00
 -0.2480623D-01 -0.6633803D-03 -0.6220677D-04  0.0000000D+00
 -0.2808755D-01  0.3443455D-03  0.8863621D-03  0.0000000D+00
 -0.8328176D-02 -0.8186506D-03 -0.3889696D-02  0.0000000D+00
  0.3139124D-01  0.1968862D-01 -0.5873635D-02  0.0000000D+00
  0.6885861D-01  0.2676060D-01 -0.2618457D-02  0.0000000D+00
  0.5280555D-01  0.4259005D-01 -0.1836635D-02  0.0000000D+00
  0.4433209D-01  0.4943874D-01 -0.4726688D-02  0.0000000D+00
  0.3919320D-01  0.5362813D-01 -0.6409618D-02  0.0000000D+00
 -0.4547916D-01  0.3457454D-03 -0.1265358D-03  0.0000000D+00
  0.2836980D-02  0.2061406D-03 -0.7493162D-05  0.0000000D+00
  0.3373618D-01 -0.2871551D-03 -0.1955615D-03  0.0000000D+00
  0.5017837D-01  0.3764205D-03  0.4070790D-03  0.0000000D+00
  0.3113566D-01 -0.3822196D-03 -0.8264642D-03  0.0000000D+00
 -0.2851703D-01 -0.4108806D-02  0.2893815D-02  0.0000000D+00
 -0.3677687D-01 -0.2399031D-01  0.3873345D-02  0.0000000D+00
 -0.2872045D-01 -0.2550822D-01 -0.2340542D-02  0.0000000D+00
 -0.2237296D-01 -0.3378827D-01 -0.2960480D-02  0.0000000D+00
 -0.1826779D-01 -0.3115907D-01 -0.1616935D-02  0.0000000D+00
 -0.1579372D-01 -0.2971171D-01 -0.8372266D-03  0.0000000D+00
  0.8844021D-02  0.1327719D-03 -0.1455908D-05  0.0000000D+00
  0.7661741D-02 -0.2133722D-03  0.3858384D-03  0.0000000D+00
  0.1480999D-01  0.3458041D-03 -0.5527163D-03  0.0000000D+00
  0.2550309D-02 -0.1226785D-02  0.1014507D-02  0.0000000D+00
 -0.1080179D-01  0.2800622D-02 -0.1939844D-02  0.0000000D+00
 -0.2385560D-01 -0.7308703D-02  0.5663662D-02  0.0000000D+00
 -0.2526971D-01  0.2417205D-02  0.1030067D-02  0.0000000D+00
 -0.3493595D-01 -0.8747121D-02  0.1380334D-02  0.0000000D+00
 -0.2567053D-01 -0.1559866D-01  0.4147666D-02  0.0000000D+00
 -0.1597325D-01 -0.1877371D-01  0.2539048D-02  0.0000000D+00
 -0.1019331D-01 -0.2070830D-01  0.1628442D-02  0.0000000D+00
 -0.1720549D-01 -0.2142329D-03  0.4759416D-04  0.0000000D+00
 -0.2323850D-01  0.9398982D-03 -0.2008390D-03  0.0000000D+00
 -0.2264269D-01 -0.1180768D-02  0.7810479D-04  0.0000000D+00
 -0.2453261D-01  0.2694398D-02 -0.1475634D-03  0.0000000D+00
 -0.6005030D-02 -0.4751111D-02  0.1980332D-03  0.0000000D+00
 -0.3794256D-02  0.1066216D-01 -0.1144718D-02  0.0000000D+00
  0.7342903D-02 -0.1866912D-01  0.1013748D-04  0.0000000D+00
  0.2533806D-01 -0.1141603D-01  0.1440615D-02  0.0000000D+00
  0.1654785D-01  0.3963964D-02  0.1021844D-02  0.0000000D+00
  0.9653314D-02  0.8816499D-02  0.1231690D-03  0.0000000D+00
  0.5519616D-02  0.1183071D-01 -0.4074827D-03  0.0000000D+00
 -0.4511318D-02 -0.1504417D-03  0.8078569D-05  0.0000000D+00
 -0.1537501D-01  0.1735269D-03 -0.5138918D-04  0.0000000D+00
  0.6097282D-02 -0.9491617D-04  0.1025789D-03  0.0000000D+00
  0.1034999D-02  0.7232298D-03 -0.1207546D-03  0.0000000D+00
  0.2042013D-01 -0.1010198D-02  0.4809457D-03  0.0000000D+00
  0.4947380D-02  0.2562200D-02 -0.1918886D-02  0.0000000D+00
  0.3898547D-02 -0.1878910D-02 -0.1419802D-02  0.0000000D+00
  0.8582358D-02 -0.4437158D-02 -0.7053549D-03  0.0000000D+00
  0.7521702D-02 -0.2145405D-02 -0.1387429D-02  0.0000000D+00
  0.4870768D-02 -0.7383096D-03 -0.1250966D-02  0.0000000D+00
  0.3306898D-02  0.1108663D-03 -0.1178761D-02  0.0000000D+00
 -0.1312018D-02  0.1977022D-03  0.1540288D-03  0.0000000D+00
 -0.2716330D-01  0.3829169D-03 -0.1562591D-03  0.0000000D+00
 -0.7383327D-02  0.2870104D-04  0.1083017D-03  0.0000000D+00
 -0.2261308D-01  0.2368238D-03 -0.1003065D-03  0.0000000D+00
 -0.7004353D-02 -0.8012941D-03  0.2267814D-03  0.0000000D+00
 -0.1324302D-01  0.3101570D-02 -0.5550955D-03  0.0000000D+00
 -0.1349498D-01 -0.5420679D-02 -0.3939304D-04  0.0000000D+00
 -0.1524801D-01 -0.4400962D-02 -0.1368984D-02  0.0000000D+00
 -0.1147464D-01 -0.7636942D-02  0.5187928D-03  0.0000000D+00
 -0.7516134D-02 -0.8714533D-02 -0.1278713D-03  0.0000000D+00
 -0.5157360D-02 -0.9382359D-02 -0.4854570D-03  0.0000000D+00
 -0.1442078D+00 -0.7832239D-01  0.2742126D-02  0.0000000D+00
 -0.2061930D+00 -0.1914551D+00  0.2779852D-02  0.0000000D+00
 -0.1962966D+00 -0.4148509D-01 -0.3138823D-02  0.0000000D+00
 -0.1657437D+00 -0.7074627D-01  0.1315882D-01  0.0000000D+00
 -0.2359329D+00 -0.4833722D-01  0.4588021D-03  0.0000000D+00
 -0.1331731D+00  0.7117820D-02 -0.7597942D-02  0.0000000D+00
 -0.1171096D+00  0.6694910D-01 -0.2799670D-02  0.0000000D+00
 -0.1298863D+00  0.2025552D-01  0.9427670D-02  0.0000000D+00
 -0.9911781D-01 -0.4846478D-01  0.1925159D-01  0.0000000D+00
 -0.6673304D-01 -0.5848576D-01  0.2229032D-01  0.0000000D+00
 -0.4742924D-01 -0.6511750D-01  0.2418005D-01  0.0000000D+00
  0.1103339D+00 -0.1648051D-01  0.5966791D-02  0.0000000D+00
  0.5408216D-01 -0.4361152D-01  0.1700150D-01  0.0000000D+00
  0.8629747D-01 -0.3852555D-01  0.7329387D-02  0.0000000D+00
  0.1479835D+00 -0.1126942D-01 -0.3480222D-02  0.0000000D+00
  0.1057302D+00  0.5301759D-01  0.9719570D-02  0.0000000D+00
 -0.6460882D-01  0.7268559D-02  0.1669550D-01  0.0000000D+00
 -0.8440369D-01  0.3409705D-01  0.7021486D-02  0.0000000D+00
 -0.5804701D-01 -0.1447247D-01  0.9607075D-02  0.0000000D+00
 -0.2666085D-01 -0.3990126D-01  0.1161209D-01  0.0000000D+00
 -0.1568043D-01 -0.3917332D-01  0.1142040D-01  0.0000000D+00
 -0.8900012D-02 -0.3903213D-01  0.1133022D-01  0.0000000D+00
  0.7954205D-01  0.5312291D-01 -0.5821977D-02  0.0000000D+00
  0.7296666D-01 -0.1144721D-01 -0.1576226D-01  0.0000000D+00
  0.8425905D-01  0.3840830D-01  0.3256881D-03  0.0000000D+00
  0.3825415D-01  0.7153066D-02  0.5188162D-05  0.0000000D+00
  0.2288906D-01  0.1245333D-01  0.2816143D-02  0.0000000D+00
  0.2256569D-01  0.6776463D-02 -0.5557928D-03  0.0000000D+00
  0.1390679D-02  0.2481273D-01  0.5954722D-02  0.0000000D+00
  0.1138930D-01 -0.1934720D-01 -0.4328698D-02  0.0000000D+00
  0.8843555D-02 -0.7972505D-02  0.1032709D-02  0.0000000D+00
 -0.2005756D-02  0.9792852D-02  0.1714616D-02  0.0000000D+00
 -0.8387449D-02  0.2032000D-01  0.2174067D-02  0.0000000D+00
  0.4370468D-01  0.6801364D-03  0.1063486D-05  0.0000000D+00
  0.6492568D-01 -0.1450246D-02 -0.6199185D-04  0.0000000D+00
  0.4870966D-01  0.1036656D-02  0.3526566D-03  0.0000000D+00
  0.3955237D-01 -0.8302299D-03 -0.5805471D-03  0.0000000D+00
  0.9500201D-01  0.9864893D-03  0.1573165D-02  0.0000000D+00
  0.6764617D-01  0.1011339D-01 -0.5538323D-02  0.0000000D+00
  0.3686926D-01  0.3202602D-01 -0.4573391D-02  0.0000000D+00
  0.1726862D-01  0.8780044D-02 -0.9006054D-02  0.0000000D+00
  0.7461982D-02  0.3634247D-02 -0.9530455D-02  0.0000000D+00
  0.5022657D-02 -0.2800672D-02 -0.6815967D-02  0.0000000D+00
  0.3484655D-02 -0.6628936D-02 -0.5232823D-02  0.0000000D+00
 -0.6280378D-02 -0.7862950D-04  0.1169991D-03  0.0000000D+00
 -0.1371132D-01  0.8788311D-03 -0.2262662D-03  0.0000000D+00
  0.3046235D-01 -0.1033685D-02 -0.1055475D-03  0.0000000D+00
  0.1924674D-01  0.5956886D-03  0.1775364D-03  0.0000000D+00
  0.1933324D-01  0.4908122D-03 -0.3760997D-03  0.0000000D+00
 -0.2525594D-02 -0.8560952D-02  0.1953502D-02  0.0000000D+00
  0.1870737D-02 -0.1721357D-01 -0.5563048D-03  0.0000000D+00
 -0.3948119D-02 -0.2098790D-01 -0.3028429D-02  0.0000000D+00
 -0.1382238D-01 -0.3440863D-02 -0.1297622D-02  0.0000000D+00
 -0.1560811D-01 -0.3785647D-02 -0.2268546D-02  0.0000000D+00
 -0.1676490D-01 -0.3788384D-02 -0.2818361D-02  0.0000000D+00
  0.9201994D-02 -0.2106128D-03 -0.5195328D-04  0.0000000D+00
  0.1611373D-01 -0.1122434D-02  0.4249167D-03  0.0000000D+00
  0.1320849D-01  0.1548224D-02 -0.6102694D-03  0.0000000D+00
  0.3102576D-02 -0.1619634D-02  0.9673593D-03  0.0000000D+00
 -0.1757082D-01  0.4330702D-02 -0.2021341D-02  0.0000000D+00
 -0.2151600D-01 -0.1944299D-01  0.6352745D-02  0.0000000D+00
 -0.2656003D-01 -0.2466350D-02  0.4843796D-02  0.0000000D+00
 -0.2444816D-01 -0.1325809D-01  0.5860957D-02  0.0000000D+00
 -0.1198022D-01 -0.1952355D-01  0.5920367D-02  0.0000000D+00
 -0.6328643D-02 -0.1730908D-01  0.6801523D-02  0.0000000D+00
 -0.2881124D-02 -0.1608197D-01  0.7318839D-02  0.0000000D+00
 -0.1204036D-01  0.2037600D-03  0.1613846D-03  0.0000000D+00
 -0.3649009D-01  0.8197213D-03 -0.1146491D-03  0.0000000D+00
 -0.1920371D-01 -0.1050949D-02 -0.7783706D-04  0.0000000D+00
 -0.3382052D-01  0.6271895D-03  0.1468535D-03  0.0000000D+00
 -0.1451062D-01 -0.1212537D-02 -0.2406736D-03  0.0000000D+00
 -0.3039038D-02  0.4888174D-03  0.8620504D-04  0.0000000D+00
  0.9386992D-02 -0.1102951D-01  0.6509177D-03  0.0000000D+00
  0.1483147D-01 -0.8170649D-03 -0.4577165D-03  0.0000000D+00
  0.1086095D-01  0.9337269D-02 -0.1935154D-02  0.0000000D+00
  0.9646893D-02  0.1203302D-01 -0.2167751D-02  0.0000000D+00
  0.8892927D-02  0.1372523D-01 -0.2320726D-02  0.0000000D+00
 -0.6637069D-02  0.1295295D-02 -0.4147693D-04  0.0000000D+00
  0.2626240D-01 -0.6146944D-03 -0.5064236D-04  0.0000000D+00
 -0.3628609D-02 -0.4342294D-03  0.1299347D-03  0.0000000D+00
  0.1247414D-01  0.1297479D-03 -0.3032046D-03  0.0000000D+00
  0.1966887D-01 -0.4757533D-03  0.9089993D-03  0.0000000D+00
  0.1171530D-01  0.4009192D-02 -0.3327417D-02  0.0000000D+00
  0.4996588D-02 -0.6482956D-02 -0.1663864D-02  0.0000000D+00
  0.5772038D-03 -0.7495474D-02  0.3563257D-03  0.0000000D+00
 -0.3194616D-02 -0.3148356D-02 -0.1397594D-04  0.0000000D+00
 -0.3097027D-02 -0.3603608D-02 -0.7820811D-03  0.0000000D+00
 -0.3082377D-02 -0.3821524D-02 -0.1235754D-02  0.0000000D+00
 -0.5062394D-02 -0.1371315D-03  0.2154790D-03  0.0000000D+00
 -0.2533061D-01  0.8105829D-03 -0.3647344D-03  0.0000000D+00
 -0.8653258D-02 -0.9375424D-03  0.4371543D-03  0.0000000D+00
 -0.1716276D-01  0.1828576D-02 -0.5786439D-03  0.0000000D+00
 -0.6312548D-02 -0.3384069D-02  0.9237197D-03  0.0000000D+00
 -0.1170239D-01  0.1152333D-01 -0.2065307D-02  0.0000000D+00
 -0.1223533D-01 -0.6063787D-02  0.1056941D-02  0.0000000D+00
 -0.2246120D-01 -0.4773964D-02 -0.9689908D-03  0.0000000D+00
 -0.1442476D-01 -0.9584311D-02 -0.1336987D-02  0.0000000D+00
 -0.6606833D-02 -0.9512786D-02 -0.6483327D-04  0.0000000D+00
 -0.1940676D-02 -0.9524156D-02  0.6760543D-03  0.0000000D+00
  0.2171199D-01 -0.5063041D-01  0.1524390D-01  0.0000000D+00
  0.6510517D-02  0.4810737D-02 -0.4415049D-02  0.0000000D+00
  0.7575826D-02 -0.1448363D-01 -0.6492014D-03  0.0000000D+00
  0.6070289D-02 -0.4352755D-02  0.7305269D-02  0.0000000D+00
  0.1420380D-01 -0.1258212D-01 -0.8800921D-03  0.0000000D+00
  0.1345519D-02 -0.1316723D-01  0.7487510D-03  0.0000000D+00
  0.2067978D-01 -0.4227407D-02  0.3377000D-02  0.0000000D+00
  0.4685546D-01  0.4095965D-03  0.3474559D-02  0.0000000D+00
  0.4310191D-01  0.2529721D-01  0.1165466D-02  0.0000000D+00
  0.3064798D-01  0.3421098D-01  0.2637230D-02  0.0000000D+00
  0.2331548D-01  0.3970384D-01  0.3474221D-02  0.0000000D+00
 -0.7055393D-02 -0.2449784D-01 -0.5804817D-02  0.0000000D+00
 -0.4548540D-01 -0.2620508D-01 -0.3258631D-02  0.0000000D+00
  0.2240812D-01  0.1532260D-01 -0.2304544D-03  0.0000000D+00
 -0.3033737D-01 -0.2094101D-01  0.9516964D-02  0.0000000D+00
 -0.6449596D-02  0.1310003D-01  0.1717596D-02  0.0000000D+00
 -0.2814633D-01 -0.2295708D-01 -0.6556876D-02  0.0000000D+00
 -0.1451598D-01  0.1967480D-01  0.7851924D-03  0.0000000D+00
 -0.9553609D-02 -0.3968149D-02  0.5165515D-02  0.0000000D+00
 -0.5745604D-02 -0.5245109D-02  0.4817588D-02  0.0000000D+00
 -0.6283189D-02 -0.3946659D-02  0.3225154D-02  0.0000000D+00
 -0.6556374D-02 -0.3200668D-02  0.2289105D-02  0.0000000D+00
 -0.5722932D-02  0.2240390D-01 -0.1750753D-02  0.0000000D+00
 -0.7159251D-02 -0.1026987D+00 -0.7848111D-03  0.0000000D+00
 -0.2117225D-01  0.1840303D-02 -0.5175199D-02  0.0000000D+00
  0.1071633D-01 -0.3105427D-01  0.3933750D-02  0.0000000D+00
 -0.1138281D-01 -0.1108571D-01  0.3828434D-02  0.0000000D+00
 -0.8848985D-02 -0.1574455D-01 -0.2985020D-02  0.0000000D+00
 -0.1554016D-01 -0.1087856D-02 -0.2115778D-02  0.0000000D+00
 -0.9932756D-02 -0.6553073D-02 -0.2995035D-02  0.0000000D+00
 -0.9045436D-02 -0.5796983D-02 -0.2762234D-02  0.0000000D+00
 -0.3515954D-02 -0.5264260D-02 -0.2084015D-02  0.0000000D+00
 -0.2678779D-03 -0.4943917D-02 -0.1684549D-02  0.0000000D+00
  0.1111271D-01 -0.6296911D-03 -0.6246766D-05  0.0000000D+00
 -0.4585741D-02 -0.2708390D-04  0.1283217D-04  0.0000000D+00
  0.2755033D-02 -0.4541337D-03  0.9717936D-04  0.0000000D+00
  0.1158231D-01 -0.1106602D-03  0.8261880D-04  0.0000000D+00
  0.4580964D-02  0.1019291D-02 -0.2409974D-03  0.0000000D+00
 -0.2226125D-01 -0.2449104D-02  0.1156765D-02  0.0000000D+00
 -0.1587866D-01  0.3318090D-02  0.5986831D-03  0.0000000D+00
 -0.1240064D-01  0.2484752D-02 -0.1676058D-03  0.0000000D+00
 -0.1811102D-02 -0.8813205D-02  0.8072595D-03  0.0000000D+00
  0.1627955D-02 -0.1020459D-01 -0.3429696D-02  0.0000000D+00
  0.3759259D-02 -0.1114503D-01 -0.5900275D-02  0.0000000D+00
  0.1529616D-01  0.3396718D-03 -0.1724721D-03  0.0000000D+00
 -0.1507032D-01 -0.7264149D-03  0.3535471D-04  0.0000000D+00
 -0.2416668D-02  0.1171993D-02 -0.1723103D-03  0.0000000D+00
 -0.5062337D-02 -0.1198616D-02  0.1321135D-03  0.0000000D+00
  0.5102920D-02  0.1603214D-02 -0.4106575D-04  0.0000000D+00
  0.2048139D-02 -0.3971279D-02 -0.1170537D-02  0.0000000D+00
 -0.1301170D-01  0.1007421D-01 -0.1946164D-02  0.0000000D+00
  0.8155536D-03 -0.2156972D-02  0.7426060D-03  0.0000000D+00
  0.3779364D-02 -0.2429630D-02  0.1120840D-02  0.0000000D+00
  0.3945118D-02 -0.5807185D-03 -0.1545272D-02  0.0000000D+00
  0.4075102D-02  0.4968502D-03 -0.3102482D-02  0.0000000D+00
  0.3387802D-01  0.3042853D-03  0.6304384D-04  0.0000000D+00
 -0.2048107D-01 -0.1520016D-03 -0.1376703D-03  0.0000000D+00
  0.9724429D-02  0.2001145D-03  0.7541307D-04  0.0000000D+00
  0.3095172D-02 -0.5714903D-03  0.1499678D-05  0.0000000D+00
  0.1278639D-01  0.1398612D-02  0.3429192D-04  0.0000000D+00
  0.7300694D-02 -0.1850310D-02  0.2964857D-04  0.0000000D+00
  0.3660993D-02  0.9122993D-02 -0.3699743D-03  0.0000000D+00
  0.5220608D-02  0.1022957D-02  0.7246229D-03  0.0000000D+00
  0.2817316D-02 -0.6791323D-02  0.5183373D-03  0.0000000D+00
 -0.5996875D-03 -0.1044438D-01 -0.8865906D-03  0.0000000D+00
 -0.2626201D-02 -0.1267135D-01 -0.1711052D-02  0.0000000D+00
  0.6419618D-02  0.4534405D-03 -0.5853161D-04  0.0000000D+00
 -0.9226561D-02  0.8691468D-04  0.7562229D-04  0.0000000D+00
  0.1431899D-01  0.2880490D-03 -0.4452357D-04  0.0000000D+00
 -0.4326776D-02 -0.5982632D-03  0.8861756D-04  0.0000000D+00
  0.7548303D-02  0.1448796D-02 -0.3545790D-03  0.0000000D+00
  0.4466369D-03 -0.2012978D-02  0.1455558D-02  0.0000000D+00
 -0.6818667D-02  0.5845885D-03  0.2991974D-03  0.0000000D+00
 -0.1141885D-02 -0.3065693D-02  0.1276720D-02  0.0000000D+00
 -0.1478283D-02 -0.8540593D-02  0.4130165D-03  0.0000000D+00
 -0.2590592D-02 -0.7222734D-02 -0.1358725D-02  0.0000000D+00
 -0.3245674D-02 -0.6512997D-02 -0.2405981D-02  0.0000000D+00
 -0.2515255D-02  0.2860638D-03  0.5786316D-04  0.0000000D+00
 -0.8638213D-02 -0.5107068D-03 -0.3024313D-04  0.0000000D+00
  0.2882981D-02  0.5276043D-03 -0.1582732D-03  0.0000000D+00
  0.6341629D-02 -0.7243410D-03  0.1443201D-03  0.0000000D+00
  0.7075479D-02  0.1680676D-02 -0.2018571D-03  0.0000000D+00
  0.6924662D-03 -0.3424307D-02 -0.1237827D-04  0.0000000D+00
 -0.5522811D-02  0.2496502D-02 -0.1154401D-02  0.0000000D+00
 -0.1972805D-02 -0.1656580D-02 -0.5163469D-04  0.0000000D+00
 -0.1335600D-02  0.6179784D-03  0.7522697D-03  0.0000000D+00
 -0.4005929D-03  0.3436134D-02  0.1072116D-02  0.0000000D+00
  0.1534636D-03  0.5111077D-02  0.1268437D-02  0.0000000D+00
  0.1786307D-01 -0.4600279D-04  0.2323824D-03  0.0000000D+00
 -0.4141565D-02  0.4419147D-04 -0.5795469D-04  0.0000000D+00
  0.2662516D-01  0.1139811D-03  0.9381150D-04  0.0000000D+00
 -0.1030732D-01  0.2576942D-03 -0.1552828D-03  0.0000000D+00
  0.1487768D-01 -0.3546000D-03  0.2795467D-03  0.0000000D+00
 -0.2523664D-02  0.5206337D-03 -0.9780639D-03  0.0000000D+00
  0.5373296D-02  0.4220152D-02 -0.7141303D-03  0.0000000D+00
  0.1253962D-02  0.1105003D-02 -0.1054066D-02  0.0000000D+00
  0.2543751D-02 -0.2452113D-02 -0.1806161D-02  0.0000000D+00
  0.1201718D-02 -0.4351744D-02 -0.2038419D-02  0.0000000D+00
  0.4307489D-03 -0.5504676D-02 -0.2182823D-02  0.0000000D+00
  0.3650736D-01  0.1106188D-01  0.3997411D-03  0.0000000D+00
  0.4285163D-01  0.4020275D-01 -0.5077542D-03  0.0000000D+00
  0.4833991D-01  0.7302198D-02 -0.3837269D-03  0.0000000D+00
  0.1365226D-01  0.3109926D-01  0.6078170D-02  0.0000000D+00
  0.2850228D-01 -0.8281768D-02 -0.1869330D-03  0.0000000D+00
  0.2250504D-01  0.8267221D-02  0.5179632D-03  0.0000000D+00
  0.1567035D-01  0.6084645D-02 -0.2308167D-02  0.0000000D+00
 -0.1412386D-02  0.2344026D-02  0.3629414D-02  0.0000000D+00
 -0.9906035D-02  0.2460978D-02  0.7594682D-02  0.0000000D+00
 -0.9314978D-02  0.1652639D-02  0.6000536D-02  0.0000000D+00
 -0.9064427D-02  0.1179960D-02  0.5111936D-02  0.0000000D+00
  0.3680725D-01  0.1521158D-01  0.3015278D-02  0.0000000D+00
  0.3097046D-01  0.2300705D-01  0.2352253D-02  0.0000000D+00
  0.4957701D-01  0.1532026D-01  0.1970806D-02  0.0000000D+00
  0.4011731D-01  0.9907015D-02 -0.5105707D-02  0.0000000D+00
  0.7670100D-01  0.2011634D-01  0.1669032D-02  0.0000000D+00
  0.7228844D-01  0.9065421D-02  0.2876269D-02  0.0000000D+00
  0.3649674D-01  0.5039497D-02 -0.4132171D-03  0.0000000D+00
  0.4158439D-01  0.1836264D-02  0.1316780D-02  0.0000000D+00
  0.2230763D-01  0.5670804D-02  0.3734463D-02  0.0000000D+00
  0.1052827D-01  0.9669138D-02  0.1225088D-02  0.0000000D+00
  0.3417264D-02  0.1205197D-01 -0.2173088D-03  0.0000000D+00
 -0.1675181D-01  0.1877537D-01 -0.2056478D-03  0.0000000D+00
 -0.2066373D-01  0.4515361D-01 -0.7182872D-02  0.0000000D+00
 -0.4385414D-02 -0.1620963D-01  0.2323492D-02  0.0000000D+00
 -0.2622273D-02  0.1315556D-01 -0.5234836D-03  0.0000000D+00
 -0.8158615D-02 -0.2948398D-02 -0.3593382D-03  0.0000000D+00
  0.1594672D-01  0.9596032D-03 -0.1879153D-02  0.0000000D+00
  0.2256905D-01  0.1195281D-02  0.1199828D-02  0.0000000D+00
  0.1790040D-01  0.4151584D-02 -0.6749017D-02  0.0000000D+00
  0.3133334D-02  0.1112164D-01 -0.3941088D-02  0.0000000D+00
  0.1906260D-02  0.1089955D-01 -0.5566800D-03  0.0000000D+00
  0.1021827D-02  0.1084834D-01  0.1456603D-02  0.0000000D+00
 -0.1657697D-01 -0.2830943D-03  0.1176658D-03  0.0000000D+00
 -0.4373662D-02  0.1177578D-02 -0.5507196D-04  0.0000000D+00
 -0.7207729D-02 -0.3844433D-03  0.2100067D-03  0.0000000D+00
 -0.2791238D-01  0.6228930D-03 -0.4540870D-03  0.0000000D+00
 -0.2250152D-01 -0.1131210D-02  0.6384713D-03  0.0000000D+00
  0.2762105D-01  0.2020307D-02 -0.1168856D-02  0.0000000D+00
  0.2097458D-01  0.2704544D-02 -0.4346589D-03  0.0000000D+00
  0.1035277D-01 -0.1485518D-02 -0.2921692D-02  0.0000000D+00
  0.2496391D-02  0.5615439D-03 -0.9901830D-03  0.0000000D+00
  0.5234106D-03  0.3105285D-03 -0.5834378D-03  0.0000000D+00
 -0.7191995D-03  0.1852068D-03 -0.3244979D-03  0.0000000D+00
 -0.1810617D-01 -0.1776006D-04  0.2625489D-03  0.0000000D+00
 -0.5087130D-02 -0.1243589D-02 -0.1194092D-03  0.0000000D+00
 -0.1889365D-01  0.5122810D-03  0.7484544D-04  0.0000000D+00
  0.7811730D-02 -0.6936193D-03  0.4332900D-04  0.0000000D+00
 -0.7100940D-02  0.7532374D-03 -0.1204746D-03  0.0000000D+00
  0.1025677D-01 -0.3008878D-02  0.1506228D-03  0.0000000D+00
  0.1973315D-01 -0.2886458D-02 -0.6907517D-03  0.0000000D+00
  0.4977490D-02 -0.2194586D-03 -0.1756240D-02  0.0000000D+00
 -0.1927848D-02  0.5783770D-02 -0.2050241D-02  0.0000000D+00
 -0.1514918D-02  0.6729672D-02 -0.1615838D-02  0.0000000D+00
 -0.1351192D-02  0.7350130D-02 -0.1365155D-02  0.0000000D+00
 -0.4211816D-02  0.7618317D-03 -0.4586942D-04  0.0000000D+00
 -0.1939195D-04  0.8639032D-03  0.2469154D-03  0.0000000D+00
 -0.3022868D-02  0.2621710D-03 -0.4022363D-03  0.0000000D+00
 -0.4428343D-02 -0.1163510D-02  0.5073772D-03  0.0000000D+00
 -0.2269541D-01  0.1742311D-02 -0.7835502D-03  0.0000000D+00
 -0.1874117D-01 -0.3660094D-02  0.1311396D-02  0.0000000D+00
 -0.9443852D-02 -0.9710482D-03  0.4515753D-04  0.0000000D+00
 -0.1578135D-02 -0.1757795D-02  0.1546165D-02  0.0000000D+00
 -0.1667976D-03 -0.2321713D-02  0.3324781D-02  0.0000000D+00
 -0.1601063D-02  0.5448459D-03  0.2538280D-02  0.0000000D+00
 -0.2425138D-02  0.2217390D-02  0.2097890D-02  0.0000000D+00
 -0.1783241D-02 -0.3336472D-04  0.1230796D-03  0.0000000D+00
 -0.6693802D-02 -0.4581142D-03 -0.1572714D-03  0.0000000D+00
 -0.1139727D-01  0.2009047D-03  0.1115437D-03  0.0000000D+00
  0.5063044D-02  0.3155151D-03 -0.9671111D-05  0.0000000D+00
 -0.1281084D-01 -0.1083514D-02  0.1139400D-04  0.0000000D+00
  0.3681963D-02  0.2075183D-02  0.8228052D-03  0.0000000D+00
  0.9303623D-02 -0.7522767D-03 -0.1523718D-03  0.0000000D+00
  0.4138508D-02 -0.1281441D-02  0.1843113D-02  0.0000000D+00
  0.2518777D-02  0.1054672D-02  0.5499761D-03  0.0000000D+00
  0.2487424D-02  0.6559735D-04 -0.3295111D-03  0.0000000D+00
  0.2451126D-02 -0.4878155D-03 -0.8589649D-03  0.0000000D+00
  0.5458999D-02 -0.5868156D-03 -0.1625151D-04  0.0000000D+00
 -0.7121176D-02  0.7226211D-03  0.9532852D-04  0.0000000D+00
  0.8723097D-02 -0.2215602D-03 -0.2013976D-03  0.0000000D+00
 -0.1254069D-02  0.5557194D-03  0.1730474D-03  0.0000000D+00
  0.6189877D-02 -0.1029876D-02 -0.1018172D-03  0.0000000D+00
  0.4040170D-02  0.2463239D-02  0.2459318D-03  0.0000000D+00
  0.3405536D-02 -0.2963928D-02 -0.6666744D-03  0.0000000D+00
  0.5568921D-03 -0.2247848D-02  0.1959428D-03  0.0000000D+00
 -0.1772447D-02  0.4914086D-03 -0.9103524D-03  0.0000000D+00
 -0.3486811D-03  0.2920308D-02 -0.1567061D-02  0.0000000D+00
  0.4580764D-03  0.4373369D-02 -0.1963864D-02  0.0000000D+00
  0.3964271D-02 -0.1420477D-04 -0.2319967D-04  0.0000000D+00
 -0.1899749D-02 -0.1386060D-03 -0.5619376D-04  0.0000000D+00
  0.8170534D-03  0.7062894D-03  0.1204829D-03  0.0000000D+00
  0.6798931D-02 -0.8813958D-03 -0.2216523D-04  0.0000000D+00
 -0.2069892D-02  0.8898942D-03  0.2117152D-03  0.0000000D+00
 -0.2772803D-02  0.6080032D-03 -0.9672373D-03  0.0000000D+00
 -0.1139452D-02  0.2756645D-02  0.6357459D-03  0.0000000D+00
  0.2705970D-02  0.3819335D-03 -0.9446071D-03  0.0000000D+00
  0.1162129D-02  0.2946218D-03  0.4452606D-03  0.0000000D+00
 -0.4722418D-03  0.8743269D-03  0.9239620D-03  0.0000000D+00
 -0.1446461D-02  0.1212772D-02  0.1219929D-02  0.0000000D+00
  0.2016920D-01  0.1909092D-01 -0.7687571D-03  0.0000000D+00
  0.1682636D-01 -0.3204707D-01 -0.1038887D-02  0.0000000D+00
  0.1716875D-01  0.1498269D-01  0.1128841D-02  0.0000000D+00
  0.3046577D-01  0.1869535D-02  0.1866410D-02  0.0000000D+00
  0.2535784D-01  0.8633363D-02  0.7397000D-03  0.0000000D+00
  0.2954112D-02 -0.5185008D-03  0.8252957D-03  0.0000000D+00
 -0.3585827D-02 -0.3885624D-02 -0.1044699D-02  0.0000000D+00
 -0.9720700D-02 -0.7055128D-02  0.9688495D-03  0.0000000D+00
 -0.7022644D-02 -0.8811588D-02  0.7557760D-03  0.0000000D+00
 -0.3172051D-02 -0.6416971D-02 -0.1406545D-02  0.0000000D+00
 -0.8871495D-03 -0.5032889D-02 -0.2674647D-02  0.0000000D+00
 -0.2909168D-02 -0.7666206D-02  0.2579058D-02  0.0000000D+00
 -0.2524874D-01  0.2129149D-01  0.4575530D-02  0.0000000D+00
 -0.9040046D-02 -0.1305876D-01  0.5762364D-02  0.0000000D+00
 -0.2492127D-01  0.1307511D-01 -0.8540362D-02  0.0000000D+00
 -0.6079954D-02  0.6141594D-02  0.1201221D-02  0.0000000D+00
  0.1547724D-01  0.7834245D-03  0.2942349D-03  0.0000000D+00
  0.1646553D-01  0.7387830D-02 -0.1318965D-02  0.0000000D+00
  0.1231131D-01  0.7052800D-02  0.3723251D-02  0.0000000D+00
  0.7822555D-02 -0.1409671D-02  0.4844310D-02  0.0000000D+00
  0.2951690D-02 -0.2739146D-02  0.1766280D-02  0.0000000D+00
  0.5000458D-04 -0.3611415D-02 -0.2285316D-04  0.0000000D+00
 -0.1430267D-01  0.8329323D-02  0.3814902D-02  0.0000000D+00
 -0.1311395D-01 -0.2488554D-01 -0.3002790D-02  0.0000000D+00
 -0.1693836D-01  0.2305920D-01  0.5048466D-03  0.0000000D+00
 -0.1576530D-01 -0.1055144D-01  0.1210974D-02  0.0000000D+00
 -0.1347408D-01  0.1491125D-01  0.3060478D-03  0.0000000D+00
 -0.5009488D-02 -0.4099362D-02  0.1234650D-02  0.0000000D+00
 -0.9231368D-04 -0.1596559D-02 -0.3576806D-03  0.0000000D+00
 -0.1564226D-02  0.1658200D-04 -0.2471385D-02  0.0000000D+00
 -0.1360403D-02  0.6753873D-02  0.1312695D-02  0.0000000D+00
  0.1499643D-02  0.7612052D-02  0.1798697D-02  0.0000000D+00
  0.3175561D-02  0.8189769D-02  0.2125865D-02  0.0000000D+00
 -0.6349100D-02  0.5321092D-03  0.8718990D-04  0.0000000D+00
  0.7455192D-02  0.7919278D-03 -0.1288266D-03  0.0000000D+00
 -0.1175188D-02  0.3110848D-03  0.5717257D-04  0.0000000D+00
  0.6481831D-03 -0.1012406D-03  0.3120060D-04  0.0000000D+00
 -0.9901254D-02  0.5904166D-03 -0.7833654D-04  0.0000000D+00
  0.3186568D-02 -0.1146699D-02  0.4195617D-03  0.0000000D+00
  0.4930129D-02 -0.2634459D-02  0.1039407D-02  0.0000000D+00
  0.3740564D-02 -0.6809483D-02  0.2176460D-02  0.0000000D+00
  0.5589310D-03 -0.7656216D-02  0.2577509D-02  0.0000000D+00
 -0.8977333D-05 -0.8049058D-02  0.1296161D-02  0.0000000D+00
 -0.3774451D-03 -0.8289102D-02  0.5505408D-03  0.0000000D+00
 -0.4039880D-03 -0.9951514D-06  0.3937652D-04  0.0000000D+00
 -0.1967753D-02  0.6992532D-03 -0.1697840D-03  0.0000000D+00
  0.7488055D-04  0.1248458D-04  0.1860402D-03  0.0000000D+00
 -0.1365383D-01 -0.3135369D-03 -0.2456923D-03  0.0000000D+00
 -0.2213667D-02  0.7979945D-03  0.5201612D-03  0.0000000D+00
  0.4435320D-02 -0.8306669D-03 -0.1003032D-02  0.0000000D+00
  0.1813168D-02  0.1180750D-01 -0.1998783D-02  0.0000000D+00
  0.8481595D-02  0.7900930D-02 -0.3407647D-02  0.0000000D+00
  0.7638399D-02  0.4348276D-02 -0.4525351D-03  0.0000000D+00
  0.3566556D-02  0.3405174D-02  0.2728915D-03  0.0000000D+00
  0.1174733D-02  0.2814543D-02  0.7308002D-03  0.0000000D+00
 -0.2972802D-02  0.1601893D-03 -0.9432711D-06  0.0000000D+00
  0.1042769D-01 -0.4935838D-03 -0.7367408D-04  0.0000000D+00
  0.3450553D-02 -0.7691037D-04  0.1419595D-03  0.0000000D+00
 -0.1878093D-02  0.6154671D-04 -0.1357794D-03  0.0000000D+00
  0.8139087D-02 -0.2281467D-03  0.2119862D-03  0.0000000D+00
  0.5117081D-02 -0.9164652D-04 -0.1640019D-03  0.0000000D+00
  0.2971381D-03  0.4857535D-02 -0.1109223D-02  0.0000000D+00
  0.7331136D-03  0.3525534D-02 -0.8077352D-03  0.0000000D+00
  0.1872985D-02  0.1348722D-02 -0.1432480D-02  0.0000000D+00
  0.1880257D-02  0.3328921D-02 -0.3075701D-03  0.0000000D+00
  0.1897552D-02  0.4462632D-02  0.3441504D-03  0.0000000D+00
  0.2960696D-02  0.9078229D-04  0.1732839D-03  0.0000000D+00
 -0.4087692D-02  0.1160082D-04 -0.3985291D-04  0.0000000D+00
  0.3484201D-02  0.1475276D-03 -0.7284797D-04  0.0000000D+00
 -0.6355434D-03 -0.2339378D-03  0.1854377D-03  0.0000000D+00
 -0.3802423D-02  0.8978851D-04 -0.3067740D-03  0.0000000D+00
  0.9622957D-03 -0.2156698D-02  0.7883157D-03  0.0000000D+00
  0.1377821D-02 -0.4398196D-02  0.7369512D-03  0.0000000D+00
 -0.1342352D-02 -0.3078681D-02 -0.3859548D-03  0.0000000D+00
 -0.2577292D-02  0.1165525D-03 -0.7931843D-03  0.0000000D+00
 -0.1077264D-02 -0.8463856D-03 -0.7943304D-03  0.0000000D+00
 -0.2125888D-03 -0.1373233D-02 -0.7995478D-03  0.0000000D+00
  0.1263323D-01  0.6998817D-04 -0.7863819D-04  0.0000000D+00
  0.6417604D-02 -0.2242859D-03 -0.2717795D-04  0.0000000D+00
  0.1056722D-01  0.1934814D-03  0.6911066D-04  0.0000000D+00
 -0.7802897D-02 -0.4614774D-03 -0.1133118D-04  0.0000000D+00
  0.7611235D-02  0.8323742D-03  0.7941336D-04  0.0000000D+00
 -0.2005366D-02 -0.1759379D-02 -0.3362733D-03  0.0000000D+00
 -0.1552301D-02  0.8693504D-03  0.3148546D-04  0.0000000D+00
 -0.2455808D-02 -0.3142141D-02  0.2094997D-04  0.0000000D+00
 -0.2062164D-02 -0.2124022D-02  0.1748907D-03  0.0000000D+00
 -0.1585567D-02 -0.8125292D-03  0.5669286D-03  0.0000000D+00
 -0.1302557D-02 -0.3411767D-04  0.7980001D-03  0.0000000D+00
 -0.6944722D-03  0.2196449D-03  0.2103834D-03  0.0000000D+00
  0.8073650D-02 -0.2100522D-03 -0.9656496D-04  0.0000000D+00
 -0.7512775D-02 -0.1962418D-03  0.3585952D-03  0.0000000D+00
  0.4829878D-02 -0.1350914D-03 -0.3088939D-03  0.0000000D+00
  0.2318703D-02 -0.3488312D-03  0.3042326D-03  0.0000000D+00
 -0.1636905D-02  0.1926849D-02 -0.5291135D-03  0.0000000D+00
  0.1501524D-02  0.5230529D-03 -0.4714534D-03  0.0000000D+00
  0.6334284D-03  0.2643444D-03  0.3554241D-03  0.0000000D+00
  0.1113102D-02  0.1497121D-02 -0.8556383D-03  0.0000000D+00
  0.1090289D-02  0.3830590D-02 -0.3950194D-03  0.0000000D+00
  0.1082472D-02  0.5210043D-02 -0.1389146D-03  0.0000000D+00
  0.1090144D-01 -0.8317211D-02 -0.1898800D-02  0.0000000D+00
  0.5563755D-02 -0.5578794D-02  0.6388885D-02  0.0000000D+00
  0.1154147D-01 -0.1966767D-02 -0.2792374D-02  0.0000000D+00
  0.9475713D-02 -0.4150611D-02 -0.5343167D-03  0.0000000D+00
  0.8003782D-02 -0.2268725D-02 -0.1289362D-02  0.0000000D+00
 -0.1342675D-02  0.9055042D-02 -0.7326159D-03  0.0000000D+00
  0.2101354D-02 -0.9267254D-03 -0.2475737D-03  0.0000000D+00
 -0.1726798D-02  0.8683407D-03  0.6507348D-03  0.0000000D+00
 -0.2483092D-02  0.4423541D-02  0.5221682D-03  0.0000000D+00
  0.3795324D-03  0.3132944D-02 -0.1471091D-03  0.0000000D+00
  0.2046679D-02  0.2417858D-02 -0.5404025D-03  0.0000000D+00
 -0.1127426D-01 -0.1633204D-01  0.5487620D-03  0.0000000D+00
 -0.1853657D-01 -0.6452180D-02  0.1701204D-03  0.0000000D+00
 -0.1870059D-01  0.6391213D-02  0.2859981D-02  0.0000000D+00
 -0.1978238D-01 -0.1038750D-01  0.1413306D-03  0.0000000D+00
 -0.2523749D-01 -0.2664611D-02  0.1123885D-02  0.0000000D+00
  0.3647778D-02  0.2222980D-02 -0.2782299D-03  0.0000000D+00
  0.9314452D-02  0.2261442D-02 -0.1580040D-03  0.0000000D+00
  0.1243968D-01  0.6705487D-03  0.1301626D-02  0.0000000D+00
  0.5987786D-02  0.1190187D-02  0.1397541D-02  0.0000000D+00
  0.1317948D-02 -0.8728031D-03 -0.9041005D-04  0.0000000D+00
 -0.1487967D-02 -0.2074954D-02 -0.9602695D-03  0.0000000D+00
 -0.2590509D-01  0.5245208D-02  0.8014667D-03  0.0000000D+00
 -0.3900370D-02 -0.5543706D-02 -0.1585334D-02  0.0000000D+00
 -0.2287341D-01 -0.1355213D-01  0.1464575D-02  0.0000000D+00
 -0.1057928D-01  0.1269775D-01  0.3172108D-02  0.0000000D+00
 -0.9953175D-02 -0.1363727D-01  0.2320226D-03  0.0000000D+00
 -0.4224700D-03 -0.9174665D-03 -0.2748275D-03  0.0000000D+00
  0.3020442D-02 -0.4499638D-02  0.1635979D-03  0.0000000D+00
  0.5989610D-02 -0.2365573D-02 -0.1743058D-02  0.0000000D+00
  0.1455999D-02 -0.8778123D-03 -0.5173770D-03  0.0000000D+00
  0.8841259D-03  0.1047221D-02 -0.7795803D-03  0.0000000D+00
  0.4987795D-03  0.2189785D-02 -0.9195705D-03  0.0000000D+00
 -0.2243607D-01  0.4498979D-03  0.1026422D-03  0.0000000D+00
  0.1109886D-01 -0.3173310D-03  0.2071194D-03  0.0000000D+00
 -0.2075515D-01 -0.1098981D-03 -0.4617683D-04  0.0000000D+00
  0.2461052D-02  0.6536499D-03  0.1635952D-03  0.0000000D+00
 -0.2439148D-01 -0.1463242D-02 -0.2980861D-03  0.0000000D+00
 -0.2094550D-01  0.1614233D-02  0.6970679D-03  0.0000000D+00
 -0.7251337D-02 -0.1375902D-02 -0.5165959D-03  0.0000000D+00
 -0.4155520D-02 -0.6638196D-03 -0.1691024D-02  0.0000000D+00
 -0.1672527D-02  0.3276606D-02  0.8908682D-03  0.0000000D+00
  0.3294254D-03  0.3726621D-02  0.2742898D-03  0.0000000D+00
  0.1529242D-02  0.4034204D-02 -0.5804407D-04  0.0000000D+00
  0.1979382D-02  0.3146321D-04  0.3636757D-04  0.0000000D+00
 -0.5409670D-02 -0.4686088D-03 -0.5768124D-04  0.0000000D+00
 -0.2182954D-02  0.1919936D-03  0.9507527D-04  0.0000000D+00
 -0.2061104D-02 -0.4739491D-03 -0.5751733D-04  0.0000000D+00
  0.7503171D-02  0.1752592D-02 -0.7491680D-04  0.0000000D+00
  0.1495622D-03 -0.5154021D-02  0.1466103D-03  0.0000000D+00
  0.1517234D-02  0.1181736D-02  0.3180826D-03  0.0000000D+00
  0.2043119D-03  0.8254423D-03  0.8342324D-04  0.0000000D+00
  0.9793101D-03 -0.5803205D-02 -0.2139282D-03  0.0000000D+00
  0.4793492D-04 -0.6152027D-02 -0.1033862D-02  0.0000000D+00
 -0.4882307D-03 -0.6430650D-02 -0.1517397D-02  0.0000000D+00
 -0.9284894D-02 -0.1918384D-03  0.6956511D-04  0.0000000D+00
  0.1269849D-01 -0.3821510D-03 -0.9656090D-04  0.0000000D+00
 -0.7187911D-02  0.8010233D-03  0.1391131D-03  0.0000000D+00
  0.1089926D-01 -0.1284214D-02 -0.2899447D-04  0.0000000D+00
  0.9935001D-02  0.1964436D-02  0.5343486D-04  0.0000000D+00
 -0.7240061D-03 -0.3050562D-02 -0.3637543D-03  0.0000000D+00
 -0.4224998D-02 -0.5572361D-03 -0.3216782D-03  0.0000000D+00
 -0.2057898D-02  0.2345568D-02 -0.1308288D-03  0.0000000D+00
 -0.7411622D-03  0.1355279D-02  0.5336887D-03  0.0000000D+00
 -0.9635162D-03  0.1238473D-02  0.5338502D-03  0.0000000D+00
 -0.1079595D-02  0.1158505D-02  0.5411485D-03  0.0000000D+00
  0.1442119D-01 -0.5579901D-04  0.7414771D-05  0.0000000D+00
 -0.3149776D-02  0.1096023D-03 -0.9363699D-04  0.0000000D+00
  0.5122674D-02 -0.2595248D-04  0.1959416D-03  0.0000000D+00
  0.3471768D-02 -0.9702793D-05 -0.1373333D-03  0.0000000D+00
  0.1178526D-02  0.8663198D-05  0.2027489D-03  0.0000000D+00
 -0.3331735D-02  0.1192137D-02  0.1605495D-03  0.0000000D+00
 -0.1138267D-02  0.1478115D-02  0.2823280D-03  0.0000000D+00
 -0.2409903D-02 -0.1613132D-02  0.8955870D-03  0.0000000D+00
 -0.1791544D-03 -0.1830006D-02 -0.2509486D-03  0.0000000D+00
  0.8979550D-03 -0.3064166D-02 -0.5134148D-03  0.0000000D+00
  0.1553675D-02 -0.3789308D-02 -0.6798598D-03  0.0000000D+00
  0.9398001D-02  0.1138436D-04  0.2722532D-04  0.0000000D+00
 -0.6471306D-03 -0.1772114D-03 -0.3443892D-04  0.0000000D+00
  0.2684367D-03  0.6021614D-04  0.1184563D-03  0.0000000D+00
  0.7696830D-04  0.9186579D-04 -0.1609043D-03  0.0000000D+00
  0.5838862D-02 -0.2212066D-03  0.1049754D-03  0.0000000D+00
  0.1163883D-01  0.1135913D-02  0.4191388D-03  0.0000000D+00
  0.1375483D-02  0.3354302D-04  0.8296090D-03  0.0000000D+00
  0.4259215D-02 -0.2609497D-04 -0.2843134D-03  0.0000000D+00
  0.1021753D-02  0.9483499D-03 -0.9794729D-03  0.0000000D+00
  0.4414228D-03  0.1617763D-02 -0.7070011D-03  0.0000000D+00
  0.6548198D-04  0.2020342D-02 -0.5553178D-03  0.0000000D+00
  0.3134650D-02 -0.2686741D-03 -0.7217616D-04  0.0000000D+00
  0.3222932D-04  0.2642136D-03  0.1064983D-04  0.0000000D+00
  0.2959075D-02 -0.1396771D-03 -0.1049158D-03  0.0000000D+00
 -0.3954648D-02 -0.2490246D-04  0.1686925D-03  0.0000000D+00
 -0.1307192D-03 -0.6886963D-03 -0.1822177D-03  0.0000000D+00
 -0.5553918D-02  0.6210176D-03 -0.2977502D-03  0.0000000D+00
 -0.1969749D-02  0.2758423D-02 -0.1132092D-02  0.0000000D+00
 -0.3545667D-02  0.4116875D-02  0.2617322D-03  0.0000000D+00
 -0.2673398D-02  0.2162514D-02  0.3957212D-03  0.0000000D+00
 -0.1955860D-02 -0.1194073D-02  0.4641275D-03  0.0000000D+00
 -0.1526481D-02 -0.3180949D-02  0.5055444D-03  0.0000000D+00
 -0.1665580D-01 -0.5727037D-02  0.2268439D-02  0.0000000D+00
 -0.7031035D-02  0.1200085D-01  0.2464583D-02  0.0000000D+00
 -0.1271106D-01 -0.1117526D-02 -0.3159267D-02  0.0000000D+00
 -0.6553570D-02 -0.2446588D-02  0.3068657D-02  0.0000000D+00
 -0.1497924D-01  0.1401524D-02 -0.1055121D-03  0.0000000D+00
 -0.5248897D-02  0.3434988D-02  0.5141853D-03  0.0000000D+00
 -0.6868325D-02 -0.1721674D-03 -0.1349589D-02  0.0000000D+00
 -0.7852564D-02  0.5839285D-03  0.9159685D-03  0.0000000D+00
 -0.8651349D-02 -0.1775753D-02  0.8661041D-03  0.0000000D+00
 -0.4726296D-02 -0.1176347D-02 -0.5245398D-03  0.0000000D+00
 -0.2437594D-02 -0.8505794D-03 -0.1339432D-02  0.0000000D+00
 -0.6367538D-02  0.4655573D-03 -0.5319541D-03  0.0000000D+00
  0.1548344D-01  0.3652683D-03 -0.6278945D-02  0.0000000D+00
 -0.7870200D-02  0.3036849D-02  0.7190201D-02  0.0000000D+00
  0.6219847D-02 -0.4575996D-02 -0.1641935D-02  0.0000000D+00
 -0.6930104D-02 -0.1196620D-02  0.5176718D-03  0.0000000D+00
 -0.8619464D-02  0.1046987D-02  0.2061825D-02  0.0000000D+00
 -0.7252100D-02 -0.1829764D-02  0.5411791D-03  0.0000000D+00
  0.1013202D-02  0.4934275D-03  0.2516150D-02  0.0000000D+00
 -0.2486209D-02 -0.2275972D-03  0.2302143D-02  0.0000000D+00
 -0.1552458D-02  0.1584729D-03  0.8307082D-03  0.0000000D+00
 -0.1044898D-02  0.3770453D-03 -0.3307424D-04  0.0000000D+00
  0.2353645D-02 -0.5660446D-02 -0.5126681D-02  0.0000000D+00
  0.1473764D-01 -0.1701112D-01  0.1701384D-02  0.0000000D+00
  0.3486458D-02  0.1445528D-01 -0.1474933D-02  0.0000000D+00
  0.3896341D-02 -0.7102348D-02  0.2838333D-02  0.0000000D+00
  0.4222936D-02  0.2722747D-02 -0.1302796D-02  0.0000000D+00
  0.1168968D-02 -0.2965424D-02  0.8896207D-03  0.0000000D+00
  0.2838095D-02 -0.3067614D-02  0.1855589D-03  0.0000000D+00
  0.2905385D-02 -0.5258543D-02 -0.2569905D-03  0.0000000D+00
  0.8344209D-03 -0.1491691D-03  0.4500661D-03  0.0000000D+00
 -0.5495663D-03  0.2109889D-03  0.5067979D-03  0.0000000D+00
 -0.1383381D-02  0.4787041D-03  0.5483121D-03  0.0000000D+00
 -0.5794100D-02  0.3397487D-03  0.5001582D-04  0.0000000D+00
  0.9538962D-02 -0.1004316D-02  0.8673967D-04  0.0000000D+00
 -0.1297749D-02  0.6490232D-03  0.1284743D-03  0.0000000D+00
  0.5949498D-02 -0.7747374D-03 -0.6127492D-04  0.0000000D+00
  0.8923241D-03  0.1317438D-02  0.2173187D-03  0.0000000D+00
  0.2627394D-02  0.3584260D-04 -0.2470265D-03  0.0000000D+00
 -0.2643981D-02  0.2707897D-02  0.6125110D-03  0.0000000D+00
  0.1632926D-02 -0.1128710D-02 -0.2413256D-04  0.0000000D+00
  0.9435033D-03  0.3215312D-02 -0.1560572D-03  0.0000000D+00
  0.1559707D-02  0.2305074D-02  0.3339058D-03  0.0000000D+00
  0.1913008D-02  0.1819501D-02  0.6198329D-03  0.0000000D+00
 -0.3197954D-02  0.3651353D-04  0.1411914D-03  0.0000000D+00
  0.6515312D-02 -0.2710377D-03  0.1432890D-04  0.0000000D+00
  0.2508578D-02  0.2821949D-03  0.4618091D-04  0.0000000D+00
  0.2076010D-02 -0.2381546D-03  0.1552622D-04  0.0000000D+00
  0.4305668D-03  0.4242367D-03  0.7867887D-04  0.0000000D+00
 -0.1596061D-02 -0.2016845D-02 -0.1242879D-03  0.0000000D+00
  0.2204910D-02 -0.1415351D-02 -0.1074782D-02  0.0000000D+00
  0.3335641D-02  0.8700624D-03 -0.2202686D-02  0.0000000D+00
  0.2366555D-04  0.7289191D-03 -0.1346697D-03  0.0000000D+00
 -0.6376215D-03 -0.5375428D-03  0.1497377D-03  0.0000000D+00
 -0.1061312D-02 -0.1279844D-02  0.3396592D-03  0.0000000D+00
 -0.2853712D-02 -0.5795022D-04 -0.5515518D-04  0.0000000D+00
 -0.2773165D-02  0.8595938D-03 -0.4459165D-04  0.0000000D+00
  0.3194256D-02 -0.1722500D-03 -0.1422583D-04  0.0000000D+00
  0.1197776D-02  0.5957301D-03  0.1201525D-03  0.0000000D+00
  0.6117715D-02 -0.1441093D-03 -0.5334991D-04  0.0000000D+00
  0.3687419D-02 -0.1396069D-02  0.4266216D-04  0.0000000D+00
 -0.3902569D-02  0.1441194D-03 -0.5119462D-04  0.0000000D+00
 -0.1046141D-02 -0.1133002D-02 -0.1069313D-02  0.0000000D+00
  0.2837294D-03  0.8459891D-03 -0.9373630D-03  0.0000000D+00
  0.8724746D-03  0.2062930D-02  0.1648685D-03  0.0000000D+00
  0.1232050D-02  0.2797554D-02  0.8115796D-03  0.0000000D+00
 -0.8007582D-03  0.6411400D-04  0.1226584D-03  0.0000000D+00
 -0.7617311D-03  0.3398856D-03 -0.1519642D-04  0.0000000D+00
  0.6906250D-04  0.7332684D-04  0.1335198D-04  0.0000000D+00
 -0.3522333D-03  0.1886346D-03  0.1365402D-03  0.0000000D+00
  0.1277187D-02 -0.8405712D-03 -0.1674040D-03  0.0000000D+00
 -0.4764130D-02  0.1298969D-02  0.2508884D-03  0.0000000D+00
 -0.1510628D-02 -0.2804078D-02 -0.4370705D-03  0.0000000D+00
 -0.1887347D-02  0.2216382D-03 -0.2344892D-03  0.0000000D+00
 -0.5320211D-03 -0.4063832D-03 -0.2073527D-03  0.0000000D+00
  0.1242162D-03 -0.8111971D-03  0.4825735D-03  0.0000000D+00
  0.5231759D-03 -0.1055204D-02  0.8869720D-03  0.0000000D+00
  0.1325125D-01  0.4288010D-03 -0.1534120D-03  0.0000000D+00
 -0.1376374D-01  0.2681924D-03  0.7469253D-04  0.0000000D+00
  0.2785073D-02 -0.7256210D-04 -0.6876624D-04  0.0000000D+00
  0.7965303D-03  0.9468456D-04  0.7791739D-04  0.0000000D+00
 -0.2073597D-02  0.3322316D-04  0.7204023D-05  0.0000000D+00
 -0.3504034D-03  0.1009003D-03 -0.1839995D-03  0.0000000D+00
 -0.3453267D-02 -0.8278835D-03  0.3258948D-03  0.0000000D+00
 -0.5944700D-03  0.1286395D-02 -0.3422009D-03  0.0000000D+00
  0.5800524D-03  0.5538881D-03  0.1395727D-03  0.0000000D+00
  0.1242621D-03  0.1891519D-03  0.8708160D-04  0.0000000D+00
 -0.1291643D-03 -0.3231775D-04  0.6135833D-04  0.0000000D+00
  0.2365822D-02 -0.3276033D-03  0.9540039D-04  0.0000000D+00
 -0.3833055D-02  0.2887854D-03 -0.4873013D-04  0.0000000D+00
 -0.6243200D-03  0.1999165D-04  0.5620863D-04  0.0000000D+00
  0.4232099D-02  0.4275008D-03  0.7262292D-04  0.0000000D+00
  0.2577727D-02 -0.5088831D-03  0.6810336D-05  0.0000000D+00
  0.1105460D-02  0.2462743D-02  0.1376573D-03  0.0000000D+00
 -0.8512390D-03 -0.4946557D-02  0.1636629D-05  0.0000000D+00
  0.2190537D-02  0.2593649D-02  0.6356679D-03  0.0000000D+00
  0.2659445D-02  0.2606009D-02  0.8567913D-04  0.0000000D+00
  0.1641385D-02  0.1629932D-02  0.9570935D-03  0.0000000D+00
  0.1050773D-02  0.1058899D-02  0.1461096D-02  0.0000000D+00
