  1  2   693  9216  4  4  9 11  7  1    0.00   24.00  100.00  550.00    0.00    6.28   45.00   45.00
  100.0  100.0  100.0  100.0  125.0  150.0  190.0  230.0  275.0  350.0  450.0  600.0  600.0  600.0  600.0
  0.1032229D+02  0.3635932D-01 -0.4201690D-01  0.0000000D+00
  0.1063373D+02  0.2382082D+00 -0.2248346D-01  0.0000000D+00
  0.1055612D+02 -0.2352880D-01 -0.1146421D-01  0.0000000D+00
  0.1070893D+02  0.3601811D+00 -0.4467664D-01  0.0000000D+00
  0.1093319D+02 -0.7687145D-01 -0.2976232D-02  0.0000000D+00
  0.1130173D+02  0.1866809D+00 -0.3236371D-01  0.0000000D+00
  0.1156734D+02  0.3717658D+00 -0.1549143D-01  0.0000000D+00
  0.1149602D+02  0.6423992D+00 -0.8185437D-02  0.0000000D+00
  0.1124166D+02  0.6611748D+00  0.1581818D-01  0.0000000D+00
  0.1104617D+02  0.6749918D+00  0.3417956D-01  0.0000000D+00
  0.1092883D+02  0.6834457D+00  0.4522338D-01  0.0000000D+00
 -0.6298424D+00 -0.8202385D-01 -0.4715556D-01  0.0000000D+00
 -0.5725110D+00  0.3099848D-01 -0.8149487D-02  0.0000000D+00
 -0.5371830D+00 -0.5331143D-01  0.9433741D-03  0.0000000D+00
 -0.6393633D+00  0.1317060D+00 -0.4055611D-01  0.0000000D+00
 -0.6565712D+00 -0.2901679D+00  0.3043691D-01  0.0000000D+00
 -0.6323164D+00 -0.3263580D-01 -0.3016030D-01  0.0000000D+00
 -0.2990619D+00 -0.3042880D+00 -0.1963569D-01  0.0000000D+00
 -0.1105695D+00 -0.1298082D+00 -0.2584160D-01  0.0000000D+00
 -0.7219063D-01 -0.2899378D-01 -0.7200662D-02  0.0000000D+00
 -0.4272195D-01  0.4788227D-01  0.7039332D-02  0.0000000D+00
 -0.2502639D-01  0.9418418D-01  0.1560935D-01  0.0000000D+00
  0.1650972D-01 -0.1011438D-02 -0.1997570D-01  0.0000000D+00
 -0.6186853D-02 -0.5826378D-01 -0.1897570D-01  0.0000000D+00
  0.1382335D-01  0.2930830D-01  0.2353880D-02  0.0000000D+00
  0.3208700D-01  0.2749482D-01  0.6282307D-02  0.0000000D+00
  0.3477472D-01  0.1129864D+00 -0.6723304D-02  0.0000000D+00
 -0.1382054D+00  0.9594818D-02  0.1692094D-03  0.0000000D+00
 -0.1808562D+00 -0.2484206D-01 -0.2217640D-01  0.0000000D+00
 -0.1367886D+00 -0.1811897D-01 -0.1869608D-01  0.0000000D+00
 -0.1078091D+00 -0.1837286D-01 -0.1608194D-01  0.0000000D+00
 -0.8541387D-01 -0.1871343D-01 -0.1415450D-01  0.0000000D+00
 -0.7200375D-01 -0.1887965D-01 -0.1297619D-01  0.0000000D+00
 -0.1959703D-01 -0.4816713D-03 -0.5452971D-05  0.0000000D+00
 -0.1053841D-01 -0.4006410D-04  0.2192286D-03  0.0000000D+00
 -0.7894472D-02 -0.1043958D-02 -0.4066502D-03  0.0000000D+00
 -0.1081059D-01  0.9977415D-03  0.6332922D-03  0.0000000D+00
  0.2921044D-02  0.2066462D-02 -0.1127068D-02  0.0000000D+00
 -0.7317507D-01 -0.1852696D-01  0.1061972D-02  0.0000000D+00
  0.2039091D-02 -0.3322888D-01 -0.2810789D-02  0.0000000D+00
  0.5076860D-01  0.3442964D-01 -0.3222978D-02  0.0000000D+00
  0.4334679D-01  0.2447834D-01  0.2647262D-02  0.0000000D+00
  0.3789846D-01  0.1666139D-01  0.7125626D-02  0.0000000D+00
  0.3456134D-01  0.1201368D-01  0.9822382D-02  0.0000000D+00
 -0.1051456D-01  0.9405435D-04  0.6608039D-04  0.0000000D+00
 -0.1510078D-02  0.1120508D-02  0.2899622D-03  0.0000000D+00
 -0.2122524D-01 -0.9869286D-03 -0.3183976D-03  0.0000000D+00
  0.1171037D-01  0.1910363D-02  0.6039770D-03  0.0000000D+00
 -0.3603778D-02 -0.3660690D-02 -0.9849561D-03  0.0000000D+00
 -0.6101225D-01  0.1006292D-01  0.1163612D-02  0.0000000D+00
 -0.3648248D-01 -0.3026959D-01 -0.2286587D-02  0.0000000D+00
 -0.9730851D-02  0.3394126D-01 -0.9070044D-02  0.0000000D+00
 -0.1506827D-01 -0.5511379D-03 -0.7539977D-02  0.0000000D+00
 -0.1913684D-01 -0.2717066D-01 -0.6416195D-02  0.0000000D+00
 -0.2158768D-01 -0.4311960D-01 -0.5728017D-02  0.0000000D+00
 -0.3875243D-01 -0.1452201D-03  0.4208599D-04  0.0000000D+00
  0.5009729D-01  0.1159626D-03  0.1617594D-04  0.0000000D+00
  0.1449550D-01 -0.7281907D-03  0.3709104D-04  0.0000000D+00
  0.4966830D-02  0.1920364D-02  0.6935119D-04  0.0000000D+00
  0.6532599D-01 -0.6690298D-02 -0.1340754D-03  0.0000000D+00
  0.5192989D-01  0.2855037D-01  0.1176645D-02  0.0000000D+00
 -0.1234669D-01  0.4812549D-02 -0.3360813D-02  0.0000000D+00
  0.1071306D-01  0.8986284D-02  0.6265707D-03  0.0000000D+00
  0.1278840D-01  0.7717285D-02 -0.6168968D-03  0.0000000D+00
  0.1444033D-01  0.6894699D-02 -0.1614525D-02  0.0000000D+00
  0.1541697D-01  0.6360997D-02 -0.2202363D-02  0.0000000D+00
 -0.5270230D-02 -0.4362095D-03 -0.3368191D-04  0.0000000D+00
 -0.1403511D-01 -0.4196625D-03 -0.1939280D-03  0.0000000D+00
 -0.2583975D-01  0.9149568D-04  0.9279655D-04  0.0000000D+00
  0.8348830D-02 -0.1511777D-04 -0.1373389D-03  0.0000000D+00
 -0.3931746D-01 -0.4531452D-03  0.2667144D-03  0.0000000D+00
  0.1728192D-01  0.2022494D-02  0.8130852D-03  0.0000000D+00
  0.4038077D-01  0.1261960D-01  0.2558142D-03  0.0000000D+00
  0.2411346D-01 -0.6169325D-02  0.9374384D-03  0.0000000D+00
  0.1930035D-01  0.1445760D-01  0.5655509D-03  0.0000000D+00
  0.1559823D-01  0.3035871D-01  0.3008382D-03  0.0000000D+00
  0.1337692D-01  0.3989040D-01  0.1364242D-03  0.0000000D+00
 -0.3408456D-01  0.4783383D-03 -0.2449097D-04  0.0000000D+00
  0.8228411D-02 -0.6667830D-03  0.2172498D-03  0.0000000D+00
  0.7859882D-02  0.1099575D-02 -0.1774187D-03  0.0000000D+00
 -0.7971831D-02 -0.2726175D-02  0.4149245D-03  0.0000000D+00
 -0.1493746D-01  0.3854565D-02 -0.7548272D-03  0.0000000D+00
 -0.8861301D-02 -0.1110750D-01  0.1428651D-02  0.0000000D+00
 -0.2136979D-01 -0.4793927D-02 -0.2131651D-02  0.0000000D+00
 -0.7935490D-02 -0.9245077D-02 -0.6463847D-03  0.0000000D+00
 -0.3229482D-02 -0.9962884D-03 -0.1629386D-02  0.0000000D+00
  0.2897645D-03  0.5338781D-02 -0.2416699D-02  0.0000000D+00
  0.2427737D-02  0.9142486D-02 -0.2880939D-02  0.0000000D+00
 -0.5158753D-02  0.2946760D-03 -0.4083631D-04  0.0000000D+00
 -0.1535871D-01  0.4207333D-03 -0.1162781D-03  0.0000000D+00
 -0.4577641D-02 -0.7729004D-04  0.6656521D-04  0.0000000D+00
  0.7051859D-02 -0.1344248D-02 -0.2090357D-03  0.0000000D+00
 -0.3123944D-01  0.2538062D-02  0.4416097D-03  0.0000000D+00
  0.4930165D-04 -0.6985999D-02 -0.1421259D-02  0.0000000D+00
  0.2221425D-01  0.5849414D-02 -0.1003530D-02  0.0000000D+00
  0.3478048D-02  0.2137342D-02  0.1268357D-02  0.0000000D+00
  0.3686449D-02  0.2601538D-02  0.6303235D-03  0.0000000D+00
  0.3825244D-02  0.2905140D-02  0.1579220D-03  0.0000000D+00
  0.3914223D-02  0.3101256D-02 -0.1303252D-03  0.0000000D+00
 -0.1675768D+00 -0.8082524D-01 -0.9267634D-02  0.0000000D+00
 -0.2217822D+00 -0.4144820D-01  0.2029752D-01  0.0000000D+00
 -0.9353958D-01 -0.3150050D-01  0.1768444D-01  0.0000000D+00
 -0.2337278D+00 -0.9106444D-03 -0.1265692D-01  0.0000000D+00
 -0.1102179D+00 -0.8231616D-01 -0.6982118D-02  0.0000000D+00
 -0.1448731D-01 -0.7038533D-01  0.1742620D-01  0.0000000D+00
 -0.1209908D+00  0.2999774D-01  0.4987356D-02  0.0000000D+00
 -0.1836455D+00 -0.1109238D+00  0.1670431D-01  0.0000000D+00
 -0.1862199D+00 -0.4600849D-01  0.1316141D-01  0.0000000D+00
 -0.1885502D+00  0.3776240D-02  0.1040674D-01  0.0000000D+00
 -0.1898568D+00  0.3368637D-01  0.8761557D-02  0.0000000D+00
  0.8945312D-01 -0.5915207D-01 -0.2008714D-01  0.0000000D+00
 -0.1248782D+00  0.1748087D-01  0.1269227D-01  0.0000000D+00
  0.6776711D-01 -0.5704980D-01  0.1199901D-01  0.0000000D+00
 -0.1082140D+00  0.7372188D-01 -0.1830976D-01  0.0000000D+00
 -0.1356417D+00 -0.8822740D-01  0.1317250D-02  0.0000000D+00
 -0.8175832D-01 -0.1415640D+00  0.6677238D-02  0.0000000D+00
 -0.9222714D-01  0.3032690D-01 -0.3621789D-01  0.0000000D+00
 -0.6376811D-01 -0.5909987D-01 -0.8624407D-02  0.0000000D+00
 -0.7131954D-01 -0.2708555D-01  0.3757785D-02  0.0000000D+00
 -0.7739636D-01 -0.2949111D-02  0.1324963D-01  0.0000000D+00
 -0.8097216D-01  0.1166147D-01  0.1895329D-01  0.0000000D+00
  0.2672631D-01 -0.4463266D-01 -0.5299019D-02  0.0000000D+00
  0.5279229D-02 -0.4102577D-01 -0.4212506D-01  0.0000000D+00
  0.2032115D-01  0.2136796D-01  0.1128226D-02  0.0000000D+00
  0.6494841D-01 -0.4803243D-02  0.1110004D-02  0.0000000D+00
 -0.4115755D-01  0.2997376D-01  0.7120553D-02  0.0000000D+00
 -0.3410876D-01 -0.2778723D-01  0.4076114D-02  0.0000000D+00
  0.2827216D-01 -0.6562453D-01 -0.2445284D-02  0.0000000D+00
 -0.2496971D-02 -0.6584327D-01 -0.6300902D-02  0.0000000D+00
 -0.1544895D-01 -0.7932092D-01 -0.1785282D-02  0.0000000D+00
 -0.2560965D-01 -0.8960002D-01  0.1673257D-02  0.0000000D+00
 -0.3165427D-01 -0.9579067D-01  0.3752304D-02  0.0000000D+00
  0.3409490D-01  0.9390066D-03  0.1576839D-03  0.0000000D+00
  0.3705738D-01 -0.2103884D-02 -0.3223830D-03  0.0000000D+00
  0.1006156D-01  0.3767275D-02  0.2481058D-03  0.0000000D+00
  0.5573835D-02 -0.6695129D-02 -0.4569745D-03  0.0000000D+00
  0.2335128D-01  0.5504271D-02  0.4548450D-03  0.0000000D+00
  0.1176526D+00 -0.2045229D-01  0.5708308D-03  0.0000000D+00
  0.8617707D-01  0.3076246D-01  0.3390071D-02  0.0000000D+00
  0.4991279D-01 -0.2681161D-02  0.1082159D-01  0.0000000D+00
  0.2361449D-01  0.4243583D-02  0.4429569D-02  0.0000000D+00
  0.3584813D-02  0.9716823D-02 -0.4266341D-03  0.0000000D+00
 -0.8485234D-02  0.1296251D-01 -0.3356232D-02  0.0000000D+00
  0.1713776D-01  0.4909088D-03  0.1309365D-03  0.0000000D+00
  0.4047363D-01 -0.1117059D-02 -0.2576460D-03  0.0000000D+00
  0.1686496D-01  0.2431004D-02  0.1688353D-03  0.0000000D+00
  0.2861376D-01 -0.3909342D-02 -0.1542258D-03  0.0000000D+00
 -0.1921026D-01  0.6889654D-02  0.4365854D-03  0.0000000D+00
  0.1202850D-01 -0.2158084D-01 -0.7847722D-03  0.0000000D+00
  0.8148112D-01 -0.9836392D-02 -0.3167699D-05  0.0000000D+00
  0.2974374D-01  0.1195008D-01 -0.4145168D-02  0.0000000D+00
  0.1765003D-01 -0.3124513D-01 -0.1036284D-01  0.0000000D+00
  0.8251730D-02 -0.6444059D-01 -0.1510439D-01  0.0000000D+00
  0.2637791D-02 -0.8436612D-01 -0.1796010D-01  0.0000000D+00
  0.2530690D-01 -0.2051420D-03  0.1287237D-04  0.0000000D+00
 -0.4197192D-01  0.9311755D-03  0.1298243D-03  0.0000000D+00
 -0.8660260D-02 -0.1877443D-02 -0.6924446D-04  0.0000000D+00
 -0.2539048D-02  0.5327795D-02 -0.1005125D-03  0.0000000D+00
 -0.5127788D-01 -0.1484855D-02  0.3706644D-03  0.0000000D+00
  0.4290584D-01  0.1307963D-01 -0.1926410D-02  0.0000000D+00
  0.6943906D-02 -0.2245283D-03 -0.7936760D-04  0.0000000D+00
  0.6742474D-02  0.9902892D-02  0.1327501D-02  0.0000000D+00
  0.3802561D-02 -0.4803906D-02  0.2381481D-02  0.0000000D+00
  0.1616855D-02 -0.1596189D-01  0.3173149D-02  0.0000000D+00
  0.2855553D-03 -0.2269723D-01  0.3653144D-02  0.0000000D+00
  0.5226693D-02 -0.2817189D-04  0.1380414D-03  0.0000000D+00
  0.2471424D-02  0.1247074D-02 -0.1486735D-03  0.0000000D+00
  0.2494637D-01 -0.3049521D-02  0.3228012D-03  0.0000000D+00
 -0.2583461D-01  0.5125057D-02 -0.5211005D-03  0.0000000D+00
  0.1135353D-01 -0.3541913D-02  0.8529763D-03  0.0000000D+00
  0.1482639D-01  0.1103546D-01 -0.1888288D-02  0.0000000D+00
  0.3740964D-01  0.1666043D-01  0.7946491D-02  0.0000000D+00
  0.1948422D-02  0.9976873D-02  0.1982660D-02  0.0000000D+00
  0.1165018D-01  0.7900119D-02  0.2709180D-03  0.0000000D+00
  0.1906563D-01  0.6271568D-02 -0.1056137D-02  0.0000000D+00
  0.2352733D-01  0.5302528D-02 -0.1849682D-02  0.0000000D+00
  0.7812362D-01 -0.2082125D-03 -0.1135264D-03  0.0000000D+00
 -0.2010535D-01 -0.1456470D-04  0.2408349D-03  0.0000000D+00
 -0.4316383D-02 -0.9260529D-04 -0.2832178D-03  0.0000000D+00
  0.4724059D-01 -0.2401049D-03  0.3854654D-03  0.0000000D+00
 -0.5614645D-01  0.5940549D-03 -0.7862620D-03  0.0000000D+00
 -0.4741912D-01 -0.8141568D-02  0.2145514D-02  0.0000000D+00
 -0.1093494D-01 -0.6634420D-02 -0.2985007D-02  0.0000000D+00
 -0.4072911D-02 -0.1359304D-01  0.1366973D-02  0.0000000D+00
 -0.9332807D-03 -0.4277303D-02 -0.2193506D-03  0.0000000D+00
  0.1420987D-02  0.2843103D-02 -0.1472637D-02  0.0000000D+00
  0.2849470D-02  0.7127276D-02 -0.2215974D-02  0.0000000D+00
  0.1036547D-01  0.5306670D-05  0.3903714D-04  0.0000000D+00
 -0.1585194D-01 -0.1207242D-02  0.1172818D-03  0.0000000D+00
  0.2229691D-01  0.2486118D-02  0.9277274D-04  0.0000000D+00
 -0.3567744D-01 -0.5139304D-02 -0.2762202D-03  0.0000000D+00
  0.2037071D-01  0.1351513D-02  0.4844000D-03  0.0000000D+00
 -0.2294038D-01 -0.2064293D-02 -0.8831990D-03  0.0000000D+00
 -0.1114678D-01  0.5771594D-02 -0.1879927D-03  0.0000000D+00
 -0.9037732D-02 -0.7009795D-03  0.1538176D-02  0.0000000D+00
 -0.2415283D-02  0.1063339D-02  0.1989323D-02  0.0000000D+00
  0.2605658D-02  0.2448175D-02  0.2326215D-02  0.0000000D+00
  0.5637396D-02  0.3271844D-02  0.2530996D-02  0.0000000D+00
 -0.2921294D-01 -0.5646242D-01  0.1839574D-01  0.0000000D+00
  0.5907164D-01 -0.7681756D-01 -0.3102457D-02  0.0000000D+00
 -0.1644152D-01  0.1607643D-02 -0.1875271D-01  0.0000000D+00
  0.4837041D-01  0.4864091D-02  0.3286390D-01  0.0000000D+00
  0.5330592D-03 -0.4001520D-02 -0.3982358D-01  0.0000000D+00
  0.5614444D-01 -0.1580854D-01  0.4693491D-02  0.0000000D+00
 -0.2072421D-02 -0.5458108D-01 -0.1886271D-01  0.0000000D+00
  0.2949917D-01  0.5112088D-02 -0.1828038D-01  0.0000000D+00
  0.4848515D-01 -0.3211261D-01 -0.1150377D-01  0.0000000D+00
  0.6302921D-01 -0.6112950D-01 -0.6290594D-02  0.0000000D+00
  0.7177152D-01 -0.7843963D-01 -0.3162754D-02  0.0000000D+00
 -0.7121854D-01 -0.9482987D-01  0.3203409D-01  0.0000000D+00
  0.3463688D-01 -0.1054771D-01  0.2681686D-02  0.0000000D+00
 -0.3927704D-01  0.3185226D-02 -0.2339385D-01  0.0000000D+00
  0.3185725D-01  0.5697025D-01  0.3861402D-01  0.0000000D+00
 -0.5360536D-01 -0.1334064D+00 -0.5339105D-01  0.0000000D+00
  0.8839026D-01  0.8995426D-01  0.9570407D-02  0.0000000D+00
 -0.1591616D-01 -0.2439869D-01  0.6072893D-02  0.0000000D+00
  0.1619285D-02  0.3979770D-02  0.2348192D-03  0.0000000D+00
  0.2062214D-01  0.7110324D-01  0.2941420D-02  0.0000000D+00
  0.3519140D-01  0.1225307D+00  0.5038483D-02  0.0000000D+00
  0.4394552D-01  0.1534412D+00  0.6292799D-02  0.0000000D+00
  0.1170306D-01 -0.1654871D-01  0.1239659D-01  0.0000000D+00
 -0.3701960D-01 -0.7706874D-01 -0.3724689D-02  0.0000000D+00
  0.1274677D-01 -0.3457371D-01  0.1577641D-02  0.0000000D+00
 -0.1951718D-01  0.2736080D-01 -0.8810325D-02  0.0000000D+00
  0.1644695D-01 -0.4207544D-01  0.1676513D-02  0.0000000D+00
  0.7692230D-03  0.2243857D-01 -0.3824206D-02  0.0000000D+00
 -0.1092936D-01  0.3059973D-01 -0.3029966D-02  0.0000000D+00
 -0.1235816D-02  0.2225163D-04  0.1427123D-02  0.0000000D+00
 -0.2479153D-02  0.5887589D-01 -0.8140189D-02  0.0000000D+00
 -0.3310530D-02  0.1042163D+00 -0.1556123D-01  0.0000000D+00
 -0.3842082D-02  0.1314027D+00 -0.1999775D-01  0.0000000D+00
 -0.2589358D-01 -0.1433262D-04 -0.4997384D-04  0.0000000D+00
  0.9586691D-02  0.1863719D-03  0.2718635D-04  0.0000000D+00
 -0.1718758D-01  0.4805443D-03 -0.8211481D-04  0.0000000D+00
  0.2016991D-01  0.8448999D-03  0.1024998D-03  0.0000000D+00
 -0.6562307D-01 -0.6724779D-02  0.7578227D-04  0.0000000D+00
  0.3140450D-01  0.1391323D-01 -0.3585658D-03  0.0000000D+00
 -0.3426210D-01 -0.2994295D-01 -0.2119292D-02  0.0000000D+00
  0.5869860D-03  0.1675449D-01 -0.2615528D-02  0.0000000D+00
 -0.2550041D-02 -0.6341388D-02  0.1984430D-02  0.0000000D+00
 -0.4864610D-02 -0.2398633D-01  0.5537711D-02  0.0000000D+00
 -0.6279071D-02 -0.3460484D-01  0.7665799D-02  0.0000000D+00
  0.2238981D-01  0.6685459D-03  0.4821732D-04  0.0000000D+00
 -0.2843585D-01 -0.2112488D-02 -0.5071992D-04  0.0000000D+00
  0.1566087D-01 -0.1217344D-03  0.2957159D-03  0.0000000D+00
 -0.2000496D-01  0.6323645D-04 -0.4982261D-03  0.0000000D+00
  0.7461954D-01  0.8717171D-04  0.7660906D-03  0.0000000D+00
  0.4276864D-02  0.7033753D-03 -0.2258151D-02  0.0000000D+00
 -0.4521493D-02 -0.2737761D-02  0.3090567D-02  0.0000000D+00
 -0.2582781D-02  0.8033724D-02  0.8859840D-02  0.0000000D+00
 -0.2533377D-02 -0.2930953D-02  0.6823758D-02  0.0000000D+00
 -0.2492083D-02 -0.1116348D-01  0.5270459D-02  0.0000000D+00
 -0.2468171D-02 -0.1615571D-01  0.4335105D-02  0.0000000D+00
  0.3748284D-02  0.9451738D-04 -0.3172312D-04  0.0000000D+00
  0.2422395D-01  0.1385171D-02 -0.1380956D-04  0.0000000D+00
  0.1365259D-02 -0.2780699D-02  0.1071455D-03  0.0000000D+00
  0.5777396D-02  0.2662972D-02 -0.4943478D-04  0.0000000D+00
 -0.8777030D-02  0.1060320D-02  0.5389868D-04  0.0000000D+00
  0.1411772D-01 -0.5257897D-02 -0.1364225D-03  0.0000000D+00
 -0.7987012D-02  0.8930997D-02  0.2031806D-02  0.0000000D+00
  0.6122052D-02 -0.2763169D-02  0.1021328D-02  0.0000000D+00
 -0.9705857D-03 -0.1319481D-01 -0.3125516D-02  0.0000000D+00
 -0.6388659D-02 -0.2117143D-01 -0.6322103D-02  0.0000000D+00
 -0.9649392D-02 -0.2596990D-01 -0.8238308D-02  0.0000000D+00
 -0.3816453D-02 -0.1054180D-03  0.6688764D-04  0.0000000D+00
 -0.1577441D-01  0.1463536D-02  0.1923674D-03  0.0000000D+00
 -0.6823807D-02  0.2215365D-03 -0.4180730D-03  0.0000000D+00
 -0.2767875D-01  0.3029056D-03  0.6239831D-03  0.0000000D+00
  0.6521121D-01 -0.1369699D-02 -0.1085578D-02  0.0000000D+00
 -0.1539054D-02  0.2121114D-02  0.2357546D-02  0.0000000D+00
 -0.1009138D-02 -0.1574016D-01 -0.2886522D-02  0.0000000D+00
 -0.4432722D-02  0.6393398D-02  0.2447819D-03  0.0000000D+00
 -0.5333315D-02  0.1357317D-02  0.1006438D-02  0.0000000D+00
 -0.6036778D-02 -0.2525310D-02  0.1627748D-02  0.0000000D+00
 -0.6456087D-02 -0.4852588D-02  0.1991289D-02  0.0000000D+00
  0.2786538D-02 -0.3644458D-03  0.6661041D-04  0.0000000D+00
  0.1060367D-02  0.9787488D-04  0.4959497D-04  0.0000000D+00
  0.7981268D-02  0.9125004D-03  0.1987488D-03  0.0000000D+00
 -0.1230337D-01 -0.3438233D-04 -0.3205538D-03  0.0000000D+00
 -0.6307156D-02  0.9927976D-03  0.3600570D-03  0.0000000D+00
  0.2899369D-01 -0.2090265D-02 -0.1399403D-02  0.0000000D+00
 -0.8976032D-02  0.4818183D-03  0.4493313D-02  0.0000000D+00
  0.4596730D-02  0.1543776D-02  0.1582964D-03  0.0000000D+00
  0.2382901D-02  0.1102256D-01 -0.1288843D-02  0.0000000D+00
  0.7466981D-03  0.1832929D-01 -0.2393138D-02  0.0000000D+00
 -0.2525483D-03  0.2270931D-01 -0.3058037D-02  0.0000000D+00
 -0.1696504D-01  0.8885369D-04  0.1340702D-03  0.0000000D+00
  0.3798012D-02  0.1716483D-03  0.3778541D-04  0.0000000D+00
  0.8607306D-02  0.5654435D-03  0.2897893D-04  0.0000000D+00
  0.2510360D-02  0.1663521D-03 -0.5187339D-04  0.0000000D+00
  0.3594403D-03  0.5999091D-03  0.2725259D-03  0.0000000D+00
 -0.6554897D-02 -0.6139946D-03 -0.6433365D-03  0.0000000D+00
  0.1399587D-01  0.8006888D-02 -0.6901034D-03  0.0000000D+00
  0.6505923D-03  0.1833936D-02  0.2288311D-02  0.0000000D+00
 -0.2403469D-03  0.4255221D-03 -0.1888044D-03  0.0000000D+00
 -0.9387953D-03 -0.6423506D-03 -0.2087104D-02  0.0000000D+00
 -0.1354460D-02 -0.1287134D-02 -0.3227961D-02  0.0000000D+00
 -0.1028470D-01 -0.2772235D-01 -0.1595458D-02  0.0000000D+00
 -0.8954667D-01 -0.6397480D-01 -0.3074061D-02  0.0000000D+00
  0.4063008D-02 -0.2511179D-01  0.1042592D-01  0.0000000D+00
 -0.2397792D-01 -0.4394034D-02  0.4634486D-02  0.0000000D+00
  0.4500178D-01  0.1859507D-01 -0.5640922D-02  0.0000000D+00
 -0.5572870D-01 -0.9334946D-02 -0.1397268D-03  0.0000000D+00
 -0.3524015D-02  0.5184629D-02  0.3549853D-02  0.0000000D+00
 -0.2478088D-01 -0.5060074D-02  0.1196428D-03  0.0000000D+00
 -0.1483486D-01  0.1653378D-01  0.3549900D-02  0.0000000D+00
 -0.7248051D-02  0.3321263D-01  0.6199354D-02  0.0000000D+00
 -0.2679248D-02  0.4320201D-01  0.7786191D-02  0.0000000D+00
 -0.5070832D-02 -0.1889537D-01 -0.3986984D-02  0.0000000D+00
 -0.5921887D-01 -0.7233377D-01 -0.5488150D-02  0.0000000D+00
  0.4949999D-02  0.1240552D-01  0.8538505D-02  0.0000000D+00
 -0.4059014D-01 -0.3218670D-01  0.3393662D-02  0.0000000D+00
  0.8122580D-01  0.1416682D-01 -0.1204404D-01  0.0000000D+00
 -0.7283075D-01 -0.1032586D-01  0.2440947D-02  0.0000000D+00
  0.7309530D-01 -0.3444621D-01  0.2690243D-03  0.0000000D+00
  0.1960883D-01  0.1294268D-01  0.3282551D-02  0.0000000D+00
  0.8021228D-02 -0.2027692D-01  0.1782000D-02  0.0000000D+00
 -0.7454638D-03 -0.4567305D-01  0.5993204D-03  0.0000000D+00
 -0.6043813D-02 -0.6095213D-01 -0.1028822D-03  0.0000000D+00
  0.6372018D-02 -0.4915293D-01 -0.1111556D-02  0.0000000D+00
 -0.2942234D-01 -0.9905317D-02  0.3074372D-03  0.0000000D+00
  0.9205840D-04 -0.2121342D-01 -0.1943300D-02  0.0000000D+00
 -0.1175275D-01  0.1225664D-01 -0.1765367D-02  0.0000000D+00
  0.6957369D-02 -0.3069748D-01  0.4115793D-02  0.0000000D+00
  0.8886759D-03 -0.2254943D-01  0.4716599D-03  0.0000000D+00
  0.2699705D-01 -0.9382299D-02  0.1353063D-03  0.0000000D+00
  0.1848398D-01  0.1084664D-02  0.1010996D-02  0.0000000D+00
  0.6472844D-02  0.1834794D-02  0.4394739D-03  0.0000000D+00
 -0.2719651D-02  0.2374469D-02 -0.1690234D-04  0.0000000D+00
 -0.8247314D-02  0.2708021D-02 -0.2863527D-03  0.0000000D+00
 -0.3030503D-01 -0.4718341D-03  0.5588104D-04  0.0000000D+00
 -0.2488569D-01 -0.1394820D-02  0.8592007D-06  0.0000000D+00
 -0.5488419D-02  0.1927742D-02  0.7385659D-04  0.0000000D+00
 -0.1286929D-01 -0.3379919D-02 -0.1112253D-03  0.0000000D+00
  0.1105820D-01  0.1946726D-02  0.5668300D-04  0.0000000D+00
 -0.4274029D-01  0.1682952D-02  0.4064419D-03  0.0000000D+00
  0.2425030D-01  0.3258580D-02 -0.1409716D-02  0.0000000D+00
 -0.4554737D-02 -0.5406615D-02  0.1280484D-02  0.0000000D+00
 -0.2930734D-02 -0.5761834D-02 -0.3738031D-03  0.0000000D+00
 -0.1727494D-02 -0.6035158D-02 -0.1638774D-02  0.0000000D+00
 -0.9934971D-03 -0.6199167D-02 -0.2399733D-02  0.0000000D+00
  0.1128953D-01 -0.1110064D-03  0.1092032D-03  0.0000000D+00
 -0.1086514D-01 -0.3158701D-03 -0.2175807D-03  0.0000000D+00
 -0.5933331D-02 -0.3393374D-03  0.1857144D-03  0.0000000D+00
 -0.7409782D-02 -0.1104254D-02 -0.1104937D-03  0.0000000D+00
  0.2023706D-01  0.2067334D-02  0.1552700D-03  0.0000000D+00
 -0.7249661D-02 -0.6409673D-02 -0.5378467D-03  0.0000000D+00
  0.6268574D-02 -0.8654838D-03  0.9378667D-03  0.0000000D+00
 -0.5600753D-02 -0.4738415D-03 -0.7177863D-03  0.0000000D+00
  0.2201337D-02  0.5128061D-02 -0.3879245D-02  0.0000000D+00
  0.8181137D-02  0.9404781D-02 -0.6334490D-02  0.0000000D+00
  0.1177478D-01  0.1197927D-01 -0.7801537D-02  0.0000000D+00
 -0.8499437D-02  0.2361381D-03  0.5809997D-04  0.0000000D+00
 -0.3406531D-03  0.1802515D-02  0.3110006D-04  0.0000000D+00
 -0.1142214D-01 -0.2092551D-02 -0.1254246D-03  0.0000000D+00
  0.1560544D-01  0.1303944D-02  0.3021020D-03  0.0000000D+00
 -0.3336587D-01 -0.8077651D-03 -0.4983109D-03  0.0000000D+00
 -0.2683710D-01  0.7345177D-03  0.3852554D-03  0.0000000D+00
  0.7755812D-02  0.2574419D-02 -0.8796819D-03  0.0000000D+00
 -0.7909801D-02 -0.1096725D-01 -0.1586678D-02  0.0000000D+00
 -0.3415423D-02 -0.6396802D-02  0.2510244D-04  0.0000000D+00
 -0.4959987D-05 -0.2932203D-02  0.1216198D-02  0.0000000D+00
  0.2053591D-02 -0.8400823D-03  0.1943591D-02  0.0000000D+00
 -0.7859058D-02  0.3250605D-03  0.5865213D-04  0.0000000D+00
  0.2427521D-03 -0.4308710D-03  0.7787373D-04  0.0000000D+00
 -0.8132345D-02  0.1510778D-02 -0.9784415D-04  0.0000000D+00
  0.2590746D-02 -0.2540451D-02  0.2315900D-03  0.0000000D+00
  0.2182088D-01 -0.8274160D-03 -0.9890733D-04  0.0000000D+00
 -0.1110331D-01  0.4263256D-02 -0.4887015D-04  0.0000000D+00
 -0.6065796D-02  0.5418000D-02  0.9300597D-03  0.0000000D+00
 -0.8379421D-02  0.1376262D-02  0.8330848D-03  0.0000000D+00
 -0.3734575D-02 -0.3604695D-02  0.6699126D-03  0.0000000D+00
 -0.2268509D-03 -0.7524653D-02  0.5351438D-03  0.0000000D+00
  0.1894855D-02 -0.9853514D-02  0.4567002D-03  0.0000000D+00
 -0.1720753D-01 -0.4801719D-03  0.3384512D-04  0.0000000D+00
  0.1600259D-01 -0.3242213D-03 -0.2369809D-03  0.0000000D+00
 -0.8829380D-03  0.1131820D-02  0.1705019D-03  0.0000000D+00
  0.5786303D-02  0.3994869D-03 -0.2864871D-03  0.0000000D+00
 -0.1963182D-01  0.2999543D-03  0.2825787D-03  0.0000000D+00
 -0.1585901D-01 -0.1330584D-02 -0.4307925D-03  0.0000000D+00
  0.6979055D-02  0.9697896D-04  0.1634551D-02  0.0000000D+00
 -0.4954887D-02 -0.5768902D-03 -0.1561625D-02  0.0000000D+00
  0.2843121D-03  0.6756616D-02 -0.1204919D-02  0.0000000D+00
  0.4358083D-02  0.1242691D-01 -0.9256717D-03  0.0000000D+00
  0.6790981D-02  0.1582147D-01 -0.7593958D-03  0.0000000D+00
 -0.7823030D-02  0.2930524D-04  0.5535632D-04  0.0000000D+00
 -0.8172117D-02  0.5361071D-03  0.2112025D-03  0.0000000D+00
 -0.2983776D-02 -0.2717064D-03 -0.6051151D-04  0.0000000D+00
  0.1993117D-02  0.2327456D-02  0.4363083D-05  0.0000000D+00
  0.1084092D-02 -0.2962963D-03 -0.2064198D-03  0.0000000D+00
 -0.2096330D-01  0.5597219D-03  0.2573966D-03  0.0000000D+00
  0.1485457D-02 -0.4437126D-02 -0.9107592D-03  0.0000000D+00
  0.3120521D-03 -0.7085518D-02 -0.7285696D-05  0.0000000D+00
 -0.1494717D-02 -0.3788990D-02  0.7386124D-03  0.0000000D+00
 -0.2986026D-02 -0.1298058D-02  0.1302502D-02  0.0000000D+00
 -0.3854215D-02  0.2082194D-03  0.1643417D-02  0.0000000D+00
 -0.5330853D-01  0.3965830D-01 -0.9791162D-03  0.0000000D+00
 -0.2617277D-01 -0.9638864D-01 -0.6566399D-02  0.0000000D+00
 -0.3444418D-01  0.2400245D-01 -0.2883082D-02  0.0000000D+00
  0.3164091D-01 -0.2887586D-02  0.2497996D-02  0.0000000D+00
 -0.2094671D-01  0.6384444D-02 -0.1194594D-01  0.0000000D+00
  0.2426179D-02  0.1871773D-01  0.4189530D-02  0.0000000D+00
 -0.6016234D-03  0.3203224D-02 -0.5278930D-02  0.0000000D+00
 -0.1192707D-01 -0.8557447D-02  0.3003742D-02  0.0000000D+00
 -0.1046090D-01 -0.1996309D-02  0.2128656D-04  0.0000000D+00
 -0.9459622D-02  0.2870831D-02 -0.2308092D-02  0.0000000D+00
 -0.8825717D-02  0.5838226D-02 -0.3696520D-02  0.0000000D+00
 -0.5177488D-01  0.4649683D-01 -0.3262997D-02  0.0000000D+00
 -0.6430090D-01 -0.1178677D+00 -0.9741474D-02  0.0000000D+00
 -0.1929798D-01  0.3874500D-01  0.1511482D-03  0.0000000D+00
  0.2492936D-01  0.5540595D-02  0.8255381D-03  0.0000000D+00
 -0.8694885D-02 -0.3231004D-02 -0.1361636D-01  0.0000000D+00
 -0.1711603D-01 -0.1531725D-01  0.5405979D-02  0.0000000D+00
 -0.9864631D-03  0.1294868D-01 -0.5888380D-02  0.0000000D+00
 -0.8118345D-02 -0.1916473D-01 -0.3347074D-03  0.0000000D+00
 -0.1022744D-01 -0.1431134D-01  0.2122652D-02  0.0000000D+00
 -0.1195135D-01 -0.1076029D-01  0.4040578D-02  0.0000000D+00
 -0.1295908D-01 -0.8581901D-02  0.5184105D-02  0.0000000D+00
 -0.1280186D-01  0.9095081D-02  0.3018726D-02  0.0000000D+00
 -0.5508217D-02  0.1511424D-01 -0.1041200D-01  0.0000000D+00
  0.6340676D-02 -0.1752673D-01  0.3555601D-03  0.0000000D+00
 -0.4687090D-01  0.3014650D-01  0.5675951D-02  0.0000000D+00
 -0.5175843D-02 -0.8922448D-02 -0.1165066D-02  0.0000000D+00
 -0.1022799D-01 -0.2818238D-02 -0.4511078D-03  0.0000000D+00
 -0.1667433D-01  0.6998808D-02 -0.2568997D-02  0.0000000D+00
 -0.6727025D-02 -0.1391936D-01 -0.9531664D-02  0.0000000D+00
 -0.5603996D-02  0.3216553D-02 -0.4816508D-02  0.0000000D+00
 -0.4720505D-02  0.1642256D-01 -0.1180257D-02  0.0000000D+00
 -0.4195568D-02  0.2433980D-01  0.9990861D-03  0.0000000D+00
  0.2843773D-01  0.1807147D-04 -0.1598196D-03  0.0000000D+00
  0.6353737D-02  0.6370004D-03  0.1419527D-03  0.0000000D+00
 -0.6083537D-02 -0.4084702D-03 -0.1496762D-03  0.0000000D+00
  0.4447462D-02 -0.6782862D-03  0.1722507D-03  0.0000000D+00
  0.1148618D-01 -0.9161624D-03 -0.5085899D-05  0.0000000D+00
 -0.1710915D-01  0.3381734D-02 -0.1221830D-02  0.0000000D+00
  0.5554697D-03  0.2638241D-02  0.7207289D-03  0.0000000D+00
  0.1578255D-02  0.1975270D-02 -0.2760983D-03  0.0000000D+00
 -0.4248920D-02  0.6406441D-03 -0.1967528D-03  0.0000000D+00
 -0.8743457D-02 -0.3125890D-03 -0.1617839D-03  0.0000000D+00
 -0.1143692D-01 -0.9037096D-03 -0.1339882D-03  0.0000000D+00
 -0.9710920D-02 -0.2905168D-03 -0.4955119D-04  0.0000000D+00
  0.9862636D-02  0.4318335D-03 -0.2049410D-03  0.0000000D+00
  0.6968727D-02 -0.2096270D-02  0.3424660D-03  0.0000000D+00
 -0.2185338D-01  0.2968623D-02 -0.4954829D-03  0.0000000D+00
 -0.1360310D-01 -0.2601377D-02  0.9732106D-03  0.0000000D+00
  0.6528023D-02  0.2848612D-02 -0.1752049D-02  0.0000000D+00
 -0.1126318D-01  0.3265889D-02  0.5712561D-02  0.0000000D+00
  0.1590144D-02 -0.3852530D-02 -0.4704396D-03  0.0000000D+00
 -0.1261682D-02 -0.1459476D-01 -0.1189157D-02  0.0000000D+00
 -0.3426676D-02 -0.2292276D-01 -0.1720590D-02  0.0000000D+00
 -0.4733193D-02 -0.2790262D-01 -0.2045058D-02  0.0000000D+00
  0.1566394D-01 -0.4491405D-03  0.2256710D-04  0.0000000D+00
 -0.4537242D-02 -0.6001642D-03  0.1206538D-04  0.0000000D+00
  0.3353039D-02  0.3271595D-03 -0.1379859D-03  0.0000000D+00
 -0.2851440D-01  0.5603754D-03  0.2194638D-03  0.0000000D+00
  0.1426354D-01  0.1515202D-02 -0.4991852D-03  0.0000000D+00
 -0.1973590D-01 -0.3142287D-02  0.1967818D-02  0.0000000D+00
  0.9869163D-03  0.4496870D-02 -0.7034725D-03  0.0000000D+00
  0.8194614D-03 -0.3531788D-02 -0.1887316D-02  0.0000000D+00
  0.2733822D-02  0.2797338D-02  0.1245949D-02  0.0000000D+00
  0.4175575D-02  0.7706109D-02  0.3655815D-02  0.0000000D+00
  0.5048749D-02  0.1064085D-01  0.5101817D-02  0.0000000D+00
 -0.1024396D-01 -0.1100605D-03 -0.2318835D-03  0.0000000D+00
  0.1016010D-01 -0.5710065D-03  0.5148073D-04  0.0000000D+00
 -0.1866472D-01  0.2598509D-02 -0.4697200D-04  0.0000000D+00
  0.1291456D-01 -0.3894702D-02  0.1885570D-04  0.0000000D+00
 -0.3511270D-01  0.3329085D-02 -0.7487156D-04  0.0000000D+00
  0.8654537D-02 -0.4405381D-02  0.1320922D-03  0.0000000D+00
  0.3772828D-02  0.4380615D-02  0.2448900D-03  0.0000000D+00
  0.3755609D-02 -0.3401178D-02  0.2134078D-02  0.0000000D+00
  0.2259338D-02 -0.2779201D-02 -0.3328742D-03  0.0000000D+00
  0.1150600D-02 -0.2284661D-02 -0.2237402D-02  0.0000000D+00
  0.4742813D-03 -0.1992168D-02 -0.3378323D-02  0.0000000D+00
  0.7152995D-02  0.4175280D-03  0.9401161D-04  0.0000000D+00
 -0.3806697D-01  0.8272008D-03 -0.1083398D-03  0.0000000D+00
  0.1250861D-02 -0.5702254D-03  0.1201581D-03  0.0000000D+00
 -0.1992875D-01  0.4980522D-03 -0.1787268D-03  0.0000000D+00
  0.8488335D-02 -0.1009068D-02  0.5625710D-03  0.0000000D+00
 -0.1577788D-01 -0.7308518D-03 -0.2009606D-02  0.0000000D+00
  0.1114910D-01  0.2352309D-02  0.2665578D-02  0.0000000D+00
 -0.4240376D-02 -0.3356751D-02 -0.1124771D-02  0.0000000D+00
 -0.2167480D-02  0.9041485D-03 -0.1063934D-02  0.0000000D+00
 -0.6143095D-03  0.4103990D-02 -0.1020755D-02  0.0000000D+00
  0.3284587D-03  0.6044226D-02 -0.9938995D-03  0.0000000D+00
  0.8846034D-02 -0.5880774D-04 -0.2662450D-04  0.0000000D+00
  0.9805379D-02 -0.7859497D-05 -0.1455521D-03  0.0000000D+00
 -0.1427690D-01 -0.1261194D-02 -0.6721149D-04  0.0000000D+00
  0.4207878D-01  0.2299090D-02  0.6101650D-04  0.0000000D+00
 -0.3407632D-01 -0.5059516D-04 -0.3782938D-03  0.0000000D+00
  0.1083792D-01 -0.6748557D-03  0.5584179D-03  0.0000000D+00
 -0.3818498D-02  0.6047342D-02 -0.2246470D-02  0.0000000D+00
 -0.9125377D-03 -0.2533184D-03 -0.8926949D-03  0.0000000D+00
  0.3767588D-02  0.2330830D-02 -0.1176549D-03  0.0000000D+00
  0.7400863D-02  0.4295945D-02  0.4887536D-03  0.0000000D+00
  0.9572116D-02  0.5480925D-02  0.8499315D-03  0.0000000D+00
  0.1006298D-01 -0.6547503D-01 -0.3909106D-03  0.0000000D+00
 -0.4016024D-01 -0.7031370D-01 -0.5131064D-02  0.0000000D+00
  0.1738077D-01  0.2005831D-01  0.8928916D-02  0.0000000D+00
  0.1910363D-01 -0.4235559D-01 -0.4421745D-03  0.0000000D+00
 -0.7744314D-02  0.4064118D-01 -0.1197280D-02  0.0000000D+00
 -0.5976746D-02 -0.6243330D-02  0.2455276D-02  0.0000000D+00
 -0.5651485D-02  0.9932328D-02 -0.1043158D-02  0.0000000D+00
  0.9024124D-02  0.4626057D-04  0.2645505D-03  0.0000000D+00
  0.1032452D-01  0.8287111D-02  0.8583526D-03  0.0000000D+00
  0.1128761D-01  0.1454537D-01  0.1319226D-02  0.0000000D+00
  0.1187514D-01  0.1832153D-01  0.1594659D-02  0.0000000D+00
  0.1645483D-01 -0.7908374D-01  0.1566109D-03  0.0000000D+00
 -0.4673196D-01 -0.8346215D-01 -0.6529345D-02  0.0000000D+00
  0.1727909D-01  0.4005212D-01  0.1027752D-01  0.0000000D+00
  0.2142028D-01 -0.5360679D-01  0.1536938D-02  0.0000000D+00
 -0.1202389D-02  0.4613262D-01 -0.1570977D-02  0.0000000D+00
 -0.7640166D-02  0.2465093D-02  0.5713478D-02  0.0000000D+00
  0.4805346D-02  0.9194148D-02 -0.4352085D-02  0.0000000D+00
  0.2515048D-02 -0.1485289D-02  0.3077210D-02  0.0000000D+00
  0.4878084D-02 -0.6578766D-02  0.5747165D-03  0.0000000D+00
  0.6614639D-02 -0.1072403D-01 -0.1342521D-02  0.0000000D+00
  0.7677783D-02 -0.1315162D-01 -0.2494902D-02  0.0000000D+00
 -0.4894520D-03 -0.3168468D-01  0.1804262D-02  0.0000000D+00
 -0.1156359D-01  0.6257398D-02  0.1891350D-02  0.0000000D+00
  0.1654642D-02 -0.1531051D-01 -0.5389683D-02  0.0000000D+00
 -0.1774832D-01  0.3180185D-02 -0.2201062D-02  0.0000000D+00
  0.4519586D-02  0.8564205D-02  0.4473891D-02  0.0000000D+00
  0.2797422D-02 -0.2301909D-02 -0.4993268D-03  0.0000000D+00
 -0.2467312D-02 -0.5297292D-02 -0.9178759D-03  0.0000000D+00
 -0.5579748D-02  0.6361304D-02  0.3711087D-02  0.0000000D+00
  0.9006772D-04  0.2266739D-02  0.8396321D-03  0.0000000D+00
  0.4401928D-02 -0.9182198D-03 -0.1358990D-02  0.0000000D+00
  0.7001999D-02 -0.2819987D-02 -0.2680822D-02  0.0000000D+00
  0.1942684D-01  0.5144730D-03 -0.2072722D-03  0.0000000D+00
 -0.2181081D-01 -0.1225773D-03  0.2633434D-03  0.0000000D+00
  0.1517967D-01 -0.5715342D-03 -0.3134769D-03  0.0000000D+00
  0.1860498D-02  0.1047423D-05  0.4220278D-03  0.0000000D+00
  0.6329442D-02 -0.1986183D-02 -0.4959680D-03  0.0000000D+00
 -0.1957581D-01  0.6002254D-02  0.7906594D-03  0.0000000D+00
 -0.1773181D-02 -0.4223234D-02 -0.1669198D-02  0.0000000D+00
 -0.1278509D-01 -0.4006941D-03  0.1014050D-02  0.0000000D+00
 -0.4526434D-02 -0.4680882D-02  0.5916535D-03  0.0000000D+00
  0.1640524D-02 -0.7943893D-02  0.2566218D-03  0.0000000D+00
  0.5389328D-02 -0.9909395D-02  0.5824857D-04  0.0000000D+00
  0.4020456D-02  0.2564217D-04 -0.7074800D-04  0.0000000D+00
 -0.1175454D-01 -0.4312302D-03  0.1669801D-03  0.0000000D+00
 -0.1594958D-02 -0.4701025D-03 -0.2007160D-03  0.0000000D+00
 -0.1236477D-01  0.1075710D-02  0.2220244D-03  0.0000000D+00
 -0.2136899D-02  0.6762425D-03 -0.3007506D-03  0.0000000D+00
 -0.9497230D-03 -0.1465952D-02  0.4388522D-04  0.0000000D+00
 -0.5196083D-02 -0.6580110D-02  0.5815472D-03  0.0000000D+00
 -0.5421521D-02  0.5445468D-02 -0.7933814D-03  0.0000000D+00
 -0.2115420D-02 -0.1037413D-02 -0.1205772D-02  0.0000000D+00
  0.4340317D-03 -0.6056827D-02 -0.1512630D-02  0.0000000D+00
  0.1962076D-02 -0.9059963D-02 -0.1699449D-02  0.0000000D+00
  0.1302519D-02 -0.8095411D-04  0.8165025D-05  0.0000000D+00
  0.4251274D-02  0.4762525D-03  0.1033184D-03  0.0000000D+00
  0.1174627D-02  0.5022958D-03 -0.1048683D-03  0.0000000D+00
 -0.2432701D-01  0.1467707D-03  0.1843344D-03  0.0000000D+00
  0.1655857D-01 -0.6292806D-04 -0.1802685D-03  0.0000000D+00
 -0.2309981D-01 -0.1297411D-02  0.6210075D-03  0.0000000D+00
  0.1203624D-01 -0.5357831D-02 -0.5453823D-03  0.0000000D+00
 -0.4061070D-02  0.1268581D-02  0.6780818D-03  0.0000000D+00
 -0.4229342D-03  0.3261792D-02  0.3214493D-03  0.0000000D+00
  0.2329327D-02  0.4803753D-02  0.5215368D-04  0.0000000D+00
  0.3992868D-02  0.5726657D-02 -0.1107373D-03  0.0000000D+00
 -0.3998325D-02  0.1977053D-03 -0.2019885D-03  0.0000000D+00
  0.1698072D-01  0.1020570D-02 -0.1247336D-03  0.0000000D+00
 -0.1352302D-01  0.5881183D-03  0.2051574D-03  0.0000000D+00
  0.1009311D-01 -0.1013698D-02 -0.3237573D-03  0.0000000D+00
 -0.7946310D-02 -0.9287188D-03  0.4468724D-03  0.0000000D+00
 -0.6284832D-02  0.2731359D-02 -0.7922903D-03  0.0000000D+00
 -0.1569222D-02 -0.3374126D-02  0.1726946D-02  0.0000000D+00
  0.3325032D-02 -0.1226815D-02  0.1708170D-03  0.0000000D+00
 -0.9592977D-04 -0.3095291D-02 -0.1266782D-03  0.0000000D+00
 -0.2723963D-02 -0.4577036D-02 -0.3603563D-03  0.0000000D+00
 -0.4301669D-02 -0.5454465D-02 -0.4993088D-03  0.0000000D+00
 -0.1967913D-02  0.3826514D-03  0.3783576D-04  0.0000000D+00
  0.7236233D-02  0.6471583D-03  0.2107465D-04  0.0000000D+00
  0.1068882D-01 -0.1773330D-02  0.2718013D-04  0.0000000D+00
 -0.2740209D-01  0.2393231D-02 -0.2176318D-03  0.0000000D+00
  0.2360968D-01 -0.1340629D-02  0.2980037D-03  0.0000000D+00
 -0.1656564D-01  0.1357509D-02 -0.1112524D-02  0.0000000D+00
  0.4896166D-02 -0.3410570D-02  0.7174757D-03  0.0000000D+00
 -0.2549285D-03  0.3403289D-02 -0.1251625D-02  0.0000000D+00
 -0.1649449D-02  0.8756646D-02  0.2502649D-03  0.0000000D+00
 -0.2693710D-02  0.1287734D-01  0.1404432D-02  0.0000000D+00
 -0.3327652D-02  0.1534905D-01  0.2097227D-02  0.0000000D+00
 -0.7199327D-02 -0.7216985D-03  0.1227369D-04  0.0000000D+00
  0.2008919D-01 -0.2416531D-04  0.2146844D-04  0.0000000D+00
  0.3787390D-03 -0.1088869D-02 -0.9176504D-04  0.0000000D+00
  0.7199286D-02  0.1063065D-02  0.1817783D-03  0.0000000D+00
 -0.6966295D-02 -0.1389834D-02 -0.4452021D-03  0.0000000D+00
 -0.8397727D-02  0.2022353D-02  0.1000309D-02  0.0000000D+00
  0.7289693D-02 -0.3057573D-02 -0.7787794D-03  0.0000000D+00
  0.1018952D-02  0.2062502D-02 -0.1221524D-02  0.0000000D+00
  0.2628277D-03  0.5170985D-03  0.9197233D-04  0.0000000D+00
 -0.3322805D-03 -0.6680292D-03  0.1081657D-02  0.0000000D+00
 -0.6858040D-03 -0.1380040D-02  0.1680879D-02  0.0000000D+00
 -0.2063174D-01 -0.4101127D-02 -0.3349970D-02  0.0000000D+00
 -0.3425198D-01 -0.7694580D-01 -0.1005644D-01  0.0000000D+00
  0.2646053D-01  0.3540651D-01  0.2609309D-02  0.0000000D+00
 -0.1689762D-01 -0.2029542D-01 -0.1790559D-02  0.0000000D+00
 -0.1633825D-01  0.2172132D-01 -0.1960275D-03  0.0000000D+00
 -0.6872605D-02 -0.1777664D-01 -0.1655860D-02  0.0000000D+00
  0.9477146D-02 -0.1837053D-02  0.3379733D-02  0.0000000D+00
 -0.4076631D-02 -0.5235064D-03  0.8081678D-04  0.0000000D+00
 -0.1601591D-01 -0.4032572D-02 -0.4387470D-03  0.0000000D+00
 -0.2520807D-01 -0.6730466D-02 -0.8410510D-03  0.0000000D+00
 -0.3072128D-01 -0.8349514D-02 -0.1081731D-02  0.0000000D+00
 -0.4221376D-01 -0.1840338D-02 -0.6377802D-02  0.0000000D+00
 -0.5248583D-01 -0.8574948D-01 -0.1195319D-01  0.0000000D+00
  0.3944109D-01  0.3279042D-01  0.6894615D-02  0.0000000D+00
 -0.3012159D-01 -0.2745814D-01 -0.2963482D-02  0.0000000D+00
 -0.1963578D-01  0.1763463D-01  0.1678828D-02  0.0000000D+00
 -0.1196043D-01 -0.2614541D-01 -0.1208948D-02  0.0000000D+00
  0.9815213D-02  0.1436468D-02 -0.8988080D-02  0.0000000D+00
  0.2424398D-02  0.3802784D-02 -0.1250656D-02  0.0000000D+00
 -0.8127280D-02  0.4070771D-02 -0.7705683D-03  0.0000000D+00
 -0.1620321D-01  0.4323894D-02 -0.4236786D-03  0.0000000D+00
 -0.2105945D-01  0.4463523D-02 -0.2096812D-03  0.0000000D+00
  0.4769466D-02 -0.3740084D-02 -0.4378210D-02  0.0000000D+00
 -0.5828736D-02  0.7976326D-02  0.3944022D-02  0.0000000D+00
  0.6168795D-02  0.1253819D-01 -0.2446202D-02  0.0000000D+00
 -0.1149472D-02 -0.1295596D-02  0.1906155D-02  0.0000000D+00
 -0.2911062D-02 -0.7029222D-02 -0.5425391D-02  0.0000000D+00
 -0.6974454D-02  0.4903081D-02 -0.6746614D-03  0.0000000D+00
  0.4570894D-02 -0.2024996D-02  0.4885515D-03  0.0000000D+00
 -0.5447543D-03  0.2730002D-02  0.1015791D-02  0.0000000D+00
  0.5992303D-02 -0.8164949D-02  0.2902353D-03  0.0000000D+00
  0.1097215D-01 -0.1654687D-01 -0.2557685D-03  0.0000000D+00
  0.1397278D-01 -0.2157575D-01 -0.5865347D-03  0.0000000D+00
 -0.1495952D-01 -0.1017982D-03 -0.1024149D-03  0.0000000D+00
 -0.5927805D-02 -0.5446473D-03  0.3791964D-04  0.0000000D+00
  0.8690982D-02  0.9601768D-03 -0.4085549D-05  0.0000000D+00
 -0.8877329D-02 -0.1452270D-02 -0.1051380D-03  0.0000000D+00
 -0.1309734D-02  0.9811667D-03  0.3318481D-03  0.0000000D+00
 -0.1395935D-01 -0.3446533D-02 -0.9755720D-03  0.0000000D+00
  0.6933315D-02  0.3508235D-02  0.1722470D-02  0.0000000D+00
 -0.3474539D-03 -0.2988233D-02  0.2658969D-02  0.0000000D+00
 -0.8633240D-03  0.6777153D-02  0.1687469D-02  0.0000000D+00
 -0.1242543D-02  0.1427466D-01  0.9477596D-03  0.0000000D+00
 -0.1474731D-02  0.1877691D-01  0.5019498D-03  0.0000000D+00
  0.6037760D-03 -0.4664360D-03 -0.3421719D-04  0.0000000D+00
 -0.1307087D-01  0.1650787D-03  0.9914237D-04  0.0000000D+00
  0.4760369D-02 -0.5037262D-03 -0.2798454D-04  0.0000000D+00
  0.4880462D-02  0.3980068D-02 -0.7101369D-04  0.0000000D+00
 -0.1669052D-01 -0.2473326D-02  0.4824762D-03  0.0000000D+00
 -0.1037717D-01  0.6094360D-02 -0.1581040D-02  0.0000000D+00
  0.1043455D-01  0.1517734D-02  0.2275806D-02  0.0000000D+00
  0.9044353D-04 -0.4629553D-03 -0.1996301D-02  0.0000000D+00
  0.2433961D-02  0.7643348D-03 -0.1800124D-02  0.0000000D+00
  0.4177286D-02  0.1706698D-02 -0.1623804D-02  0.0000000D+00
  0.5238830D-02  0.2272558D-02 -0.1524652D-02  0.0000000D+00
 -0.1195507D-01  0.7266481D-03  0.3867534D-04  0.0000000D+00
  0.7233395D-02 -0.7770504D-03  0.3331413D-04  0.0000000D+00
 -0.7280140D-02  0.9696964D-03 -0.5407842D-04  0.0000000D+00
  0.1243408D-01 -0.5935826D-03  0.1746581D-03  0.0000000D+00
  0.1388871D-01  0.5371774D-04 -0.4031851D-03  0.0000000D+00
 -0.7008741D-02  0.3185658D-02  0.1502666D-02  0.0000000D+00
  0.5884223D-02 -0.3958171D-02 -0.2003501D-02  0.0000000D+00
 -0.5844740D-03  0.3677228D-02 -0.1518643D-02  0.0000000D+00
  0.1544408D-02 -0.6128393D-02  0.2983427D-03  0.0000000D+00
  0.3142934D-02 -0.1368415D-01  0.1681726D-02  0.0000000D+00
  0.4112259D-02 -0.1821422D-01  0.2515491D-02  0.0000000D+00
 -0.6498651D-03  0.6360490D-03 -0.2630340D-03  0.0000000D+00
 -0.1249798D-02 -0.1665214D-03 -0.1062446D-03  0.0000000D+00
 -0.5580427D-02  0.1035562D-02  0.2338244D-03  0.0000000D+00
  0.9225387D-02 -0.2061549D-02 -0.3592354D-03  0.0000000D+00
 -0.7516419D-02  0.7638554D-03  0.4038505D-03  0.0000000D+00
 -0.1501051D-01 -0.7997851D-03 -0.3953520D-03  0.0000000D+00
  0.1232399D-01 -0.3094762D-03  0.2076320D-02  0.0000000D+00
 -0.5155569D-02 -0.2537780D-02 -0.3540918D-03  0.0000000D+00
  0.2688823D-02  0.2303960D-02  0.5617831D-03  0.0000000D+00
  0.8668738D-02  0.6058290D-02  0.1270367D-02  0.0000000D+00
  0.1227094D-01  0.8303067D-02  0.1694448D-02  0.0000000D+00
 -0.5728516D-02 -0.5456297D-03  0.1009280D-03  0.0000000D+00
  0.3842763D-02  0.5202306D-03 -0.1600826D-04  0.0000000D+00
 -0.6920272D-02 -0.1494151D-02 -0.8321797D-04  0.0000000D+00
  0.1805473D-01  0.5096652D-04  0.1522289D-03  0.0000000D+00
  0.9833231D-02 -0.2627931D-03  0.1056451D-03  0.0000000D+00
 -0.1653141D-02  0.2721972D-03 -0.1117415D-02  0.0000000D+00
  0.3121355D-02  0.7089579D-03  0.8227524D-03  0.0000000D+00
  0.1754821D-03 -0.4207849D-03  0.5924559D-03  0.0000000D+00
 -0.1540591D-02  0.7309515D-03 -0.2878469D-03  0.0000000D+00
 -0.2872028D-02  0.1611442D-02 -0.9649433D-03  0.0000000D+00
 -0.3667897D-02  0.2141160D-02 -0.1371213D-02  0.0000000D+00
  0.4358729D-02 -0.3655061D-04  0.2366924D-04  0.0000000D+00
  0.7368790D-02 -0.7422205D-03 -0.2707532D-03  0.0000000D+00
 -0.5178067D-02  0.1013881D-02  0.1078170D-03  0.0000000D+00
  0.1457739D-02 -0.3163798D-02  0.4055392D-04  0.0000000D+00
  0.1649933D-01  0.2184287D-02 -0.1953387D-03  0.0000000D+00
 -0.1550657D-01 -0.3449793D-02  0.5359376D-03  0.0000000D+00
  0.4002782D-02  0.9495317D-04 -0.1158341D-02  0.0000000D+00
 -0.3446895D-02 -0.7363440D-03  0.2161900D-03  0.0000000D+00
  0.1160774D-02  0.8673671D-03 -0.3525031D-03  0.0000000D+00
  0.4669660D-02  0.2070121D-02 -0.7807443D-03  0.0000000D+00
  0.6784346D-02  0.2799842D-02 -0.1040095D-02  0.0000000D+00
