  1  2   693  9216  4  4  9 11  7  1    0.00   24.00  100.00  550.00    0.00    6.28   45.00   45.00
  100.0  100.0  100.0  100.0  125.0  150.0  190.0  230.0  275.0  350.0  450.0  600.0  600.0  600.0  600.0
  0.4674596D-01 -0.1704272D-02  0.1860869D-04  0.0000000D+00
  0.5892790D-01  0.8876508D-02 -0.7677214D-02  0.0000000D+00
  0.2874540D-02  0.3026835D-02 -0.9810832D-03  0.0000000D+00
  0.3525628D-01  0.2502286D-01 -0.1918039D-01  0.0000000D+00
  0.1002036D+00 -0.2214210D-01  0.8885575D-02  0.0000000D+00
  0.4819793D-01  0.1418945D-01  0.2193136D-02  0.0000000D+00
  0.5315200D-01  0.2437510D-01  0.1870075D-01  0.0000000D+00
  0.2552886D-01  0.6139566D-02  0.2182254D-01  0.0000000D+00
  0.2572797D-01 -0.1163423D-01  0.7942536D-02  0.0000000D+00
  0.2575350D-01 -0.2559176D-01 -0.2518951D-02  0.0000000D+00
  0.2580227D-01 -0.3389166D-01 -0.8852142D-02  0.0000000D+00
  0.3275598D-01 -0.7106331D-02  0.5694061D-04  0.0000000D+00
  0.4494169D-01 -0.1772989D-01 -0.8914442D-02  0.0000000D+00
 -0.9746339D-03  0.6808116D-02  0.1454357D-02  0.0000000D+00
  0.1222678D-01  0.1875522D-01 -0.1787009D-01  0.0000000D+00
  0.1084948D+00 -0.1558352D-01  0.9129382D-02  0.0000000D+00
  0.2800200D-01  0.2938440D-01 -0.6807839D-02  0.0000000D+00
  0.2585134D-01  0.1844335D-01  0.1919911D-01  0.0000000D+00
 -0.6742954D-02 -0.2649471D-01  0.3337051D-01  0.0000000D+00
  0.6648912D-02 -0.1899351D-01  0.4254710D-02  0.0000000D+00
  0.1680025D-01 -0.1346461D-01 -0.1777853D-01  0.0000000D+00
  0.2293043D-01 -0.1008416D-01 -0.3109342D-01  0.0000000D+00
  0.3358832D-02  0.3328314D-01  0.1603554D-01  0.0000000D+00
 -0.1446623D-01  0.2394284D-01 -0.1598738D-01  0.0000000D+00
 -0.3160914D-02  0.1502796D-01  0.1479476D-01  0.0000000D+00
  0.4198616D-02 -0.2128812D-01 -0.4866633D-02  0.0000000D+00
 -0.1656062D-01 -0.4932126D-02 -0.5291515D-02  0.0000000D+00
  0.1299726D-01  0.4313422D-01 -0.3393443D-04  0.0000000D+00
  0.4994946D-02  0.3513831D-02  0.5506751D-03  0.0000000D+00
  0.3430916D-03 -0.7443979D-02  0.8275043D-03  0.0000000D+00
  0.2772090D-02 -0.8780945D-02  0.4734255D-02  0.0000000D+00
  0.4635444D-02 -0.9910337D-02  0.7801776D-02  0.0000000D+00
  0.5754825D-02 -0.1056157D-01  0.9625986D-02  0.0000000D+00
  0.5152725D-02 -0.5305631D-05  0.1123883D-03  0.0000000D+00
 -0.7337426D-02  0.3429349D-04 -0.6003856D-03  0.0000000D+00
  0.6249115D-02 -0.4066934D-04  0.1021224D-02  0.0000000D+00
 -0.7550209D-02 -0.1585059D-03 -0.1601956D-02  0.0000000D+00
  0.1696137D-01  0.4208077D-04  0.3029671D-02  0.0000000D+00
 -0.1918234D-02 -0.1113209D-02 -0.6825309D-02  0.0000000D+00
  0.1548829D-01  0.9494350D-02  0.9397797D-02  0.0000000D+00
 -0.2646623D-02 -0.3283011D-02  0.2736392D-01  0.0000000D+00
 -0.7071514D-03 -0.7729556D-03  0.6807470D-02  0.0000000D+00
  0.6852793D-03  0.1145767D-02 -0.8661011D-02  0.0000000D+00
  0.1546825D-02  0.2300155D-02 -0.1803202D-01  0.0000000D+00
 -0.4761326D-02 -0.2093328D-03 -0.1026618D-03  0.0000000D+00
 -0.1064045D-01 -0.2732435D-04  0.1334895D-03  0.0000000D+00
 -0.9083914D-02 -0.4493628D-04 -0.5219306D-04  0.0000000D+00
  0.6114571D-02 -0.8406833D-04 -0.7557921D-05  0.0000000D+00
 -0.2524969D-01 -0.1213360D-03  0.1633054D-03  0.0000000D+00
 -0.1200979D-01  0.1069650D-02  0.6125478D-04  0.0000000D+00
  0.6251990D-02  0.3402062D-03 -0.5009214D-02  0.0000000D+00
 -0.1274427D-02  0.3468461D-02  0.7138386D-02  0.0000000D+00
 -0.3379125D-03  0.3821644D-04  0.2541669D-02  0.0000000D+00
  0.3205248D-03 -0.2555418D-02 -0.8862307D-03  0.0000000D+00
  0.7318466D-03 -0.4123362D-02 -0.2971191D-02  0.0000000D+00
  0.6996697D-02 -0.6351013D-05  0.6819044D-04  0.0000000D+00
  0.9970287D-04 -0.2067578D-03 -0.1900777D-03  0.0000000D+00
  0.1014444D-01  0.4170834D-03  0.4785750D-03  0.0000000D+00
  0.4129886D-02 -0.9611964D-03 -0.7672309D-03  0.0000000D+00
 -0.8032765D-02  0.1651466D-02  0.1172444D-02  0.0000000D+00
  0.1019576D-02 -0.2154494D-02 -0.1725290D-03  0.0000000D+00
  0.1067023D-01  0.5488813D-02  0.3156501D-02  0.0000000D+00
 -0.3493115D-02  0.2459130D-02  0.1570305D-01  0.0000000D+00
 -0.2303018D-02  0.2556002D-02  0.4505553D-02  0.0000000D+00
 -0.1440087D-02  0.2669162D-02 -0.3907958D-02  0.0000000D+00
 -0.9085598D-03  0.2726937D-02 -0.9008317D-02  0.0000000D+00
  0.3841450D-02 -0.3778757D-04  0.2366921D-04  0.0000000D+00
  0.2732288D-02 -0.6555766D-04  0.6242719D-04  0.0000000D+00
 -0.4505692D-02  0.1140480D-03 -0.2187074D-03  0.0000000D+00
  0.1004861D-01 -0.3953194D-03  0.3556995D-03  0.0000000D+00
 -0.1295665D-01  0.6512952D-03 -0.6237846D-03  0.0000000D+00
 -0.1547163D-01 -0.2115858D-02  0.1707778D-02  0.0000000D+00
  0.9152275D-02  0.7351639D-03 -0.2514203D-02  0.0000000D+00
 -0.2921092D-02 -0.3526322D-02  0.8641800D-02  0.0000000D+00
 -0.6276633D-03  0.1577492D-02  0.2353811D-02  0.0000000D+00
  0.1064697D-02  0.5542620D-02 -0.2400216D-02  0.0000000D+00
  0.2098958D-02  0.7911474D-02 -0.5274276D-02  0.0000000D+00
 -0.2267004D-02  0.9515980D-04  0.4184811D-04  0.0000000D+00
  0.6224692D-02  0.2327462D-04 -0.4416058D-04  0.0000000D+00
  0.3921984D-02 -0.1992366D-04  0.1518193D-03  0.0000000D+00
 -0.7476994D-03 -0.5043115D-05 -0.6368889D-04  0.0000000D+00
  0.4899664D-02  0.2499400D-03  0.3035228D-03  0.0000000D+00
  0.6212794D-03 -0.1170927D-02 -0.1598126D-02  0.0000000D+00
  0.2644828D-02 -0.4021903D-03  0.2177453D-02  0.0000000D+00
 -0.4262355D-03  0.6835679D-04  0.2005797D-02  0.0000000D+00
 -0.2038609D-03 -0.2754997D-03  0.7462064D-03  0.0000000D+00
 -0.5100170D-04 -0.5285902D-03 -0.1820014D-03  0.0000000D+00
  0.4548768D-04 -0.6834227D-03 -0.7495569D-03  0.0000000D+00
  0.6466276D-02  0.6990133D-04 -0.5446502D-04  0.0000000D+00
  0.7846106D-02  0.7026643D-04  0.1591624D-03  0.0000000D+00
 -0.4534757D-02 -0.1760544D-03 -0.3924927D-03  0.0000000D+00
  0.5935632D-02  0.2633040D-03  0.5065085D-03  0.0000000D+00
 -0.3492305D-02 -0.3180737D-03 -0.9515256D-03  0.0000000D+00
 -0.8830531D-02  0.9657349D-03  0.1523460D-02  0.0000000D+00
  0.6796655D-02 -0.9792815D-03 -0.6113246D-02  0.0000000D+00
 -0.1400269D-02 -0.1707045D-02  0.2032742D-02  0.0000000D+00
 -0.8463407D-03  0.3593875D-03  0.3475447D-03  0.0000000D+00
 -0.4637750D-03  0.1945763D-02 -0.9155432D-03  0.0000000D+00
 -0.2228071D-03  0.2898423D-02 -0.1682059D-02  0.0000000D+00
  0.8710601D-02  0.4345413D-01  0.2136607D-02  0.0000000D+00
  0.3680763D-01 -0.2384897D-02  0.4975237D-02  0.0000000D+00
 -0.3217220D-02  0.1795971D-01 -0.1212140D-01  0.0000000D+00
 -0.1918327D-02 -0.1894376D-02  0.4760992D-02  0.0000000D+00
  0.4525220D-01  0.2552582D-01 -0.1267044D-01  0.0000000D+00
 -0.4026749D-03 -0.1362878D-01  0.1940304D-01  0.0000000D+00
  0.1581018D-02 -0.6279385D-02 -0.9145350D-02  0.0000000D+00
  0.5765348D-02  0.1252827D-01 -0.4465439D-02  0.0000000D+00
  0.6620442D-02  0.5870967D-02 -0.2531292D-02  0.0000000D+00
  0.7346999D-02  0.6539748D-03 -0.1067474D-02  0.0000000D+00
  0.7764916D-02 -0.2451146D-02 -0.1830126D-03  0.0000000D+00
  0.5902898D-02  0.7055105D-01  0.1350539D-01  0.0000000D+00
  0.2977011D-01 -0.2315945D-01  0.1064703D-01  0.0000000D+00
  0.1537555D-01  0.3720131D-01  0.5309360D-03  0.0000000D+00
 -0.3308778D-01 -0.2252328D-01  0.5988403D-02  0.0000000D+00
  0.6063913D-01  0.2896155D-01 -0.3266656D-02  0.0000000D+00
 -0.1464228D-01 -0.2937497D-01  0.2078210D-01  0.0000000D+00
 -0.5418806D-02  0.8000906D-02 -0.5181284D-02  0.0000000D+00
  0.3109909D-04  0.1486851D-01 -0.1433050D-01  0.0000000D+00
  0.1835747D-02  0.7678721D-02 -0.3772504D-02  0.0000000D+00
  0.3343637D-02  0.2199814D-02  0.4159925D-02  0.0000000D+00
  0.4217000D-02 -0.1101132D-02  0.8968727D-02  0.0000000D+00
 -0.2088400D-01  0.1665197D-01 -0.7889109D-03  0.0000000D+00
  0.5391579D-02  0.6201345D-02  0.3333785D-01  0.0000000D+00
 -0.2300262D-01  0.8265316D-02 -0.5337025D-02  0.0000000D+00
  0.1213837D-01 -0.2261591D-02 -0.3127816D-02  0.0000000D+00
 -0.2138544D-01 -0.7735557D-02  0.2880850D-02  0.0000000D+00
  0.8978759D-02 -0.3710684D-02  0.3108704D-02  0.0000000D+00
 -0.1663434D-01  0.5105473D-03 -0.5568716D-02  0.0000000D+00
  0.1785883D-03 -0.3098611D-02 -0.4551392D-02  0.0000000D+00
 -0.1200695D-02  0.6594355D-02  0.1676190D-02  0.0000000D+00
 -0.2150410D-02  0.1406175D-01  0.6424140D-02  0.0000000D+00
 -0.2749406D-02  0.1853925D-01  0.9283986D-02  0.0000000D+00
  0.7351127D-02 -0.1136236D-03  0.4174264D-04  0.0000000D+00
  0.6137633D-02  0.2319496D-03  0.2488193D-05  0.0000000D+00
  0.2755798D-01 -0.3922651D-03 -0.3709115D-04  0.0000000D+00
 -0.2016289D-01  0.5497725D-03  0.1257041D-03  0.0000000D+00
  0.1717215D-01 -0.4607816D-03 -0.4342008D-03  0.0000000D+00
  0.2249444D-02 -0.8296332D-03  0.2080813D-02  0.0000000D+00
 -0.9453860D-02 -0.1188304D-02 -0.1451625D-02  0.0000000D+00
  0.1777324D-02 -0.4599919D-02 -0.8386840D-02  0.0000000D+00
 -0.7302782D-03  0.3941949D-02  0.4106261D-03  0.0000000D+00
 -0.2570612D-02  0.1052986D-01  0.7048227D-02  0.0000000D+00
 -0.3698042D-02  0.1447811D-01  0.1106465D-01  0.0000000D+00
 -0.5262032D-02 -0.5657975D-04 -0.2033169D-03  0.0000000D+00
  0.9887034D-02 -0.2763988D-03  0.2958147D-04  0.0000000D+00
 -0.1449301D-01  0.3930931D-03 -0.3285569D-03  0.0000000D+00
  0.2197124D-01 -0.4791289D-03  0.5406479D-03  0.0000000D+00
 -0.2124221D-01  0.1038033D-02 -0.1307902D-02  0.0000000D+00
  0.9050079D-02 -0.2320534D-02  0.3415412D-02  0.0000000D+00
 -0.1525866D-01 -0.6864350D-02 -0.2278311D-02  0.0000000D+00
  0.2467281D-02  0.6401568D-03 -0.4787626D-02  0.0000000D+00
  0.1430339D-02  0.5495151D-02  0.1662009D-02  0.0000000D+00
  0.7115042D-03  0.9285688D-02  0.6569513D-02  0.0000000D+00
  0.2595294D-03  0.1154539D-01  0.9528063D-02  0.0000000D+00
  0.1652913D-02  0.7161700D-04  0.7748417D-04  0.0000000D+00
  0.1559398D-01 -0.5552883D-04  0.1368731D-03  0.0000000D+00
  0.2385545D-01  0.1685705D-03 -0.3193710D-03  0.0000000D+00
 -0.7321922D-02  0.1427560D-04  0.4645695D-03  0.0000000D+00
  0.1846646D-01 -0.3098053D-04 -0.6060767D-03  0.0000000D+00
  0.1243903D-01  0.1304119D-02 -0.5556815D-03  0.0000000D+00
 -0.8125712D-02 -0.1829356D-02  0.2416432D-02  0.0000000D+00
  0.4477024D-03 -0.1277279D-02 -0.7273009D-02  0.0000000D+00
 -0.8410318D-03 -0.1306720D-03 -0.1272751D-02  0.0000000D+00
 -0.1795119D-02  0.7555347D-03  0.3229190D-02  0.0000000D+00
 -0.2377352D-02  0.1286150D-02  0.5960053D-02  0.0000000D+00
  0.5335812D-02 -0.4393507D-04  0.5909530D-05  0.0000000D+00
  0.1702221D-01  0.3294154D-03  0.1361203D-03  0.0000000D+00
  0.8833687D-02 -0.5829922D-03 -0.1918369D-03  0.0000000D+00
  0.6646745D-02  0.8766922D-03  0.3665890D-03  0.0000000D+00
 -0.9120308D-02 -0.1482748D-02 -0.4628825D-03  0.0000000D+00
  0.1535967D-01  0.2747429D-02 -0.7933428D-03  0.0000000D+00
 -0.4535800D-02  0.3669368D-02 -0.4183796D-02  0.0000000D+00
  0.9676455D-03 -0.2033563D-02 -0.6774842D-03  0.0000000D+00
 -0.1373153D-03 -0.1801563D-02 -0.9861889D-03  0.0000000D+00
 -0.9508543D-03 -0.1631607D-02 -0.1249590D-02  0.0000000D+00
 -0.1448537D-02 -0.1527400D-02 -0.1400840D-02  0.0000000D+00
 -0.4587922D-02  0.6796929D-04 -0.9437223D-04  0.0000000D+00
 -0.9973117D-04  0.1153710D-03  0.4680184D-04  0.0000000D+00
  0.4642586D-02 -0.3273733D-03  0.2844669D-04  0.0000000D+00
 -0.9657630D-02  0.6436840D-03  0.1004209D-04  0.0000000D+00
  0.2799038D-01 -0.9870946D-03 -0.4171112D-04  0.0000000D+00
  0.3519521D-02  0.7989276D-03  0.2737804D-03  0.0000000D+00
 -0.2918528D-02 -0.7422287D-03 -0.1573857D-02  0.0000000D+00
  0.4994115D-03  0.2016386D-02 -0.3587781D-02  0.0000000D+00
  0.3492356D-03  0.2862838D-03 -0.1932100D-02  0.0000000D+00
  0.2460422D-03 -0.1065640D-02 -0.7082195D-03  0.0000000D+00
  0.1808826D-03 -0.1871273D-02  0.3909553D-04  0.0000000D+00
  0.1907974D-02  0.4286771D-04 -0.1679041D-03  0.0000000D+00
  0.9124302D-02 -0.3048229D-03  0.2428537D-03  0.0000000D+00
  0.1807054D-01  0.3487010D-03 -0.3654058D-03  0.0000000D+00
 -0.1580058D-01 -0.6620531D-03  0.5544511D-03  0.0000000D+00
 -0.2442310D-02  0.1057065D-02 -0.9511506D-03  0.0000000D+00
  0.1093155D-01 -0.1397133D-02  0.2612456D-02  0.0000000D+00
 -0.9485222D-03 -0.8588512D-03 -0.5068469D-02  0.0000000D+00
  0.1234347D-02  0.1620689D-03 -0.1571729D-02  0.0000000D+00
  0.1469407D-03  0.6933851D-03  0.3220084D-03  0.0000000D+00
 -0.6655485D-03  0.1110401D-02  0.1762759D-02  0.0000000D+00
 -0.1159326D-02  0.1358424D-02  0.2631386D-02  0.0000000D+00
 -0.1232904D-01  0.1036751D-01 -0.2561940D-02  0.0000000D+00
  0.5145573D-02 -0.4347810D-02 -0.2682532D-02  0.0000000D+00
 -0.3723653D-02  0.5490345D-02  0.2294827D-02  0.0000000D+00
 -0.4767541D-02 -0.6754226D-02  0.4584063D-02  0.0000000D+00
 -0.2890251D-01 -0.2946523D-01 -0.1296789D-01  0.0000000D+00
  0.1445143D-01 -0.2066330D-02  0.6950780D-02  0.0000000D+00
  0.3313100D-02  0.7676037D-02 -0.4785422D-02  0.0000000D+00
  0.5123197D-03  0.2516628D-02 -0.1155710D-01  0.0000000D+00
 -0.4842867D-04 -0.4258204D-02 -0.1571508D-02  0.0000000D+00
 -0.5213335D-03 -0.9537306D-02  0.5851153D-02  0.0000000D+00
 -0.7942012D-03 -0.1268707D-01  0.1037233D-01  0.0000000D+00
 -0.1056560D-01  0.4491263D-02 -0.4405603D-02  0.0000000D+00
  0.1494694D-01  0.2115234D-01 -0.1164477D-01  0.0000000D+00
 -0.6159672D-02 -0.1241509D-01 -0.2987734D-02  0.0000000D+00
  0.1260917D-02  0.2304838D-01  0.4730835D-02  0.0000000D+00
 -0.3490142D-01 -0.4775694D-01 -0.1687400D-01  0.0000000D+00
  0.2113644D-01  0.4788129D-02  0.4690000D-02  0.0000000D+00
 -0.2839427D-02  0.1520892D-01 -0.1357379D-01  0.0000000D+00
 -0.3294121D-02 -0.8724665D-02 -0.1925194D-01  0.0000000D+00
 -0.2857796D-02  0.6388298D-02 -0.5485069D-02  0.0000000D+00
 -0.2552564D-02  0.1792788D-01  0.4753487D-02  0.0000000D+00
 -0.2361465D-02  0.2487410D-01  0.1098842D-01  0.0000000D+00
  0.8287257D-02 -0.2104627D-03  0.2894430D-02  0.0000000D+00
 -0.2046869D-02  0.1673172D-01 -0.4495822D-03  0.0000000D+00
 -0.1066129D-02 -0.6509219D-02  0.9473281D-02  0.0000000D+00
  0.6049876D-02 -0.9305139D-02 -0.1440364D-01  0.0000000D+00
 -0.3576515D-02  0.2308745D-01  0.1637033D-01  0.0000000D+00
  0.4897246D-02 -0.5870530D-02  0.2397942D-02  0.0000000D+00
 -0.4915019D-02 -0.6237158D-02  0.3782988D-02  0.0000000D+00
 -0.1183141D-02 -0.1323576D-01 -0.6013245D-02  0.0000000D+00
  0.8208835D-03 -0.5222744D-03 -0.5269753D-03  0.0000000D+00
  0.2362111D-02  0.9200742D-02  0.3613869D-02  0.0000000D+00
  0.3286919D-02  0.1504939D-01  0.6119128D-02  0.0000000D+00
 -0.1234291D-02 -0.1015363D-03 -0.1031536D-03  0.0000000D+00
 -0.5521514D-03  0.8429439D-04  0.6173590D-03  0.0000000D+00
 -0.3634867D-02 -0.6349288D-04 -0.1065711D-02  0.0000000D+00
  0.5075232D-02 -0.1370190D-03  0.1634800D-02  0.0000000D+00
 -0.9791145D-02 -0.2626873D-03 -0.2811678D-02  0.0000000D+00
  0.1120860D-01  0.8439371D-03  0.5017357D-02  0.0000000D+00
 -0.5467087D-03 -0.3067286D-02 -0.1205661D-01  0.0000000D+00
  0.6816939D-03  0.3924968D-02 -0.1485236D-01  0.0000000D+00
 -0.6169046D-03 -0.3790382D-02 -0.4593691D-02  0.0000000D+00
 -0.1625909D-02 -0.9718841D-02  0.3040242D-02  0.0000000D+00
 -0.2228664D-02 -0.1327759D-01  0.7687860D-02  0.0000000D+00
  0.3802150D-02 -0.1652333D-03  0.3632122D-04  0.0000000D+00
 -0.1954897D-02  0.1705418D-03 -0.2634512D-03  0.0000000D+00
 -0.5853597D-02 -0.5526791D-03  0.5220053D-03  0.0000000D+00
  0.6669903D-02  0.9610631D-03 -0.9614875D-03  0.0000000D+00
 -0.7382825D-02 -0.1716209D-02  0.1676511D-02  0.0000000D+00
  0.1603549D-01  0.4387138D-02 -0.3058331D-02  0.0000000D+00
 -0.3163505D-02 -0.7483522D-02  0.9219360D-02  0.0000000D+00
  0.9800518D-03  0.1258860D-02 -0.5695933D-02  0.0000000D+00
  0.1870468D-03  0.3179602D-02 -0.2548755D-02  0.0000000D+00
 -0.3798097D-03  0.4705147D-02 -0.1968838D-03  0.0000000D+00
 -0.7312219D-03  0.5607935D-02  0.1232249D-02  0.0000000D+00
 -0.1626682D-02 -0.1640505D-04 -0.6759323D-04  0.0000000D+00
 -0.6962304D-02  0.7901055D-04  0.2022965D-03  0.0000000D+00
 -0.6628316D-02 -0.2066149D-03 -0.3339298D-03  0.0000000D+00
 -0.1183904D-02  0.5445374D-03  0.6148275D-03  0.0000000D+00
 -0.8667153D-02 -0.1109784D-02 -0.1112849D-02  0.0000000D+00
  0.1607843D-02  0.2046583D-02  0.1780757D-02  0.0000000D+00
 -0.3548025D-03 -0.3116197D-02 -0.5411228D-02  0.0000000D+00
  0.4173647D-03 -0.1090961D-02 -0.5547663D-02  0.0000000D+00
 -0.6285329D-03 -0.2748425D-02 -0.3418159D-02  0.0000000D+00
 -0.1433656D-02 -0.4041254D-02 -0.1910144D-02  0.0000000D+00
 -0.1916578D-02 -0.4812279D-02 -0.9713447D-03  0.0000000D+00
 -0.1455029D-02  0.2533669D-04  0.5722925D-04  0.0000000D+00
 -0.3616291D-02  0.1252278D-03 -0.7614648D-04  0.0000000D+00
 -0.5187468D-02  0.1217955D-03  0.3564492D-03  0.0000000D+00
  0.5414181D-02  0.2376226D-03 -0.6798882D-03  0.0000000D+00
 -0.6798028D-02 -0.2453533D-03  0.1183163D-02  0.0000000D+00
  0.1753355D-01 -0.8163016D-03 -0.2321597D-02  0.0000000D+00
 -0.5406874D-02 -0.2438141D-02  0.9172156D-02  0.0000000D+00
  0.9628737D-03  0.3672619D-02 -0.2741817D-02  0.0000000D+00
  0.1894132D-03 -0.2220806D-03 -0.1710825D-02  0.0000000D+00
 -0.3706617D-03 -0.3230728D-02 -0.1013396D-02  0.0000000D+00
 -0.7158461D-03 -0.5032584D-02 -0.5699700D-03  0.0000000D+00
  0.3674627D-03 -0.5498932D-04  0.4565417D-04  0.0000000D+00
  0.9109051D-03 -0.3134968D-03 -0.4055346D-04  0.0000000D+00
 -0.1709132D-02  0.3360599D-03 -0.9687172D-05  0.0000000D+00
  0.1155739D-03 -0.2549095D-03  0.4310836D-04  0.0000000D+00
 -0.7407950D-02  0.6040175D-03 -0.9388127D-04  0.0000000D+00
 -0.5518093D-02 -0.1590925D-02  0.5400150D-03  0.0000000D+00
  0.2208416D-02  0.1248383D-02 -0.2768385D-03  0.0000000D+00
  0.4076216D-03 -0.1518894D-02  0.4837863D-03  0.0000000D+00
 -0.8621352D-06  0.1670536D-03 -0.3108121D-04  0.0000000D+00
 -0.3125759D-03  0.1467687D-02 -0.4183489D-03  0.0000000D+00
 -0.5002667D-03  0.2247083D-02 -0.6530028D-03  0.0000000D+00
 -0.1718477D-02  0.1110776D-03  0.1249216D-03  0.0000000D+00
  0.1869877D-02  0.1011074D-03 -0.3876412D-03  0.0000000D+00
 -0.2975649D-02 -0.2858362D-03  0.5475466D-03  0.0000000D+00
  0.5903993D-02  0.6808647D-03 -0.8370253D-03  0.0000000D+00
  0.2837979D-02 -0.1265531D-02  0.1514463D-02  0.0000000D+00
  0.1166725D-01  0.2282082D-02 -0.3342976D-02  0.0000000D+00
 -0.3855830D-02 -0.2891289D-02  0.9510348D-02  0.0000000D+00
  0.1023368D-02  0.6504046D-03 -0.5816838D-04  0.0000000D+00
  0.1681024D-03  0.1049331D-02 -0.3363022D-03  0.0000000D+00
 -0.4623268D-03  0.1324761D-02 -0.5576575D-03  0.0000000D+00
 -0.8477786D-03  0.1498241D-02 -0.6885543D-03  0.0000000D+00
 -0.4305908D-02  0.1109734D-01 -0.1575699D-02  0.0000000D+00
  0.1023467D-01  0.4775514D-02 -0.4546316D-02  0.0000000D+00
 -0.9883125D-02  0.3667036D-02 -0.1701550D-02  0.0000000D+00
 -0.2286234D-02  0.3396568D-02 -0.1069254D-02  0.0000000D+00
  0.2021849D-01 -0.2021797D-02 -0.3331991D-02  0.0000000D+00
 -0.5808229D-02 -0.8138374D-02  0.4162013D-04  0.0000000D+00
 -0.6074129D-02 -0.1679459D-02 -0.2867997D-02  0.0000000D+00
 -0.1931618D-02 -0.1802858D-02 -0.1289803D-01  0.0000000D+00
 -0.4168794D-03  0.9370113D-03 -0.3491797D-02  0.0000000D+00
  0.7215235D-03  0.3012555D-02  0.3562167D-02  0.0000000D+00
  0.1411580D-02  0.4266276D-02  0.7842005D-02  0.0000000D+00
 -0.3584794D-02  0.1425878D-01  0.1258293D-02  0.0000000D+00
 -0.2949253D-02 -0.1594235D-02  0.2475573D-03  0.0000000D+00
 -0.5865283D-03  0.1177624D-01 -0.4720210D-02  0.0000000D+00
 -0.1612751D-01 -0.1214466D-01  0.1448626D-02  0.0000000D+00
  0.3883869D-01  0.3406469D-02 -0.1029860D-01  0.0000000D+00
 -0.5711310D-02 -0.8831567D-02  0.2168088D-02  0.0000000D+00
  0.5932101D-02  0.6748312D-02 -0.8437758D-02  0.0000000D+00
  0.1548961D-02 -0.4427329D-03 -0.2002418D-01  0.0000000D+00
  0.7252077D-03  0.4561805D-02 -0.6737887D-02  0.0000000D+00
  0.7676724D-04  0.8419280D-02  0.3131299D-02  0.0000000D+00
 -0.3083989D-03  0.1073174D-01  0.9144548D-02  0.0000000D+00
 -0.1093956D-01  0.6228176D-02  0.1537179D-02  0.0000000D+00
 -0.6730150D-02  0.3083600D-02 -0.6246877D-02  0.0000000D+00
 -0.1223608D-01  0.4915820D-03  0.9551261D-03  0.0000000D+00
  0.1788759D-01 -0.5661026D-02  0.3823085D-02  0.0000000D+00
 -0.1844580D-02  0.5831273D-02 -0.3822594D-02  0.0000000D+00
 -0.7036763D-02 -0.1053621D-01 -0.9959738D-03  0.0000000D+00
 -0.2652967D-03  0.2207837D-02  0.1680016D-02  0.0000000D+00
 -0.1022804D-02 -0.1742824D-02 -0.5656260D-02  0.0000000D+00
 -0.6974741D-03  0.1530760D-02  0.8103234D-03  0.0000000D+00
 -0.4586643D-03  0.4009221D-02  0.5732722D-02  0.0000000D+00
 -0.3123760D-03  0.5506674D-02  0.8699723D-02  0.0000000D+00
  0.8521589D-02 -0.8672572D-04 -0.6936681D-04  0.0000000D+00
 -0.9941567D-02  0.2649206D-03  0.3377166D-03  0.0000000D+00
  0.7353557D-02 -0.2539063D-03 -0.6054775D-03  0.0000000D+00
 -0.8205218D-02  0.3775107D-03  0.9415399D-03  0.0000000D+00
  0.2823632D-01 -0.6532514D-03 -0.1709190D-02  0.0000000D+00
  0.1332342D-02  0.6875233D-03  0.2687067D-02  0.0000000D+00
 -0.2794408D-03 -0.3282629D-02 -0.7287020D-02  0.0000000D+00
 -0.1503173D-02  0.1228688D-02 -0.1291492D-01  0.0000000D+00
 -0.8683462D-03 -0.2063957D-03 -0.3837869D-02  0.0000000D+00
 -0.3938972D-03 -0.1302265D-02  0.2915222D-02  0.0000000D+00
 -0.1055895D-03 -0.1961876D-02  0.7026984D-02  0.0000000D+00
 -0.5210454D-02 -0.3848010D-04  0.6216505D-04  0.0000000D+00
 -0.1213272D-02  0.9331569D-04 -0.4401371D-04  0.0000000D+00
 -0.1236665D-01 -0.8343008D-04  0.1082996D-03  0.0000000D+00
  0.1680533D-01 -0.3540930D-03 -0.6637416D-04  0.0000000D+00
 -0.4700459D-02  0.1850617D-03  0.3015309D-03  0.0000000D+00
 -0.5104092D-02 -0.1287639D-03 -0.8403697D-03  0.0000000D+00
  0.1876633D-02 -0.5036861D-03  0.2069504D-02  0.0000000D+00
 -0.9262110D-03 -0.4948638D-04 -0.3626856D-02  0.0000000D+00
 -0.2597319D-03  0.1836440D-02 -0.1892171D-02  0.0000000D+00
  0.2415377D-03  0.3304438D-02 -0.6198104D-03  0.0000000D+00
  0.5453002D-03  0.4180722D-02  0.1598048D-03  0.0000000D+00
  0.8498243D-02 -0.1292325D-03  0.3957824D-05  0.0000000D+00
 -0.2534613D-02  0.2062292D-03  0.1964466D-03  0.0000000D+00
  0.5846557D-02 -0.2065092D-03 -0.2825293D-03  0.0000000D+00
  0.1008135D-02  0.7376823D-04  0.5170310D-03  0.0000000D+00
  0.1497545D-01 -0.1018985D-03 -0.9299591D-03  0.0000000D+00
  0.2145505D-02  0.3141535D-03  0.2382626D-02  0.0000000D+00
 -0.2715177D-02 -0.1071594D-03 -0.3062399D-02  0.0000000D+00
  0.5066243D-03  0.1003999D-02 -0.6718366D-02  0.0000000D+00
  0.1092855D-03 -0.7997554D-03 -0.2074640D-02  0.0000000D+00
 -0.1864547D-03 -0.2187786D-02  0.1389627D-02  0.0000000D+00
 -0.3664983D-03 -0.3020464D-02  0.3496361D-02  0.0000000D+00
  0.5842497D-02 -0.3326472D-04  0.4242819D-04  0.0000000D+00
 -0.1964338D-02 -0.1506075D-03 -0.6362744D-04  0.0000000D+00
 -0.5817919D-02  0.2861632D-03  0.1785583D-03  0.0000000D+00
  0.7042571D-02 -0.6166082D-03 -0.2208191D-03  0.0000000D+00
 -0.1003608D-01  0.6558174D-03  0.4034811D-03  0.0000000D+00
 -0.5187316D-02 -0.1216803D-02 -0.2173233D-03  0.0000000D+00
  0.2737866D-02  0.3772187D-02  0.3763899D-02  0.0000000D+00
 -0.1042142D-02 -0.1134273D-02 -0.2530311D-02  0.0000000D+00
 -0.2529020D-03  0.6585333D-03 -0.1142385D-02  0.0000000D+00
  0.3281672D-03  0.2042360D-02 -0.1153088D-03  0.0000000D+00
  0.6836342D-03  0.2871408D-02  0.5115213D-03  0.0000000D+00
 -0.7923957D-03  0.8221630D-04 -0.2063434D-04  0.0000000D+00
 -0.3620430D-02  0.6203559D-04 -0.7523174D-04  0.0000000D+00
 -0.2239449D-02  0.2174365D-04  0.1541037D-03  0.0000000D+00
 -0.1296724D-02 -0.3227085D-03 -0.3345378D-03  0.0000000D+00
  0.7170919D-02  0.4500603D-03  0.4573201D-03  0.0000000D+00
  0.2219609D-02 -0.4214776D-03 -0.1113549D-02  0.0000000D+00
 -0.8027136D-03  0.9186300D-03  0.1185372D-02  0.0000000D+00
  0.3010781D-03 -0.1275392D-02  0.4522246D-03  0.0000000D+00
  0.1086335D-04 -0.6624828D-04  0.5149176D-03  0.0000000D+00
 -0.2139736D-03  0.8527234D-03  0.5956681D-03  0.0000000D+00
 -0.3484658D-03  0.1407010D-02  0.6356202D-03  0.0000000D+00
  0.8380637D-02  0.2770073D-04  0.7335331D-04  0.0000000D+00
 -0.3991381D-02 -0.8959385D-04 -0.1127393D-03  0.0000000D+00
 -0.3469543D-02  0.2731376D-04  0.4118884D-03  0.0000000D+00
  0.5070997D-02  0.2188568D-03 -0.6164048D-03  0.0000000D+00
 -0.1692881D-01 -0.1358948D-03  0.1018760D-02  0.0000000D+00
 -0.5800152D-02  0.4968292D-03 -0.2210009D-02  0.0000000D+00
  0.3122738D-02 -0.7839870D-04  0.5186784D-02  0.0000000D+00
 -0.1251694D-02  0.1386502D-02 -0.1615654D-03  0.0000000D+00
 -0.7988037D-04  0.1530949D-02  0.4130852D-04  0.0000000D+00
  0.7945738D-03  0.1655670D-02  0.1982744D-03  0.0000000D+00
  0.1326310D-02  0.1726945D-02  0.2922066D-03  0.0000000D+00
 -0.5072460D-02 -0.7533581D-03 -0.6451309D-03  0.0000000D+00
  0.1246696D-01  0.8484720D-02  0.1761666D-01  0.0000000D+00
  0.4419208D-02  0.2457246D-02 -0.5101214D-02  0.0000000D+00
  0.4845283D-02  0.5033491D-02  0.4140785D-02  0.0000000D+00
 -0.4571285D-02 -0.2112077D-02  0.4041361D-02  0.0000000D+00
  0.6201078D-02 -0.4888179D-02  0.1656021D-02  0.0000000D+00
 -0.3602291D-02  0.1748304D-06 -0.1223457D-02  0.0000000D+00
  0.2744776D-03 -0.2815789D-02 -0.4660030D-02  0.0000000D+00
  0.4958880D-03 -0.9764644D-03 -0.2128043D-02  0.0000000D+00
  0.6842758D-03  0.4315021D-03 -0.2670749D-03  0.0000000D+00
  0.7925548D-03  0.1278093D-02  0.8721776D-03  0.0000000D+00
  0.2721520D-04 -0.4744439D-02 -0.3332737D-02  0.0000000D+00
  0.2428533D-01  0.1432808D-01  0.1096570D-01  0.0000000D+00
  0.5152207D-03  0.7292522D-03 -0.2038545D-02  0.0000000D+00
  0.1142758D-01  0.4990326D-02  0.4369540D-02  0.0000000D+00
 -0.3379036D-02  0.6946169D-03  0.4703395D-02  0.0000000D+00
  0.5596164D-02 -0.1149995D-01 -0.3470635D-04  0.0000000D+00
  0.2076615D-05 -0.1067882D-03 -0.4188147D-02  0.0000000D+00
  0.3083921D-02 -0.9265719D-04 -0.6774481D-02  0.0000000D+00
  0.1025935D-02 -0.3041657D-03 -0.2670983D-02  0.0000000D+00
 -0.5167840D-03 -0.4815893D-03  0.3172575D-03  0.0000000D+00
 -0.1452997D-02 -0.5841665D-03  0.2154194D-02  0.0000000D+00
  0.5771905D-02 -0.5298052D-02 -0.6961567D-03  0.0000000D+00
  0.5680797D-02  0.5723594D-02  0.2754635D-01  0.0000000D+00
  0.1094654D-01 -0.5051178D-02 -0.9604876D-02  0.0000000D+00
 -0.1175301D-01 -0.9787328D-02  0.2990106D-02  0.0000000D+00
  0.1146947D-02  0.7475608D-02  0.6132705D-03  0.0000000D+00
  0.3348422D-02  0.6519326D-04  0.1268426D-02  0.0000000D+00
 -0.2602588D-02  0.1884717D-04  0.1837900D-02  0.0000000D+00
  0.1623539D-02  0.4881512D-02 -0.2463207D-02  0.0000000D+00
  0.1015255D-02  0.1110951D-02 -0.5000952D-03  0.0000000D+00
  0.5592697D-03 -0.1839993D-02  0.9968370D-03  0.0000000D+00
  0.2825596D-03 -0.3597339D-02  0.1898433D-02  0.0000000D+00
  0.3804440D-03  0.1401446D-03  0.1487376D-04  0.0000000D+00
  0.7930532D-03 -0.1812623D-03  0.2484499D-03  0.0000000D+00
 -0.7159644D-02  0.3663495D-03 -0.4233364D-03  0.0000000D+00
  0.2772603D-02 -0.3395949D-03  0.5440228D-03  0.0000000D+00
  0.6972835D-03  0.5464304D-03 -0.9636092D-03  0.0000000D+00
 -0.2591225D-02 -0.1979640D-02  0.1962266D-02  0.0000000D+00
  0.1386813D-02  0.1144893D-02 -0.4052148D-02  0.0000000D+00
 -0.1035398D-02  0.2145623D-02 -0.3989858D-02  0.0000000D+00
 -0.6059428D-03 -0.9159642D-03 -0.1383986D-02  0.0000000D+00
 -0.2879664D-03 -0.3278475D-02  0.5196670D-03  0.0000000D+00
 -0.9393501D-04 -0.4694038D-02  0.1688216D-02  0.0000000D+00
  0.5001066D-02  0.1474102D-03 -0.6190904D-04  0.0000000D+00
 -0.3028889D-03 -0.2091878D-03 -0.1286624D-03  0.0000000D+00
  0.8506848D-02  0.2120932D-03 -0.3762990D-06  0.0000000D+00
 -0.1406620D-01 -0.3381567D-03  0.4068229D-04  0.0000000D+00
  0.3112457D-02  0.9850962D-03  0.1388092D-03  0.0000000D+00
  0.6896704D-03 -0.2294032D-02 -0.1351074D-02  0.0000000D+00
  0.2559894D-02  0.1439828D-02  0.1106649D-02  0.0000000D+00
 -0.5907761D-03  0.1453367D-02 -0.2049004D-02  0.0000000D+00
  0.6051297D-03  0.1979195D-03 -0.1668699D-02  0.0000000D+00
  0.1507262D-02 -0.7835280D-03 -0.1434124D-02  0.0000000D+00
  0.2053199D-02 -0.1368296D-02 -0.1278233D-02  0.0000000D+00
 -0.3743996D-02  0.7279670D-04 -0.2165025D-04  0.0000000D+00
 -0.8264027D-02 -0.2768495D-03  0.9968653D-04  0.0000000D+00
 -0.1245337D-01  0.1326827D-03 -0.1737301D-03  0.0000000D+00
 -0.1814934D-02  0.6162019D-04  0.4027767D-03  0.0000000D+00
 -0.1017670D-01 -0.3132412D-03 -0.6131877D-03  0.0000000D+00
 -0.1843820D-02  0.1493447D-02  0.7868872D-03  0.0000000D+00
  0.3236449D-02  0.1367252D-02 -0.2151418D-02  0.0000000D+00
 -0.1317887D-02  0.3355402D-03 -0.2343531D-02  0.0000000D+00
 -0.4674081D-03  0.3996647D-03 -0.6317633D-03  0.0000000D+00
  0.1541735D-03  0.4491116D-03  0.6307172D-03  0.0000000D+00
  0.5356779D-03  0.4787439D-03  0.1402388D-02  0.0000000D+00
  0.3029842D-03  0.1452988D-04  0.2014840D-04  0.0000000D+00
 -0.3010090D-02  0.1806184D-03  0.7361333D-04  0.0000000D+00
 -0.9117045D-03 -0.1399265D-03 -0.1023013D-03  0.0000000D+00
 -0.2393729D-02  0.4347662D-03  0.7823056D-04  0.0000000D+00
  0.7429495D-02 -0.8378163D-03 -0.1135742D-04  0.0000000D+00
 -0.3556239D-02  0.2695983D-02  0.1135106D-03  0.0000000D+00
  0.2619719D-02 -0.1306207D-02  0.2109717D-02  0.0000000D+00
  0.1476675D-03 -0.1380320D-02 -0.1172767D-02  0.0000000D+00
  0.1933201D-03  0.2772133D-03 -0.6783297D-03  0.0000000D+00
  0.2179233D-03  0.1565103D-02 -0.3333712D-03  0.0000000D+00
  0.2354454D-03  0.2334476D-02 -0.1171578D-03  0.0000000D+00
 -0.1563789D-02  0.3335575D-04 -0.3679376D-04  0.0000000D+00
  0.9160122D-03 -0.2387580D-04 -0.7029231D-05  0.0000000D+00
 -0.2592547D-02  0.7813542D-05 -0.5230186D-04  0.0000000D+00
  0.1849910D-02 -0.3270701D-03  0.1152103D-03  0.0000000D+00
 -0.1538510D-01  0.5343142D-03 -0.3859110D-04  0.0000000D+00
  0.4929758D-03 -0.1222643D-02 -0.1295650D-03  0.0000000D+00
  0.2691986D-02 -0.8257357D-04  0.2722106D-03  0.0000000D+00
 -0.8497467D-03 -0.8122661D-04 -0.1263547D-03  0.0000000D+00
  0.1229145D-03 -0.4981723D-03  0.2361642D-03  0.0000000D+00
  0.8585075D-03 -0.8278860D-03  0.5188677D-03  0.0000000D+00
  0.1303175D-02 -0.1023369D-02  0.6874858D-03  0.0000000D+00
 -0.5324305D-02 -0.1066283D-04 -0.7353652D-04  0.0000000D+00
 -0.1091636D-02 -0.5320157D-04 -0.5677632D-04  0.0000000D+00
 -0.8320701D-02  0.2481225D-03  0.3136558D-03  0.0000000D+00
  0.7478774D-02 -0.2437385D-03 -0.4270231D-03  0.0000000D+00
  0.8463464D-02  0.2393949D-03  0.5862071D-03  0.0000000D+00
 -0.3730005D-02 -0.1402053D-02 -0.8092489D-03  0.0000000D+00
  0.1990537D-02 -0.8436496D-03  0.2746284D-02  0.0000000D+00
 -0.6537536D-03 -0.4929601D-04 -0.1999854D-03  0.0000000D+00
 -0.2255128D-03 -0.9439447D-03 -0.1080337D-02  0.0000000D+00
  0.8295394D-04 -0.1639731D-02 -0.1775035D-02  0.0000000D+00
  0.2735280D-03 -0.2055216D-02 -0.2187288D-02  0.0000000D+00
 -0.3732987D-02  0.5940374D-02 -0.3206414D-02  0.0000000D+00
  0.2809799D-02  0.5603573D-02  0.4720565D-03  0.0000000D+00
  0.3917671D-03 -0.2342118D-02 -0.3043886D-03  0.0000000D+00
 -0.3635640D-02  0.3668240D-02  0.1087226D-02  0.0000000D+00
  0.1631037D-01 -0.7533719D-02  0.5222751D-02  0.0000000D+00
  0.3485292D-03  0.4269735D-02 -0.1154631D-02  0.0000000D+00
 -0.1053516D-02 -0.4333828D-02 -0.7718482D-04  0.0000000D+00
  0.1053182D-02 -0.9082328D-03 -0.7846433D-02  0.0000000D+00
  0.3589586D-03  0.8977975D-04 -0.1071608D-02  0.0000000D+00
 -0.1581147D-03  0.8739124D-03  0.4014514D-02  0.0000000D+00
 -0.4728092D-03  0.1340085D-02  0.7098930D-02  0.0000000D+00
 -0.1511659D-02 -0.1674463D-02 -0.3999589D-02  0.0000000D+00
  0.2115816D-03  0.6488827D-02  0.2636584D-02  0.0000000D+00
  0.5932764D-02 -0.3403211D-02 -0.7284842D-02  0.0000000D+00
 -0.1007558D-01  0.3541684D-02  0.4275561D-02  0.0000000D+00
  0.3032779D-01 -0.6224493D-02  0.1022094D-02  0.0000000D+00
  0.1767339D-02  0.3329077D-02  0.1587448D-02  0.0000000D+00
 -0.3264307D-02  0.1819425D-02 -0.1313753D-02  0.0000000D+00
  0.1012522D-02  0.1521517D-02 -0.1173007D-01  0.0000000D+00
  0.1949588D-03  0.6844071D-03 -0.3419848D-02  0.0000000D+00
 -0.4063877D-03  0.7997747D-04  0.2731999D-02  0.0000000D+00
 -0.7744189D-03 -0.2930239D-03  0.6485991D-02  0.0000000D+00
 -0.4840672D-02  0.3164545D-02  0.3358280D-02  0.0000000D+00
 -0.2299582D-02 -0.5907341D-02 -0.3476666D-02  0.0000000D+00
  0.4482654D-02  0.1889669D-02  0.2832844D-02  0.0000000D+00
  0.1802248D-02 -0.1530362D-02 -0.3696341D-02  0.0000000D+00
  0.5052805D-03  0.6628017D-02 -0.4045759D-02  0.0000000D+00
  0.5249513D-03 -0.5546327D-02  0.1454278D-02  0.0000000D+00
 -0.5579182D-03  0.4794987D-02 -0.1580965D-02  0.0000000D+00
  0.8743002D-04 -0.2760098D-02  0.7652114D-03  0.0000000D+00
 -0.1131284D-03  0.3718610D-03 -0.1924353D-02  0.0000000D+00
 -0.2641329D-03  0.2754833D-02 -0.4006157D-02  0.0000000D+00
 -0.3555974D-03  0.4191491D-02 -0.5251868D-02  0.0000000D+00
  0.5176042D-02 -0.7878927D-04  0.3496524D-04  0.0000000D+00
 -0.4103750D-02  0.9713298D-04  0.1684421D-03  0.0000000D+00
  0.7705166D-02 -0.6580351D-04 -0.3274817D-03  0.0000000D+00
 -0.5407120D-02 -0.3171410D-04  0.4724821D-03  0.0000000D+00
  0.2164191D-01 -0.5639931D-03 -0.1058386D-02  0.0000000D+00
 -0.6366288D-03  0.2110344D-02  0.1413451D-02  0.0000000D+00
 -0.1258378D-02 -0.2591667D-02 -0.3200788D-02  0.0000000D+00
  0.7521937D-03 -0.6943325D-04 -0.7945726D-02  0.0000000D+00
  0.3108888D-03  0.7730816D-03 -0.4137470D-02  0.0000000D+00
 -0.1673881D-04  0.1408481D-02 -0.1385549D-02  0.0000000D+00
 -0.2164287D-03  0.1793038D-02  0.3119866D-03  0.0000000D+00
 -0.3161548D-02 -0.2530624D-04  0.3338854D-04  0.0000000D+00
  0.2507683D-02 -0.2170976D-03  0.5509837D-04  0.0000000D+00
  0.1848397D-02  0.2636338D-03 -0.1149401D-03  0.0000000D+00
  0.4059351D-03 -0.1651332D-03  0.3369469D-03  0.0000000D+00
  0.1029564D-02  0.5457426D-04 -0.5701127D-03  0.0000000D+00
  0.1136409D-02 -0.1212821D-02  0.9296828D-03  0.0000000D+00
  0.4739173D-03 -0.3153119D-03 -0.1230538D-02  0.0000000D+00
  0.5170551D-03 -0.1035309D-02 -0.1785729D-02  0.0000000D+00
 -0.8189767D-05  0.8810762D-03 -0.3877249D-03  0.0000000D+00
 -0.3985717D-03  0.2370936D-02  0.6417432D-03  0.0000000D+00
 -0.6363746D-03  0.3260750D-02  0.1271426D-02  0.0000000D+00
  0.5098511D-02  0.9072133D-06  0.7987498D-06  0.0000000D+00
 -0.2767736D-02 -0.5378841D-04  0.9402737D-04  0.0000000D+00
  0.5170435D-02  0.2106963D-03 -0.2296507D-03  0.0000000D+00
 -0.2710758D-02  0.8182711D-05  0.3820787D-03  0.0000000D+00
  0.1298598D-01  0.8788389D-04 -0.5779125D-03  0.0000000D+00
 -0.2137561D-02 -0.1046060D-02  0.9919520D-03  0.0000000D+00
 -0.6635034D-03  0.2256508D-03 -0.9037475D-03  0.0000000D+00
 -0.6421652D-04 -0.4084560D-03 -0.4158040D-02  0.0000000D+00
  0.9951430D-04 -0.3398034D-03 -0.1481468D-02  0.0000000D+00
  0.2370970D-03 -0.2959986D-03  0.4926861D-03  0.0000000D+00
  0.3165971D-03 -0.2673573D-03  0.1699321D-02  0.0000000D+00
  0.2299800D-02 -0.3511865D-04 -0.3457595D-04  0.0000000D+00
  0.5761146D-02 -0.3125106D-04 -0.2179944D-04  0.0000000D+00
 -0.3099754D-02  0.1167216D-03  0.2260214D-04  0.0000000D+00
  0.1436624D-03 -0.4040688D-04 -0.1121848D-03  0.0000000D+00
 -0.2400878D-02  0.2218213D-03  0.1117228D-03  0.0000000D+00
  0.2118802D-02 -0.2411116D-04 -0.5062289D-04  0.0000000D+00
 -0.1127551D-02  0.1910794D-02 -0.2538207D-03  0.0000000D+00
  0.2645296D-03 -0.1342674D-02 -0.1983116D-02  0.0000000D+00
  0.1325040D-03  0.7335779D-03 -0.5050863D-03  0.0000000D+00
  0.3138955D-04  0.2343099D-02  0.6098783D-03  0.0000000D+00
 -0.2939994D-04  0.3305563D-02  0.1284597D-02  0.0000000D+00
 -0.1756687D-02  0.1155604D-03 -0.4432589D-04  0.0000000D+00
 -0.2530300D-02  0.5970005D-05  0.3245698D-04  0.0000000D+00
  0.3009506D-02 -0.1335023D-04 -0.7331909D-04  0.0000000D+00
 -0.6535505D-02  0.2601178D-03  0.8940338D-04  0.0000000D+00
  0.7880933D-02 -0.1786783D-03 -0.1120241D-03  0.0000000D+00
 -0.1890091D-02  0.1048349D-02  0.5254855D-04  0.0000000D+00
  0.5987356D-03 -0.1265100D-02 -0.4291622D-03  0.0000000D+00
 -0.2399717D-04  0.9126271D-03  0.4013835D-03  0.0000000D+00
  0.7216589D-04 -0.9361634D-03 -0.4271051D-04  0.0000000D+00
  0.1437062D-03 -0.2351623D-02 -0.3868235D-03  0.0000000D+00
  0.1872682D-03 -0.3202646D-02 -0.5926368D-03  0.0000000D+00
  0.3206718D-02 -0.1837260D-03 -0.4421561D-04  0.0000000D+00
  0.2250206D-02  0.3373172D-03  0.6243113D-04  0.0000000D+00
 -0.5034943D-02 -0.3402286D-03 -0.1346003D-04  0.0000000D+00
  0.2148554D-02  0.3576298D-03  0.8707571D-04  0.0000000D+00
 -0.8035160D-02 -0.8932700D-04 -0.2106157D-03  0.0000000D+00
  0.4692365D-02 -0.1890042D-03  0.2679521D-03  0.0000000D+00
 -0.2198543D-02  0.1047643D-02 -0.4824142D-03  0.0000000D+00
  0.7183962D-03  0.2043594D-03  0.3439440D-03  0.0000000D+00
  0.1807367D-03  0.5511182D-03 -0.3034605D-03  0.0000000D+00
 -0.2217754D-03  0.8180983D-03 -0.8030929D-03  0.0000000D+00
 -0.4661893D-03  0.9782224D-03 -0.1102444D-02  0.0000000D+00
 -0.3173004D-02 -0.2332124D-02 -0.3490572D-02  0.0000000D+00
  0.1325215D-01  0.6442430D-02 -0.6885097D-02  0.0000000D+00
  0.6094738D-02  0.1392906D-02  0.5023268D-02  0.0000000D+00
  0.1022917D-01 -0.1542414D-02 -0.7769974D-02  0.0000000D+00
 -0.1894567D-01 -0.2717300D-02  0.6559738D-02  0.0000000D+00
  0.1513821D-01 -0.2034254D-03 -0.4306542D-02  0.0000000D+00
 -0.6966205D-02  0.1669844D-03  0.3675091D-02  0.0000000D+00
  0.1633206D-02  0.8147459D-03  0.1152455D-01  0.0000000D+00
  0.4287921D-03 -0.1931273D-03  0.2160395D-02  0.0000000D+00
 -0.4606233D-03 -0.9608723D-03 -0.4876861D-02  0.0000000D+00
 -0.1004003D-02 -0.1423503D-02 -0.9142567D-02  0.0000000D+00
 -0.1916860D-02 -0.1180907D-02 -0.8275998D-03  0.0000000D+00
  0.2266286D-01  0.5443002D-03 -0.6040641D-02  0.0000000D+00
  0.4505697D-02  0.5414720D-02  0.4934109D-02  0.0000000D+00
  0.1763435D-01 -0.1126148D-02 -0.4874207D-02  0.0000000D+00
 -0.2940938D-01 -0.9767624D-02  0.5865065D-02  0.0000000D+00
  0.2667620D-01  0.1668509D-02 -0.5924338D-02  0.0000000D+00
 -0.1108249D-01 -0.1120905D-02  0.6580718D-02  0.0000000D+00
  0.3153615D-02 -0.2244358D-02  0.1960005D-01  0.0000000D+00
  0.1121159D-02 -0.1056071D-02  0.6104346D-02  0.0000000D+00
 -0.3793182D-03 -0.1189685D-03 -0.3991289D-02  0.0000000D+00
 -0.1296129D-02  0.4372468D-03 -0.1012330D-01  0.0000000D+00
  0.1159878D-02 -0.1761151D-02  0.3483493D-02  0.0000000D+00
  0.1208462D-01 -0.2673706D-02 -0.1039526D-01  0.0000000D+00
  0.9416510D-02 -0.9117580D-03  0.8724098D-02  0.0000000D+00
 -0.7566635D-02 -0.4757980D-02 -0.8503938D-02  0.0000000D+00
 -0.5068711D-02  0.5366248D-02  0.7275883D-02  0.0000000D+00
  0.9613881D-02 -0.5291721D-02  0.1166985D-02  0.0000000D+00
 -0.1920667D-02  0.2351544D-02 -0.1081819D-02  0.0000000D+00
  0.1974125D-02 -0.4434895D-03  0.3588874D-02  0.0000000D+00
  0.7743597D-03 -0.7272254D-03 -0.8847449D-03  0.0000000D+00
 -0.1246296D-03 -0.9487545D-03 -0.4273148D-02  0.0000000D+00
 -0.6702988D-03 -0.1080796D-02 -0.6320005D-02  0.0000000D+00
 -0.2214337D-02  0.1675861D-03  0.3018777D-04  0.0000000D+00
  0.5553583D-02 -0.2248100D-04 -0.3077490D-03  0.0000000D+00
 -0.6489459D-02 -0.3373401D-04  0.5365907D-03  0.0000000D+00
  0.3622030D-02 -0.1456511D-03 -0.9799235D-03  0.0000000D+00
 -0.9608626D-02  0.2901165D-03  0.1705326D-02  0.0000000D+00
  0.1580791D-01 -0.4496695D-03 -0.3428460D-02  0.0000000D+00
 -0.5789946D-02  0.2139545D-02  0.4506696D-02  0.0000000D+00
  0.1668745D-02 -0.1430028D-02  0.1339564D-01  0.0000000D+00
  0.6843932D-03 -0.1628787D-02  0.4553426D-02  0.0000000D+00
 -0.4121999D-04 -0.1764328D-02 -0.2046487D-02  0.0000000D+00
 -0.4848821D-03 -0.1850189D-02 -0.6059158D-02  0.0000000D+00
  0.1401759D-02  0.1456253D-04 -0.8283988D-04  0.0000000D+00
  0.9120893D-02  0.5665623D-04  0.9816664D-04  0.0000000D+00
  0.1105498D-01 -0.5894269D-05 -0.9220251D-05  0.0000000D+00
 -0.5697731D-02  0.1166155D-03  0.8769073D-04  0.0000000D+00
 -0.8608553D-02  0.3523969D-04 -0.2959572D-03  0.0000000D+00
  0.1592359D-01 -0.2698065D-03  0.1321427D-02  0.0000000D+00
 -0.7477193D-02  0.1660605D-02 -0.3231769D-03  0.0000000D+00
  0.2454938D-02  0.9301952D-03  0.3049691D-02  0.0000000D+00
  0.7670733D-03  0.3724629D-03  0.1152638D-02  0.0000000D+00
 -0.4841422D-03 -0.6936002D-04 -0.2405613D-03  0.0000000D+00
 -0.1247244D-02 -0.3311086D-03 -0.1093743D-02  0.0000000D+00
 -0.3275339D-02 -0.1293378D-03 -0.3305382D-04  0.0000000D+00
 -0.3549828D-02 -0.6631351D-04 -0.1009279D-03  0.0000000D+00
 -0.1096372D-01  0.1345336D-03  0.2034196D-03  0.0000000D+00
 -0.2657236D-02 -0.5659597D-03 -0.3130782D-03  0.0000000D+00
  0.2473966D-02  0.7898179D-03  0.3477464D-03  0.0000000D+00
  0.5777413D-02 -0.1418602D-02 -0.5417427D-03  0.0000000D+00
 -0.1915711D-02  0.2239812D-02  0.2668493D-02  0.0000000D+00
  0.9760552D-03 -0.5736179D-03  0.6490671D-02  0.0000000D+00
  0.3325220D-03 -0.2563843D-03  0.1615008D-02  0.0000000D+00
 -0.1445252D-03 -0.1128864D-04 -0.2041434D-02  0.0000000D+00
 -0.4354674D-03  0.1354835D-03 -0.4259875D-02  0.0000000D+00
 -0.3119257D-03  0.3029508D-04  0.7855312D-04  0.0000000D+00
  0.8097896D-03  0.1062087D-03 -0.4390564D-04  0.0000000D+00
  0.1629478D-02 -0.1096359D-03  0.4552004D-04  0.0000000D+00
  0.1868652D-02  0.2892938D-03 -0.2338327D-04  0.0000000D+00
 -0.9280657D-02 -0.5194636D-03  0.8512736D-04  0.0000000D+00
  0.1965170D-01  0.8616703D-03  0.2038849D-05  0.0000000D+00
 -0.7949963D-02 -0.1820331D-02 -0.1234612D-02  0.0000000D+00
  0.2443860D-02  0.1975919D-03  0.2820112D-02  0.0000000D+00
  0.6726887D-03 -0.4468285D-03  0.1177124D-02  0.0000000D+00
 -0.6351028D-03 -0.9429669D-03 -0.6207091D-04  0.0000000D+00
 -0.1434124D-02 -0.1240533D-02 -0.8120229D-03  0.0000000D+00
 -0.1625301D-02 -0.2505289D-03  0.4942306D-04  0.0000000D+00
 -0.2125606D-03  0.1706666D-03 -0.1084314D-03  0.0000000D+00
 -0.1565290D-02 -0.2705535D-03  0.1512596D-03  0.0000000D+00
 -0.8455762D-03  0.2242482D-03 -0.2212745D-03  0.0000000D+00
  0.4898373D-02 -0.5723486D-03  0.1238664D-03  0.0000000D+00
 -0.1021447D-02  0.1280661D-02  0.4445242D-03  0.0000000D+00
 -0.1413402D-03 -0.4965641D-03 -0.4565601D-03  0.0000000D+00
 -0.4902560D-04  0.6232959D-03 -0.5326293D-03  0.0000000D+00
 -0.1781981D-03 -0.6031972D-04 -0.2657254D-03  0.0000000D+00
 -0.2832414D-03 -0.5941157D-03 -0.6466302D-04  0.0000000D+00
 -0.3447766D-03 -0.9123136D-03  0.5707794D-04  0.0000000D+00
 -0.3601945D-02 -0.5788023D-04  0.2581123D-04  0.0000000D+00
 -0.3707555D-02  0.1281248D-03  0.8278491D-04  0.0000000D+00
 -0.8116083D-02 -0.4518072D-04 -0.8226908D-04  0.0000000D+00
  0.7274220D-02 -0.3206373D-04  0.1368160D-03  0.0000000D+00
 -0.7004261D-02  0.1334717D-03 -0.2936519D-03  0.0000000D+00
  0.2051279D-01 -0.1328352D-03  0.2031316D-03  0.0000000D+00
 -0.8215760D-02 -0.6015454D-03 -0.1983556D-02  0.0000000D+00
  0.2603983D-02 -0.1849617D-03 -0.2679500D-03  0.0000000D+00
  0.5384747D-03 -0.2653916D-04 -0.1410774D-03  0.0000000D+00
 -0.9949555D-03  0.9836565D-04 -0.5246839D-04  0.0000000D+00
 -0.1929564D-02  0.1725114D-03  0.3050960D-05  0.0000000D+00
