  2  2   693  9216  4  4  9 11  7  1    0.00   24.00  100.00  550.00    0.00    6.28   45.00   45.00
  100.0  100.0  100.0  100.0  125.0  150.0  190.0  230.0  275.0  350.0  450.0  600.0  600.0  600.0  600.0
  0.1273417D+04 -0.6005963D+03 -0.1002125D+03  0.0000000D+00
  0.8033757D+03  0.1574361D+03 -0.2816968D+03  0.0000000D+00
  0.3684300D+04  0.9341915D+04  0.6924084D+03  0.0000000D+00
  0.1560850D+05 -0.7929690D+04 -0.2204215D+04  0.0000000D+00
  0.1654393D+05  0.6174462D+04  0.7809220D+02  0.0000000D+00
  0.3510317D+04 -0.2061690D+03 -0.4398287D+03  0.0000000D+00
  0.8600737D+04  0.6422151D+04  0.9068130D+03  0.0000000D+00
  0.1890195D+04  0.4913582D+04  0.5595850D+03  0.0000000D+00
  0.1781058D+05 -0.2627586D+05 -0.1472474D+04  0.0000000D+00
  0.3007340D+05 -0.5032031D+05 -0.3041405D+04  0.0000000D+00
  0.3742681D+05 -0.6473322D+05 -0.3981241D+04  0.0000000D+00
  0.1184319D+04  0.7153057D+03 -0.1358716D+02  0.0000000D+00
 -0.1881537D+04 -0.3938193D+04 -0.5155456D+03  0.0000000D+00
  0.5789928D+04  0.1372512D+05  0.1213680D+04  0.0000000D+00
  0.1524945D+04 -0.1466493D+05 -0.2809214D+04  0.0000000D+00
  0.1772408D+05  0.3204661D+04 -0.8373731D+03  0.0000000D+00
  0.6623582D+03  0.4870567D+03 -0.2991036D+03  0.0000000D+00
  0.4800006D+04  0.2103379D+04  0.1228029D+04  0.0000000D+00
 -0.1514210D+04  0.4280264D+04  0.6306377D+03  0.0000000D+00
  0.6531652D+04 -0.1674653D+04 -0.1432098D+04  0.0000000D+00
  0.1271234D+05 -0.6310474D+04 -0.3026573D+04  0.0000000D+00
  0.1642296D+05 -0.9077555D+04 -0.3981229D+04  0.0000000D+00
  0.2081092D+03  0.6629859D+03  0.1389879D+02  0.0000000D+00
 -0.2345823D+04 -0.3600609D+04 -0.3877255D+03  0.0000000D+00
  0.2165054D+04  0.8423259D+04  0.1341572D+04  0.0000000D+00
  0.5527799D+04 -0.9556746D+04 -0.1885197D+04  0.0000000D+00
 -0.5923944D+04  0.4788071D+03  0.1130474D+04  0.0000000D+00
  0.2633380D+04 -0.6109238D+03 -0.3334370D+03  0.0000000D+00
 -0.4967367D+03  0.5546476D+03  0.1201123D+04  0.0000000D+00
 -0.2583859D+03 -0.2765959D+04  0.1492625D+03  0.0000000D+00
  0.6715255D+04 -0.4247076D+04  0.1584127D+04  0.0000000D+00
  0.1209748D+05 -0.5362089D+04  0.2694579D+04  0.0000000D+00
  0.1532214D+05 -0.6037442D+04  0.3359098D+04  0.0000000D+00
 -0.2272686D+02  0.1161927D+02  0.4771227D+01  0.0000000D+00
 -0.1311131D+03 -0.5709117D+02 -0.2346133D+02  0.0000000D+00
  0.2499603D+03  0.9854255D+02  0.4276682D+02  0.0000000D+00
 -0.5844776D+03 -0.2192740D+03 -0.7307635D+02  0.0000000D+00
  0.9311738D+03  0.3099890D+03  0.1401305D+03  0.0000000D+00
  0.1242420D+04 -0.4676222D+03 -0.3255088D+03  0.0000000D+00
  0.6320581D+03  0.2665904D+04  0.7300979D+03  0.0000000D+00
 -0.7070050D+02  0.2393614D+03 -0.2916352D+03  0.0000000D+00
 -0.5508361D+04  0.2479937D+04  0.5126177D+02  0.0000000D+00
 -0.9716984D+04  0.4196849D+04  0.3130398D+03  0.0000000D+00
 -0.1223541D+05  0.5228715D+04  0.4706247D+03  0.0000000D+00
 -0.9365596D+02 -0.1238253D+02 -0.1765426D+00  0.0000000D+00
  0.9293886D+02  0.6342254D+02 -0.4148587D+01  0.0000000D+00
 -0.2936433D+03 -0.1524145D+03  0.1904876D+01  0.0000000D+00
  0.2547999D+03  0.2306652D+03 -0.1723610D+01  0.0000000D+00
 -0.7746970D+03 -0.1798702D+03  0.2419193D+02  0.0000000D+00
  0.5597794D+03  0.3411576D+03  0.6246800D+01  0.0000000D+00
 -0.4888629D+03 -0.3160171D+03  0.2003886D+03  0.0000000D+00
  0.4962498D+03  0.4122330D+03  0.4049568D+03  0.0000000D+00
  0.3662114D+03  0.4655101D+04  0.2868494D+03  0.0000000D+00
  0.2715490D+03  0.7927150D+04  0.2008636D+03  0.0000000D+00
  0.2133520D+03  0.9888211D+04  0.1480004D+03  0.0000000D+00
  0.3171376D+02  0.1430004D+02  0.1492012D+01  0.0000000D+00
  0.1496211D+03 -0.7496446D+02 -0.1500793D+02  0.0000000D+00
 -0.4035212D+03  0.1302823D+03  0.2430288D+02  0.0000000D+00
  0.6676748D+03 -0.2333643D+03 -0.4121357D+02  0.0000000D+00
 -0.1777220D+04  0.3476537D+03  0.7109744D+02  0.0000000D+00
 -0.1008743D+04 -0.8126985D+03 -0.7648382D+02  0.0000000D+00
  0.1069990D+04  0.1541566D+04  0.4345020D+03  0.0000000D+00
  0.4662638D+02 -0.1091002D+04 -0.3582784D+03  0.0000000D+00
 -0.2500325D+04 -0.1522491D+04  0.4457416D+03  0.0000000D+00
 -0.4469369D+04 -0.1854301D+04  0.1064402D+04  0.0000000D+00
 -0.5648220D+04 -0.2053417D+04  0.1435549D+04  0.0000000D+00
  0.8025357D+02 -0.9816047D+01  0.2636750D+01  0.0000000D+00
  0.4631833D+02  0.4973415D+02 -0.7677954D+01  0.0000000D+00
  0.1173454D+03 -0.7684727D+02  0.1403489D+02  0.0000000D+00
 -0.2156048D+03  0.7154562D+02 -0.1855236D+02  0.0000000D+00
  0.5687504D+03 -0.2198764D+03  0.2703374D+02  0.0000000D+00
  0.3341155D+02  0.3418031D+03 -0.4588303D+02  0.0000000D+00
 -0.6696756D+03 -0.2179604D+04  0.1521715D+03  0.0000000D+00
  0.7299229D+03  0.8949490D+03  0.7978411D+02  0.0000000D+00
 -0.1780726D+04 -0.6265657D+03 -0.6143192D+03  0.0000000D+00
 -0.3714840D+04 -0.1801232D+04 -0.1148670D+04  0.0000000D+00
 -0.4874562D+04 -0.2504910D+04 -0.1469170D+04  0.0000000D+00
 -0.4029257D+02 -0.7773479D+01  0.1421281D+01  0.0000000D+00
  0.2043533D+02  0.3851580D+02 -0.4729808D+01  0.0000000D+00
  0.1008118D+03 -0.7069999D+02  0.9392089D+01  0.0000000D+00
 -0.2528131D+02  0.6633944D+02 -0.1377598D+02  0.0000000D+00
  0.5642896D+03  0.2786487D+02  0.3134991D+02  0.0000000D+00
 -0.1211196D+04  0.7421501D+01 -0.4925258D+02  0.0000000D+00
  0.1448511D+04  0.2595776D+03  0.2136909D+03  0.0000000D+00
 -0.5018371D+03  0.4933556D+03 -0.1235129D+03  0.0000000D+00
  0.1439843D+04 -0.1286500D+04  0.1766465D+03  0.0000000D+00
  0.2937975D+04 -0.2660927D+04  0.4072007D+03  0.0000000D+00
  0.3835669D+04 -0.3484197D+04  0.5456209D+03  0.0000000D+00
 -0.4181027D+02 -0.4744721D+01  0.1489947D+01  0.0000000D+00
  0.7943334D+02  0.2588430D+02 -0.4664411D+01  0.0000000D+00
 -0.1679011D+03 -0.4974287D+02  0.7510939D+01  0.0000000D+00
  0.6006969D+03  0.1386728D+03 -0.1833876D+02  0.0000000D+00
 -0.3783594D+03 -0.1790273D+03  0.3037052D+02  0.0000000D+00
 -0.2180665D+03  0.4450218D+03 -0.8971240D+02  0.0000000D+00
 -0.5613575D+03 -0.7513606D+03  0.1772069D+03  0.0000000D+00
 -0.4126041D+01  0.2842175D+03 -0.7669285D+02  0.0000000D+00
 -0.2948191D+03 -0.4603605D+03 -0.1233737D+03  0.0000000D+00
 -0.5163348D+03 -0.1031700D+04 -0.1599481D+03  0.0000000D+00
 -0.6497927D+03 -0.1374871D+04 -0.1817189D+03  0.0000000D+00
 -0.1881667D+03  0.3564573D+03  0.5625356D+00  0.0000000D+00
  0.1163873D+04 -0.3785650D+03  0.4976866D+03  0.0000000D+00
  0.3777067D+03  0.1605015D+04 -0.1760388D+04  0.0000000D+00
 -0.1599997D+05  0.6605766D+04  0.2976448D+04  0.0000000D+00
  0.1026358D+05  0.2911804D+04 -0.2323234D+04  0.0000000D+00
 -0.4017887D+04  0.2421582D+04  0.1363859D+04  0.0000000D+00
  0.9126784D+03 -0.2915500D+04 -0.9414557D+03  0.0000000D+00
 -0.1751843D+04  0.8679254D+03  0.6719636D+03  0.0000000D+00
  0.2857682D+04 -0.5195992D+04 -0.1383531D+04  0.0000000D+00
  0.6410353D+04 -0.9895203D+04 -0.2961420D+04  0.0000000D+00
  0.8540181D+04 -0.1270567D+05 -0.3909010D+04  0.0000000D+00
  0.1873603D+02  0.1283481D+04  0.3504041D+02  0.0000000D+00
 -0.7692890D+03 -0.5895174D+04  0.4657103D+03  0.0000000D+00
  0.2305963D+04  0.1291116D+05 -0.1938119D+04  0.0000000D+00
 -0.1583146D+05 -0.1205838D+05  0.3312486D+04  0.0000000D+00
  0.1217723D+05  0.6256713D+04 -0.2457446D+04  0.0000000D+00
 -0.4935775D+04  0.1115435D+04  0.1402543D+04  0.0000000D+00
  0.2614347D+04 -0.3759581D+03 -0.7259975D+03  0.0000000D+00
 -0.2662928D+04  0.2439719D+04  0.7491693D+03  0.0000000D+00
  0.3777529D+04 -0.2926101D+04 -0.8433334D+03  0.0000000D+00
  0.8744843D+04 -0.7025887D+04 -0.2063080D+04  0.0000000D+00
  0.1172182D+05 -0.9493007D+04 -0.2796307D+04  0.0000000D+00
 -0.1407462D+04 -0.7152004D+03  0.3757116D+02  0.0000000D+00
  0.3396257D+04  0.4014959D+04 -0.5043054D+01  0.0000000D+00
 -0.3034508D+04 -0.5584242D+04 -0.5556411D+03  0.0000000D+00
 -0.1090961D+05  0.1668610D+05  0.2236233D+04  0.0000000D+00
  0.5222294D+04 -0.4115467D+04 -0.8420047D+03  0.0000000D+00
 -0.2733707D+04 -0.1022641D+04  0.3429035D+03  0.0000000D+00
  0.2278789D+04  0.1888044D+04 -0.4940191D+03  0.0000000D+00
  0.4112972D+03  0.1420074D+04  0.1400323D+03  0.0000000D+00
  0.2185145D+03  0.6087291D+04  0.8357329D+03  0.0000000D+00
  0.6617589D+02  0.9693211D+04  0.1377586D+04  0.0000000D+00
 -0.2416051D+02  0.1185264D+05  0.1700946D+04  0.0000000D+00
 -0.1052176D+03 -0.7513645D+01  0.6236546D+00  0.0000000D+00
  0.3826626D+02  0.3448392D+02 -0.1414858D+02  0.0000000D+00
 -0.1070580D+03 -0.6096602D+02  0.2531388D+02  0.0000000D+00
  0.4378616D+03  0.1292226D+03 -0.3695710D+02  0.0000000D+00
 -0.6678382D+03  0.8088227D+02  0.5928035D+02  0.0000000D+00
  0.5009572D+03 -0.2076620D+03 -0.5706932D+02  0.0000000D+00
  0.1249028D+03  0.3089355D+03  0.3670949D+03  0.0000000D+00
 -0.9650473D+03 -0.5361440D+02 -0.2461962D+03  0.0000000D+00
 -0.5964016D+03  0.7035431D+02 -0.1580823D+03  0.0000000D+00
 -0.3237384D+03  0.1730125D+03 -0.9225123D+02  0.0000000D+00
 -0.1572890D+03  0.2327003D+03 -0.5224470D+02  0.0000000D+00
 -0.8815961D+02  0.6412795D+01 -0.1599720D+00  0.0000000D+00
 -0.4591678D+02 -0.4115610D+02  0.2087322D+01  0.0000000D+00
 -0.4250215D+02  0.8085266D+02  0.3852000D+01  0.0000000D+00
  0.8936949D+02 -0.2125496D+03 -0.1144053D+02  0.0000000D+00
  0.4216405D+03  0.4105478D+03 -0.2448974D+01  0.0000000D+00
 -0.1203252D+04 -0.5255863D+03  0.1102450D+02  0.0000000D+00
  0.1800989D+04  0.1424159D+04 -0.1898563D+03  0.0000000D+00
 -0.3433114D+03 -0.1987078D+04  0.3525992D+03  0.0000000D+00
  0.4289742D+03 -0.1127924D+04  0.3630508D+03  0.0000000D+00
  0.1026802D+04 -0.4603290D+03  0.3687188D+03  0.0000000D+00
  0.1384510D+04 -0.6153055D+02  0.3727396D+03  0.0000000D+00
  0.1599588D+03  0.4630615D+01  0.2913769D+01  0.0000000D+00
  0.1025158D+03 -0.3432280D+02 -0.1074396D+02  0.0000000D+00
 -0.1049350D+03  0.5719182D+02  0.1948830D+02  0.0000000D+00
 -0.4220711D+02  0.7948525D+01 -0.3498110D+02  0.0000000D+00
  0.8135151D+03 -0.3370739D+02  0.6369081D+02  0.0000000D+00
 -0.3448717D+03  0.1181343D+03 -0.1577590D+03  0.0000000D+00
 -0.3170408D+01 -0.3076242D+03  0.3674976D+03  0.0000000D+00
  0.2501010D+03 -0.9269613D+03 -0.5314320D+03  0.0000000D+00
 -0.1479643D+04  0.1858324D+04  0.7157201D+03  0.0000000D+00
 -0.2822330D+04  0.3999380D+04  0.1676688D+04  0.0000000D+00
 -0.3624773D+04  0.5284397D+04  0.2252844D+04  0.0000000D+00
  0.1278257D+03  0.1258488D+02 -0.2369471D+01  0.0000000D+00
 -0.1724782D+02 -0.6971111D+02  0.6541765D+01  0.0000000D+00
  0.1594832D+03  0.9241735D+02 -0.1291934D+02  0.0000000D+00
 -0.3855140D+03 -0.1445498D+03  0.2008347D+02  0.0000000D+00
  0.7652719D+02  0.2074099D+03 -0.2959666D+02  0.0000000D+00
 -0.3427808D+03 -0.4281740D+03 -0.6534857D+01  0.0000000D+00
  0.1571397D+03  0.1364239D+04  0.6326756D+02  0.0000000D+00
 -0.5957054D+03 -0.1265175D+04 -0.1383797D+03  0.0000000D+00
 -0.5280512D+03  0.7705057D+03 -0.7279449D+02  0.0000000D+00
 -0.4827056D+03  0.2341262D+04 -0.2651512D+02  0.0000000D+00
 -0.4537493D+03  0.3282446D+04  0.2342580D+01  0.0000000D+00
 -0.7393032D+02  0.4504813D+01  0.8920687D+00  0.0000000D+00
 -0.2785821D+03 -0.1842310D+02 -0.5604901D+01  0.0000000D+00
  0.4463180D+03  0.2196404D+02  0.1608743D+02  0.0000000D+00
 -0.5917121D+03  0.7111513D+01 -0.3123499D+02  0.0000000D+00
  0.3862952D+03  0.1347803D+02  0.4944725D+02  0.0000000D+00
  0.3825223D+03 -0.4081765D+02 -0.9250092D+02  0.0000000D+00
 -0.2642525D+03  0.2020794D+03  0.1173708D+03  0.0000000D+00
  0.5330618D+03 -0.8293493D+03 -0.6989523D+02  0.0000000D+00
 -0.6636904D+02  0.1578264D+04  0.2017286D+03  0.0000000D+00
 -0.5240904D+03  0.3439863D+04  0.4124299D+03  0.0000000D+00
 -0.7996073D+03  0.4554316D+04  0.5383904D+03  0.0000000D+00
 -0.3414470D+02  0.5531514D+01  0.5783482D+00  0.0000000D+00
 -0.7460371D+02 -0.3975555D+02  0.1696717D+00  0.0000000D+00
  0.1783814D+03  0.5086991D+02  0.3295474D+01  0.0000000D+00
 -0.2378539D+03 -0.1115153D+03 -0.4222758D+01  0.0000000D+00
  0.2043082D+03  0.2214283D+03  0.3218776D+01  0.0000000D+00
 -0.5839969D+03 -0.3372102D+03  0.2945396D+02  0.0000000D+00
  0.5428580D+03  0.1138497D+04  0.3244239D+02  0.0000000D+00
  0.2183255D+03  0.2637034D+02 -0.1015467D+03  0.0000000D+00
 -0.1917577D+03 -0.3386491D+03 -0.6153370D+02  0.0000000D+00
 -0.5082249D+03 -0.6238689D+03 -0.3182446D+02  0.0000000D+00
 -0.6978415D+03 -0.7938449D+03 -0.1371977D+02  0.0000000D+00
 -0.9167763D+03 -0.2644826D+03  0.3446059D+03  0.0000000D+00
  0.1269708D+04  0.1767800D+04 -0.2126891D+03  0.0000000D+00
 -0.1640940D+04 -0.6031664D+04 -0.8053090D+03  0.0000000D+00
 -0.6935049D+04  0.1929872D+04  0.1367857D+04  0.0000000D+00
  0.3223099D+04 -0.4365360D+04  0.1573470D+03  0.0000000D+00
 -0.1205198D+04 -0.1452202D+03  0.3546783D+03  0.0000000D+00
  0.2936721D+04  0.3579743D+04  0.5259520D+03  0.0000000D+00
  0.1633075D+04 -0.1449212D+04 -0.6599664D+03  0.0000000D+00
 -0.1142157D+04  0.4128651D+04  0.2076672D+04  0.0000000D+00
 -0.3300295D+04  0.8444362D+04  0.4193189D+04  0.0000000D+00
 -0.4589078D+04  0.1102723D+05  0.5460111D+04  0.0000000D+00
 -0.8355954D+03 -0.7188312D+03  0.3160060D+03  0.0000000D+00
  0.1032954D+04  0.2249909D+04 -0.3264498D+03  0.0000000D+00
 -0.2566388D+03 -0.3730827D+04 -0.4549333D+03  0.0000000D+00
 -0.6249942D+04  0.4495048D+04  0.1646080D+04  0.0000000D+00
  0.5647178D+04 -0.6323257D+03  0.6666392D+03  0.0000000D+00
 -0.2497179D+04 -0.2554878D+04  0.1399161D+03  0.0000000D+00
  0.2428741D+04  0.3474951D+04  0.9653408D+03  0.0000000D+00
  0.5884703D+02  0.8584682D+03 -0.2757942D+03  0.0000000D+00
 -0.3344440D+04 -0.9883602D+04  0.2553773D+02  0.0000000D+00
 -0.5989892D+04 -0.1817908D+05  0.2630444D+03  0.0000000D+00
 -0.7569970D+04 -0.2314792D+05  0.4040459D+03  0.0000000D+00
  0.3022435D+03 -0.6437899D+03  0.8422245D+02  0.0000000D+00
  0.5966823D+03  0.4388894D+04  0.2238170D+02  0.0000000D+00
  0.4001661D+03 -0.9222009D+04 -0.6598848D+03  0.0000000D+00
 -0.6000830D+04  0.1240626D+05  0.1067040D+04  0.0000000D+00
  0.4823438D+04 -0.7001359D+04 -0.4369970D+03  0.0000000D+00
 -0.2422573D+04  0.4310487D+04  0.5294208D+03  0.0000000D+00
 -0.6986985D+03 -0.6346272D+04 -0.1478398D+03  0.0000000D+00
 -0.6980143D+03  0.2142370D+04  0.4267468D+03  0.0000000D+00
  0.4179658D+03 -0.6478088D+04  0.5854803D+03  0.0000000D+00
  0.1278535D+04 -0.1314319D+05  0.7097362D+03  0.0000000D+00
  0.1794332D+04 -0.1713338D+05  0.7837251D+03  0.0000000D+00
 -0.4585685D+01  0.4070492D+02  0.4419803D+01  0.0000000D+00
 -0.1054027D+03 -0.2122642D+03 -0.2269507D+02  0.0000000D+00
  0.1263004D+03  0.3568854D+03  0.4165006D+02  0.0000000D+00
 -0.3685178D+03 -0.5460644D+03 -0.6884313D+02  0.0000000D+00
  0.1566946D+04  0.7716080D+03  0.1251027D+03  0.0000000D+00
 -0.3979311D+03 -0.1343644D+04 -0.2082500D+03  0.0000000D+00
  0.1332943D+04  0.3880069D+04  0.7366943D+03  0.0000000D+00
 -0.7622223D+03 -0.1640076D+04 -0.8302807D+02  0.0000000D+00
 -0.6505993D+03  0.4052939D+04 -0.9830437D+03  0.0000000D+00
 -0.5645900D+03  0.8429204D+04 -0.1682542D+04  0.0000000D+00
 -0.5130295D+03  0.1105573D+05 -0.2100368D+04  0.0000000D+00
  0.9914605D+02 -0.1117853D+02 -0.2134020D+00  0.0000000D+00
  0.6789441D+02  0.5833177D+02  0.1068073D+00  0.0000000D+00
 -0.1765646D+03 -0.1097973D+03  0.3152602D+01  0.0000000D+00
  0.2035340D+03  0.1640579D+03 -0.6593480D+01  0.0000000D+00
 -0.4602542D+03 -0.4071817D+03 -0.1015505D+02  0.0000000D+00
  0.6324179D+03  0.9897225D+03  0.5398758D+02  0.0000000D+00
 -0.1349425D+04 -0.1994644D+04 -0.2153629D+03  0.0000000D+00
  0.1440073D+03  0.2521082D+04  0.4995928D+02  0.0000000D+00
 -0.1067321D+04 -0.4835502D+04 -0.4073866D+03  0.0000000D+00
 -0.1996501D+04 -0.1050039D+05 -0.7587902D+03  0.0000000D+00
 -0.2554687D+04 -0.1389776D+05 -0.9697370D+03  0.0000000D+00
 -0.7525295D+01 -0.3005695D+01  0.6805352D+00  0.0000000D+00
 -0.1300320D+03  0.2659281D+02 -0.9208637D+01  0.0000000D+00
  0.3101265D+03 -0.8769259D+02  0.1673009D+02  0.0000000D+00
 -0.5108561D+03  0.8979680D+02 -0.2615123D+02  0.0000000D+00
 -0.2507358D+03  0.1521712D+03  0.4171829D+02  0.0000000D+00
 -0.4629089D+03 -0.5557491D+03 -0.1185798D+03  0.0000000D+00
  0.1064439D+04  0.1696519D+04  0.4537065D+03  0.0000000D+00
 -0.6235611D+03 -0.6052514D+03  0.2158147D+03  0.0000000D+00
  0.7913279D+03  0.1969192D+04 -0.2157949D+03  0.0000000D+00
  0.1889307D+04  0.3950472D+04 -0.5515904D+03  0.0000000D+00
  0.2545579D+04  0.5138992D+04 -0.7520784D+03  0.0000000D+00
 -0.1612798D+03 -0.1915993D+02 -0.1496886D+01  0.0000000D+00
 -0.1106345D+02  0.1008749D+03 -0.3117444D+01  0.0000000D+00
  0.2132995D+03 -0.1708321D+03  0.2874473D+01  0.0000000D+00
 -0.2408077D+03  0.3127038D+03  0.4143118D+01  0.0000000D+00
 -0.4217609D+03 -0.5325377D+03  0.6410640D+01  0.0000000D+00
 -0.2428390D+03  0.7279979D+03 -0.4978260D+02  0.0000000D+00
 -0.5809076D+03 -0.2479161D+04  0.2163659D+03  0.0000000D+00
 -0.9685407D+01  0.6361432D+03  0.3022821D+02  0.0000000D+00
  0.3971399D+03 -0.4206300D+03 -0.6281470D+03  0.0000000D+00
  0.7112420D+03 -0.1243203D+04 -0.1135332D+04  0.0000000D+00
  0.8994055D+03 -0.1734212D+04 -0.1439449D+04  0.0000000D+00
  0.3449409D+02 -0.2871108D+01  0.3108205D+01  0.0000000D+00
  0.7767683D+02  0.2920052D+02 -0.1157911D+02  0.0000000D+00
 -0.2919360D+03 -0.7883340D+02  0.2097489D+02  0.0000000D+00
  0.4141540D+03  0.5417126D+02 -0.3935756D+02  0.0000000D+00
 -0.5627595D+03 -0.4690312D+02  0.7215840D+02  0.0000000D+00
  0.5463327D+03  0.1521474D+03 -0.1176949D+03  0.0000000D+00
  0.8102146D+03  0.1309046D+03  0.3617110D+03  0.0000000D+00
 -0.1002869D+02  0.6683437D+03 -0.1121258D+03  0.0000000D+00
  0.3256139D+03 -0.7654798D+03  0.2351735D+03  0.0000000D+00
  0.5899758D+03 -0.1871028D+04  0.5036533D+03  0.0000000D+00
  0.7469746D+03 -0.2533677D+04  0.6643935D+03  0.0000000D+00
 -0.2403862D+02 -0.3730717D+01  0.1004854D+01  0.0000000D+00
  0.1872015D+03  0.1258687D+02 -0.3968900D+01  0.0000000D+00
 -0.4020045D+03 -0.1740785D+02  0.1100715D+02  0.0000000D+00
  0.7941595D+03  0.4806485D+02 -0.1780696D+02  0.0000000D+00
 -0.3866892D+03 -0.1050972D+03  0.2720986D+02  0.0000000D+00
  0.5148285D+03  0.3245102D+03 -0.4109308D+02  0.0000000D+00
 -0.8041090D+03 -0.9457102D+03  0.5670083D+02  0.0000000D+00
 -0.5637095D+02  0.3809425D+03  0.1649767D+03  0.0000000D+00
  0.3839058D+03  0.5702589D+02 -0.3222882D+03  0.0000000D+00
  0.7243699D+03 -0.1914639D+03 -0.6974479D+03  0.0000000D+00
  0.9281830D+03 -0.3407339D+03 -0.9224549D+03  0.0000000D+00
  0.5277983D+03  0.5372989D+03  0.7408596D+02  0.0000000D+00
 -0.3401196D+04 -0.1939460D+04 -0.1472951D+03  0.0000000D+00
  0.2921010D+04  0.2607721D+04 -0.2366936D+03  0.0000000D+00
  0.8230286D+04 -0.6186446D+03 -0.2008692D+03  0.0000000D+00
 -0.6171975D+04 -0.1250354D+04 -0.5778693D+03  0.0000000D+00
  0.2821553D+04  0.4165858D+03  0.3958280D+03  0.0000000D+00
 -0.2132112D+04 -0.1480723D+04 -0.3248124D+03  0.0000000D+00
  0.4042323D+03  0.1983786D+03  0.4088816D+02  0.0000000D+00
  0.1439111D+03 -0.7284497D+03 -0.1303431D+03  0.0000000D+00
 -0.5165004D+02 -0.1436998D+04 -0.2616621D+03  0.0000000D+00
 -0.1702163D+03 -0.1863273D+04 -0.3405575D+03  0.0000000D+00
  0.4085835D+03  0.6955226D+03  0.7223072D+02  0.0000000D+00
 -0.3528166D+04 -0.3274445D+04 -0.1668242D+03  0.0000000D+00
  0.3284766D+04  0.6167123D+04 -0.2598795D+03  0.0000000D+00
  0.6055422D+04 -0.3908728D+04  0.1320262D+02  0.0000000D+00
 -0.4835736D+04  0.1615746D+04 -0.7546432D+03  0.0000000D+00
  0.2799546D+04 -0.2216850D+03  0.5154011D+03  0.0000000D+00
 -0.5044777D+03 -0.1030215D+04 -0.7125436D+03  0.0000000D+00
  0.4905520D+03  0.8868712D+03  0.8730680D+02  0.0000000D+00
  0.2087381D+03 -0.6046249D+03  0.2202378D+02  0.0000000D+00
  0.2295539D+01 -0.1760902D+04 -0.2851846D+02  0.0000000D+00
 -0.1242745D+03 -0.2452315D+04 -0.5875812D+02  0.0000000D+00
  0.3808397D+03  0.4966764D+03 -0.8633143D+01  0.0000000D+00
 -0.2702643D+04 -0.1865989D+04 -0.1050877D+03  0.0000000D+00
  0.2503356D+04  0.3587478D+04  0.1164383D+03  0.0000000D+00
  0.8276835D+04 -0.4297034D+04 -0.5330795D+03  0.0000000D+00
 -0.1698890D+04  0.1904725D+04  0.4215596D+03  0.0000000D+00
  0.9235318D+03 -0.3352591D+03 -0.1755116D+02  0.0000000D+00
 -0.1486563D+02  0.1426251D+04 -0.1210142D+03  0.0000000D+00
  0.5945308D+01  0.4834044D+03  0.7603486D+01  0.0000000D+00
  0.8931685D+02 -0.1386597D+04 -0.5780921D+03  0.0000000D+00
  0.1588032D+03 -0.2834301D+04 -0.1030897D+04  0.0000000D+00
  0.1990908D+03 -0.3700506D+04 -0.1301986D+04  0.0000000D+00
  0.1459460D+02 -0.7016936D+00 -0.1908632D+01  0.0000000D+00
 -0.2483318D+03 -0.3387495D+00  0.6497140D+01  0.0000000D+00
  0.3173552D+03 -0.3036735D+02 -0.1444863D+02  0.0000000D+00
 -0.4137449D+03  0.1443801D+03  0.2528745D+02  0.0000000D+00
  0.8904541D+02 -0.2057384D+03 -0.3398153D+02  0.0000000D+00
 -0.3942796D+02  0.2826352D+03  0.4800842D+02  0.0000000D+00
 -0.3264732D+03 -0.1227975D+04 -0.3062206D+03  0.0000000D+00
 -0.8302506D+02 -0.4088399D+03  0.1801904D+03  0.0000000D+00
 -0.2305033D+03  0.1494260D+04  0.1883932D+03  0.0000000D+00
 -0.3481341D+03  0.2962925D+04  0.1952636D+03  0.0000000D+00
 -0.4176179D+03  0.3842887D+04  0.1992400D+03  0.0000000D+00
 -0.5055016D+02 -0.1191670D+02 -0.4764269D-01  0.0000000D+00
  0.5417253D+02  0.5847152D+02  0.3589716D+01  0.0000000D+00
 -0.6501262D+02 -0.1012839D+03 -0.5503581D+01  0.0000000D+00
  0.3080520D+03  0.9086214D+02  0.1015511D+02  0.0000000D+00
  0.3997263D+03 -0.1250881D+03 -0.2231036D+02  0.0000000D+00
  0.1524332D+03  0.2055044D+03  0.5299749D+02  0.0000000D+00
 -0.1459739D+04 -0.2578389D+03 -0.3793247D+02  0.0000000D+00
  0.3425546D+03  0.3119590D+03 -0.5497503D+02  0.0000000D+00
  0.6116340D+01  0.5713460D+03  0.4546259D+02  0.0000000D+00
 -0.2512712D+03  0.7702024D+03  0.1240283D+03  0.0000000D+00
 -0.4060700D+03  0.8896933D+03  0.1708267D+03  0.0000000D+00
  0.6409538D+02 -0.1239805D+01 -0.1610545D+01  0.0000000D+00
  0.1979998D+03  0.1523717D+02  0.2954435D+01  0.0000000D+00
 -0.2920912D+03 -0.6756196D+02 -0.1366832D+01  0.0000000D+00
  0.4844674D+03  0.4772720D+02  0.3911981D+01  0.0000000D+00
  0.1948296D+03 -0.6496046D+02 -0.1810972D+02  0.0000000D+00
 -0.1851012D+03  0.1493234D+03  0.5050013D+02  0.0000000D+00
  0.3382134D+03 -0.2742081D+03 -0.6393288D+02  0.0000000D+00
  0.1702601D+02 -0.3333449D+03  0.1156997D+02  0.0000000D+00
 -0.1438448D+03  0.1163208D+04 -0.3947468D+02  0.0000000D+00
 -0.2685244D+03  0.2319776D+04 -0.7853551D+02  0.0000000D+00
 -0.3430905D+03  0.3012314D+04 -0.1020252D+03  0.0000000D+00
  0.5698744D+02  0.7786758D+01 -0.1681356D+01  0.0000000D+00
 -0.1786186D+03 -0.4695483D+02 -0.2504136D+01  0.0000000D+00
  0.2019131D+03  0.8547043D+02  0.5009328D+01  0.0000000D+00
 -0.6667733D+03 -0.1441895D+03 -0.6571250D+01  0.0000000D+00
 -0.2452046D+03  0.1921431D+03  0.1163078D+02  0.0000000D+00
 -0.2923837D+03 -0.3537096D+03 -0.1445381D+02  0.0000000D+00
  0.6469451D+02  0.8515391D+03  0.6864624D+01  0.0000000D+00
 -0.1222755D+03 -0.1422431D+03 -0.6267791D+02  0.0000000D+00
 -0.1567164D+03 -0.6171041D+03  0.2231185D+03  0.0000000D+00
 -0.1849269D+03 -0.9828918D+03  0.4447319D+03  0.0000000D+00
 -0.2014052D+03 -0.1202233D+04  0.5772372D+03  0.0000000D+00
 -0.6728264D+02 -0.1010597D+02 -0.3027475D+01  0.0000000D+00
 -0.1010406D+03  0.5970846D+02  0.7410196D+01  0.0000000D+00
  0.2247006D+03 -0.9608360D+02 -0.8445357D+01  0.0000000D+00
 -0.3610225D+03  0.5584378D+01  0.1292585D+02  0.0000000D+00
  0.1398744D+03  0.8681437D+01 -0.2218638D+02  0.0000000D+00
 -0.1617266D+03 -0.7048255D+01  0.4681902D+02  0.0000000D+00
  0.7666953D+02 -0.1713932D+03 -0.9075712D+02  0.0000000D+00
 -0.4328856D+02 -0.1463810D+03  0.7569937D+02  0.0000000D+00
 -0.2391181D+03  0.1242692D+03 -0.9003616D+02  0.0000000D+00
 -0.3903768D+03  0.3276819D+03 -0.2176398D+03  0.0000000D+00
 -0.4809685D+03  0.4509790D+03 -0.2941718D+03  0.0000000D+00
 -0.7851721D+01  0.2906523D+01 -0.9874474D+00  0.0000000D+00
  0.1095396D+03 -0.1907034D+02 -0.4114134D+01  0.0000000D+00
 -0.1576563D+03  0.2495100D+02  0.7965071D+01  0.0000000D+00
  0.3629273D+03  0.1152549D+03 -0.9190635D+01  0.0000000D+00
 -0.3919282D+03 -0.2608046D+02  0.2042740D+02  0.0000000D+00
  0.6563275D+01  0.3793113D+02 -0.4796620D+02  0.0000000D+00
  0.1096588D+03  0.6500445D+02  0.8658514D+02  0.0000000D+00
 -0.8353253D+02 -0.1638434D+03 -0.8916759D+02  0.0000000D+00
 -0.8084719D+02  0.3955943D+03  0.1424335D+03  0.0000000D+00
 -0.8237200D+02  0.8274704D+03  0.3215877D+03  0.0000000D+00
 -0.8235012D+02  0.1086193D+04  0.4288189D+03  0.0000000D+00
  0.3318943D+03  0.9635471D+03  0.5043887D+02  0.0000000D+00
 -0.2284321D+04 -0.3811425D+04 -0.3763001D+03  0.0000000D+00
  0.1295207D+04  0.7333613D+04  0.8435057D+03  0.0000000D+00
  0.8043347D+04 -0.9346903D+04 -0.1414531D+04  0.0000000D+00
 -0.4120413D+04  0.1468342D+04  0.1041302D+04  0.0000000D+00
  0.2225608D+04 -0.9648167D+02 -0.2934904D+03  0.0000000D+00
 -0.3027356D+04 -0.1815466D+04  0.1701593D+03  0.0000000D+00
  0.8208962D+02 -0.8632638D+03 -0.2056267D+03  0.0000000D+00
 -0.1021543D+04 -0.3705354D+03  0.3516729D+03  0.0000000D+00
 -0.1863569D+04  0.8761349D+01  0.7821712D+03  0.0000000D+00
 -0.2370592D+04  0.2362742D+03  0.1039999D+04  0.0000000D+00
  0.1591163D+03  0.4567460D+03  0.4499567D+02  0.0000000D+00
 -0.7224202D+03 -0.8783141D+03 -0.3534706D+03  0.0000000D+00
 -0.1533794D+02  0.2355451D+04  0.7466622D+03  0.0000000D+00
  0.7178147D+04  0.2758930D+04 -0.1158506D+04  0.0000000D+00
 -0.1149230D+04 -0.5287378D+03  0.1021998D+04  0.0000000D+00
  0.1268483D+04 -0.2888063D+03 -0.3414976D+03  0.0000000D+00
 -0.1236956D+04 -0.7535229D+03  0.6519668D+02  0.0000000D+00
  0.1036827D+04 -0.2958493D+03  0.9454137D+02  0.0000000D+00
 -0.6650560D+03  0.2721750D+04 -0.6163880D+02  0.0000000D+00
 -0.1963959D+04  0.5058493D+04 -0.1822147D+03  0.0000000D+00
 -0.2745970D+04  0.6456489D+04 -0.2544453D+03  0.0000000D+00
  0.5841502D+03  0.1097342D+03 -0.2568256D+01  0.0000000D+00
 -0.1474740D+04 -0.9669339D+02 -0.9560163D+02  0.0000000D+00
  0.1120657D+04  0.1627628D+04  0.1366361D+03  0.0000000D+00
  0.8146391D+04 -0.7963895D+04 -0.3208443D+03  0.0000000D+00
 -0.3310685D+04  0.2775744D+04  0.1713201D+03  0.0000000D+00
  0.1849161D+04 -0.2000152D+04 -0.1004145D+03  0.0000000D+00
  0.7368642D+03  0.2412875D+04 -0.1109089D+03  0.0000000D+00
  0.2810939D+03  0.1689139D+03  0.4862933D+02  0.0000000D+00
  0.6023508D+03  0.1491400D+04 -0.1417241D+03  0.0000000D+00
  0.8520603D+03  0.2515576D+04 -0.2876061D+03  0.0000000D+00
  0.1001200D+04  0.3128285D+04 -0.3752760D+03  0.0000000D+00
  0.2442683D+02 -0.8710925D+01 -0.4956055D+00  0.0000000D+00
  0.1232455D+03  0.3976730D+02 -0.4121241D+00  0.0000000D+00
 -0.1871394D+03 -0.5543789D+02 -0.1001482D+01  0.0000000D+00
  0.2847660D+03  0.1988240D+02 -0.5433531D+01  0.0000000D+00
  0.2192836D+02 -0.8681999D+02  0.1585097D+02  0.0000000D+00
  0.3109118D+03  0.1092611D+03 -0.6725782D+02  0.0000000D+00
 -0.7870700D+03 -0.9814597D+03  0.1032860D+03  0.0000000D+00
  0.7704874D+02  0.1565576D+03  0.1769910D+03  0.0000000D+00
  0.1973839D+03 -0.3335339D+03 -0.4196699D+03  0.0000000D+00
  0.2900000D+03 -0.7116057D+03 -0.8813297D+03  0.0000000D+00
  0.3455628D+03 -0.9381634D+03 -0.1157623D+04  0.0000000D+00
  0.7105566D+02 -0.1847881D+01 -0.4547921D+00  0.0000000D+00
  0.7717222D+02  0.6866631D+01  0.1500128D+01  0.0000000D+00
 -0.1901385D+03 -0.3499323D+02 -0.5697857D+01  0.0000000D+00
  0.1511998D+03  0.7074720D+02  0.8818800D+01  0.0000000D+00
  0.4839928D+02  0.5637660D+02 -0.2412369D+02  0.0000000D+00
 -0.3429071D+03 -0.1802761D+03  0.6920621D+02  0.0000000D+00
  0.1652509D+04  0.9219871D+03 -0.6399388D+02  0.0000000D+00
 -0.1913695D+03 -0.1239764D+03  0.1099957D+03  0.0000000D+00
  0.4880762D+03 -0.1163556D+03 -0.6746883D+02  0.0000000D+00
  0.1004396D+04 -0.1190701D+03 -0.2047296D+03  0.0000000D+00
  0.1315841D+04 -0.1184597D+03 -0.2868901D+03  0.0000000D+00
 -0.9932854D+02 -0.2576531D+02 -0.2051410D-01  0.0000000D+00
 -0.2643670D+02  0.1320330D+03 -0.3920665D+01  0.0000000D+00
 -0.1180621D+02 -0.2175329D+03  0.8323875D+01  0.0000000D+00
  0.4143320D+03  0.9073828D+02 -0.1470824D+02  0.0000000D+00
 -0.4244230D+03 -0.8897358D+02  0.2497497D+02  0.0000000D+00
  0.2776536D+03  0.3060443D+03 -0.2202018D+02  0.0000000D+00
 -0.3373460D+03 -0.4708961D+03  0.1866740D+03  0.0000000D+00
  0.4302126D+01  0.5326698D+03 -0.6963716D+02  0.0000000D+00
  0.6436825D+03 -0.1739532D+03 -0.8484494D+02  0.0000000D+00
  0.1135122D+04 -0.7195170D+03 -0.9627170D+02  0.0000000D+00
  0.1430090D+04 -0.1046330D+04 -0.1031993D+03  0.0000000D+00
 -0.8319636D+02  0.6472358D+01  0.1038461D+01  0.0000000D+00
 -0.1184118D+03 -0.2032390D+02  0.2310865D+01  0.0000000D+00
  0.4023271D+03  0.2469353D+02 -0.1665409D+01  0.0000000D+00
 -0.3461177D+03 -0.5356088D+02 -0.8474959D+01  0.0000000D+00
  0.4560119D+03  0.1144839D+03  0.7924673D+01  0.0000000D+00
 -0.6355366D+03 -0.9032396D+02 -0.1152318D+01  0.0000000D+00
  0.6885696D+03  0.7140818D+03  0.2334354D+02  0.0000000D+00
 -0.6051821D+03  0.1518572D+03 -0.6609809D+02  0.0000000D+00
 -0.2382781D+02  0.4185150D+03  0.6825062D+02  0.0000000D+00
  0.4174105D+03  0.6220239D+03  0.1705686D+03  0.0000000D+00
  0.6837114D+03  0.7445481D+03  0.2322276D+03  0.0000000D+00
  0.4774384D+02  0.5585729D+01  0.4129561D+00  0.0000000D+00
  0.7242558D+02 -0.2637794D+02 -0.5870012D+01  0.0000000D+00
 -0.7129932D+02  0.8611671D+01  0.9485579D+01  0.0000000D+00
 -0.2636127D+03  0.4435648D+02 -0.8939869D+01  0.0000000D+00
  0.7528015D+02 -0.1251001D+03  0.1158041D+02  0.0000000D+00
  0.3850535D+02  0.1988433D+03 -0.3302757D+02  0.0000000D+00
 -0.3375147D+03 -0.3959028D+03  0.9481551D+02  0.0000000D+00
  0.6675396D+02  0.2112516D+03 -0.2066038D+02  0.0000000D+00
  0.2208605D+03 -0.8009955D+03  0.3763445D+02  0.0000000D+00
  0.3402629D+03 -0.1581926D+04  0.8260024D+02  0.0000000D+00
  0.4116790D+03 -0.2049888D+04  0.1095472D+03  0.0000000D+00
  0.2138346D+02  0.1669009D+02 -0.2543299D+01  0.0000000D+00
  0.1664122D+02 -0.9332227D+02 -0.4903027D+00  0.0000000D+00
 -0.1320806D+03  0.1665992D+03  0.2165107D+01  0.0000000D+00
  0.1798175D+03 -0.2587376D+03 -0.2364734D+01  0.0000000D+00
 -0.5790502D+02  0.2217672D+03  0.9953701D+01  0.0000000D+00
 -0.5764217D+03 -0.4873391D+03 -0.2852330D+02  0.0000000D+00
  0.6299734D+03  0.1201640D+04  0.3623909D+02  0.0000000D+00
  0.1255027D+03 -0.1855074D+03  0.8191105D+01  0.0000000D+00
 -0.1719039D+03 -0.1556449D+03 -0.1494732D+02  0.0000000D+00
 -0.3996297D+03 -0.1331826D+03 -0.3284865D+02  0.0000000D+00
 -0.5365397D+03 -0.1195742D+03 -0.4356270D+02  0.0000000D+00
 -0.3696868D+03 -0.4384848D+01  0.7914056D+02  0.0000000D+00
  0.1534243D+04  0.1390749D+03 -0.3220373D+03  0.0000000D+00
 -0.2403991D+04 -0.2747010D+03  0.4384058D+03  0.0000000D+00
 -0.3360926D+04 -0.4881040D+03 -0.1489348D+03  0.0000000D+00
  0.2202329D+04 -0.4424369D+03  0.3981219D+03  0.0000000D+00
 -0.1280690D+04 -0.3838162D+03  0.1244816D+02  0.0000000D+00
  0.1140893D+04  0.1166222D+04 -0.7473347D+02  0.0000000D+00
  0.1613792D+03  0.3828926D+02  0.3421022D+02  0.0000000D+00
  0.1001749D+03 -0.9948277D+02 -0.3150033D+02  0.0000000D+00
  0.5178288D+02 -0.2075732D+03 -0.8205781D+02  0.0000000D+00
  0.2309165D+02 -0.2718780D+03 -0.1123900D+03  0.0000000D+00
 -0.3439666D+03 -0.1091513D+03  0.1196176D+03  0.0000000D+00
  0.1083922D+04  0.8224974D+03 -0.5807124D+03  0.0000000D+00
 -0.1743567D+04 -0.1724966D+04  0.8544146D+03  0.0000000D+00
 -0.3477446D+04  0.1341043D+04 -0.3420886D+03  0.0000000D+00
  0.1980719D+04 -0.9916079D+03  0.5027871D+03  0.0000000D+00
 -0.1337674D+04 -0.1274512D+03  0.3287114D+02  0.0000000D+00
  0.3859670D+03  0.9647132D+03 -0.2910618D+02  0.0000000D+00
 -0.8781662D+02 -0.1025124D+04 -0.2165147D+02  0.0000000D+00
 -0.2698338D+03  0.2105466D+04  0.7986207D+02  0.0000000D+00
 -0.4191128D+03  0.4520823D+04  0.1595420D+03  0.0000000D+00
 -0.5062573D+03  0.5968148D+04  0.2069327D+03  0.0000000D+00
 -0.2280492D+03  0.5770222D+01 -0.1100853D+02  0.0000000D+00
  0.9133187D+03 -0.2795323D+03 -0.2950745D+01  0.0000000D+00
 -0.7344116D+03  0.4340613D+03  0.6553298D+02  0.0000000D+00
 -0.3546982D+04  0.1022188D+04  0.1070464D+03  0.0000000D+00
  0.1697995D+04 -0.4400481D+03  0.2066401D+03  0.0000000D+00
 -0.7082508D+03  0.1649725D+03 -0.6073016D+02  0.0000000D+00
 -0.6365170D+03 -0.6520620D+03 -0.4582317D+02  0.0000000D+00
 -0.3794714D+03 -0.1019823D+03  0.9808274D+02  0.0000000D+00
  0.4321426D+03  0.6394114D+03 -0.7404987D+02  0.0000000D+00
  0.1055161D+04  0.1212732D+04 -0.2079075D+03  0.0000000D+00
  0.1429318D+04  0.1555937D+04 -0.2878438D+03  0.0000000D+00
  0.8691581D+01  0.3676741D+01  0.3788322D+00  0.0000000D+00
 -0.1153228D+03 -0.2566837D+02  0.9259255D+00  0.0000000D+00
  0.8999497D+02  0.6245149D+02 -0.2848959D+01  0.0000000D+00
 -0.2245316D+03 -0.8456647D+02 -0.6452426D+01  0.0000000D+00
  0.4238584D+03  0.6170130D+01  0.3847786D+00  0.0000000D+00
 -0.8226125D+03  0.3950498D+02  0.6076041D+01  0.0000000D+00
  0.9627261D+03  0.8212363D+01  0.2862676D+01  0.0000000D+00
 -0.1692961D+03  0.2882431D+03 -0.4249379D+02  0.0000000D+00
 -0.2399999D+03 -0.3262480D+03  0.2082434D+02  0.0000000D+00
 -0.2962702D+03 -0.8017549D+03  0.7053276D+02  0.0000000D+00
 -0.3295423D+03 -0.1086322D+04  0.1000960D+03  0.0000000D+00
  0.3146416D+02 -0.1216894D+02  0.6014745D+00  0.0000000D+00
 -0.1616516D+03  0.6596569D+02 -0.1950925D+01  0.0000000D+00
  0.1724886D+03 -0.1187694D+03  0.1177994D+01  0.0000000D+00
  0.2675942D+03  0.1392017D+03 -0.7506689D+01  0.0000000D+00
 -0.1461274D+03 -0.1300048D+02  0.8359210D+01  0.0000000D+00
  0.2368069D+03  0.7188826D+02 -0.3254676D+02  0.0000000D+00
 -0.5479442D+03 -0.3850633D+03  0.1286620D+02  0.0000000D+00
  0.3892381D+02 -0.4914928D+02 -0.6591554D+02  0.0000000D+00
  0.2085890D+03  0.2717492D+03 -0.3970701D+02  0.0000000D+00
  0.3416916D+03  0.5185056D+03 -0.1971483D+02  0.0000000D+00
  0.4208757D+03  0.6665828D+03 -0.7675666D+01  0.0000000D+00
  0.2664911D+02 -0.1109532D+02  0.4069067D+00  0.0000000D+00
 -0.6694485D+02  0.5956840D+02  0.1029845D+01  0.0000000D+00
  0.2779262D+03 -0.8321646D+02 -0.8100986D+01  0.0000000D+00
 -0.5209517D+03  0.8714092D+02  0.1571532D+02  0.0000000D+00
 -0.1197730D+02 -0.2994793D+02 -0.1173444D+02  0.0000000D+00
 -0.5077799D+03  0.3785961D+02  0.1688375D+02  0.0000000D+00
  0.6404719D+03 -0.5923356D+02 -0.3340054D+02  0.0000000D+00
 -0.2667992D+03 -0.2476972D+03  0.1374508D+02  0.0000000D+00
  0.3481621D+02  0.2410077D+03  0.2201651D+02  0.0000000D+00
  0.2661126D+03  0.6156747D+03  0.2816567D+02  0.0000000D+00
  0.4050761D+03  0.8408040D+03  0.3191106D+02  0.0000000D+00
 -0.3762599D+02 -0.3385457D+01  0.7121521D+00  0.0000000D+00
  0.4146733D+02  0.2138523D+02 -0.1960652D+00  0.0000000D+00
 -0.2600683D+02 -0.5859748D+02  0.1095504D+01  0.0000000D+00
 -0.1833492D+03  0.7946752D+02 -0.9080412D+01  0.0000000D+00
  0.1846351D+02 -0.8079563D+02  0.7932862D+01  0.0000000D+00
  0.4652612D+02  0.2163403D+03  0.1842628D-01  0.0000000D+00
 -0.1610095D+03 -0.4267866D+03  0.7130928D+02  0.0000000D+00
  0.2758113D+03  0.5229434D+03 -0.2893493D+02  0.0000000D+00
  0.1728090D+03 -0.8721348D+03  0.1044881D+03  0.0000000D+00
  0.9562895D+02 -0.1949189D+04  0.2071397D+03  0.0000000D+00
  0.4878381D+02 -0.2594396D+04  0.2687257D+03  0.0000000D+00
 -0.7888855D+01  0.4817253D+01  0.7548317D+00  0.0000000D+00
 -0.1258150D+02 -0.2424654D+02 -0.6269585D+00  0.0000000D+00
 -0.8897830D+01  0.4093972D+02 -0.2859100D+00  0.0000000D+00
  0.1501002D+03 -0.1856865D+02  0.5522709D+01  0.0000000D+00
  0.3466522D+03 -0.9561781D+01 -0.3398174D+01  0.0000000D+00
 -0.3666048D+03  0.1464043D+02  0.2939253D+00  0.0000000D+00
  0.6649090D+03 -0.1136398D+03 -0.4216927D+02  0.0000000D+00
 -0.7837423D+02  0.5112059D+03  0.1808906D+00  0.0000000D+00
  0.4927670D+02 -0.5228630D+03 -0.1140773D+03  0.0000000D+00
  0.1460087D+03 -0.1318326D+04 -0.2019774D+03  0.0000000D+00
  0.2044298D+03 -0.1795596D+04 -0.2547149D+03  0.0000000D+00
 -0.2039620D+02 -0.3565969D-01  0.1579147D+00  0.0000000D+00
  0.1728039D+03 -0.1960017D+02 -0.1620887D+00  0.0000000D+00
 -0.3017162D+03  0.3412668D+02 -0.2271236D+01  0.0000000D+00
  0.1121938D+03 -0.5488558D+02  0.1925549D+01  0.0000000D+00
 -0.1104155D+03 -0.1350734D+02  0.2006969D+01  0.0000000D+00
  0.1339181D+03  0.1042403D+03 -0.1087252D+02  0.0000000D+00
  0.3997556D+02 -0.3833027D+03  0.1509111D+02  0.0000000D+00
 -0.1272046D+03  0.2369882D+03  0.4948226D+02  0.0000000D+00
  0.2310642D+03 -0.6695754D+03 -0.5259972D+02  0.0000000D+00
  0.5067765D+03 -0.1366133D+04 -0.1319553D+03  0.0000000D+00
  0.6721712D+03 -0.1784275D+04 -0.1793515D+03  0.0000000D+00
 -0.7951771D+03 -0.5798977D+03 -0.5702943D+01  0.0000000D+00
  0.2745477D+04  0.3581372D+04 -0.1017616D+03  0.0000000D+00
 -0.2624666D+04 -0.6681335D+04  0.2436161D+03  0.0000000D+00
 -0.7005243D+04  0.7317442D+04  0.1194853D+03  0.0000000D+00
  0.3985462D+04 -0.1273697D+04  0.7028250D+02  0.0000000D+00
 -0.1732233D+04  0.6398155D+03  0.7403512D+02  0.0000000D+00
  0.1493434D+04 -0.5264720D+03 -0.1345144D+03  0.0000000D+00
 -0.2543197D+03  0.5426895D+02  0.8210503D+02  0.0000000D+00
 -0.3971394D+03  0.6174518D+03 -0.1509170D+03  0.0000000D+00
 -0.5175148D+03  0.1057292D+04 -0.3300553D+03  0.0000000D+00
 -0.5869847D+03  0.1319462D+04 -0.4375666D+03  0.0000000D+00
 -0.6937622D+03 -0.5707274D+03 -0.3613962D+00  0.0000000D+00
  0.2773119D+04  0.3775884D+04 -0.1530360D+03  0.0000000D+00
 -0.3254484D+04 -0.7679431D+04  0.3610765D+03  0.0000000D+00
 -0.4286708D+04  0.1038081D+05 -0.1107736D+03  0.0000000D+00
  0.2800180D+04 -0.2024672D+04  0.1736494D+03  0.0000000D+00
 -0.1171905D+04  0.1040730D+04  0.1188896D+03  0.0000000D+00
  0.1765375D+04 -0.6266617D+03 -0.1843536D+03  0.0000000D+00
 -0.4301278D+03  0.3187673D+03  0.5738174D+02  0.0000000D+00
 -0.3119075D+03 -0.8265742D+03  0.6110931D+02  0.0000000D+00
 -0.2301588D+03 -0.1705541D+04  0.6454618D+02  0.0000000D+00
 -0.1787031D+03 -0.2233467D+04  0.6645973D+02  0.0000000D+00
 -0.3892051D+03 -0.3723141D+03  0.1022737D+02  0.0000000D+00
  0.2213053D+04  0.1851885D+04 -0.1708330D+03  0.0000000D+00
 -0.2087785D+04 -0.2578075D+04  0.3774939D+03  0.0000000D+00
 -0.7041451D+04  0.3913999D+04 -0.4532861D+02  0.0000000D+00
  0.2478620D+04 -0.1067466D+04 -0.7941324D+02  0.0000000D+00
 -0.1114500D+04  0.2406346D+03  0.1404985D+03  0.0000000D+00
  0.4892117D+03 -0.5403025D+02 -0.9585829D+02  0.0000000D+00
 -0.1861606D+03 -0.2483542D+03 -0.1346778D+02  0.0000000D+00
 -0.1191971D+01  0.6662044D+03 -0.6791964D+01  0.0000000D+00
  0.1373087D+03  0.1370845D+04 -0.2432967D+01  0.0000000D+00
  0.2214065D+03  0.1793330D+04  0.3850849D+00  0.0000000D+00
  0.4403026D+02  0.7875444D+01 -0.1665744D+01  0.0000000D+00
  0.3483802D+02 -0.5061395D+02  0.3474614D+01  0.0000000D+00
 -0.5824895D+02  0.9293814D+02 -0.1294337D+01  0.0000000D+00
 -0.1409427D+03 -0.4527937D+02 -0.1853525D+01  0.0000000D+00
 -0.4804126D+03 -0.1759697D+02 -0.6711347D+01  0.0000000D+00
  0.2635904D+02 -0.9394316D+01  0.3286920D+02  0.0000000D+00
  0.4464752D+03 -0.1348487D+03 -0.3912834D+02  0.0000000D+00
 -0.4947131D+03  0.1028368D+03  0.6508400D+02  0.0000000D+00
  0.1735539D+03  0.2216621D+03  0.7435542D+02  0.0000000D+00
  0.6851476D+03  0.3121350D+03  0.8147765D+02  0.0000000D+00
  0.9927439D+03  0.3666622D+03  0.8575355D+02  0.0000000D+00
  0.4189432D+02  0.1740266D+02 -0.1668293D+00  0.0000000D+00
 -0.8082334D+02 -0.7753572D+02  0.5504464D+01  0.0000000D+00
  0.2127638D+03  0.9559555D+02 -0.5492816D+01  0.0000000D+00
 -0.2646470D+02  0.3565245D+02  0.6350179D+01  0.0000000D+00
 -0.3462655D+03 -0.1291715D+03 -0.8685161D+01  0.0000000D+00
  0.3630734D+03  0.2393857D+03  0.5025864D+01  0.0000000D+00
 -0.9732681D+03 -0.7041248D+03 -0.5712356D+02  0.0000000D+00
  0.9066138D+01  0.1497961D+03 -0.3322017D+02  0.0000000D+00
  0.1384663D+03  0.5434934D+02  0.4106742D+02  0.0000000D+00
  0.2415267D+03 -0.2132209D+02  0.9828938D+02  0.0000000D+00
  0.3024463D+03 -0.6613617D+02  0.1326024D+03  0.0000000D+00
 -0.3167115D+02  0.3224165D+01 -0.1566914D-01  0.0000000D+00
 -0.5213305D+02 -0.3094682D+02 -0.2525523D+01  0.0000000D+00
  0.9894540D+02  0.8065016D+02  0.6337207D+01  0.0000000D+00
 -0.3662765D+03 -0.1285530D+03 -0.8211963D+01  0.0000000D+00
  0.4877858D+03  0.3199929D+02  0.1555966D+02  0.0000000D+00
 -0.1502679D+03 -0.2589235D+02 -0.3795511D+02  0.0000000D+00
  0.3203778D+03 -0.3157923D+02  0.9167650D+02  0.0000000D+00
 -0.1211387D+03  0.1930629D+02 -0.6372649D+02  0.0000000D+00
  0.1107412D+03  0.5017163D+02  0.1004749D+03  0.0000000D+00
  0.2883541D+03  0.7250365D+02  0.2268454D+03  0.0000000D+00
  0.3951185D+03  0.8627164D+02  0.3026514D+03  0.0000000D+00
 -0.3353484D+02 -0.1732906D+02 -0.1353191D+00  0.0000000D+00
  0.1597650D+03  0.8623491D+02  0.5456845D+01  0.0000000D+00
 -0.3248073D+03 -0.1506113D+03 -0.5048125D+01  0.0000000D+00
  0.5221652D+03  0.7186937D+02  0.1920718D+01  0.0000000D+00
  0.1298238D+03 -0.5181951D+02 -0.5479801D+01  0.0000000D+00
 -0.1064776D+02  0.5280719D+02  0.1091974D+02  0.0000000D+00
 -0.5937765D+02 -0.1664003D+03 -0.3724549D+02  0.0000000D+00
  0.9608163D+02  0.3210538D+03  0.3065089D+02  0.0000000D+00
  0.2795382D+03 -0.1355609D+04 -0.5698324D+02  0.0000000D+00
  0.4235513D+03 -0.2647318D+04 -0.1244458D+03  0.0000000D+00
  0.5092055D+03 -0.3421828D+04 -0.1649097D+03  0.0000000D+00
  0.7789393D+01  0.7476210D+01  0.3820096D+00  0.0000000D+00
 -0.3652107D+02 -0.4564718D+02 -0.2851180D+01  0.0000000D+00
  0.5724501D+02  0.9722688D+02  0.7627543D+01  0.0000000D+00
  0.2446148D+03 -0.6640520D+02 -0.9271548D+01  0.0000000D+00
  0.7218499D+02  0.4225698D+02  0.1379778D+02  0.0000000D+00
 -0.1399994D+03 -0.3920294D+02 -0.1869397D+02  0.0000000D+00
 -0.3472968D-03  0.1775681D+03  0.4951659D+02  0.0000000D+00
 -0.2317396D+02 -0.1404881D+03 -0.1404839D+02  0.0000000D+00
 -0.1281189D+03  0.1063437D+03 -0.2857824D+02  0.0000000D+00
 -0.2105215D+03  0.2988472D+03 -0.3947885D+02  0.0000000D+00
 -0.2595250D+03  0.4136608D+03 -0.4609156D+02  0.0000000D+00
  0.5782322D+02 -0.9258914D+01  0.1197032D+01  0.0000000D+00
 -0.2044409D+03  0.4454621D+02 -0.4697519D+00  0.0000000D+00
  0.3605071D+03 -0.7282628D+02  0.5484615D+00  0.0000000D+00
 -0.2740125D+03  0.3391471D+01 -0.2077393D+01  0.0000000D+00
  0.1094646D+03 -0.6101951D+02  0.8390732D+01  0.0000000D+00
 -0.1028687D+03  0.1581707D+03 -0.1148570D+02  0.0000000D+00
 -0.3668418D+03 -0.3920739D+03  0.3152843D+02  0.0000000D+00
  0.1192763D+03  0.9618406D+02 -0.4420646D+02  0.0000000D+00
 -0.2036098D+03  0.1172311D+03  0.3980874D+02  0.0000000D+00
 -0.4532305D+03  0.1327483D+03  0.1047366D+03  0.0000000D+00
 -0.6026760D+03  0.1422353D+03  0.1436145D+03  0.0000000D+00
