  2  2   693  9216  4  4  9 11  7  1    0.00   24.00  100.00  550.00    0.00    6.28   45.00   45.00
  100.0  100.0  100.0  100.0  125.0  150.0  190.0  230.0  275.0  350.0  450.0  600.0  600.0  600.0  600.0
  0.1958092D+03 -0.1209937D+02 -0.9889917D+00  0.0000000D+00
  0.2557660D+03  0.3164604D+02 -0.1136699D+00  0.0000000D+00
  0.5246917D+03  0.1600648D+02  0.5362264D+01  0.0000000D+00
  0.6760803D+03  0.1386161D+03 -0.5288902D+01  0.0000000D+00
  0.7808909D+03  0.9180487D+02 -0.6275529D+01  0.0000000D+00
  0.9733316D+03  0.3021017D+03  0.1485138D+02  0.0000000D+00
  0.9802657D+03  0.3457976D+03  0.9993225D+01  0.0000000D+00
  0.1015306D+04  0.3338240D+03  0.1471050D+02  0.0000000D+00
  0.1157858D+04  0.2228059D+03  0.6992655D+01  0.0000000D+00
  0.1267629D+04  0.1371632D+03  0.1045295D+01  0.0000000D+00
  0.1333461D+04  0.8584134D+02 -0.2520371D+01  0.0000000D+00
 -0.1468392D+02 -0.2206346D+01 -0.1849550D+01  0.0000000D+00
  0.4069320D+02 -0.2258158D+02  0.2140004D+01  0.0000000D+00
  0.4903020D+02  0.6308444D+02 -0.2606343D+01  0.0000000D+00
 -0.1505237D+03 -0.1214898D+03  0.5753007D+01  0.0000000D+00
 -0.1509987D+03 -0.1141430D+03 -0.1820363D+02  0.0000000D+00
 -0.3984107D+02 -0.1407175D+02  0.1101576D+02  0.0000000D+00
 -0.9413954D+02 -0.6525014D+02 -0.1089175D+01  0.0000000D+00
 -0.1031553D+03 -0.8705003D+02  0.4729748D+00  0.0000000D+00
 -0.1366269D+03 -0.3034724D+02  0.3438056D+01  0.0000000D+00
 -0.1624157D+03  0.1338520D+02  0.5721129D+01  0.0000000D+00
 -0.1778782D+03  0.3959464D+02  0.7090383D+01  0.0000000D+00
  0.6431776D+01  0.4728668D+01  0.4020670D+00  0.0000000D+00
  0.1681320D+02  0.8360506D+01  0.6807732D+01  0.0000000D+00
 -0.1776347D+02 -0.4298454D+02 -0.6454843D+01  0.0000000D+00
 -0.1971634D+02  0.6541219D+02  0.1055323D+02  0.0000000D+00
 -0.6498071D+02 -0.2927352D+02 -0.5814832D+01  0.0000000D+00
 -0.5267012D+02 -0.4006804D+02  0.5414514D+01  0.0000000D+00
 -0.6092610D+02 -0.1443618D+02  0.1445370D+01  0.0000000D+00
 -0.5401699D+02 -0.6305431D+02  0.6167719D+01  0.0000000D+00
 -0.3410257D+02 -0.3116336D+02  0.2906459D+01  0.0000000D+00
 -0.1884076D+02 -0.6556665D+01  0.3881795D+00  0.0000000D+00
 -0.9668797D+01  0.8187674D+01 -0.1120283D+01  0.0000000D+00
  0.1185042D+00 -0.2631871D-01 -0.1357289D-01  0.0000000D+00
  0.1967421D+01  0.3237014D+00  0.7207494D-01  0.0000000D+00
 -0.5887601D+01 -0.6745208D+00 -0.1496818D+00  0.0000000D+00
  0.7973632D+01 -0.9466372D+00  0.2128198D+00  0.0000000D+00
 -0.1540500D+02 -0.3395665D+01 -0.2718490D+00  0.0000000D+00
  0.9492553D+01  0.4658053D+00  0.4459406D+00  0.0000000D+00
 -0.1261408D+01  0.7544658D+01 -0.2300987D+01  0.0000000D+00
 -0.8605263D+01  0.2268741D+02 -0.4139477D+00  0.0000000D+00
 -0.3333321D+02  0.2799319D+02  0.1443858D+01  0.0000000D+00
 -0.5234411D+02  0.3205012D+02  0.2884510D+01  0.0000000D+00
 -0.6375342D+02  0.3449071D+02  0.3745882D+01  0.0000000D+00
 -0.2005370D+00 -0.1106809D+00  0.6432080D-03  0.0000000D+00
 -0.4442504D+01  0.6739451D+00 -0.4858723D-01  0.0000000D+00
  0.3324415D+01 -0.1230351D+01  0.3776168D-01  0.0000000D+00
  0.5829457D+01  0.1014810D+01 -0.5488198D-01  0.0000000D+00
 -0.4816525D+01 -0.1856714D+01  0.1976257D+00  0.0000000D+00
  0.1354160D+00  0.4751645D+01 -0.7057717D+00  0.0000000D+00
  0.1330503D+02  0.1372447D+02  0.1131862D+01  0.0000000D+00
  0.5904825D+01  0.1187203D+02  0.1634624D+01  0.0000000D+00
 -0.5451853D+01  0.1813022D+02  0.2386966D+01  0.0000000D+00
 -0.1420241D+02  0.2289376D+02  0.2958770D+01  0.0000000D+00
 -0.1944888D+02  0.2576507D+02  0.3303660D+01  0.0000000D+00
 -0.9647174D+00  0.5578446D-01 -0.6386646D-02  0.0000000D+00
  0.1298675D+01 -0.1673433D+00  0.4484391D-01  0.0000000D+00
  0.5809438D+01  0.2220104D+00 -0.1058013D+00  0.0000000D+00
 -0.9207460D+01  0.3350871D+00  0.1858377D+00  0.0000000D+00
  0.7401664D+01  0.2439619D+01 -0.2521953D+00  0.0000000D+00
 -0.5504646D+01 -0.1366311D+01  0.4663213D+00  0.0000000D+00
 -0.7958222D+00  0.9045726D+01 -0.1152799D+01  0.0000000D+00
  0.7217230D+01  0.1929607D+01  0.1207364D+01  0.0000000D+00
  0.9460775D+01  0.2294295D+01 -0.3146182D-01  0.0000000D+00
  0.1116220D+02  0.2584233D+01 -0.9868518D+00  0.0000000D+00
  0.1218945D+02  0.2755712D+01 -0.1559442D+01  0.0000000D+00
  0.8018049D-01 -0.3061774D-01 -0.1231223D-01  0.0000000D+00
  0.8908405D+01 -0.2275276D-01  0.2983521D-02  0.0000000D+00
 -0.9220817D+01  0.3078158D+00 -0.3261573D-01  0.0000000D+00
 -0.4586517D+01  0.1278943D+01  0.8742866D-02  0.0000000D+00
  0.3033172D+01  0.4306040D-02 -0.1283068D+00  0.0000000D+00
 -0.8719670D+00 -0.1177785D+01  0.4609860D+00  0.0000000D+00
  0.5479613D+01 -0.4754551D+01 -0.4047881D+00  0.0000000D+00
  0.5233303D+01  0.3703661D+01  0.5549192D+00  0.0000000D+00
  0.2820790D+01 -0.2473549D+01 -0.1611889D+01  0.0000000D+00
  0.9396549D+00 -0.7272024D+01 -0.3282353D+01  0.0000000D+00
 -0.1823690D+00 -0.1013887D+02 -0.4283668D+01  0.0000000D+00
  0.8415876D+00  0.6009069D-01  0.4359700D-02  0.0000000D+00
 -0.2624371D+01 -0.3704423D+00  0.2033310D-01  0.0000000D+00
 -0.2388421D+01  0.8497969D+00  0.7241589D-02  0.0000000D+00
  0.4677946D+01 -0.1182260D+01  0.3601621D-01  0.0000000D+00
  0.2970756D+01 -0.1524151D+01 -0.6540333D-01  0.0000000D+00
 -0.2394847D+01  0.1323527D+01  0.1743736D+00  0.0000000D+00
 -0.4680407D+00 -0.1349796D+01 -0.6531797D+00  0.0000000D+00
  0.2719709D+00 -0.4794124D+01  0.3164306D+00  0.0000000D+00
  0.5243968D+01 -0.3642256D+01  0.2368919D-02  0.0000000D+00
  0.9050562D+01 -0.2774530D+01 -0.2397362D+00  0.0000000D+00
  0.1133923D+02 -0.2249100D+01 -0.3848625D+00  0.0000000D+00
  0.7456134D-01 -0.7012131D-01 -0.7476063D-02  0.0000000D+00
 -0.2396343D+01  0.2411298D+00 -0.1210889D-02  0.0000000D+00
  0.3021573D+01 -0.5653108D+00  0.1839584D-01  0.0000000D+00
  0.1921132D+01  0.1841748D+00 -0.3641553D-01  0.0000000D+00
 -0.2427420D+01 -0.6152518D+00 -0.2447963D-01  0.0000000D+00
 -0.6472787D+00  0.2813116D+00  0.3879167D-01  0.0000000D+00
 -0.1344699D+00 -0.1208183D+01 -0.4566775D+00  0.0000000D+00
 -0.1667918D+00 -0.2218446D+01  0.5759218D+00  0.0000000D+00
  0.3193448D+01 -0.2567877D+01 -0.2039484D+00  0.0000000D+00
  0.5772466D+01 -0.2839999D+01 -0.8030246D+00  0.0000000D+00
  0.7321396D+01 -0.3002407D+01 -0.1162684D+01  0.0000000D+00
  0.1430219D+01 -0.6245790D+01 -0.1966035D+01  0.0000000D+00
 -0.4307572D+02 -0.2585306D+02 -0.2789233D+01  0.0000000D+00
 -0.1026689D+01  0.1523035D+02 -0.1715705D+01  0.0000000D+00
 -0.4764216D+02 -0.8605664D+02  0.2172254D+01  0.0000000D+00
 -0.2681804D+02  0.1117035D+02 -0.1494309D+02  0.0000000D+00
 -0.8213883D+02 -0.3837201D+02  0.5593824D+01  0.0000000D+00
 -0.5933606D+02 -0.3067458D+02  0.4312929D+00  0.0000000D+00
 -0.6857104D+02 -0.5166913D+02  0.9866308D+00  0.0000000D+00
 -0.4746349D+02 -0.3575541D+02 -0.8436660D+00  0.0000000D+00
 -0.3139664D+02 -0.2368686D+02 -0.2232098D+01  0.0000000D+00
 -0.2171211D+02 -0.1640059D+02 -0.3070265D+01  0.0000000D+00
  0.6757646D+01 -0.4142628D+01 -0.2822360D+01  0.0000000D+00
 -0.3309226D+02 -0.5125497D+02 -0.5908068D+00  0.0000000D+00
  0.1621899D+02  0.3584750D+02 -0.2274251D+00  0.0000000D+00
 -0.8967437D+01 -0.1047603D+03  0.1828538D+01  0.0000000D+00
 -0.2222578D+02 -0.4125112D+01 -0.1470611D+02  0.0000000D+00
 -0.3396567D+02 -0.2791867D+02  0.3290844D+01  0.0000000D+00
  0.1065162D+02 -0.1852270D+01 -0.5378273D-01  0.0000000D+00
 -0.6073770D+01  0.1264247D+02  0.1025669D+00  0.0000000D+00
  0.3237233D+02 -0.5057666D+02 -0.1911124D+01  0.0000000D+00
  0.6186351D+02 -0.9932492D+02 -0.3462084D+01  0.0000000D+00
  0.7957990D+02 -0.1285430D+03 -0.4392141D+01  0.0000000D+00
  0.1286380D+00  0.5455167D+01  0.1416882D+01  0.0000000D+00
 -0.1303487D+02 -0.1189731D+02 -0.1224466D+01  0.0000000D+00
  0.4281563D+01  0.1291614D+02 -0.1163959D+01  0.0000000D+00
  0.1498618D+02 -0.3508163D+02  0.5230753D+01  0.0000000D+00
 -0.2157008D+02  0.1392626D+02 -0.4535299D+01  0.0000000D+00
 -0.1150518D+02 -0.1919342D+02 -0.2286289D+01  0.0000000D+00
 -0.1074364D+02  0.9423732D+01  0.8765447D+00  0.0000000D+00
 -0.9199791D+01 -0.1172988D+02 -0.1091388D+01  0.0000000D+00
 -0.6253002D+00 -0.1727401D+02  0.1502291D+01  0.0000000D+00
  0.5932836D+01 -0.2152480D+02  0.3518779D+01  0.0000000D+00
  0.9877546D+01 -0.2407888D+02  0.4723097D+01  0.0000000D+00
  0.1079191D+00 -0.2404173D+00  0.5273618D-03  0.0000000D+00
 -0.1096722D+01  0.1602292D+01  0.7159439D-01  0.0000000D+00
  0.9105561D+00 -0.2980608D+01 -0.9959206D-01  0.0000000D+00
  0.5922884D+00  0.6135693D+01  0.1423278D+00  0.0000000D+00
 -0.1623153D+01 -0.4540753D+01 -0.9960558D-01  0.0000000D+00
 -0.1189372D+02  0.2118506D+01 -0.1789172D-01  0.0000000D+00
  0.1552029D+02  0.3047456D+01 -0.1337986D+01  0.0000000D+00
  0.9100106D+01  0.1575498D+02  0.9020059D+00  0.0000000D+00
  0.1328763D+02 -0.5427372D+01  0.6947902D+00  0.0000000D+00
  0.1652425D+02 -0.2169157D+02  0.5278185D+00  0.0000000D+00
  0.1846222D+02 -0.3145791D+02  0.4296183D+00  0.0000000D+00
 -0.9395504D-01  0.2639808D-01  0.4019290D-02  0.0000000D+00
  0.2193802D+01  0.1598881D+00  0.4955079D-02  0.0000000D+00
 -0.4119418D+01  0.5955596D-01 -0.2332669D-01  0.0000000D+00
 -0.3454397D+01  0.4755839D+00  0.5572062D-01  0.0000000D+00
  0.4923770D+01 -0.1363842D+00 -0.6286102D-01  0.0000000D+00
 -0.3825213D+01 -0.1019586D+01  0.2452062D-01  0.0000000D+00
  0.9715138D+01 -0.5877134D+01 -0.1040770D+01  0.0000000D+00
  0.3575289D+01  0.5528732D+01  0.1228227D+01  0.0000000D+00
  0.9141657D+01 -0.1299156D+01  0.3313977D+00  0.0000000D+00
  0.1341518D+02 -0.6577351D+01 -0.3575382D+00  0.0000000D+00
  0.1598147D+02 -0.9737473D+01 -0.7711407D+00  0.0000000D+00
  0.8525896D+00  0.1395529D+00  0.1196224D-02  0.0000000D+00
  0.5023050D-01 -0.5261299D+00  0.1286973D-01  0.0000000D+00
 -0.5309893D+00  0.1048297D+01 -0.1237471D-01  0.0000000D+00
 -0.2834077D-01 -0.1163182D+01  0.5392511D-01  0.0000000D+00
  0.1197224D+02  0.2299108D+01 -0.1353790D+00  0.0000000D+00
 -0.2522451D+01 -0.6080202D+00  0.5154091D+00  0.0000000D+00
 -0.2659166D+01  0.2161416D+01  0.4007537D-01  0.0000000D+00
 -0.2968647D+01 -0.7554604D+01  0.2302961D+00  0.0000000D+00
 -0.6108385D+01  0.3965447D+01 -0.1483619D+00  0.0000000D+00
 -0.8540798D+01  0.1279896D+02 -0.4361447D+00  0.0000000D+00
 -0.9995735D+01  0.1810638D+02 -0.6097266D+00  0.0000000D+00
 -0.2456917D+00  0.1156118D+00 -0.2099384D-01  0.0000000D+00
 -0.5927907D+01 -0.9161235D+00  0.8555310D-01  0.0000000D+00
  0.8118053D+01  0.1506851D+01 -0.7554746D-01  0.0000000D+00
 -0.6182646D+00 -0.3356412D+01  0.6198796D-01  0.0000000D+00
 -0.2789248D+01  0.2429209D+01 -0.2645995D+00  0.0000000D+00
 -0.7190524D+01 -0.1790351D+01  0.8087207D+00  0.0000000D+00
 -0.3752985D+01  0.2837292D+01 -0.6777401D+00  0.0000000D+00
  0.1952988D+01  0.4200659D+00  0.1015845D+01  0.0000000D+00
  0.2590200D+01  0.3872256D+00 -0.3678286D+00  0.0000000D+00
  0.3101876D+01  0.4218412D+00 -0.1431847D+01  0.0000000D+00
  0.3403271D+01  0.4269609D+00 -0.2070347D+01  0.0000000D+00
 -0.8571039D+00 -0.7694949D-01  0.9420737D-02  0.0000000D+00
 -0.9687126D+00  0.5025271D+00 -0.4428882D-01  0.0000000D+00
  0.3335111D+01 -0.9991125D+00  0.5712603D-01  0.0000000D+00
 -0.5407217D+01  0.1737218D+01 -0.5811428D-01  0.0000000D+00
  0.2716120D+01 -0.9936337D+00  0.1684856D+00  0.0000000D+00
  0.3557345D+01  0.1670386D+01 -0.3597642D+00  0.0000000D+00
 -0.2932346D+01 -0.2583933D+01  0.4925744D+00  0.0000000D+00
 -0.2417770D+01 -0.8971544D+00  0.1436011D+00  0.0000000D+00
 -0.4764000D+01  0.4970146D+01 -0.7254217D-01  0.0000000D+00
 -0.6594229D+01  0.9478525D+01 -0.2366400D+00  0.0000000D+00
 -0.7685723D+01  0.1218485D+02 -0.3356662D+00  0.0000000D+00
 -0.2241535D-01 -0.7182760D-01 -0.2912986D-02  0.0000000D+00
  0.2204501D+01  0.1657622D+00 -0.1302831D-01  0.0000000D+00
 -0.3983039D+01 -0.3576412D+00  0.3251341D-01  0.0000000D+00
  0.2458599D+01 -0.2549172D+00 -0.5389387D-01  0.0000000D+00
  0.7822687D+00 -0.1833324D-01  0.1675036D+00  0.0000000D+00
 -0.5278562D+01 -0.4015635D-01 -0.4256782D+00  0.0000000D+00
 -0.1935156D+01  0.4719761D+01  0.1110473D+00  0.0000000D+00
 -0.1888287D+01  0.1465041D-01 -0.2138867D+00  0.0000000D+00
 -0.3024353D+01  0.3159376D+01  0.1127987D+00  0.0000000D+00
 -0.3873673D+01  0.5604492D+01  0.3681706D+00  0.0000000D+00
 -0.4389690D+01  0.7064738D+01  0.5203287D+00  0.0000000D+00
  0.6236208D+01  0.2220043D+01  0.6974822D+00  0.0000000D+00
 -0.1256018D+02 -0.1239660D+02  0.3808518D+01  0.0000000D+00
  0.2386366D+02  0.1438800D+01 -0.7613408D+01  0.0000000D+00
 -0.3446050D+02 -0.2888957D+02  0.5746761D+01  0.0000000D+00
  0.3683794D+01 -0.1973285D+02 -0.7049745D+01  0.0000000D+00
  0.1728579D+02  0.1318469D+02  0.2279780D+01  0.0000000D+00
  0.2267314D+02  0.2972331D+02 -0.6932416D+00  0.0000000D+00
  0.1261920D+02  0.4403368D+02  0.3805643D+01  0.0000000D+00
  0.1789032D+02 -0.6114544D+01  0.2935136D+01  0.0000000D+00
  0.2191735D+02 -0.4488478D+02  0.2244567D+01  0.0000000D+00
  0.2434082D+02 -0.6809593D+02  0.1835702D+01  0.0000000D+00
  0.1441041D+01  0.1814649D+01  0.5769707D+00  0.0000000D+00
 -0.3868721D+01 -0.1657323D+02  0.3495502D+01  0.0000000D+00
  0.5479991D+01  0.2270884D+02 -0.7008568D+01  0.0000000D+00
 -0.1004846D+02 -0.5454747D+02  0.5253098D+01  0.0000000D+00
 -0.1355801D+02 -0.3128838D+02 -0.7956030D+01  0.0000000D+00
  0.9968462D+01  0.2751328D+02  0.3678255D+01  0.0000000D+00
  0.6109688D+01 -0.1021905D+02  0.9654437D+00  0.0000000D+00
  0.2864951D+01  0.4803018D+02  0.5391700D+01  0.0000000D+00
  0.1308797D+01 -0.1513997D+02  0.6769506D+01  0.0000000D+00
  0.4315111D-01 -0.6395112D+02  0.7818728D+01  0.0000000D+00
 -0.6982650D+00 -0.9318059D+02  0.8451048D+01  0.0000000D+00
  0.1528831D+01  0.1295532D+01 -0.1813702D+00  0.0000000D+00
  0.1280968D+02 -0.7263107D+00  0.6603505D+00  0.0000000D+00
 -0.1529974D+02  0.2909586D+01  0.1140766D+01  0.0000000D+00
  0.1137166D+02  0.2525936D+02 -0.1173656D+01  0.0000000D+00
 -0.1398381D+02 -0.1269693D+02  0.4253210D+01  0.0000000D+00
  0.8384586D+01  0.1186898D+02  0.1258719D+01  0.0000000D+00
 -0.2413786D-01 -0.2573335D+01  0.1057917D+00  0.0000000D+00
  0.1430317D+01  0.8927354D+01  0.3357352D+01  0.0000000D+00
  0.3565397D+01 -0.1710266D+02 -0.2551477D+01  0.0000000D+00
  0.5207350D+01 -0.3716113D+02 -0.7124519D+01  0.0000000D+00
  0.6192631D+01 -0.4918691D+02 -0.9861069D+01  0.0000000D+00
 -0.6606653D-01 -0.3466779D+00  0.8576856D-03  0.0000000D+00
  0.1392272D+00  0.2032778D+01  0.6192874D-02  0.0000000D+00
 -0.6280973D+00 -0.3441996D+01 -0.9952355D-02  0.0000000D+00
  0.1459842D+01  0.7860870D+01 -0.4642781D-01  0.0000000D+00
 -0.6779164D+01 -0.5819695D+01 -0.3054119D-01  0.0000000D+00
 -0.2025873D+01  0.4295734D+01  0.4216504D+00  0.0000000D+00
 -0.3298889D+01 -0.7992134D+01 -0.1071074D+01  0.0000000D+00
 -0.1171789D+01  0.7032205D+01  0.1203357D+01  0.0000000D+00
 -0.4190594D+01 -0.1212050D+02 -0.5386835D+00  0.0000000D+00
 -0.6470915D+01 -0.2678554D+02 -0.1873174D+01  0.0000000D+00
 -0.7850006D+01 -0.3560225D+02 -0.2675314D+01  0.0000000D+00
 -0.3634970D+00 -0.1151501D+00 -0.5739232D-02  0.0000000D+00
 -0.7148002D+00  0.6447628D+00  0.7165681D-02  0.0000000D+00
 -0.9514490D+00 -0.1183648D+01 -0.4955373D-01  0.0000000D+00
 -0.5347386D+00  0.2650454D+01  0.8828069D-01  0.0000000D+00
 -0.6078094D+01 -0.2716461D+01 -0.4067451D-01  0.0000000D+00
  0.9128964D+01  0.2780435D+01  0.1384673D+00  0.0000000D+00
  0.3001412D+01 -0.1977083D+01 -0.5617114D-01  0.0000000D+00
 -0.1202519D+01  0.1614873D+02  0.1530005D+01  0.0000000D+00
  0.8548892D+00 -0.1035378D+02  0.1649465D+01  0.0000000D+00
  0.2466397D+01 -0.3081174D+02  0.1733599D+01  0.0000000D+00
  0.3425758D+01 -0.4306782D+02  0.1786108D+01  0.0000000D+00
 -0.1110254D+00  0.3409016D+00 -0.1410290D-01  0.0000000D+00
  0.1603910D+01 -0.1752489D+01  0.9254603D-01  0.0000000D+00
 -0.2222375D+01  0.2837155D+01 -0.2290329D+00  0.0000000D+00
  0.3070936D+01 -0.4882452D+01  0.4593364D+00  0.0000000D+00
  0.4055385D+01  0.4107996D+01 -0.4544218D+00  0.0000000D+00
 -0.5515178D+00 -0.1170366D+01  0.3557079D+00  0.0000000D+00
 -0.1561376D+01 -0.5679851D+01 -0.1456059D+01  0.0000000D+00
 -0.2153143D+01 -0.4665609D+01  0.1274313D+01  0.0000000D+00
  0.4443192D+00 -0.1518416D+01 -0.8937530D+00  0.0000000D+00
  0.2426257D+01  0.8865235D+00 -0.2565508D+01  0.0000000D+00
  0.3619648D+01  0.2333666D+01 -0.3567506D+01  0.0000000D+00
  0.8130143D+00  0.1434900D+00  0.9551134D-02  0.0000000D+00
  0.2560877D+00 -0.8827260D+00 -0.1852416D-01  0.0000000D+00
  0.3352480D+01  0.1382950D+01  0.8551696D-02  0.0000000D+00
 -0.6669194D+00 -0.4011074D+01  0.4430468D-01  0.0000000D+00
  0.1407923D+01  0.2933882D+01 -0.6271059D-01  0.0000000D+00
 -0.4443602D+00 -0.2297001D+01 -0.5107137D-01  0.0000000D+00
 -0.3075246D+01 -0.1727306D+01 -0.2056592D+00  0.0000000D+00
  0.1603288D+00 -0.4764928D+01  0.4917399D-01  0.0000000D+00
 -0.1229623D+01 -0.4798887D+00  0.3071094D+00  0.0000000D+00
 -0.2292104D+01  0.2842778D+01  0.5074163D+00  0.0000000D+00
 -0.2931334D+01  0.4829445D+01  0.6271069D+00  0.0000000D+00
  0.4441927D+00 -0.2565676D+00  0.5521808D-02  0.0000000D+00
 -0.2597150D+01  0.1337659D+01 -0.2041064D-01  0.0000000D+00
  0.4007906D+01 -0.2486949D+01  0.7368100D-01  0.0000000D+00
 -0.7589517D+01  0.3439328D+01 -0.8656077D-01  0.0000000D+00
  0.7018046D+01 -0.1585775D+01  0.4659812D-01  0.0000000D+00
 -0.1582802D+01  0.5026205D+00  0.1372400D+00  0.0000000D+00
  0.2113775D+01  0.1354698D+01 -0.3263961D+00  0.0000000D+00
 -0.1340381D+01  0.2020864D+01 -0.1465662D+00  0.0000000D+00
  0.8763118D+00  0.5435847D+01  0.5272941D+00  0.0000000D+00
  0.2563117D+01  0.8021757D+01  0.1050138D+01  0.0000000D+00
  0.3579998D+01  0.9584019D+01  0.1362669D+01  0.0000000D+00
 -0.1397061D-01  0.1150749D-01  0.5126354D-03  0.0000000D+00
 -0.4247287D+00 -0.1447089D+00 -0.5392905D-02  0.0000000D+00
 -0.1799775D+00  0.1872334D+00  0.8787079D-02  0.0000000D+00
 -0.7994850D+00  0.1452402D+00 -0.5237885D-01  0.0000000D+00
  0.4350709D+01 -0.5980118D+00 -0.8540100D-01  0.0000000D+00
  0.1370484D+01 -0.1377332D+00  0.3247324D+00  0.0000000D+00
 -0.2619631D+01  0.1446993D+00 -0.8270642D+00  0.0000000D+00
  0.1647586D+01 -0.8558397D+00  0.3452006D+00  0.0000000D+00
 -0.1665943D+00  0.3656891D+01 -0.5303284D+00  0.0000000D+00
 -0.1559238D+01  0.7151065D+01 -0.1200238D+01  0.0000000D+00
 -0.2395575D+01  0.9241597D+01 -0.1603117D+01  0.0000000D+00
  0.1974120D+00  0.3025590D+00 -0.6727192D+00  0.0000000D+00
 -0.9501441D-01  0.6177683D+01  0.6455433D+00  0.0000000D+00
 -0.1965402D+02 -0.2225082D+02 -0.2194426D+01  0.0000000D+00
  0.1681057D+02  0.3515360D+02  0.2803837D+01  0.0000000D+00
 -0.2045334D+02 -0.1535176D+02 -0.5238666D+01  0.0000000D+00
 -0.5851762D+01  0.7893998D+01  0.1632421D+01  0.0000000D+00
 -0.1076610D+02 -0.1136945D+02 -0.2520007D+00  0.0000000D+00
  0.1368620D+01  0.9800102D+01 -0.4187875D-01  0.0000000D+00
  0.4901380D+01  0.1742008D+01  0.8852639D+00  0.0000000D+00
  0.7649133D+01 -0.4429080D+01  0.1606315D+01  0.0000000D+00
  0.9289824D+01 -0.8138947D+01  0.2036886D+01  0.0000000D+00
 -0.1880371D+01  0.2382022D+01 -0.9464580D+00  0.0000000D+00
 -0.4901532D+01 -0.6487175D+01  0.1340774D+01  0.0000000D+00
 -0.8416291D+01 -0.6638097D+01 -0.1596475D+01  0.0000000D+00
 -0.6489169D+01  0.2922819D+02  0.4271875D+01  0.0000000D+00
 -0.1311983D+00 -0.5972748D+01 -0.6599450D+01  0.0000000D+00
 -0.4258241D+01  0.1025858D+02  0.1152838D+01  0.0000000D+00
 -0.1135610D+01 -0.1256692D+02 -0.4341714D+00  0.0000000D+00
  0.2406886D-01  0.8570544D+01  0.4835117D-02  0.0000000D+00
 -0.2113031D+01  0.3437006D+01 -0.6749661D+00  0.0000000D+00
 -0.3699416D+01 -0.4298686D+00 -0.1191212D+01  0.0000000D+00
 -0.4666334D+01 -0.2771464D+01 -0.1502706D+01  0.0000000D+00
  0.1164581D+01  0.6402590D+00  0.5413633D+00  0.0000000D+00
 -0.1630883D+01 -0.2412966D+01  0.7368854D-01  0.0000000D+00
 -0.4573018D+01  0.2682044D+01 -0.4364359D+00  0.0000000D+00
  0.7140695D+01 -0.4609614D+01  0.2003769D+01  0.0000000D+00
  0.5997110D+01  0.7876541D+00 -0.2167601D+00  0.0000000D+00
 -0.6328799D+01  0.5819434D+00  0.3900686D+00  0.0000000D+00
  0.5363445D+01 -0.6775571D+01 -0.1067143D+01  0.0000000D+00
  0.3091440D+01  0.4932482D+01  0.6660872D+00  0.0000000D+00
  0.5112818D-01 -0.2720708D+01 -0.7175408D+00  0.0000000D+00
 -0.2291457D+01 -0.8653934D+01 -0.1786195D+01  0.0000000D+00
 -0.3695999D+01 -0.1220182D+02 -0.2426254D+01  0.0000000D+00
 -0.3399568D+00  0.2125932D+00  0.1196692D-01  0.0000000D+00
 -0.2122998D+01 -0.1184703D+01 -0.2460314D-01  0.0000000D+00
  0.3201686D+01  0.2330331D+01  0.4275271D-01  0.0000000D+00
 -0.5068711D+01 -0.3582099D+01 -0.9641579D-01  0.0000000D+00
  0.6639296D+01  0.3527971D+01  0.1502670D+00  0.0000000D+00
 -0.3341095D+01 -0.3998583D+00 -0.2437426D+00  0.0000000D+00
 -0.2320314D+01 -0.6524485D+00  0.1604487D+00  0.0000000D+00
  0.1275976D+01 -0.5112969D+01  0.1038953D+00  0.0000000D+00
 -0.4009099D+01  0.9338692D+00 -0.3947709D+00  0.0000000D+00
 -0.8034382D+01  0.5607542D+01 -0.7818910D+00  0.0000000D+00
 -0.1046007D+02  0.8405927D+01 -0.1013241D+01  0.0000000D+00
 -0.8518020D+00  0.8580534D-01  0.2547996D-02  0.0000000D+00
  0.2773461D+01 -0.5223467D+00 -0.2776272D-01  0.0000000D+00
 -0.1638752D+01  0.1010975D+01  0.4197430D-01  0.0000000D+00
 -0.2413755D+01 -0.1239999D+01 -0.8734136D-01  0.0000000D+00
  0.1318411D+01  0.1599955D+00  0.3860790D-01  0.0000000D+00
 -0.7101096D+01 -0.4518627D+00  0.6062480D-01  0.0000000D+00
 -0.1344243D+01 -0.5565272D+00 -0.3589729D+00  0.0000000D+00
 -0.2528901D+00  0.7564229D+00  0.3612458D+00  0.0000000D+00
 -0.1431417D+01  0.3130611D+01 -0.2666260D+00  0.0000000D+00
 -0.2331068D+01  0.4951768D+01 -0.7482835D+00  0.0000000D+00
 -0.2872685D+01  0.6045802D+01 -0.1037624D+01  0.0000000D+00
  0.7861914D+00 -0.8312358D-01  0.2094115D-02  0.0000000D+00
 -0.4726529D+00  0.4640614D+00  0.1615780D-01  0.0000000D+00
 -0.1109425D+01 -0.8197347D+00 -0.2377702D-02  0.0000000D+00
  0.5722477D+00  0.1413934D+01 -0.3458712D-01  0.0000000D+00
  0.2844969D+01 -0.2255412D+01 -0.1495841D-01  0.0000000D+00
  0.1147425D+01 -0.9025737D+00  0.2288127D+00  0.0000000D+00
 -0.7594022D+00  0.3886305D+01  0.2908835D+00  0.0000000D+00
  0.1314115D+01 -0.3263768D+01 -0.1046829D+00  0.0000000D+00
  0.5969294D+00 -0.3820000D-01  0.6608725D+00  0.0000000D+00
  0.6860411D-01  0.2448739D+01  0.1247387D+01  0.0000000D+00
 -0.2545083D+00  0.3939400D+01  0.1599915D+01  0.0000000D+00
  0.1414094D+01 -0.6189185D-01 -0.1202847D-01  0.0000000D+00
 -0.5318235D+01  0.2958518D+00  0.1901226D-01  0.0000000D+00
  0.5189414D+01 -0.5527498D+00 -0.4328979D-01  0.0000000D+00
 -0.4706093D+00  0.8295261D+00  0.4815154D-01  0.0000000D+00
  0.4339609D+01  0.2767089D+00 -0.3502925D-01  0.0000000D+00
 -0.4013083D+01 -0.2684840D+01  0.5561877D-01  0.0000000D+00
  0.1412438D+01  0.5872885D+01  0.3798202D+00  0.0000000D+00
  0.5679960D+00 -0.6962510D+01 -0.5125395D-01  0.0000000D+00
 -0.2535472D+00  0.7508776D+00  0.5957286D+00  0.0000000D+00
 -0.8651784D+00  0.6723554D+01  0.1092678D+01  0.0000000D+00
 -0.1237474D+01  0.1029689D+02  0.1391038D+01  0.0000000D+00
 -0.4084364D+00  0.4715211D-01  0.4111792D-02  0.0000000D+00
  0.1389490D+01 -0.4303381D+00  0.6866352D-02  0.0000000D+00
  0.8694219D+00  0.9057646D+00 -0.4075740D-02  0.0000000D+00
  0.3705166D+00 -0.2034767D+01 -0.6182020D-02  0.0000000D+00
 -0.5232981D+01  0.1115705D+01  0.8381463D-01  0.0000000D+00
  0.1969074D+01 -0.1035724D+01 -0.2110649D+00  0.0000000D+00
  0.9730770D+00  0.1508312D+01 -0.7646079D-01  0.0000000D+00
  0.1626294D+01  0.2962834D+01 -0.1017580D+00  0.0000000D+00
  0.1710988D+01  0.8844909D+00  0.3215525D+00  0.0000000D+00
  0.1793714D+01 -0.6878235D+00  0.6490976D+00  0.0000000D+00
  0.1838745D+01 -0.1638110D+01  0.8451222D+00  0.0000000D+00
  0.1076992D+00 -0.1385362D-01 -0.5469833D-02  0.0000000D+00
  0.2859956D-01  0.1416652D+00  0.1392656D-01  0.0000000D+00
 -0.8774491D+00 -0.3475065D+00  0.8517520D-03  0.0000000D+00
  0.8828519D-01 -0.8264933D-01  0.3568811D-01  0.0000000D+00
  0.1031587D+01  0.2832504D+00  0.8849967D-01  0.0000000D+00
 -0.4032930D+00  0.8888457D+00 -0.1753684D+00  0.0000000D+00
 -0.5789107D+00  0.5766496D+00  0.3449727D+00  0.0000000D+00
 -0.1349939D+01 -0.2541736D+01  0.1779475D+00  0.0000000D+00
 -0.1772443D+00  0.1803915D+01 -0.1185584D+00  0.0000000D+00
  0.6992335D+00  0.5163525D+01 -0.3486568D+00  0.0000000D+00
  0.1231803D+01  0.7174894D+01 -0.4861889D+00  0.0000000D+00
  0.2656874D+01 -0.4593017D+01  0.5027755D+00  0.0000000D+00
 -0.2069029D+02  0.7934969D+01 -0.6978478D+00  0.0000000D+00
  0.4266353D+00 -0.2308331D+02  0.1692826D+01  0.0000000D+00
 -0.8719514D+01  0.3984492D+02 -0.2232710D+01  0.0000000D+00
  0.1532339D+02 -0.6365741D+01  0.2158116D+01  0.0000000D+00
 -0.4617397D+01 -0.1235443D+01 -0.2619167D+01  0.0000000D+00
 -0.3837787D+01  0.4343339D+01  0.4219222D+00  0.0000000D+00
 -0.6421044D+01 -0.6015813D+01 -0.6383009D+00  0.0000000D+00
 -0.3267630D+01 -0.2692170D+01  0.3346092D+00  0.0000000D+00
 -0.8859861D+00 -0.1920801D+00  0.1074440D+01  0.0000000D+00
  0.5544851D+00  0.1322696D+01  0.1520585D+01  0.0000000D+00
  0.5817706D+01 -0.6235880D+01  0.4793992D+00  0.0000000D+00
 -0.1295155D+02  0.2007611D+02 -0.2871879D+00  0.0000000D+00
 -0.3213915D+01 -0.3963807D+02 -0.9225549D+00  0.0000000D+00
 -0.3536784D+01  0.6267736D+02 -0.4429688D+00  0.0000000D+00
  0.1429976D+02 -0.1917842D+02 -0.1338313D+01  0.0000000D+00
  0.2758035D+01  0.8876705D+01 -0.6965211D+00  0.0000000D+00
 -0.2543301D+00 -0.4084217D+01  0.1449976D+01  0.0000000D+00
 -0.3278424D+01 -0.8417660D+01  0.1337926D+01  0.0000000D+00
 -0.1266298D+01 -0.2103732D+01  0.1346643D+01  0.0000000D+00
  0.2500094D+00  0.2665924D+01  0.1344608D+01  0.0000000D+00
  0.1168014D+01  0.5550480D+01  0.1345686D+01  0.0000000D+00
  0.6689178D+00  0.1700650D+01 -0.8346668D+00  0.0000000D+00
 -0.8517554D+01 -0.3770698D+01  0.2715510D+01  0.0000000D+00
  0.5402318D+01  0.1640522D+01 -0.2208063D+01  0.0000000D+00
 -0.1558315D+01 -0.3341182D+02  0.2094882D+01  0.0000000D+00
 -0.1886346D+01  0.3044553D+01 -0.9216832D+00  0.0000000D+00
 -0.1918473D+01 -0.1821545D+01 -0.1277975D+00  0.0000000D+00
 -0.1952217D+01  0.2446609D+01 -0.1651776D+00  0.0000000D+00
 -0.1634558D+01 -0.1449669D+02 -0.2534103D+00  0.0000000D+00
 -0.3245582D+01  0.2143887D+01 -0.3147189D+00  0.0000000D+00
 -0.4512913D+01  0.1494574D+02 -0.3680560D+00  0.0000000D+00
 -0.5265973D+01  0.2262649D+02 -0.3984394D+00  0.0000000D+00
  0.8545703D-01  0.2454704D+00 -0.7522219D-02  0.0000000D+00
 -0.1052681D+00 -0.1197238D+01  0.1177360D-02  0.0000000D+00
  0.4026816D-01  0.2353398D+01  0.3121381D-01  0.0000000D+00
  0.1349132D+01 -0.4871838D+01 -0.7894674D-01  0.0000000D+00
  0.2766710D+01  0.3795538D+01  0.4039323D-01  0.0000000D+00
  0.2910074D+01 -0.3020668D+00 -0.1140315D+00  0.0000000D+00
 -0.1597569D+01 -0.2645346D+01 -0.4163790D+00  0.0000000D+00
 -0.1529995D+01  0.3220597D+01  0.3094385D+00  0.0000000D+00
  0.2392244D+01 -0.7499015D+01  0.1601306D+00  0.0000000D+00
  0.5434076D+01 -0.1572929D+02  0.4130927D-01  0.0000000D+00
  0.7252695D+01 -0.2067153D+02 -0.2894620D-01  0.0000000D+00
 -0.4310170D-01  0.9213089D-01  0.9864614D-03  0.0000000D+00
 -0.1457613D+01 -0.3931363D+00 -0.1713563D-01  0.0000000D+00
 -0.9197914D-02  0.6216172D+00  0.5684254D-02  0.0000000D+00
 -0.1817065D+00 -0.1723307D+01 -0.3415294D-01  0.0000000D+00
  0.6747675D+00  0.1536710D+01 -0.8343230D-01  0.0000000D+00
 -0.1684686D+01 -0.1174758D+01 -0.5957184D-03  0.0000000D+00
  0.3639380D+00  0.2876206D+01 -0.4891350D+00  0.0000000D+00
 -0.9056670D+00 -0.8804609D+01  0.9139427D+00  0.0000000D+00
  0.5576396D+00 -0.4978602D+01 -0.2620794D+00  0.0000000D+00
  0.1685749D+01 -0.2019929D+01 -0.1171279D+01  0.0000000D+00
  0.2361960D+01 -0.2488108D+00 -0.1715604D+01  0.0000000D+00
 -0.4589044D+00 -0.4815924D-01  0.5656225D-03  0.0000000D+00
  0.1655644D+01  0.3912725D+00 -0.1164690D-01  0.0000000D+00
 -0.1819894D+01 -0.1100117D+01  0.1900303D-01  0.0000000D+00
  0.4520783D+00  0.1167168D+01  0.4507035D-01  0.0000000D+00
 -0.4484743D+01 -0.1001789D+01 -0.5690677D-01  0.0000000D+00
  0.5445165D+01 -0.3279631D+00  0.1080451D+00  0.0000000D+00
 -0.1274825D+01 -0.1350045D+01  0.3258940D+00  0.0000000D+00
 -0.1069003D+00  0.2359851D+01 -0.7448902D-01  0.0000000D+00
 -0.2097414D+00 -0.4787437D+01 -0.4152201D-01  0.0000000D+00
 -0.2849677D+00 -0.1029517D+02 -0.1467369D-01  0.0000000D+00
 -0.3311290D+00 -0.1359724D+02  0.1045824D-02  0.0000000D+00
 -0.3871284D-01 -0.2183166D+00  0.6139907D-02  0.0000000D+00
  0.8375350D+00  0.9669285D+00  0.2015801D-01  0.0000000D+00
  0.8084697D+00 -0.1776806D+01 -0.1691831D-01  0.0000000D+00
  0.1303973D+01  0.4167655D+01  0.1177780D+00  0.0000000D+00
  0.3119551D+00 -0.2861774D+01 -0.1287149D+00  0.0000000D+00
  0.6170599D+00  0.1600532D+01  0.3117185D+00  0.0000000D+00
 -0.1416493D+01 -0.2223693D+01 -0.4166364D+00  0.0000000D+00
 -0.1840418D+00 -0.4818785D+01 -0.2655771D+00  0.0000000D+00
  0.1615691D+01 -0.3701576D+01  0.4542406D+00  0.0000000D+00
  0.3019102D+01 -0.2865775D+01  0.1007676D+01  0.0000000D+00
  0.3856169D+01 -0.2358121D+01  0.1339808D+01  0.0000000D+00
  0.4091621D+00  0.3280138D-01 -0.9645795D-03  0.0000000D+00
 -0.1097844D+01 -0.3670397D+00 -0.1466972D-01  0.0000000D+00
  0.2696069D+00  0.8982032D+00  0.4558457D-01  0.0000000D+00
  0.5888640D+00 -0.1840444D+01 -0.1071674D+00  0.0000000D+00
 -0.2408728D+01 -0.6397233D+00  0.1279500D+00  0.0000000D+00
  0.1439083D+01 -0.6501810D+00 -0.2414886D+00  0.0000000D+00
 -0.1785138D+01  0.5123153D-01  0.2695406D+00  0.0000000D+00
  0.2906748D-01 -0.5238357D-01  0.8521301D-01  0.0000000D+00
 -0.1039767D+01 -0.2412668D+01  0.3648704D+00  0.0000000D+00
 -0.1862544D+01 -0.4237572D+01  0.5824316D+00  0.0000000D+00
 -0.2356059D+01 -0.5330077D+01  0.7123299D+00  0.0000000D+00
 -0.2447915D+00  0.1595850D-01 -0.2841120D-02  0.0000000D+00
  0.4107895D+00 -0.1583858D-01  0.2842449D-02  0.0000000D+00
  0.1803028D+00 -0.1208855D-01 -0.7612560D-02  0.0000000D+00
 -0.2188804D+01  0.7716886D+00 -0.7713725D-02  0.0000000D+00
  0.3554975D+01  0.4052158D+00  0.5031851D-01  0.0000000D+00
 -0.1341139D+01  0.2126027D+00 -0.1539448D+00  0.0000000D+00
  0.2774393D-01  0.2400778D+01  0.6557310D-02  0.0000000D+00
 -0.1188645D+00  0.2087469D+01  0.1326239D+00  0.0000000D+00
 -0.1431202D+00  0.4978412D+00  0.9479390D-01  0.0000000D+00
 -0.1633973D+00 -0.6944840D+00  0.6865173D-01  0.0000000D+00
 -0.1751384D+00 -0.1417840D+01  0.5219321D-01  0.0000000D+00
  0.6498130D+00 -0.6162719D+00 -0.6615319D-01  0.0000000D+00
  0.2502293D+01 -0.6652143D+00 -0.8332311D-01  0.0000000D+00
 -0.5470238D+01 -0.2679140D+01  0.6884349D+00  0.0000000D+00
  0.5212952D+01  0.3950423D+01 -0.2270694D+00  0.0000000D+00
  0.5321419D+01 -0.1138722D+02 -0.3954674D+01  0.0000000D+00
 -0.1320633D+00  0.1098851D+01  0.2110993D+01  0.0000000D+00
 -0.2575008D+01 -0.2283638D+01 -0.1459617D+00  0.0000000D+00
  0.1556665D+01  0.1278877D+01 -0.3459255D+00  0.0000000D+00
  0.8675676D+00  0.8774589D+00 -0.4355529D+00  0.0000000D+00
  0.3334275D+00  0.6077062D+00 -0.5001576D+00  0.0000000D+00
  0.1397505D-01  0.4356328D+00 -0.5400579D+00  0.0000000D+00
  0.1177489D+01 -0.3296272D+01 -0.1175960D+00  0.0000000D+00
 -0.5130153D+00  0.1245776D+01  0.1026587D+00  0.0000000D+00
 -0.3385844D+01 -0.1142369D+02  0.1512484D+01  0.0000000D+00
 -0.1412080D+01  0.2247449D+02 -0.1096921D+01  0.0000000D+00
  0.9543283D+01 -0.1867604D+02 -0.5194788D+01  0.0000000D+00
 -0.4788089D+01  0.4836760D+01  0.2274825D+01  0.0000000D+00
 -0.3454256D+01 -0.5581876D+01 -0.2499190D+00  0.0000000D+00
 -0.1671783D+01  0.1705400D+01 -0.1026693D+00  0.0000000D+00
 -0.2820354D+01 -0.4296094D+01  0.2618232D+00  0.0000000D+00
 -0.3677441D+01 -0.8900344D+01  0.5510610D+00  0.0000000D+00
 -0.4198642D+01 -0.1166615D+02  0.7222829D+00  0.0000000D+00
 -0.3265982D+00  0.1565190D+00  0.1720006D-01  0.0000000D+00
  0.1229947D+01  0.2465443D+01 -0.2049078D+00  0.0000000D+00
 -0.4216098D+01 -0.8663443D+01 -0.9374664D+00  0.0000000D+00
  0.1180929D+01  0.1466518D+02  0.1014748D+01  0.0000000D+00
  0.1383849D+01 -0.1647216D+00  0.7520874D-01  0.0000000D+00
 -0.2129763D+01 -0.9507343D+00  0.3447809D+00  0.0000000D+00
 -0.2197613D+01 -0.2381492D+01  0.3492385D+00  0.0000000D+00
 -0.8944054D+00 -0.5582153D+00 -0.4154462D+00  0.0000000D+00
  0.7964835D+00  0.1252424D+01 -0.4570516D+00  0.0000000D+00
  0.2095263D+01  0.2645773D+01 -0.4886847D+00  0.0000000D+00
  0.2875018D+01  0.3481627D+01 -0.5077575D+00  0.0000000D+00
  0.1408868D+00  0.3466395D-01 -0.3384724D-02  0.0000000D+00
 -0.1624596D+00  0.8848866D-01 -0.3907041D-02  0.0000000D+00
 -0.5179518D+00 -0.1416922D+00 -0.4208560D-02  0.0000000D+00
  0.3202380D+00 -0.6371496D+00 -0.2420331D-01  0.0000000D+00
  0.1780809D+01  0.5524151D+00  0.9605305D-02  0.0000000D+00
 -0.3105508D+01 -0.8417785D+00  0.2273080D+00  0.0000000D+00
  0.2654869D+01  0.2692041D+00 -0.1779724D+00  0.0000000D+00
  0.8877939D+00  0.1723213D+01  0.2317877D+00  0.0000000D+00
  0.2904241D+01 -0.5097782D+01 -0.4343264D-01  0.0000000D+00
  0.4451752D+01 -0.1039518D+02 -0.2579949D+00  0.0000000D+00
  0.5381196D+01 -0.1356043D+02 -0.3859873D+00  0.0000000D+00
  0.2586295D+00 -0.4367523D-02  0.2476347D-02  0.0000000D+00
 -0.8843055D+00  0.4158407D-01  0.2083308D-02  0.0000000D+00
  0.1138672D+01  0.4612029D-01  0.5268579D-02  0.0000000D+00
 -0.1871621D+01  0.4376847D+00 -0.4406283D-01  0.0000000D+00
  0.4312925D+01 -0.3470289D+00  0.1333239D-01  0.0000000D+00
 -0.1391064D+01  0.5818140D+00  0.7006520D-01  0.0000000D+00
  0.5870808D+00 -0.4852290D+00  0.1768197D+00  0.0000000D+00
  0.2458755D+01  0.1155508D+01  0.1083162D+00  0.0000000D+00
  0.1043952D+01 -0.4350870D+01  0.9434138D-01  0.0000000D+00
 -0.1103312D-01 -0.8570057D+01  0.8475466D-01  0.0000000D+00
 -0.6527515D+00 -0.1110588D+02  0.7869793D-01  0.0000000D+00
 -0.1498012D+00  0.1455169D-01 -0.5248323D-02  0.0000000D+00
 -0.2740210D-01 -0.5481817D-01  0.1250395D-01  0.0000000D+00
 -0.2091311D+00 -0.4189244D-01 -0.1709116D-01  0.0000000D+00
  0.8512564D+00 -0.2545329D+00  0.8679212D-01  0.0000000D+00
 -0.4786516D+01 -0.3464130D-01 -0.6862675D-01  0.0000000D+00
 -0.1255453D+01 -0.4374274D+00 -0.9741349D-01  0.0000000D+00
  0.6834222D+00  0.1575474D+01  0.3200060D-01  0.0000000D+00
  0.1249254D+01  0.1426238D+01 -0.4517343D-01  0.0000000D+00
  0.1929331D+01 -0.7401583D+00 -0.1021283D+00  0.0000000D+00
  0.2453804D+01 -0.2405655D+01 -0.1469887D+00  0.0000000D+00
  0.2768138D+01 -0.3405204D+01 -0.1736294D+00  0.0000000D+00
 -0.4583821D+00 -0.1290564D+00 -0.6398713D-02  0.0000000D+00
  0.3330891D+00  0.4645605D+00 -0.2134113D-01  0.0000000D+00
 -0.3324180D+00 -0.9188602D+00 -0.1829302D-01  0.0000000D+00
 -0.6242446D+00  0.2029248D+01  0.5769608D-01  0.0000000D+00
  0.3587339D-01  0.2660701D-01 -0.5245106D-01  0.0000000D+00
 -0.1116072D+01  0.5472195D+00 -0.1372953D+00  0.0000000D+00
 -0.4540511D-02 -0.6227226D+00  0.3493641D-01  0.0000000D+00
  0.1434155D+00  0.4038622D+00  0.1746763D+00  0.0000000D+00
  0.1954605D+00 -0.3741238D+01  0.4313872D+00  0.0000000D+00
  0.2137504D+00 -0.6961155D+01  0.6257525D+00  0.0000000D+00
  0.2304143D+00 -0.8884902D+01  0.7431842D+00  0.0000000D+00
  0.1426985D+00 -0.3220484D-01  0.9415953D-02  0.0000000D+00
  0.3756701D+00 -0.1634187D-02 -0.3967308D-02  0.0000000D+00
  0.3088326D+00  0.6768950D-01  0.1061105D-01  0.0000000D+00
 -0.2765843D+00  0.1762164D+00 -0.7539214D-01  0.0000000D+00
  0.3287782D+00  0.8473071D+00  0.5971926D-01  0.0000000D+00
 -0.1412467D+00 -0.1430448D+01  0.1058903D-01  0.0000000D+00
 -0.4946685D+00 -0.3378145D+00 -0.1160449D+00  0.0000000D+00
 -0.6241141D+00 -0.2150617D+01 -0.2377961D+00  0.0000000D+00
 -0.7260332D+00  0.1296966D+01 -0.1633863D+00  0.0000000D+00
 -0.7971072D+00  0.3963041D+01 -0.1044315D+00  0.0000000D+00
 -0.8416688D+00  0.5559003D+01 -0.6950760D-01  0.0000000D+00
  0.2665247D+00  0.9130806D-01 -0.7658947D-02  0.0000000D+00
  0.9502904D-01 -0.5961439D+00  0.1475781D-01  0.0000000D+00
 -0.2603774D-01  0.1138575D+01  0.4757879D-02  0.0000000D+00
  0.7430637D+00 -0.1134905D+01 -0.8592750D-02  0.0000000D+00
 -0.5959234D+00  0.3574557D-01  0.8033687D-02  0.0000000D+00
 -0.3774981D+00  0.1063560D+01  0.1084241D+00  0.0000000D+00
 -0.1852041D-01  0.3429878D-01  0.5099565D-01  0.0000000D+00
 -0.1186057D+01  0.2585810D+01  0.8723838D-01  0.0000000D+00
 -0.2812429D+00  0.6080675D+00  0.2454080D-01  0.0000000D+00
  0.4069622D+00 -0.8982466D+00 -0.2396839D-01  0.0000000D+00
  0.8219208D+00 -0.1805966D+01 -0.5300115D-01  0.0000000D+00
 -0.2990178D+00 -0.3384388D+00  0.2256663D+00  0.0000000D+00
 -0.5771213D+01  0.1992853D+01 -0.6841553D+00  0.0000000D+00
  0.3926809D+01 -0.9986827D+01  0.8687336D+00  0.0000000D+00
 -0.1498490D+01  0.4092716D+02 -0.5374237D+00  0.0000000D+00
  0.1812220D+01 -0.1062809D+02  0.1619804D+00  0.0000000D+00
  0.3929868D+00  0.3079180D+01 -0.2534515D-01  0.0000000D+00
  0.9078559D+00 -0.5713933D+01 -0.5327482D+00  0.0000000D+00
 -0.6481890D+00  0.1869650D+01  0.2512785D+00  0.0000000D+00
 -0.2099043D+01  0.1597680D+01 -0.1900792D+00  0.0000000D+00
 -0.3199856D+01  0.1384123D+01 -0.5306003D+00  0.0000000D+00
 -0.3864333D+01  0.1257108D+01 -0.7346479D+00  0.0000000D+00
 -0.1060206D+00  0.7552025D+00  0.3068958D+00  0.0000000D+00
 -0.6886366D+01  0.3518674D+01 -0.9275111D+00  0.0000000D+00
  0.4652265D+01 -0.1554749D+02  0.1362885D+00  0.0000000D+00
 -0.5676952D+01  0.4381418D+02  0.1150835D+01  0.0000000D+00
  0.3120582D+01 -0.1382855D+02 -0.8432204D+00  0.0000000D+00
  0.4354308D+00  0.2922810D+01  0.7449681D+00  0.0000000D+00
  0.2380340D+01 -0.4493189D+01 -0.6189511D+00  0.0000000D+00
  0.1100857D+01  0.4315694D+01  0.5796328D+00  0.0000000D+00
  0.1648405D+01  0.1383624D+01  0.3744258D+00  0.0000000D+00
  0.2096009D+01 -0.8580313D+00  0.2163642D+00  0.0000000D+00
  0.2357652D+01 -0.2206642D+01  0.1215815D+00  0.0000000D+00
  0.3986445D+00 -0.1230491D+01 -0.1701075D+00  0.0000000D+00
 -0.2024868D+01 -0.1368009D+00  0.1051974D+01  0.0000000D+00
 -0.1935713D+01 -0.4678218D+01 -0.1325995D+01  0.0000000D+00
  0.8895874D+00 -0.1173685D+01  0.1413427D+01  0.0000000D+00
  0.5269841D+01  0.2862939D+01 -0.7803601D+00  0.0000000D+00
 -0.6525928D+00 -0.3347153D+01  0.2821249D+00  0.0000000D+00
  0.2801201D+01  0.1797712D+01 -0.2028997D+00  0.0000000D+00
 -0.1203208D+01  0.1279852D+01  0.2510230D+00  0.0000000D+00
 -0.1093260D+01 -0.2796656D+01  0.7712479D+00  0.0000000D+00
 -0.1020559D+01 -0.5925671D+01  0.1169929D+01  0.0000000D+00
 -0.9738302D+00 -0.7804835D+01  0.1409527D+01  0.0000000D+00
 -0.1602290D+00 -0.1720750D+00 -0.4823408D-02  0.0000000D+00
 -0.1243633D+01  0.1063524D+01  0.1193093D-02  0.0000000D+00
  0.2247581D+01 -0.2122519D+01  0.6679866D-02  0.0000000D+00
 -0.1046456D+01  0.4432285D+01  0.1683966D-01  0.0000000D+00
 -0.9218125D+00 -0.1347450D+01 -0.9903569D-01  0.0000000D+00
  0.1976769D+01  0.4574256D+00  0.1357792D+00  0.0000000D+00
 -0.4061956D+00 -0.3125540D+01 -0.5098928D+00  0.0000000D+00
 -0.1926212D+00  0.1951217D+01  0.5957611D+00  0.0000000D+00
 -0.1877892D+01  0.2986386D+01  0.5712928D+00  0.0000000D+00
 -0.3172089D+01  0.3766171D+01  0.5470575D+00  0.0000000D+00
 -0.3949179D+01  0.4238350D+01  0.5339316D+00  0.0000000D+00
 -0.2522761D+00 -0.1128120D+00  0.2504983D-02  0.0000000D+00
  0.5697899D+00  0.6258685D+00 -0.6385729D-02  0.0000000D+00
 -0.2033480D+01 -0.1247368D+01 -0.1133180D-01  0.0000000D+00
  0.3486337D+01  0.1696806D+01 -0.3310222D-01  0.0000000D+00
  0.2231117D+01 -0.9388107D+00  0.2331228D-01  0.0000000D+00
 -0.2474653D+01  0.5239877D+00  0.7303861D-01  0.0000000D+00
  0.1928791D+01 -0.6721085D+00 -0.3635539D+00  0.0000000D+00
 -0.1977854D+01  0.2680171D+01  0.3895194D+00  0.0000000D+00
 -0.5982482D+00 -0.2517597D+01 -0.3447309D-02  0.0000000D+00
  0.4524383D+00 -0.6507045D+01 -0.3070401D+00  0.0000000D+00
  0.1085618D+01 -0.8903014D+01 -0.4888537D+00  0.0000000D+00
  0.3135690D-01  0.2787097D-01 -0.2261337D-02  0.0000000D+00
  0.2502876D+00 -0.1314652D+00  0.2083368D-01  0.0000000D+00
  0.9059003D+00  0.7640046D-01 -0.4208177D-01  0.0000000D+00
 -0.1664554D+01 -0.7162099D+00  0.6289816D-01  0.0000000D+00
  0.3986401D+01  0.1331884D+00 -0.6555530D-01  0.0000000D+00
 -0.1334252D+01  0.3255474D+00  0.1855611D-01  0.0000000D+00
 -0.4180195D-01 -0.1333650D+01  0.1250777D+00  0.0000000D+00
 -0.7462602D+00 -0.4883465D+00  0.7685886D-01  0.0000000D+00
 -0.9871782D+00  0.9969042D+00  0.2168435D+00  0.0000000D+00
 -0.1168878D+01  0.2137504D+01  0.3256778D+00  0.0000000D+00
 -0.1278840D+01  0.2822362D+01  0.3906774D+00  0.0000000D+00
  0.2716693D+00  0.9497360D-01  0.2436408D-02  0.0000000D+00
 -0.2982641D+00 -0.6770508D+00  0.2475942D-01  0.0000000D+00
  0.1807616D+01  0.1529181D+01 -0.4460964D-01  0.0000000D+00
 -0.2202473D+01 -0.2833003D+01  0.1890469D+00  0.0000000D+00
  0.1356003D+00 -0.8372249D-01 -0.2236029D+00  0.0000000D+00
 -0.1498247D+01  0.1136503D+00  0.2570036D+00  0.0000000D+00
  0.2372703D+01 -0.1793607D+01 -0.2006783D+00  0.0000000D+00
  0.9137942D+00  0.2838823D+01  0.3897984D+00  0.0000000D+00
 -0.1242299D+00 -0.1502433D+01  0.3228490D-01  0.0000000D+00
 -0.9207618D+00 -0.4846499D+01 -0.2464284D+00  0.0000000D+00
 -0.1399185D+01 -0.6851720D+01 -0.4126870D+00  0.0000000D+00
  0.3713594D+00 -0.1267694D+00 -0.5471882D-02  0.0000000D+00
 -0.6646571D+00  0.5147665D+00  0.1033695D-01  0.0000000D+00
  0.2451523D+00 -0.8496406D+00 -0.1082480D-01  0.0000000D+00
 -0.2038905D+01  0.1662622D+01 -0.3795298D-01  0.0000000D+00
  0.4855503D+01 -0.3603817D+00  0.8442392D-01  0.0000000D+00
 -0.3126254D+01  0.6734451D-01 -0.8955108D-01  0.0000000D+00
  0.1127841D+01  0.1490110D+00  0.9258325D-01  0.0000000D+00
  0.1133111D+01 -0.2592570D+01 -0.2109868D+00  0.0000000D+00
  0.1508993D+01  0.1025831D+00  0.1581616D-01  0.0000000D+00
  0.1810533D+01  0.2179285D+01  0.1927375D+00  0.0000000D+00
  0.1988225D+01  0.3424389D+01  0.2982470D+00  0.0000000D+00
 -0.3554672D-01  0.5161754D-01  0.5952558D-03  0.0000000D+00
  0.2952481D-01 -0.2530431D+00  0.3934646D-02  0.0000000D+00
  0.1652093D+00  0.3070482D+00  0.4504028D-01  0.0000000D+00
 -0.2473398D+00 -0.4083142D+00 -0.8419040D-01  0.0000000D+00
 -0.3630306D+01  0.7004782D+00  0.4580074D-01  0.0000000D+00
 -0.2658627D+00 -0.3350089D+00 -0.4935807D-01  0.0000000D+00
 -0.1076113D+00  0.7941578D+00 -0.1789558D+00  0.0000000D+00
  0.3694391D+00  0.1540514D+01  0.2266417D+00  0.0000000D+00
 -0.4341976D-01 -0.5520741D+00  0.1052852D-01  0.0000000D+00
 -0.3678243D+00 -0.2136857D+01 -0.1550997D+00  0.0000000D+00
 -0.5606867D+00 -0.3094236D+01 -0.2546365D+00  0.0000000D+00
