  3  2   693  9216  4  4  9 11  7  1    0.00   24.00  100.00  550.00    0.00    6.28   45.00   45.00
  100.0  100.0  100.0  100.0  125.0  150.0  190.0  230.0  275.0  350.0  450.0  600.0  600.0  600.0  600.0
 -0.1268910D+03 -0.3287148D+04  0.2835515D+03  0.0000000D+00
  0.7058500D+04  0.1197085D+05 -0.2180623D+04  0.0000000D+00
 -0.4485849D+04 -0.2675967D+04  0.3402335D+04  0.0000000D+00
  0.6301894D+05  0.7335975D+04 -0.9615695D+04  0.0000000D+00
  0.8421475D+05 -0.5057698D+05  0.4521531D+03  0.0000000D+00
  0.3014418D+05  0.1717953D+05 -0.9195101D+03  0.0000000D+00
  0.5955053D+05 -0.2897742D+05  0.1259265D+04  0.0000000D+00
  0.1116619D+06  0.3144057D+05  0.1024578D+05  0.0000000D+00
  0.1460360D+06 -0.6919756D+04  0.8319485D+04  0.0000000D+00
  0.1723925D+06 -0.3652140D+05  0.6849027D+04  0.0000000D+00
  0.1882288D+06 -0.5425782D+05  0.5963792D+04  0.0000000D+00
  0.1014625D+04 -0.5626228D+02  0.1989302D+03  0.0000000D+00
 -0.1414050D+04  0.8528963D+03 -0.1604720D+04  0.0000000D+00
  0.4914252D+04  0.3177608D+04  0.2714424D+04  0.0000000D+00
  0.4209335D+05 -0.2838501D+05 -0.6515164D+04  0.0000000D+00
  0.4969316D+05  0.1685975D+05 -0.8175891D+04  0.0000000D+00
 -0.9574000D+04  0.1699728D+03  0.7233831D+04  0.0000000D+00
 -0.2542645D+05  0.3355399D+05 -0.3140409D+04  0.0000000D+00
 -0.8714419D+05 -0.3992647D+05 -0.3891550D+04  0.0000000D+00
 -0.8777642D+05 -0.5492697D+04 -0.8430756D+04  0.0000000D+00
 -0.8819477D+05  0.2106165D+05 -0.1193700D+05  0.0000000D+00
 -0.8846360D+05  0.3697672D+05 -0.1403695D+05  0.0000000D+00
  0.6870657D+03 -0.2517519D+03 -0.3037766D+02  0.0000000D+00
 -0.4878001D+04  0.4044249D+04 -0.1827042D+03  0.0000000D+00
  0.5948311D+04 -0.1368059D+05  0.1002750D+04  0.0000000D+00
  0.6221496D+04  0.3379283D+04 -0.3008585D+03  0.0000000D+00
  0.4104772D+03 -0.6571647D+04 -0.2835548D+04  0.0000000D+00
  0.1114285D+05  0.1132719D+05 -0.2283299D+04  0.0000000D+00
  0.3593424D+05  0.1788239D+05  0.9253539D+03  0.0000000D+00
  0.4253321D+05  0.2584693D+05  0.6409332D+04  0.0000000D+00
  0.8252228D+05  0.8690063D+04  0.6661939D+04  0.0000000D+00
  0.1133857D+06 -0.4488685D+04  0.6916526D+04  0.0000000D+00
  0.1318768D+06 -0.1240094D+05  0.7053518D+04  0.0000000D+00
 -0.7948461D+02  0.2193180D+03  0.1149199D+02  0.0000000D+00
  0.2669439D+03 -0.1093237D+04 -0.6053700D+02  0.0000000D+00
 -0.6758300D+03  0.1450432D+04  0.1072101D+03  0.0000000D+00
  0.2719797D+04 -0.7499904D+02 -0.1867381D+03  0.0000000D+00
 -0.4638236D+04  0.9766276D+03  0.3400011D+03  0.0000000D+00
  0.6190223D+04 -0.3552937D+04 -0.6259196D+03  0.0000000D+00
 -0.4092464D+05  0.6662750D+04  0.7520353D+03  0.0000000D+00
 -0.3751095D+05  0.7247284D+03 -0.7139687D+04  0.0000000D+00
 -0.6360263D+05 -0.6354831D+04 -0.3203090D+04  0.0000000D+00
 -0.8378812D+05 -0.1180896D+05 -0.1611668D+03  0.0000000D+00
 -0.9586933D+05 -0.1507927D+05  0.1660383D+04  0.0000000D+00
 -0.4545975D+02 -0.2131988D+03 -0.1559067D+01  0.0000000D+00
 -0.1565569D+03  0.1076604D+04  0.4019957D+01  0.0000000D+00
  0.1597913D+03 -0.1586337D+04 -0.1085854D+02  0.0000000D+00
 -0.6981419D+02  0.6605877D+03  0.2961904D+02  0.0000000D+00
 -0.1480931D+04 -0.3234999D+04  0.2666353D+02  0.0000000D+00
  0.1919816D+04  0.6971542D+04 -0.5803598D+02  0.0000000D+00
  0.7518257D+04 -0.2014692D+05  0.6325353D+03  0.0000000D+00
  0.1895632D+05 -0.9412869D+04  0.3593441D+04  0.0000000D+00
  0.1669041D+05  0.3382215D+04 -0.7242642D+03  0.0000000D+00
  0.1489256D+05  0.1317029D+05 -0.4052693D+04  0.0000000D+00
  0.1382818D+05  0.1905736D+05 -0.6047889D+04  0.0000000D+00
 -0.3780645D+02  0.6375989D+02 -0.1033012D+02  0.0000000D+00
  0.4938027D+03 -0.3246744D+03  0.5241872D+02  0.0000000D+00
 -0.1003633D+04  0.4659127D+03 -0.9382261D+02  0.0000000D+00
  0.1162998D+04 -0.3263554D+02  0.1773166D+03  0.0000000D+00
 -0.2853939D+04  0.1024493D+03 -0.2905035D+03  0.0000000D+00
  0.5053617D+04  0.5181772D+03  0.4773802D+03  0.0000000D+00
  0.3648587D+04  0.3861268D+03 -0.9035853D+03  0.0000000D+00
  0.2517390D+04  0.5129614D+04 -0.1991569D+03  0.0000000D+00
  0.2184303D+04  0.2533726D+04 -0.6905843D+03  0.0000000D+00
  0.1926553D+04  0.5821943D+03 -0.1094268D+04  0.0000000D+00
  0.1772320D+04 -0.6005709D+03 -0.1329770D+04  0.0000000D+00
 -0.7340957D+02  0.5384088D+02 -0.1251818D+02  0.0000000D+00
  0.9281839D+03 -0.3203787D+03  0.6888488D+02  0.0000000D+00
 -0.1511640D+04  0.6758929D+03 -0.1236619D+03  0.0000000D+00
  0.1819405D+04 -0.1184890D+04  0.2137139D+03  0.0000000D+00
 -0.3593123D+04  0.1908413D+04 -0.3911821D+03  0.0000000D+00
  0.6166647D+04 -0.3290873D+04  0.5955604D+03  0.0000000D+00
 -0.1823921D+05  0.5927626D+04 -0.2167285D+04  0.0000000D+00
 -0.2484798D+05 -0.1009471D+05 -0.3157941D+04  0.0000000D+00
 -0.3636428D+05  0.2065093D+04 -0.8083013D+03  0.0000000D+00
 -0.4527480D+05  0.1149198D+05  0.9725145D+03  0.0000000D+00
 -0.5060754D+05  0.1712896D+05  0.2047957D+04  0.0000000D+00
  0.1101966D+03 -0.3449337D+02  0.3698705D+01  0.0000000D+00
 -0.7840355D+03  0.1915796D+03 -0.1666255D+02  0.0000000D+00
  0.1481583D+04 -0.3349817D+03  0.2733834D+02  0.0000000D+00
 -0.2324663D+04  0.5023316D+03 -0.4236340D+02  0.0000000D+00
  0.4420398D+04 -0.1041519D+04  0.1734958D+03  0.0000000D+00
 -0.7583117D+04  0.1299582D+04 -0.3451370D+03  0.0000000D+00
  0.1903753D+05 -0.2557875D+04  0.8128086D+03  0.0000000D+00
  0.1446247D+05 -0.4930569D+03  0.6929920D+03  0.0000000D+00
  0.1900126D+05  0.8184830D+03  0.9563953D+03  0.0000000D+00
  0.2258341D+05  0.1788526D+04  0.1166783D+04  0.0000000D+00
  0.2470895D+05  0.2380713D+04  0.1290984D+04  0.0000000D+00
 -0.6811529D+02 -0.1630772D+02 -0.5250184D+01  0.0000000D+00
  0.1952942D+03  0.1076046D+03  0.3201396D+02  0.0000000D+00
 -0.2555110D+03 -0.2339015D+03 -0.5889328D+02  0.0000000D+00
  0.1012113D+04  0.1978717D+03  0.7632627D+02  0.0000000D+00
 -0.6026941D+03  0.1012421D+02 -0.1831540D+03  0.0000000D+00
  0.2118776D+04  0.4584688D+03  0.5165253D+03  0.0000000D+00
 -0.1154397D+05  0.3352316D+04 -0.6183111D+03  0.0000000D+00
 -0.1321503D+05  0.2917302D+04 -0.1806871D+04  0.0000000D+00
 -0.1608180D+05 -0.1852230D+04 -0.1629636D+04  0.0000000D+00
 -0.1832854D+05 -0.5528867D+04 -0.1497572D+04  0.0000000D+00
 -0.1966572D+05 -0.7732822D+04 -0.1417218D+04  0.0000000D+00
 -0.3465254D+03  0.3587666D+04  0.5854110D+02  0.0000000D+00
  0.2243035D+04 -0.1587786D+05  0.1553380D+03  0.0000000D+00
  0.6877057D+03  0.2144703D+05 -0.1106451D+04  0.0000000D+00
 -0.6534964D+05 -0.3343656D+05  0.2257008D+04  0.0000000D+00
  0.5163155D+05  0.1704119D+05 -0.3414497D+04  0.0000000D+00
 -0.3540221D+05 -0.1042930D+05  0.1849320D+03  0.0000000D+00
  0.5684875D+04 -0.2603827D+04  0.1948287D+04  0.0000000D+00
 -0.3063387D+04 -0.3382582D+03  0.1463462D+04  0.0000000D+00
  0.3798043D+04 -0.6602360D+04  0.4861508D+04  0.0000000D+00
  0.9005467D+04 -0.1153699D+05  0.7513345D+04  0.0000000D+00
  0.1214847D+05 -0.1446745D+05  0.9094516D+04  0.0000000D+00
 -0.8170288D+03  0.2601609D+04 -0.1075341D+03  0.0000000D+00
  0.2874057D+04 -0.1310551D+05  0.1124522D+04  0.0000000D+00
  0.1925667D+04  0.2378430D+05 -0.3032152D+04  0.0000000D+00
 -0.6268609D+05 -0.2423338D+05  0.6860675D+04  0.0000000D+00
  0.4570650D+05  0.8520553D+04 -0.4683420D+04  0.0000000D+00
 -0.2918551D+05  0.1343321D+05  0.7523145D+03  0.0000000D+00
  0.1006864D+05  0.9769930D+04 -0.1946348D+03  0.0000000D+00
 -0.1804393D+05  0.1581055D+05  0.2277588D+04  0.0000000D+00
 -0.1216203D+05  0.1572522D+04 -0.1569191D+04  0.0000000D+00
 -0.7670342D+04 -0.9219505D+04 -0.4508456D+04  0.0000000D+00
 -0.4966652D+04 -0.1573658D+05 -0.6277197D+04  0.0000000D+00
 -0.1833279D+04  0.1325082D+04  0.8292997D+02  0.0000000D+00
  0.5829757D+04 -0.7259597D+04 -0.1884937D+03  0.0000000D+00
 -0.7283817D+04  0.1493080D+05 -0.5022992D+03  0.0000000D+00
 -0.9149722D+04 -0.1679391D+05  0.3076290D+04  0.0000000D+00
  0.8601464D+03  0.8552661D+04 -0.4308436D+04  0.0000000D+00
 -0.3577177D+04 -0.1560083D+05  0.8442366D+03  0.0000000D+00
 -0.1328468D+04  0.1891770D+05  0.4304449D+04  0.0000000D+00
  0.1694399D+04 -0.1412838D+05  0.1000976D+05  0.0000000D+00
 -0.3058373D+04  0.4247381D+04  0.5262286D+04  0.0000000D+00
 -0.6705964D+04  0.1831405D+05  0.1675942D+04  0.0000000D+00
 -0.8896680D+04  0.2677202D+05 -0.4930186D+03  0.0000000D+00
 -0.7861420D+01 -0.3213457D+03 -0.1605194D+02  0.0000000D+00
 -0.4200582D+03  0.1579603D+04  0.8528868D+02  0.0000000D+00
  0.6220410D+03 -0.2089119D+04 -0.1493698D+03  0.0000000D+00
 -0.1134255D+04 -0.4129383D+03  0.2400824D+03  0.0000000D+00
 -0.8724370D+02  0.3731672D+02 -0.3427338D+03  0.0000000D+00
 -0.3828092D+03  0.1260091D+04  0.2070495D+03  0.0000000D+00
  0.1697929D+05 -0.9509153D+04 -0.2433437D+04  0.0000000D+00
  0.1879388D+05 -0.2018734D+05 -0.5428246D+04  0.0000000D+00
  0.1138343D+05 -0.3427678D+04 -0.2140894D+04  0.0000000D+00
  0.5659106D+04  0.9390447D+04  0.3552124D+03  0.0000000D+00
  0.2230759D+04  0.1710064D+05  0.1861404D+04  0.0000000D+00
 -0.2695065D+02  0.1099651D+03 -0.4977064D+01  0.0000000D+00
 -0.3069406D+03 -0.4998456D+03  0.1867340D+02  0.0000000D+00
  0.2440625D+03  0.3428345D+03 -0.2488827D+02  0.0000000D+00
 -0.4285198D+03  0.2519173D+04  0.3638720D+02  0.0000000D+00
  0.2220421D+04 -0.1498045D+04 -0.1292755D+03  0.0000000D+00
 -0.5336971D+04  0.2066075D+04  0.6542107D+03  0.0000000D+00
  0.4352379D+04  0.7083908D+03 -0.1195092D+04  0.0000000D+00
  0.1453879D+04  0.1747346D+05 -0.3789035D+03  0.0000000D+00
  0.8662757D+04  0.1153206D+05  0.3433010D+04  0.0000000D+00
  0.1430214D+05  0.7022892D+04  0.6364725D+04  0.0000000D+00
  0.1766117D+05  0.4301423D+04  0.8123891D+04  0.0000000D+00
  0.1506647D+03 -0.1210470D+03 -0.2031750D+02  0.0000000D+00
  0.1033873D+03  0.6547175D+03  0.1109325D+03  0.0000000D+00
 -0.1441239D+03 -0.1101514D+04 -0.1976602D+03  0.0000000D+00
  0.5462437D+03  0.5949849D+03  0.3378996D+03  0.0000000D+00
  0.1788786D+04 -0.5935566D+03 -0.6840643D+03  0.0000000D+00
 -0.3668870D+04  0.4889055D+03  0.1725709D+04  0.0000000D+00
 -0.5263308D+04  0.1724333D+04 -0.2223458D+04  0.0000000D+00
 -0.4464462D+03 -0.1671893D+03  0.1518207D+04  0.0000000D+00
 -0.4191498D+04  0.6179655D+03 -0.5025091D+03  0.0000000D+00
 -0.7111214D+04  0.1224059D+04 -0.2088088D+04  0.0000000D+00
 -0.8852875D+04  0.1587172D+04 -0.3031284D+04  0.0000000D+00
  0.1454741D+03 -0.2703194D+02 -0.1047345D+02  0.0000000D+00
 -0.1931445D+03  0.1945138D+03  0.4588144D+02  0.0000000D+00
  0.7613511D+03 -0.5879495D+03 -0.8252515D+02  0.0000000D+00
 -0.1012963D+04  0.1461434D+04  0.1371245D+03  0.0000000D+00
  0.7756144D+03 -0.1241631D+04 -0.2452865D+03  0.0000000D+00
  0.3172440D+03  0.1811811D+04  0.4227915D+03  0.0000000D+00
 -0.6081160D+03 -0.3259804D+04 -0.9265295D+03  0.0000000D+00
 -0.4256494D+03 -0.7176448D+04 -0.6071650D+04  0.0000000D+00
 -0.1259618D+04 -0.3433598D+04 -0.4143920D+04  0.0000000D+00
 -0.1995965D+04 -0.6442418D+03 -0.2689293D+04  0.0000000D+00
 -0.2413001D+04  0.1052831D+04 -0.1809139D+04  0.0000000D+00
 -0.1261406D+03  0.4383276D+02  0.1999446D+02  0.0000000D+00
 -0.1437677D+02 -0.2177186D+03 -0.1028434D+03  0.0000000D+00
  0.5814326D+02  0.3512254D+03  0.1896645D+03  0.0000000D+00
  0.1053059D+03 -0.2566017D+03 -0.3293264D+03  0.0000000D+00
 -0.1507149D+04  0.3531278D+03  0.5412292D+03  0.0000000D+00
  0.5012980D+04  0.2713180D+03 -0.1170809D+04  0.0000000D+00
 -0.1115252D+05  0.3166020D+03  0.1647190D+04  0.0000000D+00
 -0.1165578D+05  0.5087672D+04  0.6404455D+03  0.0000000D+00
 -0.9387573D+04  0.7813409D+03  0.6551912D+03  0.0000000D+00
 -0.7669557D+04 -0.2495650D+04  0.6975745D+03  0.0000000D+00
 -0.6631745D+04 -0.4471147D+04  0.7148913D+03  0.0000000D+00
 -0.1354742D+03  0.3244983D+02 -0.1817949D+01  0.0000000D+00
  0.5148533D+03 -0.2200331D+03  0.9541062D+01  0.0000000D+00
 -0.9892021D+03  0.5767839D+03 -0.1666931D+02  0.0000000D+00
  0.9590408D+03 -0.9290170D+03  0.3114443D+02  0.0000000D+00
 -0.1469024D+04  0.7285471D+03 -0.4085083D+02  0.0000000D+00
  0.2409290D+04 -0.1473999D+04 -0.1134445D+03  0.0000000D+00
  0.1994329D+03 -0.6034529D+03 -0.2519199D+03  0.0000000D+00
  0.4561608D+04 -0.5232083D+04  0.3280297D+03  0.0000000D+00
 -0.2529748D+04 -0.1469834D+04 -0.6420836D+03  0.0000000D+00
 -0.8030290D+04  0.1446079D+04 -0.1392006D+04  0.0000000D+00
 -0.1131868D+05  0.3189906D+04 -0.1840995D+04  0.0000000D+00
  0.1354394D+04  0.1291428D+04  0.1383561D+03  0.0000000D+00
 -0.1023686D+05 -0.4790752D+04  0.7761684D+03  0.0000000D+00
  0.1585780D+05 -0.2366547D+04 -0.2311220D+04  0.0000000D+00
 -0.3747628D+05 -0.4032603D+03  0.4465364D+04  0.0000000D+00
  0.3028189D+03 -0.1325640D+05 -0.3644596D+04  0.0000000D+00
 -0.4904271D+04  0.1521152D+05  0.4305417D+04  0.0000000D+00
  0.1643030D+03 -0.4117255D+04 -0.4333684D+03  0.0000000D+00
  0.1378748D+05  0.1157994D+05  0.1891265D+04  0.0000000D+00
  0.1844969D+03  0.8144554D+04  0.5248392D+04  0.0000000D+00
 -0.1032795D+05  0.5586457D+04  0.7848616D+04  0.0000000D+00
 -0.1662268D+05  0.4029573D+04  0.9404088D+04  0.0000000D+00
  0.9341940D+03  0.1678436D+03  0.4867800D+02  0.0000000D+00
 -0.8109485D+04 -0.1844648D+04  0.9824695D+03  0.0000000D+00
  0.1439302D+05 -0.1735083D+04 -0.2346410D+04  0.0000000D+00
 -0.3483629D+05  0.1806208D+05  0.5099982D+04  0.0000000D+00
  0.1102524D+05 -0.1114569D+05  0.1573159D+03  0.0000000D+00
  0.5844705D+04  0.4593215D+04  0.1530345D+04  0.0000000D+00
  0.1569617D+04 -0.1599145D+03 -0.2780680D+04  0.0000000D+00
 -0.2782169D+05 -0.1699172D+05 -0.1293786D+04  0.0000000D+00
 -0.1331524D+05 -0.6447901D+04 -0.5374696D+04  0.0000000D+00
 -0.2186196D+04  0.1536257D+04 -0.8543288D+04  0.0000000D+00
  0.4499001D+04  0.6359649D+04 -0.1043676D+05  0.0000000D+00
  0.9030186D+03  0.6533080D+03  0.6288074D+02  0.0000000D+00
 -0.2776324D+04 -0.4788432D+04 -0.2224616D+03  0.0000000D+00
  0.6287848D+04  0.1433369D+05  0.7932933D+03  0.0000000D+00
 -0.1047973D+05 -0.1596409D+05 -0.1846144D+04  0.0000000D+00
  0.8230665D+04 -0.9739457D+03  0.7442998D+04  0.0000000D+00
 -0.5425456D+04  0.2637410D+04  0.3502107D+03  0.0000000D+00
 -0.5824942D+04 -0.2508258D+04 -0.1156006D+04  0.0000000D+00
 -0.2198494D+05 -0.2132426D+05 -0.1436339D+04  0.0000000D+00
 -0.5009846D+04 -0.1891337D+05  0.4241966D+04  0.0000000D+00
  0.7919660D+04 -0.1701648D+05  0.8647022D+04  0.0000000D+00
  0.1571094D+05 -0.1588943D+05  0.1128036D+05  0.0000000D+00
 -0.6606065D+02 -0.7212466D+01  0.3703546D+02  0.0000000D+00
  0.1324108D+03 -0.4106784D+02 -0.1958208D+03  0.0000000D+00
 -0.3181594D+02  0.4378435D+03  0.3511819D+03  0.0000000D+00
 -0.9387002D+03 -0.2467234D+04 -0.6001386D+03  0.0000000D+00
  0.1865646D+04  0.2617611D+04  0.1010600D+04  0.0000000D+00
 -0.3917889D+03 -0.4881405D+03 -0.1470789D+04  0.0000000D+00
  0.6532786D+04  0.4146989D+04  0.3641192D+04  0.0000000D+00
  0.6737527D+04 -0.1931061D+04 -0.1409925D+04  0.0000000D+00
  0.6800225D+04 -0.6597106D+04  0.2063493D+03  0.0000000D+00
  0.6891734D+04 -0.1002700D+05  0.1471474D+04  0.0000000D+00
  0.6935323D+04 -0.1212661D+05  0.2224829D+04  0.0000000D+00
  0.1696190D+03 -0.1523667D+02 -0.7089009D+01  0.0000000D+00
 -0.2927665D+03  0.1207985D+03  0.2579318D+02  0.0000000D+00
  0.3284096D+03 -0.4127564D+03 -0.4266112D+02  0.0000000D+00
 -0.4870676D+03  0.2090002D+04  0.8362648D+02  0.0000000D+00
  0.8232604D+03 -0.2743507D+04 -0.2548030D+03  0.0000000D+00
  0.7874663D+03  0.4711991D+04  0.6241551D+03  0.0000000D+00
 -0.2549926D+04 -0.6249136D+03  0.1242878D+03  0.0000000D+00
 -0.3590578D+04  0.1398465D+05 -0.3558309D+04  0.0000000D+00
 -0.1299146D+05  0.7903915D+04 -0.6850995D+04  0.0000000D+00
 -0.2021745D+05  0.3170307D+04 -0.9386069D+04  0.0000000D+00
 -0.2455449D+05  0.3448316D+03 -0.1090653D+05  0.0000000D+00
  0.6449299D+02 -0.3015835D+01 -0.7569763D+01  0.0000000D+00
 -0.4518188D+03 -0.9675356D+01  0.3370105D+02  0.0000000D+00
  0.6467348D+03  0.1326159D+03 -0.5797696D+02  0.0000000D+00
 -0.7774055D+03 -0.5253014D+03  0.1156311D+03  0.0000000D+00
 -0.1065051D+04  0.3870484D+03 -0.1988841D+03  0.0000000D+00
 -0.2374828D+04 -0.3812674D+04  0.7140176D+02  0.0000000D+00
 -0.3353265D+04  0.1762562D+04  0.3149688D+03  0.0000000D+00
  0.8500910D+04  0.4718939D+04  0.3828885D+04  0.0000000D+00
 -0.2267560D+03  0.3879674D+03  0.3314813D+04  0.0000000D+00
 -0.6927603D+04 -0.2929022D+04  0.2914185D+04  0.0000000D+00
 -0.1095144D+05 -0.4922985D+04  0.2675169D+04  0.0000000D+00
 -0.1313255D+03  0.5668577D+02 -0.1186743D+01  0.0000000D+00
 -0.2154947D+03 -0.2987941D+03  0.1903685D+01  0.0000000D+00
  0.6219605D+03  0.4515502D+03 -0.1468303D+01  0.0000000D+00
 -0.3830558D+03 -0.1047099D+04  0.2486426D+01  0.0000000D+00
 -0.7866931D+02  0.1464628D+04  0.9813430D+02  0.0000000D+00
 -0.3332034D+04 -0.3137548D+04 -0.4510573D+03  0.0000000D+00
  0.1043480D+05  0.2663611D+04  0.5266729D+02  0.0000000D+00
  0.1096250D+05  0.1556091D+04  0.4655316D+04  0.0000000D+00
  0.5142780D+04  0.2928496D+04  0.2258800D+04  0.0000000D+00
  0.7070546D+03  0.3958721D+04  0.3839283D+03  0.0000000D+00
 -0.1965078D+04  0.4583496D+04 -0.7327896D+03  0.0000000D+00
 -0.5690595D+00 -0.5790670D+02 -0.5154253D+01  0.0000000D+00
  0.2439192D+03  0.3496190D+03  0.2685428D+02  0.0000000D+00
 -0.4443599D+03 -0.7013986D+03 -0.4667363D+02  0.0000000D+00
  0.7587491D+03  0.9638031D+03  0.7275522D+02  0.0000000D+00
  0.1887008D+03 -0.1531054D+04 -0.1074440D+03  0.0000000D+00
  0.2767811D+04  0.4484558D+04  0.2584148D+03  0.0000000D+00
  0.5182759D+03 -0.2785959D+04 -0.9976495D+03  0.0000000D+00
 -0.3550498D+04 -0.1266179D+04 -0.1118496D+04  0.0000000D+00
  0.1885795D+04  0.1086022D+04  0.6571815D+01  0.0000000D+00
  0.6042425D+04  0.2834533D+04  0.8689993D+03  0.0000000D+00
  0.8542968D+04  0.3899539D+04  0.1387242D+04  0.0000000D+00
  0.2576353D+02  0.2129805D+02  0.1267860D+00  0.0000000D+00
 -0.1086345D+03 -0.1211888D+03  0.3488347D+01  0.0000000D+00
  0.2730929D+03  0.2031365D+03 -0.1031661D+02  0.0000000D+00
 -0.4380776D+03 -0.9177687D+02 -0.5661870D+01  0.0000000D+00
  0.2053559D+04  0.3411345D+03  0.4486589D+02  0.0000000D+00
 -0.1236584D+04 -0.8440414D+03  0.1045909D+02  0.0000000D+00
 -0.3996942D+03  0.3011437D+04  0.7148028D+03  0.0000000D+00
  0.3513733D+04 -0.4349526D+04  0.1079459D+04  0.0000000D+00
  0.4525876D+04 -0.4155978D+04  0.1335929D+04  0.0000000D+00
  0.5346123D+04 -0.3950048D+04  0.1546397D+04  0.0000000D+00
  0.5827373D+04 -0.3841398D+04  0.1669233D+04  0.0000000D+00
  0.2168838D+04 -0.1156458D+04 -0.4226529D+01  0.0000000D+00
 -0.1119121D+05  0.7033901D+04  0.2528274D+03  0.0000000D+00
  0.1247577D+05 -0.1238162D+05 -0.8035179D+03  0.0000000D+00
  0.4032863D+04  0.1228231D+05  0.3504178D+03  0.0000000D+00
  0.4092525D+03 -0.5638895D+04 -0.4042647D+04  0.0000000D+00
  0.3562460D+04 -0.8709856D+03  0.1999582D+04  0.0000000D+00
 -0.9605951D+04 -0.4670785D+03 -0.1155323D+04  0.0000000D+00
  0.4365896D+04  0.1775955D+04  0.1048551D+04  0.0000000D+00
  0.8800343D+04  0.2056651D+04 -0.2856784D+04  0.0000000D+00
  0.1221201D+05  0.2336654D+04 -0.5867974D+04  0.0000000D+00
  0.1425880D+05  0.2487892D+04 -0.7672832D+04  0.0000000D+00
  0.2189946D+04 -0.7925992D+03 -0.6168330D+02  0.0000000D+00
 -0.1231796D+05  0.4757744D+04  0.5055765D+03  0.0000000D+00
  0.1539459D+05 -0.7642594D+04 -0.1342470D+04  0.0000000D+00
 -0.2394180D+04  0.3125148D+04  0.1188198D+04  0.0000000D+00
  0.4806128D+04  0.6227470D+04 -0.2640216D+04  0.0000000D+00
  0.1082662D+05  0.2274153D+04  0.3723993D+03  0.0000000D+00
  0.2347923D+04 -0.9273496D+02  0.3949513D+03  0.0000000D+00
 -0.4280991D+04 -0.5990082D+04  0.5461749D+03  0.0000000D+00
 -0.9905922D+04  0.7911766D+03  0.3979537D+04  0.0000000D+00
 -0.1423900D+05  0.5942262D+04  0.6628675D+04  0.0000000D+00
 -0.1683722D+05  0.9049999D+04  0.8216041D+04  0.0000000D+00
  0.5141393D+03 -0.1862087D+03 -0.6578444D+02  0.0000000D+00
 -0.3199018D+04  0.1703577D+04  0.1402230D+03  0.0000000D+00
  0.2591601D+04 -0.2856729D+04  0.2851963D+02  0.0000000D+00
  0.1124830D+05  0.9114670D+04 -0.5925781D+03  0.0000000D+00
 -0.3137565D+04 -0.4533015D+04  0.8400472D+03  0.0000000D+00
 -0.3972857D+04  0.3230132D+04 -0.1614351D+03  0.0000000D+00
 -0.1254887D+05  0.1256436D+04 -0.4675585D+02  0.0000000D+00
 -0.1024937D+05  0.2673516D+04  0.1211910D+04  0.0000000D+00
 -0.7389317D+04  0.1737862D+04  0.9949643D+03  0.0000000D+00
 -0.5292654D+04  0.1027248D+04  0.8206023D+03  0.0000000D+00
 -0.4007646D+04  0.5985000D+03  0.7179469D+03  0.0000000D+00
 -0.8730591D+02  0.1078725D+03  0.4914080D+01  0.0000000D+00
  0.2381481D+03 -0.5315403D+03 -0.2833582D+02  0.0000000D+00
 -0.3095215D+03  0.6987841D+03  0.5437593D+02  0.0000000D+00
 -0.1182327D+04 -0.8979247D+02 -0.9590090D+02  0.0000000D+00
 -0.6512852D+02 -0.1174024D+04  0.1184996D+03  0.0000000D+00
 -0.7000599D+03  0.2769056D+04 -0.1566015D+03  0.0000000D+00
  0.2334748D+04 -0.2537558D+03  0.4742090D+03  0.0000000D+00
  0.5889386D+04  0.3441322D+04 -0.2789991D+04  0.0000000D+00
  0.5793759D+04  0.2521854D+04 -0.4093401D+03  0.0000000D+00
  0.5769149D+04  0.1823178D+04  0.1425025D+04  0.0000000D+00
  0.5741594D+04  0.1401724D+04  0.2524832D+04  0.0000000D+00
 -0.4095255D+02 -0.9044636D+01  0.5024105D+01  0.0000000D+00
  0.5257610D+02  0.3779627D+01 -0.2172711D+02  0.0000000D+00
 -0.1890496D+03  0.2875771D+03  0.4235445D+02  0.0000000D+00
  0.9344121D+02 -0.2185866D+04 -0.6828041D+02  0.0000000D+00
  0.5763257D+03  0.1683418D+04  0.8452073D+02  0.0000000D+00
  0.1203097D+04 -0.2635071D+04 -0.3843443D+03  0.0000000D+00
  0.5405668D+04  0.2381597D+03  0.4916253D+03  0.0000000D+00
  0.3990847D+04  0.1191587D+03  0.3292073D+03  0.0000000D+00
  0.7763856D+04  0.5929218D+03  0.9989354D+02  0.0000000D+00
  0.1066685D+05  0.9658365D+03 -0.6639984D+02  0.0000000D+00
  0.1240846D+05  0.1187362D+04 -0.1688143D+03  0.0000000D+00
  0.6534565D+02  0.3538811D+02 -0.7211837D+01  0.0000000D+00
  0.1842360D+03 -0.2027493D+03  0.3201668D+02  0.0000000D+00
 -0.1967856D+03  0.3729246D+03 -0.5212152D+02  0.0000000D+00
  0.2802143D+03 -0.4013159D+03  0.8337154D+02  0.0000000D+00
  0.4037935D+03 -0.4292992D+02 -0.1894480D+03  0.0000000D+00
  0.1501871D+03 -0.4939963D+03  0.2716116D+03  0.0000000D+00
 -0.2129382D+04 -0.2520635D+04 -0.7010681D+03  0.0000000D+00
  0.1714501D+04  0.2390539D+04  0.4769448D+03  0.0000000D+00
 -0.3012024D+04 -0.1288935D+04 -0.2279402D+04  0.0000000D+00
 -0.6624086D+04 -0.4141618D+04 -0.4415105D+04  0.0000000D+00
 -0.8797522D+04 -0.5847389D+04 -0.5692491D+04  0.0000000D+00
  0.8706971D+02 -0.3526950D+02  0.1817118D+01  0.0000000D+00
 -0.4370502D+03  0.1719924D+03 -0.2487484D+01  0.0000000D+00
  0.8780134D+03 -0.2236356D+03 -0.2061608D+00  0.0000000D+00
 -0.1004176D+04  0.2610761D+03  0.1222749D+02  0.0000000D+00
  0.3534662D+03 -0.9069818D+03  0.1548577D+02  0.0000000D+00
 -0.3205408D+04  0.2255637D+04  0.7712266D+01  0.0000000D+00
  0.5930001D+04 -0.1613300D+04  0.1792067D+03  0.0000000D+00
  0.4599295D+04 -0.3934557D+04 -0.7047357D+03  0.0000000D+00
  0.6218602D+03 -0.3232787D+04 -0.6149148D+03  0.0000000D+00
 -0.2371128D+04 -0.2710129D+04 -0.5494155D+03  0.0000000D+00
 -0.4184316D+04 -0.2392044D+04 -0.5091784D+03  0.0000000D+00
 -0.1326233D+03  0.1598548D+02 -0.5450516D+01  0.0000000D+00
  0.2372199D+03 -0.6952645D+02  0.2285161D+02  0.0000000D+00
 -0.3479478D+03  0.8479386D+02 -0.4778943D+02  0.0000000D+00
  0.9563403D+03  0.3842843D+02  0.1041068D+03  0.0000000D+00
 -0.1897256D+04  0.5751778D+03 -0.1091228D+03  0.0000000D+00
  0.3479908D+04 -0.7949167D+03  0.1942692D+03  0.0000000D+00
 -0.3667912D+04  0.2367710D+04 -0.5890056D+03  0.0000000D+00
 -0.5363671D+04 -0.4488758D+04  0.8346036D+03  0.0000000D+00
 -0.3070538D+04 -0.2615811D+04  0.1279072D+04  0.0000000D+00
 -0.1349188D+04 -0.1158712D+04  0.1621909D+04  0.0000000D+00
 -0.3052316D+03 -0.2887403D+03  0.1827368D+04  0.0000000D+00
 -0.7487563D+01  0.2659023D+02 -0.1019256D+01  0.0000000D+00
  0.1507735D+03 -0.1238355D+03  0.1557586D+01  0.0000000D+00
 -0.3167728D+03  0.1557394D+03 -0.6573972D+01  0.0000000D+00
  0.3097515D+03 -0.1228302D+03  0.2488641D+02  0.0000000D+00
  0.2204839D+02  0.5930221D+03 -0.2382352D+02  0.0000000D+00
  0.2331691D+03 -0.1118112D+04  0.5757293D+02  0.0000000D+00
 -0.2730437D+04  0.5019278D+03  0.1073376D+03  0.0000000D+00
  0.4874976D+03  0.1830539D+04 -0.4955142D+03  0.0000000D+00
  0.2405845D+03  0.4425403D+03 -0.6546084D+02  0.0000000D+00
  0.6266906D+02 -0.5988301D+03  0.2593050D+03  0.0000000D+00
 -0.4722037D+02 -0.1230529D+04  0.4557428D+03  0.0000000D+00
 -0.1113241D+04  0.1031214D+03  0.4100079D+02  0.0000000D+00
  0.5467135D+04  0.3301530D+03 -0.2637704D+03  0.0000000D+00
 -0.1074718D+05  0.9831455D+03  0.4309198D+03  0.0000000D+00
 -0.4264760D+04  0.8698755D+04  0.2684674D+03  0.0000000D+00
 -0.6843803D+04 -0.3355290D+04 -0.1844502D+03  0.0000000D+00
  0.1974965D+04  0.1616692D+04  0.1072612D+04  0.0000000D+00
  0.4585859D+04 -0.6307672D+02 -0.1207760D+04  0.0000000D+00
 -0.1760709D+04 -0.3926110D+03 -0.1262272D+04  0.0000000D+00
  0.2693034D+04 -0.1774838D+04 -0.1273521D+04  0.0000000D+00
  0.6120206D+04 -0.2757678D+04 -0.1283175D+04  0.0000000D+00
  0.8176187D+04 -0.3368425D+04 -0.1288710D+04  0.0000000D+00
 -0.1601943D+04 -0.3885021D+02  0.5136624D+02  0.0000000D+00
  0.8571645D+04  0.4167265D+03 -0.3002189D+03  0.0000000D+00
 -0.1457044D+05  0.4404323D+04  0.3190206D+03  0.0000000D+00
  0.8585251D+03 -0.4273801D+04  0.8294232D+03  0.0000000D+00
 -0.9668579D+04 -0.5661909D+04 -0.4643965D+03  0.0000000D+00
 -0.4031193D+04 -0.6436137D+03  0.1007845D+04  0.0000000D+00
 -0.5196254D+04  0.1779869D+04  0.5588949D+02  0.0000000D+00
 -0.1053620D+04 -0.1540380D+03 -0.1104290D+04  0.0000000D+00
 -0.5175485D+04 -0.9937258D+03 -0.5878436D+03  0.0000000D+00
 -0.8376481D+04 -0.1711382D+04 -0.1854380D+03  0.0000000D+00
 -0.1028914D+05 -0.2123201D+04  0.5466075D+02  0.0000000D+00
  0.1915194D+03 -0.6448423D+03  0.2331577D+02  0.0000000D+00
  0.7423288D+03  0.3709440D+04 -0.1597681D+03  0.0000000D+00
 -0.2559617D+04 -0.3996474D+04 -0.1210450D+03  0.0000000D+00
  0.6126229D+03 -0.2639868D+04  0.6457951D+03  0.0000000D+00
  0.3859530D+04 -0.5102746D+04  0.1705017D+04  0.0000000D+00
 -0.2355769D+04  0.5811462D+04  0.2147611D+03  0.0000000D+00
  0.3931608D+03  0.2690378D+04 -0.2580862D+03  0.0000000D+00
  0.1533325D+04  0.3512638D+04  0.6513034D+03  0.0000000D+00
  0.8882926D+03  0.1726106D+04  0.4991310D+03  0.0000000D+00
  0.4284597D+03  0.3929552D+03  0.3682808D+03  0.0000000D+00
  0.1430563D+03 -0.4176921D+03  0.2933811D+03  0.0000000D+00
  0.1639811D+02 -0.1205803D+02  0.8964148D+01  0.0000000D+00
  0.1373388D+03  0.1105603D+03 -0.5679484D+02  0.0000000D+00
 -0.1522244D+03 -0.4540679D+03  0.1029250D+03  0.0000000D+00
 -0.5848333D+03  0.1813970D+04 -0.1800389D+03  0.0000000D+00
  0.4713562D+03 -0.1029356D+04  0.2629113D+03  0.0000000D+00
 -0.1542527D+04  0.1049334D+04 -0.4497037D+03  0.0000000D+00
 -0.3179106D+04 -0.1903617D+04  0.9665874D+03  0.0000000D+00
  0.1513381D+04  0.3222030D+04  0.1583895D+04  0.0000000D+00
  0.2335551D+04  0.4415035D+04  0.6348292D+03  0.0000000D+00
  0.2977444D+04  0.5270129D+04 -0.9020883D+02  0.0000000D+00
  0.3360105D+04  0.5799544D+04 -0.5265431D+03  0.0000000D+00
  0.2638920D+02 -0.4660566D+02 -0.5679219D+01  0.0000000D+00
  0.2843073D+03  0.2167291D+03  0.4044666D+02  0.0000000D+00
 -0.4976318D+03 -0.2380706D+03 -0.7247307D+02  0.0000000D+00
  0.4335971D+03 -0.5689196D+03  0.1173628D+03  0.0000000D+00
 -0.2134972D+02  0.1398671D+04 -0.2465958D+03  0.0000000D+00
 -0.1970575D+04 -0.2929130D+04  0.5662015D+03  0.0000000D+00
  0.1587917D+04  0.1970538D+04 -0.6010770D+03  0.0000000D+00
 -0.3434385D+04 -0.2566402D+04 -0.1672350D+04  0.0000000D+00
 -0.1228837D+04  0.2711712D+04 -0.2499395D+04  0.0000000D+00
  0.4094113D+03  0.6767950D+04 -0.3149299D+04  0.0000000D+00
  0.1407607D+04  0.9202692D+04 -0.3535658D+04  0.0000000D+00
 -0.8892653D+02 -0.4706768D+01  0.5498754D+00  0.0000000D+00
 -0.5401117D+02  0.3199117D+02 -0.6750909D+01  0.0000000D+00
  0.4174299D+02 -0.6721088D+02  0.9529339D+01  0.0000000D+00
 -0.1585651D+03  0.2387013D+03 -0.2276654D+02  0.0000000D+00
  0.1429281D+03  0.8263782D+01  0.1301307D+02  0.0000000D+00
 -0.1333944D+03  0.6155107D+03 -0.3147702D+01  0.0000000D+00
  0.5679671D+04 -0.1337315D+04  0.7522558D+02  0.0000000D+00
  0.4415427D+04  0.7533504D+03  0.1625259D+04  0.0000000D+00
  0.1209409D+04  0.2052281D+04  0.8800860D+03  0.0000000D+00
 -0.1212425D+04  0.3078896D+04  0.3100215D+03  0.0000000D+00
 -0.2677111D+04  0.3687694D+04 -0.3283822D+02  0.0000000D+00
 -0.1255094D+03 -0.3348569D+02  0.8454792D+01  0.0000000D+00
  0.1033322D+03  0.1367526D+03 -0.4717538D+02  0.0000000D+00
 -0.3834811D+02 -0.1203432D+03  0.7915242D+02  0.0000000D+00
  0.3400452D+03  0.2084057D+03 -0.1272705D+03  0.0000000D+00
 -0.9815392D+03 -0.4871962D+03  0.3260564D+03  0.0000000D+00
  0.3004093D+04  0.1973601D+04 -0.6806614D+03  0.0000000D+00
 -0.4226770D+04 -0.1191015D+04  0.1283714D+04  0.0000000D+00
 -0.5690849D+03 -0.1818631D+04 -0.8910262D+03  0.0000000D+00
 -0.2042479D+04 -0.2249034D+03  0.3339760D+02  0.0000000D+00
 -0.3192710D+04  0.9747394D+03  0.7521329D+03  0.0000000D+00
 -0.3878441D+04  0.1701399D+04  0.1181374D+04  0.0000000D+00
  0.8348727D+02  0.2779431D+02 -0.8001531D+01  0.0000000D+00
 -0.1260696D+03 -0.1700857D+03  0.3584651D+02  0.0000000D+00
  0.2869882D+03  0.3844097D+03 -0.6677991D+02  0.0000000D+00
 -0.6533799D+03 -0.5045904D+03  0.1095131D+03  0.0000000D+00
  0.2076471D+04  0.4426453D+03 -0.1534468D+03  0.0000000D+00
 -0.2532207D+04 -0.1296269D+04  0.3440859D+03  0.0000000D+00
  0.2563955D+04  0.1666521D+04 -0.9132746D+03  0.0000000D+00
  0.1099828D+04 -0.1560993D+04 -0.7815679D+03  0.0000000D+00
  0.9017995D+03 -0.2101288D+04  0.5126858D+03  0.0000000D+00
  0.7676325D+03 -0.2485323D+04  0.1511831D+04  0.0000000D+00
  0.6823844D+03 -0.2723992D+04  0.2110387D+04  0.0000000D+00
  0.5590048D+02  0.1776417D+00  0.5764200D+01  0.0000000D+00
 -0.1713864D+03  0.2174550D+02 -0.3590928D+02  0.0000000D+00
  0.2803813D+03 -0.1270252D+03  0.6167984D+02  0.0000000D+00
 -0.5598781D+03  0.2976335D+03 -0.9205649D+02  0.0000000D+00
  0.3184170D+02 -0.2621608D+03  0.1516999D+03  0.0000000D+00
 -0.5944112D+03 -0.4326524D+02 -0.2371131D+03  0.0000000D+00
  0.1145749D+04 -0.1301819D+04  0.1000637D+04  0.0000000D+00
  0.2838132D+03  0.3861699D+04  0.1307369D+04  0.0000000D+00
 -0.3405888D+03 -0.7427598D+03  0.1133796D+04  0.0000000D+00
 -0.7737601D+03 -0.4275507D+04  0.1013329D+04  0.0000000D+00
 -0.1045982D+04 -0.6397539D+04  0.9376380D+03  0.0000000D+00
 -0.1284689D+04  0.9959533D+03  0.1232358D+03  0.0000000D+00
  0.5474524D+04 -0.5128713D+04 -0.5851872D+03  0.0000000D+00
 -0.5400169D+04  0.7720456D+04  0.9491701D+03  0.0000000D+00
 -0.1103172D+05 -0.5521255D+04 -0.1219861D+03  0.0000000D+00
  0.1058301D+05  0.2667465D+04 -0.1625635D+04  0.0000000D+00
  0.4130355D+03  0.1005937D+04  0.1222470D+04  0.0000000D+00
  0.5578565D+04 -0.6612557D+03 -0.4234994D+03  0.0000000D+00
  0.2863840D+04 -0.3726243D+04  0.1586028D+03  0.0000000D+00
  0.1520821D+04 -0.1709551D+04  0.8260022D+02  0.0000000D+00
  0.5176647D+03 -0.1511018D+03  0.2394323D+02  0.0000000D+00
 -0.9202881D+02  0.7820957D+03 -0.1120014D+02  0.0000000D+00
 -0.1076214D+04  0.5492684D+03  0.1298535D+03  0.0000000D+00
  0.4008618D+04 -0.2778093D+04 -0.6885500D+03  0.0000000D+00
 -0.2947502D+04  0.3640101D+04  0.1237194D+04  0.0000000D+00
 -0.1479579D+05  0.6634687D+04 -0.6145318D+03  0.0000000D+00
  0.1019332D+05 -0.1883606D+04 -0.1301966D+04  0.0000000D+00
 -0.5238415D+04  0.1548762D+03  0.7586416D+03  0.0000000D+00
 -0.3467599D+04 -0.2368842D+03 -0.1863742D+03  0.0000000D+00
 -0.4094307D+04  0.4568678D+04  0.2830875D+03  0.0000000D+00
 -0.1463884D+04  0.9857990D+03  0.1004030D+03  0.0000000D+00
  0.5090315D+03 -0.1770852D+04 -0.4010587D+02  0.0000000D+00
  0.1705966D+04 -0.3424693D+04 -0.1244184D+03  0.0000000D+00
 -0.4621752D+03 -0.2899287D+03 -0.2047585D+02  0.0000000D+00
  0.1746296D+04  0.1286183D+04  0.7930391D+02  0.0000000D+00
 -0.6672028D+03 -0.1984147D+04 -0.1130287D+03  0.0000000D+00
 -0.4448547D+04  0.8103772D+03  0.1777065D+03  0.0000000D+00
  0.3373156D+04  0.1323286D+04  0.9646042D+01  0.0000000D+00
  0.1970225D+04 -0.2737414D+03  0.8702721D+03  0.0000000D+00
  0.3045043D+04 -0.1475492D+03 -0.4437926D+03  0.0000000D+00
  0.1540447D+04 -0.1029249D+04  0.6236361D+01  0.0000000D+00
  0.1033649D+04 -0.1683497D+03 -0.7343807D+03  0.0000000D+00
  0.6456114D+03  0.4983835D+03 -0.1311630D+04  0.0000000D+00
  0.4123207D+03  0.8972472D+03 -0.1656000D+04  0.0000000D+00
 -0.1943686D+02 -0.1105761D+03  0.7839336D+01  0.0000000D+00
 -0.2724535D+02  0.5494440D+03 -0.4888677D+02  0.0000000D+00
 -0.3157805D+02 -0.7840975D+03  0.8752223D+02  0.0000000D+00
  0.4731330D+03  0.6282151D+03 -0.1396305D+03  0.0000000D+00
 -0.7712335D+03 -0.7911178D+03  0.2308377D+03  0.0000000D+00
  0.3357948D+03  0.2146368D+04 -0.3406353D+03  0.0000000D+00
 -0.1304227D+04 -0.1887730D+04  0.8282029D+03  0.0000000D+00
  0.2599592D+03  0.2001855D+03 -0.7365375D+03  0.0000000D+00
 -0.2614552D+03  0.1899674D+04 -0.1743571D+03  0.0000000D+00
 -0.6676052D+03  0.3209306D+04  0.2632815D+03  0.0000000D+00
 -0.9099732D+03  0.3994480D+04  0.5245049D+03  0.0000000D+00
  0.5436153D+01  0.4514087D+02 -0.3666386D+01  0.0000000D+00
 -0.7729295D+02 -0.2113228D+03  0.1430357D+02  0.0000000D+00
  0.1247817D+03  0.1619923D+03 -0.2599041D+02  0.0000000D+00
  0.6025327D+01  0.9943393D+03  0.4118929D+02  0.0000000D+00
  0.2613401D+03 -0.3576858D+03 -0.8840039D+02  0.0000000D+00
 -0.1508915D+04 -0.6040622D+03  0.9641596D+02  0.0000000D+00
 -0.8063230D+02 -0.1381396D+04  0.1058580D+02  0.0000000D+00
  0.1223877D+03 -0.1019583D+04 -0.1754850D+03  0.0000000D+00
  0.5346244D+03  0.2116882D+03  0.1851305D+03  0.0000000D+00
  0.8444326D+03  0.1149631D+04  0.4623750D+03  0.0000000D+00
  0.1032226D+04  0.1714799D+04  0.6287626D+03  0.0000000D+00
  0.2612736D+02  0.7133637D+01  0.1082778D+01  0.0000000D+00
 -0.3791502D+02 -0.2675016D+02 -0.7544706D+01  0.0000000D+00
  0.1951610D+03  0.9833079D+01  0.1168408D+02  0.0000000D+00
 -0.3823928D+03  0.7535982D+02 -0.1267456D+02  0.0000000D+00
  0.1963732D+03  0.4727874D+03  0.5405816D+02  0.0000000D+00
 -0.3130787D+03 -0.1531176D+04 -0.1260001D+03  0.0000000D+00
  0.1478118D+04  0.1008111D+04  0.1614290D+03  0.0000000D+00
 -0.6321060D+02  0.2878970D+02  0.3441731D+03  0.0000000D+00
 -0.9311908D+03 -0.7185667D+03  0.1818336D+03  0.0000000D+00
 -0.1589978D+04 -0.1288052D+04  0.5810932D+02  0.0000000D+00
 -0.1987567D+04 -0.1631158D+04 -0.1642640D+02  0.0000000D+00
 -0.6409159D+02 -0.1391206D+02  0.4462009D+01  0.0000000D+00
  0.1894674D+03  0.1026158D+03 -0.3026407D+02  0.0000000D+00
 -0.3605998D+03 -0.2568280D+03  0.5625407D+02  0.0000000D+00
  0.6863782D+03  0.4847810D+03 -0.1008037D+03  0.0000000D+00
 -0.5058115D+03 -0.3476038D+03  0.1659044D+03  0.0000000D+00
  0.1390171D+04  0.9757965D+03 -0.2798935D+03  0.0000000D+00
 -0.2181479D+04 -0.9829461D+03  0.6303300D+03  0.0000000D+00
 -0.1456645D+04  0.4014515D+04 -0.2693534D+03  0.0000000D+00
 -0.1213015D+03  0.3677307D+03  0.3529431D+03  0.0000000D+00
  0.8813255D+03 -0.2418514D+04  0.8336880D+03  0.0000000D+00
  0.1489321D+04 -0.4095217D+04  0.1121596D+04  0.0000000D+00
 -0.1623823D+02 -0.2865234D+02 -0.4887877D+01  0.0000000D+00
  0.8352504D+02  0.1543693D+03  0.2226808D+02  0.0000000D+00
 -0.1911611D+03 -0.2493811D+03 -0.3811079D+02  0.0000000D+00
  0.5215273D+02  0.6746205D+02  0.6020655D+02  0.0000000D+00
  0.3499614D+03 -0.1743942D+03 -0.9123340D+02  0.0000000D+00
 -0.4921253D+03  0.5260157D+03  0.1462211D+03  0.0000000D+00
 -0.2574580D+03 -0.2680028D+03 -0.9196835D+02  0.0000000D+00
  0.1529652D+04 -0.1991437D+04  0.2968075D+03  0.0000000D+00
  0.1189452D+04 -0.7606481D+03  0.1270240D+03  0.0000000D+00
  0.9441761D+03  0.1644194D+03 -0.4858315D+01  0.0000000D+00
  0.7927162D+03  0.7251279D+03 -0.8365216D+02  0.0000000D+00
  0.1724583D+02 -0.2436749D+02  0.1148358D+01  0.0000000D+00
 -0.4545135D+02  0.1033611D+03 -0.6133633D+01  0.0000000D+00
  0.1017381D+03 -0.8149776D+02  0.7770134D+01  0.0000000D+00
 -0.3215277D+03 -0.2361771D+03 -0.1021216D+02  0.0000000D+00
  0.1090731D+03  0.3127827D+03  0.1867012D+01  0.0000000D+00
 -0.2863757D+02 -0.5799733D+03  0.2728320D+01  0.0000000D+00
  0.4015558D+03  0.5828547D+03 -0.2758458D+02  0.0000000D+00
  0.5693271D+03 -0.2180842D+04  0.2956350D+02  0.0000000D+00
 -0.7847194D+03 -0.5495951D+03 -0.6009963D+03  0.0000000D+00
 -0.1819225D+04  0.6845828D+03 -0.1087561D+04  0.0000000D+00
 -0.2441770D+04  0.1430481D+04 -0.1379103D+04  0.0000000D+00
  0.2325746D+03 -0.2553594D+03 -0.2217704D+02  0.0000000D+00
 -0.2634050D+04  0.1011954D+04 -0.1035728D+03  0.0000000D+00
  0.3951792D+04  0.7022955D+03  0.6066320D+03  0.0000000D+00
  0.1749566D+05 -0.1300803D+04 -0.1256833D+04  0.0000000D+00
 -0.1049013D+05  0.2242098D+04  0.1242734D+04  0.0000000D+00
  0.3693878D+04 -0.1802215D+04 -0.6418213D+03  0.0000000D+00
 -0.8549679D+03 -0.1139584D+03  0.1037201D+03  0.0000000D+00
  0.1856099D+04  0.1736267D+04 -0.1428389D+03  0.0000000D+00
  0.6329417D+03  0.1725165D+04 -0.6532825D+03  0.0000000D+00
 -0.3018488D+03  0.1708034D+04 -0.1051587D+04  0.0000000D+00
 -0.8643174D+03  0.1700001D+04 -0.1289088D+04  0.0000000D+00
  0.3171995D+03 -0.3789035D+03 -0.2373704D+01  0.0000000D+00
 -0.2468884D+04  0.1614882D+04 -0.1984031D+03  0.0000000D+00
  0.2690721D+04  0.2511331D+03  0.7352430D+03  0.0000000D+00
  0.2057719D+05 -0.2254593D+04 -0.9679725D+03  0.0000000D+00
 -0.1399995D+05 -0.1618234D+04  0.9651694D+03  0.0000000D+00
  0.2094498D+04  0.2994300D+04 -0.9890038D+03  0.0000000D+00
 -0.8190842D+03  0.3536707D+03  0.7944212D+03  0.0000000D+00
 -0.5139936D+03 -0.2073211D+04 -0.4328636D+03  0.0000000D+00
 -0.7252145D+03 -0.1464617D+04  0.1835247D+03  0.0000000D+00
 -0.8845642D+03 -0.9825942D+03  0.6563458D+03  0.0000000D+00
 -0.9809907D+03 -0.6969948D+03  0.9403876D+03  0.0000000D+00
  0.1055358D+03 -0.3227652D+03 -0.7192333D+02  0.0000000D+00
 -0.2503593D+03  0.1964773D+04  0.2110032D+03  0.0000000D+00
  0.8095942D+03 -0.3694148D+04 -0.3827371D+02  0.0000000D+00
 -0.9234046D+02 -0.1911034D+04 -0.3826142D+03  0.0000000D+00
 -0.7049630D+03  0.7066566D+03 -0.7286339D+03  0.0000000D+00
  0.1510492D+04 -0.1667419D+04  0.4938392D+03  0.0000000D+00
  0.1312541D+03  0.4664727D+03  0.3352801D+02  0.0000000D+00
 -0.8749425D+03 -0.2529522D+04 -0.6417897D+03  0.0000000D+00
  0.8037727D+03 -0.3413882D+04 -0.2387575D+04  0.0000000D+00
  0.2089228D+04 -0.4060734D+04 -0.3730544D+04  0.0000000D+00
  0.2862031D+04 -0.4457568D+04 -0.4536313D+04  0.0000000D+00
  0.4432063D+02  0.1574166D+03 -0.2125978D+01  0.0000000D+00
 -0.1516703D+02 -0.8220971D+03  0.8802830D+01  0.0000000D+00
  0.5389744D+02  0.1260261D+04 -0.1336101D+02  0.0000000D+00
 -0.2498104D+03 -0.6025714D+03  0.3033978D+02  0.0000000D+00
 -0.9964674D+03  0.2041172D+03 -0.4812288D+02  0.0000000D+00
  0.1464989D+04 -0.7103820D+03  0.9454097D+02  0.0000000D+00
 -0.1193165D+04  0.1385647D+04 -0.1640570D+03  0.0000000D+00
 -0.2807367D+04 -0.2012676D+04  0.7948858D+02  0.0000000D+00
 -0.9216529D+02 -0.2363653D+04  0.3951284D+03  0.0000000D+00
  0.1974174D+04 -0.2657798D+04  0.6385387D+03  0.0000000D+00
  0.3219799D+04 -0.2827978D+04  0.7844258D+03  0.0000000D+00
 -0.3571543D+02  0.3074099D+02  0.4374593D+01  0.0000000D+00
  0.2985183D+03 -0.1815658D+03 -0.1516145D+02  0.0000000D+00
 -0.3033037D+03  0.3469385D+03  0.3121442D+02  0.0000000D+00
 -0.4601742D+02 -0.2822360D+03 -0.4501859D+02  0.0000000D+00
 -0.1981312D+03  0.1482029D+03  0.5096099D+02  0.0000000D+00
  0.3792771D+03 -0.5694026D+03 -0.5909271D+02  0.0000000D+00
 -0.1148869D+04  0.5634170D+03  0.4743477D+02  0.0000000D+00
  0.7404955D+03  0.5212172D+03 -0.6958932D+03  0.0000000D+00
  0.1090571D+04  0.5483041D+03  0.1422237D+04  0.0000000D+00
  0.1368022D+04  0.5468193D+03  0.3051874D+04  0.0000000D+00
  0.1532362D+04  0.5517597D+03  0.4029575D+04  0.0000000D+00
 -0.5285158D+02  0.5022999D+02 -0.2509041D+00  0.0000000D+00
  0.9597693D+02 -0.2612888D+03  0.3314974D+00  0.0000000D+00
 -0.1595038D+03  0.3706925D+03 -0.2415298D+01  0.0000000D+00
 -0.5546029D+03  0.2710226D+03  0.1527350D+02  0.0000000D+00
  0.4834879D+03 -0.6301130D+03 -0.1393733D+02  0.0000000D+00
 -0.2497915D+03  0.1132582D+04  0.2829624D+02  0.0000000D+00
  0.9234538D+03 -0.4113890D+03 -0.3319778D+03  0.0000000D+00
 -0.7018799D+03  0.2741492D+04  0.6696770D+03  0.0000000D+00
 -0.7179573D+03  0.2503778D+04 -0.1993772D+03  0.0000000D+00
 -0.7303621D+03  0.2355538D+04 -0.8659430D+03  0.0000000D+00
 -0.7377960D+03  0.2257557D+04 -0.1266388D+04  0.0000000D+00
  0.2570813D+01 -0.1789577D+02 -0.1307488D+01  0.0000000D+00
 -0.3935672D+02  0.9864638D+02 -0.5661039D+01  0.0000000D+00
 -0.2204068D+02 -0.1800530D+03  0.5834079D+01  0.0000000D+00
  0.1004703D+03 -0.2794248D+03 -0.1663128D+02  0.0000000D+00
 -0.2225025D+03 -0.1966128D+03  0.2423118D+02  0.0000000D+00
 -0.2301217D+03  0.5329028D+03 -0.7918918D+02  0.0000000D+00
 -0.1432412D+03  0.1003193D+04  0.2087658D+03  0.0000000D+00
 -0.1223302D+04  0.8413764D+03 -0.5141584D+01  0.0000000D+00
 -0.3265306D+04  0.4074611D+03 -0.2353323D+03  0.0000000D+00
 -0.4837859D+04  0.5354275D+02 -0.4121026D+03  0.0000000D+00
 -0.5780927D+04 -0.1535411D+03 -0.5182431D+03  0.0000000D+00
 -0.7997662D+01 -0.3163271D+02 -0.1933277D+01  0.0000000D+00
  0.4502847D+02  0.1849240D+03  0.6903471D+01  0.0000000D+00
 -0.6455809D+02 -0.3307597D+03 -0.1660390D+02  0.0000000D+00
  0.6648386D+03 -0.7791200D+00  0.1740034D+02  0.0000000D+00
  0.5163459D+03  0.2515144D+03 -0.3088880D+02  0.0000000D+00
 -0.9239241D+03 -0.4694247D+03  0.3209373D+02  0.0000000D+00
 -0.5970073D+03 -0.1030037D+04  0.5843884D+02  0.0000000D+00
  0.2704076D+04 -0.1372790D+04  0.2896791D+03  0.0000000D+00
  0.7512224D+03 -0.1652088D+03  0.4849655D+01  0.0000000D+00
 -0.7529113D+03  0.7361046D+03 -0.2127590D+03  0.0000000D+00
 -0.1654883D+04  0.1284100D+04 -0.3437133D+03  0.0000000D+00
  0.3503583D+02  0.1274155D+02 -0.1781605D+01  0.0000000D+00
 -0.7363465D+02 -0.8002270D+02  0.8350281D+01  0.0000000D+00
  0.1109708D+03  0.1341716D+03 -0.1257253D+02  0.0000000D+00
  0.2044554D+03 -0.8593521D+02  0.1186242D+02  0.0000000D+00
  0.4427799D+03  0.4748513D+03 -0.5306898D+02  0.0000000D+00
 -0.4064196D+03 -0.4048457D+03  0.1114173D+03  0.0000000D+00
  0.4617534D+03 -0.8638816D+03 -0.2452760D+03  0.0000000D+00
  0.2036076D+03  0.7637285D+03  0.6761513D+03  0.0000000D+00
  0.1226700D+04 -0.1053145D+04 -0.5419467D+03  0.0000000D+00
  0.1997274D+04 -0.2425391D+04 -0.1480216D+04  0.0000000D+00
  0.2463908D+04 -0.3255368D+04 -0.2042844D+04  0.0000000D+00
