  3  2   693  9216  4  4  9 11  7  1    0.00   24.00  100.00  550.00    0.00    6.28   45.00   45.00
  100.0  100.0  100.0  100.0  125.0  150.0  190.0  230.0  275.0  350.0  450.0  600.0  600.0  600.0  600.0
  0.1835592D+03 -0.1023813D+02 -0.1463505D+00  0.0000000D+00
  0.3136856D+03  0.1177914D+02 -0.2146445D+01  0.0000000D+00
  0.4446193D+03  0.7950983D+02  0.4835808D+01  0.0000000D+00
  0.8399473D+03 -0.2416507D+02 -0.1859882D+02  0.0000000D+00
  0.1254925D+04 -0.1942920D+03 -0.2354340D+02  0.0000000D+00
  0.1356829D+04  0.2265432D+03  0.1727046D+02  0.0000000D+00
  0.1430397D+04  0.1038897D+03 -0.1415935D+01  0.0000000D+00
  0.1462804D+04  0.2494910D+02  0.1781879D+01  0.0000000D+00
  0.1618573D+04  0.5944972D+02 -0.8762505D+01  0.0000000D+00
  0.1738067D+04  0.8556808D+02 -0.1684568D+02  0.0000000D+00
  0.1809849D+04  0.1013489D+03 -0.2170289D+02  0.0000000D+00
 -0.1942961D+02 -0.2323068D+01 -0.1201368D+01  0.0000000D+00
  0.5831194D+02 -0.2995358D+02  0.2590769D+01  0.0000000D+00
  0.4101839D+02  0.8105705D+02 -0.7047942D+01  0.0000000D+00
 -0.1942311D+03 -0.1848760D+03  0.7711633D+01  0.0000000D+00
 -0.4803607D+03  0.3856767D+02 -0.2641665D+02  0.0000000D+00
 -0.4698847D+03  0.2703832D+02  0.2171630D+02  0.0000000D+00
 -0.5555016D+03  0.2639499D+03  0.1260460D+02  0.0000000D+00
 -0.5861023D+03  0.2908858D+03  0.2976738D+02  0.0000000D+00
 -0.6790432D+03  0.1580698D+03  0.3494883D+02  0.0000000D+00
 -0.7503768D+03  0.5607205D+02  0.3896560D+02  0.0000000D+00
 -0.7932187D+03 -0.5170302D+01  0.4136754D+02  0.0000000D+00
  0.5604837D+01  0.6870121D+01  0.1323560D+00  0.0000000D+00
  0.2274712D+02 -0.1876020D+02  0.7120140D+01  0.0000000D+00
 -0.2848365D+02  0.3450185D+02 -0.6915622D+01  0.0000000D+00
 -0.2156225D+02 -0.5890293D+02  0.1605607D+02  0.0000000D+00
 -0.3908030D+02 -0.1117329D+02 -0.9752822D+01  0.0000000D+00
  0.4721937D+02 -0.7385308D+02  0.1424725D+02  0.0000000D+00
  0.6541468D+02 -0.4944006D+02  0.9157931D+01  0.0000000D+00
  0.1243294D+03  0.1395776D+02  0.1172750D+02  0.0000000D+00
  0.7657725D+02 -0.2299858D+02  0.2123107D+02  0.0000000D+00
  0.3975650D+02 -0.5150445D+02  0.2859793D+02  0.0000000D+00
  0.1768703D+02 -0.6858758D+02  0.3300329D+02  0.0000000D+00
 -0.2537875D+00 -0.1489799D+00 -0.1585130D-01  0.0000000D+00
  0.2908096D+01  0.9756403D+00  0.1011854D+00  0.0000000D+00
 -0.6119434D+01 -0.2193704D+01 -0.1745306D+00  0.0000000D+00
  0.1302169D+02  0.3494223D+01  0.9190412D-01  0.0000000D+00
 -0.3161024D+02 -0.7240757D+01  0.1075184D-01  0.0000000D+00
 -0.2114331D+02  0.1280530D+02 -0.1160380D+01  0.0000000D+00
 -0.2866512D+02 -0.4139851D+02 -0.3565818D+01  0.0000000D+00
 -0.9151221D+02 -0.2723969D+02 -0.1561900D+02  0.0000000D+00
 -0.8318687D+02 -0.2393100D+02 -0.1010801D+02  0.0000000D+00
 -0.7679543D+02 -0.2162177D+02 -0.5869508D+01  0.0000000D+00
 -0.7295725D+02 -0.2017451D+02 -0.3326216D+01  0.0000000D+00
  0.2721560D+00 -0.9883561D-01 -0.1340890D-01  0.0000000D+00
 -0.5169470D+01  0.6214551D+00  0.2287712D-01  0.0000000D+00
  0.4921814D+01 -0.1107469D+01 -0.8297998D-01  0.0000000D+00
  0.1609234D+01  0.7966744D+00  0.9864241D-01  0.0000000D+00
  0.6431221D+01 -0.3628560D+01  0.1572672D+00  0.0000000D+00
  0.3117596D+02  0.1516641D+02 -0.9402378D+00  0.0000000D+00
 -0.2162780D+02  0.1748994D+02 -0.2861932D+01  0.0000000D+00
 -0.6383477D+02  0.1416903D+02  0.5636281D+01  0.0000000D+00
 -0.6598177D+02 -0.5267308D+01  0.3350891D+01  0.0000000D+00
 -0.6748806D+02 -0.2034293D+02  0.1586848D+01  0.0000000D+00
 -0.6842973D+02 -0.2935576D+02  0.5300087D+00  0.0000000D+00
 -0.6017482D+00 -0.7571548D-01 -0.2498200D-01  0.0000000D+00
  0.3515327D-01  0.3454817D+00  0.1580642D+00  0.0000000D+00
  0.6735861D+01 -0.7737608D+00 -0.2888626D+00  0.0000000D+00
 -0.1574932D+02  0.2449123D+01  0.4677297D+00  0.0000000D+00
  0.2095111D+02 -0.3218222D+01 -0.7344849D+00  0.0000000D+00
  0.2513589D+02  0.5057891D+01  0.2083096D+01  0.0000000D+00
  0.1014134D+03 -0.3749803D+02 -0.2462033D+01  0.0000000D+00
  0.1400346D+03 -0.5119418D+02  0.1896600D+01  0.0000000D+00
  0.1495679D+03 -0.2751467D+02 -0.2209945D+01  0.0000000D+00
  0.1569766D+03 -0.9310684D+01 -0.5387469D+01  0.0000000D+00
  0.1614021D+03  0.1614607D+01 -0.7289108D+01  0.0000000D+00
 -0.3759857D+00  0.4536076D-01  0.7114848D-02  0.0000000D+00
  0.9723535D+01 -0.2837159D+00 -0.5230529D-01  0.0000000D+00
 -0.9703855D+01  0.7775285D+00  0.1046892D+00  0.0000000D+00
 -0.1789522D+01 -0.1303051D+01 -0.3119033D-01  0.0000000D+00
 -0.5124048D+01  0.4029909D+01 -0.3726007D+00  0.0000000D+00
 -0.1130893D+02 -0.1395871D+02  0.1988076D+01  0.0000000D+00
 -0.6091698D+02  0.7910258D+01 -0.7572058D-01  0.0000000D+00
 -0.7056931D+02  0.2832103D+00 -0.5708990D+01  0.0000000D+00
 -0.4907285D+02  0.6929109D+01 -0.5568701D+01  0.0000000D+00
 -0.3263768D+02  0.1190705D+02 -0.5432327D+01  0.0000000D+00
 -0.2275025D+02  0.1492890D+02 -0.5357943D+01  0.0000000D+00
  0.9020340D+00 -0.1574708D-01  0.9008464D-02  0.0000000D+00
 -0.2506483D+01  0.3800750D+00 -0.3482018D-02  0.0000000D+00
 -0.1755051D+01 -0.9635115D+00  0.2422927D-01  0.0000000D+00
  0.4778334D+01  0.1394568D+01  0.5084812D-01  0.0000000D+00
  0.6852080D+01 -0.2132969D+01 -0.2703131D+00  0.0000000D+00
 -0.1275633D+02  0.5040727D+01  0.8662524D+00  0.0000000D+00
 -0.6269950D-01  0.1568272D+02 -0.1861733D+01  0.0000000D+00
  0.2241396D+02  0.1556925D+02  0.5509003D+01  0.0000000D+00
  0.2204566D+02  0.7679649D+01  0.2825962D+01  0.0000000D+00
  0.2168645D+02  0.1741836D+01  0.7444942D+00  0.0000000D+00
  0.2149075D+02 -0.1855089D+01 -0.4997870D+00  0.0000000D+00
  0.1728754D+00 -0.1196636D+00  0.1432342D-02  0.0000000D+00
 -0.3553405D+01  0.5194151D+00  0.1083023D-01  0.0000000D+00
  0.5481025D+01 -0.8762601D+00 -0.4970140D-01  0.0000000D+00
 -0.2671057D+01 -0.5174393D+00  0.4957339D-01  0.0000000D+00
  0.4259507D+01 -0.1517413D+01  0.9646667D-01  0.0000000D+00
 -0.4576791D+01  0.5113388D+01 -0.1001220D+01  0.0000000D+00
  0.2184847D+02 -0.1422661D+01 -0.1664606D-01  0.0000000D+00
  0.3819508D+02 -0.1586313D+02  0.8305353D+00  0.0000000D+00
  0.4187607D+02 -0.1124933D+02  0.3745589D+00  0.0000000D+00
  0.4472522D+02 -0.7529576D+01  0.4380921D-02  0.0000000D+00
  0.4643003D+02 -0.5342321D+01 -0.2126471D+00  0.0000000D+00
  0.3835379D+01 -0.1211053D+02 -0.9286935D+00  0.0000000D+00
 -0.5083427D+02  0.2849069D+02 -0.6318117D+01  0.0000000D+00
  0.2540854D+02 -0.1211174D+03  0.3767767D+01  0.0000000D+00
 -0.1612958D+03  0.1760752D+03 -0.6185433D+01  0.0000000D+00
 -0.9926099D+02 -0.4868365D+02 -0.2140600D+02  0.0000000D+00
 -0.2542071D+03 -0.4153667D+02  0.7555900D+01  0.0000000D+00
 -0.1180461D+03 -0.4775614D+02 -0.1416217D+02  0.0000000D+00
 -0.6109584D+02  0.2681919D+02 -0.1696009D+02  0.0000000D+00
 -0.5109205D+02  0.1670512D+02 -0.2635805D+02  0.0000000D+00
 -0.4374313D+02  0.9047276D+01 -0.3349996D+02  0.0000000D+00
 -0.3924289D+02  0.4420662D+01 -0.3780794D+02  0.0000000D+00
  0.8558369D+01 -0.1036440D+02 -0.2488584D+01  0.0000000D+00
 -0.3556813D+02  0.2923453D+01  0.5713011D+00  0.0000000D+00
  0.2968556D+02 -0.6308805D+02 -0.6780350D+00  0.0000000D+00
 -0.1921478D+02  0.6262340D+02 -0.5104312D+01  0.0000000D+00
 -0.2428599D+01 -0.6789180D+02  0.2152668D+01  0.0000000D+00
  0.2129263D+02  0.4708232D+02 -0.2837537D+01  0.0000000D+00
  0.1235399D+03  0.3759144D+02  0.1241142D+02  0.0000000D+00
  0.5041502D+01 -0.9003116D+02  0.2435595D+02  0.0000000D+00
  0.2622907D+02 -0.1081978D+03  0.3392481D+02  0.0000000D+00
  0.4236163D+02 -0.1221410D+03  0.4128257D+02  0.0000000D+00
  0.5208462D+02 -0.1305152D+03  0.4569797D+02  0.0000000D+00
  0.7888927D+00  0.7554493D+01  0.1649185D+01  0.0000000D+00
 -0.1309326D+02 -0.3030467D+02 -0.5851542D+01  0.0000000D+00
  0.5935978D+01  0.5478196D+02  0.1121820D+02  0.0000000D+00
  0.1269939D+02 -0.8022779D+02 -0.7854320D+01  0.0000000D+00
  0.1304214D+01  0.6336921D+02  0.6332064D+01  0.0000000D+00
 -0.2282728D+02  0.2055835D+02 -0.4198439D+01  0.0000000D+00
  0.6833165D+01  0.4074814D+02 -0.4330118D+01  0.0000000D+00
 -0.1638905D+02  0.9440003D+02 -0.3234350D+00  0.0000000D+00
  0.1498849D+01  0.5371749D+02 -0.2778484D+01  0.0000000D+00
  0.1533453D+02  0.2218153D+02 -0.4601776D+01  0.0000000D+00
  0.2361623D+02  0.3323339D+01 -0.5712760D+01  0.0000000D+00
  0.6332524D-01 -0.8291996D-01  0.3697081D-01  0.0000000D+00
 -0.6792242D+00  0.3499187D+00 -0.1450381D+00  0.0000000D+00
  0.2318930D+01  0.2770242D+00  0.2697848D+00  0.0000000D+00
 -0.7091441D+01 -0.9436404D+00 -0.6148958D+00  0.0000000D+00
  0.1733371D+02  0.3976348D+00  0.9648765D+00  0.0000000D+00
  0.3397252D+02  0.1394903D+01 -0.2068062D+01  0.0000000D+00
  0.1774419D+02 -0.6992456D+01 -0.1307731D+01  0.0000000D+00
 -0.1774465D+02  0.2072892D+02 -0.7478996D+01  0.0000000D+00
 -0.9464907D+01  0.2552052D+02 -0.2918293D+01  0.0000000D+00
 -0.3230195D+01  0.2914591D+02  0.5495567D+00  0.0000000D+00
  0.5457331D+00  0.3133695D+02  0.2640806D+01  0.0000000D+00
  0.6391307D+00 -0.9064801D-01 -0.3342008D-01  0.0000000D+00
  0.9174851D+00  0.6280636D+00  0.1918064D+00  0.0000000D+00
 -0.1221574D+01 -0.1145644D+01 -0.3853629D+00  0.0000000D+00
 -0.4751328D+01  0.4774118D+01  0.5971169D+00  0.0000000D+00
  0.2050338D+02 -0.4729295D+01 -0.5303024D+00  0.0000000D+00
 -0.1254792D+02  0.1128800D+02 -0.1174247D+01  0.0000000D+00
  0.4879533D+01  0.2749278D+01 -0.9756229D-01  0.0000000D+00
  0.8696946D+01 -0.6381023D+02  0.4022969D+01  0.0000000D+00
  0.7266310D+01 -0.4849733D+02 -0.1054109D+01  0.0000000D+00
  0.6031644D+01 -0.3672017D+02 -0.5023351D+01  0.0000000D+00
  0.5325952D+01 -0.2965338D+02 -0.7388213D+01  0.0000000D+00
  0.4745161D+00 -0.3276523D-01 -0.4466162D-01  0.0000000D+00
  0.7780176D+00  0.2220454D+00  0.2059562D+00  0.0000000D+00
 -0.4146235D+01 -0.4514689D+00 -0.3705846D+00  0.0000000D+00
  0.7384278D+01 -0.1145377D+01  0.7821468D+00  0.0000000D+00
 -0.4831989D+01  0.2780263D+01 -0.7865215D+00  0.0000000D+00
 -0.1501798D+02 -0.5316613D+01  0.1306128D+01  0.0000000D+00
 -0.7994403D+01 -0.1805387D+00  0.7665677D+00  0.0000000D+00
  0.3691803D+01  0.2230248D+02 -0.1081776D+01  0.0000000D+00
  0.5572988D+01  0.2079643D+02 -0.3076775D+01  0.0000000D+00
  0.7008969D+01  0.1969518D+02 -0.4595469D+01  0.0000000D+00
  0.7873505D+01  0.1901945D+02 -0.5510835D+01  0.0000000D+00
 -0.1093162D+01 -0.1072897D-01  0.6339348D-02  0.0000000D+00
 -0.1227324D+01  0.1026883D+00 -0.4338549D-01  0.0000000D+00
  0.7663342D+00 -0.5612025D+00  0.1366303D+00  0.0000000D+00
  0.1048530D+02  0.1051356D+00 -0.8248440D-01  0.0000000D+00
 -0.2286724D+02  0.2760537D+01 -0.1039376D+00  0.0000000D+00
 -0.2104661D+02 -0.8937702D+01  0.1726269D+01  0.0000000D+00
 -0.4464906D+01 -0.1110196D+02  0.9491917D+00  0.0000000D+00
  0.5831919D+01 -0.5781269D+01  0.1652584D+01  0.0000000D+00
  0.2368743D+01 -0.1376883D+02 -0.8693278D+00  0.0000000D+00
 -0.1631355D+00 -0.1990513D+02 -0.2804393D+01  0.0000000D+00
 -0.1716843D+01 -0.2358899D+02 -0.3966711D+01  0.0000000D+00
 -0.1095708D+01  0.1218972D+00  0.3361419D-01  0.0000000D+00
  0.3227595D+00 -0.6135226D+00 -0.1817708D+00  0.0000000D+00
  0.1123577D+01  0.1756920D+01  0.3349034D+00  0.0000000D+00
  0.1081212D+01 -0.1670510D+01 -0.2630684D+00  0.0000000D+00
 -0.9081683D+01  0.3429641D+00  0.2952317D+00  0.0000000D+00
 -0.6253373D+01  0.5956861D+00 -0.1688935D+00  0.0000000D+00
 -0.2016930D+02  0.1010851D+02  0.6790113D+00  0.0000000D+00
 -0.1018123D+02 -0.8942727D+01  0.1864597D+01  0.0000000D+00
 -0.7919464D+01 -0.5249222D+00  0.8829353D+00  0.0000000D+00
 -0.6212515D+01  0.5984814D+01  0.1308404D+00  0.0000000D+00
 -0.5179702D+01  0.9881644D+01 -0.3212126D+00  0.0000000D+00
 -0.1596628D+00  0.2281444D+00 -0.2412192D-02  0.0000000D+00
  0.2941962D+01 -0.1379114D+01  0.1425051D-01  0.0000000D+00
 -0.4866397D+01  0.2367974D+01  0.9009730D-02  0.0000000D+00
  0.5898835D+00 -0.1011166D+01 -0.2506109D+00  0.0000000D+00
  0.3833949D+00 -0.1406482D+01  0.3161145D+00  0.0000000D+00
  0.1027862D+02  0.2271823D+01 -0.9818062D+00  0.0000000D+00
  0.5628745D+01  0.9304914D+01 -0.3049064D+00  0.0000000D+00
 -0.1870724D+02  0.3184022D+02 -0.6331260D+00  0.0000000D+00
 -0.8978991D+01  0.2469395D+02 -0.2540487D+01  0.0000000D+00
 -0.1536793D+01  0.1931053D+02 -0.4013693D+01  0.0000000D+00
  0.2939270D+01  0.1605078D+02 -0.4896046D+01  0.0000000D+00
  0.1209835D+02  0.1082944D+01  0.5209478D+00  0.0000000D+00
 -0.4170939D+02  0.1478114D+01  0.3926129D+01  0.0000000D+00
  0.7124881D+02 -0.2705069D+02 -0.3223381D+01  0.0000000D+00
 -0.1093075D+03  0.8166929D+01  0.4230676D+01  0.0000000D+00
  0.1732977D+01  0.3824993D+02 -0.7998204D+01  0.0000000D+00
  0.8470054D+02 -0.5887558D+01  0.1164689D+02  0.0000000D+00
  0.2871937D+02  0.6331785D+02  0.7516617D+01  0.0000000D+00
 -0.3048002D+01  0.1274962D+02  0.1447433D+02  0.0000000D+00
 -0.1135573D+02  0.5457980D+01  0.1215489D+02  0.0000000D+00
 -0.1754483D+02 -0.3472976D+00  0.1043048D+02  0.0000000D+00
 -0.2131106D+02 -0.3779190D+01  0.9380161D+01  0.0000000D+00
  0.3999887D+01 -0.3440307D+01  0.7023154D+00  0.0000000D+00
 -0.1682786D+02  0.3364103D+02  0.2561343D+01  0.0000000D+00
  0.3035122D+02 -0.8644858D+02 -0.2277958D+01  0.0000000D+00
 -0.5064726D+02  0.1283734D+03 -0.4501630D+01  0.0000000D+00
 -0.7743312D+02 -0.7074819D+02 -0.1664372D+02  0.0000000D+00
  0.3072721D+02  0.5017158D+02  0.1723940D+02  0.0000000D+00
 -0.2966160D+02 -0.5454233D+02 -0.1213439D+02  0.0000000D+00
  0.5349277D+02  0.2286990D+02 -0.1232409D+02  0.0000000D+00
  0.6063095D+02  0.1284763D+02  0.4641683D+01  0.0000000D+00
  0.6628566D+02  0.5407814D+01  0.1774880D+02  0.0000000D+00
  0.6963554D+02  0.8735932D+00  0.2559825D+02  0.0000000D+00
  0.3127448D+01  0.3443379D+00 -0.2614872D+00  0.0000000D+00
  0.1184846D+01  0.4425553D+01  0.1881695D+01  0.0000000D+00
  0.1265051D+02 -0.6302552D+01  0.4039565D+01  0.0000000D+00
 -0.1815128D+02 -0.3727126D+02 -0.1033146D+02  0.0000000D+00
 -0.3009781D+01 -0.5078369D+02  0.2188813D+02  0.0000000D+00
 -0.6016287D+01  0.3035669D+02 -0.8488647D+01  0.0000000D+00
 -0.1821149D+02 -0.3586054D+02  0.1595269D+02  0.0000000D+00
 -0.1746329D+02 -0.3727833D+02 -0.3171237D+01  0.0000000D+00
 -0.1300543D+02 -0.3908122D+02 -0.2826396D+01  0.0000000D+00
 -0.9510837D+01 -0.4010629D+02 -0.2497252D+01  0.0000000D+00
 -0.7431257D+01 -0.4081598D+02 -0.2316458D+01  0.0000000D+00
 -0.5774696D+00 -0.3718790D+00 -0.5736237D-01  0.0000000D+00
  0.4371831D+01  0.1851543D+01  0.3003067D+00  0.0000000D+00
 -0.8576058D+01 -0.2821925D+01 -0.5500853D+00  0.0000000D+00
  0.1367491D+02  0.3321901D+01  0.1010999D+01  0.0000000D+00
 -0.2692615D+02 -0.4248058D+01 -0.1909500D+01  0.0000000D+00
 -0.4536790D+00  0.1148327D+02  0.4436099D+01  0.0000000D+00
 -0.3444804D+02 -0.9624431D+01 -0.1103331D+02  0.0000000D+00
 -0.1986120D+02  0.6502053D+02  0.7297662D+01  0.0000000D+00
 -0.3957958D+02  0.8593335D+01  0.1868174D+01  0.0000000D+00
 -0.5487302D+02 -0.3517742D+02 -0.2303992D+01  0.0000000D+00
 -0.6401626D+02 -0.6134441D+02 -0.4808408D+01  0.0000000D+00
 -0.9300481D+00 -0.1269946D+00 -0.6334407D-01  0.0000000D+00
  0.1181070D+01  0.6871624D+00  0.3365966D+00  0.0000000D+00
 -0.2569874D+01 -0.1066225D+01 -0.6135629D+00  0.0000000D+00
  0.3576111D+01  0.2012689D+01  0.1002585D+01  0.0000000D+00
 -0.4766815D+01  0.1448549D+01 -0.1810027D+01  0.0000000D+00
  0.1077456D+02 -0.5061109D+01  0.3344369D+01  0.0000000D+00
  0.1370614D+02  0.2626300D+02 -0.5214641D+01  0.0000000D+00
  0.1153972D+02  0.3102506D+02  0.2488036D+01  0.0000000D+00
  0.6821431D+01  0.1626760D+02  0.5062404D+01  0.0000000D+00
  0.3288663D+01  0.4658655D+01  0.6978043D+01  0.0000000D+00
  0.1143724D+01 -0.2239547D+01  0.8144336D+01  0.0000000D+00
 -0.5031202D-01  0.3725156D+00  0.1779999D-01  0.0000000D+00
 -0.3157259D+00 -0.1889713D+01 -0.5782999D-01  0.0000000D+00
 -0.5338472D+00  0.3137447D+01  0.4386613D-01  0.0000000D+00
 -0.8445664D+00 -0.3778215D+01 -0.2873319D+00  0.0000000D+00
  0.8768359D+01  0.4436822D+01  0.5446978D+00  0.0000000D+00
  0.3546998D+01 -0.1345060D+02 -0.1803491D+01  0.0000000D+00
  0.1522391D+02  0.4853363D+01  0.3412561D+01  0.0000000D+00
 -0.1687288D+02 -0.2148112D+02  0.9051836D-01  0.0000000D+00
  0.4288486D+01 -0.7883871D+01 -0.1268713D+01  0.0000000D+00
  0.2063732D+02  0.2822040D+01 -0.2304160D+01  0.0000000D+00
  0.3042806D+02  0.9181159D+01 -0.2928074D+01  0.0000000D+00
  0.6802677D+00  0.2068528D+00  0.2283790D-02  0.0000000D+00
  0.6560892D+00 -0.8968611D+00  0.1301348D-01  0.0000000D+00
  0.1047390D+01  0.1100708D+01 -0.3974337D-01  0.0000000D+00
 -0.3456408D+01 -0.6575850D+00  0.1161557D+00  0.0000000D+00
  0.6644592D+01 -0.3552894D+00  0.5922807D-01  0.0000000D+00
  0.3206204D+01 -0.2051044D+00 -0.4008135D+00  0.0000000D+00
 -0.6231941D+01 -0.1230871D+02 -0.3287827D+01  0.0000000D+00
  0.7537258D+01  0.9814861D+01 -0.6927201D+00  0.0000000D+00
  0.9900030D+01  0.1073944D+02 -0.2406034D+01  0.0000000D+00
  0.1166252D+02  0.1150871D+02 -0.3694781D+01  0.0000000D+00
  0.1273444D+02  0.1195511D+02 -0.4475653D+01  0.0000000D+00
  0.1224520D+00 -0.2531574D+00 -0.5591308D-02  0.0000000D+00
  0.7894876D+00  0.1372564D+01  0.4613834D-01  0.0000000D+00
  0.5515126D+00 -0.2230240D+01 -0.6785007D-01  0.0000000D+00
 -0.7928252D+00  0.1692469D+01  0.1132769D+00  0.0000000D+00
 -0.4229300D+01 -0.3622462D+01 -0.7566006D-01  0.0000000D+00
 -0.3328094D+00  0.9743727D+01  0.3200543D+00  0.0000000D+00
  0.4107458D+01 -0.4660847D+01  0.7382339D+00  0.0000000D+00
  0.1300875D+02 -0.2202439D+02  0.1246559D+01  0.0000000D+00
  0.4536509D+01  0.1423146D+01  0.3085328D+00  0.0000000D+00
 -0.2051391D+01  0.1943883D+02 -0.4305589D+00  0.0000000D+00
 -0.5985601D+01  0.3025371D+02 -0.8694346D+00  0.0000000D+00
  0.2986851D+00 -0.6356070D-01  0.1641333D-01  0.0000000D+00
 -0.2069895D+01  0.2420181D+00 -0.6619038D-01  0.0000000D+00
  0.1138303D+01 -0.4644342D+00  0.7845759D-01  0.0000000D+00
 -0.1308003D+01  0.2695949D+01 -0.6864384D-01  0.0000000D+00
  0.2793956D+01 -0.2112475D+01  0.3604008D-01  0.0000000D+00
 -0.4558337D+01  0.4869653D+01  0.1126591D+00  0.0000000D+00
 -0.2091491D+01 -0.5494889D+01  0.6245699D+00  0.0000000D+00
 -0.1178140D+02 -0.1388090D+02 -0.9857307D+00  0.0000000D+00
  0.9497089D-01  0.1580716D+01 -0.1520885D+01  0.0000000D+00
  0.9148005D+01  0.1351065D+02 -0.1905082D+01  0.0000000D+00
  0.1460144D+02  0.2065911D+02 -0.2142776D+01  0.0000000D+00
 -0.1790875D+00  0.3464405D+01 -0.1400724D+00  0.0000000D+00
  0.5129235D+01 -0.2840708D+01 -0.5628541D+00  0.0000000D+00
 -0.2358164D+02  0.1500319D+02 -0.1595726D+01  0.0000000D+00
  0.4829980D+01 -0.4857986D+01  0.1329194D+01  0.0000000D+00
 -0.7237354D+01 -0.5542858D+01 -0.4272393D+01  0.0000000D+00
  0.4718761D+02  0.1075256D+02  0.9251474D+00  0.0000000D+00
  0.5484058D+02 -0.1852018D+02 -0.2923494D+01  0.0000000D+00
  0.3438450D+02  0.4534204D+00  0.3892466D+01  0.0000000D+00
  0.2382491D+02  0.8182985D+00 -0.2331538D+01  0.0000000D+00
  0.1599491D+02  0.1069935D+01 -0.7124443D+01  0.0000000D+00
  0.1122033D+02  0.1228479D+01 -0.9998829D+01  0.0000000D+00
 -0.1230140D+01  0.1972304D+01 -0.5427834D+00  0.0000000D+00
 -0.5960615D+01  0.4188084D+00  0.7520417D+00  0.0000000D+00
  0.3868201D+01  0.6044635D+01 -0.9321169D+00  0.0000000D+00
 -0.4558078D+02  0.4602740D+02  0.2027357D+01  0.0000000D+00
  0.2333850D+00  0.1382496D+02 -0.3219106D+01  0.0000000D+00
  0.2792427D+00  0.5870146D+01  0.4450005D+00  0.0000000D+00
 -0.9174500D+02  0.1514394D+02  0.1459887D+01  0.0000000D+00
 -0.4591500D+02  0.1067541D+01 -0.3368779D+01  0.0000000D+00
 -0.2685634D+02  0.2086000D+02  0.1042542D+01  0.0000000D+00
 -0.1246213D+02  0.3629605D+02  0.4459427D+01  0.0000000D+00
 -0.3756088D+01  0.4550245D+02  0.6503394D+01  0.0000000D+00
  0.1486387D+01  0.4453097D+00  0.2744405D+00  0.0000000D+00
 -0.2205932D+01  0.1311335D+01 -0.3048811D+00  0.0000000D+00
 -0.3212585D+00 -0.2415679D+01  0.1599866D+01  0.0000000D+00
 -0.7707792D+00  0.4540587D+02 -0.9091523D+00  0.0000000D+00
  0.2029957D+02 -0.4053778D+01  0.6356207D+01  0.0000000D+00
 -0.1432059D+02  0.2869598D+01 -0.4286965D+01  0.0000000D+00
  0.2249316D+01  0.8232538D+00  0.1187907D+01  0.0000000D+00
 -0.2161628D+02  0.5532311D+01  0.1644679D+01  0.0000000D+00
 -0.1189112D+02  0.4664840D+01  0.6132653D+00  0.0000000D+00
 -0.4667567D+01  0.4072674D+01 -0.1881205D+00  0.0000000D+00
 -0.2661359D+00  0.3697683D+01 -0.6668447D+00  0.0000000D+00
  0.1738548D+00  0.1089931D+00 -0.1047463D-01  0.0000000D+00
 -0.3864766D+01 -0.4963103D+00  0.3244737D-01  0.0000000D+00
  0.5790569D+01  0.5515264D+00 -0.6757402D-01  0.0000000D+00
 -0.5484500D+01  0.7695772D+00 -0.7636853D-01  0.0000000D+00
  0.4722855D+01 -0.4489992D+01  0.1368784D+00  0.0000000D+00
 -0.1472680D+02  0.1020224D+02 -0.4390085D+00  0.0000000D+00
  0.1894777D+02 -0.1940389D+02  0.1948896D+01  0.0000000D+00
  0.2628742D+02 -0.2949229D+01 -0.6331932D-02  0.0000000D+00
  0.7526095D+01 -0.3058428D+01  0.9777668D+00  0.0000000D+00
 -0.6695493D+01 -0.3206498D+01  0.1722877D+01  0.0000000D+00
 -0.1528345D+02 -0.3278574D+01  0.2173048D+01  0.0000000D+00
 -0.3672405D+00  0.9750166D-01  0.3546667D-02  0.0000000D+00
  0.1487079D+01 -0.7328318D+00 -0.4578994D-01  0.0000000D+00
  0.8118744D+00  0.1859070D+01  0.5823856D-01  0.0000000D+00
 -0.4839015D+01 -0.5026993D+01  0.6226566D-01  0.0000000D+00
  0.5079972D+01 -0.6253329D+00  0.7822089D-01  0.0000000D+00
 -0.5937874D+01  0.1881793D+00 -0.1069641D+01  0.0000000D+00
  0.8470313D+01 -0.7965842D+01  0.8118865D+00  0.0000000D+00
  0.1205636D+02  0.1066512D+01 -0.5372647D+00  0.0000000D+00
  0.8930752D+01 -0.4050130D+01 -0.1113928D+01  0.0000000D+00
  0.6628996D+01 -0.8100784D+01 -0.1561870D+01  0.0000000D+00
  0.5221166D+01 -0.1050116D+02 -0.1829496D+01  0.0000000D+00
  0.8028193D+00  0.1079806D+00 -0.1348798D-01  0.0000000D+00
 -0.7432604D+00 -0.5453670D+00  0.9675441D-01  0.0000000D+00
 -0.1745055D+01  0.8010221D+00 -0.1647474D+00  0.0000000D+00
  0.5606823D+00 -0.6357287D+00  0.2135304D+00  0.0000000D+00
  0.6071291D+01  0.1155104D+01 -0.1716105D+00  0.0000000D+00
 -0.7709220D+01 -0.4595039D+01  0.3919754D+00  0.0000000D+00
 -0.5626518D+01  0.8635646D+01 -0.1567912D+01  0.0000000D+00
 -0.1458993D+02  0.7142166D+01 -0.1151908D+01  0.0000000D+00
 -0.1098644D+02  0.1737629D-01 -0.7312238D+00  0.0000000D+00
 -0.8273724D+01 -0.5405729D+01 -0.4074602D+00  0.0000000D+00
 -0.6630620D+01 -0.8674608D+01 -0.2132413D+00  0.0000000D+00
  0.6222341D+00  0.6274785D-01  0.2966223D-01  0.0000000D+00
 -0.1051273D+01 -0.3510545D+00 -0.1381426D+00  0.0000000D+00
 -0.2032761D+01  0.4857688D+00  0.2560481D+00  0.0000000D+00
  0.5896122D+01  0.9411345D-01 -0.2548198D+00  0.0000000D+00
  0.1157959D+01  0.2511671D+01  0.2630744D+00  0.0000000D+00
 -0.1044581D+02 -0.4799598D+01 -0.1493675D+00  0.0000000D+00
  0.9793159D+01  0.5789033D+01  0.1011114D+01  0.0000000D+00
  0.1029676D+01 -0.2844241D+01 -0.4233783D+00  0.0000000D+00
 -0.4197259D+01  0.1115001D+02  0.9685815D+00  0.0000000D+00
 -0.8140829D+01  0.2196738D+02  0.2037278D+01  0.0000000D+00
 -0.1052715D+02  0.2844403D+02  0.2679023D+01  0.0000000D+00
 -0.5044636D+00 -0.4653458D-02  0.2588512D-02  0.0000000D+00
  0.6230648D+00  0.6294944D-01 -0.9885025D-02  0.0000000D+00
  0.2484123D+01 -0.3873537D+00  0.3483302D-01  0.0000000D+00
 -0.4735042D+01 -0.8664582D-01 -0.4887682D-01  0.0000000D+00
  0.6785918D+00  0.1332620D+01  0.1362414D+00  0.0000000D+00
  0.8608030D+00 -0.3222153D+01 -0.3115384D+00  0.0000000D+00
  0.1549576D+01  0.3879926D+01 -0.1303782D+00  0.0000000D+00
  0.5923590D+00 -0.6747533D+01  0.1912004D+01  0.0000000D+00
  0.5315230D+01 -0.4715879D+01  0.1207125D+01  0.0000000D+00
  0.8923888D+01 -0.3203280D+01  0.6550990D+00  0.0000000D+00
  0.1109544D+02 -0.2282639D+01  0.3264473D+00  0.0000000D+00
 -0.7734104D-03 -0.1967089D+00 -0.1936426D-01  0.0000000D+00
 -0.3197239D+00  0.1021712D+01  0.1427090D+00  0.0000000D+00
  0.4222448D+00 -0.1648986D+01 -0.2325939D+00  0.0000000D+00
 -0.1635032D+01  0.6316826D+00  0.1448084D+00  0.0000000D+00
  0.4363871D+01 -0.2035009D+00 -0.2930571D+00  0.0000000D+00
 -0.8065926D-01  0.2385161D+01  0.6558274D+00  0.0000000D+00
 -0.1088813D+01  0.1795987D+01 -0.9419698D+00  0.0000000D+00
 -0.6839142D+01 -0.4379713D+01  0.1462296D+00  0.0000000D+00
 -0.2408166D+01 -0.3079767D+01 -0.3055476D+00  0.0000000D+00
  0.8630554D+00 -0.2031517D+01 -0.6548660D+00  0.0000000D+00
  0.2861672D+01 -0.1415185D+01 -0.8639836D+00  0.0000000D+00
  0.2474449D+01 -0.8849454D+01  0.1797529D+00  0.0000000D+00
 -0.1669645D+02  0.3110559D+02  0.4795806D+00  0.0000000D+00
 -0.6583598D+01 -0.6243510D+02  0.2005937D+01  0.0000000D+00
 -0.1761308D+02  0.1458061D+03 -0.1424079D+01  0.0000000D+00
  0.1722937D+01 -0.1883252D+02  0.3521221D+01  0.0000000D+00
  0.4466939D+00 -0.4816402D+01 -0.2811507D+01  0.0000000D+00
  0.1380488D+02  0.1464398D+02 -0.4301650D+00  0.0000000D+00
  0.2985767D+01 -0.7224673D+01 -0.4835192D+01  0.0000000D+00
  0.2827574D+01 -0.7641689D+01 -0.5458583D+01  0.0000000D+00
  0.2708157D+01 -0.7882277D+01 -0.5901123D+01  0.0000000D+00
  0.2635914D+01 -0.8047641D+01 -0.6176301D+01  0.0000000D+00
  0.4814207D+01 -0.5962984D+01  0.5680816D+00  0.0000000D+00
 -0.2247553D+01  0.1469176D+02 -0.8250081D+00  0.0000000D+00
 -0.1673640D+02 -0.1350159D+02  0.3127306D+01  0.0000000D+00
 -0.4370745D+01  0.4382763D+02 -0.3537203D+01  0.0000000D+00
 -0.1850921D+02  0.8242098D+00 -0.5354070D+01  0.0000000D+00
 -0.1580589D+02  0.1261381D+02  0.1314160D+01  0.0000000D+00
 -0.3339031D+02 -0.9723962D+01  0.1069225D+01  0.0000000D+00
 -0.1395111D+02 -0.1060442D+02  0.8347908D+01  0.0000000D+00
 -0.8190611D+01 -0.4059389D+01  0.3097737D+00  0.0000000D+00
 -0.3834094D+01  0.8512776D+00 -0.5918773D+01  0.0000000D+00
 -0.1200669D+01  0.3830093D+01 -0.9644036D+01  0.0000000D+00
  0.9367696D+00 -0.6142411D+00 -0.9488292D+00  0.0000000D+00
 -0.9174344D+01  0.9406004D+01  0.5331048D+01  0.0000000D+00
  0.8713154D+01 -0.2398758D+02 -0.6056099D+01  0.0000000D+00
 -0.1546253D+01  0.2755122D+02  0.6753096D+01  0.0000000D+00
 -0.2251256D+01 -0.9670129D+01 -0.1256110D+00  0.0000000D+00
 -0.5128878D+01  0.6035219D+01  0.2598020D+00  0.0000000D+00
 -0.9120260D+01  0.5343200D+00  0.3096483D+00  0.0000000D+00
 -0.4508878D+01  0.4517846D+01  0.1000867D+01  0.0000000D+00
 -0.1046008D+02 -0.5673912D+01 -0.1610074D+01  0.0000000D+00
 -0.1506198D+02 -0.1352810D+02 -0.3577468D+01  0.0000000D+00
 -0.1781683D+02 -0.1823684D+02 -0.4768622D+01  0.0000000D+00
  0.2994003D+00  0.2206551D+00 -0.5532363D-02  0.0000000D+00
 -0.5899235D+00 -0.1114914D+01  0.7838649D-01  0.0000000D+00
  0.1643746D+01  0.1487315D+01 -0.1331080D+00  0.0000000D+00
 -0.2619685D+01 -0.2379807D+00  0.2373588D+00  0.0000000D+00
  0.4833661D+01  0.9071243D+00 -0.4135658D+00  0.0000000D+00
 -0.9343562D+01 -0.6915158D+00  0.7681199D+00  0.0000000D+00
  0.9430280D+01  0.4593249D+01 -0.6789379D+00  0.0000000D+00
 -0.2456746D+01 -0.1519835D+02 -0.1349862D+01  0.0000000D+00
  0.5171468D+01 -0.6598631D+01 -0.4246382D+01  0.0000000D+00
  0.1103899D+02  0.1262962D+00 -0.6498881D+01  0.0000000D+00
  0.1455957D+02  0.4132549D+01 -0.7844000D+01  0.0000000D+00
 -0.2391215D+00  0.9053933D-01 -0.1302756D-01  0.0000000D+00
 -0.3692457D+00 -0.5032757D+00  0.6137280D-01  0.0000000D+00
  0.1048055D+01  0.1146473D+01 -0.1366255D+00  0.0000000D+00
 -0.2760356D+01 -0.6950586D+00  0.4130037D-01  0.0000000D+00
  0.1000361D+02 -0.3134106D+00 -0.3402920D+00  0.0000000D+00
 -0.9611783D+00  0.1203671D+01  0.1181827D+01  0.0000000D+00
  0.1712082D+01  0.5732822D+01 -0.1816084D+01  0.0000000D+00
  0.1356518D+01 -0.4247881D+01 -0.2005898D+00  0.0000000D+00
  0.2321856D+01 -0.4575753D+00 -0.2854963D+01  0.0000000D+00
  0.3127423D+01  0.2470009D+01 -0.4917571D+01  0.0000000D+00
  0.3594289D+01  0.4223435D+01 -0.6149704D+01  0.0000000D+00
 -0.8725672D-01 -0.5901945D-01  0.2011120D-01  0.0000000D+00
 -0.1203356D+01  0.4046629D+00 -0.1036882D+00  0.0000000D+00
  0.2143407D+01 -0.6938067D+00  0.1877459D+00  0.0000000D+00
 -0.3123339D+01  0.2184310D+00 -0.3477436D+00  0.0000000D+00
  0.5754732D+01 -0.5435613D+00  0.2146198D+00  0.0000000D+00
  0.3464855D+00 -0.1448695D+01 -0.2835764D+00  0.0000000D+00
  0.1219959D+02  0.3019501D+01  0.3934099D+00  0.0000000D+00
  0.4770806D+01  0.7812613D+01  0.8491641D+00  0.0000000D+00
  0.4284021D+01  0.2806867D+01  0.1911393D+01  0.0000000D+00
  0.3920094D+01 -0.1151407D+01  0.2738866D+01  0.0000000D+00
  0.3698954D+01 -0.3498220D+01  0.3232637D+01  0.0000000D+00
  0.3410923D+00 -0.1459633D+00 -0.1654637D-01  0.0000000D+00
 -0.2304062D+00  0.7135101D+00  0.6564888D-01  0.0000000D+00
  0.2616743D+00 -0.7220889D+00 -0.1162855D+00  0.0000000D+00
 -0.8023266D+00 -0.1703763D+01  0.3324894D+00  0.0000000D+00
 -0.1448805D+01  0.1675380D+01 -0.1602419D+00  0.0000000D+00
 -0.3549052D+01 -0.3756408D+01  0.1020379D+00  0.0000000D+00
  0.1752167D+01  0.1281630D+01 -0.7861527D+00  0.0000000D+00
 -0.3893785D+01 -0.8166207D+01  0.2230713D+01  0.0000000D+00
  0.2163240D+01  0.1945088D+01  0.4212413D+00  0.0000000D+00
  0.6751832D+01  0.9695604D+01 -0.9838010D+00  0.0000000D+00
  0.9523458D+01  0.1435306D+02 -0.1823390D+01  0.0000000D+00
  0.4704586D+00  0.1312246D+00 -0.1626042D-02  0.0000000D+00
 -0.1082775D+01 -0.5996845D+00 -0.7174955D-02  0.0000000D+00
  0.2119506D+00  0.6263900D+00  0.1702574D-01  0.0000000D+00
 -0.9119365D+00  0.1995886D+00 -0.7747721D-01  0.0000000D+00
  0.3864736D+00 -0.1163354D+01  0.2349084D+00  0.0000000D+00
 -0.1233289D+01  0.2169613D+01 -0.4319772D+00  0.0000000D+00
 -0.8223944D+01  0.3107009D+01  0.1088694D+01  0.0000000D+00
  0.2671700D+01  0.3271003D+01  0.5176783D-01  0.0000000D+00
 -0.1770186D+01  0.5506404D+01 -0.1300836D+01  0.0000000D+00
 -0.5243166D+01  0.7250976D+01 -0.2334312D+01  0.0000000D+00
 -0.7312261D+01  0.8291179D+01 -0.2956228D+01  0.0000000D+00
  0.5614265D-01 -0.8006915D-01  0.1559527D-01  0.0000000D+00
 -0.1208465D+01  0.3568797D+00 -0.1057654D+00  0.0000000D+00
  0.1881898D+01 -0.8006397D+00  0.2054778D+00  0.0000000D+00
 -0.4652829D+01  0.4708571D+00 -0.2625631D+00  0.0000000D+00
 -0.1320944D+01  0.1480192D+00  0.3171040D+00  0.0000000D+00
  0.8790370D-01  0.1248022D+01 -0.6297990D+00  0.0000000D+00
  0.2127307D+01 -0.4398262D+00  0.1762776D+01  0.0000000D+00
  0.3855750D+01 -0.1433441D+01 -0.1537215D+01  0.0000000D+00
  0.3112346D+01 -0.2291102D+01 -0.1141652D+00  0.0000000D+00
  0.2520512D+01 -0.2894346D+01  0.1002036D+01  0.0000000D+00
  0.2170644D+01 -0.3271057D+01  0.1666124D+01  0.0000000D+00
 -0.1452558D+01 -0.5529782D+00  0.1466341D+00  0.0000000D+00
  0.1335579D+02 -0.4445287D+01 -0.8528568D+00  0.0000000D+00
 -0.2014778D+02  0.1534190D+02  0.1210671D+01  0.0000000D+00
  0.2268734D+01 -0.1487617D+02 -0.2534849D+01  0.0000000D+00
  0.4926335D+01  0.1460488D+02  0.2459671D+01  0.0000000D+00
  0.9103901D+01 -0.3546811D+01  0.1292823D+00  0.0000000D+00
 -0.8924088D+01 -0.7449918D+01  0.1174084D+01  0.0000000D+00
  0.2220041D+01 -0.1568924D+01  0.1731971D+00  0.0000000D+00
 -0.6818663D+01 -0.4934200D-01  0.2763586D+00  0.0000000D+00
 -0.1367165D+02  0.1095114D+01  0.3493425D+00  0.0000000D+00
 -0.1780960D+02  0.1788203D+01  0.3948005D+00  0.0000000D+00
 -0.6251037D+00  0.2781273D+00 -0.1058654D+00  0.0000000D+00
  0.7421131D+01 -0.1591047D+02 -0.1138499D+00  0.0000000D+00
 -0.1398439D+02  0.3621162D+02  0.1247172D+01  0.0000000D+00
 -0.1898223D+02 -0.5479779D+02 -0.4296645D+01  0.0000000D+00
  0.8835549D+01  0.3241580D+02  0.7912100D+00  0.0000000D+00
  0.2135867D+01 -0.2042074D+02  0.6272405D+00  0.0000000D+00
 -0.6573803D+01  0.1995397D+02 -0.3755126D+00  0.0000000D+00
 -0.2040035D+01 -0.2390987D+01 -0.6791186D+00  0.0000000D+00
  0.7729690D+01 -0.1173680D+02 -0.4111605D+00  0.0000000D+00
  0.1511261D+02 -0.1905340D+02 -0.1945688D+00  0.0000000D+00
  0.1957692D+02 -0.2340997D+02 -0.6734830D-01  0.0000000D+00
  0.1377616D+00  0.7097954D+00 -0.1687800D+00  0.0000000D+00
 -0.1457282D+01 -0.3135590D+01 -0.3105381D+00  0.0000000D+00
  0.5893318D+01  0.3731118D+01 -0.8388551D+00  0.0000000D+00
 -0.8654178D+01 -0.2184141D+02 -0.9469852D+00  0.0000000D+00
 -0.1217113D+01  0.1319469D+02  0.1616088D+01  0.0000000D+00
  0.1666978D+02 -0.3522357D+01 -0.1427187D+01  0.0000000D+00
  0.1719661D+01 -0.9978837D+00  0.1186793D+01  0.0000000D+00
  0.6803014D+01  0.1562162D+01 -0.2839357D-01  0.0000000D+00
  0.7605733D+01 -0.9282207D+01 -0.7998140D+00  0.0000000D+00
  0.8315960D+01 -0.1772257D+02 -0.1411944D+01  0.0000000D+00
  0.8717795D+01 -0.2276100D+02 -0.1774313D+01  0.0000000D+00
  0.4806323D+00 -0.2439794D+00  0.5168533D-02  0.0000000D+00
 -0.1513829D+01  0.1420180D+01 -0.2161467D-01  0.0000000D+00
  0.2663576D+01 -0.2438436D+01  0.1458189D-01  0.0000000D+00
 -0.5112292D+01  0.1872076D+01  0.3718846D-01  0.0000000D+00
  0.1122056D+02  0.2579521D+00 -0.8922055D-01  0.0000000D+00
 -0.8963882D+01 -0.6144505D+00  0.3299407D+00  0.0000000D+00
  0.1763702D+02 -0.2928660D+01  0.1042795D+01  0.0000000D+00
 -0.1262731D+01  0.9892977D+01  0.4941213D+00  0.0000000D+00
 -0.1021841D+01  0.8398426D+01  0.9390126D+00  0.0000000D+00
 -0.7325687D+00  0.7357686D+01  0.1273097D+01  0.0000000D+00
 -0.5861859D+00  0.6704787D+01  0.1475673D+01  0.0000000D+00
  0.7933207D-01 -0.1849772D+00  0.6410252D-02  0.0000000D+00
 -0.1338959D+00  0.1196807D+01  0.1497272D-01  0.0000000D+00
  0.6938822D+00 -0.2692053D+01 -0.4249234D-01  0.0000000D+00
 -0.7422787D-01  0.4957636D+01 -0.4891029D-01  0.0000000D+00
 -0.8465222D+00 -0.3604378D+01  0.5381193D-01  0.0000000D+00
  0.3282617D+01  0.4204195D+01 -0.3615401D+00  0.0000000D+00
 -0.1140772D+02 -0.8602059D+01  0.1206185D+01  0.0000000D+00
 -0.1410627D+01  0.5766282D+01 -0.2692483D-01  0.0000000D+00
 -0.1475856D+01 -0.7005982D+00 -0.3120625D+00  0.0000000D+00
 -0.1546397D+01 -0.5650817D+01 -0.5219148D+00  0.0000000D+00
 -0.1583419D+01 -0.8627278D+01 -0.6503043D+00  0.0000000D+00
  0.4621217D-01  0.6220439D-01  0.1263111D-01  0.0000000D+00
 -0.1580952D+01 -0.2556903D+00 -0.7821530D-01  0.0000000D+00
  0.1516539D+01  0.4430870D+00  0.1499737D+00  0.0000000D+00
 -0.1371211D+01 -0.3876604D+00 -0.1031423D+00  0.0000000D+00
  0.4477809D+00  0.4271556D+00 -0.4379845D-01  0.0000000D+00
  0.5934340D+00 -0.1320304D+01  0.1130002D+00  0.0000000D+00
 -0.5386044D+01  0.3961571D+01 -0.1618557D+01  0.0000000D+00
  0.9244575D+00 -0.5272506D+01 -0.6800686D+00  0.0000000D+00
  0.2355338D+01  0.5723207D+00 -0.7941283D+00  0.0000000D+00
  0.3415405D+01  0.5002149D+01 -0.8720057D+00  0.0000000D+00
  0.4062070D+01  0.7677331D+01 -0.9213056D+00  0.0000000D+00
 -0.2714500D+00  0.5558099D-01  0.3675998D-02  0.0000000D+00
  0.4701524D-01 -0.4319477D+00 -0.3262642D-01  0.0000000D+00
  0.3209110D+00  0.1025999D+01  0.4856044D-01  0.0000000D+00
 -0.2903136D+01 -0.2201517D+01 -0.6487531D-01  0.0000000D+00
  0.3076714D+01  0.1588690D+01  0.9737995D-01  0.0000000D+00
  0.2030806D+01 -0.2538987D+01 -0.1728561D+00  0.0000000D+00
  0.2844624D+01  0.6421855D+01  0.1337511D+00  0.0000000D+00
 -0.1550200D+01  0.3088547D+01 -0.2881628D+00  0.0000000D+00
 -0.2069421D+01  0.7304506D+00  0.1253998D+01  0.0000000D+00
 -0.2473175D+01 -0.1089452D+01  0.2435981D+01  0.0000000D+00
 -0.2714289D+01 -0.2179837D+01  0.3146291D+01  0.0000000D+00
 -0.6215928D-02 -0.9283427D-02 -0.4968248D-02  0.0000000D+00
  0.9141685D+00 -0.1380712D-03  0.5130386D-01  0.0000000D+00
 -0.3230278D+00 -0.1978770D-01 -0.9686076D-01  0.0000000D+00
  0.9244101D+00  0.9000162D+00  0.8071389D-01  0.0000000D+00
 -0.1184937D+00 -0.1119636D+01 -0.1623754D+00  0.0000000D+00
  0.4118776D+01  0.2226267D+01  0.3069165D+00  0.0000000D+00
 -0.8063230D+00 -0.3652722D+01 -0.7106212D+00  0.0000000D+00
 -0.1135072D+01 -0.3881249D+01  0.9212435D+00  0.0000000D+00
 -0.1922760D+01 -0.9248835D+00 -0.6756679D+00  0.0000000D+00
 -0.2475414D+01  0.1326764D+01 -0.1920409D+01  0.0000000D+00
 -0.2820924D+01  0.2683632D+01 -0.2662980D+01  0.0000000D+00
  0.4157816D+00  0.1371727D+00 -0.1151328D-01  0.0000000D+00
 -0.1155426D+01 -0.6950887D+00  0.8448563D-01  0.0000000D+00
  0.1181446D+01  0.1207142D+01 -0.1538852D+00  0.0000000D+00
 -0.2603773D+00 -0.7530069D+00  0.2316251D+00  0.0000000D+00
 -0.1169184D+01  0.1499861D+01 -0.2311400D+00  0.0000000D+00
  0.8746220D+00 -0.1351300D+01  0.4040981D+00  0.0000000D+00
  0.1864340D+01 -0.1190251D+01 -0.6136376D+00  0.0000000D+00
  0.1189112D+01 -0.7840009D+00  0.5354390D-01  0.0000000D+00
  0.1466258D+01  0.1041711D+01  0.1035504D+00  0.0000000D+00
  0.1712424D+01  0.2482438D+01  0.1477159D+00  0.0000000D+00
  0.1851497D+01  0.3337363D+01  0.1727289D+00  0.0000000D+00
 -0.6453779D+00  0.1096296D+02 -0.6629154D-01  0.0000000D+00
 -0.3371366D+01 -0.5891607D+02 -0.6097769D+00  0.0000000D+00
  0.4184099D+01  0.1226768D+03  0.2284771D+01  0.0000000D+00
 -0.3326200D+01 -0.2058026D+03 -0.1651689D+01  0.0000000D+00
 -0.1604805D+02  0.6094655D+02  0.1821690D+01  0.0000000D+00
  0.1593073D+02 -0.2567248D+02 -0.3232804D+01  0.0000000D+00
 -0.1182281D+02  0.8758332D+01 -0.1471693D+00  0.0000000D+00
  0.4967021D+01  0.9187201D+01  0.1091492D-01  0.0000000D+00
  0.2386209D+01  0.1269995D+02  0.1787305D+01  0.0000000D+00
  0.4743483D+00  0.1529136D+02  0.3136156D+01  0.0000000D+00
 -0.6919894D+00  0.1687523D+02  0.3950081D+01  0.0000000D+00
  0.1991301D+00  0.6044357D+01  0.1906537D+00  0.0000000D+00
 -0.7246378D+01 -0.2763774D+02 -0.1726095D+01  0.0000000D+00
  0.1084725D+02  0.6258393D+02  0.3968328D+01  0.0000000D+00
 -0.2835243D+02 -0.1044702D+03 -0.1132555D+01  0.0000000D+00
 -0.4454065D+01  0.2213296D+02  0.1185377D+01  0.0000000D+00
  0.1153999D+02 -0.2060917D+02 -0.2589817D+01  0.0000000D+00
  0.1188087D+02  0.7961948D+01  0.3069768D+01  0.0000000D+00
  0.6208666D+01 -0.1265717D+02 -0.1854938D+01  0.0000000D+00
  0.2981243D+01 -0.9363078D+01 -0.9333415D+00  0.0000000D+00
  0.5720428D+00 -0.6801526D+01 -0.2139946D+00  0.0000000D+00
 -0.8927422D+00 -0.5271750D+01  0.2149022D+00  0.0000000D+00
  0.1175223D+01  0.1749382D+01 -0.2127640D+00  0.0000000D+00
 -0.4280021D+01 -0.7966428D+01  0.2018037D+01  0.0000000D+00
  0.5136296D+01  0.1072413D+02 -0.3642797D+01  0.0000000D+00
 -0.4822404D+01 -0.6166961D+01  0.6161426D+01  0.0000000D+00
 -0.5695738D+01  0.3427083D+01 -0.4473948D+01  0.0000000D+00
  0.4182362D+01 -0.7295720D+01  0.2225740D+01  0.0000000D+00
 -0.8087398D+01  0.2600749D+01 -0.1632396D+01  0.0000000D+00
  0.3542435D+01  0.3066257D+01  0.9640234D+00  0.0000000D+00
  0.5634423D+01  0.5208545D+01  0.1787712D+01  0.0000000D+00
  0.7231691D+01  0.6856891D+01  0.2411156D+01  0.0000000D+00
  0.8193144D+01  0.7845781D+01  0.2787874D+01  0.0000000D+00
 -0.3145381D+00 -0.2007334D+00 -0.4479219D-03  0.0000000D+00
 -0.8522213D+00  0.1053455D+01  0.5796926D-01  0.0000000D+00
  0.2297620D+01 -0.1632523D+01 -0.1220681D+00  0.0000000D+00
 -0.2607611D+01  0.8079447D+00  0.1660670D+00  0.0000000D+00
 -0.6011995D+01 -0.8486328D+00 -0.1216923D+00  0.0000000D+00
  0.9913445D+01  0.1307880D+01  0.5830595D+00  0.0000000D+00
 -0.1267239D+02 -0.5405818D+01 -0.9666353D+00  0.0000000D+00
 -0.8550718D+01  0.2283759D+00  0.2948450D+00  0.0000000D+00
 -0.4567369D+01 -0.7345079D+01  0.7961144D+00  0.0000000D+00
 -0.1539439D+01 -0.1323918D+02  0.1173832D+01  0.0000000D+00
  0.2867537D+00 -0.1675777D+02  0.1402518D+01  0.0000000D+00
  0.8136297D-01 -0.2529167D+00 -0.6717042D-02  0.0000000D+00
 -0.1197034D+01  0.1328667D+01  0.5940131D-01  0.0000000D+00
  0.2427353D+01 -0.2620323D+01 -0.1014593D+00  0.0000000D+00
 -0.3129629D+01  0.2309321D+01  0.1214503D+00  0.0000000D+00
  0.6048616D+01 -0.4475656D-01 -0.6629940D-01  0.0000000D+00
 -0.5698203D+01 -0.5613499D+00 -0.3915346D-01  0.0000000D+00
  0.5725775D+01 -0.4362956D+01  0.6549729D+00  0.0000000D+00
 -0.3310639D+01  0.4354483D+01 -0.1086378D+01  0.0000000D+00
 -0.7865559D+01  0.6188653D+01  0.7330218D-01  0.0000000D+00
 -0.1131752D+02  0.7586592D+01  0.9757028D+00  0.0000000D+00
 -0.1340226D+02  0.8428737D+01  0.1514443D+01  0.0000000D+00
 -0.8116832D-01 -0.2993152D-01 -0.1153251D-01  0.0000000D+00
  0.7343841D-01  0.1548599D+00  0.5438847D-01  0.0000000D+00
 -0.1791335D-01 -0.1621529D+00 -0.1179237D+00  0.0000000D+00
  0.6931166D+00 -0.2300036D+00  0.8371981D-01  0.0000000D+00
  0.8009216D+00  0.8391192D+00  0.1498488D+00  0.0000000D+00
 -0.7209166D+00  0.4278418D-01 -0.6293154D+00  0.0000000D+00
 -0.4645489D+00  0.9035356D+01  0.8097276D+00  0.0000000D+00
  0.1476117D+01  0.1392798D+01 -0.2006499D-01  0.0000000D+00
 -0.6494778D+00  0.2465846D+01  0.1521657D+01  0.0000000D+00
 -0.2265356D+01  0.3325778D+01  0.2722024D+01  0.0000000D+00
 -0.3239884D+01  0.3832701D+01  0.3438474D+01  0.0000000D+00
  0.3340416D+00  0.2192966D+00 -0.1968849D-02  0.0000000D+00
 -0.1409136D+01 -0.1183921D+01 -0.1943366D-01  0.0000000D+00
  0.2124994D+01  0.1921498D+01  0.4490858D-01  0.0000000D+00
 -0.2302499D+01  0.5681639D+00 -0.9066233D-02  0.0000000D+00
  0.5190068D+01 -0.6250595D+00 -0.2556634D-01  0.0000000D+00
 -0.2598163D+01  0.1248870D+01  0.8712025D-01  0.0000000D+00
  0.2055896D+00  0.4552445D+01 -0.1109672D+01  0.0000000D+00
  0.3119575D+01 -0.1372869D+01  0.7650820D+00  0.0000000D+00
  0.3668644D+01 -0.6690377D+01 -0.6511191D+00  0.0000000D+00
  0.4073488D+01 -0.1073952D+02 -0.1747930D+01  0.0000000D+00
  0.4320994D+01 -0.1317980D+02 -0.2404076D+01  0.0000000D+00
  0.2537843D+00  0.7978415D-02 -0.2821604D-02  0.0000000D+00
  0.4459379D+00 -0.1204193D+00 -0.1136197D-01  0.0000000D+00
 -0.2509285D+01  0.3239950D+00  0.5719612D-01  0.0000000D+00
  0.3213913D+01 -0.1325389D+01 -0.1293455D+00  0.0000000D+00
 -0.1992906D+01  0.8332677D+00  0.3735593D-02  0.0000000D+00
 -0.3748427D+01 -0.1295343D+01  0.3450816D-01  0.0000000D+00
  0.5031290D+01 -0.4344006D+01  0.6592017D+00  0.0000000D+00
 -0.1027717D+01  0.1866174D+01 -0.8066345D+00  0.0000000D+00
 -0.4852119D+00  0.2751851D+01  0.5820905D-01  0.0000000D+00
 -0.1452771D-01  0.3424175D+01  0.7169625D+00  0.0000000D+00
  0.2539349D+00  0.3829913D+01  0.1113915D+01  0.0000000D+00
 -0.3408214D+00  0.9483879D-01  0.1239648D-01  0.0000000D+00
  0.9708828D+00 -0.3433279D+00 -0.7008088D-01  0.0000000D+00
 -0.2442922D+01  0.4330881D+00  0.1530173D+00  0.0000000D+00
  0.2933462D+01 -0.4228407D+00 -0.2775146D+00  0.0000000D+00
 -0.8236525D+00  0.6400437D-01  0.2222391D+00  0.0000000D+00
  0.3420420D+01 -0.4768183D+00 -0.2382252D+00  0.0000000D+00
  0.2816758D+01 -0.2520928D+01  0.9330137D+00  0.0000000D+00
 -0.3542830D+01  0.3619278D+01 -0.1271524D+00  0.0000000D+00
 -0.2507927D+01  0.5259494D+00 -0.2124647D+00  0.0000000D+00
 -0.1723775D+01 -0.1902593D+01 -0.2711380D+00  0.0000000D+00
 -0.1250129D+01 -0.3346887D+01 -0.3081595D+00  0.0000000D+00
