  4  2   693 10944  4  4  9 11  7  1    0.00   24.00  100.00  600.00    0.00    6.28   45.00   45.00
  100.0  100.0  100.0  100.0  125.0  150.0  190.0  230.0  275.0  350.0  450.0  600.0  600.0  600.0  600.0
  0.8837721D+04 -0.9121377D+02  0.2976403D+03  0.0000000D+00
  0.4848775D+04  0.2262814D+03 -0.2806115D+04  0.0000000D+00
  0.1949133D+04  0.2679627D+03 -0.2102321D+03  0.0000000D+00
  0.1091972D+05  0.4933523D+03 -0.2249092D+04  0.0000000D+00
  0.3795839D+04 -0.9230963D+03  0.7975066D+02  0.0000000D+00
  0.8711879D+04 -0.1329197D+04 -0.3611864D+04  0.0000000D+00
  0.7910740D+04 -0.4440628D+04  0.6677606D+03  0.0000000D+00
  0.5000250D+04  0.9001421D+03 -0.1864132D+04  0.0000000D+00
  0.8428846D+04 -0.7876456D+03 -0.2044295D+04  0.0000000D+00
  0.1109868D+05 -0.1638242D+04 -0.1099361D+04  0.0000000D+00
  0.1270000D+05 -0.2154922D+04 -0.5480295D+03  0.0000000D+00
 -0.5141742D+04 -0.6895091D+03 -0.2437731D+03  0.0000000D+00
 -0.1073993D+05 -0.1636327D+04 -0.1222529D+04  0.0000000D+00
 -0.8844493D+04 -0.1794768D+04  0.3133776D+03  0.0000000D+00
 -0.2781850D+04  0.4989165D+03  0.4949076D+03  0.0000000D+00
 -0.1049829D+05  0.2810999D+03 -0.1045014D+04  0.0000000D+00
 -0.7567898D+04  0.1311890D+03  0.1086529D+04  0.0000000D+00
 -0.1001507D+05 -0.6467135D+03  0.3274862D+04  0.0000000D+00
 -0.6034545D+04 -0.1734258D+04  0.7464226D+03  0.0000000D+00
 -0.3497188D+04 -0.7775823D+03  0.5277889D+03  0.0000000D+00
 -0.4024583D+04 -0.9451023D+03  0.6206933D+03  0.0000000D+00
 -0.4304833D+04 -0.1032322D+04  0.6724633D+03  0.0000000D+00
  0.3919174D+04  0.2826615D+04 -0.7175386D+03  0.0000000D+00
  0.2204028D+04  0.6871544D+03 -0.1660209D+04  0.0000000D+00
  0.2905510D+04  0.2408368D+04  0.8661053D+02  0.0000000D+00
  0.3354388D+03  0.2783069D+04 -0.4869010D+02  0.0000000D+00
 -0.1487879D+04 -0.9552143D+03  0.1055010D+04  0.0000000D+00
  0.5353236D+04  0.4110163D+03 -0.3003011D+04  0.0000000D+00
  0.1902455D+04  0.1210751D+04  0.5089402D+03  0.0000000D+00
  0.2739656D+04  0.3185746D+04 -0.1809011D+04  0.0000000D+00
  0.1135908D+04  0.1551273D+04 -0.1794708D+04  0.0000000D+00
  0.8623342D+03  0.8471058D+03 -0.1212065D+04  0.0000000D+00
  0.6839069D+03  0.4164984D+03 -0.8707822D+03  0.0000000D+00
  0.3041167D+02  0.6108120D+02  0.1066724D+03  0.0000000D+00
  0.9900291D+03 -0.2242542D+03  0.6103976D+02  0.0000000D+00
 -0.1020439D+04  0.6848806D+03  0.2240318D+03  0.0000000D+00
 -0.3178771D+02 -0.9625058D+03  0.6272021D+02  0.0000000D+00
  0.1017711D+03  0.5561551D+03  0.4193288D+02  0.0000000D+00
 -0.3826430D+03 -0.2031887D+03 -0.2316665D+03  0.0000000D+00
 -0.5706630D+03 -0.1082578D+03 -0.2893630D+03  0.0000000D+00
  0.3644625D+03  0.3835483D+03  0.3281539D+03  0.0000000D+00
 -0.7961733D+03 -0.7882446D+02 -0.1464718D+02  0.0000000D+00
 -0.6341883D+03 -0.1523085D+03 -0.1155137D+03  0.0000000D+00
 -0.5522186D+03 -0.2004478D+03 -0.1783845D+03  0.0000000D+00
 -0.1819859D+03  0.7887593D+03  0.1583784D+03  0.0000000D+00
  0.6281568D+03  0.7268997D+03  0.4476277D+03  0.0000000D+00
 -0.1039085D+04  0.8683048D+03  0.1990933D+03  0.0000000D+00
  0.3527696D+03  0.8360334D+03  0.4803513D+02  0.0000000D+00
 -0.3689321D+03  0.4877452D+03 -0.2718760D+03  0.0000000D+00
  0.6492632D+03 -0.3075851D+03  0.6873507D+02  0.0000000D+00
 -0.3224667D+02  0.7726668D+03 -0.5263401D+03  0.0000000D+00
 -0.6230672D+02  0.7965809D+03 -0.5440496D+02  0.0000000D+00
  0.2806963D+03  0.9812505D+03  0.6458772D+01  0.0000000D+00
  0.2209421D+03  0.1048600D+04  0.1625913D+03  0.0000000D+00
  0.1894641D+03  0.1090182D+04  0.2547718D+03  0.0000000D+00
  0.3457428D+02  0.7889068D+02 -0.5199654D+02  0.0000000D+00
  0.1081225D+04  0.1240048D+03  0.2532392D+03  0.0000000D+00
 -0.2911324D+03 -0.6474932D+02 -0.1840843D+03  0.0000000D+00
  0.6324977D+03  0.3737816D+03 -0.2073380D+02  0.0000000D+00
 -0.1209228D+03 -0.2857274D+02  0.5162538D+02  0.0000000D+00
  0.2853971D+03 -0.1060225D+03 -0.8790308D+00  0.0000000D+00
  0.7223912D+03  0.3201319D+03 -0.9785120D+02  0.0000000D+00
  0.1395862D+03  0.1727404D+03 -0.9149284D+02  0.0000000D+00
  0.2176708D+01 -0.5483235D+02 -0.4524426D+02  0.0000000D+00
  0.6068992D+02 -0.2081996D+02  0.4250039D+02  0.0000000D+00
  0.9327260D+02 -0.3468425D+01  0.9440637D+02  0.0000000D+00
 -0.1058426D+03 -0.1353678D+02  0.2089163D+02  0.0000000D+00
  0.7269976D+02  0.2702988D+03 -0.1300418D+03  0.0000000D+00
  0.4467512D+03 -0.4599859D+03  0.1727485D+03  0.0000000D+00
  0.1183691D+03  0.6195556D+03  0.4364925D+02  0.0000000D+00
 -0.2399828D+03 -0.8951788D+02 -0.4299338D+02  0.0000000D+00
 -0.7891091D+02  0.2036396D+03  0.2251412D+03  0.0000000D+00
 -0.4883998D+03  0.1824158D+03  0.1350165D+03  0.0000000D+00
  0.1328617D+03 -0.1248871D+03  0.1234568D+03  0.0000000D+00
  0.2106577D+03  0.3874026D+02  0.5135035D+02  0.0000000D+00
 -0.2262985D+03  0.7600108D+02  0.4036263D+01  0.0000000D+00
 -0.4812146D+03  0.9959787D+02 -0.2443239D+02  0.0000000D+00
  0.6483829D+02 -0.2003710D+03 -0.3145974D+02  0.0000000D+00
 -0.4730357D+03 -0.9217057D+02  0.1613679D+02  0.0000000D+00
  0.5915692D+03 -0.3917782D+03 -0.8667310D+02  0.0000000D+00
 -0.4696607D+02 -0.3208480D+02  0.2471236D+01  0.0000000D+00
 -0.4049069D+02 -0.9118949D+02 -0.1390973D+02  0.0000000D+00
  0.3649250D+03 -0.1384475D+03  0.1080931D+03  0.0000000D+00
 -0.2776148D+03 -0.2016406D+03 -0.1357485D+03  0.0000000D+00
  0.6001223D+03 -0.1336864D+03  0.2001900D+03  0.0000000D+00
  0.3957262D+03 -0.2818683D+03  0.4418090D+02  0.0000000D+00
 -0.3858508D+03 -0.2060461D+03 -0.1119107D+03  0.0000000D+00
 -0.8457887D+03 -0.1632608D+03 -0.2050100D+03  0.0000000D+00
 -0.4808824D+02 -0.2606407D+02  0.3012917D+02  0.0000000D+00
 -0.4150580D+03 -0.6525632D+02  0.8931843D+02  0.0000000D+00
 -0.4219000D+02  0.1028774D+03 -0.1433566D+03  0.0000000D+00
 -0.1875377D+03 -0.3122087D+03 -0.1592806D+02  0.0000000D+00
  0.2750128D+01  0.1491888D+03  0.2722619D+02  0.0000000D+00
 -0.1854936D+03 -0.9039537D+02 -0.1158123D+03  0.0000000D+00
 -0.4426728D+03 -0.7841639D+02 -0.8328864D+02  0.0000000D+00
 -0.6099315D+03 -0.1005857D+03  0.7869705D+02  0.0000000D+00
  0.8558534D+02  0.3615170D+02 -0.1964662D+02  0.0000000D+00
 -0.1474337D+03  0.2682672D+02 -0.3636931D+02  0.0000000D+00
 -0.2761031D+03  0.2292172D+02 -0.4730318D+02  0.0000000D+00
 -0.5547498D+04 -0.8487792D+03 -0.3578596D+03  0.0000000D+00
 -0.4279175D+04 -0.1342262D+04 -0.1218326D+03  0.0000000D+00
 -0.1383018D+05  0.9954529D+03 -0.1653778D+04  0.0000000D+00
 -0.1151409D+05 -0.1548550D+04 -0.2165504D+03  0.0000000D+00
 -0.6074475D+04 -0.3459926D+04 -0.1087359D+04  0.0000000D+00
 -0.6373022D+04 -0.1900869D+04  0.2378748D+03  0.0000000D+00
 -0.4961681D+04 -0.3281715D+04 -0.2092346D+04  0.0000000D+00
 -0.8102123D+04 -0.8406475D+03 -0.4761025D+03  0.0000000D+00
 -0.6650903D+04 -0.2412193D+04 -0.8077035D+03  0.0000000D+00
 -0.4517439D+04 -0.3859699D+04 -0.3210407D+03  0.0000000D+00
 -0.3252210D+04 -0.4724349D+04 -0.3951441D+02  0.0000000D+00
  0.1040639D+05  0.3189747D+04 -0.4924915D+03  0.0000000D+00
  0.1275230D+05  0.3226043D+03 -0.1206022D+04  0.0000000D+00
  0.5690107D+04  0.1759086D+04  0.4438877D+03  0.0000000D+00
  0.1050854D+05  0.1212129D+04 -0.1943357D+04  0.0000000D+00
  0.1163259D+05  0.2829446D+04  0.2894236D+04  0.0000000D+00
  0.8316693D+04  0.2189852D+04 -0.1211307D+04  0.0000000D+00
  0.1119130D+05 -0.4190151D+03 -0.1584169D+04  0.0000000D+00
  0.1089538D+05  0.1785544D+04  0.1564390D+03  0.0000000D+00
  0.1185328D+05  0.2364386D+04 -0.1117643D+04  0.0000000D+00
  0.9568035D+04  0.1952439D+04 -0.9219264D+03  0.0000000D+00
  0.8242226D+04  0.1717921D+04 -0.8217198D+03  0.0000000D+00
 -0.4230906D+04  0.3659611D+03  0.7621810D+03  0.0000000D+00
 -0.3173246D+04 -0.3075840D+04  0.1256133D+04  0.0000000D+00
 -0.7652486D+04 -0.9849874D+02 -0.1500790D+04  0.0000000D+00
 -0.9813986D+04 -0.2405771D+04  0.1159612D+04  0.0000000D+00
 -0.8850833D+04  0.9872032D+02 -0.1327272D+04  0.0000000D+00
 -0.2600393D+04 -0.2846392D+04 -0.8070666D+03  0.0000000D+00
 -0.6673109D+04  0.7236832D+03 -0.7480699D+03  0.0000000D+00
 -0.2842736D+04 -0.4241111D+03  0.1000580D+04  0.0000000D+00
 -0.5119792D+04 -0.1308371D+04  0.2490661D+03  0.0000000D+00
 -0.5503117D+04 -0.1159427D+04  0.6174778D+03  0.0000000D+00
 -0.5752798D+04 -0.1082329D+04  0.8251241D+03  0.0000000D+00
 -0.1495446D+03  0.2496371D+02 -0.1313682D+03  0.0000000D+00
  0.1793008D+03 -0.3921136D+03 -0.1161534D+03  0.0000000D+00
  0.5002133D+03  0.8871624D+03 -0.2213937D+03  0.0000000D+00
 -0.8840478D+03 -0.9515624D+03  0.1088807D+03  0.0000000D+00
  0.2180060D+03  0.3489602D+03 -0.1965138D+03  0.0000000D+00
 -0.5830981D+03 -0.2576209D+03 -0.9261798D-01  0.0000000D+00
  0.5081848D+03  0.7921555D+02  0.6846079D+03  0.0000000D+00
  0.7391809D+02 -0.2355695D+03 -0.3985642D+03  0.0000000D+00
 -0.5518048D+02 -0.2550268D+03 -0.1701193D+03  0.0000000D+00
 -0.4199847D+03 -0.2680725D+03 -0.5677963D+02  0.0000000D+00
 -0.6349200D+03 -0.2759708D+03  0.1216102D+02  0.0000000D+00
  0.1762066D+03 -0.1009121D+04 -0.1931767D+03  0.0000000D+00
 -0.1893231D+03 -0.6807898D+03 -0.8613746D+03  0.0000000D+00
  0.9319628D+03 -0.1581734D+04  0.2737675D+00  0.0000000D+00
  0.1978158D+03  0.3600037D+03 -0.1514200D+03  0.0000000D+00
  0.1881605D+03 -0.1819539D+04  0.1479732D+03  0.0000000D+00
  0.7354479D+02 -0.1569095D+04 -0.1035057D+03  0.0000000D+00
  0.2430055D+03 -0.8156217D+03 -0.3610072D+03  0.0000000D+00
 -0.2914376D+03 -0.1578604D+04 -0.2561850D+03  0.0000000D+00
  0.1046700D+03 -0.1447632D+04 -0.1125936D+03  0.0000000D+00
 -0.1710592D+03 -0.1351333D+04 -0.1879867D+03  0.0000000D+00
 -0.3283096D+03 -0.1293465D+04 -0.2305298D+03  0.0000000D+00
 -0.1675706D+03 -0.7494728D+02  0.5999286D+02  0.0000000D+00
  0.3486128D+03  0.3219710D+02 -0.2096218D+03  0.0000000D+00
 -0.3410848D+03 -0.3886656D+03  0.1725159D+01  0.0000000D+00
  0.6463815D+01  0.5566844D+03  0.1582378D+03  0.0000000D+00
 -0.1272334D+03 -0.4394743D+03 -0.8935537D+02  0.0000000D+00
 -0.6455206D+03 -0.4216863D+03  0.7040094D+02  0.0000000D+00
 -0.1499388D+03  0.2572077D+03  0.4444139D+03  0.0000000D+00
 -0.3143198D+03 -0.5772676D+02 -0.2138580D+03  0.0000000D+00
 -0.2616049D+03 -0.1884896D+03 -0.8799450D+02  0.0000000D+00
 -0.5208651D+03 -0.2422136D+03  0.3695822D+02  0.0000000D+00
 -0.6721550D+03 -0.2751360D+03  0.1115032D+03  0.0000000D+00
  0.1073241D+03 -0.4180698D+02 -0.2660494D+02  0.0000000D+00
  0.4146258D+03  0.2314340D+03  0.1968831D+03  0.0000000D+00
  0.4698703D+01 -0.5081416D+03 -0.2233819D+02  0.0000000D+00
  0.5131575D+03  0.2687988D+03 -0.1143013D+03  0.0000000D+00
 -0.1237743D+03 -0.3396324D+03  0.4544638D+02  0.0000000D+00
  0.4606069D+03  0.1614223D+02 -0.1132161D+03  0.0000000D+00
 -0.8553877D+03 -0.5113126D+02  0.7308347D+02  0.0000000D+00
  0.4009007D+03 -0.4797857D+02  0.3856382D+02  0.0000000D+00
  0.6955256D+03 -0.6933887D+02  0.2404021D+02  0.0000000D+00
  0.5072123D+03 -0.4811417D+01  0.8937187D+02  0.0000000D+00
  0.4001416D+03  0.3271823D+02  0.1274527D+03  0.0000000D+00
  0.7563411D+02  0.2666613D+03  0.2145638D+02  0.0000000D+00
 -0.2808595D+03  0.4374533D+03  0.1431332D+03  0.0000000D+00
  0.2998206D+03 -0.5044223D+02  0.1133720D+02  0.0000000D+00
 -0.1261294D+03  0.5172464D+03  0.5796893D+02  0.0000000D+00
 -0.1167163D+03 -0.5460574D+01 -0.2505243D+02  0.0000000D+00
  0.3999225D+03  0.2283281D+03 -0.3962649D+02  0.0000000D+00
 -0.1593084D+03  0.2222196D+02 -0.2372433D+03  0.0000000D+00
 -0.8400671D+02  0.3361274D+03 -0.3046297D+02  0.0000000D+00
  0.4188020D+03  0.2443437D+03 -0.6539830D+02  0.0000000D+00
 -0.1287637D+03  0.2060548D+03  0.8918623D+02  0.0000000D+00
 -0.4439782D+03  0.1826084D+03  0.1792709D+03  0.0000000D+00
  0.1220241D+03  0.1829199D+02 -0.4325612D+02  0.0000000D+00
  0.1633228D+03  0.2619809D+02 -0.7421547D+02  0.0000000D+00
 -0.1480488D+03  0.1356721D+03  0.8581227D+02  0.0000000D+00
  0.3643375D+03 -0.2410851D+03 -0.7955043D+01  0.0000000D+00
 -0.2420657D+02  0.1241600D+03 -0.2760824D+02  0.0000000D+00
  0.3508242D+03  0.1985166D+02  0.6375769D+02  0.0000000D+00
  0.5265081D+03 -0.1369139D+03  0.1497284D+03  0.0000000D+00
  0.3091596D+03  0.3963917D+02  0.7514667D+01  0.0000000D+00
  0.1687424D+03  0.9282487D+02  0.1032680D+03  0.0000000D+00
  0.3678870D+03  0.9817432D+02  0.2465026D+02  0.0000000D+00
  0.4829093D+03  0.1018965D+03 -0.2029221D+02  0.0000000D+00
  0.8353915D+03 -0.3207501D+04  0.1935981D+03  0.0000000D+00
 -0.1071328D+05 -0.2020935D+04  0.4247521D+03  0.0000000D+00
  0.6267251D+04 -0.3935405D+04 -0.3564892D+03  0.0000000D+00
 -0.1757207D+04 -0.4556043D+04 -0.5633969D+03  0.0000000D+00
 -0.5694593D+04 -0.3750187D+04 -0.7280725D+03  0.0000000D+00
  0.5131460D+04 -0.3533181D+04 -0.4186388D+02  0.0000000D+00
 -0.3728511D+04 -0.3917269D+04 -0.2057424D+04  0.0000000D+00
  0.7289289D+04 -0.3656389D+03 -0.1043849D+04  0.0000000D+00
  0.1708829D+04  0.6933117D+02 -0.1374438D+04  0.0000000D+00
 -0.7599143D+03  0.2648323D+03 -0.1433274D+04  0.0000000D+00
 -0.2267890D+04  0.3841696D+03 -0.1471777D+04  0.0000000D+00
  0.1039208D+05 -0.1285560D+04 -0.4049764D+03  0.0000000D+00
  0.9403180D+04  0.8024121D+03 -0.2464535D+04  0.0000000D+00
  0.7630410D+04 -0.2681460D+03 -0.1232575D+01  0.0000000D+00
  0.6925260D+04  0.2568820D+04  0.1952326D+04  0.0000000D+00
  0.4659233D+04  0.1961105D+03 -0.2637857D+04  0.0000000D+00
  0.5367811D+04 -0.1566529D+04  0.1921496D+02  0.0000000D+00
  0.2964844D+04  0.6922028D+03  0.8775789D+03  0.0000000D+00
  0.2087960D+04 -0.4556399D+03 -0.2402784D+03  0.0000000D+00
  0.4526221D+04  0.1465151D+04 -0.5930322D+03  0.0000000D+00
  0.1801679D+04  0.2677884D+04 -0.4966612D+03  0.0000000D+00
  0.2340034D+03  0.3409509D+04 -0.4444226D+03  0.0000000D+00
 -0.3363276D+04 -0.2701339D+04  0.4698381D+03  0.0000000D+00
  0.2055599D+03 -0.2267297D+04  0.4176285D+03  0.0000000D+00
 -0.6410767D+04 -0.3084406D+04  0.2164065D+04  0.0000000D+00
  0.7170278D+04 -0.5272924D+03  0.2471563D+03  0.0000000D+00
 -0.5936527D+04 -0.1891692D+04 -0.2002088D+03  0.0000000D+00
 -0.1486161D+04 -0.2524267D+04  0.1185668D+04  0.0000000D+00
 -0.2444656D+04  0.1533643D+04 -0.8956442D+03  0.0000000D+00
 -0.4540876D+03  0.4495860D+03  0.2336603D+04  0.0000000D+00
 -0.3368182D+04 -0.7359209D+03  0.8601919D+03  0.0000000D+00
  0.6125356D+03 -0.1305969D+04 -0.8191198D+03  0.0000000D+00
  0.2910408D+04 -0.1652571D+04 -0.1818997D+04  0.0000000D+00
 -0.1448413D+03  0.2078212D+02 -0.1956339D+03  0.0000000D+00
 -0.9344745D+03 -0.2115683D+03  0.2147125D+03  0.0000000D+00
  0.8041883D+03  0.4681327D+03 -0.3523750D+03  0.0000000D+00
 -0.5288006D+03 -0.5052548D+03 -0.2064895D+03  0.0000000D+00
  0.2737426D+03 -0.5462145D+03 -0.3776618D+02  0.0000000D+00
 -0.1266732D+04 -0.2969887D+03 -0.4152029D+02  0.0000000D+00
 -0.2185113D+03  0.2454512D+03  0.3042908D+03  0.0000000D+00
 -0.1234508D+04 -0.2835475D+02 -0.3315666D+03  0.0000000D+00
 -0.1294467D+03 -0.5217658D+03 -0.5847807D+02  0.0000000D+00
 -0.8708991D+03 -0.5527138D+03 -0.1385730D+03  0.0000000D+00
 -0.1292846D+04 -0.5763267D+03 -0.1824682D+03  0.0000000D+00
  0.7765202D+02 -0.1143715D+04 -0.2688969D+03  0.0000000D+00
  0.1913458D+02 -0.1630628D+04  0.1661938D+02  0.0000000D+00
 -0.5288179D+03 -0.4698347D+03 -0.3910553D+03  0.0000000D+00
 -0.1458247D+02 -0.1844091D+04  0.6389317D+02  0.0000000D+00
 -0.1249863D+03 -0.6982891D+03 -0.7507531D+02  0.0000000D+00
  0.1072706D+04  0.2115968D+03  0.5451596D+02  0.0000000D+00
  0.5629154D+03 -0.8129397D+03 -0.9467553D+03  0.0000000D+00
  0.5439531D+03 -0.5788530D+03 -0.1477559D+03  0.0000000D+00
  0.1263723D+04 -0.3497117D+03  0.1131000D+03  0.0000000D+00
  0.6555755D+03 -0.4943288D+03  0.1545664D+03  0.0000000D+00
  0.3070670D+03 -0.5764449D+03  0.1818432D+03  0.0000000D+00
 -0.9828529D+02 -0.1993113D+03  0.4903083D+02  0.0000000D+00
 -0.2066162D+04 -0.1686091D+03 -0.1454538D+02  0.0000000D+00
  0.4097037D+03 -0.2882178D+03  0.3858603D+03  0.0000000D+00
 -0.1124702D+04  0.3223370D+02 -0.4659444D+02  0.0000000D+00
 -0.5230881D+01 -0.2437947D+03  0.1534542D+01  0.0000000D+00
  0.9356372D+03  0.2758048D+03  0.9710630D+02  0.0000000D+00
 -0.5335394D+03 -0.5152061D+03 -0.4175478D+03  0.0000000D+00
  0.6435383D+03  0.8914587D+02  0.2261429D+03  0.0000000D+00
 -0.9009168D+03 -0.1461707D+03  0.5018194D+02  0.0000000D+00
  0.5932951D+02 -0.1087561D+03  0.1291929D+03  0.0000000D+00
  0.6042668D+03 -0.8935141D+02  0.1734829D+03  0.0000000D+00
  0.9193071D+02 -0.2085345D+03 -0.8524671D+01  0.0000000D+00
 -0.4713991D+03  0.1299277D+02  0.9447734D+02  0.0000000D+00
 -0.5041527D+03 -0.5723450D+03 -0.4456150D+03  0.0000000D+00
 -0.1068594D+04  0.5084673D+03  0.7885364D+02  0.0000000D+00
  0.4208253D+03 -0.3935390D+03 -0.1512205D+03  0.0000000D+00
 -0.6445388D+02 -0.1118187D+03  0.3490066D+03  0.0000000D+00
  0.7783496D+03 -0.1876306D+03 -0.5845707D+03  0.0000000D+00
 -0.7457181D+03 -0.2907799D+03  0.4243433D+02  0.0000000D+00
 -0.1025557D+04  0.2284863D+03  0.1009453D+02  0.0000000D+00
 -0.1261512D+04  0.3063849D+02  0.2111944D+00  0.0000000D+00
 -0.1402612D+04 -0.7930767D+02 -0.5932692D+01  0.0000000D+00
  0.5013786D+01  0.1265111D+03  0.5337313D+02  0.0000000D+00
  0.1136770D+04  0.2245815D+03 -0.7970166D+02  0.0000000D+00
 -0.1573360D+04 -0.1412708D+02  0.1060287D+03  0.0000000D+00
  0.3259281D+03  0.3430176D+03  0.5108829D+02  0.0000000D+00
  0.4410366D+02 -0.9178463D+02 -0.1552312D+02  0.0000000D+00
  0.2664191D+03  0.4074847D+03  0.1870307D+02  0.0000000D+00
  0.6760328D+03 -0.1618527D+03  0.3488602D+03  0.0000000D+00
  0.1071976D+04 -0.9098243D+02  0.9740698D+02  0.0000000D+00
  0.7167160D+02 -0.1061949D+03  0.4650490D+02  0.0000000D+00
 -0.1200641D+04 -0.1694025D+03 -0.9043193D+02  0.0000000D+00
 -0.1956654D+04 -0.2065448D+03 -0.1711781D+03  0.0000000D+00
  0.9500872D+02  0.2382149D+02 -0.1266370D+02  0.0000000D+00
  0.1699901D+03  0.1444125D+02 -0.1874641D+03  0.0000000D+00
  0.7303278D+03  0.4648151D+02  0.2257337D+03  0.0000000D+00
 -0.7046219D+02 -0.1397525D+03  0.6151717D+02  0.0000000D+00
  0.1163581D+03 -0.9067207D+02 -0.7087147D+02  0.0000000D+00
 -0.3071841D+03  0.1165999D+03  0.9150267D+01  0.0000000D+00
 -0.1167676D+04 -0.1222417D+03 -0.3828176D+02  0.0000000D+00
 -0.5781299D+02 -0.2084951D+03  0.5650665D+02  0.0000000D+00
 -0.4727484D+02 -0.8167942D+02  0.9962011D+02  0.0000000D+00
 -0.5492786D+03 -0.4753403D+02  0.4002125D+02  0.0000000D+00
 -0.8430335D+03 -0.2613656D+02  0.5620194D+01  0.0000000D+00
  0.3495576D+04 -0.3432085D+03 -0.2407022D+03  0.0000000D+00
 -0.5065287D+04 -0.2532187D+04 -0.1112147D+04  0.0000000D+00
  0.7545867D+04  0.3617399D+04 -0.5603387D+03  0.0000000D+00
 -0.7937096D+04 -0.2256592D+04 -0.2882928D+03  0.0000000D+00
  0.1987659D+04  0.8537849D+03 -0.3293138D+03  0.0000000D+00
 -0.7366607D+03  0.3470045D+03  0.4725382D+03  0.0000000D+00
  0.5539432D+04  0.2866883D+04 -0.4398327D+02  0.0000000D+00
  0.5176747D+03  0.2123771D+04  0.1097312D+04  0.0000000D+00
 -0.1416911D+04  0.2310944D+04  0.3470820D+03  0.0000000D+00
 -0.5217047D+03  0.1871942D+04  0.5073474D+03  0.0000000D+00
 -0.1958481D+02  0.1617149D+04  0.5928117D+03  0.0000000D+00
 -0.4173314D+04  0.1296102D+04  0.2663815D+03  0.0000000D+00
  0.4727694D+02 -0.1664522D+04 -0.6397001D+03  0.0000000D+00
 -0.4485229D+04  0.2120000D+04  0.5909966D+02  0.0000000D+00
 -0.8898583D+04 -0.2444539D+04  0.1302775D+03  0.0000000D+00
 -0.6097554D+03  0.1276293D+02 -0.5401162D+03  0.0000000D+00
 -0.9461262D+04  0.6285080D+03  0.2559251D+03  0.0000000D+00
 -0.6593886D+04 -0.2765678D+04  0.1283240D+04  0.0000000D+00
 -0.6887317D+04 -0.1031832D+04  0.9935511D+02  0.0000000D+00
 -0.7387282D+04 -0.2798143D+04  0.8668997D+03  0.0000000D+00
 -0.1221864D+05 -0.2589052D+04  0.8499239D+03  0.0000000D+00
 -0.1505184D+05 -0.2486601D+04  0.8486349D+03  0.0000000D+00
  0.1900611D+04 -0.1330014D+03 -0.2134443D+03  0.0000000D+00
  0.3972788D+04 -0.3671216D+04 -0.1440467D+04  0.0000000D+00
 -0.1484526D+04  0.2786789D+04  0.9311071D+03  0.0000000D+00
  0.3208834D+04 -0.2949334D+04 -0.8008931D+03  0.0000000D+00
  0.2643940D+04  0.3973080D+04  0.1619501D+03  0.0000000D+00
  0.4251820D+03 -0.5367915D+03  0.7737566D+02  0.0000000D+00
  0.3587719D+04  0.3810008D+04 -0.5867676D+03  0.0000000D+00
  0.3281970D+04  0.4414801D+03 -0.2557096D+03  0.0000000D+00
  0.2049396D+04  0.2369771D+04 -0.4511312D+03  0.0000000D+00
  0.3918649D+04  0.3865013D+04  0.1873561D+03  0.0000000D+00
  0.4999658D+04  0.4761882D+04  0.5587568D+03  0.0000000D+00
 -0.4492087D+02  0.8663717D+02 -0.2842743D+02  0.0000000D+00
 -0.9084630D+03 -0.3980893D+03  0.2519797D+03  0.0000000D+00
  0.1930830D+04  0.9026357D+03 -0.3603635D+03  0.0000000D+00
 -0.1057039D+04 -0.6173017D+03 -0.1410120D+03  0.0000000D+00
  0.6372352D+03 -0.1614827D+02  0.1522452D+02  0.0000000D+00
 -0.3868092D+03 -0.2853678D+03 -0.1279479D+03  0.0000000D+00
  0.1551906D+04  0.1252759D+03 -0.1264970D+03  0.0000000D+00
 -0.5088744D+03 -0.4635195D+03 -0.2272854D+01  0.0000000D+00
  0.6753556D+03  0.2176714D+03 -0.9728285D+02  0.0000000D+00
  0.7510045D+03  0.2931619D+03  0.2457406D+03  0.0000000D+00
  0.8084472D+03  0.3449294D+03  0.4455246D+03  0.0000000D+00
 -0.1787209D+02 -0.1330674D+03 -0.9590870D+00  0.0000000D+00
 -0.5397433D+03  0.1499237D+03  0.5407926D+03  0.0000000D+00
  0.2269910D+03 -0.6894850D+03 -0.2989359D+03  0.0000000D+00
 -0.3146831D+03  0.6028160D+03  0.5242294D+02  0.0000000D+00
  0.1199899D+03 -0.4031195D+02 -0.3192177D+03  0.0000000D+00
 -0.6790675D+03  0.4776710D+03  0.6215071D+02  0.0000000D+00
 -0.5316943D+03  0.8275437D+03  0.6978892D+03  0.0000000D+00
 -0.7280526D+03  0.1161420D+04  0.3260769D+02  0.0000000D+00
 -0.3490714D+02  0.8616879D+03  0.2319763D+01  0.0000000D+00
 -0.4793213D+03  0.6250089D+03  0.1200166D+03  0.0000000D+00
 -0.7317528D+03  0.4829862D+03  0.1885527D+03  0.0000000D+00
  0.4080267D+02 -0.8364237D+02  0.1370495D+02  0.0000000D+00
 -0.1916070D+04 -0.3606417D+02 -0.1174719D+02  0.0000000D+00
  0.5295646D+03 -0.3014695D+03  0.2602053D+03  0.0000000D+00
 -0.1278639D+04  0.3897561D+03 -0.2409191D+02  0.0000000D+00
  0.5379938D+03 -0.8107239D+02  0.3682582D+02  0.0000000D+00
 -0.6542115D+03  0.4247427D+02 -0.1608934D+02  0.0000000D+00
 -0.1394147D+03  0.2691293D+03 -0.1294425D+03  0.0000000D+00
 -0.3817966D+02  0.3437273D+03 -0.4851727D+02  0.0000000D+00
  0.2451449D+03  0.4144358D+03  0.4350659D+02  0.0000000D+00
 -0.3035476D+03  0.3636834D+03 -0.1271681D+03  0.0000000D+00
 -0.6216474D+03  0.3347945D+03 -0.2260246D+03  0.0000000D+00
 -0.4078094D+02 -0.1447073D+03 -0.6055313D+01  0.0000000D+00
 -0.4576114D+03  0.1085277D+03  0.4740618D+01  0.0000000D+00
 -0.8807958D+03 -0.6135420D+03 -0.2573228D+03  0.0000000D+00
 -0.8075399D+03  0.2936914D+03 -0.2272949D+02  0.0000000D+00
  0.1425551D+03 -0.6710471D+02  0.7288018D+02  0.0000000D+00
  0.2628134D+03  0.1647622D+03 -0.2127858D+03  0.0000000D+00
 -0.5661094D+02 -0.2525263D+02  0.1840669D+03  0.0000000D+00
  0.4110053D+03  0.4501373D+03  0.2743024D+02  0.0000000D+00
 -0.1803129D+03  0.1240004D+03  0.6785884D+02  0.0000000D+00
 -0.2010954D+03  0.6478782D+02  0.3773189D+02  0.0000000D+00
 -0.2199081D+03  0.2650577D+02  0.2053757D+02  0.0000000D+00
  0.5704800D+02 -0.1366684D+03  0.1959494D+02  0.0000000D+00
  0.1037066D+04  0.4291403D+02 -0.1734117D+03  0.0000000D+00
 -0.1504188D+04 -0.4470969D+03  0.1209610D+03  0.0000000D+00
  0.3726567D+03  0.1478835D+03 -0.3638688D+01  0.0000000D+00
 -0.1749382D+03 -0.2632266D+03  0.2164632D+02  0.0000000D+00
 -0.2482150D+03 -0.2183502D+02  0.1093279D+02  0.0000000D+00
  0.3517392D+03 -0.9039949D+02  0.5079958D+02  0.0000000D+00
 -0.5338072D+03 -0.3114908D+02 -0.8314585D+02  0.0000000D+00
  0.1916337D+02 -0.4152575D+02 -0.8102320D+01  0.0000000D+00
  0.2528881D+03 -0.1512642D+03  0.6657392D+02  0.0000000D+00
  0.3957358D+03 -0.2156982D+03  0.1111464D+03  0.0000000D+00
 -0.4014692D+02 -0.1314915D+02  0.2905109D+02  0.0000000D+00
  0.3133462D+03 -0.5274113D+02 -0.1160543D+03  0.0000000D+00
  0.3307028D+03  0.1475297D+03  0.2515275D+03  0.0000000D+00
  0.1109233D+03 -0.4004253D+03 -0.1222343D+01  0.0000000D+00
 -0.2221571D+03  0.1122073D+03  0.4258888D+01  0.0000000D+00
  0.8981293D+02  0.5491259D+01 -0.8285866D+02  0.0000000D+00
 -0.6627238D+02 -0.3198496D+02  0.1365303D+03  0.0000000D+00
  0.8744883D+03 -0.5658696D+02  0.8900118D+02  0.0000000D+00
  0.1978422D+03 -0.5797160D+02  0.3046324D+02  0.0000000D+00
  0.4779888D+03 -0.4723966D+02  0.1656171D+02  0.0000000D+00
  0.6345346D+03 -0.4103134D+02  0.7817902D+01  0.0000000D+00
 -0.5248958D+03  0.2230500D+04  0.3873994D+03  0.0000000D+00
  0.4975083D+04  0.2342581D+04  0.1356370D+04  0.0000000D+00
  0.1865498D+04  0.3444908D+04  0.1296650D+04  0.0000000D+00
 -0.6075335D+04 -0.2286042D+04 -0.7323175D+03  0.0000000D+00
  0.4567852D+04  0.3879832D+04  0.1027750D+04  0.0000000D+00
  0.5312360D+04  0.1305824D+04 -0.4119154D+03  0.0000000D+00
  0.1051205D+04  0.2077389D+04  0.1131072D+04  0.0000000D+00
  0.1166633D+04  0.2351957D+04  0.1118142D+04  0.0000000D+00
 -0.5007857D+03  0.2018932D+04  0.3427803D+03  0.0000000D+00
  0.5514980D+03  0.1957825D+04  0.1540604D+03  0.0000000D+00
  0.1148455D+04  0.1918311D+04  0.3467365D+02  0.0000000D+00
 -0.6507659D+04 -0.4188722D+04  0.1024789D+04  0.0000000D+00
 -0.3156763D+04 -0.2047344D+04  0.7185662D+03  0.0000000D+00
 -0.7957701D+04 -0.2542488D+04 -0.4171424D+03  0.0000000D+00
 -0.9463466D+04 -0.3930596D+04  0.2165121D+03  0.0000000D+00
 -0.3145667D+04 -0.1201229D+04 -0.9682159D+03  0.0000000D+00
 -0.8489004D+04 -0.2756589D+04  0.9776670D+03  0.0000000D+00
 -0.1933822D+03  0.1411311D+03  0.1097237D+04  0.0000000D+00
 -0.2210378D+04 -0.2893664D+04  0.7024114D+03  0.0000000D+00
 -0.1604470D+04 -0.8167351D+03  0.6891796D+03  0.0000000D+00
  0.2699937D+03  0.9592030D+01  0.1562435D+03  0.0000000D+00
  0.1374779D+04  0.5165157D+03 -0.1556877D+03  0.0000000D+00
  0.1090944D+04  0.5623670D+03 -0.4813529D+03  0.0000000D+00
  0.7042111D+04  0.1669760D+04 -0.2041331D+02  0.0000000D+00
 -0.1803506D+04  0.3434957D+02 -0.7020520D+03  0.0000000D+00
  0.5258100D+04  0.8453117D+03 -0.1492028D+03  0.0000000D+00
  0.7903524D+03  0.3538655D+02 -0.4457084D+03  0.0000000D+00
  0.6391410D+04  0.1777372D+04  0.1028729D+03  0.0000000D+00
  0.7414015D+03  0.3400429D+03 -0.5894738D+03  0.0000000D+00
  0.4637152D+04  0.2952204D+03 -0.4390784D+03  0.0000000D+00
  0.1974360D+04  0.8418792D+03 -0.2043991D+03  0.0000000D+00
 -0.2748259D+04  0.1344807D+04 -0.2731458D+03  0.0000000D+00
 -0.5541738D+04  0.1645392D+04 -0.3110166D+03  0.0000000D+00
  0.6366771D+01  0.2874865D+02  0.2411282D+03  0.0000000D+00
 -0.1927124D+03 -0.2551692D+03  0.7893424D+02  0.0000000D+00
  0.1022177D+04  0.4895671D+03  0.3270495D+03  0.0000000D+00
 -0.3898207D+03 -0.1597388D+02 -0.6623756D+02  0.0000000D+00
 -0.5134789D+02  0.2751688D+03  0.1192860D+03  0.0000000D+00
  0.4913809D+03 -0.5025329D+02 -0.2030137D+03  0.0000000D+00
 -0.7889914D+03 -0.8476736D+02 -0.2802016D+03  0.0000000D+00
  0.8642945D+02  0.3054535D+03  0.3444720D+03  0.0000000D+00
 -0.3532338D+03 -0.3286402D+02 -0.8689868D+02  0.0000000D+00
 -0.2940889D+03 -0.2752664D+03 -0.6375231D+02  0.0000000D+00
 -0.2642411D+03 -0.4208734D+03 -0.5505933D+02  0.0000000D+00
  0.1454343D+03  0.1427224D+04  0.3557282D+03  0.0000000D+00
 -0.1490711D+04  0.1407010D+04  0.2226348D+03  0.0000000D+00
  0.2220890D+04  0.1323684D+04  0.1761414D+02  0.0000000D+00
 -0.3364320D+03  0.2298012D+04  0.1457467D+03  0.0000000D+00
  0.2619708D+03  0.8335856D+03 -0.2264762D+03  0.0000000D+00
 -0.8374410D+03  0.1155898D+04 -0.1640365D+02  0.0000000D+00
  0.8831948D+03  0.7767964D+03  0.7370955D+03  0.0000000D+00
 -0.8006271D+03  0.8489177D+03  0.1297506D+03  0.0000000D+00
 -0.5884263D+03  0.1074761D+04 -0.1219274D+03  0.0000000D+00
  0.5384325D+03  0.1028608D+04 -0.1109359D+02  0.0000000D+00
  0.1200425D+04  0.1004157D+04  0.5099516D+02  0.0000000D+00
  0.1910852D+02  0.2441781D+03 -0.2662920D+02  0.0000000D+00
 -0.6256239D+03  0.3363042D+03 -0.1338910D+03  0.0000000D+00
  0.3090132D+03  0.1018237D+02 -0.1670312D+03  0.0000000D+00
 -0.4788026D+03  0.7312588D+03 -0.7342396D+02  0.0000000D+00
  0.3288709D+03 -0.2354882D+03  0.2093444D+02  0.0000000D+00
 -0.8757819D+03  0.2582896D+03  0.1016414D+03  0.0000000D+00
  0.4179054D+03  0.1083688D+02 -0.3487892D+03  0.0000000D+00
 -0.8178564D+03 -0.2433403D+03 -0.6165776D+02  0.0000000D+00
 -0.3728465D+03  0.3487901D+02  0.1960035D+02  0.0000000D+00
  0.2038539D+03 -0.3091600D+02  0.5831163D+02  0.0000000D+00
  0.5465844D+03 -0.6629613D+02  0.8186271D+02  0.0000000D+00
 -0.1150737D+03  0.2520482D+03  0.4514732D+01  0.0000000D+00
  0.6685316D+02  0.2540564D+03  0.1306896D+02  0.0000000D+00
 -0.8863136D+03  0.1701865D+03  0.1519627D+03  0.0000000D+00
 -0.2347694D+03  0.1834466D+03  0.3320530D+02  0.0000000D+00
 -0.2681182D+02 -0.1048097D+03  0.9572946D+02  0.0000000D+00
 -0.1060238D+03  0.3928847D+02 -0.7901541D+02  0.0000000D+00
  0.6655667D+03 -0.8207483D+01 -0.5180002D+02  0.0000000D+00
 -0.5221040D+03  0.1172186D+03 -0.5403510D+02  0.0000000D+00
 -0.1945273D+03  0.2637859D+03 -0.3614128D+02  0.0000000D+00
  0.3232497D+03  0.2723898D+03  0.5179899D+02  0.0000000D+00
  0.6300217D+03  0.2791106D+03  0.1034712D+03  0.0000000D+00
  0.6941538D+02 -0.1494483D+03 -0.4571211D+02  0.0000000D+00
  0.3758697D+03 -0.8762151D+02  0.1084582D+02  0.0000000D+00
 -0.3552459D+03 -0.2589699D+03 -0.6707473D+02  0.0000000D+00
  0.1531066D+02 -0.9687975D+02 -0.4883518D+02  0.0000000D+00
 -0.7448437D+02 -0.1091242D+03  0.3722109D+02  0.0000000D+00
  0.7569832D+03 -0.1534462D+03 -0.1621714D+03  0.0000000D+00
 -0.5681242D+03 -0.6505603D+02  0.2906855D+03  0.0000000D+00
  0.4102683D+03 -0.2912991D+03 -0.1096680D+03  0.0000000D+00
  0.2065442D+03 -0.6293777D+02 -0.3657303D+02  0.0000000D+00
 -0.1511997D+03 -0.2040140D+02  0.6317544D+02  0.0000000D+00
 -0.3629517D+03  0.7052981D+01  0.1223744D+03  0.0000000D+00
 -0.8397928D+02 -0.2924981D+01  0.2227199D+02  0.0000000D+00
  0.3676740D+03  0.5480905D+02  0.2483755D+03  0.0000000D+00
 -0.3868094D+03 -0.6483839D+02 -0.1181649D+03  0.0000000D+00
  0.2890579D+03 -0.3349753D+02 -0.4668159D+02  0.0000000D+00
 -0.3027585D+03  0.1026177D+03  0.2188287D+01  0.0000000D+00
  0.3190254D+03  0.3076523D+02  0.6192970D+02  0.0000000D+00
 -0.2967119D+03 -0.4781143D+01 -0.1195796D+03  0.0000000D+00
  0.5526638D+03  0.4113408D+02  0.1926892D+03  0.0000000D+00
  0.1774135D+03  0.7696021D+02  0.2365599D+02  0.0000000D+00
  0.1577831D+02  0.1527632D+03 -0.2187274D+02  0.0000000D+00
 -0.8305678D+02  0.1975302D+03 -0.5042772D+02  0.0000000D+00
  0.3238365D+04  0.1460009D+04  0.1946712D+03  0.0000000D+00
 -0.8643925D+04  0.1663893D+03  0.1332426D+04  0.0000000D+00
  0.9846443D+04  0.3372305D+04  0.1472844D+04  0.0000000D+00
 -0.9262915D+03 -0.5739358D+03 -0.1782585D+04  0.0000000D+00
 -0.1518751D+03  0.1198513D+04  0.1144417D+04  0.0000000D+00
 -0.2315329D+04 -0.1932637D+04 -0.3864975D+03  0.0000000D+00
  0.8037485D+04  0.8794419D+03 -0.5890692D+02  0.0000000D+00
 -0.5595278D+04 -0.4262334D+04  0.1212270D+03  0.0000000D+00
  0.2782997D+02 -0.2591430D+04 -0.3419201D+03  0.0000000D+00
  0.4504495D+04 -0.1982303D+04 -0.4759923D+02  0.0000000D+00
  0.7187570D+04 -0.1607005D+04  0.1194037D+03  0.0000000D+00
  0.2800349D+04 -0.1105283D+04 -0.2082914D+02  0.0000000D+00
 -0.5172491D+03 -0.3042703D+04 -0.3705041D+03  0.0000000D+00
  0.4004020D+04  0.7636609D+03 -0.4648713D+03  0.0000000D+00
 -0.1739433D+03 -0.2561816D+04  0.5280683D+03  0.0000000D+00
  0.2960546D+03  0.1653515D+04  0.2244782D+03  0.0000000D+00
 -0.1693442D+04  0.1979532D+04 -0.1620262D+03  0.0000000D+00
 -0.5544092D+04 -0.7177969D+03 -0.2862606D+03  0.0000000D+00
  0.2171625D+04  0.1791872D+04 -0.1284303D+03  0.0000000D+00
  0.3040340D+04 -0.1260162D+04 -0.2299819D+03  0.0000000D+00
  0.2510864D+04 -0.6935529D+03 -0.2300753D+03  0.0000000D+00
  0.2209809D+04 -0.3965052D+03 -0.2312277D+03  0.0000000D+00
 -0.4210539D+03  0.2576069D+02 -0.2898444D+03  0.0000000D+00
  0.6509226D+03 -0.1643355D+04  0.3091488D+03  0.0000000D+00
 -0.2407903D+04  0.2376845D+04 -0.4445911D+03  0.0000000D+00
  0.3245250D+04  0.4784773D+03 -0.1058137D+03  0.0000000D+00
  0.1763207D+04 -0.1706207D+04 -0.9454419D+03  0.0000000D+00
 -0.5289203D+04  0.6856926D+03  0.1772886D+03  0.0000000D+00
  0.4726180D+04 -0.1328040D+04 -0.3189008D+03  0.0000000D+00
 -0.4700862D+04 -0.1165557D+04  0.1876453D+03  0.0000000D+00
 -0.3776296D+04 -0.1093407D+03 -0.1095841D+02  0.0000000D+00
 -0.3482760D+04  0.4074045D+02  0.1005095D+03  0.0000000D+00
 -0.3300385D+04  0.1406173D+03  0.1636177D+03  0.0000000D+00
 -0.1474149D+03  0.4110143D+02  0.1300850D+03  0.0000000D+00
 -0.8683252D+02 -0.3842474D+03  0.5478177D+02  0.0000000D+00
  0.1190697D+03  0.8104406D+03  0.6305581D+03  0.0000000D+00
 -0.7740082D+03 -0.8596159D+03 -0.1297134D+03  0.0000000D+00
  0.5346239D+03  0.7881436D+03  0.7267007D+02  0.0000000D+00
 -0.5032814D+03 -0.2665555D+03 -0.3564530D+02  0.0000000D+00
 -0.2454220D+03 -0.4465142D+03 -0.3847163D+02  0.0000000D+00
 -0.2658735D+03  0.5282704D+03  0.2499888D+03  0.0000000D+00
 -0.8621523D+03  0.6728192D+03  0.6468108D+02  0.0000000D+00
  0.2503940D+03  0.4979951D+03  0.2924244D+02  0.0000000D+00
  0.8951395D+03  0.3973955D+03  0.6401446D+01  0.0000000D+00
 -0.1340689D+02  0.6003792D+03  0.2279838D+03  0.0000000D+00
  0.7772078D+02  0.5502497D+03 -0.1968564D+02  0.0000000D+00
 -0.5775486D+03  0.4933808D+03  0.2831910D+03  0.0000000D+00
  0.2986459D+03  0.6763140D+03 -0.6251588D+02  0.0000000D+00
 -0.2943553D+03 -0.5157176D+03  0.9152152D+02  0.0000000D+00
  0.4208532D+03 -0.1295594D+04 -0.9539028D+01  0.0000000D+00
 -0.1795250D+03  0.4520313D+03 -0.3270835D+03  0.0000000D+00
  0.4389075D+03 -0.9047829D+03  0.2364582D+03  0.0000000D+00
  0.4190791D+03 -0.8154159D+03  0.3843652D+02  0.0000000D+00
  0.5163014D+03 -0.1058766D+04 -0.1225467D+03  0.0000000D+00
  0.5730450D+03 -0.1200207D+04 -0.2190297D+03  0.0000000D+00
  0.5901534D+01  0.1408646D+03 -0.4385830D+02  0.0000000D+00
 -0.1310121D+04  0.1244967D+03  0.6118422D+01  0.0000000D+00
  0.3479270D+03  0.4803958D+02 -0.1838126D+03  0.0000000D+00
 -0.9779065D+03  0.5234539D+03 -0.8491885D+02  0.0000000D+00
  0.5210640D+03 -0.2986180D+03  0.1157835D+02  0.0000000D+00
 -0.1998271D+03 -0.6050749D+02  0.4912098D+02  0.0000000D+00
  0.1028595D+04  0.1501524D+03 -0.6924552D+02  0.0000000D+00
 -0.2090303D+03 -0.2762096D+03 -0.3188618D+01  0.0000000D+00
 -0.2682481D+03 -0.1288888D+03 -0.7493963D+01  0.0000000D+00
  0.7266813D+02 -0.7084911D+02 -0.4545018D+02  0.0000000D+00
  0.2715058D+03 -0.3524222D+02 -0.6770479D+02  0.0000000D+00
  0.3073605D+02  0.1120486D+03  0.3326612D+02  0.0000000D+00
 -0.3528658D+03  0.4206679D+03 -0.9694890D+02  0.0000000D+00
 -0.2699339D+03 -0.4603288D+03  0.1036960D+03  0.0000000D+00
 -0.9787243D+03  0.8966716D+03  0.1570088D+03  0.0000000D+00
  0.5879558D+03 -0.2924417D+03 -0.8004935D+02  0.0000000D+00
 -0.5441228D+03  0.2119532D+03  0.1305465D+03  0.0000000D+00
  0.8929470D+03 -0.9546466D+02 -0.1626491D+03  0.0000000D+00
 -0.1831696D+02 -0.2253958D+03 -0.7354410D+02  0.0000000D+00
 -0.6046783D+02 -0.2899201D+03  0.3494130D+02  0.0000000D+00
 -0.7725688D+03 -0.3623321D+03 -0.3412127D+02  0.0000000D+00
 -0.1189935D+04 -0.4054856D+03 -0.7335806D+02  0.0000000D+00
  0.1162588D+00 -0.3553849D+02 -0.2838655D+02  0.0000000D+00
  0.7420262D+03  0.1456544D+03  0.3680221D+02  0.0000000D+00
 -0.1232066D+04 -0.3170879D+03 -0.1619416D+03  0.0000000D+00
  0.4376396D+03  0.2279350D+03  0.1113373D+02  0.0000000D+00
 -0.2305579D+03  0.1276507D+02 -0.3470979D+02  0.0000000D+00
 -0.2599165D+03 -0.1506128D+03 -0.1608926D+02  0.0000000D+00
 -0.1686406D+03  0.9937103D+02  0.4125213D+02  0.0000000D+00
  0.4288980D+03  0.1216065D+03  0.3765522D+02  0.0000000D+00
  0.2201095D+03  0.8150979D+02 -0.2704115D+02  0.0000000D+00
 -0.8100740D+02  0.1584130D+03 -0.1909409D+02  0.0000000D+00
 -0.2595512D+03  0.2029682D+03 -0.1518551D+02  0.0000000D+00
  0.7520500D+01  0.2892373D+02  0.1270260D+02  0.0000000D+00
  0.6895297D+02 -0.8249600D+02  0.2084412D+03  0.0000000D+00
  0.4112971D+03  0.2668440D+03 -0.2307348D+03  0.0000000D+00
 -0.3683514D+02 -0.4903514D+03 -0.4881197D+02  0.0000000D+00
 -0.1638736D+03  0.3131385D+03  0.4246980D+02  0.0000000D+00
  0.3278631D+03 -0.8393276D+02 -0.7825147D+02  0.0000000D+00
 -0.1228585D+04  0.3400772D+02  0.9653947D+02  0.0000000D+00
  0.5380148D+03 -0.1116053D+03  0.1246802D+03  0.0000000D+00
  0.2151353D+03 -0.5785482D+02 -0.5646948D+02  0.0000000D+00
 -0.1862844D+03 -0.1322971D+02 -0.1527557D+02  0.0000000D+00
 -0.4248471D+03  0.1351370D+02  0.6796232D+01  0.0000000D+00
 -0.1122656D+03 -0.2168635D+04  0.2259854D+03  0.0000000D+00
 -0.1921773D+03 -0.3326100D+04 -0.2298067D+04  0.0000000D+00
 -0.1316439D+04  0.1184921D+04  0.1109092D+04  0.0000000D+00
  0.4658697D+04 -0.5006760D+04 -0.2212422D+02  0.0000000D+00
 -0.1818884D+03  0.2623555D+03 -0.6359088D+03  0.0000000D+00
  0.4252765D+04 -0.4505793D+04  0.4013549D+03  0.0000000D+00
  0.7999967D+03 -0.1393869D+04 -0.1010186D+04  0.0000000D+00
 -0.1061578D+04 -0.1684218D+04 -0.9280631D+03  0.0000000D+00
 -0.2384961D+04 -0.2662192D+04 -0.7090367D+03  0.0000000D+00
  0.1041583D+03 -0.2776195D+04 -0.3448085D+03  0.0000000D+00
  0.1546565D+04 -0.2853926D+04 -0.1290026D+03  0.0000000D+00
  0.2187264D+04 -0.9237464D+03 -0.2005610D+03  0.0000000D+00
 -0.1036743D+05  0.1750098D+04 -0.1509519D+04  0.0000000D+00
  0.2621479D+04  0.7455014D+03 -0.4281238D+03  0.0000000D+00
  0.4650241D+04  0.3836945D+03  0.3784992D+03  0.0000000D+00
 -0.1816998D+04  0.8125496D+03 -0.7722809D+03  0.0000000D+00
 -0.2102612D+04  0.2382681D+04 -0.4103377D+03  0.0000000D+00
  0.2475431D+04  0.2029137D+04 -0.3626086D+03  0.0000000D+00
  0.2029370D+01  0.7533185D+03 -0.2118135D+03  0.0000000D+00
 -0.4364988D+03  0.3915066D+03 -0.2730901D+03  0.0000000D+00
  0.3600753D+04 -0.2382373D+03  0.1292756D+03  0.0000000D+00
  0.5959642D+04 -0.6109696D+03  0.3641328D+03  0.0000000D+00
 -0.1067669D+04 -0.5117138D+03  0.5234849D+03  0.0000000D+00
 -0.2231174D+04 -0.1586123D+04  0.8153708D+03  0.0000000D+00
  0.6487818D+03  0.2772876D+04  0.7806549D+03  0.0000000D+00
 -0.5405334D+04 -0.1581894D+04 -0.1367444D+04  0.0000000D+00
 -0.3497748D+04 -0.1392784D+04  0.4331919D+03  0.0000000D+00
  0.4737155D+04 -0.2095410D+04 -0.5207845D+03  0.0000000D+00
 -0.1667508D+04 -0.1256602D+04  0.1051181D+04  0.0000000D+00
  0.1584391D+04 -0.1628930D+04  0.5503800D+03  0.0000000D+00
 -0.1145641D+04  0.2774990D+03  0.9607640D+02  0.0000000D+00
 -0.5077562D+04  0.5669650D+03  0.4798637D+03  0.0000000D+00
 -0.7409495D+04  0.7576634D+03  0.6995663D+03  0.0000000D+00
 -0.1407897D+03  0.8778438D+02 -0.1100465D+03  0.0000000D+00
  0.1846008D+04 -0.4273434D+03 -0.4327769D+03  0.0000000D+00
 -0.2425020D+04  0.9480751D+03  0.2841147D+03  0.0000000D+00
  0.3612582D+02 -0.7623718D+03 -0.5855479D+02  0.0000000D+00
 -0.3514463D+03  0.3077786D+03 -0.1436552D+03  0.0000000D+00
  0.6312270D+03 -0.1258472D+03  0.5271729D+02  0.0000000D+00
 -0.8536644D+03 -0.1134757D+03  0.6132483D+03  0.0000000D+00
  0.1801142D+03  0.2084884D+03 -0.4772044D+03  0.0000000D+00
 -0.4238146D+02  0.2436512D+03 -0.9705218D+02  0.0000000D+00
  0.5220891D+03  0.2624032D+03  0.6192339D+01  0.0000000D+00
  0.8501875D+03  0.2738110D+03  0.7095357D+02  0.0000000D+00
 -0.2518881D+02 -0.7491414D+03 -0.2745125D+03  0.0000000D+00
  0.4284832D+03 -0.8108663D+03 -0.1708766D+03  0.0000000D+00
 -0.3042368D+03 -0.7883150D+03  0.2228808D+03  0.0000000D+00
  0.6230236D+03 -0.8594084D+03 -0.7015867D+02  0.0000000D+00
  0.9052273D+02 -0.8420557D+03  0.1269118D+03  0.0000000D+00
 -0.7282753D+03 -0.9658685D+03 -0.1271396D+03  0.0000000D+00
  0.5784887D+03 -0.8254700D+03  0.4532950D+02  0.0000000D+00
 -0.1396020D+04 -0.5509431D+03 -0.6365923D+02  0.0000000D+00
 -0.5920050D+03 -0.6967055D+03  0.2642119D+01  0.0000000D+00
  0.4543409D+03 -0.5928788D+03 -0.9620404D+02  0.0000000D+00
  0.1075614D+04 -0.5337124D+03 -0.1533402D+03  0.0000000D+00
 -0.5672151D+02 -0.1707464D+03 -0.1959735D+02  0.0000000D+00
  0.1638380D+04 -0.1166274D+03  0.4384719D+03  0.0000000D+00
 -0.4888889D+03 -0.3802910D+03 -0.1539174D+03  0.0000000D+00
  0.8412252D+03  0.2376961D+03 -0.4450466D+02  0.0000000D+00
 -0.2136210D+03 -0.3399797D+03 -0.4271141D+02  0.0000000D+00
 -0.6601131D+03 -0.7452307D+02  0.8321056D+02  0.0000000D+00
  0.6194792D+03 -0.9747785D+02 -0.7932913D+02  0.0000000D+00
 -0.3472573D+03 -0.3128249D+03 -0.4719581D+02  0.0000000D+00
  0.4509677D+03 -0.1357271D+03  0.5157334D+02  0.0000000D+00
 -0.1907320D+03 -0.1309904D+03  0.2169091D+02  0.0000000D+00
 -0.5574497D+03 -0.1262359D+03  0.5320929D+01  0.0000000D+00
 -0.1681179D-01 -0.2168258D+03  0.2374096D+02  0.0000000D+00
  0.4233325D+03  0.3617713D+02 -0.1733775D+03  0.0000000D+00
  0.6600852D+03 -0.7105773D+03  0.1874111D+03  0.0000000D+00
  0.3344597D+03  0.5927271D+03  0.3700897D+02  0.0000000D+00
 -0.1814232D+03 -0.3850781D+03 -0.7222940D+02  0.0000000D+00
  0.1505374D+03 -0.1522506D+03 -0.4989835D+02  0.0000000D+00
  0.4683046D+03 -0.1796241D+03  0.4680437D+02  0.0000000D+00
  0.1062024D+04 -0.1237823D+03 -0.8008806D+02  0.0000000D+00
  0.1027019D+04 -0.3463614D+03 -0.3905166D+02  0.0000000D+00
  0.9463496D+03 -0.2822931D+03 -0.3022725D+02  0.0000000D+00
  0.8989010D+03 -0.2472954D+03 -0.2458825D+02  0.0000000D+00
  0.3345203D+02 -0.9478188D+01  0.2282298D+02  0.0000000D+00
 -0.8913792D+03  0.1448249D+03  0.8153848D+02  0.0000000D+00
  0.1028456D+04 -0.2770523D+03 -0.6359105D+02  0.0000000D+00
 -0.2304307D+03  0.2309274D+03 -0.1677612D+02  0.0000000D+00
 -0.5485315D+02  0.1402577D+03  0.2439378D+02  0.0000000D+00
  0.2608880D+02  0.1282405D+03  0.3292735D+02  0.0000000D+00
 -0.3005739D+03  0.1498314D+03 -0.2510244D+03  0.0000000D+00
 -0.1560101D+03  0.5873572D+02  0.1796185D+02  0.0000000D+00
 -0.7416122D+02  0.1251826D+03  0.2182852D+02  0.0000000D+00
  0.5445408D+03  0.2095723D+03  0.5151069D+02  0.0000000D+00
  0.9076693D+03  0.2597202D+03  0.6898340D+02  0.0000000D+00
 -0.1540705D+01  0.5601881D+01 -0.4895228D+02  0.0000000D+00
 -0.3101934D+03 -0.5973527D+02 -0.3429662D+02  0.0000000D+00
 -0.1964870D+03  0.1392933D+03 -0.1798528D+03  0.0000000D+00
 -0.1190945D+03 -0.4241957D+03  0.2158942D+02  0.0000000D+00
  0.1781690D+03  0.2548199D+03 -0.2921918D+02  0.0000000D+00
 -0.2260445D+03 -0.1896933D+03  0.5180006D+02  0.0000000D+00
  0.2916861D+03  0.2809332D+03 -0.1120770D+03  0.0000000D+00
 -0.2003317D+03 -0.8675014D+02  0.1693178D+03  0.0000000D+00
 -0.6745208D+02  0.2850315D+02 -0.3487819D+02  0.0000000D+00
  0.1055743D+03  0.6248078D+02 -0.1323062D+03  0.0000000D+00
  0.2082771D+03  0.8360568D+02 -0.1915998D+03  0.0000000D+00
