  1  2   693 10944  4  4  9 11  7  1    0.00   24.00  100.00  600.00    0.00    6.28   45.00   45.00
  100.0  100.0  100.0  100.0  125.0  150.0  190.0  230.0  275.0  350.0  450.0  600.0  600.0  600.0  600.0
  0.1055533D+02 -0.2564524D+00  0.1218833D+00  0.0000000D+00
  0.1082137D+02 -0.4191671D+00  0.1090372D+00  0.0000000D+00
  0.1092040D+02  0.1920117D-01  0.6863056D-01  0.0000000D+00
  0.1077630D+02 -0.6642132D-01  0.5055091D-01  0.0000000D+00
  0.1094431D+02  0.1727293D-01  0.2547774D-01  0.0000000D+00
  0.1110804D+02  0.1101163D+00 -0.4409550D-01  0.0000000D+00
  0.1125701D+02  0.4232969D+00 -0.7028629D-01  0.0000000D+00
  0.1123516D+02  0.6167015D+00 -0.1219912D-01  0.0000000D+00
  0.1104385D+02  0.6721111D+00  0.3871414D-01  0.0000000D+00
  0.1090060D+02  0.6044951D+00  0.1878845D-01  0.0000000D+00
  0.1081460D+02  0.5655079D+00  0.7695051D-02  0.0000000D+00
 -0.7292996D-01 -0.7519948D-01  0.9307678D-01  0.0000000D+00
  0.5462339D-01 -0.4680984D-01  0.2953757D-01  0.0000000D+00
  0.2008336D+00 -0.2257492D+00 -0.4000970D-02  0.0000000D+00
 -0.4665472D-01 -0.9403376D-01  0.2743440D-02  0.0000000D+00
 -0.1241318D+00 -0.2116404D+00  0.4365739D-01  0.0000000D+00
 -0.4261159D+00 -0.1163123D+00  0.4563111D-01  0.0000000D+00
 -0.2732210D+00 -0.1749383D+00 -0.2344568D-01  0.0000000D+00
 -0.1001470D+00 -0.1287332D+00  0.8131139D-02  0.0000000D+00
 -0.5488780D-01 -0.1058485D+00  0.3695764D-01  0.0000000D+00
 -0.8948791D-01 -0.7892131D-01  0.5041609D-02  0.0000000D+00
 -0.1092312D+00 -0.6290900D-01 -0.1331565D-01  0.0000000D+00
  0.1640509D+00  0.2919314D-01  0.6602179D-01  0.0000000D+00
 -0.8760985D-02  0.1606476D+00  0.5727663D-01  0.0000000D+00
  0.4247004D-01 -0.9383999D-01 -0.2083070D-01  0.0000000D+00
 -0.1909605D-01  0.1403400D+00 -0.6131782D-01  0.0000000D+00
 -0.4040577D-01 -0.6871940D-01 -0.2590658D-01  0.0000000D+00
 -0.8163599D-01 -0.9548816D-01 -0.2869982D-02  0.0000000D+00
 -0.7651617D-01 -0.1060819D+00 -0.2810574D-01  0.0000000D+00
  0.5233342D-01 -0.6956330D-01  0.2122180D-01  0.0000000D+00
  0.7702312D-01 -0.2996780D-01  0.4287204D-01  0.0000000D+00
  0.5210346D-01  0.1977259D-02  0.2893929D-01  0.0000000D+00
  0.3779349D-01  0.2112429D-01  0.2102742D-01  0.0000000D+00
  0.4682349D-01 -0.1784702D-02  0.1163429D-03  0.0000000D+00
  0.4353972D-01 -0.3595092D-02 -0.7787626D-04  0.0000000D+00
 -0.5370402D-01 -0.8470214D-03  0.4215962D-03  0.0000000D+00
  0.7269499D-01  0.3166540D-02 -0.9098675D-03  0.0000000D+00
  0.5511248D-01 -0.7675985D-02  0.9715233D-03  0.0000000D+00
  0.1138768D+00  0.2010760D-01  0.1536447D-02  0.0000000D+00
  0.8636727D-01 -0.1976263D-01  0.1251623D-01  0.0000000D+00
  0.1209735D+00 -0.2544647D-02 -0.1776670D-01  0.0000000D+00
  0.1032687D+00  0.2035914D-01 -0.2661337D-02  0.0000000D+00
  0.7596902D-01  0.5216414D-01  0.1268512D-02  0.0000000D+00
  0.5978472D-01  0.7105238D-01  0.3740698D-02  0.0000000D+00
  0.2950673D-01 -0.2152394D-02  0.7279828D-04  0.0000000D+00
  0.2940243D-01  0.4586849D-02  0.2322847D-03  0.0000000D+00
  0.5570753D-02 -0.3305464D-02 -0.7208100D-03  0.0000000D+00
  0.1111961D-01  0.5114721D-02  0.1754318D-02  0.0000000D+00
  0.1135532D-02 -0.7400921D-02 -0.2389705D-02  0.0000000D+00
 -0.8327199D-01  0.1520223D-01  0.3138398D-02  0.0000000D+00
 -0.6928048D-01 -0.5600658D-01 -0.1398815D-01  0.0000000D+00
 -0.2632256D-01 -0.1977787D-01 -0.9589884D-02  0.0000000D+00
  0.1895185D-01 -0.1299697D-01  0.1373400D-01  0.0000000D+00
  0.2090411D-01  0.1431754D-01  0.8032255D-02  0.0000000D+00
  0.2255216D-01  0.3038635D-01  0.4956569D-02  0.0000000D+00
 -0.2322125D-01  0.1401254D-02 -0.2755221D-03  0.0000000D+00
 -0.1536778D-01 -0.2591934D-02 -0.6025342D-03  0.0000000D+00
 -0.3250540D-02  0.2868548D-02  0.7578072D-03  0.0000000D+00
 -0.1682008D-01 -0.1866067D-02 -0.7786778D-03  0.0000000D+00
  0.1555292D-01  0.5656267D-02  0.2040665D-02  0.0000000D+00
 -0.3418284D-01 -0.1355190D-01 -0.8359081D-02  0.0000000D+00
 -0.1509460D-01  0.9037692D-02  0.1066363D-02  0.0000000D+00
 -0.3458034D-01 -0.2169908D-02 -0.9237868D-02  0.0000000D+00
 -0.2483615D-01  0.9845779D-03 -0.5118916D-02  0.0000000D+00
 -0.1691571D-01 -0.9932565D-02 -0.1284432D-01  0.0000000D+00
 -0.1217327D-01 -0.1629086D-01 -0.1732187D-01  0.0000000D+00
 -0.4871340D-01  0.2071764D-02  0.1931339D-04  0.0000000D+00
 -0.5856032D-02  0.1697320D-02  0.1169842D-04  0.0000000D+00
 -0.1143938D-01 -0.9459958D-03  0.2550976D-04  0.0000000D+00
  0.1059954D-01  0.1607769D-02 -0.2740704D-03  0.0000000D+00
  0.1396783D-02 -0.3009308D-02  0.9027623D-03  0.0000000D+00
 -0.1391526D-01  0.4589086D-02 -0.1365283D-02  0.0000000D+00
 -0.1589620D-01 -0.2705268D-01  0.4712241D-02  0.0000000D+00
 -0.1882551D-01 -0.1487782D-01 -0.1048834D-01  0.0000000D+00
 -0.2056522D-02 -0.1281845D-01 -0.2395326D-02  0.0000000D+00
  0.1155745D-01 -0.6783493D-02  0.4692365D-02  0.0000000D+00
  0.1971516D-01 -0.3226740D-02  0.8932996D-02  0.0000000D+00
  0.3523704D-01  0.3043585D-03 -0.8147278D-04  0.0000000D+00
  0.8607966D-02 -0.3445930D-03  0.3448635D-03  0.0000000D+00
  0.2999362D-01  0.9572174D-03 -0.6937602D-03  0.0000000D+00
  0.1611671D-01  0.1709337D-03  0.7540477D-03  0.0000000D+00
 -0.1173950D-01  0.1540634D-02 -0.1922398D-02  0.0000000D+00
  0.9152257D-02 -0.1194732D-02  0.5857719D-02  0.0000000D+00
 -0.5241131D-02  0.3483590D-02 -0.2767241D-02  0.0000000D+00
  0.1014601D-01 -0.1047999D-01  0.6131229D-02  0.0000000D+00
  0.3758119D-02 -0.4407448D-02  0.5609161D-02  0.0000000D+00
 -0.2455177D-02 -0.1939722D-02  0.2245464D-02  0.0000000D+00
 -0.6163465D-02 -0.4270709D-03  0.2704495D-03  0.0000000D+00
 -0.1852674D-01 -0.4173262D-03  0.3732422D-03  0.0000000D+00
  0.7966510D-02  0.1677604D-02 -0.4291011D-03  0.0000000D+00
 -0.3293731D-01 -0.1004938D-02  0.1242181D-03  0.0000000D+00
  0.3152898D-02  0.1845404D-02  0.1033899D-03  0.0000000D+00
 -0.3136816D-01 -0.4613801D-02  0.6852427D-04  0.0000000D+00
  0.1477045D-01  0.1059069D-01  0.3754699D-03  0.0000000D+00
 -0.1017491D-01 -0.2168092D-01 -0.1262368D-03  0.0000000D+00
  0.5081204D-02 -0.8753951D-02 -0.5315271D-03  0.0000000D+00
  0.1636228D-03 -0.1282214D-01  0.2427723D-02  0.0000000D+00
  0.3580763D-02 -0.6669608D-02  0.1903217D-02  0.0000000D+00
  0.5526487D-02 -0.3112765D-02  0.1629141D-02  0.0000000D+00
 -0.7528342D-02 -0.7637330D-01  0.1207944D+00  0.0000000D+00
  0.5455920D-01  0.2120158D-01  0.1458186D+00  0.0000000D+00
 -0.2293802D-01  0.6877992D-01 -0.1666477D-01  0.0000000D+00
 -0.1329120D+00  0.2218447D+00  0.5975292D-01  0.0000000D+00
 -0.2212517D+00  0.3761277D-01  0.6770072D-02  0.0000000D+00
 -0.2655144D-01  0.1447408D+00  0.3090531D-02  0.0000000D+00
 -0.1177834D+00  0.9871475D-01 -0.3625111D-02  0.0000000D+00
 -0.1281783D+00  0.1405338D+00  0.1738269D-01  0.0000000D+00
 -0.1381210D+00  0.9480364D-01  0.2892163D-01  0.0000000D+00
 -0.9650037D-01  0.9934533D-02  0.2665913D-01  0.0000000D+00
 -0.7224392D-01 -0.4028590D-01  0.2546356D-01  0.0000000D+00
  0.1772077D+00  0.1455563D-01  0.8015309D-01  0.0000000D+00
  0.2704993D+00  0.9160132D-01  0.2900025D-02  0.0000000D+00
  0.1190273D+00 -0.3247498D-01 -0.3972694D-01  0.0000000D+00
  0.3131695D+00  0.8345598D-01 -0.1802411D-01  0.0000000D+00
  0.1308540D+00 -0.3195298D-01  0.5633011D-03  0.0000000D+00
 -0.6375608D-01 -0.1104076D+00  0.9472401D-02  0.0000000D+00
 -0.3974394D-01 -0.8252655D-01  0.1394110D-01  0.0000000D+00
 -0.4347815D-01 -0.2923944D-01 -0.1457418D-02  0.0000000D+00
 -0.8182974D-02 -0.8723187D-02  0.9122335D-02  0.0000000D+00
  0.1416746D-01 -0.2403364D-01  0.1379767D-01  0.0000000D+00
  0.2764381D-01 -0.3276914D-01  0.1665207D-01  0.0000000D+00
  0.1108028D+00 -0.3103923D-01  0.7261589D-01  0.0000000D+00
  0.2460895D-01  0.9920955D-01  0.4518670D-01  0.0000000D+00
 -0.4554456D-01 -0.2241768D-01  0.1100784D-01  0.0000000D+00
  0.1852269D-01  0.2822235D-01 -0.3184834D-01  0.0000000D+00
  0.9988144D-02  0.2378667D-01 -0.1189751D-01  0.0000000D+00
 -0.2629710D-01 -0.9987892D-01 -0.2391556D-01  0.0000000D+00
  0.1342796D-02 -0.4600135D-01  0.1187261D-01  0.0000000D+00
 -0.7172786D-02 -0.3804986D-02 -0.1074436D-01  0.0000000D+00
 -0.8479680D-02 -0.1014369D-01 -0.2572380D-03  0.0000000D+00
 -0.1876310D-01 -0.6217507D-02 -0.1111264D-02  0.0000000D+00
 -0.2479662D-01 -0.3988023D-02 -0.1495277D-02  0.0000000D+00
  0.2332482D-01 -0.8628825D-03 -0.1900375D-03  0.0000000D+00
  0.1915046D-01  0.1058840D-02  0.2856271D-03  0.0000000D+00
 -0.8219395D-02 -0.1529991D-02  0.1519243D-03  0.0000000D+00
  0.4290062D-01  0.2919064D-02  0.2920871D-03  0.0000000D+00
  0.1777395D+00 -0.6330481D-02 -0.3759513D-03  0.0000000D+00
  0.1318212D+00  0.1999151D-01 -0.2860248D-02  0.0000000D+00
  0.1441749D+00  0.9145888D-02 -0.4154401D-02  0.0000000D+00
  0.1055210D+00 -0.5520929D-01 -0.1320664D-01  0.0000000D+00
  0.1009426D+00 -0.3038438D-01 -0.1350011D-02  0.0000000D+00
  0.5272705D-01 -0.5851318D-02 -0.8498833D-02  0.0000000D+00
  0.2444171D-01  0.8789661D-02 -0.1255161D-01  0.0000000D+00
 -0.2030928D-01 -0.1449474D-02  0.1235324D-03  0.0000000D+00
  0.2317754D-01  0.2751275D-02 -0.3857479D-03  0.0000000D+00
  0.5535613D-02 -0.1195968D-02  0.6864655D-04  0.0000000D+00
  0.2389500D-01  0.2104337D-02  0.8511507D-04  0.0000000D+00
 -0.1730470D-01 -0.5147950D-02  0.1005625D-02  0.0000000D+00
  0.1564473D-01  0.1411706D-01 -0.2282565D-02  0.0000000D+00
  0.8365105D-02 -0.1546799D-02  0.5570323D-02  0.0000000D+00
  0.2962375D-01 -0.3184303D-01 -0.1451659D-01  0.0000000D+00
  0.1897161D-01 -0.3165284D-01 -0.1901886D-01  0.0000000D+00
 -0.5809840D-02 -0.7153796D-02 -0.1137434D-01  0.0000000D+00
 -0.2043608D-01  0.7200333D-02 -0.6946734D-02  0.0000000D+00
 -0.4880911D-01  0.5863203D-03 -0.1700185D-03  0.0000000D+00
 -0.5077070D-01 -0.2066097D-02  0.3160540D-03  0.0000000D+00
 -0.4977094D-01  0.2925709D-02 -0.2692846D-03  0.0000000D+00
 -0.1369138D-01 -0.5869487D-02  0.1383195D-02  0.0000000D+00
 -0.1111415D+00  0.9380231D-02 -0.2404652D-02  0.0000000D+00
 -0.2256119D-01 -0.2385584D-01  0.6109544D-02  0.0000000D+00
 -0.5757419D-01  0.1829150D-02 -0.8438884D-02  0.0000000D+00
 -0.2561291D-01 -0.1772128D-01  0.4632571D-02  0.0000000D+00
 -0.3863535D-01  0.3405345D-02  0.1162355D-01  0.0000000D+00
 -0.2491855D-01 -0.1090214D-01  0.1841692D-02  0.0000000D+00
 -0.1703489D-01 -0.1904477D-01 -0.3807833D-02  0.0000000D+00
 -0.5941055D-01  0.2437536D-02  0.1701043D-04  0.0000000D+00
 -0.4579782D-01  0.2148956D-03 -0.8594639D-04  0.0000000D+00
  0.6658454D-03  0.2979733D-02  0.3916403D-04  0.0000000D+00
 -0.5147605D-01 -0.6177900D-02 -0.4866151D-03  0.0000000D+00
 -0.3217722D-01  0.1092886D-01  0.5422806D-03  0.0000000D+00
 -0.3038378D-01 -0.2335657D-01  0.1543337D-02  0.0000000D+00
 -0.1538415D-01  0.1512361D-01  0.6971593D-02  0.0000000D+00
 -0.1913919D-01  0.2436450D-01 -0.3325494D-02  0.0000000D+00
 -0.1904455D-03 -0.1920847D-02 -0.4771131D-02  0.0000000D+00
  0.2370242D-03 -0.5783687D-02 -0.6807181D-02  0.0000000D+00
  0.7004576D-03 -0.8338365D-02 -0.8014679D-02  0.0000000D+00
  0.3553275D-01  0.1238647D-02 -0.1293238D-03  0.0000000D+00
  0.2947855D-01  0.6133115D-03  0.5473188D-03  0.0000000D+00
  0.1782374D-01 -0.2511639D-03 -0.6894037D-03  0.0000000D+00
 -0.1709317D-01  0.1566287D-02  0.1074218D-02  0.0000000D+00
 -0.6180175D-02 -0.3398355D-02 -0.2141699D-02  0.0000000D+00
  0.9889568D-02  0.1419322D-01  0.4888599D-02  0.0000000D+00
 -0.6656902D-02 -0.8581340D-02 -0.6103099D-02  0.0000000D+00
  0.8919439D-02 -0.1288116D-01  0.6066974D-02  0.0000000D+00
  0.7237869D-02 -0.3991970D-02  0.6530535D-02  0.0000000D+00
  0.7167410D-02  0.1966023D-02  0.3665328D-02  0.0000000D+00
  0.7107397D-02  0.5555108D-02  0.1993720D-02  0.0000000D+00
 -0.1873775D-01  0.6202555D-03  0.7527363D-03  0.0000000D+00
 -0.3663939D-02  0.3000362D-02 -0.4586453D-03  0.0000000D+00
 -0.2088121D-01 -0.1973841D-02  0.3230175D-03  0.0000000D+00
  0.1833336D-01  0.1403486D-02 -0.6687122D-03  0.0000000D+00
  0.1729537D-01 -0.2511648D-02  0.1393409D-02  0.0000000D+00
 -0.1188831D-02  0.6545834D-02 -0.3931155D-02  0.0000000D+00
  0.1127274D-01  0.9251005D-02  0.3657812D-02  0.0000000D+00
 -0.1099249D-01 -0.3688617D-02  0.1124658D-02  0.0000000D+00
  0.7489182D-02 -0.2810594D-02  0.4046578D-02  0.0000000D+00
  0.2682941D-02 -0.5207719D-02  0.1071566D-02  0.0000000D+00
  0.7467645D-04 -0.6602402D-02 -0.6378386D-03  0.0000000D+00
  0.5257597D-01 -0.1551074D+00  0.1618485D-01  0.0000000D+00
  0.5014929D-01 -0.1302102D+00  0.6676950D-02  0.0000000D+00
  0.2464098D-01 -0.1079863D+00 -0.1605762D-01  0.0000000D+00
  0.5660376D-01 -0.1120939D-01  0.6014071D-02  0.0000000D+00
  0.1259059D-01 -0.1351623D+00  0.1526955D-01  0.0000000D+00
  0.5818131D-01 -0.1090622D+00  0.5570008D-01  0.0000000D+00
  0.4665543D-01 -0.1170573D+00 -0.5379664D-01  0.0000000D+00
  0.1160492D+00 -0.8656849D-01  0.2450625D-01  0.0000000D+00
  0.1145162D+00 -0.2081598D-01  0.4479764D-01  0.0000000D+00
  0.6532902D-01  0.3635046D-01  0.2451751D-01  0.0000000D+00
  0.3651329D-01  0.7056295D-01  0.1287584D-01  0.0000000D+00
  0.1110446D-01 -0.4928804D-01  0.4983029D-01  0.0000000D+00
 -0.8104812D-01 -0.2649998D-01  0.3396652D-01  0.0000000D+00
  0.1521816D+00 -0.2082389D+00  0.5132155D-01  0.0000000D+00
 -0.7181963D-01  0.2611895D-01  0.1705876D-01  0.0000000D+00
 -0.2835320D-01 -0.2880332D+00  0.1978260D-02  0.0000000D+00
 -0.8383299D-01  0.1368826D+00  0.4636642D-01  0.0000000D+00
  0.7203601D-01  0.7888420D-02 -0.3031452D-01  0.0000000D+00
  0.8788518D-01 -0.3231690D-02  0.3196122D-01  0.0000000D+00
  0.8442647D-01  0.3150931D-01  0.6719341D-01  0.0000000D+00
  0.3474170D-01  0.4968663D-01  0.3969715D-01  0.0000000D+00
  0.5618097D-02  0.6071436D-01  0.2399856D-01  0.0000000D+00
  0.1830237D-03 -0.4911842D-01 -0.3730198D-02  0.0000000D+00
  0.7105746D-01 -0.5654972D-01  0.3173517D-02  0.0000000D+00
  0.3755535D-01 -0.1411986D+00  0.1252246D-01  0.0000000D+00
 -0.8214214D-01  0.5704682D-01  0.5206809D-01  0.0000000D+00
  0.3788400D-01 -0.7242937D-01 -0.2173865D-01  0.0000000D+00
 -0.2022198D-01  0.3656921D-01  0.3723687D-01  0.0000000D+00
 -0.3594015D-01 -0.2262866D-01 -0.3307504D-01  0.0000000D+00
  0.1388142D-01 -0.3265466D-01  0.4415395D-01  0.0000000D+00
  0.3607826D-01 -0.3905393D-01  0.6686361D-01  0.0000000D+00
 -0.1012773D-01 -0.4318429D-01  0.3575654D-01  0.0000000D+00
 -0.3692318D-01 -0.4567456D-01  0.1780117D-01  0.0000000D+00
 -0.3049159D-01 -0.5229526D-03  0.1981095D-03  0.0000000D+00
 -0.1453983D-01 -0.3824826D-02 -0.1092072D-02  0.0000000D+00
 -0.1171168D-01  0.1105611D-02  0.1505771D-02  0.0000000D+00
  0.2062657D-02 -0.4220270D-03 -0.2043837D-02  0.0000000D+00
 -0.4339229D-01  0.2647743D-02  0.4101491D-02  0.0000000D+00
 -0.3603771D-01 -0.1655491D-01 -0.8094113D-02  0.0000000D+00
  0.1837979D-01 -0.5634326D-01  0.7193941D-02  0.0000000D+00
 -0.5610748D-02 -0.1450702D-01 -0.8384513D-02  0.0000000D+00
 -0.2959072D-01  0.3048335D-01  0.1164281D-01  0.0000000D+00
 -0.1753410D-01  0.9367668D-02  0.1427481D-01  0.0000000D+00
 -0.1074122D-01 -0.2497831D-02  0.1604044D-01  0.0000000D+00
  0.4280561D-01 -0.2063490D-02 -0.3468238D-03  0.0000000D+00
 -0.1650670D-01  0.6179628D-02  0.1691205D-02  0.0000000D+00
  0.2791462D-01 -0.1861743D-02 -0.2460296D-02  0.0000000D+00
  0.7703441D-02  0.3216366D-02  0.3666185D-02  0.0000000D+00
  0.2287325D-01 -0.3115557D-02 -0.8026721D-02  0.0000000D+00
 -0.3032717D-01 -0.6731022D-02  0.1715139D-01  0.0000000D+00
  0.4243395D-02 -0.3477965D-01 -0.1544134D-01  0.0000000D+00
  0.3026424D-01 -0.2262973D-01  0.8307584D-02  0.0000000D+00
  0.4667811D-01 -0.1916311D-01  0.2611332D-01  0.0000000D+00
  0.1925120D-01 -0.1763919D-01  0.1962799D-01  0.0000000D+00
  0.3384693D-02 -0.1670708D-01  0.1603249D-01  0.0000000D+00
 -0.1870013D-01  0.2130244D-02 -0.4846998D-03  0.0000000D+00
 -0.1587736D-01  0.1079067D-02  0.1295804D-03  0.0000000D+00
 -0.2179494D-02 -0.1817581D-02 -0.1216379D-02  0.0000000D+00
  0.4699284D-01  0.4957957D-02  0.9367199D-03  0.0000000D+00
  0.7130473D-01 -0.9781417D-02 -0.1814254D-02  0.0000000D+00
  0.2253884D-01  0.3319767D-01  0.3529072D-02  0.0000000D+00
  0.2782946D-01 -0.8523610D-02 -0.3280921D-02  0.0000000D+00
  0.3358276D-01 -0.1621254D-01 -0.9337041D-02  0.0000000D+00
  0.2775205D-01 -0.5981322D-02 -0.1050161D-01  0.0000000D+00
  0.1878202D-01  0.7011262D-02 -0.5833833D-02  0.0000000D+00
  0.1346700D-01  0.1473355D-01 -0.3111920D-02  0.0000000D+00
 -0.7444646D-01  0.2198209D-02  0.6313615D-03  0.0000000D+00
 -0.2187456D-01  0.6964456D-03 -0.7098992D-03  0.0000000D+00
 -0.6292372D-01 -0.1061424D-02  0.9006223D-03  0.0000000D+00
 -0.2036484D-01  0.4162577D-02 -0.2031268D-02  0.0000000D+00
 -0.1294207D-02 -0.1026203D-01  0.3825012D-02  0.0000000D+00
 -0.2392594D-01  0.3446990D-01 -0.9276066D-02  0.0000000D+00
  0.1896238D-01 -0.9813850D-02  0.3777187D-02  0.0000000D+00
 -0.2691552D-01  0.3133204D-01 -0.1596881D-01  0.0000000D+00
 -0.1597139D-01  0.1760600D-01 -0.1645325D-03  0.0000000D+00
 -0.7242328D-02  0.8006162D-02 -0.2066604D-03  0.0000000D+00
 -0.2012236D-02  0.2233238D-02 -0.5555702D-04  0.0000000D+00
  0.3126105D-01 -0.1219666D-02 -0.6176030D-03  0.0000000D+00
  0.2089880D-01 -0.2230553D-02  0.3674559D-03  0.0000000D+00
 -0.3032658D-01  0.1033806D-02 -0.8259365D-03  0.0000000D+00
 -0.1621880D-01 -0.1014224D-03  0.1532318D-02  0.0000000D+00
  0.2428278D-02  0.3070372D-03 -0.2492395D-02  0.0000000D+00
  0.1796596D-01 -0.4718094D-02  0.5104790D-02  0.0000000D+00
  0.1466035D-01 -0.3845366D-02 -0.8167480D-02  0.0000000D+00
  0.3984180D-01  0.9633990D-02  0.2760432D-02  0.0000000D+00
  0.3460329D-01  0.6996567D-02  0.4812469D-02  0.0000000D+00
  0.1516077D-01 -0.9393088D-03 -0.1122913D-02  0.0000000D+00
  0.3719764D-02 -0.5616293D-02 -0.4574421D-02  0.0000000D+00
 -0.5700201D-01 -0.1383050D-02  0.3259474D-03  0.0000000D+00
 -0.3113557D-01  0.4649241D-03 -0.1914054D-03  0.0000000D+00
 -0.3431235D-01  0.3297079D-02 -0.1720216D-03  0.0000000D+00
 -0.3971636D-01 -0.3103093D-02  0.4742309D-03  0.0000000D+00
 -0.2072097D-02  0.6761144D-02 -0.7781467D-03  0.0000000D+00
 -0.5540945D-02 -0.1721330D-01  0.2585511D-02  0.0000000D+00
  0.1245541D-01  0.7073770D-02  0.3995935D-03  0.0000000D+00
 -0.3253091D-02  0.1022307D-02 -0.7505617D-02  0.0000000D+00
 -0.6133043D-02 -0.5410143D-02  0.1682923D-02  0.0000000D+00
 -0.6722275D-02 -0.3741482D-02  0.1568193D-02  0.0000000D+00
 -0.7100568D-02 -0.2837641D-02  0.1604147D-02  0.0000000D+00
 -0.7238479D-01  0.2846855D-01  0.1096848D-01  0.0000000D+00
 -0.1203296D+00  0.1146489D-01  0.1659799D-01  0.0000000D+00
  0.2682625D-04  0.2480247D-01 -0.5699112D-02  0.0000000D+00
 -0.4787603D-01 -0.7230507D-02 -0.2376844D-02  0.0000000D+00
 -0.9708857D-02 -0.1437248D-01 -0.1820254D-02  0.0000000D+00
 -0.1785826D-01  0.1691078D-01 -0.8468758D-02  0.0000000D+00
  0.3000250D-01  0.1698183D-02 -0.5994208D-02  0.0000000D+00
 -0.2398035D-01  0.1141448D-01 -0.8668395D-02  0.0000000D+00
 -0.1368120D-01  0.2712815D-03 -0.6887990D-02  0.0000000D+00
  0.5331402D-02 -0.1244052D-01 -0.2283809D-02  0.0000000D+00
  0.1657165D-01 -0.2000895D-01  0.4298664D-03  0.0000000D+00
 -0.4908398D-02 -0.1268282D-01  0.1267229D-01  0.0000000D+00
  0.4907778D-01 -0.6074576D-01 -0.6744108D-01  0.0000000D+00
  0.3080536D-02  0.1144630D+00  0.5198646D-01  0.0000000D+00
  0.4718848D-01 -0.7526806D-01 -0.1878167D-01  0.0000000D+00
  0.3706023D-02  0.5458687D-01 -0.6084566D-02  0.0000000D+00
  0.1310566D+00 -0.3074530D-01 -0.1724011D-01  0.0000000D+00
  0.8333716D-01  0.4942351D-01 -0.8071539D-02  0.0000000D+00
  0.7999551D-01  0.1746135D-01 -0.9385976D-02  0.0000000D+00
  0.4713740D-01  0.8668123D-02 -0.1441212D-01  0.0000000D+00
  0.2559535D-01 -0.1445790D-02 -0.8641554D-02  0.0000000D+00
  0.1261478D-01 -0.7460544D-02 -0.5320813D-02  0.0000000D+00
 -0.1138993D-01 -0.1971171D-01  0.1392653D-02  0.0000000D+00
  0.4938607D-01 -0.3526513D-01 -0.1819698D-01  0.0000000D+00
 -0.5385049D-01  0.5547900D-01  0.2771546D-01  0.0000000D+00
 -0.6108916D-01 -0.4139590D-01 -0.2583404D-01  0.0000000D+00
 -0.5395971D-01  0.1569340D-01 -0.5306822D-02  0.0000000D+00
  0.4014922D-01 -0.2205133D-01 -0.5762710D-02  0.0000000D+00
  0.5227248D-01  0.3184591D-01  0.3824391D-02  0.0000000D+00
  0.2762461D-01  0.2309295D-01 -0.1246028D-01  0.0000000D+00
 -0.1784942D-01  0.2261025D-01 -0.7277463D-02  0.0000000D+00
 -0.7458196D-02  0.1005766D-01 -0.4019195D-02  0.0000000D+00
 -0.1885719D-02  0.2701986D-02 -0.2055288D-02  0.0000000D+00
 -0.9191926D-02 -0.1074754D-03  0.5543874D-04  0.0000000D+00
 -0.7627255D-02  0.4396944D-02  0.1352920D-03  0.0000000D+00
 -0.6131076D-02 -0.1685606D-02  0.4950290D-04  0.0000000D+00
 -0.2203687D-01  0.9269752D-03  0.3271477D-03  0.0000000D+00
 -0.4167521D-01 -0.1277609D-02 -0.4187718D-03  0.0000000D+00
 -0.1797796D-02  0.3926351D-02 -0.9944630D-03  0.0000000D+00
 -0.1842443D-01  0.1783780D-01 -0.3068656D-02  0.0000000D+00
  0.1358947D-01  0.1621051D-02  0.5562236D-02  0.0000000D+00
  0.5213580D-02 -0.7913664D-02  0.1043502D-02  0.0000000D+00
 -0.9617274D-03 -0.7012142D-02  0.1855257D-02  0.0000000D+00
 -0.4665036D-02 -0.6591301D-02  0.2280957D-02  0.0000000D+00
  0.2442515D-01  0.7367914D-03 -0.1103258D-03  0.0000000D+00
  0.3076818D-01 -0.2257158D-02 -0.1125759D-03  0.0000000D+00
 -0.3168897D-01 -0.1923206D-03 -0.1488228D-03  0.0000000D+00
  0.3719285D-01 -0.8407870D-03  0.4896447D-04  0.0000000D+00
 -0.1485136D-02  0.2210619D-02  0.9155606D-03  0.0000000D+00
  0.2274480D-01 -0.2072064D-02 -0.1115262D-02  0.0000000D+00
  0.3188687D-01  0.2820073D-01  0.1241885D-02  0.0000000D+00
  0.1677417D-01 -0.8888518D-02 -0.1030100D-01  0.0000000D+00
  0.9540978D-02 -0.2050687D-02 -0.2085206D-02  0.0000000D+00
  0.1426795D-01  0.4304773D-02  0.4558496D-02  0.0000000D+00
  0.1695318D-01  0.8103223D-02  0.8539683D-02  0.0000000D+00
 -0.1761042D-01 -0.2343797D-03  0.1630828D-03  0.0000000D+00
 -0.5030537D-01 -0.2476540D-02  0.1091709D-02  0.0000000D+00
 -0.3114343D-02  0.2258535D-02 -0.8862472D-03  0.0000000D+00
  0.2493904D-02 -0.3921750D-02  0.9324330D-03  0.0000000D+00
 -0.8537631D-02  0.5948974D-02 -0.1391296D-02  0.0000000D+00
 -0.5192081D-01 -0.1432704D-01  0.3772090D-02  0.0000000D+00
 -0.1196335D-01  0.1427007D-01 -0.1689571D-02  0.0000000D+00
 -0.4034634D-01 -0.4895027D-02  0.3115024D-02  0.0000000D+00
 -0.2506063D-01 -0.5994538D-02  0.4143084D-02  0.0000000D+00
 -0.9752331D-02 -0.4737719D-02  0.2880412D-02  0.0000000D+00
 -0.6199989D-03 -0.4015613D-02  0.2153143D-02  0.0000000D+00
  0.9270957D-02 -0.1203443D-02  0.1896798D-03  0.0000000D+00
  0.2427035D-01 -0.4307085D-03  0.2078670D-04  0.0000000D+00
 -0.1466238D-01  0.4756259D-03 -0.3510936D-03  0.0000000D+00
 -0.3736165D-01 -0.2167376D-02  0.4115817D-03  0.0000000D+00
  0.5573185D-01  0.4272050D-02 -0.5914051D-03  0.0000000D+00
 -0.3953130D-01 -0.1310266D-01  0.2106351D-02  0.0000000D+00
 -0.3437617D-02  0.6118563D-02 -0.1996847D-02  0.0000000D+00
  0.2548195D-03  0.1352560D-02  0.3338060D-02  0.0000000D+00
  0.8317490D-02 -0.4841116D-02  0.2133522D-02  0.0000000D+00
  0.4192349D-02 -0.5745450D-02 -0.6744952D-03  0.0000000D+00
  0.1868986D-02 -0.6344998D-02 -0.2331365D-02  0.0000000D+00
  0.7522310D-02  0.1712471D-02 -0.1286327D-04  0.0000000D+00
  0.1261038D-01  0.8587998D-03  0.6279061D-03  0.0000000D+00
  0.1652295D-01 -0.1244296D-02 -0.9525905D-04  0.0000000D+00
  0.3080515D-03  0.2733596D-02 -0.5616742D-04  0.0000000D+00
  0.4448044D-01 -0.4336809D-02  0.1351629D-03  0.0000000D+00
  0.8865445D-02  0.7718106D-02  0.5275820D-04  0.0000000D+00
  0.5875384D-02 -0.1066718D-01 -0.1913934D-02  0.0000000D+00
 -0.5775534D-02 -0.7695433D-02  0.3234822D-03  0.0000000D+00
 -0.1992902D-02 -0.2948615D-02  0.3316191D-02  0.0000000D+00
  0.3748409D-02 -0.8848113D-03  0.1523356D-02  0.0000000D+00
  0.7150472D-02  0.3760123D-03  0.5068173D-03  0.0000000D+00
  0.1369177D-01  0.1221254D-02  0.6064861D-03  0.0000000D+00
  0.3202707D-01  0.5660959D-03 -0.3379965D-03  0.0000000D+00
 -0.2072129D-01 -0.1740933D-02  0.4565729D-03  0.0000000D+00
  0.5612161D-03  0.1230797D-02 -0.3816210D-03  0.0000000D+00
 -0.7239635D-02 -0.3017805D-02  0.5278475D-03  0.0000000D+00
 -0.7385195D-02  0.1120543D-01 -0.1548072D-02  0.0000000D+00
 -0.1714442D-01 -0.1864115D-02  0.1743543D-02  0.0000000D+00
  0.3567316D-02  0.2337660D-03  0.1200107D-02  0.0000000D+00
 -0.6539356D-02 -0.1816681D-02  0.4001385D-03  0.0000000D+00
 -0.2046244D-02  0.2261059D-03 -0.5088925D-03  0.0000000D+00
  0.4719638D-03  0.1400589D-02 -0.1048937D-02  0.0000000D+00
  0.1947285D-01 -0.5611406D-01  0.3659776D-01  0.0000000D+00
  0.7239978D-01 -0.1020784D+00 -0.7305812D-02  0.0000000D+00
 -0.6994145D-01  0.1620229D-01 -0.1873819D-01  0.0000000D+00
  0.1290054D-01 -0.2367878D-01 -0.4732363D-02  0.0000000D+00
 -0.5931966D-01  0.3021530D-01 -0.2372610D-02  0.0000000D+00
  0.2270870D-01 -0.3591130D-01  0.1543692D-02  0.0000000D+00
 -0.9456109D-02 -0.1480895D-03 -0.5880016D-02  0.0000000D+00
  0.1078850D-01 -0.6069275D-02  0.4499871D-03  0.0000000D+00
  0.1667682D-01 -0.6399545D-02  0.6841821D-02  0.0000000D+00
  0.8700522D-02  0.2478943D-02  0.4329382D-02  0.0000000D+00
  0.4095429D-02  0.7671675D-02  0.2930260D-02  0.0000000D+00
 -0.1128422D-01 -0.1315050D-01  0.3634843D-01  0.0000000D+00
 -0.8954737D-02 -0.1904407D-01  0.1904794D-01  0.0000000D+00
 -0.6115742D-01  0.3797049D-02  0.7794971D-02  0.0000000D+00
 -0.4123175D-01 -0.2253057D-01  0.6722948D-02  0.0000000D+00
 -0.2423351D-01 -0.7047618D-02 -0.3092205D-02  0.0000000D+00
 -0.1171742D-01  0.9701593D-01  0.2515162D-02  0.0000000D+00
  0.5444734D-02  0.1826057D-01  0.1527381D-02  0.0000000D+00
 -0.7566448D-02  0.6200216D-04 -0.6402975D-02  0.0000000D+00
 -0.1914500D-01  0.8237114D-02  0.5794670D-03  0.0000000D+00
 -0.1792770D-01  0.8023212D-02  0.1223044D-02  0.0000000D+00
 -0.1734510D-01  0.7989494D-02  0.1678449D-02  0.0000000D+00
  0.2892678D-01 -0.1151437D-01  0.1137751D-01  0.0000000D+00
  0.2136528D-01 -0.1007496D+00  0.4432663D-02  0.0000000D+00
  0.6250143D-01  0.7011656D-01 -0.1408818D-02  0.0000000D+00
  0.9786948D-02  0.2222520D-01  0.1925885D-01  0.0000000D+00
 -0.1126377D-02 -0.1466138D-01 -0.1170895D-01  0.0000000D+00
  0.6404550D-02  0.1509700D-01  0.3538419D-02  0.0000000D+00
  0.4739002D-02  0.2327826D-02 -0.4485964D-02  0.0000000D+00
  0.1376127D-01  0.1230417D-01  0.2168843D-02  0.0000000D+00
  0.2630019D-01  0.3150308D-03  0.5155561D-03  0.0000000D+00
  0.1762257D-01  0.7295165D-02  0.8191712D-03  0.0000000D+00
  0.1268236D-01  0.1124772D-01  0.9788643D-03  0.0000000D+00
 -0.3772842D-02 -0.8671901D-03  0.2440331D-03  0.0000000D+00
  0.4734228D-02 -0.1642284D-02  0.3081614D-03  0.0000000D+00
  0.4115206D-01 -0.5547253D-03  0.3019777D-03  0.0000000D+00
 -0.1822689D-01  0.1205208D-02 -0.9889951D-03  0.0000000D+00
  0.8228527D-01 -0.3290768D-02  0.1722778D-02  0.0000000D+00
 -0.2434397D-01  0.4714678D-02 -0.3679563D-02  0.0000000D+00
  0.2833742D-01 -0.1979836D-01  0.1003271D-01  0.0000000D+00
 -0.1334865D-01 -0.1629684D-01 -0.1292012D-02  0.0000000D+00
 -0.1644519D-01  0.2452067D-02 -0.1595495D-02  0.0000000D+00
 -0.4633792D-02  0.6316081D-02  0.1099127D-04  0.0000000D+00
  0.2248523D-02  0.8790736D-02  0.9491906D-03  0.0000000D+00
  0.1096955D-01  0.2228183D-03  0.1681477D-03  0.0000000D+00
 -0.2474892D-01  0.1850239D-02 -0.2655556D-03  0.0000000D+00
  0.4818819D-02 -0.9455584D-07  0.9458807D-03  0.0000000D+00
 -0.4119513D-01  0.8390857D-03 -0.1785573D-02  0.0000000D+00
 -0.3653025D-01  0.3344159D-03  0.3084401D-02  0.0000000D+00
 -0.8575680D-02 -0.1698922D-02 -0.6105289D-02  0.0000000D+00
  0.4720537D-02 -0.1090950D-01  0.9540813D-02  0.0000000D+00
 -0.1385127D-01 -0.2098453D-01 -0.9691342D-02  0.0000000D+00
 -0.7357909D-02 -0.6330956D-02 -0.1626235D-02  0.0000000D+00
  0.5360779D-02 -0.4052863D-02  0.9307545D-03  0.0000000D+00
  0.1287790D-01 -0.2556963D-02  0.2517500D-02  0.0000000D+00
 -0.1501252D-02  0.6857463D-03 -0.3011062D-03  0.0000000D+00
  0.1411975D-01 -0.1215634D-02  0.2686746D-04  0.0000000D+00
 -0.5608740D-01  0.1420153D-02 -0.3108354D-03  0.0000000D+00
  0.4019217D-02 -0.7628546D-03 -0.2256666D-03  0.0000000D+00
 -0.3646724D-01  0.7094876D-03  0.3937748D-03  0.0000000D+00
  0.2784022D-01  0.5251530D-02 -0.3838771D-03  0.0000000D+00
 -0.5587420D-03  0.8045047D-02  0.1345941D-02  0.0000000D+00
  0.2703900D-02 -0.4396311D-02  0.2953779D-02  0.0000000D+00
  0.2393533D-02 -0.2087586D-02 -0.1425911D-02  0.0000000D+00
  0.2815648D-02  0.9202942D-02 -0.5333603D-03  0.0000000D+00
  0.3058505D-02  0.1584017D-01 -0.5980720D-04  0.0000000D+00
 -0.2888636D-01  0.1961799D-02  0.6393589D-03  0.0000000D+00
 -0.1436734D-01  0.1191083D-02 -0.2482404D-03  0.0000000D+00
 -0.1418075D-01 -0.3812752D-03  0.4773555D-03  0.0000000D+00
  0.2261552D-01  0.2233441D-03 -0.4426041D-03  0.0000000D+00
  0.8234294D-02  0.6942429D-03  0.1145541D-02  0.0000000D+00
 -0.1721452D-02  0.2628867D-02 -0.2251888D-02  0.0000000D+00
  0.1691165D-01  0.3248473D-02  0.1096541D-01  0.0000000D+00
 -0.7908494D-02  0.4962672D-02 -0.5496184D-02  0.0000000D+00
 -0.1454966D-01  0.8378639D-02  0.1349396D-02  0.0000000D+00
 -0.9839116D-02  0.1391276D-02  0.2460988D-02  0.0000000D+00
 -0.7155820D-02 -0.2663111D-02  0.3188210D-02  0.0000000D+00
  0.7874898D-02 -0.4233150D-03 -0.5150964D-03  0.0000000D+00
  0.7132473D-03 -0.1291293D-02 -0.5215158D-04  0.0000000D+00
  0.2375679D-01  0.1425409D-02 -0.3104082D-03  0.0000000D+00
  0.7217697D-02 -0.6348918D-03  0.1053196D-02  0.0000000D+00
 -0.2696641D-01  0.1516479D-02 -0.1471741D-02  0.0000000D+00
 -0.8406194D-02 -0.5568884D-02  0.2633403D-02  0.0000000D+00
 -0.1720477D-01 -0.8020325D-02 -0.7072780D-02  0.0000000D+00
  0.1685551D-01 -0.5118939D-03  0.3723188D-02  0.0000000D+00
  0.3783949D-02  0.2562134D-02  0.1712295D-02  0.0000000D+00
 -0.3321458D-02  0.2799692D-02 -0.3022510D-04  0.0000000D+00
 -0.7625414D-02  0.2972914D-02 -0.1072873D-02  0.0000000D+00
 -0.1187029D-01 -0.2045519D-03  0.5251426D-03  0.0000000D+00
  0.7352381D-02  0.1108834D-02  0.2100483D-03  0.0000000D+00
 -0.2284531D-01 -0.2156412D-02 -0.1815367D-03  0.0000000D+00
  0.2309707D-01  0.1789608D-02  0.5325386D-03  0.0000000D+00
  0.1706577D-01 -0.2074922D-02 -0.1113772D-02  0.0000000D+00
  0.6060141D-02  0.2316753D-02  0.2010665D-02  0.0000000D+00
  0.9856579D-02  0.6578435D-03 -0.3103143D-02  0.0000000D+00
  0.4628351D-02  0.1977837D-02  0.5409203D-02  0.0000000D+00
  0.5401851D-03  0.3828211D-02  0.4805388D-02  0.0000000D+00
  0.2279665D-02 -0.2668883D-03  0.2758582D-02  0.0000000D+00
  0.3254163D-02 -0.2643857D-02  0.1553924D-02  0.0000000D+00
 -0.1793569D-01 -0.2136906D-01 -0.1352873D-01  0.0000000D+00
 -0.1223837D-01 -0.2135939D-01 -0.7242183D-02  0.0000000D+00
  0.1347859D-02  0.1220031D-01 -0.1173298D-02  0.0000000D+00
  0.2367295D-02  0.1439019D-01  0.8008219D-02  0.0000000D+00
  0.1511717D-01  0.2988988D-01  0.6252142D-02  0.0000000D+00
 -0.2049490D-01 -0.2524222D-01  0.3194242D-02  0.0000000D+00
  0.2718410D-02  0.2488243D-01 -0.6924993D-03  0.0000000D+00
 -0.7070932D-02  0.1285986D-01  0.3025978D-02  0.0000000D+00
 -0.1247380D-01  0.1030190D-01  0.1048199D-02  0.0000000D+00
 -0.9621167D-02  0.4393330D-03  0.1134628D-02  0.0000000D+00
 -0.8011641D-02 -0.5364048D-02  0.1162802D-02  0.0000000D+00
 -0.2363798D-01 -0.1636453D-01 -0.1799638D-01  0.0000000D+00
  0.3967106D-02 -0.7065334D-02 -0.1474358D-01  0.0000000D+00
  0.5061044D-04 -0.2049718D-01  0.5666514D-02  0.0000000D+00
  0.2717276D-01 -0.1035924D-01 -0.5269350D-02  0.0000000D+00
  0.9282928D-02 -0.2650811D-01 -0.3481403D-02  0.0000000D+00
  0.3580513D-02 -0.4396910D-02  0.1135012D-01  0.0000000D+00
 -0.1267317D-01 -0.1678754D-01  0.6811091D-04  0.0000000D+00
  0.4939598D-02  0.1754261D-02  0.4277915D-02  0.0000000D+00
  0.6875313D-02 -0.4186095D-02  0.4063620D-02  0.0000000D+00
 -0.4592182D-02 -0.3236386D-03  0.1425127D-02  0.0000000D+00
 -0.1128260D-01  0.1873402D-02 -0.1223893D-03  0.0000000D+00
 -0.5919593D-02 -0.1904493D-01 -0.1475303D-01  0.0000000D+00
 -0.4907907D-02 -0.2395934D-01 -0.2258363D-01  0.0000000D+00
  0.2459657D-01 -0.1376760D-01  0.2417161D-03  0.0000000D+00
 -0.2800309D-01 -0.1280764D-01  0.4007596D-02  0.0000000D+00
  0.4167615D-01 -0.2090871D-01 -0.6221826D-02  0.0000000D+00
 -0.2692677D-01 -0.9732991D-02  0.4009122D-02  0.0000000D+00
  0.2874392D-01 -0.1828322D-01  0.9919330D-03  0.0000000D+00
 -0.2588057D-01 -0.4931436D-02 -0.2751539D-02  0.0000000D+00
 -0.1879842D-01  0.2289777D-02 -0.5169708D-02  0.0000000D+00
 -0.2338605D-02  0.5762049D-02  0.6140587D-03  0.0000000D+00
  0.7373649D-02  0.7877784D-02  0.3972204D-02  0.0000000D+00
 -0.1331323D-01  0.7828371D-03  0.2676165D-03  0.0000000D+00
 -0.5924153D-02  0.2480771D-02 -0.1908043D-03  0.0000000D+00
  0.1121759D-01 -0.1392806D-02  0.2284323D-03  0.0000000D+00
  0.5791833D-02  0.1939011D-02 -0.3066830D-03  0.0000000D+00
  0.1873504D-02 -0.3763450D-02  0.4103317D-03  0.0000000D+00
  0.6489819D-02  0.8680854D-02 -0.1100566D-02  0.0000000D+00
 -0.2052004D-01  0.5026128D-02 -0.4329807D-03  0.0000000D+00
 -0.1133991D-03 -0.1657598D-01  0.6038472D-03  0.0000000D+00
  0.1935216D-01 -0.1224023D-01 -0.5373433D-03  0.0000000D+00
  0.7473547D-02 -0.3792393D-02 -0.1191620D-02  0.0000000D+00
  0.7375878D-03  0.1202892D-02 -0.1586806D-02  0.0000000D+00
  0.8892362D-02 -0.7277477D-03 -0.3102576D-03  0.0000000D+00
 -0.1262097D-02  0.2833145D-03 -0.3036039D-04  0.0000000D+00
  0.1224527D-01 -0.1305961D-02  0.1138948D-03  0.0000000D+00
  0.3107155D-01  0.1829770D-02  0.2071801D-03  0.0000000D+00
  0.5001038D-02 -0.2640294D-02 -0.1940810D-03  0.0000000D+00
  0.5782109D-02  0.9837466D-02  0.1439865D-02  0.0000000D+00
 -0.4467703D-02  0.5458121D-02  0.1403125D-02  0.0000000D+00
  0.1266316D-02  0.8557723D-02  0.1200953D-02  0.0000000D+00
 -0.1239166D-02  0.9714224D-02 -0.8822324D-03  0.0000000D+00
 -0.1777124D-02  0.1246417D-01  0.1837457D-02  0.0000000D+00
 -0.2119848D-02  0.1408828D-01  0.3405770D-02  0.0000000D+00
 -0.3115391D-02  0.8554137D-03  0.5696353D-03  0.0000000D+00
 -0.2817037D-01 -0.2644743D-02  0.7681180D-05  0.0000000D+00
  0.3316889D-01  0.1138530D-02 -0.1710286D-03  0.0000000D+00
 -0.1005334D-01 -0.2157676D-02  0.2269420D-03  0.0000000D+00
  0.6938822D-02  0.3260624D-02 -0.2509116D-03  0.0000000D+00
 -0.2063312D-02 -0.7884650D-02  0.5976832D-03  0.0000000D+00
 -0.9942043D-02  0.1971986D-02 -0.1872472D-03  0.0000000D+00
  0.6492208D-02  0.1267607D-02  0.3106402D-02  0.0000000D+00
  0.2652996D-02 -0.4764892D-02  0.4614073D-02  0.0000000D+00
 -0.4803270D-03 -0.1000718D-02  0.1181159D-02  0.0000000D+00
 -0.2359451D-02  0.1136118D-02 -0.8111778D-03  0.0000000D+00
 -0.1403266D-02 -0.1073897D-02  0.8047963D-04  0.0000000D+00
 -0.1089821D-01  0.8453891D-04 -0.1093001D-03  0.0000000D+00
 -0.7044574D-02  0.5449672D-04  0.1434313D-03  0.0000000D+00
 -0.1130955D-01 -0.1684349D-03  0.5133705D-04  0.0000000D+00
 -0.1788598D-01  0.1098593D-02  0.3182717D-03  0.0000000D+00
  0.5969473D-02 -0.6187226D-02 -0.1263958D-02  0.0000000D+00
 -0.1575161D-01 -0.5114379D-02 -0.4011351D-03  0.0000000D+00
  0.1545546D-01 -0.3546734D-02  0.7276071D-03  0.0000000D+00
  0.8937067D-02 -0.2531350D-02 -0.1783408D-02  0.0000000D+00
  0.1789707D-02 -0.6851455D-02  0.7035568D-03  0.0000000D+00
 -0.2466441D-02 -0.9368118D-02  0.2131013D-02  0.0000000D+00
  0.6140031D-02 -0.1960355D-03  0.1126135D-03  0.0000000D+00
  0.9585632D-02 -0.1477387D-02 -0.4437205D-04  0.0000000D+00
 -0.3225135D-02 -0.1143584D-02  0.5443408D-04  0.0000000D+00
  0.2510957D-01  0.1169148D-02  0.5003254D-03  0.0000000D+00
 -0.1893097D-01 -0.2165388D-02 -0.6418682D-03  0.0000000D+00
  0.3578005D-01  0.7014220D-02  0.7421161D-03  0.0000000D+00
 -0.1199107D-02 -0.2000262D-02  0.6646399D-04  0.0000000D+00
  0.4705624D-02 -0.1942713D-02  0.6850132D-03  0.0000000D+00
 -0.3950496D-02 -0.2301344D-02  0.3518653D-02  0.0000000D+00
 -0.3809301D-02  0.1457491D-02  0.8001643D-03  0.0000000D+00
 -0.3823868D-02  0.3654576D-02 -0.7593539D-03  0.0000000D+00
 -0.2638215D-02  0.1061547D-02  0.3087361D-03  0.0000000D+00
 -0.3450827D-02  0.2567921D-02 -0.3728245D-03  0.0000000D+00
  0.7958127D-02 -0.7188945D-03  0.8508799D-04  0.0000000D+00
  0.4102738D-02  0.1276777D-02 -0.9653666D-04  0.0000000D+00
 -0.6601880D-02 -0.2280808D-02 -0.7726665D-04  0.0000000D+00
 -0.2888552D-02  0.3331596D-02  0.7699446D-03  0.0000000D+00
  0.8076384D-02  0.2232849D-02 -0.3488743D-02  0.0000000D+00
 -0.3014416D-03  0.1775713D-03  0.1768098D-02  0.0000000D+00
  0.2201120D-02 -0.2224420D-02 -0.1100397D-02  0.0000000D+00
  0.4025738D-02 -0.7285596D-03 -0.5692777D-03  0.0000000D+00
  0.5120653D-02  0.1217041D-03 -0.2904509D-03  0.0000000D+00
 -0.6170314D-02  0.9894079D-02  0.9102821D-02  0.0000000D+00
 -0.3884042D-01  0.5150717D-02 -0.1540552D-01  0.0000000D+00
  0.5735179D-01 -0.4763376D-01 -0.2084042D-03  0.0000000D+00
 -0.1388604D-01  0.5583000D-01 -0.5766608D-02  0.0000000D+00
  0.3578911D-01 -0.4292044D-01 -0.1496996D-02  0.0000000D+00
 -0.1385784D-03  0.1027278D-01 -0.7404980D-03  0.0000000D+00
 -0.6373526D-03 -0.4491293D-03 -0.7084598D-02  0.0000000D+00
  0.1074696D-01  0.1035135D-01 -0.3145083D-02  0.0000000D+00
  0.6848324D-02  0.9714575D-02  0.1479749D-02  0.0000000D+00
  0.1171357D-02  0.2581828D-02  0.3543658D-02  0.0000000D+00
 -0.2194854D-02 -0.1601781D-02  0.4803929D-02  0.0000000D+00
 -0.1419651D-01 -0.9163341D-02  0.8826498D-02  0.0000000D+00
 -0.3105683D-01 -0.2769419D-01 -0.3072221D-02  0.0000000D+00
 -0.1050979D-01  0.4589595D-01 -0.1084417D-01  0.0000000D+00
 -0.1630920D-01  0.2741647D-01  0.7687550D-02  0.0000000D+00
 -0.6097774D-04  0.2556005D-02 -0.4520045D-02  0.0000000D+00
 -0.3641136D-01 -0.6749171D-02  0.3095507D-02  0.0000000D+00
 -0.1867182D-01 -0.1289003D-01 -0.3768786D-02  0.0000000D+00
 -0.9327172D-02  0.1136574D-01 -0.2879100D-02  0.0000000D+00
  0.3309388D-02  0.1525985D-01  0.6756156D-02  0.0000000D+00
  0.6907266D-02 -0.8584897D-04  0.5786383D-02  0.0000000D+00
  0.9154148D-02 -0.9026372D-02  0.5326515D-02  0.0000000D+00
  0.2344053D-01 -0.1074053D-02  0.5289024D-02  0.0000000D+00
  0.3691736D-01 -0.3060283D-01 -0.3796259D-02  0.0000000D+00
 -0.2362778D-01  0.3195842D-01  0.8980287D-02  0.0000000D+00
  0.1910906D-01 -0.3034280D-01  0.1284063D-01  0.0000000D+00
 -0.5845681D-01  0.2600562D-01 -0.9175669D-02  0.0000000D+00
  0.2727716D-01 -0.3727026D-01  0.6669060D-03  0.0000000D+00
 -0.3170298D-01  0.2835883D-02 -0.2955817D-02  0.0000000D+00
 -0.2258256D-01  0.4342004D-03 -0.3150747D-02  0.0000000D+00
 -0.1941241D-01  0.3620080D-02  0.2214631D-02  0.0000000D+00
 -0.1027194D-01  0.1786807D-02  0.4618181D-02  0.0000000D+00
 -0.4888440D-02  0.7494677D-03  0.6085168D-02  0.0000000D+00
 -0.1145344D-01  0.6866567D-03 -0.3144047D-03  0.0000000D+00
 -0.8551514D-02  0.2247632D-02  0.2246292D-03  0.0000000D+00
  0.1110801D-01 -0.1185609D-02 -0.3034969D-03  0.0000000D+00
  0.1868358D-01  0.8451658D-03  0.1297620D-03  0.0000000D+00
 -0.1409806D-03 -0.1433542D-02 -0.5025677D-03  0.0000000D+00
  0.1228266D-01  0.5751025D-02  0.1862243D-02  0.0000000D+00
  0.4156115D-02 -0.6742305D-02 -0.3447441D-03  0.0000000D+00
  0.1052624D-01 -0.8469129D-02 -0.5453277D-03  0.0000000D+00
  0.2061299D-01 -0.9934366D-02  0.3806709D-02  0.0000000D+00
  0.5416467D-02 -0.4851056D-02  0.3105736D-03  0.0000000D+00
 -0.3366652D-02 -0.1890772D-02 -0.1687311D-02  0.0000000D+00
 -0.7228806D-02  0.7727608D-03  0.4176137D-04  0.0000000D+00
 -0.1837030D-01  0.1038347D-03  0.8192941D-05  0.0000000D+00
 -0.1389326D-01 -0.6511066D-03 -0.2459726D-03  0.0000000D+00
  0.2095748D-03 -0.4491057D-03  0.2460034D-03  0.0000000D+00
 -0.5032172D-02  0.4397110D-03 -0.4408368D-03  0.0000000D+00
  0.3992743D-02 -0.2366537D-02 -0.3937083D-03  0.0000000D+00
 -0.2347368D-02  0.7974924D-02 -0.5811358D-02  0.0000000D+00
 -0.8361517D-02 -0.6876341D-02 -0.2181060D-02  0.0000000D+00
 -0.1177350D-01 -0.7419388D-02  0.3595044D-02  0.0000000D+00
 -0.9369681D-02  0.2388899D-02  0.1624062D-02  0.0000000D+00
 -0.8000931D-02  0.8126131D-02  0.5340348D-03  0.0000000D+00
 -0.6951823D-02  0.1494624D-02  0.3033191D-04  0.0000000D+00
 -0.1279647D-01 -0.8100994D-03 -0.9722227D-05  0.0000000D+00
 -0.6968476D-02  0.8468772D-03 -0.8527479D-07  0.0000000D+00
 -0.7729209D-02 -0.4965407D-03 -0.6933916D-03  0.0000000D+00
  0.1101495D-01  0.4100326D-03  0.9146932D-03  0.0000000D+00
 -0.9526810D-02 -0.3871928D-02 -0.1984775D-02  0.0000000D+00
  0.1189784D-01  0.2141683D-02  0.1221839D-02  0.0000000D+00
  0.2695221D-02 -0.2955918D-02 -0.1688314D-02  0.0000000D+00
  0.1188662D-02  0.1179301D-03 -0.2073813D-02  0.0000000D+00
 -0.1375944D-02  0.2057941D-02 -0.4549407D-03  0.0000000D+00
 -0.2892821D-02  0.3228312D-02  0.4891252D-03  0.0000000D+00
  0.2422851D-01 -0.1222463D-02  0.3811746D-04  0.0000000D+00
  0.9727924D-02  0.6409235D-03  0.1273495D-03  0.0000000D+00
  0.1055677D-01  0.7539010D-03 -0.4558111D-03  0.0000000D+00
  0.3749248D-01 -0.3239142D-02  0.7297637D-03  0.0000000D+00
  0.1722374D-01  0.4193859D-02 -0.9851558D-03  0.0000000D+00
  0.7401597D-02 -0.1774300D-02  0.2263063D-02  0.0000000D+00
  0.2880056D-03  0.4184059D-02 -0.2000949D-02  0.0000000D+00
  0.4991050D-02 -0.2536149D-02  0.1074382D-02  0.0000000D+00
  0.1581675D-01 -0.1269633D-02  0.4310462D-02  0.0000000D+00
  0.6754688D-02  0.4877475D-03  0.8467797D-03  0.0000000D+00
  0.1571245D-02  0.1530634D-02 -0.1144229D-02  0.0000000D+00
 -0.1055922D-01  0.7063894D-03 -0.3928349D-03  0.0000000D+00
  0.5441183D-02 -0.3552847D-03  0.1859708D-03  0.0000000D+00
 -0.2736871D-02  0.8217263D-03 -0.2002698D-03  0.0000000D+00
  0.7301191D-02 -0.8091310D-03  0.4291782D-03  0.0000000D+00
  0.7828284D-02 -0.6201021D-03 -0.5035488D-03  0.0000000D+00
 -0.2981427D-02  0.6474964D-02  0.7753733D-03  0.0000000D+00
  0.5225301D-02 -0.7945538D-02 -0.8186605D-03  0.0000000D+00
  0.3307122D-02  0.1347487D-02  0.2840734D-02  0.0000000D+00
  0.7040156D-04 -0.9598939D-03  0.9343016D-03  0.0000000D+00
 -0.2227084D-02 -0.1911202D-02  0.1036108D-02  0.0000000D+00
 -0.3608834D-02 -0.2494611D-02  0.1074767D-02  0.0000000D+00
  0.1261466D-01 -0.1019337D-02  0.3151910D-03  0.0000000D+00
  0.1110156D-01 -0.5375196D-03  0.2394083D-03  0.0000000D+00
  0.9709589D-02 -0.1561084D-03  0.2448098D-03  0.0000000D+00
  0.4424350D-02  0.1723910D-03 -0.1035037D-03  0.0000000D+00
 -0.4689288D-02  0.4344686D-03  0.4173069D-03  0.0000000D+00
 -0.4408853D-03 -0.1905315D-02 -0.9212119D-03  0.0000000D+00
  0.3104805D-02  0.2114823D-02  0.9125879D-03  0.0000000D+00
  0.7164376D-02  0.3467477D-02 -0.2118515D-02  0.0000000D+00
  0.1353979D-01  0.1272608D-02  0.1745198D-02  0.0000000D+00
  0.7618732D-02 -0.1726973D-02  0.1950757D-02  0.0000000D+00
  0.4223247D-02 -0.3507270D-02  0.2114208D-02  0.0000000D+00
