  4  2   693 10944  4  4  9 11  7  1    0.00   24.00  100.00  600.00    0.00    6.28   45.00   45.00
  100.0  100.0  100.0  100.0  125.0  150.0  190.0  230.0  275.0  350.0  450.0  600.0  600.0  600.0  600.0
 -0.3501420D+02 -0.3072211D+02 -0.4284184D+01  0.0000000D+00
 -0.3416442D+02  0.9565538D+01  0.3517253D+01  0.0000000D+00
 -0.6639512D+01 -0.1604279D+02 -0.1537980D+01  0.0000000D+00
 -0.2983244D+01  0.8527555D+00  0.3528207D+00  0.0000000D+00
 -0.2745136D+02  0.1413969D+01 -0.4479579D+01  0.0000000D+00
  0.2378650D+01  0.1004037D+02  0.1154396D+00  0.0000000D+00
 -0.3030422D+02  0.4178434D+01 -0.6261036D+00  0.0000000D+00
 -0.1631450D+02 -0.5945138D+01 -0.4414638D+01  0.0000000D+00
 -0.9676401D+01 -0.8700762D+01 -0.2007062D+01  0.0000000D+00
 -0.2344625D+02 -0.1191375D+02  0.2442108D+00  0.0000000D+00
 -0.3143522D+02 -0.1382509D+02  0.1588968D+01  0.0000000D+00
 -0.2051334D+02 -0.5327127D+01 -0.2063905D+01  0.0000000D+00
 -0.4520216D+00  0.9177870D+01  0.2087807D+01  0.0000000D+00
  0.2321168D+02 -0.6951624D+01 -0.3145459D+01  0.0000000D+00
  0.2099809D+02  0.8847536D+01 -0.5941803D+01  0.0000000D+00
  0.2244395D+02 -0.1378423D+02  0.1071830D+01  0.0000000D+00
  0.2124866D+02 -0.3593424D+01  0.1426881D+01  0.0000000D+00
 -0.5953493D+01 -0.6150060D+01  0.5386704D+01  0.0000000D+00
  0.2353839D+02  0.1975834D-01  0.5125829D-01  0.0000000D+00
  0.1694308D+02 -0.9562441D+00 -0.2005550D+01  0.0000000D+00
  0.1781156D+02 -0.4109862D+01  0.8891526D+00  0.0000000D+00
  0.1824515D+02 -0.5965856D+01  0.2560355D+01  0.0000000D+00
  0.1408599D+02 -0.5938198D+01 -0.3385004D+01  0.0000000D+00
  0.4300679D+02 -0.6693829D+00  0.1048957D+01  0.0000000D+00
 -0.5808336D+01 -0.6270154D+01 -0.1982358D+01  0.0000000D+00
  0.2096592D+02  0.1001218D+02  0.2271791D+01  0.0000000D+00
  0.4537005D+01 -0.1104224D+02 -0.3197547D+01  0.0000000D+00
  0.1052289D+00  0.1269811D+02  0.3922882D+01  0.0000000D+00
 -0.6616420D+01 -0.2395564D+01 -0.9127983D+00  0.0000000D+00
  0.2271850D+02 -0.7310933D+01 -0.1589802D+01  0.0000000D+00
  0.1404369D+02  0.1072660D+01 -0.2678986D+01  0.0000000D+00
  0.1765316D+02  0.3617263D+01  0.4660750D+00  0.0000000D+00
  0.1966864D+02  0.5201124D+01  0.2295584D+01  0.0000000D+00
 -0.5590257D+01 -0.8614911D+00 -0.3718835D+00  0.0000000D+00
 -0.3513527D+01  0.2119367D+01  0.7156539D+00  0.0000000D+00
 -0.1529506D+02  0.2085377D+00  0.7064132D-01  0.0000000D+00
 -0.5061833D+01  0.1149145D+00  0.1327890D+00  0.0000000D+00
 -0.2896156D+01 -0.6218809D-01 -0.4015081D+00  0.0000000D+00
 -0.4018334D+00  0.1431192D+01 -0.2064640D+00  0.0000000D+00
  0.5608034D+01 -0.8578346D+00 -0.1761540D+01  0.0000000D+00
  0.9555335D+01 -0.1145356D+00  0.1855423D+00  0.0000000D+00
  0.8602675D+01  0.1837863D+01 -0.4297989D+00  0.0000000D+00
  0.2831142D+01  0.3504250D+00 -0.6398394D+00  0.0000000D+00
 -0.5590938D+00 -0.4983703D+00 -0.7695676D+00  0.0000000D+00
 -0.1154676D+01  0.9026426D+00  0.1664590D+01  0.0000000D+00
 -0.6370766D+01  0.4467744D+00 -0.1025956D+01  0.0000000D+00
  0.4281296D+01 -0.9466918D-01  0.1424881D+00  0.0000000D+00
 -0.9472663D+00  0.3003279D+00  0.4606405D+00  0.0000000D+00
 -0.1083505D+01 -0.1557087D+00  0.1761876D+00  0.0000000D+00
  0.1169526D+01  0.7705450D+00 -0.7210476D-01  0.0000000D+00
 -0.5199422D+01 -0.5970477D+00  0.2803915D-01  0.0000000D+00
 -0.3527098D+01 -0.1010998D+01  0.1096834D+01  0.0000000D+00
 -0.9331000D+01 -0.5553034D+00 -0.5047359D+00  0.0000000D+00
 -0.6707161D+01 -0.2304572D+00 -0.6309947D+00  0.0000000D+00
 -0.5236107D+01 -0.3534508D-01 -0.7228231D+00  0.0000000D+00
 -0.2653432D+01  0.4681891D+00  0.1757360D+00  0.0000000D+00
 -0.8953670D+01 -0.3100499D+00  0.4263629D-02  0.0000000D+00
 -0.6868300D-01  0.8420624D-01  0.1118803D+00  0.0000000D+00
  0.2245020D+01  0.1073835D+00  0.1821717D-02  0.0000000D+00
 -0.1270249D+01 -0.7942566D+00  0.1781104D+00  0.0000000D+00
 -0.2083528D+01  0.1553016D+01  0.1580801D+00  0.0000000D+00
  0.4032618D+01 -0.4056393D+00  0.1027690D+01  0.0000000D+00
  0.5928007D+01 -0.4696377D+01  0.8394285D+00  0.0000000D+00
  0.5975540D+01 -0.3056006D+01  0.1822568D+00  0.0000000D+00
  0.2362005D+01 -0.1676721D+01  0.2396922D+00  0.0000000D+00
  0.2454571D+00 -0.8507188D+00  0.2657816D+00  0.0000000D+00
 -0.2234365D+01  0.7010738D-02 -0.6033918D+00  0.0000000D+00
 -0.4279303D+01 -0.2111079D+01 -0.2766156D+00  0.0000000D+00
 -0.4978486D+00  0.1693673D+00 -0.1628373D+00  0.0000000D+00
 -0.1468343D+01 -0.6625177D-01  0.1323508D+00  0.0000000D+00
  0.2846843D+01  0.1464128D+00 -0.3732204D+00  0.0000000D+00
 -0.2870672D+01  0.1301734D+01  0.6809239D+00  0.0000000D+00
 -0.3870975D+01  0.2127382D+01 -0.1437175D+01  0.0000000D+00
  0.3131434D+01  0.5565249D+01 -0.5255210D+00  0.0000000D+00
  0.2448507D+01  0.2044540D+01 -0.9133425D+00  0.0000000D+00
 -0.5157266D+01  0.6642640D+00 -0.2440876D+00  0.0000000D+00
 -0.9616724D+01 -0.1832083D+00  0.1432166D+00  0.0000000D+00
  0.3782497D+00 -0.2806151D+00 -0.2688513D+00  0.0000000D+00
  0.8956817D+00 -0.1604330D+01 -0.6932550D+00  0.0000000D+00
  0.1174636D+01 -0.7140031D-01  0.3380151D-01  0.0000000D+00
 -0.7251373D+00  0.3783521D-01 -0.2082599D-03  0.0000000D+00
  0.8971107D+00 -0.6317912D-01  0.8715649D-01  0.0000000D+00
 -0.6662206D+00  0.4621732D+00 -0.1953929D+00  0.0000000D+00
  0.3865562D+00  0.3856022D+00 -0.1720811D+00  0.0000000D+00
 -0.2429901D+01 -0.1136285D+01 -0.4908567D+00  0.0000000D+00
 -0.1631994D+01 -0.5012385D+00 -0.8283760D+00  0.0000000D+00
 -0.5710282D+00 -0.4229167D-02 -0.2972963D+00  0.0000000D+00
  0.5850684D-01  0.2939274D+00  0.9726556D-02  0.0000000D+00
  0.2333382D+01  0.2147203D-02  0.3503383D+00  0.0000000D+00
  0.4738105D+01 -0.2678995D-01 -0.8950553D-01  0.0000000D+00
 -0.1154514D+01  0.1809461D+00  0.8919616D-01  0.0000000D+00
  0.4462538D+00 -0.2584286D+00 -0.4987515D-01  0.0000000D+00
 -0.6977083D+00  0.3705306D+00  0.1051031D+00  0.0000000D+00
  0.3277912D+01 -0.1409382D+01 -0.3272199D+00  0.0000000D+00
  0.3404806D+01  0.1448635D+00  0.4015432D+00  0.0000000D+00
 -0.1068340D+01 -0.2950489D+00  0.7266129D+00  0.0000000D+00
  0.1063495D+00 -0.7402654D+00  0.4482968D+00  0.0000000D+00
 -0.8406377D+00  0.3432522D-01  0.3514476D+00  0.0000000D+00
 -0.1381252D+01  0.4823551D+00  0.2916517D+00  0.0000000D+00
  0.2104967D+02 -0.3882804D+01 -0.6533785D+01  0.0000000D+00
  0.4781441D+02  0.2860945D+02 -0.1708626D+02  0.0000000D+00
 -0.2490355D+02  0.6486274D+01  0.2186541D+01  0.0000000D+00
  0.9395427D+01  0.3067228D+01  0.2537269D+01  0.0000000D+00
  0.2043755D+02  0.8337680D+01  0.5542661D+01  0.0000000D+00
 -0.2236577D+02  0.6074552D+00  0.3461676D+01  0.0000000D+00
  0.2515621D+02  0.8933531D+01 -0.3279513D+01  0.0000000D+00
  0.2763795D+02  0.2011218D+02  0.1959461D+01  0.0000000D+00
  0.1407001D+02  0.1094442D+02  0.4063971D+00  0.0000000D+00
  0.2314221D+02  0.9819309D+01 -0.1481347D+01  0.0000000D+00
  0.2830250D+02  0.9056194D+01 -0.2603342D+01  0.0000000D+00
 -0.1588775D+01  0.3107308D+01  0.1093752D+01  0.0000000D+00
  0.1551097D+02  0.1580538D+02 -0.5212935D+01  0.0000000D+00
 -0.3456694D+02  0.3866873D+01  0.2539003D+01  0.0000000D+00
 -0.1572877D+02  0.2790866D+01 -0.3548738D+01  0.0000000D+00
  0.1933819D+02 -0.7174407D+00  0.3673257D+01  0.0000000D+00
  0.9915583D+01  0.6124942D+01  0.5630959D+00  0.0000000D+00
  0.6067179D+02 -0.8240182D+00 -0.5652396D+00  0.0000000D+00
  0.4249464D+01 -0.2818087D+01 -0.2099587D+01  0.0000000D+00
 -0.7406245D+01  0.2457169D+01 -0.8268909D+00  0.0000000D+00
  0.2471657D+01  0.2534724D+01 -0.1545998D+01  0.0000000D+00
  0.8129374D+01  0.2638067D+01 -0.1952342D+01  0.0000000D+00
 -0.2893437D+02 -0.7376370D+01 -0.6925802D-01  0.0000000D+00
 -0.5056219D+02  0.1091224D+02 -0.7037110D+01  0.0000000D+00
 -0.3406528D+00 -0.8812104D+01  0.3686269D+01  0.0000000D+00
 -0.2408150D+02  0.1415782D+01  0.4846874D+00  0.0000000D+00
 -0.1320107D+02 -0.5391178D+01  0.5229613D+01  0.0000000D+00
  0.1184710D+02 -0.1632698D+02 -0.9027364D+00  0.0000000D+00
  0.1273921D+02 -0.3028326D+01 -0.2027198D+01  0.0000000D+00
 -0.3645091D+02  0.5188288D+01 -0.2309366D+01  0.0000000D+00
 -0.2814945D+02 -0.3606313D+01 -0.1804477D+01  0.0000000D+00
 -0.3235915D+02  0.3033250D+01 -0.8942536D+00  0.0000000D+00
 -0.3472504D+02  0.6820266D+01 -0.3557174D+00  0.0000000D+00
  0.1012328D+02 -0.1473711D+01 -0.7787594D+00  0.0000000D+00
  0.1577052D+01  0.3941152D+01  0.3357573D+00  0.0000000D+00
  0.2141437D+02 -0.3268831D+00 -0.7460395D-01  0.0000000D+00
  0.5772679D+01 -0.4220419D+00 -0.6209275D-01  0.0000000D+00
  0.1653043D+01 -0.9177152D-01  0.4923357D+00  0.0000000D+00
 -0.3352600D+01 -0.4689169D+01 -0.2792221D+00  0.0000000D+00
  0.1201858D+00 -0.3932510D+01 -0.1305468D+01  0.0000000D+00
 -0.7612047D+01 -0.1013941D+00 -0.1879312D+00  0.0000000D+00
 -0.6611258D+01 -0.1299091D+00  0.8091965D+00  0.0000000D+00
  0.5819579D+01 -0.7635876D+00  0.8266844D+00  0.0000000D+00
  0.1310880D+02 -0.1134644D+01  0.8481706D+00  0.0000000D+00
  0.2226931D+01  0.5589127D+00 -0.5156887D-02  0.0000000D+00
  0.9005559D+01 -0.1238017D+01  0.9906501D+00  0.0000000D+00
 -0.7428165D+01  0.7552751D+00 -0.1773471D+00  0.0000000D+00
  0.3157570D+01 -0.8272834D+00 -0.7184436D+00  0.0000000D+00
 -0.1593676D+01  0.1162216D+01 -0.5343854D+00  0.0000000D+00
  0.2586107D+01 -0.3942563D+01  0.8263673D+00  0.0000000D+00
  0.1423560D+01  0.2062541D+01  0.3321385D+00  0.0000000D+00
  0.3330249D+01 -0.7417805D-01  0.4780769D+00  0.0000000D+00
  0.5142465D+01 -0.2121685D+01  0.6522610D-01  0.0000000D+00
  0.1868685D+00 -0.1068659D+01  0.1208120D+00  0.0000000D+00
 -0.2695204D+01 -0.4754257D+00  0.1486012D+00  0.0000000D+00
  0.4387849D+01  0.2164686D-01 -0.8768706D-01  0.0000000D+00
  0.1009774D+02  0.3232876D+00 -0.2965653D+00  0.0000000D+00
 -0.1971602D+01 -0.4252347D+00 -0.1708506D+00  0.0000000D+00
 -0.3334953D+01  0.1072382D+00 -0.1664127D-01  0.0000000D+00
  0.1659619D+01  0.2026015D+00 -0.4519241D+00  0.0000000D+00
  0.4194874D+00  0.1277626D+01  0.7650449D+00  0.0000000D+00
  0.1202728D+01  0.5166977D+00 -0.8206282D+00  0.0000000D+00
 -0.7016188D+00 -0.1659096D+01 -0.1296328D+01  0.0000000D+00
 -0.2076230D+01 -0.1232610D+01  0.8448736D+00  0.0000000D+00
  0.1979777D+00 -0.9794349D+00  0.3179540D+00  0.0000000D+00
  0.1512163D+01 -0.8259883D+00  0.3327840D-01  0.0000000D+00
  0.3431989D+01 -0.2402657D+00  0.3079298D+00  0.0000000D+00
  0.5991658D+01 -0.2629309D+01 -0.6862091D-01  0.0000000D+00
  0.3350166D+00 -0.4802339D+00  0.1132191D+00  0.0000000D+00
  0.5264197D+00  0.7860647D+00  0.2389055D-01  0.0000000D+00
 -0.1271057D+01 -0.1384979D+01  0.1999442D+00  0.0000000D+00
  0.1125205D+01  0.1707381D+01 -0.3768357D+00  0.0000000D+00
  0.2185070D+01  0.2935741D+01  0.2386777D+00  0.0000000D+00
 -0.9242814D+01  0.3682682D+01  0.4089191D+00  0.0000000D+00
 -0.9925369D+01  0.2440976D+01  0.5834527D-01  0.0000000D+00
 -0.5432486D+01  0.1156843D+01 -0.1076666D-01  0.0000000D+00
 -0.2809155D+01  0.3909758D+00 -0.5514591D-01  0.0000000D+00
 -0.9366760D+00 -0.1194705D+00  0.1364363D+00  0.0000000D+00
 -0.3198886D+00 -0.2107966D+01  0.5970557D+00  0.0000000D+00
 -0.1638093D+01 -0.1945676D+00 -0.1805516D-01  0.0000000D+00
  0.3014085D+00  0.2106381D+00  0.3874211D-01  0.0000000D+00
 -0.8511727D+00 -0.1818031D+00 -0.9284542D-01  0.0000000D+00
  0.1590518D+01 -0.6288846D+00  0.7458460D-01  0.0000000D+00
 -0.1678409D+01 -0.1076203D+01  0.1259104D+00  0.0000000D+00
 -0.1705114D+01 -0.6038803D+00 -0.9478311D+00  0.0000000D+00
  0.2141704D+01 -0.6389643D+00 -0.6749596D+00  0.0000000D+00
  0.1586788D+01 -0.8658970D+00  0.8719359D-01  0.0000000D+00
  0.1304424D+01 -0.9985679D+00  0.5365833D+00  0.0000000D+00
 -0.2967537D+01  0.9680879D-02 -0.3616910D-01  0.0000000D+00
 -0.6492113D+01 -0.3084908D+00  0.4175832D+00  0.0000000D+00
  0.2036038D+01  0.2146158D+00 -0.8871839D-01  0.0000000D+00
 -0.5728720D+00 -0.3303920D+00  0.6467069D-01  0.0000000D+00
  0.4920930D+00  0.8624332D+00 -0.1108209D+00  0.0000000D+00
 -0.2264419D+01 -0.2116278D+01  0.2032698D+00  0.0000000D+00
 -0.4834147D+00 -0.2237436D+01 -0.5650596D+00  0.0000000D+00
 -0.9975316D-01 -0.2000970D+00 -0.2456577D+00  0.0000000D+00
 -0.2635675D+01 -0.6374420D+00 -0.3666935D-01  0.0000000D+00
  0.8705338D+00  0.3915223D+00  0.2287704D+00  0.0000000D+00
  0.2895504D+01  0.9884926D+00  0.3865084D+00  0.0000000D+00
  0.3154162D+02 -0.1138061D+02 -0.1107321D+02  0.0000000D+00
  0.1226661D+03  0.2250230D+02 -0.5896149D+01  0.0000000D+00
 -0.3458971D+02 -0.3785312D+01 -0.6566982D+01  0.0000000D+00
  0.4048535D+01  0.1945463D+02 -0.2704761D+01  0.0000000D+00
  0.2487903D+02 -0.1279052D+02  0.1297369D+01  0.0000000D+00
 -0.1125515D+02 -0.1133748D+02 -0.4809228D+01  0.0000000D+00
  0.1260873D+02 -0.1064463D+02  0.1999452D+01  0.0000000D+00
 -0.6315257D+01 -0.8075123D+01 -0.2249399D+00  0.0000000D+00
 -0.2900153D+01 -0.4116018D+01  0.3974475D+00  0.0000000D+00
  0.8061557D+01 -0.9919167D+01  0.2261618D+01  0.0000000D+00
  0.1451739D+02 -0.1327225D+02  0.3360197D+01  0.0000000D+00
 -0.7498208D+01 -0.1999350D+01 -0.3261619D+01  0.0000000D+00
  0.4275586D+02  0.2047878D+02  0.8084333D+00  0.0000000D+00
 -0.6417525D+02 -0.1059444D+02 -0.4446797D+01  0.0000000D+00
 -0.1313721D+02  0.1292809D+02  0.1648860D+00  0.0000000D+00
 -0.2407190D+01  0.4413560D+01 -0.2057646D+01  0.0000000D+00
 -0.1084661D+02  0.4104211D+01 -0.1979661D+01  0.0000000D+00
  0.8915824D+01 -0.2293504D+00  0.8547115D+00  0.0000000D+00
 -0.2050996D+02 -0.7297493D-01  0.3299827D+01  0.0000000D+00
 -0.1108681D+02 -0.2341024D+01  0.2502979D+01  0.0000000D+00
 -0.1930723D+02 -0.4045549D+01 -0.2275672D+00  0.0000000D+00
 -0.2401522D+02 -0.5068396D+01 -0.1834977D+01  0.0000000D+00
  0.3235450D+01 -0.4477951D+01 -0.6105052D+01  0.0000000D+00
 -0.1470322D+02 -0.1131453D+02 -0.1666859D+01  0.0000000D+00
 -0.1011592D+02  0.5830218D+01  0.1520144D+01  0.0000000D+00
 -0.2280420D+02 -0.6055676D+01 -0.7010105D+01  0.0000000D+00
  0.2378269D+02  0.1026333D+01  0.2120794D+01  0.0000000D+00
  0.2591840D+02 -0.8533529D+01 -0.2247333D+01  0.0000000D+00
  0.1378769D+02 -0.5134971D+01 -0.2984302D+01  0.0000000D+00
 -0.1769939D+02  0.2182417D-01  0.3187050D+01  0.0000000D+00
 -0.1517701D+02  0.1401181D+01 -0.2015541D+00  0.0000000D+00
 -0.1122973D+02 -0.9571107D+01 -0.1564280D-01  0.0000000D+00
 -0.8889745D+01 -0.1598055D+02  0.5582889D-01  0.0000000D+00
  0.1837445D+02 -0.7599747D+00 -0.1960129D+01  0.0000000D+00
  0.1433359D+02 -0.5203651D+01 -0.1434688D+01  0.0000000D+00
  0.1875570D+02  0.1011998D+01 -0.3926278D+00  0.0000000D+00
  0.5381471D+01 -0.9904363D+00 -0.3220888D-01  0.0000000D+00
  0.8592784D+01  0.1231980D+01  0.2175338D+00  0.0000000D+00
  0.1226319D+00 -0.3237549D+01  0.1715118D+00  0.0000000D+00
  0.1098444D+02 -0.3368658D+01  0.1776434D+01  0.0000000D+00
  0.1515909D+02 -0.7234729D+01  0.2571474D+01  0.0000000D+00
  0.1925768D+02 -0.3311045D+01  0.4026726D+00  0.0000000D+00
  0.1846203D+02 -0.1854999D+01 -0.5413440D-03  0.0000000D+00
  0.1804222D+02 -0.9592548D+00 -0.2609537D+00  0.0000000D+00
 -0.5102921D+01  0.1413380D+01  0.2856603D+01  0.0000000D+00
 -0.9060159D+01  0.4022479D+00  0.5941000D-01  0.0000000D+00
 -0.4392822D+01 -0.1277927D+00 -0.2123334D+00  0.0000000D+00
  0.3367829D+00  0.6325601D+00 -0.2432917D+00  0.0000000D+00
  0.3397607D+01 -0.1405438D+01 -0.8688596D-01  0.0000000D+00
 -0.3940364D+01  0.2725793D+01 -0.3467779D+00  0.0000000D+00
 -0.5971713D+01 -0.1577269D+01 -0.1391489D+01  0.0000000D+00
 -0.8776759D+01  0.2301457D+01  0.6777364D+00  0.0000000D+00
 -0.8849492D+01  0.3357251D+01  0.5080988D-01  0.0000000D+00
 -0.5415131D+01  0.1855158D+01 -0.2324032D-01  0.0000000D+00
 -0.3403899D+01  0.9865076D+00 -0.7388060D-01  0.0000000D+00
 -0.4011861D+01  0.8136414D+00  0.9284189D+00  0.0000000D+00
 -0.4982477D+01 -0.9408243D+00  0.1349696D+00  0.0000000D+00
  0.1867497D+01  0.3551885D+00  0.2431601D+00  0.0000000D+00
 -0.3537531D+01 -0.4059076D+00 -0.2060616D+00  0.0000000D+00
  0.5343036D+01  0.1735957D+00  0.3136497D+00  0.0000000D+00
 -0.5872859D+01  0.1581547D+00 -0.7850272D+00  0.0000000D+00
  0.9389932D+00  0.1271119D+01 -0.3806089D+00  0.0000000D+00
  0.4206830D+00  0.8345374D+00 -0.2198072D+00  0.0000000D+00
 -0.2049490D+01  0.2083465D+01 -0.1246716D+01  0.0000000D+00
 -0.1371938D+01 -0.3383708D+00 -0.8994960D+00  0.0000000D+00
 -0.1003015D+01 -0.1741530D+01 -0.7077147D+00  0.0000000D+00
  0.3505078D+01 -0.6220321D+00  0.4540495D+00  0.0000000D+00
  0.4719986D+01  0.2930694D+01  0.1004468D+01  0.0000000D+00
  0.6787925D+00  0.2659303D+00  0.1595683D-01  0.0000000D+00
  0.3762875D+01 -0.6199048D-01 -0.5309949D-01  0.0000000D+00
 -0.6869991D+01 -0.3546373D-01  0.1504215D+00  0.0000000D+00
  0.5169616D+01 -0.3945277D+00  0.4406937D+00  0.0000000D+00
 -0.6614744D+00  0.4704678D+00  0.4145316D+00  0.0000000D+00
  0.1115025D+02 -0.4143740D+00  0.1479343D+01  0.0000000D+00
  0.9358968D+01 -0.2250594D+01 -0.6723893D+00  0.0000000D+00
 -0.2439590D+01 -0.7942826D+00 -0.9393436D-01  0.0000000D+00
 -0.9367699D+01  0.3775216D-01  0.2203903D+00  0.0000000D+00
  0.2643470D+01 -0.9671690D+00  0.5557531D+00  0.0000000D+00
  0.4282599D+01  0.2657230D+01  0.1051595D+01  0.0000000D+00
 -0.7961912D+00 -0.4803236D-01  0.6741709D-02  0.0000000D+00
  0.8966972D+00 -0.2879472D+00 -0.3383401D-01  0.0000000D+00
 -0.1276011D+01 -0.1615369D+00 -0.1475113D+00  0.0000000D+00
  0.2308216D+01  0.1406890D+01  0.6882729D+00  0.0000000D+00
  0.4510601D+00  0.7135115D+00  0.7311946D-01  0.0000000D+00
 -0.5481950D+01 -0.2569783D+01 -0.2506106D+00  0.0000000D+00
 -0.4591897D+01 -0.1257919D+01 -0.9119998D+00  0.0000000D+00
 -0.7096864D+01  0.4423140D-01 -0.3014359D+00  0.0000000D+00
 -0.8554972D+01  0.8206814D+00  0.4846199D-01  0.0000000D+00
  0.2453380D+01 -0.2647737D+00 -0.4012010D-01  0.0000000D+00
  0.4624192D+01 -0.1326781D+00 -0.2905504D+00  0.0000000D+00
  0.1307862D+01  0.1589929D+00 -0.9228741D-01  0.0000000D+00
 -0.5679161D+00 -0.1117776D+00  0.1462801D+00  0.0000000D+00
 -0.3784935D+00  0.1890843D+00 -0.1704194D+00  0.0000000D+00
 -0.3377982D+00 -0.2086438D-01  0.5645848D-01  0.0000000D+00
 -0.1162102D+01  0.1381211D+00 -0.1187686D+01  0.0000000D+00
 -0.2017758D+01  0.2816440D+01  0.2280773D+00  0.0000000D+00
  0.5343981D-01  0.1276567D+01  0.3401628D-01  0.0000000D+00
 -0.2938803D+01  0.5281028D+00 -0.2726037D-01  0.0000000D+00
 -0.4668007D+01  0.7332717D-01 -0.6523555D-01  0.0000000D+00
  0.1560902D+02  0.3556968D+00  0.1198388D+01  0.0000000D+00
 -0.4034063D+02 -0.2115152D+02  0.2547685D+01  0.0000000D+00
  0.3890826D+02  0.6291934D+01 -0.2924879D+01  0.0000000D+00
  0.1366786D+02 -0.9484337D+01 -0.4391486D+01  0.0000000D+00
 -0.1804820D+01  0.9637602D+01 -0.8253719D+00  0.0000000D+00
  0.2580813D+02  0.5074611D+01 -0.3268604D+01  0.0000000D+00
 -0.5341629D+01  0.6227108D+01  0.7497893D+00  0.0000000D+00
 -0.1381122D+01 -0.4954678D+01 -0.3034865D+01  0.0000000D+00
 -0.1071178D+01 -0.5307950D+01 -0.8917677D+00  0.0000000D+00
 -0.1205771D+02 -0.7617962D+01  0.1173272D+01  0.0000000D+00
 -0.1848431D+02 -0.8974125D+01  0.2405646D+01  0.0000000D+00
  0.4311082D+02  0.1672287D+01  0.1042294D+01  0.0000000D+00
 -0.8134772D+02 -0.7496557D+01  0.5149514D+00  0.0000000D+00
  0.4372955D+02  0.6981847D+01 -0.7211076D+00  0.0000000D+00
  0.8801970D+01 -0.8323369D+01 -0.3194476D+00  0.0000000D+00
  0.2479436D+01  0.4663256D+01  0.4934543D+00  0.0000000D+00
  0.3942022D+01 -0.1010238D+01 -0.1073313D+01  0.0000000D+00
 -0.2347546D+02  0.2336724D+01 -0.1142991D+01  0.0000000D+00
  0.5019090D+01  0.7192713D+01 -0.7115761D+00  0.0000000D+00
  0.7328344D+01  0.1988992D+01 -0.3443027D-01  0.0000000D+00
  0.3559834D+01 -0.2600940D+01 -0.3342379D-01  0.0000000D+00
  0.1381613D+01 -0.5346794D+01 -0.2581070D-01  0.0000000D+00
  0.1680461D+02 -0.5342054D+01 -0.2630449D+00  0.0000000D+00
 -0.7326344D+01  0.3764398D+01 -0.2381860D+01  0.0000000D+00
  0.9085726D+01 -0.5934645D+01 -0.2432366D+01  0.0000000D+00
 -0.1149126D+02  0.2983774D+01 -0.3274185D+01  0.0000000D+00
  0.2452122D+02  0.8800838D+01  0.7386530D+00  0.0000000D+00
 -0.1222510D+02  0.1873551D+02 -0.2189580D+01  0.0000000D+00
 -0.5083359D+01  0.6937460D+01  0.1580619D+01  0.0000000D+00
  0.3195433D+02  0.1295941D+01 -0.9209653D+00  0.0000000D+00
  0.2728800D+02  0.5227143D+00  0.1666290D+01  0.0000000D+00
  0.2314960D+02  0.1563106D+01  0.1552377D+01  0.0000000D+00
  0.2067326D+02  0.2164640D+01  0.1514393D+01  0.0000000D+00
 -0.6263569D+01  0.3223688D+00 -0.7703940D+00  0.0000000D+00
  0.3876105D+01 -0.2377797D-01 -0.2126589D+01  0.0000000D+00
 -0.4996023D+01 -0.1773402D+00 -0.3280584D+00  0.0000000D+00
  0.1061961D+01  0.4666201D+00  0.1111928D+00  0.0000000D+00
  0.7903842D+01  0.8732075D+00 -0.4661352D+00  0.0000000D+00
  0.3598886D+00  0.2234388D+01  0.6539037D+00  0.0000000D+00
 -0.3960745D+01  0.2120787D+01 -0.5157595D-01  0.0000000D+00
 -0.4569000D+01 -0.1554698D+00 -0.5309822D+00  0.0000000D+00
 -0.6328461D+01 -0.1659726D+01 -0.6486083D+00  0.0000000D+00
 -0.1016948D+02 -0.6627721D+00 -0.3845661D+00  0.0000000D+00
 -0.1243853D+02 -0.9551292D-01 -0.2312972D+00  0.0000000D+00
 -0.9422970D+00 -0.7618889D+00 -0.1020288D+01  0.0000000D+00
 -0.9295745D+00  0.1658466D+00  0.2546580D-01  0.0000000D+00
  0.4443842D+01  0.6279330D-01  0.2099500D+00  0.0000000D+00
 -0.4134312D+01 -0.6689426D+00  0.2721250D+00  0.0000000D+00
  0.5679951D+01  0.1147696D+01  0.7223820D+00  0.0000000D+00
 -0.3748772D+01 -0.1287937D+01 -0.7668470D+00  0.0000000D+00
  0.4840976D+01 -0.7872736D+00  0.1741917D+00  0.0000000D+00
  0.5974724D+00  0.1462234D+01 -0.1608606D+01  0.0000000D+00
  0.1475214D+01  0.9267102D-01 -0.7423087D-01  0.0000000D+00
  0.1286539D+01  0.3466563D+00 -0.6900334D-01  0.0000000D+00
  0.1185461D+01  0.4801369D+00 -0.4867861D-01  0.0000000D+00
 -0.1085823D+01 -0.6946516D+00 -0.3689264D+00  0.0000000D+00
  0.1800955D+01  0.4306328D+00  0.7807873D+00  0.0000000D+00
  0.3626618D+01 -0.1159157D-01  0.6080808D-01  0.0000000D+00
  0.5590861D+00  0.3565166D+00  0.2542011D+00  0.0000000D+00
  0.1842989D+01 -0.3892077D+00  0.1764280D+00  0.0000000D+00
 -0.8986645D+00  0.3460893D+00 -0.2640825D+00  0.0000000D+00
 -0.3283592D+01 -0.1884423D+01 -0.4026274D+00  0.0000000D+00
 -0.5726743D+00  0.8603415D+00  0.6772998D+00  0.0000000D+00
 -0.2339947D+01  0.4907566D+00  0.1446834D+00  0.0000000D+00
 -0.2018516D+01  0.5845375D+00 -0.1729214D+00  0.0000000D+00
 -0.1848930D+01  0.6353795D+00 -0.3646524D+00  0.0000000D+00
 -0.1139507D+01  0.2791373D+00  0.8985083D+00  0.0000000D+00
 -0.1144732D+01  0.8146424D+00  0.1451520D+01  0.0000000D+00
  0.8538898D+00 -0.1398224D+00 -0.1658019D-01  0.0000000D+00
  0.3106741D+01 -0.2122269D+00 -0.1087910D+00  0.0000000D+00
 -0.5136066D+01  0.4016738D+00 -0.1027270D+00  0.0000000D+00
  0.2376541D+01  0.1010696D+01  0.1434996D+00  0.0000000D+00
 -0.1666638D+01  0.3489964D+00  0.2806856D+00  0.0000000D+00
  0.3160350D+00 -0.2337704D+01  0.5343294D+00  0.0000000D+00
 -0.1571586D+01  0.2064527D+00  0.6687670D+00  0.0000000D+00
 -0.3337550D+01  0.6742024D+00 -0.8551968D-01  0.0000000D+00
 -0.4392034D+01  0.9764510D+00 -0.5253645D+00  0.0000000D+00
  0.5164911D+00  0.6883868D+00  0.4912545D+00  0.0000000D+00
 -0.1734304D+01  0.3313019D+00  0.5040738D+00  0.0000000D+00
  0.8767682D+00  0.1730497D+00  0.1578746D-01  0.0000000D+00
  0.9361128D+00  0.1033349D-02 -0.4966771D-01  0.0000000D+00
 -0.9053776D+00  0.4754149D+00  0.2797288D-01  0.0000000D+00
  0.1596705D+01 -0.1103862D+01 -0.6234196D-01  0.0000000D+00
  0.2444990D+01 -0.5432512D+00 -0.3833685D+00  0.0000000D+00
  0.3625251D+01 -0.2212507D+00 -0.9720501D-01  0.0000000D+00
  0.2931748D+01 -0.1008717D+01  0.7040301D+00  0.0000000D+00
  0.5302829D+00 -0.1063512D+01  0.4005648D+00  0.0000000D+00
 -0.8829525D+00 -0.1104216D+01  0.2317995D+00  0.0000000D+00
 -0.1659354D+00  0.5106895D+00 -0.9572424D-01  0.0000000D+00
  0.5345637D+00 -0.1000436D+00 -0.8349565D+00  0.0000000D+00
 -0.1607091D+01  0.1249348D+00  0.3161079D-01  0.0000000D+00
  0.3408041D+00 -0.1914522D+00 -0.8648159D-02  0.0000000D+00
 -0.4810979D+00  0.2708684D+00  0.4129395D-01  0.0000000D+00
 -0.8919544D+00 -0.4934408D+00 -0.4291178D-01  0.0000000D+00
 -0.1278707D+01  0.1533558D+01 -0.7507240D-01  0.0000000D+00
 -0.2453982D+01 -0.3304409D+00 -0.6547818D-02  0.0000000D+00
 -0.4369053D+01 -0.3349065D+00  0.1255992D+00  0.0000000D+00
 -0.1551365D+00  0.2287345D+00  0.8826435D-01  0.0000000D+00
  0.2293263D+01  0.5584298D+00  0.6787145D-01  0.0000000D+00
 -0.3215448D+02 -0.5052398D+01  0.4088879D+01  0.0000000D+00
 -0.8543659D+02 -0.1774287D+02  0.1007897D+02  0.0000000D+00
 -0.5543030D+00 -0.6530848D+00 -0.2609318D+01  0.0000000D+00
 -0.5279122D+01  0.4384808D+01  0.1019990D+01  0.0000000D+00
 -0.1533172D+02 -0.4694983D+01 -0.4030449D+01  0.0000000D+00
  0.3249942D+02  0.3396806D+01  0.4220810D-01  0.0000000D+00
 -0.3723894D+01  0.4197489D+01  0.3070373D-02  0.0000000D+00
  0.4272331D+01 -0.2280982D+01  0.7737361D-01  0.0000000D+00
  0.2466226D+01 -0.2090603D+01 -0.6283709D+00  0.0000000D+00
  0.3219149D+01 -0.3439070D+01 -0.4308916D+00  0.0000000D+00
  0.3641563D+01 -0.4226951D+01 -0.3233473D+00  0.0000000D+00
  0.1612641D+02 -0.2581946D+01  0.6147050D+00  0.0000000D+00
 -0.7843256D+01  0.6739894D+00 -0.2203764D+01  0.0000000D+00
  0.5346302D+01  0.2131101D+00 -0.2245604D+01  0.0000000D+00
  0.3609893D+01  0.7449901D+01  0.1612347D+01  0.0000000D+00
  0.4998368D+01 -0.2643529D+01 -0.3402121D+00  0.0000000D+00
  0.6034653D+01 -0.8701082D+00 -0.1629807D+00  0.0000000D+00
 -0.1057101D+02 -0.1346054D+01 -0.1200411D+00  0.0000000D+00
  0.1810091D+02 -0.9772518D+00 -0.5766950D+00  0.0000000D+00
  0.1486309D+02 -0.2619610D+01 -0.1130646D+01  0.0000000D+00
  0.9395065D+01 -0.1287493D+01 -0.2015929D+00  0.0000000D+00
  0.6157971D+01 -0.5266523D+00  0.3358943D+00  0.0000000D+00
  0.2701314D+02 -0.5346968D+00  0.5162069D+00  0.0000000D+00
  0.9011368D+01  0.9278934D+00  0.2173584D+01  0.0000000D+00
 -0.1086054D+02 -0.1533640D+01 -0.2335261D+01  0.0000000D+00
  0.3624015D+01 -0.1934589D+01  0.2572110D+01  0.0000000D+00
 -0.2094776D+02 -0.1032398D+01 -0.5766662D+01  0.0000000D+00
 -0.2612526D+02  0.4963169D+01 -0.1226753D+01  0.0000000D+00
 -0.1830272D+02  0.2045089D+01  0.8569863D+00  0.0000000D+00
  0.8437663D+01  0.3269827D+01 -0.1799553D+00  0.0000000D+00
  0.1179931D+02  0.2591351D+01  0.8657777D+00  0.0000000D+00
  0.1117963D+02  0.7014305D+00  0.1624416D+01  0.0000000D+00
  0.1085309D+02 -0.4136466D+00  0.2080138D+01  0.0000000D+00
 -0.1940399D+02 -0.8756815D+00  0.4823802D+00  0.0000000D+00
 -0.1332639D+02 -0.2940870D+01  0.6042473D+00  0.0000000D+00
 -0.2023365D+02 -0.1332837D+01 -0.6580642D-01  0.0000000D+00
 -0.6539459D+01  0.1442995D+01  0.2775330D+00  0.0000000D+00
 -0.4413007D+01 -0.1111077D+01 -0.5787644D+00  0.0000000D+00
  0.2828038D+01  0.2544537D+01  0.2590723D+00  0.0000000D+00
  0.3216530D+01  0.1936543D+01  0.6400261D+00  0.0000000D+00
  0.3204390D+01 -0.3518719D+01 -0.1499118D+01  0.0000000D+00
  0.3445574D+00 -0.1773859D+01 -0.2442650D+00  0.0000000D+00
  0.1078854D+01 -0.1039598D+01  0.3758628D+00  0.0000000D+00
  0.1476699D+01 -0.5893815D+00  0.7529426D+00  0.0000000D+00
  0.7826152D+01  0.1158245D+01 -0.4318258D+00  0.0000000D+00
  0.1116848D+02 -0.5598948D+00 -0.2553822D+00  0.0000000D+00
  0.7233127D+01 -0.2351379D+00  0.4844006D+00  0.0000000D+00
 -0.2927947D+01  0.8204722D+00  0.8426644D-01  0.0000000D+00
  0.3899699D+00 -0.6238770D+00  0.4306744D+00  0.0000000D+00
 -0.2486826D+01  0.1218421D+01 -0.4648484D+00  0.0000000D+00
  0.3267798D+01 -0.5701940D+00 -0.2851165D+00  0.0000000D+00
  0.2459489D+01  0.1618911D+01 -0.1372370D+00  0.0000000D+00
  0.2710629D+01  0.4532884D+00  0.3531488D+00  0.0000000D+00
  0.2877484D+01  0.4728603D+00  0.1950775D+00  0.0000000D+00
  0.2978014D+01  0.4709257D+00  0.1079536D+00  0.0000000D+00
  0.5818481D+01  0.4860089D+00 -0.4175886D+00  0.0000000D+00
  0.9991135D+01  0.8090316D+00 -0.7858615D-01  0.0000000D+00
  0.2885332D+01 -0.4922963D+00 -0.1309969D+00  0.0000000D+00
  0.1763109D+01  0.3893335D+00  0.1553159D+00  0.0000000D+00
 -0.2235632D+01 -0.7113760D+00 -0.2090655D-02  0.0000000D+00
 -0.5172345D+00  0.8932078D+00 -0.8217125D-01  0.0000000D+00
 -0.7569122D+01  0.9722314D+00 -0.4490139D+00  0.0000000D+00
 -0.6342036D+01 -0.1017312D+01  0.3755550D+00  0.0000000D+00
 -0.7034547D+01  0.1638532D+00  0.2526042D+00  0.0000000D+00
 -0.5813475D+01 -0.1073002D+00 -0.3506711D+00  0.0000000D+00
 -0.5106810D+01 -0.2532897D+00 -0.7050482D+00  0.0000000D+00
 -0.3750358D+01 -0.4972204D+00 -0.4168438D+00  0.0000000D+00
 -0.5622236D+01  0.4528418D+01 -0.4603062D+00  0.0000000D+00
 -0.1160627D+00  0.5501545D-01 -0.9809476D-01  0.0000000D+00
 -0.2457001D+01 -0.1592842D+00  0.1662315D+00  0.0000000D+00
  0.4739146D+01  0.5721428D+00 -0.3897125D+00  0.0000000D+00
 -0.2149405D+01  0.4203526D-01  0.4176844D+00  0.0000000D+00
  0.4187605D+01 -0.1071233D+01  0.1916644D-01  0.0000000D+00
  0.5148337D+01 -0.1125381D+01  0.1788775D+00  0.0000000D+00
  0.2045328D+01  0.4868755D+00  0.8081984D-01  0.0000000D+00
 -0.2024725D+01  0.5180917D+00  0.1402353D+00  0.0000000D+00
 -0.4443028D+01  0.5544396D+00  0.1739056D+00  0.0000000D+00
 -0.3052425D+01 -0.6672501D+00 -0.3285573D+00  0.0000000D+00
 -0.6491458D+01  0.3224651D+01 -0.7108151D+00  0.0000000D+00
  0.3047657D-01  0.3511259D-01 -0.6535676D-01  0.0000000D+00
  0.8611502D+00 -0.8993334D-01  0.7773906D-01  0.0000000D+00
 -0.1288622D+01  0.8710102D-01 -0.1094634D+00  0.0000000D+00
  0.3052090D+01 -0.9351965D-01  0.2317042D+00  0.0000000D+00
 -0.5966536D+01  0.2899348D+00 -0.1902068D+00  0.0000000D+00
  0.6022952D-01  0.2188134D-01 -0.8990852D-01  0.0000000D+00
  0.2320625D+00  0.5890322D-01  0.5845621D+00  0.0000000D+00
 -0.4903512D+01  0.7550086D-01  0.4313371D+00  0.0000000D+00
 -0.7908477D+01  0.8579891D-01  0.3493082D+00  0.0000000D+00
 -0.4180231D+01  0.6696040D-03  0.1903528D+00  0.0000000D+00
 -0.6171964D+01  0.2706635D+00  0.1263363D-01  0.0000000D+00
 -0.2221894D+01 -0.8318485D-01  0.8166836D-01  0.0000000D+00
  0.1228673D+01  0.1089797D+00 -0.7620996D-01  0.0000000D+00
 -0.9342168D-02 -0.1219212D+00  0.1069620D+00  0.0000000D+00
 -0.1884986D+01  0.1030725D+00 -0.1709033D+00  0.0000000D+00
 -0.1048860D+01  0.1230567D+01 -0.6002416D-01  0.0000000D+00
 -0.5400942D+01 -0.1756909D+01 -0.1690530D+00  0.0000000D+00
 -0.7945907D+01 -0.1076473D+01 -0.4925044D+00  0.0000000D+00
 -0.7754526D+01  0.3183601D+00 -0.2336616D+00  0.0000000D+00
 -0.7670925D+01  0.1142458D+01 -0.8568392D-01  0.0000000D+00
 -0.7454550D+00  0.1748171D+01  0.1803352D+01  0.0000000D+00
  0.4061865D+02 -0.1120841D+02  0.6732199D+00  0.0000000D+00
 -0.1309119D+02  0.4172615D+01  0.3546915D+01  0.0000000D+00
 -0.2134026D+02  0.1757766D+01  0.2235965D+01  0.0000000D+00
 -0.9758568D+01 -0.6341206D+01 -0.1275689D+01  0.0000000D+00
 -0.1336403D+02 -0.6311232D+00  0.2715431D+01  0.0000000D+00
  0.7343849D+01 -0.7380916D+01 -0.1004957D+01  0.0000000D+00
 -0.7441778D+00  0.7375507D+01  0.1960409D+01  0.0000000D+00
  0.9406199D+00  0.6834174D+01  0.8338713D+00  0.0000000D+00
  0.1935552D+02  0.6572960D+01 -0.1593689D+00  0.0000000D+00
  0.3015679D+02  0.6414180D+01 -0.7530979D+00  0.0000000D+00
  0.2242873D+02  0.1475085D+01 -0.3379501D-01  0.0000000D+00
  0.2018327D+02  0.1048788D+01 -0.1563803D+01  0.0000000D+00
 -0.4064945D+01 -0.5322648D+00  0.5319332D+01  0.0000000D+00
 -0.1721016D+02  0.2669797D+01 -0.9182893D+00  0.0000000D+00
  0.1251819D+01 -0.1815689D+01  0.8295497D+00  0.0000000D+00
 -0.9428484D+01 -0.2385337D+01 -0.4140509D-01  0.0000000D+00
  0.1375046D+02 -0.7566196D+01 -0.4274311D+00  0.0000000D+00
  0.3809590D+01 -0.3741575D+01 -0.5850348D+00  0.0000000D+00
  0.4135626D+01 -0.1275627D+01 -0.2546839D+00  0.0000000D+00
  0.1001358D+02  0.5159805D+00  0.7119094D-01  0.0000000D+00
  0.1346022D+02  0.1592937D+01  0.2658950D+00  0.0000000D+00
  0.9896572D+01  0.2648188D+01 -0.1230275D-01  0.0000000D+00
  0.8782466D+01 -0.7177121D+01  0.1706822D+01  0.0000000D+00
  0.9543800D+01  0.7521944D+01  0.3779129D+00  0.0000000D+00
  0.1693586D+02 -0.5367190D+01  0.1233196D+01  0.0000000D+00
 -0.1880228D+02 -0.5011936D+01 -0.1310287D+01  0.0000000D+00
  0.8715022D+01 -0.1131785D+02  0.1053955D+01  0.0000000D+00
  0.1338534D+02 -0.3094973D+01 -0.6383097D+00  0.0000000D+00
 -0.6415867D+01 -0.1471269D+01 -0.4019623D+00  0.0000000D+00
 -0.5335523D+01  0.3331939D+01 -0.8914647D+00  0.0000000D+00
  0.7801765D+01  0.6303634D+00 -0.2037825D+00  0.0000000D+00
  0.1550864D+02 -0.8975133D+00  0.1932874D+00  0.0000000D+00
  0.1838779D+01  0.8884197D+00  0.4503210D+00  0.0000000D+00
  0.2006359D+01 -0.5445457D+01  0.1913278D+01  0.0000000D+00
 -0.1929302D+01 -0.2374421D-01 -0.1488679D+00  0.0000000D+00
 -0.4330034D+01  0.1884333D+00  0.2921203D+00  0.0000000D+00
 -0.8135146D+01 -0.2671963D+01 -0.1019613D+00  0.0000000D+00
  0.4027619D+01  0.9785373D+00  0.5468208D-01  0.0000000D+00
 -0.1609231D-01 -0.2748641D+01 -0.1223137D-01  0.0000000D+00
  0.1320992D+01  0.2530070D+01 -0.4735312D+00  0.0000000D+00
  0.4124636D+01  0.6530519D+00  0.1990277D+00  0.0000000D+00
  0.3493240D+01 -0.5061924D+00  0.7606028D+00  0.0000000D+00
  0.3155611D+01 -0.1205606D+01  0.1096846D+01  0.0000000D+00
 -0.3991943D+01 -0.1374247D+01  0.4977191D+00  0.0000000D+00
 -0.8508278D+01  0.5842050D+00 -0.1010755D+00  0.0000000D+00
 -0.8972113D+00 -0.3519474D+00 -0.3042933D+00  0.0000000D+00
  0.2029855D+01  0.2601299D+00 -0.2841457D+00  0.0000000D+00
 -0.3151461D+01 -0.6707887D+00 -0.5270299D+00  0.0000000D+00
 -0.2218037D+01  0.5151885D+00  0.4835274D+00  0.0000000D+00
 -0.5695324D+01  0.3076324D+01 -0.3496979D+00  0.0000000D+00
 -0.9579358D+00 -0.1251543D+01  0.1478128D+00  0.0000000D+00
 -0.4254952D+01  0.9971804D-02  0.4495094D+00  0.0000000D+00
 -0.1562145D+01  0.1024856D+00  0.4714763D-01  0.0000000D+00
 -0.2162072D-01  0.1707663D+00 -0.1850610D+00  0.0000000D+00
 -0.5314761D+01 -0.7456667D+00 -0.1190388D-01  0.0000000D+00
 -0.7937880D+01 -0.5528662D+00 -0.6873509D+00  0.0000000D+00
  0.6071537D+00  0.1671372D+00 -0.1096506D+00  0.0000000D+00
 -0.1135222D+01 -0.4213704D+00 -0.1433199D+00  0.0000000D+00
 -0.3636043D+00  0.1188146D+00 -0.2338159D+00  0.0000000D+00
 -0.3474702D+01 -0.1465688D+00  0.2488385D+00  0.0000000D+00
  0.1427358D+01  0.1724530D+01 -0.2773626D-01  0.0000000D+00
 -0.1185814D+01 -0.1723921D+01  0.5306876D+00  0.0000000D+00
 -0.1471300D+01 -0.7909651D+00  0.2219057D+00  0.0000000D+00
  0.1740932D-01 -0.5352177D+00 -0.2422100D+00  0.0000000D+00
  0.8859685D+00 -0.3750631D+00 -0.5175383D+00  0.0000000D+00
 -0.9864477D+00 -0.1386982D+00 -0.7514172D+00  0.0000000D+00
 -0.1123545D+01  0.3000952D+01 -0.1634858D+01  0.0000000D+00
 -0.1497979D+01  0.2883365D+00 -0.1937085D+00  0.0000000D+00
 -0.2050856D+01 -0.4350155D+00  0.3662465D+00  0.0000000D+00
  0.3234329D+01 -0.1628035D-01 -0.1737591D+00  0.0000000D+00
  0.3492015D+01 -0.1200775D+01 -0.1440678D+00  0.0000000D+00
 -0.1409775D+01 -0.1328275D+00  0.2366669D+00  0.0000000D+00
  0.2236060D+01  0.1754540D+01 -0.5073838D+00  0.0000000D+00
  0.2600442D+01  0.3517270D+00 -0.2275859D+00  0.0000000D+00
 -0.9470247D+00 -0.1848461D+00  0.1106004D+00  0.0000000D+00
 -0.3019697D+01 -0.5146152D+00  0.3116849D+00  0.0000000D+00
  0.1547060D+01  0.5082625D+00 -0.5991140D+00  0.0000000D+00
  0.2857863D+01  0.2684282D+01 -0.5656663D+00  0.0000000D+00
 -0.6448924D+00  0.4155650D-01 -0.1549060D-01  0.0000000D+00
 -0.6138890D+00 -0.6253620D-01 -0.6700344D-01  0.0000000D+00
  0.5524131D+00 -0.3260200D+00  0.1502036D+00  0.0000000D+00
  0.9544941D+00  0.9188673D+00 -0.4550584D+00  0.0000000D+00
  0.4420924D+01 -0.7889019D+00  0.4160125D+00  0.0000000D+00
  0.1431032D+01  0.3344053D+00 -0.2125400D+00  0.0000000D+00
  0.4684496D+00  0.1089420D+01 -0.2947251D+00  0.0000000D+00
  0.1601975D+01  0.7942110D+00 -0.1318986D+00  0.0000000D+00
  0.2255810D+01  0.6299914D+00 -0.3750007D-01  0.0000000D+00
  0.3252234D+01  0.1205177D+00  0.2862301D+00  0.0000000D+00
  0.5880026D+01 -0.2836308D+00  0.8008936D+00  0.0000000D+00
  0.7477314D+00  0.6082959D-01 -0.3137563D-01  0.0000000D+00
 -0.4153899D+00 -0.5224167D-01  0.6432221D-02  0.0000000D+00
  0.1002631D+01 -0.8326342D-01 -0.3713844D-01  0.0000000D+00
 -0.2419501D+01  0.1465385D+00  0.2265661D+00  0.0000000D+00
  0.2484497D+01 -0.1069600D+00 -0.4265053D+00  0.0000000D+00
  0.2608156D+01 -0.3172715D+00  0.6312665D+00  0.0000000D+00
  0.3166642D+01 -0.9515067D-01  0.9504106D-01  0.0000000D+00
  0.3947765D+01 -0.4755152D+00 -0.2410797D+00  0.0000000D+00
  0.4412159D+01 -0.6958604D+00 -0.4437833D+00  0.0000000D+00
  0.3929119D+02  0.7770680D+01 -0.1688475D+01  0.0000000D+00
  0.2585203D+02 -0.8065869D+01 -0.2310981D+01  0.0000000D+00
 -0.2061600D+02  0.3379799D+01  0.4030167D+01  0.0000000D+00
 -0.1662093D+02  0.2125867D+01  0.1182855D+00  0.0000000D+00
 -0.9819347D+01  0.2047597D+00  0.3725213D+01  0.0000000D+00
 -0.2734406D+02  0.6740029D-02  0.1600281D-01  0.0000000D+00
  0.8653510D+01 -0.8867472D+01  0.5527457D+00  0.0000000D+00
  0.2613823D+01  0.7132954D+01 -0.3972176D+00  0.0000000D+00
  0.3761273D+01  0.3595553D+01  0.3266179D+00  0.0000000D+00
  0.7912472D+01  0.2948580D+01  0.8929704D+00  0.0000000D+00
  0.1035592D+02  0.2529997D+01  0.1232797D+01  0.0000000D+00
 -0.3099368D+01  0.2726705D+01 -0.6870801D+00  0.0000000D+00
  0.1377511D+02 -0.1218596D+02  0.2091858D+00  0.0000000D+00
 -0.2507090D+02  0.6821072D+01  0.9161466D+00  0.0000000D+00
  0.9593553D+01 -0.3536967D+01 -0.1453520D+01  0.0000000D+00
 -0.1863024D+02  0.1223605D+01  0.9876872D+00  0.0000000D+00
 -0.1028215D+02  0.2037826D+01  0.3177565D+00  0.0000000D+00
  0.1323971D+02 -0.2135549D+01  0.5703064D+00  0.0000000D+00
 -0.2591684D+01  0.2930265D+01  0.1508759D+00  0.0000000D+00
 -0.2746673D+00 -0.1718646D+00  0.3606916D+00  0.0000000D+00
  0.9606426D+00 -0.1131533D+00  0.3956699D+00  0.0000000D+00
  0.1709173D+01 -0.1131533D+00  0.4186742D+00  0.0000000D+00
  0.1090344D+02  0.1590001D+01 -0.1817827D+01  0.0000000D+00
 -0.1446298D+02 -0.1445728D+02  0.3691766D+01  0.0000000D+00
  0.2413712D+02  0.4715986D+01  0.1449367D+01  0.0000000D+00
  0.3066654D+01  0.2037615D+01  0.6579947D+00  0.0000000D+00
 -0.1461322D+01 -0.1626620D+01  0.3204669D+01  0.0000000D+00
  0.2554189D+02  0.4611467D+00  0.6559024D+00  0.0000000D+00
  0.1938886D+02 -0.2221608D+01  0.7882150D-01  0.0000000D+00
  0.1233159D+01  0.1061282D+00 -0.1047605D+01  0.0000000D+00
  0.3868405D+01 -0.9122418D+00 -0.9103177D+00  0.0000000D+00
  0.2454754D+00  0.1578578D+01 -0.1095940D+01  0.0000000D+00
 -0.1843393D+01  0.3025827D+01 -0.1203200D+01  0.0000000D+00
  0.6193614D+01 -0.4793130D+00 -0.1594516D+00  0.0000000D+00
  0.3860980D+01 -0.3509248D+01  0.1611767D+01  0.0000000D+00
  0.1092551D+02  0.7072819D+00  0.2811193D+00  0.0000000D+00
  0.1647069D+01 -0.6784446D+00 -0.1713240D+00  0.0000000D+00
 -0.7332472D+01  0.5044570D+00  0.4337680D+00  0.0000000D+00
  0.1188963D+01 -0.3230010D+01  0.1677515D+00  0.0000000D+00
 -0.4409357D+01 -0.1251932D+01 -0.6335293D+00  0.0000000D+00
 -0.9848506D+01 -0.1216488D+01  0.1595423D+01  0.0000000D+00
 -0.9779903D+01 -0.1797554D+01  0.4496958D+00  0.0000000D+00
 -0.4507212D+01  0.5450214D-01 -0.2958497D+00  0.0000000D+00
 -0.1419281D+01  0.1132277D+01 -0.7450952D+00  0.0000000D+00
 -0.6455664D+01 -0.3478242D+00 -0.2473776D+00  0.0000000D+00
 -0.5507868D+01  0.6147805D-01 -0.4596765D-01  0.0000000D+00
 -0.6489059D+01  0.1176352D+00 -0.3613207D+00  0.0000000D+00
  0.4343836D+01 -0.8483571D+00 -0.1006507D-01  0.0000000D+00
 -0.4304135D+01  0.5531035D+00 -0.6058432D+00  0.0000000D+00
  0.2502980D+01 -0.1456942D+01  0.5925849D+00  0.0000000D+00
  0.4771811D+01  0.5849443D+00 -0.3202739D+00  0.0000000D+00
  0.2167222D+01  0.8549368D+00 -0.2080720D+00  0.0000000D+00
  0.3056632D+01  0.5086829D+00 -0.2084610D+00  0.0000000D+00
  0.3757001D+01  0.1015899D+01 -0.1633034D+00  0.0000000D+00
  0.4177260D+01  0.1309019D+01 -0.1368016D+00  0.0000000D+00
 -0.4645678D+01 -0.6432459D+00 -0.5632029D+00  0.0000000D+00
 -0.6733994D+01 -0.4564181D+00 -0.3641320D+00  0.0000000D+00
 -0.4631688D+01  0.3333486D+00 -0.1094899D-02  0.0000000D+00
 -0.5718647D+00 -0.8914164D-01 -0.2435175D+00  0.0000000D+00
 -0.1785576D+01  0.4164521D+00  0.5590697D-01  0.0000000D+00
  0.2392199D+01 -0.1464241D+00 -0.2322653D+00  0.0000000D+00
 -0.3503013D+01  0.1623316D+01  0.6197666D+00  0.0000000D+00
 -0.5800018D+01 -0.8535651D+00  0.4972136D-01  0.0000000D+00
 -0.6010490D+01 -0.1807636D+00 -0.2497018D-01  0.0000000D+00
 -0.3553597D+01  0.1935165D+00  0.5503103D-01  0.0000000D+00
 -0.2117955D+01  0.4204047D+00  0.1010923D+00  0.0000000D+00
  0.9366802D+00 -0.1667896D+00 -0.1478593D+00  0.0000000D+00
  0.3114045D+01  0.1608177D+01 -0.1138221D+01  0.0000000D+00
 -0.9599361D+00  0.7862743D-01  0.2314899D-01  0.0000000D+00
 -0.1956632D+01 -0.2583631D+00  0.4212186D-01  0.0000000D+00
  0.2822527D+01 -0.3375669D+00  0.1591723D+00  0.0000000D+00
 -0.5502876D-01 -0.2624971D+00 -0.1951119D+00  0.0000000D+00
  0.9983966D+00  0.1638356D+01 -0.3759817D+00  0.0000000D+00
 -0.5031316D+01  0.7860918D+00  0.3224423D+00  0.0000000D+00
 -0.2374982D+01 -0.6370140D+00  0.1900995D+00  0.0000000D+00
 -0.1131804D+00 -0.3437784D+00  0.3332732D-01  0.0000000D+00
  0.1240270D+01 -0.1883332D+00 -0.5987219D-01  0.0000000D+00
  0.1913678D+01  0.3786202D+00 -0.2567756D+00  0.0000000D+00
  0.4612644D+01  0.1539026D+01 -0.3708214D+00  0.0000000D+00
 -0.6516844D+00  0.2510817D+00  0.9048968D-02  0.0000000D+00
 -0.1160707D+01 -0.1461873D+00  0.2644984D-02  0.0000000D+00
  0.8048956D+00  0.3125427D+00  0.5318734D-01  0.0000000D+00
  0.6807420D+00 -0.1036948D+01 -0.2017794D+00  0.0000000D+00
  0.2631181D+01 -0.2398988D+00  0.5092255D+00  0.0000000D+00
  0.4316847D+01  0.1768540D+00  0.1392806D+00  0.0000000D+00
  0.1353796D+01  0.3641934D+00 -0.2308266D+00  0.0000000D+00
 -0.4309606D+00  0.2096438D+00 -0.1481175D+00  0.0000000D+00
 -0.1507814D+01  0.1213284D+00 -0.1039159D+00  0.0000000D+00
  0.3086585D+01  0.3197911D+00  0.3376921D+00  0.0000000D+00
  0.3540288D+01 -0.3466949D+00  0.5363062D+00  0.0000000D+00
  0.2294926D+01  0.2396721D-01 -0.4788854D-01  0.0000000D+00
 -0.9304658D+00 -0.1167322D+00  0.7141498D-01  0.0000000D+00
  0.5342502D+00  0.7110584D-01 -0.1624617D+00  0.0000000D+00
 -0.5268662D+00  0.6258789D-01  0.3273484D+00  0.0000000D+00
 -0.3545665D+01 -0.9351842D+00 -0.5767105D-02  0.0000000D+00
 -0.3043047D+01 -0.1089262D-01  0.2740253D+00  0.0000000D+00
 -0.1920284D+01  0.7980893D+00  0.5664130D+00  0.0000000D+00
 -0.1006218D+01  0.4595155D+00  0.2831080D+00  0.0000000D+00
 -0.4587501D+00  0.2702560D+00  0.1205784D+00  0.0000000D+00
