  2  2   693 10944  4  4  9 11  7  1    0.00   24.00  100.00  600.00    0.00    6.28   45.00   45.00
  100.0  100.0  100.0  100.0  125.0  150.0  190.0  230.0  275.0  350.0  450.0  600.0  600.0  600.0  600.0
  0.1656437D+03  0.3608894D+02  0.2632271D+01  0.0000000D+00
  0.3005415D+03 -0.2893434D+02  0.1691138D+02  0.0000000D+00
  0.5175983D+03  0.8048442D+02  0.2294853D+02  0.0000000D+00
  0.7578503D+03 -0.4292299D+01  0.4158007D+02  0.0000000D+00
  0.9825356D+03  0.1826580D+03 -0.2129812D+02  0.0000000D+00
  0.9961441D+03  0.1674352D+03  0.1746964D+02  0.0000000D+00
  0.1098612D+04  0.2349880D+03  0.4827413D+02  0.0000000D+00
  0.1169347D+04  0.2725879D+03  0.2109410D+02  0.0000000D+00
  0.1141803D+04  0.9880289D+02  0.3002639D+01  0.0000000D+00
  0.1118334D+04  0.3522001D+02  0.3776147D+01  0.0000000D+00
  0.1104288D+04 -0.3949440D+01  0.4023697D+01  0.0000000D+00
 -0.3558663D+02  0.2632447D+02 -0.4158861D+01  0.0000000D+00
  0.8686104D+02 -0.3127328D+02  0.1519017D+02  0.0000000D+00
 -0.1835448D+02  0.7309107D+02 -0.3444765D+02  0.0000000D+00
  0.3735783D+02 -0.8080191D+02  0.1279679D+02  0.0000000D+00
 -0.1571369D+03  0.7855368D+01  0.3241110D+02  0.0000000D+00
 -0.5729251D+02 -0.1237619D+03 -0.3168342D+02  0.0000000D+00
 -0.1532699D+02  0.7311175D+02  0.2442137D+02  0.0000000D+00
 -0.2084527D+02 -0.1083927D+03 -0.1452219D+02  0.0000000D+00
 -0.1320820D+03 -0.1091962D+03 -0.1471980D+02  0.0000000D+00
 -0.9161968D+02 -0.9418744D+02 -0.1032511D+01  0.0000000D+00
 -0.6916297D+02 -0.8540193D+02  0.6976730D+01  0.0000000D+00
 -0.3538596D+01 -0.2861867D+02  0.7595514D+00  0.0000000D+00
 -0.3366259D+02  0.2973583D+02 -0.1327720D+02  0.0000000D+00
 -0.3803022D+02  0.4509190D+02  0.2135533D+02  0.0000000D+00
 -0.3476847D+01  0.1277925D+02 -0.9239334D+01  0.0000000D+00
 -0.1079637D+03  0.2055643D+02  0.2449239D+02  0.0000000D+00
 -0.9745106D+01 -0.2189055D+02 -0.1393128D+02  0.0000000D+00
 -0.2924143D+02  0.3759340D+02  0.1010632D+02  0.0000000D+00
  0.4906269D+02 -0.3349688D+02  0.2188643D+01  0.0000000D+00
  0.1109263D+03 -0.1080636D+03  0.2251420D+02  0.0000000D+00
  0.8959035D+02 -0.6406250D+02  0.3398202D+02  0.0000000D+00
  0.7778891D+02 -0.3914212D+02  0.4092424D+02  0.0000000D+00
  0.1628052D+02 -0.2525812D+00  0.1074449D+00  0.0000000D+00
 -0.7302762D+01  0.5585368D+00 -0.6699910D+00  0.0000000D+00
  0.6203305D+01 -0.5540613D+00  0.1128841D+01  0.0000000D+00
 -0.1170971D+02  0.1356625D+01 -0.1904454D+01  0.0000000D+00
  0.3185720D+02 -0.2943200D+01  0.3588155D+01  0.0000000D+00
 -0.1275990D+02  0.4824057D+01 -0.6561232D+01  0.0000000D+00
  0.4365653D+02  0.1291552D+02  0.9162271D+01  0.0000000D+00
 -0.4296702D+02  0.2181232D+02 -0.2738076D+02  0.0000000D+00
  0.2032691D+02 -0.6999219D+01 -0.2047504D+02  0.0000000D+00
  0.7421776D+02 -0.1609777D+02  0.1891815D+01  0.0000000D+00
  0.1064688D+03 -0.2173792D+02  0.1506090D+02  0.0000000D+00
 -0.5170373D+01  0.1933366D+00 -0.1063309D+00  0.0000000D+00
  0.1744088D+01 -0.2849388D+00  0.6122819D+00  0.0000000D+00
 -0.1539141D+00  0.2039868D+00 -0.1050529D+01  0.0000000D+00
  0.4859481D+01 -0.7193926D+00  0.1885881D+01  0.0000000D+00
 -0.3866950D+01  0.1233620D+01 -0.3852369D+01  0.0000000D+00
  0.7215107D+01 -0.3633228D+01  0.9842117D+01  0.0000000D+00
  0.1810114D+02 -0.2213397D+02 -0.3176339D+00  0.0000000D+00
  0.6339391D+02 -0.5435442D+01  0.1838192D+02  0.0000000D+00
  0.7709204D+02  0.1618350D+02  0.3397931D+02  0.0000000D+00
  0.4047275D+02  0.8612298D+01  0.1699069D+02  0.0000000D+00
  0.1918086D+02  0.4421022D+01  0.7220195D+01  0.0000000D+00
 -0.4707594D+01  0.4260905D-01  0.2188908D-01  0.0000000D+00
  0.5772083D+01 -0.6867079D+00 -0.9420423D-01  0.0000000D+00
 -0.6899147D+01  0.1443910D+01  0.1651079D+00  0.0000000D+00
  0.9781673D+01 -0.2302893D+01 -0.6988940D-01  0.0000000D+00
 -0.8130394D+01  0.5678882D+01 -0.2624117D+00  0.0000000D+00
  0.1967266D+01 -0.1028641D+02  0.2390653D+01  0.0000000D+00
  0.1804598D+02 -0.4219908D+00  0.5816437D+01  0.0000000D+00
 -0.1031550D+02  0.7359644D+01 -0.3609985D+01  0.0000000D+00
 -0.8311134D+01  0.1055473D+02 -0.4987241D+01  0.0000000D+00
 -0.2439760D+02  0.9035125D+01 -0.1332705D+02  0.0000000D+00
 -0.3379476D+02  0.8186037D+01 -0.1822731D+02  0.0000000D+00
  0.1570623D+01  0.9458219D-01  0.5959610D-02  0.0000000D+00
  0.1104764D+01 -0.7294184D-02 -0.1370643D+00  0.0000000D+00
 -0.3098042D+01 -0.2378295D+00  0.1510403D+00  0.0000000D+00
 -0.3466454D+01  0.4781421D+00 -0.5093268D+00  0.0000000D+00
  0.7570651D+01 -0.1236434D+01  0.1072081D+01  0.0000000D+00
 -0.1695042D+02  0.3198184D+01 -0.3752485D+01  0.0000000D+00
 -0.7245734D+01  0.6451482D+01 -0.4036728D+01  0.0000000D+00
 -0.2309908D+00 -0.2306132D+02  0.3040859D+01  0.0000000D+00
 -0.3166748D+01  0.1172547D+02  0.1881321D+02  0.0000000D+00
  0.1406153D+02  0.9919196D+01  0.1314641D+02  0.0000000D+00
  0.2411892D+02  0.9250593D+01  0.1000438D+02  0.0000000D+00
 -0.1038705D+01 -0.2045237D+00  0.3473852D-01  0.0000000D+00
 -0.2714789D+01  0.4927883D+00 -0.1793105D+00  0.0000000D+00
  0.3457851D+01 -0.3632246D+00  0.4230748D+00  0.0000000D+00
 -0.4992304D+01  0.9431554D+00 -0.4836525D+00  0.0000000D+00
 -0.1655922D+01 -0.9177809D+00  0.1053412D+01  0.0000000D+00
 -0.5725201D+01  0.3190952D+01 -0.3092349D+01  0.0000000D+00
 -0.1049015D+02  0.9922433D+01 -0.1642737D+01  0.0000000D+00
  0.1947577D+01  0.1084871D+02  0.3773915D+01  0.0000000D+00
  0.7780322D+00  0.1331117D+01  0.5418914D+01  0.0000000D+00
 -0.5764613D+01 -0.1799347D+01  0.7804852D+01  0.0000000D+00
 -0.9605073D+01 -0.3738869D+01  0.9221403D+01  0.0000000D+00
  0.5814194D+00  0.9883977D-01  0.1481559D-01  0.0000000D+00
 -0.1613745D+01 -0.4359805D+00 -0.1969206D-01  0.0000000D+00
  0.2249966D+01  0.4604943D+00  0.1533221D-01  0.0000000D+00
  0.2848633D+00 -0.8999654D+00 -0.2335119D+00  0.0000000D+00
 -0.4963344D+01  0.1659019D+01  0.5214826D+00  0.0000000D+00
  0.1364394D+02 -0.2908882D+01 -0.1064500D+01  0.0000000D+00
 -0.8095258D+01  0.1133964D+02  0.1729719D+01  0.0000000D+00
  0.5294587D+01 -0.5055966D+01 -0.3647779D+01  0.0000000D+00
  0.8700051D+01 -0.4888879D+00  0.2141113D+01  0.0000000D+00
 -0.3283763D+01 -0.7538313D+00  0.9274924D+01  0.0000000D+00
 -0.1025666D+02 -0.8586313D+00  0.1351586D+02  0.0000000D+00
  0.9430562D+00 -0.2068959D+02  0.2133624D+02  0.0000000D+00
 -0.9989584D+02 -0.2155115D+02 -0.2813022D+02  0.0000000D+00
  0.4978955D+02 -0.3202403D+02 -0.6486697D+01  0.0000000D+00
 -0.6330112D+02  0.4515195D+02  0.2084743D+02  0.0000000D+00
 -0.6761168D+02 -0.5797270D+01  0.2788638D+01  0.0000000D+00
 -0.7303426D+02 -0.4579364D+01  0.8935016D+01  0.0000000D+00
 -0.1351497D+03  0.1240906D+02 -0.8313394D+01  0.0000000D+00
 -0.5776977D+02 -0.8770388D+02 -0.9964030D-01  0.0000000D+00
 -0.1583011D+03 -0.1025312D+02  0.2152595D+02  0.0000000D+00
 -0.2113065D+03 -0.6355402D+01  0.3899575D+02  0.0000000D+00
 -0.2434766D+03 -0.3216074D+01  0.4946788D+02  0.0000000D+00
  0.8570108D+02 -0.1877245D+02  0.3002768D+02  0.0000000D+00
 -0.5580005D+02 -0.2366659D-01 -0.3674031D+02  0.0000000D+00
  0.5431073D+02  0.2283903D+01 -0.6179892D+01  0.0000000D+00
  0.2953963D+02  0.8416672D+02  0.1670538D+02  0.0000000D+00
  0.5633234D+02  0.1779932D+02 -0.6355650D+01  0.0000000D+00
 -0.7709791D+01 -0.3124909D+02 -0.5851947D+01  0.0000000D+00
 -0.3767362D+02  0.6665522D+02  0.2750045D+01  0.0000000D+00
 -0.9662037D+01 -0.3453864D+02 -0.1055265D+02  0.0000000D+00
 -0.1288693D+01 -0.1143082D+02  0.1630435D+02  0.0000000D+00
 -0.4701795D+01  0.5640833D+02  0.3810721D+02  0.0000000D+00
 -0.6630607D+01  0.9639134D+02  0.5117641D+02  0.0000000D+00
 -0.3276005D+02  0.4241959D+02  0.6973687D+01  0.0000000D+00
  0.3967967D+02  0.6318090D+01 -0.8950897D+01  0.0000000D+00
 -0.5191406D+02  0.6233220D+01 -0.1006039D+02  0.0000000D+00
 -0.1671280D+02 -0.5000011D+02  0.2013254D+02  0.0000000D+00
 -0.3394379D+02 -0.5215033D+02  0.2481070D+01  0.0000000D+00
 -0.2336979D+02 -0.1836733D+02 -0.6090161D+01  0.0000000D+00
 -0.7214042D+02 -0.1579904D+00  0.9342975D-01  0.0000000D+00
 -0.7262312D+00 -0.4310966D+02 -0.7363602D+01  0.0000000D+00
  0.3174411D+02 -0.2860337D+02  0.2724684D+02  0.0000000D+00
 -0.1871989D+02 -0.8673322D+01  0.4505617D+02  0.0000000D+00
 -0.4788889D+02  0.3158279D+01  0.5587062D+02  0.0000000D+00
 -0.2951489D+02  0.1069269D+00  0.1106010D+00  0.0000000D+00
  0.5334705D+01  0.7673306D+00 -0.1659185D+00  0.0000000D+00
 -0.3661677D+01 -0.7096741D+00  0.6728537D-01  0.0000000D+00
 -0.3449041D+01  0.1374493D+01  0.8185579D-01  0.0000000D+00
  0.8030549D+01 -0.3934858D+01 -0.1036871D+00  0.0000000D+00
  0.1586413D+01  0.8325188D+01 -0.6855543D+00  0.0000000D+00
 -0.2544324D+02 -0.1988085D+02  0.3713941D+01  0.0000000D+00
  0.1736548D+02  0.4333707D+02 -0.7925567D+00  0.0000000D+00
  0.5631756D+02 -0.1510915D+02 -0.1697095D+01  0.0000000D+00
 -0.4706910D+01 -0.2498164D+02 -0.2895776D+02  0.0000000D+00
 -0.4000379D+02 -0.3140141D+02 -0.4492938D+02  0.0000000D+00
  0.8425913D+01 -0.1379820D+00 -0.5499165D-01  0.0000000D+00
 -0.1653549D+01 -0.3917472D-02  0.2511554D+00  0.0000000D+00
 -0.3730929D+01 -0.3571257D+00 -0.4931162D+00  0.0000000D+00
  0.3546676D+01  0.8365062D+00  0.6954354D+00  0.0000000D+00
 -0.9438828D+01 -0.7276897D+00 -0.1553235D+01  0.0000000D+00
  0.7419344D+01 -0.5614094D+01  0.4667140D+01  0.0000000D+00
 -0.1713230D+01 -0.1744164D+02 -0.1381776D+02  0.0000000D+00
 -0.4701668D+01 -0.2652720D+02 -0.9841365D+01  0.0000000D+00
 -0.3716598D+01 -0.3068650D+02  0.3112515D+01  0.0000000D+00
  0.1503767D+01 -0.8919158D+01  0.3591093D+01  0.0000000D+00
  0.4571760D+01  0.3790529D+01  0.4013011D+01  0.0000000D+00
  0.6172278D+01  0.3051426D+00 -0.1505264D+00  0.0000000D+00
 -0.3310358D+01 -0.4893383D-01  0.2314423D+00  0.0000000D+00
  0.2389719D+01  0.6305531D-02 -0.1034827D-01  0.0000000D+00
  0.6026076D+01 -0.6444573D+00 -0.1187939D+00  0.0000000D+00
 -0.1583867D+02 -0.9368620D-01  0.1162562D+00  0.0000000D+00
  0.1272050D+02 -0.1469674D+01  0.4947360D+00  0.0000000D+00
 -0.9758478D+01 -0.9550553D+00 -0.3352242D+01  0.0000000D+00
  0.7011718D+01  0.1277780D+02  0.1086988D+01  0.0000000D+00
 -0.2850064D+02  0.3520370D+01 -0.1419816D+01  0.0000000D+00
 -0.3172885D+02 -0.1533780D+02 -0.1581412D+02  0.0000000D+00
 -0.3400875D+02 -0.2648686D+02 -0.2427020D+02  0.0000000D+00
 -0.8465630D+00 -0.4060217D+00  0.2683597D-01  0.0000000D+00
 -0.1100184D+00  0.4438291D+00 -0.2004763D+00  0.0000000D+00
  0.4414786D+01 -0.1214200D+01  0.5451016D+00  0.0000000D+00
 -0.2717038D+01  0.2048110D+01 -0.6872686D+00  0.0000000D+00
  0.9078262D+01 -0.3656400D+01  0.1040806D+01  0.0000000D+00
  0.1014777D+01  0.1095853D+02 -0.2109990D+01  0.0000000D+00
  0.2967886D+02 -0.2373183D+02  0.2583126D+01  0.0000000D+00
 -0.6621345D+01 -0.8949810D+01 -0.1534676D+02  0.0000000D+00
 -0.2076269D+02  0.9292658D-01 -0.3274539D+01  0.0000000D+00
  0.9764799D+01  0.7728918D+01  0.1400666D+02  0.0000000D+00
  0.2748149D+02  0.1230708D+02  0.2426058D+02  0.0000000D+00
  0.2773601D+01  0.3170126D+00 -0.2909400D-01  0.0000000D+00
  0.3255534D+01 -0.1141060D+01 -0.8901799D-02  0.0000000D+00
 -0.2694972D+01  0.1560800D+01 -0.6189400D-01  0.0000000D+00
 -0.9303661D+00 -0.3016155D+01  0.2121968D+00  0.0000000D+00
  0.1607405D+01  0.4853589D+01 -0.1206936D+00  0.0000000D+00
  0.9240596D+01 -0.8752622D+01  0.3246543D+00  0.0000000D+00
  0.2453786D+01  0.1763825D+02  0.1731183D+01  0.0000000D+00
  0.6374289D+00 -0.6341036D+01  0.1418578D+01  0.0000000D+00
  0.2820797D+02 -0.1466628D+01  0.2487819D+01  0.0000000D+00
  0.4201551D+01  0.4223187D+01 -0.1418618D+01  0.0000000D+00
 -0.9540656D+01  0.7603418D+01 -0.3693055D+01  0.0000000D+00
 -0.2178741D+01 -0.1950093D+00 -0.9706790D-02  0.0000000D+00
 -0.4777808D+01  0.2807601D+00 -0.1587582D+00  0.0000000D+00
  0.8388521D+01 -0.4784195D+00  0.3798922D+00  0.0000000D+00
 -0.9367251D+01  0.8716748D+00 -0.9071918D+00  0.0000000D+00
  0.4776745D+01 -0.2002050D+01  0.1610911D+01  0.0000000D+00
 -0.2149829D+02  0.4131378D+01 -0.3360038D+01  0.0000000D+00
 -0.1239034D+02 -0.6975656D+01  0.8927528D+01  0.0000000D+00
 -0.3765091D+01  0.9355305D+00 -0.6967374D+01  0.0000000D+00
  0.8236991D+01  0.8973654D+01  0.1148507D+01  0.0000000D+00
 -0.1251085D+01 -0.2518917D+01  0.4441526D+01  0.0000000D+00
 -0.6671794D+01 -0.9155901D+01  0.6460083D+01  0.0000000D+00
  0.1417890D+02 -0.3787074D+02 -0.1036124D+01  0.0000000D+00
 -0.6231368D+02  0.2642796D+02  0.1093081D+01  0.0000000D+00
  0.7379185D+02  0.3704542D+02  0.1622234D+02  0.0000000D+00
 -0.7274340D+02 -0.7525533D+02 -0.3271707D+02  0.0000000D+00
  0.5998361D+01 -0.2818458D+02  0.3497150D+01  0.0000000D+00
 -0.9443606D+01 -0.3548172D+02 -0.1702324D+02  0.0000000D+00
  0.3119662D+02  0.4617307D+02  0.4576767D+01  0.0000000D+00
 -0.2321256D+02  0.6804094D+01 -0.9248623D+01  0.0000000D+00
 -0.3812394D+02  0.4823677D+01 -0.4201117D+02  0.0000000D+00
 -0.5896157D+01 -0.2576834D+02 -0.2060683D+02  0.0000000D+00
  0.1279787D+02 -0.4371993D+02 -0.8432547D+01  0.0000000D+00
  0.1757708D+02 -0.2025004D+02  0.6316729D+01  0.0000000D+00
 -0.6274991D+02 -0.5921455D+02 -0.1581867D+00  0.0000000D+00
  0.9659020D+02  0.1589698D+03  0.1744454D+02  0.0000000D+00
 -0.6995657D+02 -0.1683121D+03 -0.5276635D+01  0.0000000D+00
  0.7532412D+01  0.4858409D+02  0.1233359D+02  0.0000000D+00
 -0.2813655D+02 -0.3829740D+02  0.4352701D+01  0.0000000D+00
  0.1212478D+02 -0.2636292D+02 -0.4344878D+01  0.0000000D+00
 -0.2953312D+02  0.7868480D+01 -0.2347483D+02  0.0000000D+00
 -0.4660321D+02  0.3758585D+02 -0.3923281D+02  0.0000000D+00
 -0.9597635D+02  0.2818836D+02 -0.1193460D+02  0.0000000D+00
 -0.1250922D+03  0.2300376D+02  0.3873731D+01  0.0000000D+00
  0.1002432D+02 -0.1977097D+02  0.2407475D+00  0.0000000D+00
  0.1652997D+02  0.6371521D+01  0.9899272D+01  0.0000000D+00
 -0.4721437D+02  0.3852982D+02  0.5767857D+01  0.0000000D+00
  0.2406720D+02 -0.6236740D+02  0.3006982D+01  0.0000000D+00
  0.3405856D+02  0.7570842D+02  0.2084713D+02  0.0000000D+00
 -0.2601726D+02 -0.9973981D+02  0.1646512D+02  0.0000000D+00
 -0.3010892D+02 -0.4340330D+02 -0.2429416D+02  0.0000000D+00
 -0.1026525D+02 -0.2601568D+02  0.2287031D+02  0.0000000D+00
  0.5718564D+02 -0.2798670D+02  0.4392328D+02  0.0000000D+00
  0.6101260D+02 -0.6491333D+02  0.1494268D+02  0.0000000D+00
  0.6401329D+02 -0.8656448D+02 -0.1785099D+01  0.0000000D+00
  0.8110416D+00 -0.1043788D+00  0.1188420D+00  0.0000000D+00
  0.2227154D+01 -0.4026605D+00 -0.4833018D+00  0.0000000D+00
 -0.3372129D+01  0.1051685D+01  0.9226538D+00  0.0000000D+00
  0.4866749D+01 -0.2100629D+01 -0.1207156D+01  0.0000000D+00
 -0.1455198D+02  0.4153433D+01  0.2157077D+01  0.0000000D+00
 -0.1983022D+02 -0.1665472D+02 -0.1645085D+01  0.0000000D+00
 -0.4058252D+02 -0.2800825D+02  0.4605121D+01  0.0000000D+00
 -0.2934002D+02 -0.2496920D+02 -0.1784531D+02  0.0000000D+00
 -0.4759425D+02 -0.1061934D+02 -0.1025713D+02  0.0000000D+00
 -0.6530888D+02 -0.3249488D+01 -0.1759571D+01  0.0000000D+00
 -0.7588786D+02  0.1229035D+01  0.3296888D+01  0.0000000D+00
 -0.2687692D+01 -0.1774915D+00 -0.2184355D+00  0.0000000D+00
  0.1783764D+01  0.1398855D+01  0.1094041D+01  0.0000000D+00
 -0.2061718D+01 -0.2887663D+01 -0.1914813D+01  0.0000000D+00
 -0.1213266D+01  0.4829803D+01  0.3083319D+01  0.0000000D+00
 -0.1093498D+02 -0.9525692D+01 -0.5467592D+01  0.0000000D+00
  0.6202314D+01  0.1827988D+02  0.5721565D+01  0.0000000D+00
 -0.2059838D+02 -0.2556382D+02 -0.3892981D+02  0.0000000D+00
  0.2535902D+02 -0.4508884D+01  0.1794199D+02  0.0000000D+00
  0.1247358D+02  0.8494272D+01  0.2344192D+02  0.0000000D+00
 -0.6166618D+01  0.4389200D+02 -0.1270216D+02  0.0000000D+00
 -0.1722148D+02  0.6475404D+02 -0.3379751D+02  0.0000000D+00
 -0.5128006D+00  0.7163855D-01  0.5935560D-01  0.0000000D+00
 -0.1554570D+01  0.6510971D+00 -0.4572249D+00  0.0000000D+00
  0.2936253D+01 -0.1490813D+01  0.6294760D+00  0.0000000D+00
 -0.4887539D+01  0.2180032D+01 -0.1476738D+01  0.0000000D+00
  0.6215482D+01 -0.4498667D+01  0.3194868D+01  0.0000000D+00
  0.2876110D+01  0.1848289D+02 -0.9369231D+01  0.0000000D+00
  0.1227767D+02  0.2907596D+02  0.1088629D+02  0.0000000D+00
  0.9242278D+01 -0.4518741D+02 -0.9184281D+01  0.0000000D+00
  0.5462913D+01  0.1109381D+02 -0.1541982D+01  0.0000000D+00
  0.1668928D+02  0.1722905D+02  0.2231653D+02  0.0000000D+00
  0.2322251D+02  0.2144818D+02  0.3637402D+02  0.0000000D+00
  0.8624886D+00  0.2623889D-01 -0.1838365D+00  0.0000000D+00
 -0.4418642D+01 -0.4248071D+00  0.1104489D+01  0.0000000D+00
  0.2973241D+01  0.6643354D+00 -0.2334375D+01  0.0000000D+00
  0.4391026D+01 -0.7015145D+00  0.3800658D+01  0.0000000D+00
 -0.2866291D+00 -0.4231684D+00 -0.6987047D+01  0.0000000D+00
  0.1714733D+02  0.3129853D+01  0.1327457D+02  0.0000000D+00
  0.6413446D+00  0.8523929D+01 -0.1853517D+02  0.0000000D+00
  0.1167929D+02 -0.4943973D+01  0.1591493D+02  0.0000000D+00
  0.1902803D+02  0.3558684D+01  0.1470623D+02  0.0000000D+00
  0.3218771D+02 -0.5292178D+01  0.5308768D+01  0.0000000D+00
  0.3996573D+02 -0.1037987D+02 -0.2028964D+00  0.0000000D+00
  0.7216945D+00 -0.4183943D-01 -0.1140050D+00  0.0000000D+00
  0.2908318D+00 -0.6960158D-01  0.4420660D+00  0.0000000D+00
 -0.1067968D+01  0.2087949D+00 -0.4572419D+00  0.0000000D+00
  0.3418677D+01 -0.1470151D+00  0.9745054D+00  0.0000000D+00
 -0.3166825D+01  0.1554579D+01 -0.1974422D+01  0.0000000D+00
  0.8076471D+01 -0.7714659D+01  0.5478355D+01  0.0000000D+00
 -0.1178606D+02 -0.9583172D+01  0.5746316D+00  0.0000000D+00
  0.8387469D+01 -0.3883079D+00  0.1058254D+02  0.0000000D+00
  0.1444406D+02  0.1515195D+02  0.1420819D+02  0.0000000D+00
 -0.6350444D+00  0.1696403D+01  0.1452154D+02  0.0000000D+00
 -0.9393923D+01 -0.6004909D+01  0.1474726D+02  0.0000000D+00
 -0.8536280D-01  0.2260253D+00 -0.8753983D-01  0.0000000D+00
  0.2696624D+01 -0.6059076D+00  0.3088879D+00  0.0000000D+00
 -0.8375123D+00  0.1097430D+01 -0.7477592D+00  0.0000000D+00
 -0.1718962D+01 -0.1769474D+01  0.1138274D+01  0.0000000D+00
 -0.3615663D+01  0.4221101D+01 -0.2071293D+01  0.0000000D+00
 -0.9861180D+00 -0.1162778D+02  0.4563820D+01  0.0000000D+00
 -0.2178257D+02  0.7953091D+01 -0.1079738D+02  0.0000000D+00
 -0.1587946D+02 -0.6135965D+01  0.9722071D+01  0.0000000D+00
  0.1310380D+02  0.2301718D+01  0.6488093D+01  0.0000000D+00
  0.1967524D+02  0.2991076D+01 -0.8118184D+01  0.0000000D+00
  0.2384227D+02  0.3489770D+01 -0.1670605D+02  0.0000000D+00
  0.1969358D+02 -0.3189114D+01 -0.4919854D+00  0.0000000D+00
  0.6250466D+02  0.2207560D+01  0.1178426D+02  0.0000000D+00
 -0.2625178D+02 -0.2851916D+02 -0.1119900D+02  0.0000000D+00
  0.3976459D+02  0.5116761D+02 -0.2794194D+01  0.0000000D+00
  0.1424017D+02 -0.1557112D+02  0.2647372D+01  0.0000000D+00
  0.3959740D+02  0.7738979D+01 -0.1223416D+01  0.0000000D+00
  0.2629870D+02  0.4747224D+01 -0.1330875D+01  0.0000000D+00
  0.8603754D+00  0.7533552D+01  0.4080207D+01  0.0000000D+00
 -0.3816699D+01 -0.2006548D+02  0.3794855D+01  0.0000000D+00
  0.1834478D+02 -0.6044081D+01 -0.2274843D+01  0.0000000D+00
  0.3127012D+02  0.1859231D+01 -0.5830293D+01  0.0000000D+00
 -0.3751665D+02  0.4364069D+01  0.1978546D+01  0.0000000D+00
  0.5657607D+02 -0.8511336D+01  0.1318954D+02  0.0000000D+00
 -0.5703076D+02 -0.2997248D+02 -0.1062292D+02  0.0000000D+00
  0.4779175D+02  0.3178111D+02 -0.1430634D+01  0.0000000D+00
  0.1573082D+02 -0.1420646D+02 -0.4865204D+01  0.0000000D+00
  0.1367224D+02  0.1447690D+02  0.8887631D+01  0.0000000D+00
  0.7889165D+01  0.1508028D+02 -0.1117954D+02  0.0000000D+00
  0.4957690D+01 -0.1366077D+02  0.1065418D+02  0.0000000D+00
  0.3475037D+02 -0.9886640D+01  0.6154854D+01  0.0000000D+00
  0.3145790D+02  0.2239636D+02 -0.1141825D+01  0.0000000D+00
  0.2986512D+02  0.4134342D+02 -0.5459673D+01  0.0000000D+00
 -0.7149540D+01  0.1351186D+02  0.1918686D+01  0.0000000D+00
 -0.2741582D+02 -0.1373907D+00  0.5574508D+01  0.0000000D+00
  0.3161669D+02 -0.1998656D+01 -0.9268084D+01  0.0000000D+00
 -0.5118053D+02  0.2400980D+01  0.1143334D+02  0.0000000D+00
  0.1366469D+02  0.1385254D+02 -0.1577485D+02  0.0000000D+00
  0.2590538D+02  0.1721692D+02  0.2487469D+01  0.0000000D+00
  0.2357168D+02  0.2556606D+02  0.3076121D+01  0.0000000D+00
 -0.9727482D+01  0.5254790D+01 -0.6483489D+01  0.0000000D+00
 -0.8443760D+01 -0.2070802D+01 -0.1974229D+02  0.0000000D+00
 -0.9707765D+01  0.1428274D+02 -0.1312044D+02  0.0000000D+00
 -0.1043273D+02  0.2377728D+02 -0.9391726D+01  0.0000000D+00
  0.2565937D+02  0.2312359D+00 -0.5968888D-01  0.0000000D+00
 -0.4739071D+01  0.3551824D-01  0.3661031D+00  0.0000000D+00
  0.4285831D+01 -0.3569444D+00 -0.2714166D+00  0.0000000D+00
 -0.5122163D+01  0.2532160D+00  0.4736634D+00  0.0000000D+00
 -0.5561501D+01 -0.6999366D+00 -0.1304820D+01  0.0000000D+00
  0.1720001D+02  0.3427491D+00  0.2407620D+01  0.0000000D+00
 -0.6405172D+01  0.7749219D-01 -0.6438216D+01  0.0000000D+00
  0.1197812D+02 -0.3018694D+01  0.6523028D+01  0.0000000D+00
  0.1260381D+02 -0.7184480D+01  0.4007581D+01  0.0000000D+00
  0.1724210D+02 -0.1495693D+01  0.2905545D+01  0.0000000D+00
  0.1996808D+02  0.1787019D+01  0.2235101D+01  0.0000000D+00
 -0.6157252D+01 -0.8145400D-01  0.7362681D-01  0.0000000D+00
 -0.1512682D+01 -0.4669150D+00 -0.3604222D+00  0.0000000D+00
 -0.1296332D+01  0.1085398D+01  0.5547269D+00  0.0000000D+00
 -0.4102841D+01 -0.1699708D+01 -0.1009051D+01  0.0000000D+00
  0.7747608D+01  0.1573064D+01  0.1865697D+01  0.0000000D+00
  0.6548349D+00  0.1520317D+01 -0.3999335D+01  0.0000000D+00
 -0.7406187D+01  0.2285809D+02  0.6389329D+01  0.0000000D+00
 -0.1399022D+02 -0.1611359D+02 -0.4659669D+01  0.0000000D+00
  0.1635584D+02 -0.1432156D+02 -0.2488101D+01  0.0000000D+00
  0.1198857D+02 -0.7772674D+01 -0.1114554D+02  0.0000000D+00
  0.9765886D+01 -0.3917981D+01 -0.1618971D+02  0.0000000D+00
 -0.5259601D+01 -0.2273907D+00  0.5119556D-01  0.0000000D+00
  0.2719933D+01  0.4034467D+00 -0.1779648D+00  0.0000000D+00
 -0.4995203D+01 -0.5094893D+00  0.6054779D-01  0.0000000D+00
  0.8635912D+01  0.1272957D+01  0.3485982D-01  0.0000000D+00
  0.3349304D+01 -0.2643229D+01  0.2737739D+00  0.0000000D+00
 -0.1002545D+02  0.6076046D+01 -0.8985090D+00  0.0000000D+00
 -0.6739962D+01 -0.1344444D+02  0.2042678D+01  0.0000000D+00
  0.6725385D+01  0.5497208D+01 -0.3698240D+00  0.0000000D+00
 -0.9089495D+01  0.3840504D+00 -0.5577049D+00  0.0000000D+00
 -0.3923842D+00 -0.8073404D+01  0.5654982D+01  0.0000000D+00
  0.4522992D+01 -0.1308184D+02  0.9292731D+01  0.0000000D+00
  0.8453333D+00  0.1284221D+00 -0.2180025D-01  0.0000000D+00
  0.3403975D+01 -0.9168619D+00  0.5946109D-01  0.0000000D+00
  0.3742401D+01  0.1603869D+01  0.1617793D+00  0.0000000D+00
  0.3325083D+01 -0.2829606D+01 -0.5070511D-01  0.0000000D+00
  0.3970398D+01  0.5131703D+01 -0.2852144D+00  0.0000000D+00
 -0.3180298D+01 -0.1209458D+02  0.8332394D+00  0.0000000D+00
 -0.2128073D+02  0.1200314D+02  0.1284493D+01  0.0000000D+00
 -0.6736853D+01 -0.1941342D+01 -0.6129025D+01  0.0000000D+00
  0.5468909D+01 -0.1314010D+02  0.7506285D-01  0.0000000D+00
  0.1311078D+02 -0.1146521D+02 -0.5995245D+01  0.0000000D+00
  0.1771521D+02 -0.1060841D+02 -0.9479817D+01  0.0000000D+00
 -0.3899556D+01  0.8005791D-01  0.2199579D-01  0.0000000D+00
  0.1526711D+01  0.2636593D+00 -0.1479388D+00  0.0000000D+00
 -0.3025203D+01 -0.1039504D+00  0.5510830D-01  0.0000000D+00
  0.1792470D+01  0.1337226D+00 -0.2441015D+00  0.0000000D+00
 -0.8970446D+01 -0.1453647D+00  0.6452528D+00  0.0000000D+00
  0.3954872D+01  0.1235052D+01 -0.1339222D+01  0.0000000D+00
 -0.2233015D+02 -0.6080139D+01  0.3285486D+01  0.0000000D+00
  0.4535285D+00  0.1610058D+01 -0.4984723D+01  0.0000000D+00
  0.2291300D+02  0.1312557D+01 -0.1840906D+00  0.0000000D+00
  0.1886388D+02  0.6474532D+00  0.3921001D+01  0.0000000D+00
  0.1674593D+02  0.2522933D+00  0.6378685D+01  0.0000000D+00
  0.2679613D+01 -0.5022471D-01 -0.3243352D-01  0.0000000D+00
 -0.1531865D+01  0.3858961D+00  0.6123158D-01  0.0000000D+00
 -0.2533991D+01 -0.8419862D+00 -0.2182808D+00  0.0000000D+00
 -0.9868178D+00  0.1635585D+01  0.2043884D+00  0.0000000D+00
 -0.8430253D+01 -0.2106391D+01 -0.4035910D+00  0.0000000D+00
  0.2461367D+02  0.4126638D+01  0.8791592D+00  0.0000000D+00
 -0.7591155D+01 -0.7511435D+01 -0.3234948D+01  0.0000000D+00
  0.7062400D+01  0.2451790D+00  0.2165276D+00  0.0000000D+00
 -0.2203792D+02  0.1605442D+01  0.1342764D+01  0.0000000D+00
 -0.1450790D+02 -0.1318279D+00 -0.4033885D+01  0.0000000D+00
 -0.1042596D+02 -0.1129404D+01 -0.7168683D+01  0.0000000D+00
  0.2252376D+02 -0.1396442D+02 -0.4224619D+01  0.0000000D+00
  0.7590831D+01  0.4341393D+02  0.5655293D+01  0.0000000D+00
 -0.1116763D+02 -0.1834514D+02 -0.1028243D+02  0.0000000D+00
  0.1752878D+02  0.5686135D+02  0.9085005D+01  0.0000000D+00
  0.5030066D+02 -0.5588232D+01  0.2833469D+01  0.0000000D+00
  0.1582358D+02  0.5180304D+01 -0.8013138D+00  0.0000000D+00
  0.3462094D+02 -0.1229737D+02 -0.5669917D+01  0.0000000D+00
  0.1450344D+02 -0.2828586D+01  0.6749177D+01  0.0000000D+00
  0.8609757D+01 -0.1263847D+01  0.5642552D+01  0.0000000D+00
  0.5379211D+02 -0.7021019D+01  0.1017495D+00  0.0000000D+00
  0.8018107D+02 -0.1037840D+02 -0.3155224D+01  0.0000000D+00
  0.1654646D+02 -0.3779461D+01 -0.2039284D+01  0.0000000D+00
  0.4898029D+02  0.1655420D+02  0.3713926D+01  0.0000000D+00
 -0.4727753D+02  0.4189503D+01 -0.1570317D+02  0.0000000D+00
  0.7418768D+01  0.5483015D+02  0.1023330D+02  0.0000000D+00
  0.1124300D+02  0.4235506D+01  0.3321288D+01  0.0000000D+00
 -0.3900988D+01 -0.4796976D+01 -0.5508126D+01  0.0000000D+00
 -0.1458418D+02  0.2025901D+02 -0.1652337D+01  0.0000000D+00
  0.1541274D+02  0.3493939D+01  0.4863553D+01  0.0000000D+00
  0.6056947D+01  0.1991387D+02  0.6193311D+01  0.0000000D+00
  0.3096778D+02  0.2535351D+02  0.3709798D+01  0.0000000D+00
  0.4545806D+02  0.2871675D+02  0.2270761D+01  0.0000000D+00
 -0.1970892D+02  0.1494389D+02  0.2604696D+01  0.0000000D+00
  0.1710094D+01 -0.3845035D+02 -0.5711942D+01  0.0000000D+00
  0.4643011D+01  0.5855427D+01 -0.3027585D+01  0.0000000D+00
 -0.8660838D+01 -0.8528379D+01  0.4934137D+01  0.0000000D+00
 -0.3973521D+02  0.8151040D+01 -0.6147153D+01  0.0000000D+00
  0.1208362D+02  0.1634732D+02  0.6671688D+00  0.0000000D+00
  0.6385592D+01  0.1990715D+02  0.4650973D+00  0.0000000D+00
 -0.2601074D+02  0.1415103D+02  0.1635040D+01  0.0000000D+00
  0.1998486D+01 -0.7247354D+01  0.1029577D+02  0.0000000D+00
  0.2216838D+02  0.4856831D+01  0.5097785D+01  0.0000000D+00
  0.3428432D+02  0.1170802D+02  0.2150158D+01  0.0000000D+00
 -0.1303461D+01  0.8863568D-01  0.2303238D-01  0.0000000D+00
  0.2521176D-01 -0.7555073D+00 -0.4567965D-01  0.0000000D+00
  0.1227288D+01  0.7807770D+00  0.1200894D+00  0.0000000D+00
  0.1038817D+01 -0.3766533D+00 -0.1150813D+00  0.0000000D+00
 -0.4482850D+01  0.5247539D+00  0.1865346D+00  0.0000000D+00
  0.1434027D+02  0.2430773D+01 -0.2276540D+00  0.0000000D+00
  0.7783979D+01  0.1430481D+02  0.1217484D+01  0.0000000D+00
  0.3088017D+02  0.2811620D+01  0.8854171D+00  0.0000000D+00
  0.1940942D+02 -0.4115513D+01 -0.3568662D+01  0.0000000D+00
  0.2019092D+02  0.1657856D+02 -0.2553848D+01  0.0000000D+00
  0.2052471D+02  0.2861540D+02 -0.2008947D+01  0.0000000D+00
  0.4500992D+01 -0.1801758D-02 -0.5292475D-02  0.0000000D+00
 -0.3784670D+01  0.1624385D+00  0.4115521D-01  0.0000000D+00
  0.4093556D+01 -0.3069167D+00 -0.6167356D-01  0.0000000D+00
 -0.5567221D+01  0.3541117D+00  0.2320130D+00  0.0000000D+00
  0.6038476D+01 -0.7548876D+00 -0.4607576D+00  0.0000000D+00
 -0.1156864D+02  0.2554618D+01  0.1523963D+01  0.0000000D+00
  0.2071368D+02 -0.4549208D+01 -0.8418305D+00  0.0000000D+00
 -0.1223209D+02  0.1363421D+02 -0.4526853D+01  0.0000000D+00
 -0.2409148D+02  0.9169836D+01 -0.2496382D+01  0.0000000D+00
 -0.1217058D+02 -0.4944770D+01  0.5768118D+01  0.0000000D+00
 -0.5322985D+01 -0.1325753D+02  0.1062958D+02  0.0000000D+00
 -0.7335042D+00  0.2417454D+00  0.4225761D-01  0.0000000D+00
 -0.1950146D+00 -0.2546283D+00 -0.3833344D-01  0.0000000D+00
 -0.1319361D+01  0.2115537D-01  0.1070458D-01  0.0000000D+00
 -0.2467252D+01 -0.7643298D+00  0.1190770D+00  0.0000000D+00
  0.8607802D+01  0.6210602D+00 -0.4011537D-01  0.0000000D+00
 -0.7875308D+01 -0.4548749D+01  0.4712593D+00  0.0000000D+00
  0.1309243D+02 -0.4385301D+01  0.3306411D+00  0.0000000D+00
  0.1030883D+02  0.1145400D+00 -0.6924071D+00  0.0000000D+00
  0.7763664D+01 -0.5300028D+01 -0.2651006D+01  0.0000000D+00
  0.5649494D+01 -0.6337247D+01 -0.2161867D+01  0.0000000D+00
  0.4376424D+01 -0.7008652D+01 -0.1897748D+01  0.0000000D+00
  0.2972484D+00 -0.2689700D+00  0.7529873D-02  0.0000000D+00
  0.2542627D+01  0.9295934D+00 -0.5421085D-01  0.0000000D+00
 -0.2191930D+00 -0.9249446D+00  0.3071387D+00  0.0000000D+00
 -0.1807430D+01  0.1385455D+01 -0.5461605D+00  0.0000000D+00
  0.9040138D+01 -0.1456572D+01  0.9799902D+00  0.0000000D+00
 -0.3886654D+01 -0.3067516D+00 -0.1939276D+01  0.0000000D+00
  0.7518462D+01 -0.6519626D+01  0.1270339D+01  0.0000000D+00
  0.1129418D+02 -0.1045302D+01 -0.4572447D+01  0.0000000D+00
 -0.3091575D+01 -0.1862240D+01 -0.2013455D+01  0.0000000D+00
 -0.1558497D+02 -0.4337206D+01  0.1881229D+01  0.0000000D+00
 -0.2306208D+02 -0.5795268D+01  0.4190442D+01  0.0000000D+00
  0.4726235D+00 -0.1059033D+00 -0.3412089D-01  0.0000000D+00
  0.4507704D+00  0.5196051D+00  0.1571767D-01  0.0000000D+00
  0.2144685D+01 -0.7310842D+00  0.2218350D-01  0.0000000D+00
 -0.1671707D+01  0.3524968D+00 -0.5820111D-01  0.0000000D+00
 -0.1104300D+01 -0.1161907D+01 -0.1257766D+00  0.0000000D+00
  0.2905954D+01  0.2107598D+01 -0.6021000D+00  0.0000000D+00
  0.1246743D+00  0.2946322D+01 -0.3719397D+00  0.0000000D+00
  0.3947377D+01  0.7597366D+00  0.1106731D+01  0.0000000D+00
  0.1682164D+01  0.1822219D+01  0.3574679D+01  0.0000000D+00
  0.1850143D+01 -0.1520537D+01 -0.1560108D+01  0.0000000D+00
  0.1929620D+01 -0.3463549D+01 -0.4539524D+01  0.0000000D+00
 -0.7914473D+00 -0.9572386D-01  0.2261243D-01  0.0000000D+00
 -0.2709272D+00  0.3969518D-01 -0.5824132D-01  0.0000000D+00
 -0.2327610D+01  0.1634817D+00  0.1862417D+00  0.0000000D+00
  0.2072392D+01 -0.1646204D+00 -0.2574144D+00  0.0000000D+00
 -0.8456125D+01 -0.5611642D+00  0.6861698D+00  0.0000000D+00
  0.7034526D+01  0.2795464D+01 -0.1369468D+01  0.0000000D+00
  0.8650226D+01 -0.2740855D-01  0.4323680D+01  0.0000000D+00
  0.3370126D+00 -0.5335711D+01 -0.3461805D+01  0.0000000D+00
  0.3775806D+01  0.9050480D+01 -0.4179067D+01  0.0000000D+00
  0.3696213D+01  0.1255787D+02  0.1244356D+01  0.0000000D+00
  0.3688263D+01  0.1477197D+02  0.4412138D+01  0.0000000D+00
 -0.6457958D+01 -0.2754380D+00  0.5680791D+00  0.0000000D+00
 -0.2040903D+02  0.1692546D+02 -0.7149139D+01  0.0000000D+00
  0.2376814D+02  0.1114266D+02  0.3028459D+01  0.0000000D+00
 -0.3105699D+02 -0.3687051D+02 -0.4940725D+01  0.0000000D+00
 -0.9705241D+01  0.1789496D+02  0.3391666D+01  0.0000000D+00
 -0.2063455D+02 -0.3285461D+01 -0.2615815D+01  0.0000000D+00
  0.1298859D+02  0.2108311D+01  0.1800408D+01  0.0000000D+00
 -0.2108639D+02 -0.6372345D+00 -0.4272706D+01  0.0000000D+00
 -0.3161774D+02 -0.2389619D+01  0.5246539D+00  0.0000000D+00
 -0.4668014D+01 -0.3696020D+01  0.7606936D+01  0.0000000D+00
  0.1099030D+02 -0.4478539D+01  0.1180628D+02  0.0000000D+00
  0.4041164D+02 -0.2283246D+01  0.1334501D+01  0.0000000D+00
 -0.1099549D+02  0.2487610D+02 -0.8805923D+01  0.0000000D+00
  0.5130036D+02 -0.4586684D+01 -0.1433285D+00  0.0000000D+00
 -0.2354254D+02 -0.7421274D+01 -0.3619742D+01  0.0000000D+00
  0.2122714D+02 -0.6841935D+01 -0.4207549D+00  0.0000000D+00
 -0.1262473D+02 -0.1321798D+01 -0.2706742D+01  0.0000000D+00
  0.2476172D+02  0.1008926D+02  0.5423604D+01  0.0000000D+00
 -0.9161137D+01 -0.4951360D+01 -0.5923129D+01  0.0000000D+00
 -0.1556892D+02 -0.7621761D+01 -0.2945039D+00  0.0000000D+00
  0.4352188D+01 -0.1493112D+02  0.1024877D+02  0.0000000D+00
  0.1594473D+02 -0.1923662D+02  0.1648434D+02  0.0000000D+00
 -0.1869656D+02  0.1194701D+02 -0.1720348D+01  0.0000000D+00
  0.1287160D+02 -0.2543214D+02 -0.8035428D+01  0.0000000D+00
 -0.2835847D+02  0.5158129D+01  0.6177717D+01  0.0000000D+00
  0.2808528D+02  0.1345017D+02  0.2983055D+00  0.0000000D+00
 -0.1967773D+02 -0.5894675D+01 -0.4239005D+01  0.0000000D+00
  0.5268175D+01  0.1058954D+02  0.1884468D-01  0.0000000D+00
  0.8885814D+01 -0.4827782D+01  0.2807509D+01  0.0000000D+00
  0.1003320D+02  0.9171099D+01 -0.3329694D+01  0.0000000D+00
 -0.6367415D+01  0.2293195D+02 -0.1367948D+01  0.0000000D+00
 -0.5717962D+01 -0.7871917D+01 -0.1863348D+01  0.0000000D+00
 -0.5517543D+01 -0.2575640D+02 -0.2132959D+01  0.0000000D+00
 -0.2282062D+02  0.9152340D-02  0.3024167D-01  0.0000000D+00
  0.4921210D+01  0.1480700D+00 -0.1594660D+00  0.0000000D+00
 -0.6562526D+01 -0.4193539D+00  0.1453994D-01  0.0000000D+00
  0.5537107D+01  0.8800730D+00 -0.1651663D+00  0.0000000D+00
 -0.8213896D+01 -0.2271769D+01  0.9848546D-02  0.0000000D+00
 -0.4242353D+00  0.7396250D+01  0.8673936D-01  0.0000000D+00
  0.7813769D+01 -0.2013791D+01  0.2414570D+01  0.0000000D+00
 -0.5973826D+01  0.3578167D+01 -0.4342796D-01  0.0000000D+00
 -0.9585728D+01  0.8690932D+00  0.8137102D+00  0.0000000D+00
  0.7386914D+00 -0.4125756D+01 -0.1872186D+01  0.0000000D+00
  0.6739078D+01 -0.7079869D+01 -0.3435282D+01  0.0000000D+00
  0.5702329D+01  0.7492337D-01 -0.2805081D-01  0.0000000D+00
 -0.5669237D+00  0.7093535D-01  0.2349892D+00  0.0000000D+00
 -0.1190888D+01 -0.1602305D+00 -0.1846175D+00  0.0000000D+00
  0.4002871D+01 -0.1416374D+00  0.2614141D+00  0.0000000D+00
 -0.3892192D+01  0.8687582D+00 -0.6328357D+00  0.0000000D+00
  0.8024839D+01 -0.3472615D+01  0.1720080D+01  0.0000000D+00
  0.1484493D+02  0.2896193D+00  0.2664481D+00  0.0000000D+00
  0.4698552D+01  0.1448361D+01  0.3409711D+00  0.0000000D+00
  0.1664099D+01 -0.2501757D+01 -0.3221151D+01  0.0000000D+00
 -0.1016572D+01 -0.1679180D+01  0.4148485D+01  0.0000000D+00
 -0.2620249D+01 -0.1237870D+01  0.8424500D+01  0.0000000D+00
  0.5159005D+01  0.1828189D+00 -0.7578128D-03  0.0000000D+00
 -0.1569509D+01 -0.5590249D+00  0.1380305D-01  0.0000000D+00
  0.3095387D+01  0.3536452D+00 -0.2124280D-01  0.0000000D+00
 -0.6715478D+01 -0.6676779D+00  0.2987692D+00  0.0000000D+00
  0.6514567D+01  0.9334126D+00 -0.2810715D+00  0.0000000D+00
 -0.7405134D+01 -0.5983440D+01  0.2127091D+00  0.0000000D+00
  0.1052095D+02  0.3023489D+01 -0.1509387D+01  0.0000000D+00
  0.1109012D+01 -0.2749795D+01  0.6445401D+00  0.0000000D+00
 -0.1170187D+02  0.2393363D+01 -0.7825568D+00  0.0000000D+00
 -0.5081500D+01  0.5217006D+01 -0.2025661D+01  0.0000000D+00
 -0.1348865D+01  0.6928830D+01 -0.2769354D+01  0.0000000D+00
 -0.3295454D+01 -0.2726300D-01  0.3169923D-01  0.0000000D+00
  0.4467360D+01  0.3646515D+00 -0.1583862D+00  0.0000000D+00
 -0.2020102D+01 -0.3595104D+00  0.1544206D+00  0.0000000D+00
  0.1796371D+01  0.7711861D+00 -0.2216865D+00  0.0000000D+00
 -0.5032740D+01 -0.1368434D+01  0.3384661D+00  0.0000000D+00
  0.1040330D+02  0.2305046D+01 -0.7377988D+00  0.0000000D+00
  0.1913839D+02 -0.4224762D+01 -0.5143165D+00  0.0000000D+00
  0.3637521D+01 -0.2270027D+00  0.2154963D+01  0.0000000D+00
  0.8317731D+01 -0.3036001D+01 -0.4350554D-01  0.0000000D+00
 -0.6108724D+01 -0.9700404D+00  0.1350933D+01  0.0000000D+00
 -0.1449926D+02  0.2114085D+00  0.2142575D+01  0.0000000D+00
  0.2041311D+01  0.3808614D-01 -0.6842679D-01  0.0000000D+00
 -0.1187065D+00 -0.1565462D+00  0.1474226D+00  0.0000000D+00
  0.2718224D+01  0.1779517D+00 -0.2347911D-01  0.0000000D+00
  0.2564157D+00 -0.3203059D+00 -0.4929370D-01  0.0000000D+00
  0.1497485D+02  0.1682782D+01  0.2114995D+00  0.0000000D+00
 -0.5295500D+01 -0.4505858D+00  0.2372084D-01  0.0000000D+00
  0.1457998D+02  0.3013157D+01 -0.1089303D+00  0.0000000D+00
  0.6634666D+01  0.5116402D+01 -0.1312944D+01  0.0000000D+00
 -0.5150439D+01  0.5894968D+01 -0.2070919D+01  0.0000000D+00
 -0.9117333D+01  0.4901109D+01 -0.3087381D+01  0.0000000D+00
 -0.1156826D+02  0.4326712D+01 -0.3690610D+01  0.0000000D+00
 -0.1188536D+01 -0.1477324D+00 -0.1909318D-01  0.0000000D+00
 -0.1771943D+01 -0.9093492D-01  0.1492859D+00  0.0000000D+00
  0.1106896D+01  0.4587100D+00 -0.3451918D+00  0.0000000D+00
 -0.3676138D+01 -0.1110513D+01  0.2778668D+00  0.0000000D+00
 -0.2434289D+01  0.1408888D+01 -0.2755362D+00  0.0000000D+00
 -0.4442348D+01 -0.5265182D+00  0.4753053D+00  0.0000000D+00
  0.1428990D+01  0.3321370D+01 -0.1582445D+00  0.0000000D+00
  0.1761439D+01 -0.1521597D+01  0.1601700D+01  0.0000000D+00
 -0.3808843D+01 -0.2340709D+01  0.5333844D+00  0.0000000D+00
 -0.3303587D+01 -0.8435869D+01  0.1164156D+01  0.0000000D+00
 -0.3066259D+01 -0.1201173D+02  0.1521370D+01  0.0000000D+00
 -0.9219070D+00 -0.1834664D+02  0.2464129D+01  0.0000000D+00
 -0.8539672D+01 -0.2173606D+02 -0.6137652D+01  0.0000000D+00
  0.1534010D+02  0.4940760D+01  0.1394660D+01  0.0000000D+00
  0.1264123D+02 -0.4346151D+00 -0.2998557D+01  0.0000000D+00
 -0.4036796D+02  0.1655726D+01 -0.1734551D+01  0.0000000D+00
 -0.1792862D+02 -0.3256849D+01 -0.1247952D+01  0.0000000D+00
 -0.9289866D+01  0.1490467D+02  0.5467653D+01  0.0000000D+00
 -0.2629458D+02  0.6502623D+01 -0.4060341D+00  0.0000000D+00
 -0.2551758D+02  0.5522267D+00 -0.7314129D+01  0.0000000D+00
 -0.2046106D+02  0.6814595D+00 -0.2320874D+01  0.0000000D+00
 -0.1749669D+02  0.6917955D+00  0.5259904D+00  0.0000000D+00
 -0.1505737D+02 -0.2834909D+02  0.2724005D+01  0.0000000D+00
 -0.3218321D+02 -0.1765739D+02 -0.5167690D+01  0.0000000D+00
  0.2287983D+02  0.1703823D+01  0.1539061D+01  0.0000000D+00
  0.5764089D+02 -0.2684638D+01  0.1747595D+01  0.0000000D+00
 -0.1731726D+02  0.7409669D+01 -0.1315604D+01  0.0000000D+00
  0.2155768D+01 -0.3972219D+01  0.1357046D+00  0.0000000D+00
  0.5182321D+01 -0.2381672D+01  0.2382590D+01  0.0000000D+00
 -0.1318632D+01 -0.2856429D+01 -0.4006811D+00  0.0000000D+00
  0.2526220D+01  0.1133522D+02 -0.6420336D+01  0.0000000D+00
 -0.2477139D+02  0.3338213D+02 -0.6355770D+01  0.0000000D+00
 -0.4071039D+02  0.4645114D+02 -0.6386955D+01  0.0000000D+00
  0.8875799D+01  0.1066390D+02 -0.1111205D+01  0.0000000D+00
 -0.1662393D+02  0.2587886D+02 -0.2036883D+01  0.0000000D+00
  0.1283700D+01 -0.1465482D+01  0.3262046D+01  0.0000000D+00
 -0.2877270D+02  0.6799795D+01 -0.3865595D+01  0.0000000D+00
  0.3635771D+02 -0.4823179D+01 -0.2932001D+01  0.0000000D+00
 -0.1958691D+02 -0.1724236D+02  0.1391996D+01  0.0000000D+00
  0.6964485D+01 -0.2686778D+02  0.3122760D+01  0.0000000D+00
 -0.1208003D+02 -0.1364674D+02 -0.1191963D+01  0.0000000D+00
 -0.4082171D+01 -0.9540217D+01 -0.2406694D+01  0.0000000D+00
  0.4399310D+01  0.1240673D+02  0.1958301D+00  0.0000000D+00
  0.9453099D+01  0.2530771D+02  0.1705899D+01  0.0000000D+00
  0.2524771D+01  0.7168591D-01  0.1020067D-01  0.0000000D+00
 -0.3609192D+00  0.2474171D+00 -0.2728511D-01  0.0000000D+00
 -0.1156576D+01 -0.1815740D+00  0.2221641D+00  0.0000000D+00
 -0.4411822D+00 -0.1447195D-02 -0.3479055D+00  0.0000000D+00
  0.6348377D+01  0.1134410D+01  0.5551968D+00  0.0000000D+00
 -0.1185040D+02 -0.5414719D+01 -0.7291741D+00  0.0000000D+00
 -0.3863798D+01 -0.5367346D+01  0.2682668D+01  0.0000000D+00
  0.4023565D+01  0.3082360D+01 -0.1449605D+01  0.0000000D+00
  0.1076375D+02  0.3625088D+01 -0.2155115D+01  0.0000000D+00
  0.1427371D+01 -0.2950378D+01 -0.2029004D+01  0.0000000D+00
 -0.3961245D+01 -0.6794091D+01 -0.1964940D+01  0.0000000D+00
 -0.5098271D+01 -0.1713236D+00  0.3608555D-01  0.0000000D+00
  0.3159598D+00  0.3417883D+00 -0.1508579D+00  0.0000000D+00
 -0.5919381D+00 -0.8094916D+00  0.3856599D+00  0.0000000D+00
  0.9596999D+00  0.1083267D+01 -0.5885521D+00  0.0000000D+00
  0.2595265D+00 -0.2610347D+01  0.1132285D+01  0.0000000D+00
 -0.3623087D+01  0.1730999D+01 -0.2313272D+01  0.0000000D+00
  0.2760324D+01 -0.3387889D+01  0.4916098D+01  0.0000000D+00
  0.5033547D+01 -0.2749349D+01  0.1171443D+01  0.0000000D+00
 -0.1146598D+02  0.9021053D+01  0.8761081D+00  0.0000000D+00
 -0.1839550D+02  0.6220135D+01 -0.2782502D+01  0.0000000D+00
 -0.2263704D+02  0.4715815D+01 -0.4927277D+01  0.0000000D+00
  0.6875389D-02  0.1158635D+00  0.1225000D-01  0.0000000D+00
 -0.3275184D+00 -0.2983155D-01 -0.9666497D-01  0.0000000D+00
  0.6152173D+00 -0.1376923D+00  0.4885961D-01  0.0000000D+00
 -0.1614377D+01  0.3435453D+00 -0.2735585D+00  0.0000000D+00
 -0.6003716D+01 -0.2771817D+00  0.5400270D+00  0.0000000D+00
  0.3867083D+01  0.3401989D+01 -0.1464157D+01  0.0000000D+00
  0.4690069D+01  0.7215364D+01  0.8749933D+00  0.0000000D+00
 -0.7726687D+01 -0.5950734D+01 -0.2647132D+01  0.0000000D+00
 -0.7910419D+01 -0.4733997D+00 -0.5940789D+00  0.0000000D+00
 -0.4187584D+01  0.2819548D+01 -0.4651895D+00  0.0000000D+00
 -0.2014143D+01  0.4806097D+01 -0.3674389D+00  0.0000000D+00
  0.6878192D+00 -0.7742258D-01  0.2961168D-01  0.0000000D+00
  0.3554997D-01 -0.2799207D+00 -0.8097633D-01  0.0000000D+00
  0.3229984D+01  0.1629451D+00  0.4289076D-03  0.0000000D+00
 -0.2519945D+01  0.2791132D+00  0.1230018D-01  0.0000000D+00
  0.2957279D+01 -0.7920653D+00  0.1152557D+00  0.0000000D+00
  0.7348411D+01  0.2889671D+01 -0.7179249D-01  0.0000000D+00
  0.3263264D+01 -0.1068562D+01  0.1663395D+01  0.0000000D+00
  0.4709612D+01  0.1647022D+01 -0.6581262D+00  0.0000000D+00
  0.3497758D+01 -0.5613943D+01  0.2817131D+01  0.0000000D+00
  0.6839994D+01 -0.2104530D+00  0.8696724D-01  0.0000000D+00
  0.8783651D+01  0.2876693D+01 -0.1473811D+01  0.0000000D+00
 -0.2393920D+00  0.2681850D+00 -0.1396170D-01  0.0000000D+00
  0.1084588D+01 -0.4612176D+00  0.3782741D-01  0.0000000D+00
 -0.5764169D+00  0.1305690D+01 -0.8527953D-01  0.0000000D+00
  0.4250621D+01 -0.1695605D+01  0.1674228D+00  0.0000000D+00
 -0.5261095D+01  0.3438154D+01 -0.4426041D+00  0.0000000D+00
  0.5590725D+01 -0.6333963D+01  0.8641541D+00  0.0000000D+00
 -0.1381222D+01  0.5590324D+01  0.1145776D+01  0.0000000D+00
 -0.4181994D+01 -0.3370190D+01 -0.3916588D+01  0.0000000D+00
 -0.5158347D+01  0.1007626D+00  0.2336801D+00  0.0000000D+00
 -0.3189603D+01 -0.5265876D+01 -0.2258895D+00  0.0000000D+00
 -0.2046175D+01 -0.8371006D+01 -0.4495217D+00  0.0000000D+00
  0.1332110D+01 -0.9653486D-01 -0.4949025D-01  0.0000000D+00
  0.7972062D-01  0.3337045D+00  0.2927852D+00  0.0000000D+00
 -0.2365618D+01 -0.5052878D+00 -0.3519607D+00  0.0000000D+00
 -0.6210791D+00  0.7077022D+00  0.4559316D+00  0.0000000D+00
 -0.7573990D+00 -0.1607465D+01 -0.5374390D+00  0.0000000D+00
 -0.1774803D+01  0.6625541D+00  0.1084032D+01  0.0000000D+00
 -0.2186828D+01 -0.8230920D+01 -0.2814292D+01  0.0000000D+00
  0.7562359D+01  0.9617552D+01  0.1707213D+01  0.0000000D+00
  0.1299109D+02 -0.9662110D+00  0.3146349D+01  0.0000000D+00
  0.2895059D+01 -0.5628492D+01 -0.3593612D+01  0.0000000D+00
 -0.2956073D+01 -0.8472389D+01 -0.7525371D+01  0.0000000D+00
