  1  2   693 10944  4  4  9 11  7  1    0.00   24.00  100.00  600.00    0.00    6.28   45.00   45.00
  100.0  100.0  100.0  100.0  125.0  150.0  190.0  230.0  275.0  350.0  450.0  600.0  600.0  600.0  600.0
  0.1293612D+00  0.2481753D-02 -0.7810286D-02  0.0000000D+00
  0.1388212D+00 -0.5813168D-01 -0.4821109D-01  0.0000000D+00
 -0.2654982D-01  0.6792183D-01  0.4813521D-02  0.0000000D+00
  0.5267094D-01 -0.5303746D-01 -0.3045676D-01  0.0000000D+00
  0.4202441D-01  0.1573276D-01 -0.3284106D-02  0.0000000D+00
  0.4777557D-01 -0.4263148D-01 -0.2580261D-01  0.0000000D+00
  0.4272257D-01 -0.5861701D-02  0.1067710D-01  0.0000000D+00
  0.2401105D-01  0.1076213D-01  0.1606629D-02  0.0000000D+00
  0.3186606D-01  0.6899589D-02  0.7034059D-02  0.0000000D+00
  0.6005264D-01 -0.7259550D-01 -0.5199292D-02  0.0000000D+00
  0.7664084D-01 -0.1191836D+00 -0.1230134D-01  0.0000000D+00
  0.9077103D-01  0.1398477D-01  0.1310423D-01  0.0000000D+00
  0.6304738D-01 -0.1040903D-01 -0.1672017D-02  0.0000000D+00
 -0.5870043D-02  0.2564970D-01 -0.4146727D-02  0.0000000D+00
  0.2575418D-01  0.1182196D-01 -0.3986989D-02  0.0000000D+00
  0.1579402D-01 -0.1309186D-01 -0.4067893D-02  0.0000000D+00
  0.1390097D-01  0.2293846D-01 -0.2370468D-02  0.0000000D+00
  0.6545578D-02  0.2757685D-01  0.2277901D-01  0.0000000D+00
  0.3945752D-02 -0.1229156D-01 -0.6824216D-02  0.0000000D+00
  0.1097265D-01 -0.2055302D-01 -0.8807278D-02  0.0000000D+00
  0.2088549D-01 -0.2281973D-01  0.5597362D-02  0.0000000D+00
  0.2676654D-01 -0.2423603D-01  0.1400997D-01  0.0000000D+00
  0.1983388D-01  0.1622770D-02 -0.1627804D-01  0.0000000D+00
  0.9041961D-02 -0.1335082D-01 -0.4541239D-01  0.0000000D+00
 -0.1019219D+00  0.6764968D-01 -0.1602192D-01  0.0000000D+00
  0.3679569D-01 -0.4481068D-01 -0.3102923D-02  0.0000000D+00
 -0.6329232D-01  0.2370320D-01 -0.2202204D-01  0.0000000D+00
  0.3393256D-01 -0.4585433D-02 -0.3387421D-02  0.0000000D+00
 -0.1653584D-01  0.3546273D-01  0.9479501D-02  0.0000000D+00
 -0.3134258D-02  0.2172335D-01  0.1792702D-01  0.0000000D+00
 -0.9102020D-02  0.3661214D-01  0.3158221D-01  0.0000000D+00
 -0.5330550D-02  0.9900511D-02  0.1920070D-01  0.0000000D+00
 -0.3190206D-02 -0.5579296D-02  0.1210051D-01  0.0000000D+00
  0.1828967D-01 -0.1934337D-03 -0.1386890D-03  0.0000000D+00
 -0.1623321D-01  0.8679338D-03  0.1303335D-04  0.0000000D+00
  0.2851581D-01 -0.7879562D-03 -0.3260711D-03  0.0000000D+00
 -0.2844983D-01  0.1501329D-02  0.5960833D-03  0.0000000D+00
  0.1091441D-01 -0.3423516D-02 -0.8833847D-03  0.0000000D+00
 -0.1770340D-01  0.1174294D-01  0.3436092D-03  0.0000000D+00
  0.3447969D-02 -0.6580749D-02 -0.8601521D-02  0.0000000D+00
 -0.6488194D-03  0.4076842D-02 -0.3080863D-02  0.0000000D+00
 -0.3408137D-02  0.1518887D-01  0.1116207D-01  0.0000000D+00
 -0.1381664D-01  0.5216361D-02  0.4221611D-02  0.0000000D+00
 -0.1994007D-01 -0.4996757D-03  0.3169593D-03  0.0000000D+00
  0.2321383D-02 -0.9496695D-04 -0.3570526D-04  0.0000000D+00
  0.1662669D-01  0.7352392D-03  0.3478176D-03  0.0000000D+00
 -0.4212938D-01 -0.2008412D-02 -0.4065389D-03  0.0000000D+00
  0.1871640D-01  0.3192599D-02  0.7962961D-03  0.0000000D+00
 -0.1508421D-01 -0.5572002D-02 -0.1270597D-02  0.0000000D+00
  0.1965578D-01  0.9981359D-02  0.2382978D-02  0.0000000D+00
  0.5381825D-02 -0.1423815D-01  0.4780913D-02  0.0000000D+00
  0.1927711D-02  0.8631228D-02  0.3218386D-02  0.0000000D+00
  0.7084543D-03  0.1820351D-01  0.8641339D-02  0.0000000D+00
  0.9310822D-03  0.4220386D-02  0.4964942D-02  0.0000000D+00
  0.1047900D-02 -0.3862078D-02  0.2873775D-02  0.0000000D+00
  0.5436171D-02 -0.6591867D-04 -0.1139654D-03  0.0000000D+00
 -0.3015852D-02  0.3139871D-03  0.2952005D-03  0.0000000D+00
  0.4055700D-02  0.1059143D-03 -0.3332867D-03  0.0000000D+00
 -0.1685459D-01 -0.7940243D-03  0.4638244D-03  0.0000000D+00
  0.1066707D-01  0.2126349D-02 -0.1061330D-02  0.0000000D+00
 -0.5480786D-02 -0.9801588D-02  0.2820796D-02  0.0000000D+00
  0.5980744D-02  0.5011859D-03 -0.9718488D-03  0.0000000D+00
  0.3130705D-03 -0.1702414D-02  0.8919812D-03  0.0000000D+00
  0.5499782D-02 -0.3757997D-03  0.4904852D-02  0.0000000D+00
  0.4739290D-02 -0.2246664D-02  0.2209555D-02  0.0000000D+00
  0.4352779D-02 -0.3326758D-02  0.6764904D-03  0.0000000D+00
  0.1059005D-01  0.7620021D-04  0.1744512D-03  0.0000000D+00
 -0.8661837D-02 -0.3236318D-03 -0.4082702D-03  0.0000000D+00
  0.3700849D-01  0.1201657D-02  0.7656793D-03  0.0000000D+00
  0.2004053D-01 -0.2285248D-02 -0.1427676D-02  0.0000000D+00
 -0.5706339D-03  0.4450390D-02  0.2615126D-02  0.0000000D+00
  0.3066925D-02 -0.9950337D-02 -0.6076927D-02  0.0000000D+00
  0.3954392D-03  0.9742948D-02  0.5405045D-02  0.0000000D+00
 -0.1401705D-03  0.2495130D-02 -0.4228568D-02  0.0000000D+00
  0.1782532D-02 -0.2350609D-02  0.9244439D-04  0.0000000D+00
  0.6564931D-02  0.1044914D-03  0.4640360D-02  0.0000000D+00
  0.9387043D-02  0.1488840D-02  0.7351999D-02  0.0000000D+00
  0.2875895D-02 -0.3456980D-04 -0.6118970D-04  0.0000000D+00
 -0.5547366D-02  0.6839853D-03 -0.4587433D-04  0.0000000D+00
 -0.4258065D-02 -0.5313574D-03 -0.1641426D-03  0.0000000D+00
  0.1779008D-01  0.8494695D-03  0.2286587D-03  0.0000000D+00
 -0.1699281D-01 -0.1952324D-02 -0.2378669D-03  0.0000000D+00
  0.8971936D-02  0.6542895D-02 -0.1323257D-02  0.0000000D+00
 -0.9958641D-03 -0.2812782D-02 -0.2712998D-02  0.0000000D+00
 -0.2142689D-03  0.2656478D-02 -0.2901036D-02  0.0000000D+00
  0.2345788D-02 -0.2298382D-02 -0.4264024D-03  0.0000000D+00
  0.5184439D-02 -0.5007507D-02 -0.2129389D-02  0.0000000D+00
  0.6874256D-02 -0.6648423D-02 -0.3099296D-02  0.0000000D+00
  0.8584684D-02 -0.1672474D-04  0.5523936D-04  0.0000000D+00
 -0.1454344D-01  0.6482904D-03  0.3736644D-03  0.0000000D+00
  0.3583513D-01 -0.3580534D-03 -0.2414946D-03  0.0000000D+00
  0.5273724D-02  0.2740035D-03  0.5312554D-03  0.0000000D+00
 -0.6440057D-02 -0.2418126D-03 -0.1188700D-02  0.0000000D+00
  0.2517621D-02  0.1413020D-02  0.3806125D-02  0.0000000D+00
 -0.2039876D-02  0.5379726D-02 -0.7643028D-03  0.0000000D+00
  0.5092025D-05  0.4618733D-02 -0.4029483D-03  0.0000000D+00
 -0.1618467D-02  0.3580936D-02  0.1241335D-02  0.0000000D+00
  0.1756288D-03  0.1566290D-02  0.2272039D-02  0.0000000D+00
  0.1208413D-02  0.3750548D-03  0.2894086D-02  0.0000000D+00
  0.5642721D-01 -0.6754729D-01 -0.8501431D-02  0.0000000D+00
  0.5388599D-01 -0.1102503D+00 -0.3678454D-01  0.0000000D+00
 -0.9370521D-02  0.6240388D-01  0.3497965D-02  0.0000000D+00
  0.2972717D-01 -0.1745709D-01 -0.1767455D-01  0.0000000D+00
 -0.1099060D-01  0.1187079D-01  0.6939942D-02  0.0000000D+00
  0.2002671D-01 -0.3592994D-01 -0.1966298D-01  0.0000000D+00
  0.1652262D-01 -0.3154065D-02 -0.1906483D-02  0.0000000D+00
  0.1450482D-01  0.1555069D-01 -0.2608252D-02  0.0000000D+00
  0.1701017D-01  0.1720829D-01 -0.5270249D-03  0.0000000D+00
  0.2517065D-01 -0.2909603D-01 -0.8487539D-02  0.0000000D+00
  0.2997478D-01 -0.5619245D-01 -0.1312673D-01  0.0000000D+00
  0.2640023D-01 -0.2413043D-01  0.1600990D-02  0.0000000D+00
 -0.3184138D-01 -0.1336060D-01 -0.6595353D-02  0.0000000D+00
  0.1967013D-01  0.1640926D-01  0.2103796D-02  0.0000000D+00
  0.8196817D-02  0.3275071D-01 -0.1121721D-02  0.0000000D+00
 -0.2009832D-01  0.9666503D-02 -0.8056428D-03  0.0000000D+00
 -0.5962369D-03 -0.8370850D-02 -0.1707924D-01  0.0000000D+00
  0.2549097D-02  0.4705730D-01  0.5571548D-02  0.0000000D+00
  0.7135869D-02 -0.4978238D-02 -0.5122942D-02  0.0000000D+00
  0.3116032D-02 -0.7392891D-02  0.2999863D-02  0.0000000D+00
  0.1386271D-03 -0.2148732D-01 -0.1340444D-01  0.0000000D+00
 -0.1649368D-02 -0.2977081D-01 -0.2291881D-01  0.0000000D+00
  0.1574748D-03 -0.4130983D-01 -0.1539609D-01  0.0000000D+00
 -0.2903833D-01 -0.3823412D-01 -0.1425598D-01  0.0000000D+00
  0.1152018D-01 -0.4254385D-01  0.8424661D-02  0.0000000D+00
 -0.2314807D-01  0.9565439D-03  0.3262308D-02  0.0000000D+00
  0.3095226D-01 -0.1742776D-01  0.1987809D-02  0.0000000D+00
 -0.8936084D-02  0.1311238D-01  0.1970652D-01  0.0000000D+00
 -0.6938473D-04  0.8273222D-02  0.2908758D-02  0.0000000D+00
 -0.5021461D-02 -0.5320083D-02  0.1837828D-01  0.0000000D+00
 -0.1161553D-01  0.2428938D-01  0.1726116D-01  0.0000000D+00
 -0.1286811D-02  0.2312289D-01  0.1222768D-01  0.0000000D+00
  0.4689041D-02  0.2276468D-01  0.9271018D-02  0.0000000D+00
 -0.1516164D-01 -0.1648778D-03  0.3209799D-04  0.0000000D+00
 -0.7618352D-01  0.5487324D-03 -0.1341189D-03  0.0000000D+00
  0.7722872D-01 -0.5177392D-03  0.4753459D-04  0.0000000D+00
 -0.4016796D-01  0.7323558D-03  0.1207070D-03  0.0000000D+00
  0.1396510D-01 -0.1435877D-02 -0.6865840D-03  0.0000000D+00
 -0.1406654D-01  0.4522243D-02  0.4053366D-02  0.0000000D+00
  0.3262821D-02  0.1008862D-02  0.5053201D-02  0.0000000D+00
 -0.2389487D-02 -0.7937012D-02  0.2695481D-03  0.0000000D+00
 -0.1019923D-01  0.9599899D-02  0.6292494D-02  0.0000000D+00
 -0.1345940D-01  0.1394904D-01  0.9986552D-02  0.0000000D+00
 -0.1545361D-01  0.1668952D-01  0.1221814D-01  0.0000000D+00
 -0.1745697D-01 -0.6886679D-05  0.1148498D-04  0.0000000D+00
 -0.2874536D-01  0.7564184D-04  0.2809802D-03  0.0000000D+00
  0.1858669D-01 -0.5684130D-04 -0.3581841D-03  0.0000000D+00
 -0.3050912D-01  0.5732606D-03  0.4323180D-03  0.0000000D+00
  0.1691193D-01 -0.1012863D-02 -0.7252113D-03  0.0000000D+00
 -0.1263571D-01  0.3806891D-02  0.2441894D-03  0.0000000D+00
 -0.4852748D-04 -0.9005799D-02 -0.9320644D-02  0.0000000D+00
  0.7115581D-02 -0.8117452D-02  0.1500475D-02  0.0000000D+00
  0.4088631D-02  0.3957442D-02  0.1160471D-01  0.0000000D+00
  0.1233267D-02  0.9156862D-02  0.1571347D-01  0.0000000D+00
 -0.4718805D-03  0.1233641D-01  0.1823308D-01  0.0000000D+00
  0.4238026D-02  0.2327619D-03  0.1715939D-05  0.0000000D+00
 -0.5526452D-02  0.4423413D-03 -0.3188229D-03  0.0000000D+00
  0.8442983D-02  0.5002980D-03  0.3932490D-03  0.0000000D+00
 -0.1571633D-01 -0.1472250D-02 -0.5947292D-03  0.0000000D+00
  0.3736339D-02  0.2773801D-02  0.1445547D-02  0.0000000D+00
 -0.6904050D-03 -0.7808554D-02 -0.5578965D-02  0.0000000D+00
  0.1070736D-02  0.1088634D-01  0.1128729D-02  0.0000000D+00
  0.6492736D-02  0.1871875D-02 -0.1841244D-02  0.0000000D+00
  0.4562935D-02 -0.5751869D-02 -0.6541793D-04  0.0000000D+00
  0.3392435D-02 -0.6206108D-02  0.8916057D-03  0.0000000D+00
  0.2685073D-02 -0.6556692D-02  0.1471084D-02  0.0000000D+00
 -0.1015343D-01  0.8484580D-04 -0.2678250D-04  0.0000000D+00
 -0.1091612D-01  0.5637211D-03  0.1883749D-04  0.0000000D+00
  0.2201039D-01 -0.7623148D-04  0.1846050D-03  0.0000000D+00
 -0.1178784D-01 -0.1284386D-03 -0.3018787D-03  0.0000000D+00
  0.1592573D-01  0.9286036D-03 -0.2253657D-03  0.0000000D+00
 -0.1472755D-01 -0.2938389D-02  0.1120505D-02  0.0000000D+00
  0.5621902D-02  0.1092077D-01  0.6241717D-02  0.0000000D+00
  0.1410157D-02  0.1258011D-02  0.3334499D-02  0.0000000D+00
  0.2076066D-02 -0.2732786D-02  0.1265920D-02  0.0000000D+00
  0.1017908D-02 -0.1360709D-02 -0.1707753D-02  0.0000000D+00
  0.4048448D-03 -0.6019462D-03 -0.3472272D-02  0.0000000D+00
 -0.5775866D-04  0.6133800D-04 -0.2220224D-04  0.0000000D+00
  0.1537509D-01  0.4401718D-03  0.3290915D-04  0.0000000D+00
 -0.3103607D-01 -0.5286407D-03 -0.4686409D-04  0.0000000D+00
  0.7620535D-02  0.5515445D-03  0.2939829D-03  0.0000000D+00
  0.5412171D-03 -0.1113579D-02 -0.3981372D-03  0.0000000D+00
 -0.2207874D-02  0.4543397D-02  0.2834351D-02  0.0000000D+00
  0.1808817D-02 -0.3908342D-02  0.4603623D-02  0.0000000D+00
 -0.1963380D-02 -0.5049251D-02  0.4142333D-03  0.0000000D+00
 -0.6594602D-03 -0.3608720D-02 -0.3433362D-02  0.0000000D+00
  0.3296552D-02 -0.1875761D-02  0.3532464D-03  0.0000000D+00
  0.5626127D-02 -0.8448019D-03  0.2527307D-02  0.0000000D+00
 -0.3973795D-02  0.1075414D-03  0.1858881D-03  0.0000000D+00
 -0.5206362D-02  0.1170102D-02 -0.2370837D-03  0.0000000D+00
  0.3450553D-02 -0.1776490D-03  0.3530436D-03  0.0000000D+00
  0.6734957D-02 -0.4419220D-04 -0.6370925D-03  0.0000000D+00
  0.8479081D-02  0.4811675D-03  0.1199861D-02  0.0000000D+00
 -0.4031942D-02 -0.1053725D-02 -0.3099647D-02  0.0000000D+00
  0.4195788D-02 -0.1219421D-02 -0.9588337D-03  0.0000000D+00
 -0.7335389D-02 -0.3093157D-02 -0.3356785D-02  0.0000000D+00
 -0.6684559D-02  0.7568610D-03  0.2122950D-02  0.0000000D+00
 -0.4355384D-02  0.2984605D-02 -0.2117461D-02  0.0000000D+00
 -0.2984379D-02  0.4331396D-02 -0.4538835D-02  0.0000000D+00
 -0.2048810D-02  0.6398109D-02  0.1315551D-01  0.0000000D+00
 -0.7748363D-02 -0.3170501D-01  0.2689723D-02  0.0000000D+00
 -0.5007269D-01  0.3646485D-01 -0.3854013D-01  0.0000000D+00
  0.4880856D-01  0.4678473D-02 -0.1044695D-02  0.0000000D+00
 -0.1691976D-01 -0.5799582D-02 -0.1943286D-01  0.0000000D+00
  0.3440800D-01  0.1085939D-01  0.1409400D-02  0.0000000D+00
 -0.2430402D-02 -0.2477063D-01 -0.9296048D-02  0.0000000D+00
  0.8823889D-02  0.9858373D-02 -0.3374150D-02  0.0000000D+00
  0.2962579D-02  0.2839761D-01  0.7182268D-02  0.0000000D+00
 -0.5860338D-02  0.2841988D-01  0.6922813D-02  0.0000000D+00
 -0.1109211D-01  0.2863892D-01  0.6886567D-02  0.0000000D+00
  0.1329111D-01 -0.2771871D-01  0.1439740D-01  0.0000000D+00
  0.1283909D-02 -0.2660967D-01  0.6273354D-02  0.0000000D+00
 -0.1666638D-01 -0.3683318D-01 -0.4633818D-02  0.0000000D+00
  0.3696772D-01  0.1028689D-01 -0.5775048D-02  0.0000000D+00
  0.5958291D-02 -0.5691504D-02 -0.3889946D-02  0.0000000D+00
  0.2766667D-01  0.1957221D-01 -0.4830533D-02  0.0000000D+00
 -0.6861647D-02  0.1334802D-02 -0.3894737D-02  0.0000000D+00
  0.6587957D-02 -0.1615710D-01 -0.3845164D-02  0.0000000D+00
  0.6234815D-02  0.2485483D-01  0.6538870D-02  0.0000000D+00
  0.4971488D-02 -0.5110102D-02 -0.1218945D-02  0.0000000D+00
  0.4229554D-02 -0.2219848D-01 -0.5642700D-02  0.0000000D+00
 -0.7702758D-02 -0.3614154D-02 -0.4169323D-02  0.0000000D+00
  0.5545752D-01  0.1669339D-02  0.1274397D-01  0.0000000D+00
 -0.1593385D+00  0.1161590D+00 -0.3314803D-01  0.0000000D+00
  0.4757866D-01 -0.2507810D-01  0.9693647D-02  0.0000000D+00
 -0.4389690D-01  0.9345397D-01  0.1035122D-01  0.0000000D+00
  0.4488427D-01 -0.1334990D-01  0.6195827D-02  0.0000000D+00
 -0.1716653D-01  0.2041327D-01 -0.1150103D-01  0.0000000D+00
  0.5850680D-02  0.2534921D-01  0.1514207D-01  0.0000000D+00
  0.1082633D-02  0.3530366D-01  0.8223242D-02  0.0000000D+00
 -0.1119962D-01  0.4379400D-01  0.8543507D-02  0.0000000D+00
 -0.1844567D-01  0.4887586D-01  0.8658714D-02  0.0000000D+00
  0.2267633D-01 -0.2167002D-03  0.7820242D-05  0.0000000D+00
 -0.9677805D-02  0.8890009D-03  0.3713924D-03  0.0000000D+00
  0.4853635D-01 -0.1389665D-02 -0.7439897D-03  0.0000000D+00
  0.1278728D-01  0.2619490D-02  0.1354715D-02  0.0000000D+00
  0.1119755D-01 -0.4692599D-02 -0.2608789D-02  0.0000000D+00
  0.2626114D-02  0.8787534D-02  0.8002022D-02  0.0000000D+00
  0.4059060D-02 -0.1417037D-01  0.7410845D-03  0.0000000D+00
  0.7975445D-02 -0.9944491D-03 -0.6359849D-03  0.0000000D+00
  0.8081014D-02  0.1032638D-01 -0.1277702D-02  0.0000000D+00
  0.5454109D-02  0.1545274D-01 -0.6712051D-02  0.0000000D+00
  0.3919736D-02  0.1858020D-01 -0.9899038D-02  0.0000000D+00
  0.1253305D-01 -0.1782408D-03  0.1032642D-03  0.0000000D+00
  0.2851694D-01  0.1322281D-02 -0.3290065D-03  0.0000000D+00
 -0.4456081D-01 -0.2586241D-02  0.6559494D-03  0.0000000D+00
  0.4448699D-02  0.3611100D-02 -0.1085369D-02  0.0000000D+00
 -0.1206117D-01 -0.7397243D-02  0.2307973D-02  0.0000000D+00
  0.1941723D-01  0.1972163D-01 -0.6704903D-02  0.0000000D+00
 -0.7790486D-03 -0.1644157D-01 -0.5660260D-03  0.0000000D+00
 -0.2030106D-02  0.7656791D-02 -0.1521847D-02  0.0000000D+00
 -0.4405923D-02  0.2514630D-01  0.5655990D-02  0.0000000D+00
 -0.3799746D-02  0.1085638D-01  0.1156625D-02  0.0000000D+00
 -0.3472611D-02  0.2684310D-02 -0.1400145D-02  0.0000000D+00
  0.2153364D-02  0.3220807D-03  0.2793020D-04  0.0000000D+00
 -0.8878869D-03 -0.5186901D-03 -0.5432082D-03  0.0000000D+00
  0.4838397D-01  0.3573218D-03  0.1008214D-02  0.0000000D+00
 -0.1645301D-01 -0.4256777D-03 -0.1455276D-02  0.0000000D+00
 -0.5045315D-02  0.1208385D-02  0.2599638D-02  0.0000000D+00
 -0.1490048D-01 -0.3368505D-02 -0.7196969D-02  0.0000000D+00
 -0.3600941D-02 -0.4303645D-02  0.1269941D-02  0.0000000D+00
  0.4372243D-02 -0.2462687D-02 -0.7662263D-02  0.0000000D+00
  0.3601458D-02  0.8297948D-03 -0.5598855D-02  0.0000000D+00
  0.6341049D-04  0.6899619D-02  0.1620813D-02  0.0000000D+00
 -0.2016936D-02  0.1049242D-01  0.5870916D-02  0.0000000D+00
 -0.2171874D-02 -0.4941886D-04 -0.3535392D-04  0.0000000D+00
  0.9245808D-02 -0.1987658D-03  0.5570413D-03  0.0000000D+00
  0.4672148D-01  0.5395272D-03 -0.9752688D-03  0.0000000D+00
 -0.5077837D-01 -0.1322287D-02  0.1638621D-02  0.0000000D+00
  0.4180834D-01  0.2445845D-02 -0.2903589D-02  0.0000000D+00
 -0.1854865D-01 -0.8298968D-02  0.5428565D-02  0.0000000D+00
  0.9692151D-02 -0.4145669D-02 -0.8851145D-02  0.0000000D+00
 -0.1279194D-03  0.6793948D-02  0.3054937D-02  0.0000000D+00
  0.4020489D-02  0.4337418D-02  0.7582526D-02  0.0000000D+00
 -0.2821127D-02  0.5151090D-02  0.4189908D-02  0.0000000D+00
 -0.6780907D-02  0.5602460D-02  0.2254268D-02  0.0000000D+00
 -0.1862382D-02 -0.8052866D-04 -0.1105611D-03  0.0000000D+00
  0.3526631D-01 -0.7434850D-04  0.2485990D-03  0.0000000D+00
 -0.5501496D-01  0.2655400D-03 -0.4467848D-03  0.0000000D+00
 -0.2632338D-01  0.3183790D-03  0.6708699D-03  0.0000000D+00
 -0.1496633D-02 -0.1172065D-02 -0.1119479D-02  0.0000000D+00
 -0.5792014D-02  0.5199405D-02  0.2313904D-02  0.0000000D+00
  0.1094778D-02  0.2222884D-02 -0.1106380D-02  0.0000000D+00
 -0.1665485D-02 -0.5343893D-02  0.1141649D-02  0.0000000D+00
 -0.5380836D-03 -0.2927670D-03 -0.1827476D-02  0.0000000D+00
 -0.2666403D-02 -0.1895540D-02 -0.3561654D-02  0.0000000D+00
 -0.3900318D-02 -0.2778152D-02 -0.4609099D-02  0.0000000D+00
 -0.2123875D-02  0.1013280D-03  0.6681663D-04  0.0000000D+00
 -0.7647994D-03  0.3447425D-03 -0.1597713D-03  0.0000000D+00
  0.2849860D-01 -0.9131702D-03  0.3969620D-03  0.0000000D+00
 -0.2323175D-01  0.9003596D-03 -0.6486767D-03  0.0000000D+00
  0.2698944D-01 -0.2000429D-02  0.8682733D-03  0.0000000D+00
 -0.1446981D-01  0.2891402D-02 -0.1043028D-02  0.0000000D+00
 -0.1291398D-02 -0.3412036D-02  0.3161897D-02  0.0000000D+00
  0.1069258D-02  0.4607197D-02  0.2411541D-02  0.0000000D+00
  0.2928288D-02  0.8182903D-02  0.5811507D-02  0.0000000D+00
 -0.2188570D-02  0.8779462D-02  0.3707030D-02  0.0000000D+00
 -0.5163477D-02  0.9170690D-02  0.2513543D-02  0.0000000D+00
 -0.4879839D-02 -0.1576777D-01 -0.1156570D-02  0.0000000D+00
 -0.2330099D-01 -0.2438535D-01 -0.4361988D-02  0.0000000D+00
  0.1775532D-01 -0.3275048D-01  0.2084969D-02  0.0000000D+00
 -0.2769388D-01  0.5323845D-02 -0.5963922D-02  0.0000000D+00
  0.5159130D-02 -0.1585807D-01  0.2142608D-02  0.0000000D+00
 -0.2100564D-01 -0.1724009D-01 -0.2008701D-02  0.0000000D+00
 -0.2753787D-02 -0.6802078D-02 -0.3559863D-02  0.0000000D+00
 -0.9166691D-02 -0.6098554D-02 -0.2203600D-02  0.0000000D+00
 -0.6231102D-02 -0.3756456D-02 -0.2842047D-02  0.0000000D+00
 -0.4924861D-02 -0.6041114D-02 -0.4343705D-03  0.0000000D+00
 -0.4127672D-02 -0.7354553D-02  0.9671901D-03  0.0000000D+00
 -0.1626242D-01 -0.1221759D-01 -0.7116962D-03  0.0000000D+00
 -0.2640876D-01  0.1533991D-01  0.9035544D-02  0.0000000D+00
 -0.1330520D-02 -0.1436936D-01 -0.3100036D-02  0.0000000D+00
 -0.1726998D-01  0.1084547D-01 -0.8382539D-03  0.0000000D+00
 -0.1368831D-02 -0.1000545D-01  0.2474326D-02  0.0000000D+00
 -0.1303522D-01 -0.9546381D-02  0.1635795D-02  0.0000000D+00
  0.2985427D-02 -0.1256446D-01 -0.4145196D-02  0.0000000D+00
 -0.6206847D-02 -0.9828612D-02 -0.4164944D-02  0.0000000D+00
 -0.9166884D-02 -0.9819734D-02 -0.4608903D-02  0.0000000D+00
 -0.3911920D-02 -0.2415898D-03  0.3405953D-02  0.0000000D+00
 -0.8688220D-03  0.5364238D-02  0.8094578D-02  0.0000000D+00
  0.9776003D-02 -0.1030780D-01  0.2561973D-02  0.0000000D+00
 -0.7120842D-02 -0.2276220D-02 -0.4634621D-02  0.0000000D+00
  0.4518745D-01 -0.5081526D-01  0.1084508D-02  0.0000000D+00
 -0.2953333D-01 -0.1833475D-03  0.8782435D-03  0.0000000D+00
  0.2262522D-01 -0.2174592D-01  0.8692268D-03  0.0000000D+00
 -0.2022461D-01 -0.6380265D-02 -0.3559492D-02  0.0000000D+00
  0.9921088D-02 -0.6608130D-03 -0.2368144D-02  0.0000000D+00
 -0.5440572D-02  0.6478355D-03  0.5197967D-02  0.0000000D+00
 -0.5207151D-02 -0.4732059D-02  0.3175015D-03  0.0000000D+00
 -0.8899884D-02 -0.4139059D-02 -0.7770647D-02  0.0000000D+00
 -0.1105883D-01 -0.3852512D-02 -0.1255884D-01  0.0000000D+00
 -0.4503771D-03 -0.7569080D-04 -0.1854015D-05  0.0000000D+00
  0.2701115D-02  0.3023971D-03  0.1184896D-03  0.0000000D+00
 -0.3194532D-01 -0.4751955D-03 -0.2849959D-03  0.0000000D+00
  0.1880311D-01  0.3651126D-03  0.4606740D-03  0.0000000D+00
 -0.1664188D-01 -0.5001867D-03 -0.6050652D-03  0.0000000D+00
  0.9032102D-02  0.1840318D-02  0.6355200D-03  0.0000000D+00
 -0.1432600D-02 -0.4671819D-02 -0.2832633D-02  0.0000000D+00
 -0.1045553D-02 -0.2767405D-03  0.2145916D-02  0.0000000D+00
 -0.4299229D-02 -0.1084252D-02  0.2553519D-02  0.0000000D+00
 -0.3265462D-02 -0.3112731D-02  0.6957729D-03  0.0000000D+00
 -0.2697137D-02 -0.4310396D-02 -0.3868002D-03  0.0000000D+00
 -0.1397899D-01  0.2204267D-03 -0.4013905D-04  0.0000000D+00
 -0.1347562D-01 -0.5869794D-03 -0.8556105D-04  0.0000000D+00
  0.2197455D-01  0.1359533D-02  0.1394131D-03  0.0000000D+00
 -0.3315864D-01 -0.2242932D-02 -0.1308666D-03  0.0000000D+00
  0.1188962D-01  0.4186898D-02  0.2667917D-03  0.0000000D+00
 -0.9192528D-02 -0.9839337D-02 -0.4414659D-03  0.0000000D+00
  0.1302003D-01  0.1453479D-01  0.1134665D-02  0.0000000D+00
  0.1039019D-02 -0.3772312D-02  0.2315080D-02  0.0000000D+00
  0.3804598D-02 -0.2041709D-02  0.3792748D-02  0.0000000D+00
 -0.2278276D-02  0.4285334D-02 -0.8102587D-03  0.0000000D+00
 -0.5808762D-02  0.8008605D-02 -0.3490341D-02  0.0000000D+00
  0.9388339D-02 -0.1469524D-03 -0.4586356D-04  0.0000000D+00
  0.2846695D-01  0.7593729D-03  0.1264290D-04  0.0000000D+00
 -0.3122485D-01 -0.2716498D-03 -0.2239764D-03  0.0000000D+00
  0.1796175D-01  0.5038975D-03  0.2895663D-03  0.0000000D+00
 -0.6123527D-02 -0.1017256D-02 -0.7069971D-03  0.0000000D+00
  0.8859546D-02  0.2407964D-02  0.2271150D-02  0.0000000D+00
 -0.1527131D-02 -0.2988567D-02 -0.1723791D-02  0.0000000D+00
  0.7341824D-03  0.8822985D-03  0.1618999D-02  0.0000000D+00
  0.1000809D-02 -0.2624816D-02  0.6985943D-03  0.0000000D+00
  0.2122917D-02  0.2746067D-03 -0.1097145D-04  0.0000000D+00
  0.2781842D-02  0.1931864D-02 -0.4366553D-03  0.0000000D+00
 -0.1986440D-01 -0.5064028D-04  0.1464964D-04  0.0000000D+00
  0.2644330D-01  0.3182083D-03  0.2366227D-05  0.0000000D+00
 -0.5337773D-01  0.1159201D-03  0.1517716D-03  0.0000000D+00
 -0.8432010D-02 -0.3519368D-04 -0.4086924D-03  0.0000000D+00
 -0.1371540D-01  0.2166618D-03  0.5373243D-03  0.0000000D+00
 -0.7884960D-04  0.1485006D-02 -0.1582841D-02  0.0000000D+00
 -0.1410421D-02  0.3098668D-02  0.2407065D-04  0.0000000D+00
 -0.2918417D-02 -0.3693575D-02 -0.7553100D-03  0.0000000D+00
 -0.4328313D-03 -0.4344053D-02 -0.2033295D-02  0.0000000D+00
 -0.8399315D-03  0.4844352D-02 -0.1988869D-02  0.0000000D+00
 -0.1051067D-02  0.1021538D-01 -0.1977683D-02  0.0000000D+00
 -0.1138318D-02 -0.5516101D-04  0.6294420D-04  0.0000000D+00
  0.1508686D-01  0.3279516D-03 -0.7591677D-04  0.0000000D+00
 -0.8096064D-02 -0.1016480D-03  0.4888610D-04  0.0000000D+00
 -0.1204491D-01 -0.8831796D-04 -0.9203044D-04  0.0000000D+00
  0.1038599D-01  0.2431411D-03  0.5780721D-03  0.0000000D+00
  0.2485001D-02 -0.1730378D-02 -0.2142444D-02  0.0000000D+00
  0.9614342D-05 -0.1015929D-02 -0.2680820D-02  0.0000000D+00
 -0.2131800D-02  0.6855949D-04 -0.2468311D-03  0.0000000D+00
  0.5707378D-03  0.1656611D-02 -0.2051454D-02  0.0000000D+00
 -0.1523852D-02  0.2453216D-02 -0.3320942D-02  0.0000000D+00
 -0.2720532D-02  0.2935992D-02 -0.4084079D-02  0.0000000D+00
 -0.1175655D-01 -0.2416945D-03 -0.5665892D-05  0.0000000D+00
  0.1420981D-01  0.7676061D-03 -0.2406668D-03  0.0000000D+00
 -0.4612775D-01  0.4216265D-03  0.2657640D-03  0.0000000D+00
  0.7003411D-02 -0.6560763D-03 -0.2765182D-03  0.0000000D+00
 -0.2104269D-01  0.1426902D-02  0.1578947D-03  0.0000000D+00
  0.1466237D-01 -0.3090747D-02  0.7926231D-03  0.0000000D+00
 -0.5154215D-02  0.4956472D-02  0.2292393D-02  0.0000000D+00
  0.3419296D-02 -0.4284912D-05 -0.1794077D-02  0.0000000D+00
  0.1328204D-03 -0.4219424D-02 -0.8715899D-05  0.0000000D+00
 -0.6974909D-03 -0.1531935D-03  0.1579528D-02  0.0000000D+00
 -0.1221118D-02  0.2179592D-02  0.2529152D-02  0.0000000D+00
 -0.1545883D-01  0.1298009D-01  0.4497086D-02  0.0000000D+00
 -0.1535623D-01  0.3656755D-01 -0.4779094D-02  0.0000000D+00
 -0.3056545D-01 -0.2765797D-01  0.2061064D-02  0.0000000D+00
 -0.1966566D-01  0.1045559D-01  0.4989072D-02  0.0000000D+00
 -0.1616141D-01  0.7285991D-02 -0.7279008D-03  0.0000000D+00
 -0.9524638D-02  0.3598895D-02  0.1085657D-02  0.0000000D+00
 -0.3907694D-02 -0.6126448D-02 -0.7887461D-03  0.0000000D+00
 -0.7148556D-02  0.3217017D-02  0.1823845D-02  0.0000000D+00
 -0.7494408D-02  0.1215354D-01  0.7458036D-03  0.0000000D+00
 -0.8185450D-02  0.8943930D-02  0.2877971D-03  0.0000000D+00
 -0.8595416D-02  0.7163290D-02  0.8174485D-05  0.0000000D+00
  0.1007923D-01  0.6527805D-02 -0.4808351D-02  0.0000000D+00
  0.6312161D-02  0.1886985D-02  0.6276039D-02  0.0000000D+00
 -0.1353117D-01 -0.1394237D-01 -0.2718144D-02  0.0000000D+00
 -0.8316196D-02 -0.1157359D-01 -0.1613548D-03  0.0000000D+00
 -0.1377501D-01  0.8818062D-02 -0.3340031D-02  0.0000000D+00
 -0.4510270D-02 -0.4903083D-02  0.6964861D-02  0.0000000D+00
 -0.1803373D-01  0.3667158D-02 -0.1751575D-02  0.0000000D+00
 -0.3756729D-02 -0.6814832D-02  0.2292222D-02  0.0000000D+00
 -0.7086375D-02  0.5817858D-02  0.4534950D-02  0.0000000D+00
 -0.3645235D-02  0.5413531D-02  0.5791393D-02  0.0000000D+00
 -0.1668514D-02  0.5315745D-02  0.6550414D-02  0.0000000D+00
 -0.2317469D-02  0.1163351D-01  0.6127936D-02  0.0000000D+00
 -0.1085931D-01  0.2355521D-01  0.7581244D-02  0.0000000D+00
  0.7219111D-02 -0.1448751D-01  0.4321706D-02  0.0000000D+00
  0.2657979D-01  0.1212097D-01 -0.2358324D-02  0.0000000D+00
  0.5641963D-02 -0.2290313D-02  0.1795114D-02  0.0000000D+00
 -0.3836178D-02  0.1256724D-02 -0.6393779D-03  0.0000000D+00
 -0.5506345D-03  0.3229424D-02  0.3313931D-02  0.0000000D+00
  0.6933549D-02  0.4167880D-02 -0.3529571D-02  0.0000000D+00
  0.5545004D-02  0.1457383D-01  0.1077385D-02  0.0000000D+00
 -0.5630109D-03 -0.1589098D-02 -0.2532774D-02  0.0000000D+00
 -0.4154033D-02 -0.1093791D-01 -0.4596157D-02  0.0000000D+00
  0.1426233D-01  0.1311312D-03 -0.1221899D-03  0.0000000D+00
 -0.1799243D-01  0.3445530D-03  0.1944560D-03  0.0000000D+00
  0.5449928D-01 -0.5366693D-03  0.4219970D-04  0.0000000D+00
 -0.1413245D-01  0.4964510D-03 -0.2792687D-03  0.0000000D+00
  0.1297778D-01 -0.8092978D-03  0.6114036D-03  0.0000000D+00
  0.2962874D-02 -0.6600381D-03 -0.2065360D-02  0.0000000D+00
 -0.3724336D-03 -0.4595512D-02  0.9617297D-04  0.0000000D+00
  0.7206535D-02  0.2106654D-03 -0.7230113D-03  0.0000000D+00
 -0.4707172D-03 -0.1404678D-02 -0.9461791D-03  0.0000000D+00
 -0.4330164D-03 -0.6820205D-02  0.2272858D-03  0.0000000D+00
 -0.4955976D-03 -0.1001085D-01  0.9128285D-03  0.0000000D+00
  0.8891626D-02  0.4814022D-04 -0.6475385D-04  0.0000000D+00
 -0.1509122D-01  0.3235360D-03  0.1227344D-03  0.0000000D+00
  0.3379143D-01 -0.3527690D-04 -0.8361079D-04  0.0000000D+00
  0.1874488D-02 -0.2850395D-03  0.1088128D-03  0.0000000D+00
  0.1427557D-02  0.2249566D-03 -0.3154333D-03  0.0000000D+00
  0.5073098D-02  0.9348388D-03  0.6394125D-03  0.0000000D+00
 -0.1682708D-02  0.2684403D-02  0.7629312D-03  0.0000000D+00
  0.3906805D-02  0.2482285D-02  0.1889283D-02  0.0000000D+00
  0.4750421D-02  0.7687787D-02 -0.1797862D-02  0.0000000D+00
  0.2413737D-02  0.5777239D-02 -0.5166581D-02  0.0000000D+00
  0.1055015D-02  0.4715476D-02 -0.7178172D-02  0.0000000D+00
  0.6123194D-02 -0.2495751D-04  0.4425088D-04  0.0000000D+00
 -0.1642724D-02  0.5937272D-04 -0.1564064D-03  0.0000000D+00
  0.2635165D-01  0.1016923D-03 -0.6324881D-05  0.0000000D+00
 -0.3160600D-02  0.1919842D-03  0.1730473D-03  0.0000000D+00
  0.1409152D-02 -0.4062923D-03 -0.2542820D-03  0.0000000D+00
 -0.7310151D-02  0.1723384D-02  0.1574205D-02  0.0000000D+00
 -0.2514142D-02  0.4273946D-02  0.2079895D-02  0.0000000D+00
  0.6490704D-03 -0.3125375D-02  0.3143396D-02  0.0000000D+00
 -0.3348869D-02  0.2730540D-03 -0.3300601D-02  0.0000000D+00
 -0.1586411D-02  0.1617889D-02 -0.6906746D-02  0.0000000D+00
 -0.5997273D-03  0.2442918D-02 -0.9088696D-02  0.0000000D+00
  0.5752415D-02  0.5706291D-04  0.3378008D-04  0.0000000D+00
 -0.1664337D-01 -0.4900249D-04 -0.2547041D-03  0.0000000D+00
  0.4051062D-01  0.2814844D-04  0.6240135D-03  0.0000000D+00
 -0.1037389D-01 -0.1122776D-03 -0.1011505D-02  0.0000000D+00
  0.3008953D-02  0.3180948D-03  0.1878674D-02  0.0000000D+00
 -0.9576680D-02 -0.5088262D-03 -0.4004428D-02  0.0000000D+00
 -0.6209960D-03  0.3695840D-02  0.5549244D-02  0.0000000D+00
 -0.7450232D-02  0.8372063D-03 -0.2771249D-02  0.0000000D+00
 -0.6242056D-02  0.1121117D-02  0.1525760D-02  0.0000000D+00
 -0.1742733D-02  0.8313207D-03  0.4343945D-03  0.0000000D+00
  0.9051015D-03  0.6647699D-03 -0.1570746D-03  0.0000000D+00
 -0.2206938D-04 -0.6979602D-04  0.8068775D-04  0.0000000D+00
  0.9754443D-02 -0.3287896D-03 -0.2981722D-03  0.0000000D+00
 -0.1722931D-01  0.4000499D-03  0.5037125D-03  0.0000000D+00
  0.1617587D-01 -0.7995625D-03 -0.6507342D-03  0.0000000D+00
 -0.9072656D-02  0.1395736D-02  0.1445265D-02  0.0000000D+00
 -0.1842540D-02 -0.1737332D-02 -0.3745658D-02  0.0000000D+00
 -0.1691214D-02  0.1126290D-03  0.1704250D-02  0.0000000D+00
 -0.5070760D-04 -0.1364853D-02  0.4162684D-03  0.0000000D+00
 -0.3691607D-02 -0.1235365D-02  0.1250149D-02  0.0000000D+00
 -0.2782790D-02 -0.1633081D-02  0.1947343D-02  0.0000000D+00
 -0.2291948D-02 -0.1865501D-02  0.2364025D-02  0.0000000D+00
 -0.1007097D-02 -0.1427929D-04 -0.1155516D-03  0.0000000D+00
  0.7861438D-03  0.7998804D-04  0.3466127D-03  0.0000000D+00
 -0.1088749D-01  0.6700294D-04 -0.4235500D-03  0.0000000D+00
  0.2627123D-02 -0.2009160D-04  0.7593064D-03  0.0000000D+00
  0.4062630D-02  0.4189817D-04 -0.1173947D-02  0.0000000D+00
 -0.1016809D-01 -0.1310450D-02  0.2895579D-02  0.0000000D+00
  0.5387946D-02 -0.2133257D-03 -0.2228312D-02  0.0000000D+00
 -0.7289605D-03 -0.1756396D-03 -0.2906941D-03  0.0000000D+00
 -0.3945604D-02  0.8069167D-03  0.1662571D-02  0.0000000D+00
 -0.3471762D-03  0.1020649D-02  0.3436116D-02  0.0000000D+00
  0.1723907D-02  0.1156960D-02  0.4495776D-02  0.0000000D+00
 -0.1312974D-02  0.2513736D-02 -0.3750395D-02  0.0000000D+00
 -0.1543764D-01 -0.9714319D-02 -0.4451922D-02  0.0000000D+00
  0.1345208D-01  0.1961829D-01 -0.3769347D-03  0.0000000D+00
 -0.5273668D-02  0.2666518D-02  0.5780670D-02  0.0000000D+00
  0.8713335D-02 -0.4597702D-02 -0.4965463D-02  0.0000000D+00
  0.2035310D-02  0.1405131D-02  0.3456053D-02  0.0000000D+00
  0.1718153D-02  0.2346165D-02  0.2264841D-02  0.0000000D+00
  0.1168404D-02 -0.2138543D-02  0.5697391D-04  0.0000000D+00
  0.1684607D-02 -0.4033870D-02  0.6157807D-03  0.0000000D+00
  0.1742288D-02 -0.5151642D-03 -0.1159331D-02  0.0000000D+00
  0.1781665D-02  0.1523388D-02 -0.2192970D-02  0.0000000D+00
 -0.1050235D-01  0.4200623D-02 -0.7505955D-03  0.0000000D+00
 -0.1536897D-01  0.1021153D-02  0.2004231D-02  0.0000000D+00
 -0.3084379D-02 -0.5527949D-03  0.3496874D-02  0.0000000D+00
  0.9514718D-03  0.3708795D-03  0.5040366D-03  0.0000000D+00
  0.1635122D-02  0.5791650D-02 -0.1878293D-02  0.0000000D+00
  0.2734825D-02  0.3531421D-02  0.2432132D-02  0.0000000D+00
  0.2410096D-02  0.4566033D-02  0.1447293D-02  0.0000000D+00
 -0.1158932D-03 -0.1987714D-02  0.3418004D-04  0.0000000D+00
  0.1854266D-02 -0.4866722D-02  0.4063946D-02  0.0000000D+00
  0.9090059D-03  0.1112975D-02  0.3306811D-02  0.0000000D+00
  0.3776182D-03  0.4582049D-02  0.2906586D-02  0.0000000D+00
  0.9317642D-03 -0.1177026D-02 -0.4574558D-02  0.0000000D+00
 -0.6530551D-02  0.4456913D-02 -0.7723356D-02  0.0000000D+00
  0.7959017D-02  0.4360997D-02 -0.4397861D-02  0.0000000D+00
  0.7479249D-02 -0.1170938D-01 -0.9909023D-03  0.0000000D+00
 -0.5780025D-02 -0.1709557D-02  0.4754774D-02  0.0000000D+00
  0.3985248D-02  0.4451489D-02 -0.3493657D-02  0.0000000D+00
 -0.3120125D-02 -0.1309671D-01  0.1508064D-02  0.0000000D+00
 -0.1818940D-02 -0.7291085D-04 -0.2444236D-02  0.0000000D+00
 -0.4588911D-02 -0.6543430D-03  0.4547399D-02  0.0000000D+00
 -0.1386621D-02 -0.8421425D-02  0.5872684D-02  0.0000000D+00
  0.4562319D-03 -0.1297610D-01  0.6725774D-02  0.0000000D+00
  0.1566548D-02  0.6961424D-04 -0.3223858D-04  0.0000000D+00
  0.1440890D-01  0.3047847D-03 -0.6800772D-04  0.0000000D+00
 -0.3784541D-01  0.4034999D-03  0.1016867D-03  0.0000000D+00
  0.1909364D-01 -0.4025374D-03 -0.3702183D-03  0.0000000D+00
 -0.1774806D-01  0.8203947D-03  0.8304366D-03  0.0000000D+00
  0.7280902D-02 -0.9334943D-03 -0.6758501D-03  0.0000000D+00
 -0.6956601D-02  0.7583755D-02  0.4208731D-02  0.0000000D+00
  0.2550487D-02 -0.1525158D-02 -0.9090779D-03  0.0000000D+00
  0.2047157D-02  0.2461183D-02 -0.3280501D-03  0.0000000D+00
 -0.2875677D-03  0.4188364D-02 -0.8906847D-03  0.0000000D+00
 -0.1660051D-02  0.5244646D-02 -0.1212528D-02  0.0000000D+00
 -0.9781489D-02 -0.9224044D-04 -0.5768146D-04  0.0000000D+00
 -0.5937703D-02  0.9282209D-04  0.8826036D-04  0.0000000D+00
  0.8448220D-02 -0.8668288D-04 -0.1010271D-03  0.0000000D+00
 -0.3130670D-02  0.3098048D-03  0.2711165D-03  0.0000000D+00
  0.5576728D-02 -0.5427876D-03 -0.8056929D-04  0.0000000D+00
 -0.8881444D-02 -0.9267582D-04 -0.8319766D-03  0.0000000D+00
 -0.1621478D-02 -0.5655376D-02 -0.1853735D-03  0.0000000D+00
 -0.2080130D-02 -0.4013468D-02  0.2441773D-02  0.0000000D+00
 -0.1068702D-02  0.6220979D-03 -0.3051761D-02  0.0000000D+00
  0.2118839D-03 -0.5110256D-03 -0.4323400D-02  0.0000000D+00
  0.9728057D-03 -0.1122288D-02 -0.5127345D-02  0.0000000D+00
  0.5645755D-02  0.1192592D-03  0.8208367D-04  0.0000000D+00
  0.9161079D-02  0.1340062D-04 -0.2969862D-03  0.0000000D+00
  0.4541904D-02  0.2097532D-03  0.2908073D-03  0.0000000D+00
 -0.2732342D-02 -0.2217472D-03 -0.5724930D-03  0.0000000D+00
 -0.6317861D-02  0.2981198D-03  0.8544386D-03  0.0000000D+00
  0.4928164D-02 -0.8124351D-03 -0.1888498D-02  0.0000000D+00
 -0.4668816D-02  0.1771284D-02  0.2310049D-02  0.0000000D+00
  0.3197527D-02  0.1816075D-02  0.3615092D-04  0.0000000D+00
  0.3418607D-02  0.7602499D-03 -0.2039773D-02  0.0000000D+00
  0.7979601D-03  0.2944845D-02 -0.2242759D-02  0.0000000D+00
 -0.7335357D-03  0.4212302D-02 -0.2382665D-02  0.0000000D+00
 -0.1184932D-01 -0.1436259D-03  0.2565799D-04  0.0000000D+00
  0.1710039D-02  0.4319690D-03  0.5764833D-05  0.0000000D+00
 -0.3995058D-02 -0.2369752D-03  0.1034272D-03  0.0000000D+00
  0.9643371D-02  0.4566450D-03 -0.1342238D-03  0.0000000D+00
  0.6995224D-02 -0.6881277D-03  0.2921428D-03  0.0000000D+00
 -0.4246217D-02  0.2478519D-02 -0.5237238D-03  0.0000000D+00
  0.1701515D-02 -0.2400372D-02  0.6245015D-04  0.0000000D+00
  0.1629487D-02 -0.1145872D-02 -0.1751380D-02  0.0000000D+00
 -0.6113548D-04 -0.9642125D-03 -0.1554220D-03  0.0000000D+00
  0.5745712D-03  0.1125839D-02  0.3164412D-03  0.0000000D+00
  0.9276293D-03  0.2352078D-02  0.6099794D-03  0.0000000D+00
  0.7514443D-02  0.1000279D-03  0.4296590D-04  0.0000000D+00
 -0.7943107D-02  0.2963076D-03 -0.1102822D-04  0.0000000D+00
  0.1839196D-01  0.7910793D-04 -0.9199525D-04  0.0000000D+00
 -0.4442681D-02 -0.1539018D-03  0.1565067D-03  0.0000000D+00
  0.5876529D-02  0.1392541D-03 -0.3423481D-03  0.0000000D+00
 -0.6107468D-03 -0.2648109D-04  0.4500095D-03  0.0000000D+00
  0.9383689D-03 -0.1549682D-02 -0.8896601D-05  0.0000000D+00
 -0.1593770D-04 -0.9291687D-03  0.1034594D-04  0.0000000D+00
 -0.2798191D-04  0.5062824D-03  0.3871346D-03  0.0000000D+00
  0.6191368D-03  0.1770206D-02  0.8066298D-03  0.0000000D+00
  0.9978429D-03  0.2526130D-02  0.1055609D-02  0.0000000D+00
 -0.1538394D-02 -0.9991919D-05  0.6699177D-05  0.0000000D+00
 -0.9918253D-02  0.6055082D-03  0.2003109D-03  0.0000000D+00
  0.4016489D-02 -0.5844134D-03 -0.1550030D-03  0.0000000D+00
  0.4673393D-02  0.6201386D-03 -0.6903228D-04  0.0000000D+00
  0.3519554D-02 -0.7833352D-03 -0.1477900D-04  0.0000000D+00
 -0.1847918D-02  0.8563712D-03  0.1681079D-03  0.0000000D+00
 -0.4998957D-03 -0.4397391D-02  0.5767660D-04  0.0000000D+00
 -0.3063788D-02  0.8054536D-03 -0.2686119D-03  0.0000000D+00
 -0.1434478D-02  0.9286506D-03  0.3946029D-04  0.0000000D+00
  0.3262375D-03 -0.8923316D-03  0.1792978D-02  0.0000000D+00
  0.1375270D-02 -0.1957057D-02  0.2822032D-02  0.0000000D+00
 -0.9351651D-02 -0.4254725D-03  0.2632731D-02  0.0000000D+00
 -0.7519402D-02 -0.7607476D-03 -0.7781983D-03  0.0000000D+00
  0.9320873D-02 -0.1106859D-01  0.9832399D-03  0.0000000D+00
 -0.8153497D-02  0.2927923D-02  0.1268724D-02  0.0000000D+00
  0.1878728D-01 -0.1525810D-01 -0.2534494D-02  0.0000000D+00
 -0.8636990D-02  0.9509256D-03  0.4260785D-02  0.0000000D+00
  0.1081658D-01 -0.8662486D-02 -0.2190458D-02  0.0000000D+00
  0.5002743D-03 -0.4211251D-02  0.1102660D-02  0.0000000D+00
  0.1202182D-02 -0.2732305D-02  0.2713020D-02  0.0000000D+00
  0.3369516D-02 -0.2802098D-02  0.6285629D-03  0.0000000D+00
  0.4646427D-02 -0.2826480D-02 -0.5738280D-03  0.0000000D+00
  0.5006919D-03  0.9439104D-02  0.1039216D-02  0.0000000D+00
  0.1656907D-01  0.1354794D-01  0.6609613D-02  0.0000000D+00
 -0.3930836D-02  0.2890538D-03 -0.5129112D-03  0.0000000D+00
 -0.7241756D-02 -0.1057583D-01  0.4146408D-02  0.0000000D+00
  0.2027813D-01 -0.9333051D-02 -0.2571031D-02  0.0000000D+00
 -0.6812485D-02  0.2919984D-03 -0.3556204D-02  0.0000000D+00
  0.7478163D-02 -0.7830934D-02 -0.8282452D-02  0.0000000D+00
 -0.2951859D-02  0.1715347D-02  0.1128038D-02  0.0000000D+00
  0.1655973D-02  0.2869820D-02  0.2794614D-02  0.0000000D+00
  0.2569119D-02  0.3835303D-02  0.2256807D-02  0.0000000D+00
  0.3155121D-02  0.4413328D-02  0.1960266D-02  0.0000000D+00
 -0.9543431D-02  0.4678266D-02 -0.2554546D-02  0.0000000D+00
  0.7891497D-02  0.7722621D-02 -0.1749884D-02  0.0000000D+00
 -0.1622316D-01 -0.2010564D-01 -0.6734956D-02  0.0000000D+00
  0.1289050D-01 -0.6725687D-02 -0.7003914D-03  0.0000000D+00
 -0.6170542D-02  0.1272385D-01 -0.1185105D-02  0.0000000D+00
  0.3322998D-02 -0.9915445D-02 -0.5502273D-02  0.0000000D+00
 -0.1294710D-02 -0.4809053D-02  0.3054391D-02  0.0000000D+00
 -0.2373623D-02 -0.3073462D-02 -0.2894712D-02  0.0000000D+00
 -0.1930793D-03  0.5435791D-02 -0.3470361D-02  0.0000000D+00
  0.9398435D-03  0.1040557D-01 -0.4242389D-03  0.0000000D+00
  0.1627882D-02  0.1341089D-01  0.1352652D-02  0.0000000D+00
 -0.2335698D-02  0.1917658D-03  0.7384839D-04  0.0000000D+00
  0.1380164D-01 -0.1110673D-03  0.4193505D-04  0.0000000D+00
 -0.3024374D-01  0.9734440D-04 -0.6924851D-05  0.0000000D+00
  0.8678749D-02 -0.4411704D-03  0.5678881D-04  0.0000000D+00
  0.1173677D-02  0.7820688D-03 -0.2102929D-03  0.0000000D+00
  0.5700099D-02 -0.2168099D-03  0.1193898D-02  0.0000000D+00
  0.1250108D-02  0.4625961D-02  0.3341692D-02  0.0000000D+00
 -0.1266891D-02 -0.5076995D-03 -0.1339542D-02  0.0000000D+00
  0.1003501D-02 -0.2885781D-02 -0.1786019D-02  0.0000000D+00
  0.8831086D-04  0.2938738D-02 -0.2910872D-02  0.0000000D+00
 -0.4225804D-03  0.6322871D-02 -0.3574462D-02  0.0000000D+00
 -0.2737871D-02 -0.1548440D-03  0.1906195D-04  0.0000000D+00
  0.7198933D-02  0.9975017D-04 -0.9789365D-04  0.0000000D+00
 -0.6274066D-02 -0.1836306D-03  0.1142523D-03  0.0000000D+00
  0.1256596D-01  0.8456308D-04 -0.1212831D-03  0.0000000D+00
 -0.8966796D-02 -0.1746145D-03  0.4891034D-03  0.0000000D+00
  0.2957577D-02  0.5449456D-03 -0.7861744D-03  0.0000000D+00
 -0.3938425D-03 -0.2400790D-02  0.1184686D-02  0.0000000D+00
 -0.1508245D-02 -0.1416931D-02 -0.1986622D-02  0.0000000D+00
  0.4268134D-03  0.1885340D-02  0.3964960D-03  0.0000000D+00
  0.2490107D-02  0.1093863D-04  0.2361876D-03  0.0000000D+00
  0.3719863D-02 -0.1050061D-02  0.1688631D-03  0.0000000D+00
  0.4253435D-02  0.1085400D-04  0.1382688D-04  0.0000000D+00
  0.1040951D-01 -0.2042489D-03 -0.1455143D-03  0.0000000D+00
 -0.1795952D-01  0.1786124D-03  0.3397135D-03  0.0000000D+00
  0.1092717D-01  0.2309268D-03 -0.5297560D-03  0.0000000D+00
 -0.9213021D-02 -0.6129609D-04  0.8491096D-03  0.0000000D+00
  0.6114547D-02 -0.2349134D-03 -0.2242141D-02  0.0000000D+00
  0.1100958D-02 -0.2277799D-02 -0.1069157D-02  0.0000000D+00
 -0.1532721D-02 -0.1175611D-02 -0.3822735D-02  0.0000000D+00
 -0.1606288D-02 -0.3318231D-02 -0.1153190D-02  0.0000000D+00
 -0.2150535D-03 -0.1490077D-02  0.7526226D-03  0.0000000D+00
  0.5978973D-03 -0.4425241D-03  0.1898339D-02  0.0000000D+00
  0.4497155D-02 -0.1300775D-04 -0.9615962D-04  0.0000000D+00
 -0.3062921D-02  0.8025423D-04  0.3582425D-03  0.0000000D+00
 -0.4183832D-02 -0.4653068D-03 -0.4551338D-03  0.0000000D+00
  0.1558902D-02  0.6721935D-03  0.5143425D-03  0.0000000D+00
 -0.1912082D-01 -0.1091721D-02 -0.9752623D-03  0.0000000D+00
  0.7470460D-02  0.1196459D-02  0.2064394D-02  0.0000000D+00
 -0.5632048D-02 -0.3583802D-02 -0.5248849D-02  0.0000000D+00
  0.9587511D-03 -0.3722429D-04 -0.2240532D-03  0.0000000D+00
 -0.6068097D-03  0.2531134D-02  0.1845638D-02  0.0000000D+00
  0.2075231D-03  0.1421601D-02  0.3531153D-02  0.0000000D+00
  0.6659007D-03  0.8012568D-03  0.4540794D-02  0.0000000D+00
  0.2022453D-02 -0.4134509D-04 -0.5719280D-04  0.0000000D+00
 -0.3586351D-02 -0.1338522D-03  0.1536820D-03  0.0000000D+00
  0.4863547D-02  0.3241638D-05 -0.3130969D-03  0.0000000D+00
  0.1232373D-02  0.1216306D-04  0.6116735D-03  0.0000000D+00
 -0.1698681D-02 -0.5139757D-03 -0.1053807D-02  0.0000000D+00
  0.9737165D-03  0.7458916D-03  0.2712488D-02  0.0000000D+00
  0.3468133D-02 -0.5845285D-03 -0.1761502D-02  0.0000000D+00
 -0.1922990D-02  0.1567603D-02 -0.1217171D-02  0.0000000D+00
 -0.1334887D-02 -0.2015123D-02  0.9023009D-03  0.0000000D+00
  0.1281007D-02 -0.1193317D-02  0.3160976D-02  0.0000000D+00
  0.2818762D-02 -0.7520455D-03  0.4507147D-02  0.0000000D+00
  0.4012585D-02  0.5253909D-06  0.7734161D-04  0.0000000D+00
 -0.3973231D-02 -0.1218393D-03 -0.7396963D-04  0.0000000D+00
 -0.4856707D-02 -0.2560253D-04  0.9001539D-04  0.0000000D+00
  0.1893701D-02  0.2569972D-03 -0.2320976D-03  0.0000000D+00
 -0.1864960D-01 -0.5200398D-03  0.1786799D-03  0.0000000D+00
  0.1075389D-01  0.8371430D-03 -0.7403590D-03  0.0000000D+00
 -0.4141071D-02 -0.9191294D-03  0.5194022D-03  0.0000000D+00
  0.5306802D-04 -0.9921005D-03  0.2907000D-03  0.0000000D+00
 -0.3343643D-03  0.2485196D-02 -0.4505340D-03  0.0000000D+00
 -0.6804798D-03  0.2569580D-02 -0.1643099D-02  0.0000000D+00
 -0.8880894D-03  0.2658790D-02 -0.2349473D-02  0.0000000D+00
