  2  2   693 10944  4  4  9 11  7  1    0.00   24.00  100.00  600.00    0.00    6.28   45.00   45.00
  100.0  100.0  100.0  100.0  125.0  150.0  190.0  230.0  275.0  350.0  450.0  600.0  600.0  600.0  600.0
  0.4326837D+05 -0.1523277D+05  0.2572466D+04  0.0000000D+00
  0.7589053D+05  0.2532899D+05 -0.6783372D+04  0.0000000D+00
 -0.1903389D+05 -0.6586175D+04 -0.3212353D+04  0.0000000D+00
  0.7751854D+05  0.1153181D+05 -0.1173743D+05  0.0000000D+00
  0.9010967D+05  0.1457096D+05 -0.4640052D+04  0.0000000D+00
  0.3943829D+05 -0.4848101D+04  0.5368014D+04  0.0000000D+00
  0.6543786D+05 -0.1961360D+05 -0.4442175D+04  0.0000000D+00
  0.7447458D+04 -0.5215764D+03  0.1510143D+05  0.0000000D+00
  0.1361095D+06 -0.1060762D+05  0.1931841D+05  0.0000000D+00
  0.2828598D+06 -0.3662202D+05  0.1073898D+05  0.0000000D+00
  0.3702152D+06 -0.5196296D+05  0.5764252D+04  0.0000000D+00
  0.1975007D+05 -0.1447427D+05  0.1429624D+04  0.0000000D+00
  0.7386252D+05  0.2186335D+05 -0.4435766D+04  0.0000000D+00
 -0.3671602D+05 -0.1957062D+05 -0.7276312D+04  0.0000000D+00
  0.5895018D+05  0.1602970D+05 -0.7691671D+04  0.0000000D+00
  0.1893822D+04 -0.3694422D+04 -0.1426760D+04  0.0000000D+00
  0.3594687D+05  0.1069879D+05  0.1310975D+03  0.0000000D+00
  0.1092450D+05 -0.1068864D+05 -0.4475944D+04  0.0000000D+00
  0.3657702D+05 -0.8584507D+04  0.1394412D+05  0.0000000D+00
  0.1120433D+06 -0.5085535D+04  0.4337518D+04  0.0000000D+00
  0.1133832D+06  0.1497079D+05  0.3113464D+04  0.0000000D+00
  0.1150084D+06  0.2675407D+05  0.2291051D+04  0.0000000D+00
 -0.5161532D+04 -0.2260352D+04 -0.2225674D+04  0.0000000D+00
 -0.4950742D+05 -0.8750938D+03  0.2789294D+03  0.0000000D+00
  0.2703303D+04 -0.1531733D+05 -0.7124428D+04  0.0000000D+00
 -0.3518083D+05  0.1825368D+05  0.2916273D+04  0.0000000D+00
 -0.2285850D+05 -0.4675976D+05 -0.1868381D+04  0.0000000D+00
 -0.1102140D+05  0.1083247D+05 -0.6037865D+04  0.0000000D+00
 -0.1349108D+05 -0.5171105D+04  0.3568162D+04  0.0000000D+00
 -0.3137761D+04  0.1250305D+05  0.4530670D+02  0.0000000D+00
 -0.2401450D+05 -0.3219962D+04 -0.5218380D+04  0.0000000D+00
 -0.3822835D+05  0.4420070D+02  0.4172701D+04  0.0000000D+00
 -0.4678178D+05  0.1783946D+04  0.9611407D+04  0.0000000D+00
  0.9284365D+02  0.3963360D+02 -0.5867671D+02  0.0000000D+00
 -0.1105804D+04 -0.7397690D+01  0.2729885D+03  0.0000000D+00
  0.1151676D+04 -0.1069382D+03 -0.5237725D+03  0.0000000D+00
 -0.1044130D+04  0.1858403D+03  0.7762247D+03  0.0000000D+00
  0.1061811D+04 -0.5980880D+03 -0.1323667D+04  0.0000000D+00
 -0.3269193D+04  0.3508582D+04  0.2020070D+04  0.0000000D+00
  0.2185888D+04  0.1207522D+05 -0.7593081D+04  0.0000000D+00
  0.9340287D+03  0.1638697D+05  0.1425298D+05  0.0000000D+00
 -0.1478252D+05  0.1512603D+05  0.3538404D+04  0.0000000D+00
 -0.2753478D+05  0.1242548D+05 -0.7515390D+04  0.0000000D+00
 -0.3517291D+05  0.1082798D+05 -0.1410828D+05  0.0000000D+00
 -0.1826429D+03  0.1567274D+03 -0.7139292D+01  0.0000000D+00
  0.1569555D+04 -0.4776719D+03  0.9922540D+02  0.0000000D+00
 -0.6516750D+03  0.9272515D+03 -0.1433445D+03  0.0000000D+00
  0.7114634D+03 -0.1553234D+04  0.2844327D+03  0.0000000D+00
 -0.4277368D+04  0.3155125D+04 -0.5649227D+03  0.0000000D+00
  0.1951091D+05 -0.7444334D+04  0.1511206D+04  0.0000000D+00
  0.1300859D+05  0.1036107D+05  0.4067183D+04  0.0000000D+00
  0.1638035D+05 -0.7838362D+04  0.6373256D+04  0.0000000D+00
  0.9885777D+04 -0.8945398D+04  0.1013740D+05  0.0000000D+00
  0.1130984D+05  0.4699495D+04  0.8966983D+04  0.0000000D+00
  0.1207389D+05  0.1267763D+05  0.8322832D+04  0.0000000D+00
 -0.3635577D+03  0.1609223D+03 -0.7063994D+02  0.0000000D+00
 -0.2536428D+04 -0.4948034D+03  0.3301657D+03  0.0000000D+00
 -0.3841060D+03  0.7634980D+03 -0.5511230D+03  0.0000000D+00
  0.2165577D+04 -0.1330291D+04  0.9923671D+03  0.0000000D+00
 -0.4626691D+04  0.2814177D+04 -0.1729374D+04  0.0000000D+00
  0.1316916D+05 -0.9247519D+04  0.3400750D+04  0.0000000D+00
 -0.1001619D+04  0.7243068D+03 -0.4077304D+04  0.0000000D+00
  0.5176705D+04  0.2147110D+04  0.7397516D+04  0.0000000D+00
  0.5693748D+04  0.1895123D+04  0.6704716D+04  0.0000000D+00
  0.2094005D+04 -0.3201095D+04 -0.4430391D+02  0.0000000D+00
 -0.4924343D+01 -0.6186133D+04 -0.4004455D+04  0.0000000D+00
  0.5306592D+03 -0.1453745D+02  0.3197438D+02  0.0000000D+00
  0.7826566D+04 -0.1896785D+03 -0.8892958D+02  0.0000000D+00
 -0.2160804D+04  0.4652004D+03  0.1885336D+03  0.0000000D+00
  0.2445876D+03 -0.7384646D+03 -0.3116490D+03  0.0000000D+00
  0.3545226D+04  0.1392806D+04  0.6195859D+03  0.0000000D+00
 -0.1297917D+05 -0.3149024D+04 -0.1579224D+04  0.0000000D+00
  0.3012590D+04  0.4246307D+04  0.2863202D+04  0.0000000D+00
  0.4190125D+04  0.9861927D+03 -0.1723546D+03  0.0000000D+00
  0.9825951D+04  0.9641561D+03  0.1318374D+04  0.0000000D+00
  0.1424597D+04 -0.4542073D+03  0.1234647D+04  0.0000000D+00
 -0.3431332D+04 -0.1286700D+04  0.1202082D+04  0.0000000D+00
 -0.1437002D+03 -0.5539646D+02 -0.2363347D+02  0.0000000D+00
 -0.7602109D+03  0.2619418D+03  0.5784290D+02  0.0000000D+00
  0.7521537D+03 -0.5460553D+03 -0.1248833D+03  0.0000000D+00
 -0.2009178D+04  0.9560422D+03  0.2132147D+03  0.0000000D+00
  0.2693372D+04 -0.2241907D+04 -0.3014728D+03  0.0000000D+00
 -0.1022293D+05  0.5356023D+04  0.2021588D+03  0.0000000D+00
 -0.2535868D+04 -0.3911822D+04 -0.1538278D+04  0.0000000D+00
  0.2121007D+04  0.1459678D+04 -0.5102944D+03  0.0000000D+00
  0.1608210D+05  0.4150608D+04 -0.6823922D+03  0.0000000D+00
  0.7631585D+04  0.1659596D+04 -0.2280218D+04  0.0000000D+00
  0.2838812D+04  0.2305017D+03 -0.3218291D+04  0.0000000D+00
 -0.8080503D+01 -0.5087411D+02  0.5019787D+00  0.0000000D+00
 -0.3415328D+03  0.1206584D+03  0.5472332D+01  0.0000000D+00
  0.4076770D+03 -0.2045162D+03 -0.8209366D+01  0.0000000D+00
 -0.4188912D+03  0.4174562D+03  0.4300021D+02  0.0000000D+00
  0.7788707D+03 -0.9881214D+03 -0.1147604D+03  0.0000000D+00
 -0.6873317D+03  0.3655025D+04  0.3226957D+03  0.0000000D+00
  0.6953397D+03  0.3367929D+04 -0.1463445D+04  0.0000000D+00
 -0.4367051D+04  0.5343547D+04  0.1590856D+04  0.0000000D+00
 -0.5498510D+04  0.6703041D+03 -0.1173833D+04  0.0000000D+00
 -0.7282572D+04  0.1869623D+04 -0.2308364D+04  0.0000000D+00
 -0.8340763D+04  0.2519637D+04 -0.3003968D+04  0.0000000D+00
 -0.6491719D+05 -0.9139067D+04  0.1044261D+02  0.0000000D+00
 -0.1185514D+06 -0.3417389D+03  0.8527666D+03  0.0000000D+00
 -0.5137044D+04  0.1558462D+05  0.1097074D+04  0.0000000D+00
  0.2958765D+05 -0.1729471D+04  0.4620914D+03  0.0000000D+00
  0.1727515D+05 -0.2138083D+05 -0.5808300D+04  0.0000000D+00
 -0.3936250D+04 -0.4771748D+04 -0.1992409D+04  0.0000000D+00
 -0.6672503D+04 -0.2208496D+05  0.1191821D+04  0.0000000D+00
  0.2548279D+05 -0.9621748D+04 -0.4570578D+04  0.0000000D+00
  0.7482735D+05 -0.5589800D+04 -0.7583900D+04  0.0000000D+00
  0.4261255D+05 -0.9615301D+04 -0.3799706D+04  0.0000000D+00
  0.2430355D+05 -0.1192292D+05 -0.1619002D+04  0.0000000D+00
 -0.1889945D+05 -0.7062944D+04 -0.2053423D+03  0.0000000D+00
 -0.1192746D+06  0.4310201D+04  0.3370054D+04  0.0000000D+00
  0.1127483D+05 -0.4957642D+04 -0.3044273D+04  0.0000000D+00
  0.3153402D+05  0.2778348D+05  0.1035756D+05  0.0000000D+00
 -0.7771252D+04 -0.3044964D+05 -0.1066576D+04  0.0000000D+00
  0.3936429D+05  0.1046932D+05 -0.2310148D+04  0.0000000D+00
  0.5044168D+04 -0.1508111D+05  0.6096233D+04  0.0000000D+00
  0.1454020D+05 -0.1546673D+04 -0.1595810D+04  0.0000000D+00
  0.2874410D+05  0.1257502D+05 -0.6243483D+04  0.0000000D+00
  0.5114005D+03 -0.6394894D+04  0.7345771D+03  0.0000000D+00
 -0.1585765D+05 -0.1734264D+05  0.4766626D+04  0.0000000D+00
  0.2424896D+04  0.1128077D+05 -0.1846801D+03  0.0000000D+00
  0.7613060D+05  0.8091328D+04 -0.7822752D+03  0.0000000D+00
  0.2063962D+03 -0.2735629D+05  0.1348588D+04  0.0000000D+00
  0.1432503D+05  0.3622402D+05  0.2503490D+04  0.0000000D+00
  0.6160239D+03  0.2446499D+04  0.7201295D+04  0.0000000D+00
  0.3907704D+05  0.1230753D+05 -0.1058720D+04  0.0000000D+00
  0.5530699D+04  0.9421164D+04  0.8424990D+04  0.0000000D+00
 -0.3123883D+04  0.1731152D+04 -0.1965088D+04  0.0000000D+00
 -0.1130908D+05  0.1059036D+05  0.1081610D+04  0.0000000D+00
 -0.1186750D+05  0.9870815D+04  0.5657924D+04  0.0000000D+00
 -0.1228936D+05  0.9547202D+04  0.8370752D+04  0.0000000D+00
  0.2102732D+03  0.1052296D+03 -0.1338988D+02  0.0000000D+00
  0.1690276D+04  0.1675933D+03  0.4573019D+02  0.0000000D+00
 -0.1259950D+03 -0.3326030D+03 -0.7632242D+02  0.0000000D+00
 -0.1168762D+04  0.5504433D+03  0.1661372D+03  0.0000000D+00
  0.2304893D+04 -0.5064767D+03 -0.1607250D+03  0.0000000D+00
 -0.7039675D+04 -0.2866754D+03 -0.9480976D+02  0.0000000D+00
  0.5274520D+04 -0.2252384D+04  0.4872214D+03  0.0000000D+00
 -0.2833572D+05  0.9881749D+04  0.2517310D+04  0.0000000D+00
 -0.4306880D+05  0.3214870D+04 -0.7227821D+03  0.0000000D+00
 -0.2315838D+05  0.5843089D+04 -0.5490570D+03  0.0000000D+00
 -0.1167087D+05  0.7308719D+04 -0.4838567D+03  0.0000000D+00
 -0.1337231D+03 -0.6403864D+02  0.3068825D+02  0.0000000D+00
 -0.3521475D+04  0.4011199D+03 -0.1662406D+03  0.0000000D+00
  0.8402653D+03 -0.6886354D+03  0.2904053D+03  0.0000000D+00
 -0.7556282D+02  0.1259499D+04 -0.5111379D+03  0.0000000D+00
  0.4345451D+04 -0.2920563D+04  0.8306721D+03  0.0000000D+00
 -0.1615393D+05  0.7917008D+04 -0.1325626D+04  0.0000000D+00
 -0.6692502D+04 -0.3852325D+04  0.3571983D+04  0.0000000D+00
  0.1311454D+04  0.2337426D+03 -0.5337665D+04  0.0000000D+00
  0.8603702D+04  0.7440634D+04 -0.5896213D+04  0.0000000D+00
  0.5672328D+03  0.1220771D+05  0.5180645D+04  0.0000000D+00
 -0.4059224D+04  0.1508187D+05  0.1165983D+05  0.0000000D+00
  0.3453376D+03  0.1265623D+03 -0.6302378D+01  0.0000000D+00
  0.5214188D+04  0.8596520D+02 -0.3907221D+01  0.0000000D+00
 -0.1143305D+04 -0.2943565D+03 -0.4914506D+01  0.0000000D+00
 -0.1018351D+04  0.4382557D+03  0.1724348D+02  0.0000000D+00
  0.3117525D+04 -0.8989097D+03 -0.1575210D+03  0.0000000D+00
 -0.1230575D+05  0.3639316D+04  0.7668976D+03  0.0000000D+00
  0.4526776D+04 -0.6038612D+03 -0.3681349D+04  0.0000000D+00
 -0.9408872D+04  0.5349936D+04  0.8545453D+03  0.0000000D+00
 -0.1334861D+04  0.5678177D+04 -0.1093875D+04  0.0000000D+00
  0.9743399D+04  0.7584640D+04 -0.1434182D+04  0.0000000D+00
  0.1631789D+05  0.8703172D+04 -0.1655376D+04  0.0000000D+00
  0.1198841D+03 -0.1001011D+03  0.1681942D+02  0.0000000D+00
 -0.1454821D+05  0.8263834D+02 -0.8262681D+02  0.0000000D+00
  0.4258638D+04 -0.1425725D+03  0.1441801D+03  0.0000000D+00
 -0.1600875D+04  0.2931528D+03 -0.2418294D+03  0.0000000D+00
 -0.1940905D+04 -0.4481651D+03  0.4238387D+03  0.0000000D+00
  0.1671397D+05 -0.2823863D+03 -0.9935870D+03  0.0000000D+00
  0.2397497D+04 -0.3120643D+04  0.1011787D+04  0.0000000D+00
  0.7728729D+03  0.8709906D+04  0.4787845D+03  0.0000000D+00
  0.4503112D+04  0.7214252D+04  0.3979753D+03  0.0000000D+00
  0.1330592D+05 -0.1204156D+04  0.1436741D+04  0.0000000D+00
  0.1850109D+05 -0.6148043D+04  0.2043106D+04  0.0000000D+00
 -0.1313200D+03  0.9312155D+02 -0.8773134D+01  0.0000000D+00
  0.1543084D+04 -0.1771858D+03  0.7622083D+02  0.0000000D+00
 -0.1466764D+04  0.2592532D+03 -0.1311238D+03  0.0000000D+00
  0.2222428D+04 -0.4480734D+03  0.2388128D+03  0.0000000D+00
 -0.5418300D+04  0.1059409D+04 -0.3724073D+03  0.0000000D+00
  0.2024890D+05 -0.1468256D+04  0.4913978D+03  0.0000000D+00
 -0.4238693D+02  0.1157666D+03 -0.3300994D+02  0.0000000D+00
  0.8957178D+04 -0.1750270D+04  0.1518650D+04  0.0000000D+00
  0.1485991D+05  0.1158616D+04 -0.5376572D+03  0.0000000D+00
  0.1153867D+05  0.4225921D+03 -0.1392199D+04  0.0000000D+00
  0.9658544D+04  0.2503776D+02 -0.1915713D+04  0.0000000D+00
 -0.1636374D+03 -0.8801242D+02  0.3273837D+01  0.0000000D+00
 -0.1429601D+04 -0.9491295D+02  0.1245029D+02  0.0000000D+00
  0.8820065D+03  0.2763221D+03 -0.1768626D+02  0.0000000D+00
 -0.1201909D+04 -0.5253786D+03  0.3345830D+02  0.0000000D+00
  0.1708853D+04  0.7482003D+03 -0.1772917D+03  0.0000000D+00
 -0.6422243D+04 -0.2174574D+04  0.4722754D+03  0.0000000D+00
 -0.2837601D+04 -0.2509065D+04  0.1213702D+04  0.0000000D+00
  0.5366916D+03  0.2972032D+04  0.1352829D+04  0.0000000D+00
 -0.2604919D+04  0.4377556D+03  0.6994180D+03  0.0000000D+00
 -0.3661280D+04  0.1507663D+04 -0.1451774D+03  0.0000000D+00
 -0.4315149D+04  0.2106573D+04 -0.6473183D+03  0.0000000D+00
 -0.2568310D+05  0.8057817D+04 -0.3228947D+03  0.0000000D+00
 -0.2881187D+05 -0.1385955D+05  0.1932609D+04  0.0000000D+00
 -0.1185527D+05 -0.5523710D+04 -0.3346230D+04  0.0000000D+00
  0.1176303D+05 -0.8596878D+04 -0.6794499D+04  0.0000000D+00
 -0.2636955D+04 -0.1024244D+05 -0.2468307D+04  0.0000000D+00
  0.6980195D+04  0.3346968D+04  0.1704718D+03  0.0000000D+00
 -0.1617723D+05 -0.1371069D+05  0.5618999D+03  0.0000000D+00
 -0.1142051D+05  0.8235907D+04  0.4088411D+04  0.0000000D+00
  0.3434967D+04  0.7318762D+04  0.1076437D+05  0.0000000D+00
  0.1860535D+04  0.8719282D+02  0.1121078D+05  0.0000000D+00
  0.1113765D+04 -0.4156174D+04  0.1154798D+05  0.0000000D+00
 -0.1362128D+05  0.1489707D+05 -0.1035554D+04  0.0000000D+00
 -0.2815450D+05 -0.1980806D+05 -0.6284019D+03  0.0000000D+00
 -0.8613808D+04  0.7822495D+04 -0.3175586D+03  0.0000000D+00
  0.1625599D+05 -0.3523700D+05 -0.1163071D+05  0.0000000D+00
 -0.5265455D+05  0.2785025D+05 -0.7909924D+04  0.0000000D+00
  0.2922703D+05 -0.1188411D+05  0.3049816D+04  0.0000000D+00
 -0.3520796D+05 -0.1080661D+05 -0.8797710D+04  0.0000000D+00
 -0.5134768D+04 -0.1005099D+05  0.1620484D+05  0.0000000D+00
  0.2769868D+05 -0.1747211D+05  0.3905357D+04  0.0000000D+00
  0.1399834D+05 -0.1771722D+04 -0.8281639D+04  0.0000000D+00
  0.6347333D+04  0.7338156D+04 -0.1555131D+05  0.0000000D+00
  0.1162469D+05 -0.1818961D+05  0.9726559D+03  0.0000000D+00
  0.2279250D+05  0.3022061D+05 -0.5833518D+04  0.0000000D+00
 -0.7246425D+02 -0.1645160D+04 -0.7733146D+04  0.0000000D+00
  0.8776140D+04  0.1358665D+05 -0.2863828D+03  0.0000000D+00
 -0.3162511D+05 -0.1236635D+05 -0.2896106D+04  0.0000000D+00
  0.1268787D+05  0.1889704D+04  0.2827882D+04  0.0000000D+00
 -0.9125499D+04  0.7144829D+04  0.1873928D+04  0.0000000D+00
 -0.1831781D+05  0.1249821D+05 -0.4136456D+03  0.0000000D+00
 -0.3486210D+05  0.3135747D+03 -0.9149069D+04  0.0000000D+00
 -0.2017597D+05 -0.5816383D+04 -0.6294382D+04  0.0000000D+00
 -0.1176100D+05 -0.9544292D+04 -0.4722814D+04  0.0000000D+00
 -0.5609439D+02 -0.2897096D+02 -0.2412312D+02  0.0000000D+00
  0.1173333D+04 -0.1335316D+03  0.1069602D+03  0.0000000D+00
 -0.1259071D+04  0.5324935D+03 -0.2468040D+03  0.0000000D+00
  0.1900239D+04 -0.7743712D+03  0.2893181D+03  0.0000000D+00
 -0.4523100D+04  0.1203123D+04 -0.6734716D+03  0.0000000D+00
  0.7003109D+04 -0.8817580D+03  0.1888506D+04  0.0000000D+00
 -0.1480550D+05  0.2435985D+04 -0.4900696D+04  0.0000000D+00
 -0.2847786D+04 -0.7783327D+04  0.1209287D+05  0.0000000D+00
  0.2059218D+05 -0.4668204D+04 -0.2157552D+04  0.0000000D+00
  0.1293761D+05  0.2210089D+04 -0.4651288D+04  0.0000000D+00
  0.8715053D+04  0.6269241D+04 -0.6268437D+04  0.0000000D+00
  0.1652953D+03  0.1942635D+02  0.8936846D+02  0.0000000D+00
 -0.1912680D+04  0.3164572D+03 -0.4354443D+03  0.0000000D+00
  0.2063267D+04 -0.8132266D+03  0.8600791D+03  0.0000000D+00
 -0.3509193D+04  0.1350268D+04 -0.1389066D+04  0.0000000D+00
  0.4544758D+04 -0.2489364D+04  0.2637620D+04  0.0000000D+00
 -0.1194944D+05  0.5110163D+04 -0.5504530D+04  0.0000000D+00
  0.4027360D+04  0.8040551D+04  0.1299294D+05  0.0000000D+00
 -0.3605673D+05  0.2010284D+05 -0.6162536D+04  0.0000000D+00
 -0.3070477D+05  0.9071981D+04 -0.1088930D+05  0.0000000D+00
 -0.1921025D+05 -0.1025030D+05 -0.4318652D+04  0.0000000D+00
 -0.1242075D+05 -0.2168566D+05 -0.5260749D+03  0.0000000D+00
  0.1220047D+02 -0.2065372D+03 -0.4015178D+02  0.0000000D+00
  0.1583648D+04  0.2913682D+03  0.2649092D+03  0.0000000D+00
  0.1882178D+03 -0.2971081D+03 -0.5441709D+03  0.0000000D+00
 -0.2233111D+03  0.6408126D+03  0.9009378D+03  0.0000000D+00
  0.4088569D+03 -0.7533902D+03 -0.1387281D+04  0.0000000D+00
 -0.2659919D+04  0.3040662D+03  0.1722117D+04  0.0000000D+00
 -0.1090029D+04 -0.1591661D+04 -0.3135880D+04  0.0000000D+00
 -0.9843767D+04 -0.2368232D+04  0.4774486D+04  0.0000000D+00
 -0.1201559D+05  0.3789791D+03  0.2964794D+04  0.0000000D+00
 -0.1435346D+05 -0.4914223D+04 -0.3360585D+04  0.0000000D+00
 -0.1574738D+05 -0.7981091D+04 -0.7083239D+04  0.0000000D+00
 -0.1240282D+03  0.2840303D+03  0.2026975D+02  0.0000000D+00
 -0.1941224D+04 -0.1009911D+04 -0.8023794D+02  0.0000000D+00
 -0.5624857D+02  0.1533007D+04  0.2531204D+03  0.0000000D+00
  0.1775423D+04 -0.2607407D+04 -0.4239670D+03  0.0000000D+00
 -0.2268461D+04  0.4763997D+04  0.7024707D+03  0.0000000D+00
  0.6931536D+04 -0.8689684D+04 -0.1085782D+04  0.0000000D+00
 -0.5666993D+04  0.1547338D+05  0.5608398D+04  0.0000000D+00
 -0.5617055D+04  0.6675561D+04 -0.9290399D+03  0.0000000D+00
 -0.1328349D+05  0.8239478D+04 -0.1564834D+04  0.0000000D+00
 -0.1971780D+05  0.1388103D+05 -0.1144507D+03  0.0000000D+00
 -0.2356926D+05  0.1720021D+05  0.7281552D+03  0.0000000D+00
  0.1327269D+03 -0.3442790D+02 -0.3924244D+01  0.0000000D+00
  0.4348601D+03  0.2721028D+03 -0.4240815D+01  0.0000000D+00
 -0.1167917D+04 -0.2544761D+03 -0.9262235D+02  0.0000000D+00
  0.1541600D+04  0.4994642D+03  0.1228959D+03  0.0000000D+00
 -0.2817712D+04 -0.7463397D+03 -0.2339969D+03  0.0000000D+00
  0.5433260D+04  0.1509050D+04  0.8133686D+03  0.0000000D+00
 -0.6792555D+04 -0.1361518D+04 -0.3231073D+04  0.0000000D+00
 -0.1234193D+05 -0.1714081D+04  0.1298589D+04  0.0000000D+00
 -0.2175069D+05  0.2646160D+04  0.2017911D+04  0.0000000D+00
 -0.1045921D+05 -0.1567563D+04 -0.6926524D+03  0.0000000D+00
 -0.3951859D+04 -0.3986316D+04 -0.2271102D+04  0.0000000D+00
  0.9864373D+02  0.6814150D+02  0.1189905D+02  0.0000000D+00
 -0.2717725D+03 -0.3095033D+03 -0.1026328D+03  0.0000000D+00
 -0.7183211D+03  0.4667418D+03  0.2235360D+03  0.0000000D+00
  0.7627617D+03 -0.7705142D+03 -0.3450846D+03  0.0000000D+00
 -0.1201963D+04  0.1428673D+04  0.6081074D+03  0.0000000D+00
  0.1953540D+04 -0.3256382D+04 -0.9298177D+03  0.0000000D+00
 -0.7215723D+04  0.5729885D+04  0.5086914D+02  0.0000000D+00
 -0.3781068D+04 -0.9751924D+03  0.9713726D+03  0.0000000D+00
 -0.1224736D+05 -0.6408595D+03 -0.4121599D+04  0.0000000D+00
 -0.7886906D+04  0.9224536D+03 -0.3048376D+04  0.0000000D+00
 -0.5429025D+04  0.1839921D+04 -0.2476347D+04  0.0000000D+00
  0.6218832D+05  0.2937673D+04  0.3039569D+03  0.0000000D+00
  0.1083195D+06 -0.1469297D+05 -0.1131503D+03  0.0000000D+00
 -0.2459856D+05  0.7834793D+04  0.2360589D+04  0.0000000D+00
  0.2595250D+05 -0.1365272D+05 -0.4049468D+04  0.0000000D+00
 -0.1393352D+05  0.5134970D+03  0.3359352D+04  0.0000000D+00
 -0.2890138D+04 -0.4757682D+04 -0.3915850D+04  0.0000000D+00
 -0.1056354D+05 -0.5695387D+04  0.2510295D+04  0.0000000D+00
 -0.9561937D+04 -0.3498178D+04 -0.2971890D+04  0.0000000D+00
 -0.2096948D+05 -0.9223660D+04 -0.7859864D+04  0.0000000D+00
 -0.9065356D+04 -0.3917345D+04 -0.6553061D+04  0.0000000D+00
 -0.2221125D+04 -0.8723882D+03 -0.5842501D+04  0.0000000D+00
  0.2143556D+05  0.1478696D+04 -0.2373629D+03  0.0000000D+00
  0.1162708D+06 -0.9151256D+04  0.8854171D+03  0.0000000D+00
 -0.3909746D+05  0.4979416D+04  0.1262950D+04  0.0000000D+00
  0.2518803D+05 -0.1165544D+05 -0.1838495D+04  0.0000000D+00
 -0.2356974D+05 -0.1273199D+04  0.6970850D+04  0.0000000D+00
 -0.2628927D+05  0.3274095D+04 -0.1564738D+04  0.0000000D+00
 -0.1156798D+05 -0.1625372D+04  0.3010410D+04  0.0000000D+00
 -0.2427159D+05 -0.1453260D+04 -0.2484638D+04  0.0000000D+00
 -0.4079037D+05 -0.1045118D+05 -0.5415018D+04  0.0000000D+00
 -0.1373220D+05 -0.4806864D+04 -0.4246041D+04  0.0000000D+00
  0.1922679D+04 -0.1600781D+04 -0.3594235D+04  0.0000000D+00
 -0.4601293D+04 -0.6485685D+04 -0.9153360D+03  0.0000000D+00
 -0.5910168D+05  0.8267478D+04 -0.2714666D+03  0.0000000D+00
  0.1250084D+04  0.2815194D+04  0.1545229D+04  0.0000000D+00
 -0.1675673D+05  0.9027936D+04  0.7096261D+03  0.0000000D+00
 -0.3496786D+05  0.4612357D+04 -0.6903108D+03  0.0000000D+00
 -0.2561394D+05 -0.2068400D+04  0.2611406D+03  0.0000000D+00
 -0.1363478D+05 -0.1667398D+04 -0.1061071D+04  0.0000000D+00
 -0.1805023D+05 -0.3334623D+04 -0.1515636D+04  0.0000000D+00
 -0.1904931D+05  0.3157893D+03 -0.1839506D+03  0.0000000D+00
 -0.6173258D+04  0.4372523D+04 -0.1290309D+04  0.0000000D+00
  0.1352953D+04  0.6786987D+04 -0.1922997D+04  0.0000000D+00
 -0.1604806D+03 -0.7507631D+01  0.8505203D+00  0.0000000D+00
 -0.1587428D+04  0.6005908D+02 -0.7629050D+02  0.0000000D+00
  0.1407541D+04  0.5864603D+01  0.1204428D+03  0.0000000D+00
 -0.9980247D+03 -0.4459711D+02 -0.1574179D+03  0.0000000D+00
 -0.9732534D+02  0.2918006D+03  0.2784637D+03  0.0000000D+00
  0.2403536D+03 -0.2150169D+04 -0.5326922D+03  0.0000000D+00
 -0.2399941D+04  0.1283102D+04  0.1484531D+04  0.0000000D+00
 -0.2566620D+05 -0.2301377D+04 -0.9679401D+03  0.0000000D+00
 -0.3531277D+05 -0.3596592D+04 -0.2032156D+04  0.0000000D+00
 -0.1805112D+05 -0.3295887D+04  0.6160026D+02  0.0000000D+00
 -0.8057288D+04 -0.3134097D+04  0.1275737D+04  0.0000000D+00
  0.4172771D+02  0.7128935D+02  0.2130786D+02  0.0000000D+00
  0.2828653D+04  0.1747017D+02 -0.8108359D+02  0.0000000D+00
 -0.5952578D+03 -0.1511277D+03  0.1502754D+03  0.0000000D+00
 -0.2929496D+03  0.2309688D+03 -0.2897745D+03  0.0000000D+00
 -0.1569362D+04 -0.5190874D+03  0.4916124D+03  0.0000000D+00
  0.7256327D+04  0.8174285D+03 -0.1002550D+04  0.0000000D+00
 -0.1182974D+05 -0.6284012D+04  0.1488060D+04  0.0000000D+00
 -0.1344550D+05  0.2328889D+04 -0.1553643D+04  0.0000000D+00
 -0.1709881D+05  0.2862687D+04  0.1470210D+03  0.0000000D+00
 -0.7492519D+04  0.2700793D+04 -0.5738706D+03  0.0000000D+00
 -0.1909490D+04  0.2613551D+04 -0.9769451D+03  0.0000000D+00
 -0.2704621D+03  0.8338411D+02  0.1234511D+02  0.0000000D+00
 -0.5715404D+04  0.1078888D+03 -0.2812561D+02  0.0000000D+00
  0.1361811D+04 -0.9820082D+02  0.1183857D+02  0.0000000D+00
 -0.2067212D+03  0.1647783D+03  0.2369732D+02  0.0000000D+00
 -0.8695854D+03 -0.4104933D+03 -0.3271984D+02  0.0000000D+00
  0.5136492D+04  0.1979377D+04 -0.1022031D+03  0.0000000D+00
 -0.4858749D+03 -0.4255777D+04 -0.5469193D+03  0.0000000D+00
 -0.4178053D+04  0.1648655D+04  0.1888195D+04  0.0000000D+00
 -0.4127729D+04 -0.4074710D+03 -0.2430275D+03  0.0000000D+00
 -0.3872545D+04 -0.3354074D+04 -0.6118064D+03  0.0000000D+00
 -0.3722128D+04 -0.5102640D+04 -0.8514282D+03  0.0000000D+00
 -0.1282316D+03 -0.3033345D+02  0.3394434D+01  0.0000000D+00
  0.1451298D+05  0.7677421D+02  0.3077583D+02  0.0000000D+00
 -0.5211641D+04 -0.2263769D+03 -0.5811628D+02  0.0000000D+00
  0.3426661D+04  0.2676519D+03  0.1067468D+03  0.0000000D+00
 -0.1966985D+04 -0.5492686D+03 -0.2275405D+03  0.0000000D+00
 -0.1294097D+04  0.1550682D+04  0.4514152D+03  0.0000000D+00
 -0.8212726D+04  0.1038632D+04 -0.7647987D+03  0.0000000D+00
  0.4557522D+04  0.3723093D+03  0.1019256D+04  0.0000000D+00
 -0.6618068D+04  0.1476135D+04 -0.7291613D+03  0.0000000D+00
 -0.8105626D+04 -0.9788468D+03 -0.3509825D+03  0.0000000D+00
 -0.9100026D+04 -0.2403701D+04 -0.1489087D+03  0.0000000D+00
  0.9447360D+02 -0.5156802D+02 -0.2101142D+02  0.0000000D+00
 -0.6833296D+03 -0.4941325D+02  0.1081792D+03  0.0000000D+00
  0.1039055D+04  0.1321885D+03 -0.1764983D+03  0.0000000D+00
 -0.1153168D+04 -0.1847681D+01  0.3140909D+03  0.0000000D+00
  0.3232691D+04  0.2987787D+03 -0.5949992D+03  0.0000000D+00
 -0.1185605D+05 -0.6950711D+03  0.1029660D+04  0.0000000D+00
  0.4304865D+04  0.3809857D+04 -0.1500098D+04  0.0000000D+00
  0.1896036D+04 -0.3763814D+04  0.3037155D+04  0.0000000D+00
 -0.1749386D+04 -0.2392252D+04  0.4476227D+02  0.0000000D+00
 -0.8678252D+03  0.2562634D+03 -0.1413811D+04  0.0000000D+00
 -0.3902309D+03  0.1821728D+04 -0.2300774D+04  0.0000000D+00
 -0.1118217D+03  0.1068404D+01  0.6119721D+00  0.0000000D+00
  0.5498697D+03  0.2255977D+02 -0.2035280D+02  0.0000000D+00
 -0.4129737D+03 -0.5744130D+02  0.2641369D+02  0.0000000D+00
  0.9096606D+03 -0.3939042D+02 -0.2325553D+02  0.0000000D+00
 -0.1234782D+04  0.5221724D+02  0.8873198D+02  0.0000000D+00
  0.3682477D+04 -0.5270579D+03 -0.8988048D+02  0.0000000D+00
 -0.3016192D+04 -0.5809209D+02 -0.8927517D+02  0.0000000D+00
  0.2117032D+04  0.2824299D+03  0.8352854D+02  0.0000000D+00
  0.2956696D+04 -0.1212668D+04 -0.8714649D+03  0.0000000D+00
 -0.5760039D+03 -0.2036693D+04  0.6668998D+03  0.0000000D+00
 -0.2635280D+04 -0.2535424D+04  0.1556873D+04  0.0000000D+00
  0.3960632D+05 -0.2180324D+04 -0.6011376D+03  0.0000000D+00
  0.7326194D+05  0.6679291D+04 -0.1302094D+04  0.0000000D+00
 -0.1255038D+05 -0.1448109D+04  0.1317949D+04  0.0000000D+00
  0.2929456D+05 -0.1131705D+05  0.1045885D+04  0.0000000D+00
 -0.3128079D+05  0.4562874D+04 -0.9344132D+02  0.0000000D+00
  0.2074951D+04 -0.4107635D+03  0.7529795D+03  0.0000000D+00
 -0.1292256D+05  0.3868507D+04 -0.3145923D+04  0.0000000D+00
 -0.3731210D+04  0.8315825D+03  0.2232586D+04  0.0000000D+00
 -0.1089501D+05 -0.7574624D+03 -0.1854198D+04  0.0000000D+00
 -0.9634649D+04  0.2396373D+04 -0.2453645D+04  0.0000000D+00
 -0.8977554D+04  0.4221848D+04 -0.2850007D+04  0.0000000D+00
  0.1334707D+05 -0.1330558D+04 -0.2508797D+03  0.0000000D+00
  0.7671416D+05  0.5423180D+04 -0.1306849D+04  0.0000000D+00
 -0.1758018D+05 -0.4949595D+03  0.1428155D+04  0.0000000D+00
  0.3101526D+05 -0.6909129D+04  0.2304704D+03  0.0000000D+00
 -0.2094946D+05  0.1142052D+05  0.1535533D+04  0.0000000D+00
 -0.1054816D+05 -0.8202710D+04 -0.3385895D+03  0.0000000D+00
 -0.4598356D+04  0.3031264D+04  0.6898567D+03  0.0000000D+00
 -0.7620718D+04  0.2592690D+03  0.4166301D+03  0.0000000D+00
 -0.1366752D+05 -0.1240881D+04  0.1614979D+04  0.0000000D+00
 -0.1186961D+04  0.2535083D+04  0.2944950D+04  0.0000000D+00
  0.6051622D+04  0.4726441D+04  0.3736500D+04  0.0000000D+00
 -0.1214498D+05  0.2456354D+04  0.1551749D+02  0.0000000D+00
 -0.4596726D+05 -0.3203144D+04  0.9041814D+02  0.0000000D+00
  0.1245339D+04 -0.2890226D+04  0.1878180D+04  0.0000000D+00
 -0.4202431D+04  0.1216322D+05  0.1452274D+04  0.0000000D+00
 -0.2087121D+04 -0.6717438D+04  0.1157729D+04  0.0000000D+00
 -0.1459817D+05 -0.2868489D+04  0.1319896D+04  0.0000000D+00
  0.3686279D+04 -0.5368989D+04 -0.1867384D+03  0.0000000D+00
 -0.7429577D+04  0.6437674D+04  0.1347321D+04  0.0000000D+00
 -0.5479422D+04 -0.4134754D+03  0.5513439D+04  0.0000000D+00
  0.1495769D+04 -0.9562410D+03  0.4055135D+04  0.0000000D+00
  0.5601300D+04 -0.1348200D+04  0.3248221D+04  0.0000000D+00
  0.6062276D+02 -0.3424289D+02  0.9819565D+01  0.0000000D+00
 -0.1262320D+04 -0.5413501D+02 -0.8477769D+02  0.0000000D+00
  0.1464175D+03  0.1648746D+02  0.1465817D+03  0.0000000D+00
 -0.1390985D+03 -0.8178813D+02 -0.2106088D+03  0.0000000D+00
 -0.4368142D+03  0.5670354D+03  0.3675241D+03  0.0000000D+00
  0.1733601D+04 -0.2183441D+04 -0.6389639D+03  0.0000000D+00
  0.1153398D+04  0.3095052D+04  0.2540872D+04  0.0000000D+00
 -0.3282525D+04 -0.1102865D+04 -0.1672969D+04  0.0000000D+00
 -0.6593978D+04 -0.8926044D+03  0.2399234D+04  0.0000000D+00
 -0.2589659D+04 -0.5710528D+03  0.5513242D+04  0.0000000D+00
 -0.2827333D+03 -0.3804812D+03  0.7381693D+04  0.0000000D+00
 -0.1191504D+03  0.1479834D+02 -0.1683641D+02  0.0000000D+00
  0.1571839D+04 -0.1460928D+02  0.9838153D+02  0.0000000D+00
 -0.1838722D+04  0.6709793D+02 -0.1874331D+03  0.0000000D+00
  0.2625183D+04 -0.1496605D+03  0.3014133D+03  0.0000000D+00
 -0.3001331D+04  0.2330819D+03 -0.5553647D+03  0.0000000D+00
  0.1242278D+05  0.3082516D+03  0.9758700D+03  0.0000000D+00
 -0.6678280D+04  0.4140755D+03 -0.2814931D+04  0.0000000D+00
  0.1381102D+04  0.6177746D+04  0.3125120D+04  0.0000000D+00
 -0.1008418D+04 -0.5153589D+03  0.4192004D+04  0.0000000D+00
  0.7005599D+04 -0.1922424D+04  0.1237841D+04  0.0000000D+00
  0.1167178D+05 -0.2822521D+04 -0.4796302D+03  0.0000000D+00
 -0.2758779D+03  0.4919048D+02  0.4554288D+01  0.0000000D+00
 -0.3273484D+04 -0.1804135D+03 -0.3185559D+01  0.0000000D+00
  0.1084083D+04  0.2799011D+03  0.2001197D+02  0.0000000D+00
 -0.7022714D+03 -0.4966006D+03 -0.3749940D+02  0.0000000D+00
 -0.1256057D+03  0.8910925D+03  0.6525963D+02  0.0000000D+00
  0.4558934D+04 -0.5288743D+03  0.4105668D+02  0.0000000D+00
 -0.2585551D+04  0.3214063D+03 -0.7558864D+03  0.0000000D+00
 -0.1272816D+04 -0.1245120D+04 -0.3701669D+03  0.0000000D+00
 -0.9560007D+04 -0.1299869D+04 -0.6698718D+02  0.0000000D+00
 -0.5423573D+04  0.9366838D+03  0.2081575D+04  0.0000000D+00
 -0.3093449D+04  0.2245658D+04  0.3343274D+04  0.0000000D+00
  0.2613204D+03  0.8807577D+02 -0.6559225D+01  0.0000000D+00
  0.6287795D+04 -0.1934452D+03  0.1638654D+02  0.0000000D+00
 -0.1856972D+04  0.4184106D+03 -0.5055933D+02  0.0000000D+00
  0.5683639D+03 -0.7521017D+03  0.6487076D+02  0.0000000D+00
  0.9197825D+03  0.1181042D+04 -0.1771388D+03  0.0000000D+00
 -0.6046927D+04 -0.1568987D+04  0.3987049D+03  0.0000000D+00
  0.1794536D+04  0.1361445D+04 -0.4489100D+03  0.0000000D+00
  0.4123525D+04 -0.6555514D+03  0.1022872D+04  0.0000000D+00
  0.3635795D+04 -0.3715191D+04  0.3854774D+04  0.0000000D+00
  0.5387890D+04  0.1878776D+03  0.4073896D+04  0.0000000D+00
  0.6408593D+04  0.2437426D+04  0.4233612D+04  0.0000000D+00
  0.1372452D+03  0.4165788D+02  0.4280412D+01  0.0000000D+00
 -0.6175661D+02  0.9396179D+02  0.2393504D+01  0.0000000D+00
 -0.2064093D+03 -0.1900427D+03  0.3687121D+02  0.0000000D+00
 -0.2358226D+03  0.4964900D+03 -0.6309725D+02  0.0000000D+00
  0.1585997D+04 -0.9041632D+03  0.1461548D+03  0.0000000D+00
 -0.7746662D+04  0.1413416D+04 -0.3174756D+03  0.0000000D+00
  0.2773955D+04 -0.2149322D+04  0.7194703D+03  0.0000000D+00
 -0.3925950D+04 -0.1279325D+04 -0.1553365D+04  0.0000000D+00
 -0.4500679D+04 -0.5796113D+03  0.5745559D+03  0.0000000D+00
 -0.1769652D+04 -0.1363174D+04  0.1202844D+04  0.0000000D+00
 -0.1772553D+03 -0.1814469D+04  0.1594589D+04  0.0000000D+00
 -0.3700990D+02  0.5710716D+01 -0.6077980D+01  0.0000000D+00
  0.4836474D+03 -0.8481442D+01  0.5345668D+02  0.0000000D+00
  0.1097220D+03  0.3414888D+02 -0.9086747D+02  0.0000000D+00
 -0.3201734D+03 -0.2729515D+02  0.1375527D+03  0.0000000D+00
 -0.2052355D+03 -0.1913343D+03 -0.2435829D+03  0.0000000D+00
  0.9320324D+03  0.6586362D+03  0.1969747D+03  0.0000000D+00
  0.1266223D+04  0.1195672D+04 -0.2568057D+03  0.0000000D+00
  0.2670767D+04 -0.1356723D+04  0.1634516D+04  0.0000000D+00
  0.1142716D+04  0.5865146D+03  0.3152029D+04  0.0000000D+00
 -0.1418346D+04  0.3428332D+03  0.2770909D+04  0.0000000D+00
 -0.2935286D+04  0.2221390D+03  0.2564855D+04  0.0000000D+00
 -0.4948135D+05 -0.7116115D+04  0.6941943D+03  0.0000000D+00
 -0.7612500D+05  0.9173839D+04 -0.2414556D+04  0.0000000D+00
  0.1501036D+05  0.4669749D+04  0.2839295D+04  0.0000000D+00
 -0.5653741D+04 -0.7107031D+04 -0.5582006D+04  0.0000000D+00
 -0.4248647D+04  0.9255276D+04 -0.3490983D+03  0.0000000D+00
 -0.1350442D+05 -0.1257177D+04  0.6406600D+03  0.0000000D+00
 -0.2411448D+04  0.2574347D+04  0.5125943D+03  0.0000000D+00
 -0.2319785D+04 -0.2056509D+04 -0.7401754D+03  0.0000000D+00
  0.1301567D+05 -0.5452652D+04  0.3272341D+04  0.0000000D+00
  0.7338777D+04 -0.1024252D+04  0.3550578D+04  0.0000000D+00
  0.4185832D+04  0.1529187D+04  0.3757792D+04  0.0000000D+00
 -0.1085794D+05 -0.4313560D+04  0.9382361D+03  0.0000000D+00
 -0.9041787D+05  0.5602406D+04 -0.1981401D+04  0.0000000D+00
  0.2984817D+05  0.5509522D+04  0.2230959D+04  0.0000000D+00
 -0.1087405D+05 -0.7868492D+04 -0.5815150D+04  0.0000000D+00
 -0.9389466D+04  0.7128380D+04  0.1154309D+04  0.0000000D+00
 -0.9290725D+03 -0.2048496D+04 -0.7491943D+02  0.0000000D+00
 -0.2783821D+04 -0.4798774D+04  0.1379373D+04  0.0000000D+00
 -0.7828124D+04  0.6122533D+03 -0.1011695D+04  0.0000000D+00
  0.6074501D+04  0.4899915D+03  0.3630360D+04  0.0000000D+00
  0.3180549D+04 -0.1437478D+04  0.5191828D+04  0.0000000D+00
  0.1640718D+04 -0.2569259D+04  0.6157850D+04  0.0000000D+00
  0.1225752D+03  0.7390090D+04  0.1426756D+03  0.0000000D+00
  0.4047430D+05 -0.9110329D+04  0.8412514D+03  0.0000000D+00
 -0.6397143D+04  0.1055975D+04 -0.7594832D+03  0.0000000D+00
  0.1444648D+05  0.4247293D+04 -0.2263591D+03  0.0000000D+00
 -0.1407556D+05 -0.4494330D+04  0.1091209D+03  0.0000000D+00
  0.1093384D+05 -0.8078901D+03 -0.9305519D+03  0.0000000D+00
  0.1034609D+04 -0.4313889D+04  0.1023039D+04  0.0000000D+00
 -0.5060694D+04  0.3785287D+04 -0.4469739D+03  0.0000000D+00
 -0.1197900D+05  0.5290446D+04  0.4392485D+03  0.0000000D+00
 -0.3231963D+04  0.3055988D+04  0.2159882D+04  0.0000000D+00
  0.1811250D+04  0.1765056D+04  0.3176842D+04  0.0000000D+00
  0.1574143D+03  0.7549940D+02  0.9492253D+01  0.0000000D+00
  0.1391987D+04 -0.1468929D+03 -0.4990017D+00  0.0000000D+00
 -0.7007004D+03  0.1709809D+03  0.3072435D+02  0.0000000D+00
 -0.1627410D+03 -0.1997465D+03 -0.8056340D+02  0.0000000D+00
 -0.8207909D+02  0.4924746D+03  0.1211890D+03  0.0000000D+00
 -0.1643534D+04 -0.1183231D+04 -0.1241775D+03  0.0000000D+00
 -0.1087115D+04  0.7670483D+03  0.5696542D+03  0.0000000D+00
 -0.4611244D+04  0.1532706D+04  0.4118928D+03  0.0000000D+00
  0.7944814D+03  0.1105529D+04  0.9541022D+03  0.0000000D+00
  0.1230408D+04  0.1532663D+04  0.2569405D+04  0.0000000D+00
  0.1545913D+04  0.1777324D+04  0.3521748D+04  0.0000000D+00
  0.7424839D+02  0.2667541D+02 -0.6364305D+01  0.0000000D+00
 -0.2842544D+04 -0.7434822D+01  0.2287972D+02  0.0000000D+00
  0.8264487D+03  0.1160610D+03 -0.5161188D+02  0.0000000D+00
 -0.1523452D+03 -0.2937822D+03  0.1066558D+03  0.0000000D+00
  0.3488033D+04  0.3507681D+03 -0.1720664D+03  0.0000000D+00
 -0.1186159D+05  0.4304727D+03  0.2222861D+03  0.0000000D+00
  0.3842728D+04  0.4700459D+04  0.4538745D+03  0.0000000D+00
 -0.5747967D+03  0.1092546D+04 -0.4391888D+03  0.0000000D+00
 -0.6912652D+04  0.5660509D+03 -0.8400238D+02  0.0000000D+00
  0.7389611D+03  0.4297546D+04  0.2128691D+04  0.0000000D+00
  0.5147520D+04  0.6476659D+04  0.3427929D+04  0.0000000D+00
  0.6895569D+02  0.8217353D+02 -0.2672314D+02  0.0000000D+00
  0.5826596D+04 -0.3094118D+02  0.9956658D+02  0.0000000D+00
 -0.2393495D+04 -0.9928722D+02 -0.1647233D+03  0.0000000D+00
  0.1827904D+04  0.1457837D+03  0.2601507D+03  0.0000000D+00
 -0.1504544D+04 -0.1981057D+03 -0.4107918D+03  0.0000000D+00
  0.7414527D+03  0.6117350D+03  0.6182057D+03  0.0000000D+00
 -0.2349845D+04  0.1270655D+04 -0.1471063D+04  0.0000000D+00
  0.6454105D+04  0.8635072D+02  0.1901580D+04  0.0000000D+00
  0.1049423D+05 -0.1359852D+04 -0.1919338D+03  0.0000000D+00
  0.3302066D+04  0.7290489D+03  0.3233112D+03  0.0000000D+00
 -0.8630329D+03  0.1936349D+04  0.6020877D+03  0.0000000D+00
 -0.4139082D+03 -0.3131052D+02  0.8841114D+01  0.0000000D+00
 -0.1178553D+05  0.5664328D+02 -0.2896443D+02  0.0000000D+00
  0.3573431D+04 -0.4524436D+01  0.8902836D+02  0.0000000D+00
 -0.1206579D+04  0.8522239D+02 -0.1620717D+03  0.0000000D+00
 -0.1373108D+04 -0.8656719D+02  0.2817082D+03  0.0000000D+00
  0.7178481D+04 -0.7364928D+03 -0.4101060D+03  0.0000000D+00
  0.8749976D+03 -0.5773869D+03  0.6123320D+03  0.0000000D+00
 -0.1305657D+03 -0.3181789D+04  0.4733843D+02  0.0000000D+00
 -0.3290209D+04  0.1046107D+04 -0.5115384D+03  0.0000000D+00
  0.8183580D+03  0.2267343D+02  0.1005610D+04  0.0000000D+00
  0.3188334D+04 -0.5291762D+03  0.1887741D+04  0.0000000D+00
  0.4611049D+02  0.6594704D+02 -0.1342788D+02  0.0000000D+00
 -0.2338703D+03  0.8972032D+02  0.6003163D+02  0.0000000D+00
  0.6018851D+02 -0.1714142D+03 -0.1167586D+03  0.0000000D+00
  0.9524739D+02  0.2576051D+03  0.1847175D+03  0.0000000D+00
 -0.7413021D+03 -0.5190744D+03 -0.3564789D+03  0.0000000D+00
  0.1920338D+04  0.4701067D+03  0.6555615D+03  0.0000000D+00
  0.7721899D+03 -0.2216643D+04 -0.1488747D+04  0.0000000D+00
 -0.7486200D+03  0.1019366D+04  0.1495242D+04  0.0000000D+00
  0.6785777D+04  0.5274797D+03  0.2012647D+03  0.0000000D+00
  0.4517038D+04 -0.1332330D+04  0.2599085D+03  0.0000000D+00
  0.3272736D+04 -0.2426471D+04  0.2801902D+03  0.0000000D+00
  0.2360898D+03 -0.2988047D+02  0.1127651D+01  0.0000000D+00
 -0.8163725D+03 -0.1153080D+03 -0.6357534D+01  0.0000000D+00
  0.3987208D+03  0.1811973D+03  0.1405608D+02  0.0000000D+00
 -0.9082529D+03 -0.1685456D+03 -0.3114566D+02  0.0000000D+00
  0.1761414D+04  0.3459493D+03  0.9961426D+02  0.0000000D+00
 -0.3544744D+04 -0.4373245D+03 -0.2028332D+03  0.0000000D+00
 -0.1880599D+04  0.1060967D+04  0.4539089D+02  0.0000000D+00
 -0.1878895D+04 -0.4708135D+03 -0.1956273D+03  0.0000000D+00
 -0.5689339D+04 -0.2030070D+04  0.7993930D+03  0.0000000D+00
 -0.3158563D+04 -0.1545480D+04  0.2303341D+04  0.0000000D+00
 -0.1718958D+04 -0.1278615D+04  0.3195281D+04  0.0000000D+00
 -0.5036915D+05 -0.3542000D+04  0.1190232D+04  0.0000000D+00
 -0.7740142D+05 -0.5531470D+03 -0.1737410D+04  0.0000000D+00
  0.1120937D+05  0.2014391D+04  0.1970742D+04  0.0000000D+00
 -0.1197966D+05 -0.5363341D+03  0.5674018D+03  0.0000000D+00
  0.2344880D+05 -0.1054693D+04 -0.2965342D+03  0.0000000D+00
 -0.1095084D+05 -0.3187487D+03 -0.2022036D+03  0.0000000D+00
  0.1211626D+05 -0.1889378D+03 -0.3689144D+03  0.0000000D+00
  0.6711296D+04 -0.8887152D+03  0.1786821D+04  0.0000000D+00
  0.8794615D+04  0.2363363D+04  0.2525560D+04  0.0000000D+00
  0.2400715D+04  0.3409815D+04  0.2535786D+04  0.0000000D+00
 -0.1318835D+04  0.4056540D+04  0.2550415D+04  0.0000000D+00
 -0.1814334D+05 -0.2800317D+04  0.5929563D+03  0.0000000D+00
 -0.8112657D+05 -0.5381985D+04 -0.2152787D+04  0.0000000D+00
  0.1410463D+05  0.4416273D+04  0.1902469D+04  0.0000000D+00
 -0.3063218D+04 -0.5701636D+04  0.7964644D+02  0.0000000D+00
  0.1647612D+05  0.1067377D+05  0.6466250D+03  0.0000000D+00
  0.1283277D+05 -0.1604554D+04  0.1684440D+03  0.0000000D+00
  0.5687512D+04  0.9315311D+03 -0.1426942D+04  0.0000000D+00
  0.8588605D+04 -0.3047899D+04  0.2392870D+04  0.0000000D+00
  0.4950421D+04  0.1606217D+04  0.1369791D+04  0.0000000D+00
 -0.2703404D+03  0.3234817D+04  0.3799617D+03  0.0000000D+00
 -0.3368462D+04  0.4237744D+04 -0.2103078D+03  0.0000000D+00
  0.1098156D+05  0.2784177D+04 -0.3443196D+03  0.0000000D+00
  0.4913861D+05 -0.2550199D+04 -0.2255118D+04  0.0000000D+00
 -0.8735915D+04  0.1040453D+04  0.1764632D+04  0.0000000D+00
  0.1593990D+05  0.2062056D+04 -0.2339172D+04  0.0000000D+00
 -0.6203229D+04 -0.3052503D+03  0.2759490D+03  0.0000000D+00
  0.1988307D+05  0.4068803D+03  0.4633775D+03  0.0000000D+00
 -0.4119090D+04 -0.5993874D+03 -0.1416801D+04  0.0000000D+00
  0.1762788D+04  0.3551454D+04  0.3825050D+03  0.0000000D+00
 -0.5978261D+04 -0.3131612D+04 -0.3407453D+03  0.0000000D+00
 -0.7973884D+04 -0.9245488D+03  0.5852796D+03  0.0000000D+00
 -0.9228636D+04  0.2934971D+03  0.1119295D+04  0.0000000D+00
  0.9032148D+01 -0.2627689D+02 -0.8245549D+01  0.0000000D+00
  0.1601724D+04 -0.1359423D+03  0.1898512D+02  0.0000000D+00
  0.5369347D+03  0.2128931D+03 -0.3573719D+02  0.0000000D+00
 -0.9255936D+03 -0.3989847D+03  0.1025269D+03  0.0000000D+00
  0.1666566D+04  0.5406133D+03 -0.1588005D+03  0.0000000D+00
 -0.1686275D+04  0.8781905D+03  0.3639734D+03  0.0000000D+00
  0.2913474D+04  0.3198605D+04 -0.1476660D+04  0.0000000D+00
  0.1253336D+03 -0.8546764D+03  0.2498604D+04  0.0000000D+00
 -0.1367011D+04  0.3809806D+04  0.1169656D+04  0.0000000D+00
  0.2705426D+04  0.1444343D+04  0.2381218D+03  0.0000000D+00
  0.5071892D+04  0.1110633D+03 -0.3215092D+03  0.0000000D+00
 -0.1613292D+03 -0.2999807D+02  0.5501550D+01  0.0000000D+00
 -0.2116392D+04  0.7568725D+02  0.1239798D+02  0.0000000D+00
  0.1891621D+04 -0.9234923D+02  0.1584017D+02  0.0000000D+00
 -0.3445097D+04  0.5641856D+02 -0.4258329D+02  0.0000000D+00
  0.4532074D+04 -0.8244766D+01  0.6013966D+02  0.0000000D+00
 -0.1630153D+05 -0.9942991D+03 -0.9560680D+02  0.0000000D+00
  0.6878290D+04  0.8870342D+03  0.4705586D+03  0.0000000D+00
  0.2459080D+03  0.2043723D+04  0.6349039D+03  0.0000000D+00
 -0.2987509D+04 -0.1916379D+04  0.1499374D+04  0.0000000D+00
 -0.1803335D+04 -0.9576111D+03  0.2877305D+04  0.0000000D+00
 -0.1145696D+04 -0.4411485D+03  0.3693464D+04  0.0000000D+00
  0.1127081D+03  0.7228055D+02 -0.7421164D+01  0.0000000D+00
  0.4156088D+04 -0.4799459D+02  0.2795037D+02  0.0000000D+00
 -0.1219967D+04  0.9174394D+02 -0.7301610D+02  0.0000000D+00
  0.6456254D+03 -0.2718586D+03  0.1278148D+03  0.0000000D+00
  0.1175829D+04  0.5525466D+03 -0.2184481D+03  0.0000000D+00
 -0.9501956D+04 -0.2863345D+04  0.2368645D+03  0.0000000D+00
  0.2741084D+04  0.1369690D+04 -0.3641484D+03  0.0000000D+00
 -0.1405942D+04  0.2139321D+04  0.2005028D+04  0.0000000D+00
  0.2955365D+04  0.4137595D+04  0.2247255D+04  0.0000000D+00
  0.2931523D+04 -0.2297901D+04  0.8005918D+03  0.0000000D+00
  0.2967067D+04 -0.6043668D+04 -0.4366583D+02  0.0000000D+00
 -0.1799836D+03  0.5031514D+02  0.7335316D+01  0.0000000D+00
 -0.9004615D+04 -0.8026801D+02 -0.3932866D+01  0.0000000D+00
  0.2963089D+04  0.1862675D+03  0.8718464D+01  0.0000000D+00
 -0.4344670D+03 -0.2971346D+03 -0.1147399D+02  0.0000000D+00
 -0.9500943D+03  0.5123340D+03  0.2558993D+02  0.0000000D+00
  0.7309285D+04 -0.1196729D+04 -0.9952397D+02  0.0000000D+00
  0.1307727D+04 -0.1837463D+03  0.3602032D+02  0.0000000D+00
 -0.1312006D+04 -0.2365355D+04  0.1481929D+03  0.0000000D+00
  0.3541237D+03 -0.1087135D+04  0.6962114D+03  0.0000000D+00
  0.4967478D+03  0.1000988D+04  0.8312549D+03  0.0000000D+00
  0.5982918D+03  0.2236815D+04  0.9163915D+03  0.0000000D+00
  0.6662803D+02  0.5287528D+02 -0.7998406D+01  0.0000000D+00
  0.7233940D+03 -0.5060574D+02  0.4311321D+02  0.0000000D+00
 -0.8685992D+03  0.1466445D+03 -0.9879932D+02  0.0000000D+00
  0.1357612D+04 -0.9150708D+02  0.1450776D+03  0.0000000D+00
 -0.1290212D+04  0.2626872D+02 -0.3254824D+03  0.0000000D+00
  0.1007513D+05  0.3863839D+03  0.5667267D+03  0.0000000D+00
 -0.5962212D+03  0.3020724D+03 -0.7108930D+03  0.0000000D+00
  0.2676052D+04  0.3333357D+03  0.1306659D+04  0.0000000D+00
  0.4514801D+04  0.1083004D+04  0.8885881D+03  0.0000000D+00
  0.2039335D+04  0.2051787D+04  0.1751000D+03  0.0000000D+00
  0.6104961D+03  0.2627538D+04 -0.2467421D+03  0.0000000D+00
 -0.3412384D+01  0.3184114D+02 -0.4760879D+01  0.0000000D+00
 -0.3807654D+03 -0.2908508D+02 -0.2344030D+01  0.0000000D+00
  0.1927106D+03  0.3066121D+02 -0.2024628D+02  0.0000000D+00
 -0.6857703D+03 -0.5281180D+01  0.5120400D+02  0.0000000D+00
  0.7408835D+03 -0.1429584D+01 -0.2151572D+02  0.0000000D+00
 -0.1450440D+04  0.7755713D+03 -0.1037463D+01  0.0000000D+00
  0.1372891D+02  0.1336825D+04  0.7516297D+01  0.0000000D+00
 -0.3253910D+04 -0.5471346D+03 -0.2392597D+03  0.0000000D+00
 -0.6125700D+03  0.6070872D+03 -0.4559834D+03  0.0000000D+00
 -0.3720879D+03 -0.6220756D+01  0.5402371D+03  0.0000000D+00
 -0.2019353D+03 -0.3523836D+03  0.1121062D+04  0.0000000D+00
