  3  2   693 10944  4  4  9 11  7  1    0.00   24.00  100.00  600.00    0.00    6.28   45.00   45.00
  100.0  100.0  100.0  100.0  125.0  150.0  190.0  230.0  275.0  350.0  450.0  600.0  600.0  600.0  600.0
  0.2327393D+03  0.6067989D+02 -0.8742784D+00  0.0000000D+00
  0.3806451D+03 -0.1162937D+03  0.1618473D+02  0.0000000D+00
  0.4387538D+03  0.1380015D+03 -0.2942729D+02  0.0000000D+00
  0.6981661D+03  0.6486338D+02  0.2994101D+02  0.0000000D+00
  0.1405117D+04  0.8828318D+02 -0.3551444D+02  0.0000000D+00
  0.1611570D+04 -0.6589220D+00 -0.1637270D+02  0.0000000D+00
  0.1705416D+04  0.2352522D+02 -0.1498266D+02  0.0000000D+00
  0.2050874D+04 -0.1428424D+03  0.5102944D+02  0.0000000D+00
  0.2133691D+04 -0.6952192D+02  0.5652117D+02  0.0000000D+00
  0.2134254D+04 -0.4998065D+02  0.5768866D+02  0.0000000D+00
  0.2135510D+04 -0.3773200D+02  0.5843293D+02  0.0000000D+00
 -0.2675382D+02  0.7417996D+02 -0.4527094D+01  0.0000000D+00
  0.1827830D+03 -0.8224035D+02 -0.1687670D+02  0.0000000D+00
 -0.1387810D+03  0.1352496D+02 -0.3416319D+02  0.0000000D+00
  0.3868262D+02 -0.6901008D+02 -0.2943531D+01  0.0000000D+00
 -0.2443514D+03  0.1338507D+02  0.5854961D+02  0.0000000D+00
 -0.3268245D+03 -0.3358047D+02  0.1354065D+01  0.0000000D+00
 -0.2765687D+03  0.4359569D+02 -0.6061108D+02  0.0000000D+00
 -0.3139245D+03  0.9879173D+01 -0.1168279D+02  0.0000000D+00
 -0.3227490D+03 -0.3495510D+02 -0.1414017D+02  0.0000000D+00
 -0.3959792D+03 -0.3215992D+02 -0.1268692D+02  0.0000000D+00
 -0.4389612D+03 -0.3102763D+02 -0.1187348D+02  0.0000000D+00
 -0.1789830D+02 -0.1165155D+02  0.9697430D+00  0.0000000D+00
  0.4404957D+02  0.1383890D+02 -0.1521475D+02  0.0000000D+00
 -0.9476471D+02  0.2426930D+01 -0.2003344D+02  0.0000000D+00
  0.7772692D+02 -0.8539202D+01  0.1955264D+02  0.0000000D+00
 -0.1028135D+03 -0.7092092D+02 -0.3027759D+01  0.0000000D+00
 -0.1703113D+02 -0.3124029D+02 -0.3125449D+00  0.0000000D+00
  0.1114203D+03  0.2710041D+02 -0.3915814D+02  0.0000000D+00
  0.6627206D+02  0.6823063D+02  0.3358746D+02  0.0000000D+00
  0.8669624D+02  0.1858083D+02  0.3047670D+02  0.0000000D+00
  0.7634380D+02 -0.6537245D+01  0.6893816D+01  0.0000000D+00
  0.7049633D+02 -0.2180780D+02 -0.6937269D+01  0.0000000D+00
  0.1220335D+02 -0.2356565D+00 -0.2805009D+00  0.0000000D+00
 -0.5276960D+01  0.2066688D+01  0.1312159D+01  0.0000000D+00
  0.6015767D+01 -0.3798964D+01 -0.2660178D+01  0.0000000D+00
 -0.7144260D+01  0.6119055D+01  0.4515228D+01  0.0000000D+00
  0.2383238D+02 -0.1119826D+02 -0.8530302D+01  0.0000000D+00
 -0.2028954D+02  0.1689466D+02  0.2097896D+02  0.0000000D+00
  0.2510516D+02 -0.5035752D+01 -0.2598300D+02  0.0000000D+00
 -0.4189172D+02 -0.6590736D+02 -0.4935426D+00  0.0000000D+00
 -0.3036493D+02 -0.3970862D+02 -0.8646668D+00  0.0000000D+00
  0.3136030D+02 -0.3855999D+02 -0.5603356D+01  0.0000000D+00
  0.6760242D+02 -0.3758869D+02 -0.8381301D+01  0.0000000D+00
  0.1014252D+01  0.8808498D-01 -0.9426509D-02  0.0000000D+00
 -0.9373904D+00 -0.4684212D+00  0.1724790D+00  0.0000000D+00
  0.1924564D+00  0.6258864D+00 -0.8528568D-01  0.0000000D+00
  0.7114979D+01 -0.1628554D+01  0.3288614D+00  0.0000000D+00
  0.2157224D+01  0.3539572D+01 -0.6144523D+00  0.0000000D+00
 -0.9438321D+01 -0.7884418D+01  0.1419668D+01  0.0000000D+00
  0.2738444D+02 -0.9220157D+00 -0.7166128D+01  0.0000000D+00
  0.9341622D+02 -0.4344386D+02  0.3042121D+02  0.0000000D+00
  0.1277098D+03 -0.4007304D+02  0.5142988D+02  0.0000000D+00
  0.6363402D+02 -0.3872224D+02  0.3385253D+02  0.0000000D+00
  0.2652206D+02 -0.3789381D+02  0.2380269D+02  0.0000000D+00
  0.1802334D+01 -0.9536333D-01  0.5281406D-01  0.0000000D+00
  0.1171528D+01 -0.8424614D+00 -0.2037312D+00  0.0000000D+00
 -0.5675463D+00  0.2154348D+01  0.6200518D+00  0.0000000D+00
 -0.4030841D+01 -0.3040089D+01 -0.1079042D+01  0.0000000D+00
  0.9505375D+00  0.4777877D+01  0.2520886D+01  0.0000000D+00
 -0.7621004D+01 -0.2764874D+01 -0.1097301D+02  0.0000000D+00
  0.4101557D+02 -0.2665343D+02 -0.8578850D+00  0.0000000D+00
  0.5632670D+02 -0.7261262D+01  0.7674766D+00  0.0000000D+00
  0.5365792D+02 -0.1195112D+02  0.5486221D+01  0.0000000D+00
  0.5148551D+02 -0.1195472D+02  0.9369336D+01  0.0000000D+00
  0.5017848D+02 -0.1201150D+02  0.1169180D+02  0.0000000D+00
 -0.9220943D+00  0.3649045D-01 -0.1854259D-01  0.0000000D+00
  0.3897968D+01  0.2425588D+00  0.1713106D+00  0.0000000D+00
 -0.3964010D+01 -0.3948834D+00 -0.1755527D+00  0.0000000D+00
  0.4059211D+01  0.2906025D+00  0.2776882D+00  0.0000000D+00
 -0.2244883D+02 -0.1185090D+01 -0.2138561D+00  0.0000000D+00
  0.3380158D+02  0.4264163D+01 -0.1722630D+01  0.0000000D+00
 -0.7894694D+02 -0.1132138D+02 -0.3510388D+01  0.0000000D+00
  0.7410235D+02  0.1978105D+01  0.1531868D+01  0.0000000D+00
  0.3211433D+01 -0.4411299D+01  0.1178584D+02  0.0000000D+00
 -0.7857142D+01 -0.1600006D+01  0.6541112D+01  0.0000000D+00
 -0.1511541D+02 -0.3111322D-01  0.3586341D+01  0.0000000D+00
 -0.1420005D+01 -0.2679583D+00  0.1466747D-01  0.0000000D+00
 -0.5143162D+01  0.4359151D+00 -0.1048614D+00  0.0000000D+00
  0.7905136D+01 -0.2049963D+00  0.3676268D-01  0.0000000D+00
 -0.7783963D+01 -0.1298851D-01  0.5827277D-01  0.0000000D+00
  0.7552129D+01 -0.6527086D-02 -0.4626373D+00  0.0000000D+00
  0.1277897D+01 -0.5800306D+01  0.3978421D+01  0.0000000D+00
  0.1211193D+02  0.1851836D+02  0.5980654D+00  0.0000000D+00
 -0.4979964D+02 -0.5871651D+01 -0.2174919D+01  0.0000000D+00
 -0.1034435D+03 -0.1648311D+01 -0.9575011D+01  0.0000000D+00
 -0.6728232D+02  0.8677735D+00 -0.8271691D+01  0.0000000D+00
 -0.4671173D+02  0.2389475D+01 -0.7593492D+01  0.0000000D+00
 -0.5917017D+00  0.9932423D-01 -0.1042550D+00  0.0000000D+00
  0.1044524D+01 -0.4970195D-01  0.4599786D+00  0.0000000D+00
 -0.9056681D+00 -0.3138371D-01 -0.6042689D+00  0.0000000D+00
 -0.2178722D+01  0.4636710D+00  0.1020189D+01  0.0000000D+00
  0.4695398D+01 -0.3627309D+00 -0.2408130D+01  0.0000000D+00
 -0.5652967D+01  0.1315806D+01  0.6031468D+01  0.0000000D+00
 -0.1260865D+02  0.2425868D+01 -0.5017162D+01  0.0000000D+00
 -0.1428188D+02  0.2154034D+01 -0.3152413D+01  0.0000000D+00
 -0.1311662D+02 -0.1264156D+02 -0.9108662D+01  0.0000000D+00
  0.1123331D+02 -0.1092900D+02 -0.6529051D+01  0.0000000D+00
  0.2549654D+02 -0.1009433D+02 -0.5085562D+01  0.0000000D+00
 -0.3717671D+02  0.4254751D+02  0.1234899D+02  0.0000000D+00
 -0.1676495D+03 -0.7931985D+02 -0.6760252D+01  0.0000000D+00
  0.9207718D+02  0.1077957D+03  0.1205546D+02  0.0000000D+00
 -0.8446635D+02 -0.4370709D+02  0.2737962D+02  0.0000000D+00
 -0.2040070D+03  0.4504461D+02 -0.4616268D+01  0.0000000D+00
 -0.2710739D+03  0.4195758D+02  0.3588405D+02  0.0000000D+00
 -0.3908656D+03 -0.8010220D+02  0.1250491D+02  0.0000000D+00
 -0.4095249D+03 -0.5190084D+01  0.5245259D+01  0.0000000D+00
 -0.3926608D+03 -0.1798705D+02  0.1962132D+02  0.0000000D+00
 -0.3075440D+03 -0.2017158D+02  0.2876636D+02  0.0000000D+00
 -0.2575359D+03 -0.2159965D+02  0.3428371D+02  0.0000000D+00
  0.2324177D+02  0.4154762D+02  0.1425579D+02  0.0000000D+00
 -0.1023542D+03 -0.9729116D+02  0.3940431D+01  0.0000000D+00
  0.1044247D+03  0.1002672D+03 -0.8270580D+01  0.0000000D+00
  0.3110466D+02 -0.6468795D+02  0.2891768D+02  0.0000000D+00
  0.1012310D+03  0.5705755D+02 -0.1828266D+02  0.0000000D+00
  0.1000941D+03  0.4808151D+02 -0.2192939D+02  0.0000000D+00
 -0.5794686D+02  0.5092860D+02  0.1373242D+02  0.0000000D+00
 -0.1388113D+01  0.3639763D+02  0.1413998D+02  0.0000000D+00
  0.1107797D+02 -0.2716046D+02  0.7089331D+01  0.0000000D+00
 -0.8514295D+02 -0.4675782D+02  0.2841302D+01  0.0000000D+00
 -0.1413258D+03 -0.5894429D+02  0.2752257D+00  0.0000000D+00
 -0.1622915D+02 -0.2651312D+02  0.1167084D+02  0.0000000D+00
 -0.1179895D+03 -0.1807061D+02 -0.2978785D+02  0.0000000D+00
  0.5929897D+02  0.5384805D+02  0.3735417D+02  0.0000000D+00
 -0.1495038D+02 -0.4764476D+02 -0.1889372D+02  0.0000000D+00
 -0.7614948D+02 -0.8115894D+02  0.3482382D+02  0.0000000D+00
 -0.1316288D+02  0.1338583D+02 -0.3479595D+02  0.0000000D+00
 -0.1306698D+03 -0.7431797D+02  0.1089312D+02  0.0000000D+00
 -0.2814488D+00  0.1005777D+02 -0.4175181D+02  0.0000000D+00
 -0.5217455D+01  0.6580182D+02 -0.3818471D+02  0.0000000D+00
 -0.1076851D+02  0.2935079D+02 -0.1162619D+01  0.0000000D+00
 -0.1407867D+02  0.8630410D+01  0.2055150D+02  0.0000000D+00
 -0.1240422D+01  0.3162133D-01  0.3323355D+00  0.0000000D+00
 -0.1461983D+01 -0.5112367D+00 -0.1529139D+01  0.0000000D+00
 -0.3004013D+01  0.1023886D+01  0.2774853D+01  0.0000000D+00
  0.9948450D+00 -0.5902791D+00 -0.4268673D+01  0.0000000D+00
  0.9509992D+01  0.1611975D+01  0.8241622D+01  0.0000000D+00
  0.1422535D+02 -0.1056258D+02 -0.2047998D+02  0.0000000D+00
  0.7659889D+02  0.3404718D+01  0.2351415D+02  0.0000000D+00
  0.1756617D+03  0.4089627D+01  0.1108827D+01  0.0000000D+00
  0.2005616D+03  0.2321270D+02 -0.2037969D+01  0.0000000D+00
  0.1567238D+03  0.1638199D+02  0.4748570D+01  0.0000000D+00
  0.1313254D+03  0.1261052D+02  0.8685237D+01  0.0000000D+00
  0.5116906D+00  0.1584546D+00 -0.6759408D-01  0.0000000D+00
  0.2014903D+01 -0.3205578D+00  0.3316914D+00  0.0000000D+00
 -0.6864734D+01  0.1628683D+00 -0.4957435D+00  0.0000000D+00
  0.1370189D+02  0.2307858D+00  0.8609567D+00  0.0000000D+00
 -0.1576458D+02  0.6395524D+00 -0.1447813D+01  0.0000000D+00
  0.1467262D+02 -0.1387028D+01  0.2900924D+01  0.0000000D+00
 -0.1236027D+03  0.1169189D+02  0.1232152D+02  0.0000000D+00
 -0.2459799D+02 -0.1472605D+02 -0.2403901D+02  0.0000000D+00
 -0.3254775D+02 -0.5298495D+01 -0.2982204D+02  0.0000000D+00
 -0.1371437D+02  0.2000261D+02 -0.9403601D+01  0.0000000D+00
 -0.2772926D+01  0.3491336D+02  0.2481801D+01  0.0000000D+00
 -0.3083523D+01 -0.2029215D+00 -0.1662368D+00  0.0000000D+00
 -0.7403156D+00  0.7744162D-01  0.3370418D+00  0.0000000D+00
  0.6841785D+01  0.4273530D+00 -0.7873734D+00  0.0000000D+00
 -0.1118043D+02 -0.2048792D+01  0.1221007D+01  0.0000000D+00
  0.1025708D+02  0.1734302D+01 -0.2831148D+01  0.0000000D+00
 -0.3706702D+01  0.5983372D+00  0.1035649D+02  0.0000000D+00
 -0.2563816D+02  0.1383710D+02 -0.7252509D+00  0.0000000D+00
 -0.4310128D+02 -0.1848847D+01  0.2981868D+01  0.0000000D+00
 -0.4220674D+02 -0.1354454D+02  0.2123432D+01  0.0000000D+00
 -0.5439057D+02 -0.6792452D+01 -0.6009916D+01  0.0000000D+00
 -0.6151875D+02 -0.2972958D+01 -0.1078252D+02  0.0000000D+00
  0.7386771D+00  0.1996927D+00  0.1299892D+00  0.0000000D+00
  0.2220196D+01 -0.5481691D+00 -0.6319197D+00  0.0000000D+00
 -0.3034526D+01  0.1447614D+01  0.1252337D+01  0.0000000D+00
 -0.2714874D+01 -0.4461541D+01 -0.2415005D+01  0.0000000D+00
  0.8602061D+01  0.6218018D+01  0.4247561D+01  0.0000000D+00
 -0.1654095D+01 -0.6819083D+01 -0.6174816D+01  0.0000000D+00
 -0.2225804D+02  0.3895733D+01  0.4453171D+01  0.0000000D+00
 -0.2818734D+02 -0.1591658D+02 -0.9970115D+01  0.0000000D+00
 -0.1390740D+02 -0.7669596D+01 -0.1143295D+02  0.0000000D+00
  0.9347574D+01  0.8853438D+01 -0.2432481D+01  0.0000000D+00
  0.2311810D+02  0.1861755D+02  0.2819381D+01  0.0000000D+00
 -0.9200458D+00 -0.2956218D+00 -0.7888282D-02  0.0000000D+00
  0.2077586D+01  0.5342606D+00 -0.4731130D-01  0.0000000D+00
 -0.6588637D+01 -0.6556570D+00  0.1272617D-02  0.0000000D+00
  0.1060274D+02  0.1298076D+01  0.3748174D+00  0.0000000D+00
 -0.2716747D-02 -0.2800173D+01 -0.7320624D+00  0.0000000D+00
 -0.2346058D+02  0.3914472D+01 -0.3485454D+00  0.0000000D+00
 -0.2427259D+01 -0.1164916D+02 -0.9376552D+01  0.0000000D+00
 -0.3514173D+02 -0.8885603D+01  0.4453915D+01  0.0000000D+00
 -0.2943983D+02  0.2724911D+01  0.3175148D+01  0.0000000D+00
 -0.3813634D+02  0.8168049D+00  0.2488710D+01  0.0000000D+00
 -0.4316330D+02 -0.1676559D+00  0.2072602D+01  0.0000000D+00
  0.1115706D+01  0.7947334D-01 -0.1151963D+00  0.0000000D+00
 -0.4175500D+01  0.2789198D+00  0.3210822D+00  0.0000000D+00
  0.3379554D+01 -0.6024217D+00 -0.4581584D+00  0.0000000D+00
 -0.5235059D+01  0.1442692D+01  0.5123319D+00  0.0000000D+00
  0.3974144D+01 -0.1141023D+01 -0.7559879D+00  0.0000000D+00
  0.4510536D+01 -0.1201606D+01  0.1849830D+00  0.0000000D+00
  0.4242468D+02  0.2003033D+02  0.4424236D+01  0.0000000D+00
 -0.8041244D+02 -0.3955975D+01  0.1189328D+01  0.0000000D+00
 -0.9244653D+01 -0.1073230D+02 -0.2008791D+01  0.0000000D+00
  0.1020636D+02 -0.4568359D+01 -0.3277450D+01  0.0000000D+00
  0.2238053D+02 -0.1032920D+01 -0.4055580D+01  0.0000000D+00
 -0.4909294D+02 -0.5471124D+02 -0.9002488D+01  0.0000000D+00
 -0.9127086D+02  0.8892662D+02  0.2476947D+02  0.0000000D+00
  0.4122472D+02 -0.7557067D+02 -0.2859724D+02  0.0000000D+00
  0.3224395D+02 -0.1237340D+01  0.2845926D+02  0.0000000D+00
  0.1280263D+02 -0.1130185D+03 -0.3547910D+01  0.0000000D+00
  0.2235552D+03 -0.7853375D+02  0.4738646D+02  0.0000000D+00
 -0.4818122D+02  0.1008517D+03 -0.1203590D+02  0.0000000D+00
  0.1911618D+03 -0.2811546D+02 -0.2509059D+01  0.0000000D+00
  0.2602136D+03 -0.6403012D+02 -0.5198724D+01  0.0000000D+00
  0.1155686D+03 -0.4378157D+02  0.1422049D+02  0.0000000D+00
  0.3164668D+02 -0.3233511D+02  0.2555330D+02  0.0000000D+00
  0.1300228D+02 -0.7422375D+02  0.1161526D+02  0.0000000D+00
 -0.6272774D+02  0.4009966D+02  0.2456757D+02  0.0000000D+00
 -0.4381275D+02  0.1746312D+01 -0.2496331D+02  0.0000000D+00
  0.1028900D+03 -0.5987141D+02  0.1851937D+02  0.0000000D+00
 -0.3525352D+02 -0.6226277D+02  0.1565656D+02  0.0000000D+00
  0.9901090D+00 -0.2196553D+02 -0.4228888D+01  0.0000000D+00
 -0.2691879D+02 -0.1360362D+03 -0.1062874D+02  0.0000000D+00
 -0.4303017D+02 -0.1290420D+02 -0.3222369D+02  0.0000000D+00
 -0.1368661D+02 -0.5927174D+01 -0.6393601D+02  0.0000000D+00
 -0.7659981D+02  0.2285286D+01 -0.3131480D+02  0.0000000D+00
 -0.1131204D+03  0.7180004D+01 -0.1258248D+02  0.0000000D+00
  0.2808967D+02 -0.1827580D+02 -0.1119880D+02  0.0000000D+00
 -0.2875680D+02  0.5779109D+02  0.1756921D+02  0.0000000D+00
  0.2264926D+02 -0.5140462D+02 -0.1813481D+02  0.0000000D+00
 -0.2257554D+02 -0.1041234D+01  0.1821165D+02  0.0000000D+00
  0.9578725D+02  0.8834967D+01  0.3517413D+02  0.0000000D+00
 -0.5715873D+02  0.2664919D+02  0.5259881D+02  0.0000000D+00
 -0.1200749D+03 -0.1614543D+02 -0.3003537D+02  0.0000000D+00
  0.8889008D+02 -0.2684868D+02  0.3488162D+02  0.0000000D+00
  0.3903745D+02 -0.2276541D+02  0.1573519D+02  0.0000000D+00
 -0.3212720D+02  0.4310958D+02 -0.3110720D+02  0.0000000D+00
 -0.7432623D+02  0.8172548D+02 -0.5873900D+02  0.0000000D+00
 -0.1310001D+02 -0.1014768D+01 -0.2875329D+00  0.0000000D+00
 -0.2921516D+01  0.3924283D+01  0.1401752D+01  0.0000000D+00
  0.7898535D+01 -0.6385072D+01 -0.2416665D+01  0.0000000D+00
 -0.1040490D+02  0.1003129D+02  0.4049932D+01  0.0000000D+00
  0.2559383D+02 -0.1776495D+02 -0.7059779D+01  0.0000000D+00
 -0.9738942D+02  0.2580837D+02  0.1605319D+02  0.0000000D+00
 -0.2859039D+02 -0.8492781D+02 -0.2401140D+01  0.0000000D+00
 -0.2344140D+03  0.4105295D+01  0.2648177D+02  0.0000000D+00
 -0.3069062D+03  0.2544983D+02  0.2835641D+02  0.0000000D+00
 -0.2393267D+03  0.2465166D+01  0.2540417D+02  0.0000000D+00
 -0.2005556D+03 -0.1073860D+02  0.2369469D+02  0.0000000D+00
 -0.3532085D+01  0.1441822D+00 -0.6784537D-01  0.0000000D+00
  0.5242906D+01 -0.1259764D+00  0.5419443D+00  0.0000000D+00
 -0.1211950D+02  0.1335850D-01 -0.1089562D+01  0.0000000D+00
  0.1457829D+02 -0.4923775D-02  0.1939286D+01  0.0000000D+00
 -0.1620408D+02 -0.3128834D+00 -0.3373060D+01  0.0000000D+00
  0.1734618D+02  0.2487405D+01  0.3425398D+01  0.0000000D+00
 -0.2609415D+02  0.8411277D+01 -0.1008646D+02  0.0000000D+00
  0.1457301D+03  0.1864793D+01  0.2302470D+02  0.0000000D+00
  0.1959715D+03  0.1252988D+02  0.4038400D+02  0.0000000D+00
  0.9211113D+02  0.2698674D+02 -0.4951434D+00  0.0000000D+00
  0.3188871D+02  0.3556078D+02 -0.2422922D+02  0.0000000D+00
 -0.2179576D+01  0.3575490D+00  0.1071556D+00  0.0000000D+00
  0.4435093D+01 -0.1015464D+01 -0.1212373D+01  0.0000000D+00
 -0.6744157D+01  0.1658645D+01  0.2273319D+01  0.0000000D+00
  0.8739292D+01 -0.3556918D+01 -0.3922026D+01  0.0000000D+00
 -0.2055049D+02  0.6172294D+01  0.7188111D+01  0.0000000D+00
  0.4673248D+02 -0.4961961D+01 -0.1600572D+02  0.0000000D+00
  0.4297779D+02  0.2598843D+02  0.2821809D+01  0.0000000D+00
  0.4639900D+01 -0.6000381D+01  0.2409762D+01  0.0000000D+00
 -0.1888564D+02  0.3183174D+01  0.9142167D+01  0.0000000D+00
  0.3227861D+02  0.8521164D+01  0.3330091D+02  0.0000000D+00
  0.6198707D+02  0.1174133D+02  0.4751626D+02  0.0000000D+00
  0.6273983D+00  0.5220342D-01 -0.8604708D-02  0.0000000D+00
 -0.1294483D+01 -0.6304987D+00  0.6175920D-01  0.0000000D+00
  0.5773458D+01  0.1137415D+01 -0.8139957D-01  0.0000000D+00
 -0.5605871D+01 -0.1675458D+01  0.2956635D+00  0.0000000D+00
 -0.7583237D+01  0.3160695D+01 -0.7123604D+00  0.0000000D+00
  0.3473329D+02 -0.5062757D+01 -0.2320843D+00  0.0000000D+00
  0.4185879D+01  0.1482002D+02 -0.4062677D+01  0.0000000D+00
  0.2264504D+02  0.4487778D+01  0.1044481D+02  0.0000000D+00
  0.4777501D+02  0.3016272D+02 -0.2825320D+01  0.0000000D+00
  0.5135636D+02  0.4135066D+02 -0.7607392D+00  0.0000000D+00
  0.5375091D+02  0.4818403D+02  0.3045955D+00  0.0000000D+00
  0.5080723D+01 -0.1967123D+00 -0.6203484D-01  0.0000000D+00
 -0.9679506D+01  0.1631384D+01  0.8629175D-01  0.0000000D+00
  0.1536736D+02 -0.2762618D+01 -0.2458092D+00  0.0000000D+00
 -0.2332438D+02  0.3883218D+01  0.4094217D+00  0.0000000D+00
  0.2116200D+02 -0.6523780D+01 -0.6819089D+00  0.0000000D+00
 -0.1830078D+02  0.9434762D+01  0.3803934D+01  0.0000000D+00
  0.1545157D+02 -0.1659162D+02  0.7873411D+01  0.0000000D+00
 -0.3157887D+02  0.1438197D+02 -0.5657394D+01  0.0000000D+00
 -0.5692620D+02  0.1824155D+02 -0.1146853D+02  0.0000000D+00
 -0.3142989D+02  0.1578990D+02  0.2153280D+01  0.0000000D+00
 -0.1679597D+02  0.1439931D+02  0.1006196D+02  0.0000000D+00
  0.7925957D-01 -0.2268197D+00 -0.6704009D-01  0.0000000D+00
 -0.4203026D+01  0.5420466D+00  0.5540338D+00  0.0000000D+00
  0.6597361D+01 -0.1034404D+01 -0.1022153D+01  0.0000000D+00
 -0.5216275D+01  0.1943618D+01  0.1545435D+01  0.0000000D+00
  0.1491555D+02 -0.3227926D+01 -0.3112479D+01  0.0000000D+00
 -0.3566004D+02  0.4700646D+01  0.7337085D+01  0.0000000D+00
  0.3808417D+02 -0.1886171D+02 -0.8073213D+01  0.0000000D+00
 -0.1001747D+03  0.1010168D+02  0.1180892D+02  0.0000000D+00
 -0.8730957D+02  0.2492982D+01 -0.1454721D+01  0.0000000D+00
 -0.3183087D+02 -0.1093205D+01 -0.4685680D+01  0.0000000D+00
  0.7961461D+00 -0.3274496D+01 -0.6725085D+01  0.0000000D+00
  0.3969867D+02 -0.4273969D+02 -0.3668618D+01  0.0000000D+00
  0.1175565D+03  0.3415460D+02 -0.9360250D+01  0.0000000D+00
 -0.6050814D+02 -0.2307689D+02  0.6727223D+01  0.0000000D+00
  0.3462326D+02  0.5221525D+02 -0.2174639D+02  0.0000000D+00
  0.1103339D+03 -0.2875607D+02  0.4766539D+01  0.0000000D+00
  0.8945539D+01  0.6229872D+01 -0.7154153D+01  0.0000000D+00
  0.1800618D+03  0.3883717D+02  0.3395741D+01  0.0000000D+00
  0.1782969D+02  0.1993800D+02 -0.1753417D+01  0.0000000D+00
  0.1828269D+02  0.9259624D+01 -0.5693728D+01  0.0000000D+00
  0.1350462D+02  0.2013576D+01 -0.6454769D+01  0.0000000D+00
  0.1071178D+02 -0.2350103D+01 -0.6941662D+01  0.0000000D+00
 -0.1571671D+02 -0.4131750D+02 -0.4852286D+00  0.0000000D+00
  0.1064017D+03  0.3142211D+02 -0.6680953D+01  0.0000000D+00
 -0.1089955D+03 -0.2773272D+02  0.1166783D+02  0.0000000D+00
  0.4720466D+02  0.3247061D+02 -0.2086830D+02  0.0000000D+00
 -0.2318529D+02  0.2566188D+02 -0.6979289D+01  0.0000000D+00
  0.6804312D+02 -0.1288952D+02  0.1609457D+02  0.0000000D+00
  0.5367388D+01 -0.5719503D+01 -0.1016979D+02  0.0000000D+00
  0.1269268D+03 -0.1251043D+02  0.1364781D+02  0.0000000D+00
  0.1146388D+03 -0.4023358D+01  0.2829896D+02  0.0000000D+00
  0.4732682D+02  0.1833942D+01  0.2061722D+02  0.0000000D+00
  0.7790649D+01  0.5358627D+01  0.1628476D+02  0.0000000D+00
  0.4623674D+01  0.2302202D+02  0.2815615D+01  0.0000000D+00
  0.1179618D+03 -0.2079618D+02  0.5050993D+00  0.0000000D+00
 -0.7219452D+02  0.1043598D+02 -0.1870902D+01  0.0000000D+00
  0.9658601D+01  0.1873236D+02 -0.1185885D+02  0.0000000D+00
  0.1320875D+02  0.3318603D+02 -0.7764896D+01  0.0000000D+00
  0.3423988D+01 -0.1496280D+02  0.1553897D+01  0.0000000D+00
  0.1645551D+03  0.4945029D+02  0.4096532D+01  0.0000000D+00
 -0.7252182D+02 -0.1594455D+02  0.1092931D+02  0.0000000D+00
 -0.6690374D+02  0.3572993D+01  0.1600279D+02  0.0000000D+00
 -0.1342363D+02  0.1363524D+01  0.2328282D+02  0.0000000D+00
  0.1794305D+02  0.2869071D+00  0.2759822D+02  0.0000000D+00
  0.1361712D+01 -0.3046471D-01  0.3276084D-01  0.0000000D+00
  0.3386195D+01 -0.4126599D+00 -0.1084426D+00  0.0000000D+00
 -0.9222364D+00  0.6404320D+00  0.3252160D+00  0.0000000D+00
 -0.8875205D+00 -0.1441522D+00 -0.7908783D+00  0.0000000D+00
 -0.8464803D+01  0.1341979D+01  0.1253414D+01  0.0000000D+00
  0.1221541D+01 -0.2753252D+01 -0.2816107D+01  0.0000000D+00
 -0.1305529D+02 -0.2115522D+00 -0.3967814D+01  0.0000000D+00
  0.6976872D+02 -0.2561245D+02 -0.1351236D+02  0.0000000D+00
  0.6923177D+02 -0.1504274D+02 -0.1450757D+02  0.0000000D+00
  0.3248850D+02 -0.8921692D+01 -0.5739102D+01  0.0000000D+00
  0.1098185D+02 -0.5221250D+01 -0.6158204D+00  0.0000000D+00
 -0.7089537D+00  0.2155945D+00 -0.4430949D-01  0.0000000D+00
 -0.3135080D+01 -0.1007962D+01  0.2002618D+00  0.0000000D+00
  0.6413799D+01  0.1753945D+01 -0.4213040D+00  0.0000000D+00
 -0.8680959D+01 -0.2234382D+01  0.8372254D+00  0.0000000D+00
  0.1440146D+02  0.4051309D+01 -0.1888636D+01  0.0000000D+00
 -0.7184930D+01 -0.1227167D+02  0.4576411D+01  0.0000000D+00
  0.1185901D+03 -0.7459776D+01 -0.2766350D+01  0.0000000D+00
 -0.5283470D+01 -0.6671794D+01 -0.9175202D+01  0.0000000D+00
 -0.3640676D+02  0.2219526D+01 -0.1578599D+02  0.0000000D+00
  0.1161240D+02  0.2728207D+01 -0.6084850D+01  0.0000000D+00
  0.3937354D+02  0.3123652D+01 -0.4832145D+00  0.0000000D+00
  0.1730182D+01 -0.7610833D-01 -0.3546480D-01  0.0000000D+00
 -0.3301518D+01  0.8514961D+00  0.2571662D-01  0.0000000D+00
  0.2588530D+01 -0.1812807D+01 -0.2428614D+00  0.0000000D+00
 -0.4674038D+01  0.1964592D+01  0.4342115D+00  0.0000000D+00
  0.5749094D+01 -0.4062128D+01 -0.5774836D+00  0.0000000D+00
 -0.1068143D+02  0.1057325D+02  0.1038303D+01  0.0000000D+00
  0.4810404D+02 -0.1057163D+02  0.5605122D+01  0.0000000D+00
 -0.8669712D+02  0.1280763D+01 -0.4228407D+01  0.0000000D+00
 -0.4686036D+02  0.5722932D+01 -0.6133501D+01  0.0000000D+00
 -0.6450486D+01 -0.9768492D+00 -0.9173186D+01  0.0000000D+00
  0.1764803D+02 -0.4851356D+01 -0.1097425D+02  0.0000000D+00
  0.7461926D-01 -0.3506932D+00  0.4936745D-01  0.0000000D+00
 -0.8023944D+00  0.1160214D+01 -0.4053865D+00  0.0000000D+00
  0.3612761D+01 -0.1644125D+01  0.7218501D+00  0.0000000D+00
 -0.1231129D+01  0.1671240D+01 -0.1241316D+01  0.0000000D+00
  0.8739902D+01 -0.3960277D+01  0.2442970D+01  0.0000000D+00
 -0.7030381D+01  0.1007728D+02 -0.4710253D+01  0.0000000D+00
  0.3170563D+02  0.2225379D+01  0.4498836D+01  0.0000000D+00
  0.1185928D+02  0.5355004D+00 -0.1166353D+02  0.0000000D+00
  0.3763735D+01 -0.1724439D+02 -0.1693666D+01  0.0000000D+00
  0.6462962D+01 -0.1165748D+02  0.5918959D+01  0.0000000D+00
  0.7956248D+01 -0.8586096D+01  0.1048537D+02  0.0000000D+00
  0.4965453D+00  0.3242823D+00  0.3165286D-01  0.0000000D+00
  0.1465575D+01 -0.8214237D+00 -0.5358084D-01  0.0000000D+00
 -0.3457194D+01  0.1417252D+01  0.6232045D-01  0.0000000D+00
  0.9276256D+01 -0.1636699D+01 -0.1025158D+00  0.0000000D+00
 -0.8273236D+01  0.3891743D+01 -0.1491632D+00  0.0000000D+00
  0.1173153D+02 -0.1068629D+02  0.4252928D+00  0.0000000D+00
  0.2048278D+01  0.5532321D+01 -0.1377554D+01  0.0000000D+00
 -0.2992466D+01 -0.2496873D+01  0.1628370D+01  0.0000000D+00
  0.2275379D+01 -0.2008052D+01  0.3537939D+01  0.0000000D+00
  0.4825294D+01  0.1637478D+01 -0.5048105D+00  0.0000000D+00
  0.6371781D+01  0.3780509D+01 -0.2850575D+01  0.0000000D+00
 -0.1074966D+01 -0.1422021D+00 -0.1943590D-01  0.0000000D+00
  0.8319905D+00 -0.5149525D+00 -0.2599943D-01  0.0000000D+00
 -0.1207324D+01  0.1063686D+01  0.1908637D+00  0.0000000D+00
 -0.4279842D+00 -0.2152950D+01 -0.1162334D+00  0.0000000D+00
  0.7418463D+01  0.3471782D+01  0.4868946D+00  0.0000000D+00
 -0.3411349D+02 -0.6090550D+01 -0.1016793D+01  0.0000000D+00
  0.6525367D+01  0.8755842D+00  0.4097297D+01  0.0000000D+00
 -0.6858476D+01  0.1003849D+01 -0.6692458D+01  0.0000000D+00
 -0.4766207D+02 -0.5227655D+01  0.6905110D+01  0.0000000D+00
 -0.3772297D+02 -0.2523130D+01  0.4249244D+01  0.0000000D+00
 -0.3235321D+02 -0.1011831D+01  0.2845619D+01  0.0000000D+00
  0.6496379D+02 -0.3489491D+02 -0.1631413D+01  0.0000000D+00
  0.8237336D+02  0.3299001D+02 -0.1878641D+01  0.0000000D+00
 -0.5595288D+02 -0.1251018D+02  0.1095792D+01  0.0000000D+00
  0.8546626D+02 -0.2765962D+01  0.8882952D+01  0.0000000D+00
  0.1197611D+02  0.1665695D+02 -0.3573744D+01  0.0000000D+00
  0.3855502D+02  0.5313861D+01 -0.9098004D+01  0.0000000D+00
  0.7162696D+02  0.7982221D+01 -0.8027217D+01  0.0000000D+00
  0.4240760D+02 -0.9897525D+01  0.1241551D+02  0.0000000D+00
  0.7270605D+02 -0.1684807D+02  0.3189563D+01  0.0000000D+00
  0.6987658D+02 -0.9747410D+01 -0.9702361D+00  0.0000000D+00
  0.6857255D+02 -0.5675845D+01 -0.3508199D+01  0.0000000D+00
  0.7132794D+02 -0.1332673D+02 -0.5080911D+01  0.0000000D+00
  0.7708988D+02 -0.1715572D+01 -0.1767700D+01  0.0000000D+00
 -0.2254105D+02  0.1809594D+02  0.4081164D+01  0.0000000D+00
 -0.9330454D+01 -0.5825496D+01  0.8622599D+01  0.0000000D+00
 -0.5582080D+02  0.2521376D+02 -0.3595745D+01  0.0000000D+00
 -0.1171362D+02 -0.2171630D+01  0.4298705D+01  0.0000000D+00
 -0.9122983D+01 -0.1185215D+01 -0.5348379D+01  0.0000000D+00
  0.7527735D+02  0.8234776D+01  0.1900361D+02  0.0000000D+00
  0.5826305D+02  0.1917210D+01  0.2433649D+01  0.0000000D+00
  0.2553643D+02 -0.9344141D+01  0.3939346D+01  0.0000000D+00
  0.6187353D+01 -0.1600919D+02  0.4638433D+01  0.0000000D+00
 -0.4290577D+02  0.1932566D+02 -0.2634329D+01  0.0000000D+00
  0.2659132D+02 -0.1283467D+02  0.3239505D+01  0.0000000D+00
 -0.8134085D+01  0.1321120D+01  0.1634643D+00  0.0000000D+00
 -0.1488134D+01 -0.1679601D+02  0.1687839D+01  0.0000000D+00
 -0.8583459D+01  0.4409352D+02  0.1593244D+01  0.0000000D+00
 -0.5435976D+02  0.6394548D+01 -0.1896930D+02  0.0000000D+00
  0.8772478D+02  0.2321648D+01  0.4366703D+01  0.0000000D+00
 -0.1859717D+02 -0.1218767D+02 -0.2713535D+01  0.0000000D+00
  0.1098280D+02 -0.6414231D+01 -0.7536456D+01  0.0000000D+00
  0.3454989D+02  0.3421438D+01 -0.2675889D+01  0.0000000D+00
  0.4867583D+02  0.9242582D+01  0.1149988D+00  0.0000000D+00
 -0.8026222D+01 -0.1156274D+00  0.3340455D-01  0.0000000D+00
 -0.4322657D+00  0.7434554D+00 -0.2160019D+00  0.0000000D+00
  0.3104451D+01 -0.1325854D+01  0.3246984D+00  0.0000000D+00
 -0.4513949D+01  0.3600905D+01 -0.5173508D+00  0.0000000D+00
  0.1170773D+02 -0.5855845D+01  0.9407472D+00  0.0000000D+00
 -0.4151310D+02  0.9929220D+01 -0.2490099D+01  0.0000000D+00
  0.4826227D+02 -0.6227750D+01  0.7421646D+01  0.0000000D+00
 -0.1614853D+02  0.2307162D+01  0.3199597D+01  0.0000000D+00
 -0.2681955D+02  0.1403294D+02 -0.8068691D+01  0.0000000D+00
 -0.1395334D+02  0.4042332D+00 -0.6174361D+01  0.0000000D+00
 -0.6553844D+01 -0.7438684D+01 -0.5192924D+01  0.0000000D+00
 -0.9236301D+00  0.6123149D-02  0.1818923D-01  0.0000000D+00
 -0.3738803D+01 -0.1822060D+00 -0.3053622D+00  0.0000000D+00
  0.4848888D+01  0.5671692D+00  0.3832259D+00  0.0000000D+00
 -0.9655574D+01 -0.1674563D+01 -0.5822762D+00  0.0000000D+00
  0.9318053D+01  0.2136394D+01  0.1338638D+01  0.0000000D+00
  0.1923534D+02 -0.4645424D+01 -0.2713340D+01  0.0000000D+00
  0.2294361D+02  0.8805116D+01  0.1476109D+01  0.0000000D+00
  0.1346544D+02  0.2661287D+01 -0.1365366D+02  0.0000000D+00
  0.1958361D+02  0.2156405D+01 -0.1737671D+02  0.0000000D+00
  0.1431986D+02  0.1842517D+01 -0.3331526D+01  0.0000000D+00
  0.1130427D+02  0.1652347D+01  0.4846951D+01  0.0000000D+00
  0.3889016D+00  0.1323594D+00  0.3921092D-01  0.0000000D+00
 -0.7651403D+00 -0.3679010D+00  0.6476013D-01  0.0000000D+00
  0.2004960D+01  0.3607929D+00 -0.2087023D+00  0.0000000D+00
 -0.6438901D+01 -0.1936067D+01  0.1633564D+00  0.0000000D+00
  0.7959192D+01  0.4060395D+01 -0.3443911D+00  0.0000000D+00
  0.5340729D+01 -0.8285322D+01  0.1045826D+01  0.0000000D+00
  0.3696880D+02  0.2100067D+01 -0.3422957D+01  0.0000000D+00
 -0.3071938D+01  0.3418651D+01  0.2691936D+00  0.0000000D+00
 -0.1629373D+02  0.4849054D+01  0.1727217D+00  0.0000000D+00
 -0.8981543D+01  0.6610087D+01 -0.5211099D+01  0.0000000D+00
 -0.4852512D+01  0.7657029D+01 -0.8366068D+01  0.0000000D+00
  0.3031055D+00 -0.1783598D+00  0.7692153D-01  0.0000000D+00
  0.3711790D+01  0.3954921D+00 -0.3589043D+00  0.0000000D+00
 -0.2560297D+01 -0.5087119D+00  0.6833196D+00  0.0000000D+00
  0.3516327D+01  0.8661191D+00 -0.1021197D+01  0.0000000D+00
 -0.1023285D+02 -0.1608676D+01  0.1821691D+01  0.0000000D+00
  0.2267178D+02  0.3102464D+01 -0.2987709D+01  0.0000000D+00
  0.8637680D+01 -0.4091198D+01  0.1743723D+00  0.0000000D+00
 -0.6622205D+01  0.3196907D+01 -0.2905804D+01  0.0000000D+00
  0.1725322D+02  0.7019278D+00  0.9718988D+00  0.0000000D+00
  0.6325887D+01 -0.3134818D+01  0.2371556D+00  0.0000000D+00
  0.1960825D+00 -0.5409071D+01 -0.1519663D+00  0.0000000D+00
  0.2153181D+01 -0.1613873D-02  0.8325151D-02  0.0000000D+00
 -0.8975623D+00  0.5297582D+00  0.6503354D-01  0.0000000D+00
 -0.1364590D+01 -0.1102384D+01  0.4922182D-02  0.0000000D+00
  0.6312928D+01  0.1532009D+01 -0.5540178D-01  0.0000000D+00
 -0.7191544D+01 -0.2543862D+01  0.1531966D-01  0.0000000D+00
  0.1245874D+02  0.6271432D+01 -0.1131658D+01  0.0000000D+00
 -0.1515719D+02 -0.3683903D+00 -0.3217249D+01  0.0000000D+00
  0.1141657D+02  0.3019389D+01 -0.6783711D+00  0.0000000D+00
 -0.4477805D+00  0.3104303D+01 -0.1995928D+01  0.0000000D+00
 -0.1489221D+02  0.5574335D+01  0.1325094D+01  0.0000000D+00
 -0.2347910D+02  0.7024323D+01  0.3255477D+01  0.0000000D+00
  0.2160373D+01 -0.9132246D-01  0.6008404D-02  0.0000000D+00
 -0.4320799D+01 -0.7124127D-01  0.3911130D+00  0.0000000D+00
  0.7829285D+01 -0.9482233D-02 -0.6925804D+00  0.0000000D+00
 -0.8413632D+01  0.1215266D+01  0.8654842D+00  0.0000000D+00
  0.1344305D+02 -0.1370681D+01 -0.1706683D+01  0.0000000D+00
 -0.3936841D+02  0.1950396D+01  0.3200507D+01  0.0000000D+00
  0.3172900D+02 -0.8183437D+01 -0.8167188D+00  0.0000000D+00
 -0.3191560D+02 -0.1768214D+00  0.2090362D+01  0.0000000D+00
 -0.1123822D+02 -0.3210353D+01  0.1056929D+00  0.0000000D+00
 -0.1161630D+02 -0.1345059D+02 -0.5073320D+01  0.0000000D+00
 -0.1161634D+02 -0.1947736D+02 -0.8129549D+01  0.0000000D+00
  0.3066988D+02 -0.1554976D+02  0.3094553D+01  0.0000000D+00
 -0.6627977D+02  0.5819914D+01 -0.1436228D+02  0.0000000D+00
  0.3933887D+02  0.1986545D+02  0.1162147D+02  0.0000000D+00
 -0.2114406D+02 -0.1053634D+02 -0.2788892D+01  0.0000000D+00
 -0.6574157D+02  0.2671823D+02  0.1380359D+01  0.0000000D+00
 -0.5847184D+02  0.2647762D+02 -0.8850958D+00  0.0000000D+00
 -0.2364356D+02 -0.2300407D+02  0.1635910D+01  0.0000000D+00
 -0.7556644D+01  0.9112003D+01 -0.2121530D+01  0.0000000D+00
 -0.8532640D+01  0.1085513D+02  0.5389127D+01  0.0000000D+00
 -0.5248830D+01 -0.3309887D+00  0.2677245D+01  0.0000000D+00
 -0.3337969D+01 -0.6856201D+01  0.1171377D+01  0.0000000D+00
  0.9409591D+02 -0.1582565D+02  0.3742149D+00  0.0000000D+00
 -0.8056112D+02  0.1543101D+02 -0.1868315D+02  0.0000000D+00
  0.7969785D+02 -0.2313769D+01  0.1593205D+02  0.0000000D+00
 -0.4195683D+02  0.1289723D+02 -0.9747008D+01  0.0000000D+00
  0.5286732D+02 -0.4834281D+01  0.4336988D+01  0.0000000D+00
 -0.1926079D+02  0.5007934D+01 -0.1550358D+02  0.0000000D+00
 -0.2226713D+02  0.1420925D+02  0.7701729D+01  0.0000000D+00
 -0.3034699D+02 -0.6861137D+01 -0.8790298D+01  0.0000000D+00
 -0.3565256D+02 -0.1357306D+02 -0.9327184D+00  0.0000000D+00
 -0.2135946D+02 -0.2250559D+00  0.7683809D+01  0.0000000D+00
 -0.1304803D+02  0.7517121D+01  0.1281240D+02  0.0000000D+00
 -0.1298583D+02  0.4879047D+01  0.2007460D+00  0.0000000D+00
 -0.9297587D+02 -0.3415146D+02  0.1189290D+00  0.0000000D+00
  0.4305005D+02  0.2093967D+02  0.2482164D+01  0.0000000D+00
 -0.5009544D+01 -0.8088007D+01  0.1852917D+01  0.0000000D+00
 -0.9146540D+01  0.1032374D+00  0.1091520D+02  0.0000000D+00
 -0.2749415D+02 -0.1447008D+01  0.1429862D+01  0.0000000D+00
 -0.1156208D+02 -0.1447280D+02  0.5222120D+00  0.0000000D+00
  0.5381641D+01  0.5597438D+01  0.2253967D+01  0.0000000D+00
  0.3595758D+01  0.1987895D+01  0.4943410D+01  0.0000000D+00
  0.1054110D+02  0.9244469D+01  0.2707344D+01  0.0000000D+00
  0.1459334D+02  0.1345364D+02  0.1428458D+01  0.0000000D+00
 -0.1809726D+02  0.2145908D-01  0.3471763D-01  0.0000000D+00
  0.2037099D+01 -0.8084611D+00 -0.2250877D+00  0.0000000D+00
 -0.6167244D+00  0.1168299D+01  0.4663452D+00  0.0000000D+00
 -0.3083757D+01 -0.1185303D+01 -0.9368368D+00  0.0000000D+00
  0.3337368D+01  0.1428110D+01  0.1703263D+01  0.0000000D+00
  0.3135176D+02 -0.1551678D+01 -0.2700163D+01  0.0000000D+00
 -0.3683422D+02  0.3282211D+02  0.4037372D+01  0.0000000D+00
  0.1306775D+01 -0.9612376D+01 -0.9020845D+01  0.0000000D+00
  0.1314436D+02 -0.1447788D+02  0.4091457D+01  0.0000000D+00
  0.1125322D+01  0.3153194D+01  0.1204257D+02  0.0000000D+00
 -0.5778688D+01  0.1341920D+02  0.1684452D+02  0.0000000D+00
 -0.2305833D+01  0.5101095D-01 -0.3281469D-01  0.0000000D+00
  0.1776446D+00  0.1387272D+00  0.2900752D+00  0.0000000D+00
 -0.1668785D+01 -0.2887122D+00 -0.5018269D+00  0.0000000D+00
 -0.1793342D+01  0.4662314D+00  0.8410199D+00  0.0000000D+00
  0.1293118D-01  0.1771205D-01 -0.1723318D+01  0.0000000D+00
 -0.1145923D+02 -0.1480540D+01  0.2796671D+01  0.0000000D+00
 -0.3390940D+02  0.1316344D+02 -0.4442663D+01  0.0000000D+00
  0.1442259D+02 -0.1500420D+02  0.1389502D+02  0.0000000D+00
  0.1970839D+02  0.7188667D+01  0.1176065D+02  0.0000000D+00
  0.4603622D+01  0.1223834D+02  0.1822968D+00  0.0000000D+00
 -0.4176538D+01  0.1543839D+02 -0.6617880D+01  0.0000000D+00
 -0.3293595D+01  0.1587010D+00 -0.3690130D-01  0.0000000D+00
  0.3564395D+01 -0.1057383D+01  0.1829532D+00  0.0000000D+00
 -0.4643747D+01  0.1726170D+01 -0.9426151D-01  0.0000000D+00
  0.8629704D+01 -0.3766926D+01  0.2437912D+00  0.0000000D+00
 -0.1037918D+02  0.5952404D+01 -0.2577823D+00  0.0000000D+00
  0.3804715D+01 -0.1294424D+02  0.1408000D+00  0.0000000D+00
 -0.3473201D+02 -0.1760549D+01  0.3351078D+01  0.0000000D+00
  0.2442252D+02 -0.2972770D+00 -0.6461228D+01  0.0000000D+00
  0.9991390D+01 -0.1756880D+01 -0.5293084D+00  0.0000000D+00
  0.5176916D+01 -0.1571325D+01 -0.3128247D+01  0.0000000D+00
  0.2195862D+01 -0.1479791D+01 -0.4583681D+01  0.0000000D+00
  0.8538384D+00  0.7007563D-01 -0.5047977D-01  0.0000000D+00
  0.5562278D-01 -0.6653772D+00  0.1512724D+00  0.0000000D+00
 -0.2590094D+01  0.1457158D+01 -0.2675915D+00  0.0000000D+00
  0.8181419D+01 -0.2358585D+01  0.3639772D+00  0.0000000D+00
 -0.1905327D+02  0.3908460D+01 -0.9315869D+00  0.0000000D+00
  0.6540180D+01 -0.3975385D+01  0.2246875D+01  0.0000000D+00
 -0.4938461D+02  0.4430058D+01 -0.5997665D+00  0.0000000D+00
  0.3110895D+02 -0.4130992D+01  0.6038912D+01  0.0000000D+00
 -0.1229359D+02 -0.5385311D+01  0.6248412D+01  0.0000000D+00
 -0.5280152D+01 -0.3424551D+01  0.3625842D+01  0.0000000D+00
 -0.1653191D+01 -0.2289738D+01  0.2093428D+01  0.0000000D+00
  0.2777193D+01 -0.5172233D-01  0.2568814D-01  0.0000000D+00
 -0.3824908D+01  0.4182375D+00 -0.1138344D+00  0.0000000D+00
  0.3913448D+01 -0.8567845D+00  0.9964910D-01  0.0000000D+00
 -0.5316577D+01  0.2403164D+01 -0.2866628D+00  0.0000000D+00
  0.1209874D+02 -0.4777400D+01  0.6264956D+00  0.0000000D+00
 -0.6354428D+01  0.1237336D+02 -0.1306866D-01  0.0000000D+00
 -0.1758058D+02  0.2814167D-02  0.1078649D+01  0.0000000D+00
  0.5678671D+01  0.9694938D-01  0.2268294D+01  0.0000000D+00
 -0.2261713D+02  0.4063933D+01  0.4201566D+01  0.0000000D+00
 -0.2425514D+02  0.8744026D+00  0.4656535D+01  0.0000000D+00
 -0.2552938D+02 -0.9496765D+00  0.4945781D+01  0.0000000D+00
  0.2301740D+00 -0.8745233D-01  0.6104381D-02  0.0000000D+00
  0.3458023D+01 -0.3841921D-01 -0.1441776D+00  0.0000000D+00
 -0.1937340D+01  0.2688811D+00  0.3144201D+00  0.0000000D+00
  0.3892058D+01 -0.3936995D+00 -0.5286297D+00  0.0000000D+00
 -0.1580710D+02  0.4192217D-01  0.1271005D+01  0.0000000D+00
  0.2718839D+02 -0.1261167D+01 -0.3033094D+01  0.0000000D+00
 -0.2063696D+02  0.3530419D+01  0.3384846D+01  0.0000000D+00
  0.5009450D+02 -0.4905524D+01 -0.2882350D+01  0.0000000D+00
  0.2676609D+02 -0.2470455D+01 -0.7450355D-01  0.0000000D+00
  0.8459652D+01  0.5355861D+01  0.1652744D+01  0.0000000D+00
 -0.2515517D+01  0.9966440D+01  0.2694727D+01  0.0000000D+00
 -0.5990915D+00  0.2562440D+02  0.4039092D+01  0.0000000D+00
 -0.7716997D+02  0.1817158D+02  0.3913766D+01  0.0000000D+00
  0.4677310D+02 -0.1945743D+02 -0.2375593D+01  0.0000000D+00
 -0.2556193D+02  0.2190254D+02 -0.2130039D+01  0.0000000D+00
 -0.4861363D+02  0.1790890D+01 -0.2888471D+01  0.0000000D+00
  0.1038755D+02  0.4667314D+01 -0.1473212D+01  0.0000000D+00
 -0.7004496D+02  0.1081926D+02  0.3235412D+01  0.0000000D+00
 -0.6598981D+02  0.4921224D+01  0.2032699D+01  0.0000000D+00
 -0.4141647D+02  0.8665242D+01 -0.8817563D+00  0.0000000D+00
 -0.2765077D+02 -0.3577588D+01 -0.1526218D+01  0.0000000D+00
 -0.1932628D+02 -0.1070420D+02 -0.1935403D+01  0.0000000D+00
 -0.7632723D+01  0.2703207D+02  0.4263943D+01  0.0000000D+00
 -0.6957533D+02  0.1511956D+02  0.4263468D+01  0.0000000D+00
 -0.6679303D+01 -0.4419920D+02 -0.2476598D+01  0.0000000D+00
  0.5373837D+02  0.4038442D+02 -0.6755536D+01  0.0000000D+00
 -0.2348818D+02 -0.1415278D+02 -0.1976567D+01  0.0000000D+00
 -0.5265241D+01  0.8432043D+01  0.4512642D+01  0.0000000D+00
 -0.2309770D+02 -0.1036975D+02 -0.4965244D+01  0.0000000D+00
 -0.5283532D+02 -0.3001483D+01  0.1030008D+02  0.0000000D+00
 -0.1685543D+02 -0.1934602D+01  0.4995162D+01  0.0000000D+00
 -0.6307702D+00  0.4361078D+01  0.1430417D+01  0.0000000D+00
  0.9268321D+01  0.8060531D+01 -0.7175769D+00  0.0000000D+00
  0.1741318D+02 -0.1637996D+02  0.5214510D+01  0.0000000D+00
 -0.6213991D+02  0.1370182D+02 -0.1312953D+02  0.0000000D+00
  0.3069610D+02 -0.2308795D+02  0.7881072D+01  0.0000000D+00
 -0.2063591D+02  0.1865802D+02 -0.9715118D+01  0.0000000D+00
  0.4474491D+02 -0.3116081D+02 -0.1967227D+01  0.0000000D+00
  0.2314698D+02  0.2937379D+01 -0.4345641D+01  0.0000000D+00
  0.2270842D+02 -0.1237412D+02 -0.7084056D+01  0.0000000D+00
  0.2307843D+02  0.5809350D+01  0.1641117D+02  0.0000000D+00
 -0.3968861D+01  0.2933133D+01  0.1267457D+02  0.0000000D+00
 -0.1627303D+02  0.6294747D+01 -0.1092220D+01  0.0000000D+00
 -0.2377880D+02  0.8231869D+01 -0.9196634D+01  0.0000000D+00
 -0.5882493D+01  0.1587401D+00  0.7439101D-01  0.0000000D+00
  0.3277763D+01 -0.3463524D+00 -0.2981509D+00  0.0000000D+00
 -0.2188601D+01  0.9406764D+00  0.3043849D+00  0.0000000D+00
  0.5113669D+01 -0.2322101D+01 -0.5728053D+00  0.0000000D+00
 -0.5712845D+01  0.3780099D+01  0.1025184D+01  0.0000000D+00
  0.1864698D+02 -0.8982343D+01 -0.1692334D+01  0.0000000D+00
 -0.5554284D+02  0.3284650D-01  0.3669078D+01  0.0000000D+00
  0.5568507D+02 -0.4000331D+01 -0.8725538D+01  0.0000000D+00
  0.6372420D+02 -0.5252770D+01 -0.1611096D+02  0.0000000D+00
  0.4197433D+02 -0.5237144D+01 -0.7640270D+01  0.0000000D+00
  0.2933965D+02 -0.5240359D+01 -0.2765193D+01  0.0000000D+00
 -0.2094651D+01  0.9094636D-01 -0.5408990D-01  0.0000000D+00
  0.4604241D+01 -0.7024862D+00  0.1563403D+00  0.0000000D+00
 -0.1020070D+02  0.1095328D+01 -0.2524059D+00  0.0000000D+00
  0.1594040D+02 -0.1437081D+01  0.4873533D+00  0.0000000D+00
 -0.2287747D+02  0.3218716D+01 -0.1123370D+01  0.0000000D+00
  0.1866252D+02 -0.6853683D+01  0.3147399D+01  0.0000000D+00
 -0.3283451D+02  0.1694936D+02 -0.5475532D+01  0.0000000D+00
 -0.2109572D+00 -0.5123409D+01  0.2539472D+01  0.0000000D+00
 -0.2433002D+02 -0.6283289D+01 -0.6705641D+01  0.0000000D+00
 -0.1670233D+02 -0.9663985D+01 -0.4205540D+01  0.0000000D+00
 -0.1251354D+02 -0.1165609D+02 -0.2845813D+01  0.0000000D+00
 -0.1768372D+00 -0.5505745D-02  0.3767745D-01  0.0000000D+00
  0.3316457D+01 -0.1637325D+00 -0.3060678D+00  0.0000000D+00
 -0.7958837D+01  0.1531075D+00  0.4530101D+00  0.0000000D+00
  0.1252603D+02  0.1125452D+01 -0.5739352D+00  0.0000000D+00
 -0.1823826D+02 -0.2359917D+01  0.1031705D+01  0.0000000D+00
  0.9061192D+01  0.6386065D+01 -0.2853382D+01  0.0000000D+00
 -0.7649069D+01  0.4867918D+01  0.9049067D+01  0.0000000D+00
 -0.1084610D+02  0.1271563D+01 -0.5134203D+01  0.0000000D+00
 -0.1507789D+01 -0.2915398D+01 -0.1647500D+01  0.0000000D+00
  0.8524565D+01 -0.1128277D+01  0.7409890D+01  0.0000000D+00
  0.1450308D+02 -0.1279899D+00  0.1275105D+02  0.0000000D+00
 -0.5220415D+00  0.9748185D-01 -0.3274999D-01  0.0000000D+00
  0.4156708D+01  0.3407178D-01  0.1056264D+00  0.0000000D+00
 -0.4594901D+01  0.3327908D+00 -0.2241702D+00  0.0000000D+00
  0.4011820D+01 -0.9900652D+00  0.2444386D+00  0.0000000D+00
 -0.1244796D+01  0.1187323D+01 -0.2142961D+00  0.0000000D+00
  0.2193281D+02 -0.1357313D+01  0.7602244D+00  0.0000000D+00
 -0.4542614D+02 -0.3622125D+01  0.1913736D+01  0.0000000D+00
  0.3095334D+01  0.3796648D+01 -0.3668458D+01  0.0000000D+00
 -0.2582940D+01 -0.8013603D+01 -0.4336969D+01  0.0000000D+00
 -0.1131429D+02  0.2167467D+01 -0.5543972D+01  0.0000000D+00
 -0.1649243D+02  0.7996530D+01 -0.6259000D+01  0.0000000D+00
  0.1289842D+01 -0.1794102D+00  0.2126559D-01  0.0000000D+00
 -0.3067288D+01  0.2277455D+00 -0.1063583D+00  0.0000000D+00
  0.6538468D+01 -0.1283372D+00  0.1873827D+00  0.0000000D+00
 -0.1009306D+02 -0.1440011D+01 -0.1197542D+00  0.0000000D+00
  0.8916325D+01  0.2197308D+01 -0.1356378D+00  0.0000000D+00
 -0.1370623D+02 -0.6228695D+01  0.1519028D+01  0.0000000D+00
  0.3061406D+02 -0.1153777D-01  0.5194369D+00  0.0000000D+00
 -0.4703563D+02  0.8056947D-01  0.6972950D+00  0.0000000D+00
 -0.4091786D+02  0.7062562D+01  0.9205606D+00  0.0000000D+00
 -0.1836360D+02  0.6721864D+01  0.1305461D+01  0.0000000D+00
 -0.5090781D+01  0.6600339D+01  0.1532818D+01  0.0000000D+00
 -0.6901354D+00  0.1233120D+00  0.4636991D-01  0.0000000D+00
 -0.4141837D+00  0.3899671D+00 -0.2135854D+00  0.0000000D+00
 -0.2011604D+01 -0.7631382D+00  0.4155355D+00  0.0000000D+00
  0.3994097D+01  0.1531504D+01 -0.7807400D+00  0.0000000D+00
 -0.5684652D+01 -0.3121679D+01  0.1459640D+01  0.0000000D+00
 -0.2546568D+01  0.7365614D+01 -0.3572046D+01  0.0000000D+00
 -0.2168700D+02 -0.8077417D+01  0.2660924D+01  0.0000000D+00
  0.1045578D+02  0.3185057D+01 -0.3472442D+01  0.0000000D+00
  0.2154380D+01  0.4474940D+01 -0.4319515D+00  0.0000000D+00
 -0.1323262D+01 -0.4789217D+01  0.1497229D+01  0.0000000D+00
 -0.3450904D+01 -0.1019791D+02  0.2660900D+01  0.0000000D+00
