  3  2   693 10944  4  4  9 11  7  1    0.00   24.00  100.00  600.00    0.00    6.28   45.00   45.00
  100.0  100.0  100.0  100.0  125.0  150.0  190.0  230.0  275.0  350.0  450.0  600.0  600.0  600.0  600.0
  0.1241026D+05 -0.1346857D+05 -0.3570765D+03  0.0000000D+00
  0.1787140D+05  0.2961218D+04  0.6624847D+04  0.0000000D+00
 -0.3913787D+04  0.7920224D+04 -0.1541802D+05  0.0000000D+00
  0.4362407D+05 -0.2250642D+05  0.4738348D+04  0.0000000D+00
  0.1308248D+06  0.6109553D+05 -0.9345130D+04  0.0000000D+00
  0.1043563D+06 -0.4263197D+05 -0.7191445D+04  0.0000000D+00
  0.1359242D+06 -0.1055912D+05 -0.7781946D+04  0.0000000D+00
  0.1707992D+06 -0.3047273D+05  0.6104767D+04  0.0000000D+00
  0.3095293D+06 -0.4897798D+05  0.7140963D+04  0.0000000D+00
  0.4409595D+06 -0.4534142D+05 -0.4446180D+04  0.0000000D+00
  0.5194516D+06 -0.4342200D+05 -0.1121832D+05  0.0000000D+00
  0.1155462D+05 -0.1371912D+05 -0.5857073D+03  0.0000000D+00
  0.2152081D+05  0.1496186D+04  0.3191333D+04  0.0000000D+00
 -0.1323081D+05  0.8487819D+03 -0.1236668D+05  0.0000000D+00
  0.4485601D+05 -0.1406879D+05  0.6553383D+03  0.0000000D+00
  0.1031490D+05  0.7098798D+04  0.2032428D+04  0.0000000D+00
  0.5954014D+05 -0.3577959D+05 -0.1170045D+05  0.0000000D+00
  0.2557672D+05  0.2206467D+05 -0.9824895D+04  0.0000000D+00
  0.9468728D+05 -0.2795817D+05 -0.5902044D+04  0.0000000D+00
  0.1221164D+06 -0.3631099D+04 -0.1946327D+05  0.0000000D+00
  0.1126551D+06  0.2289131D+05 -0.9023828D+04  0.0000000D+00
  0.1074282D+06  0.3868542D+05 -0.3061791D+04  0.0000000D+00
  0.2485200D+04  0.5938087D+02  0.5041912D+02  0.0000000D+00
 -0.1203897D+05 -0.1161577D+05  0.2698928D+04  0.0000000D+00
 -0.5687606D+04  0.7597156D+04 -0.1024914D+05  0.0000000D+00
 -0.1135191D+04 -0.2231507D+05  0.9136015D+04  0.0000000D+00
 -0.2041761D+05  0.3229837D+04 -0.1122443D+05  0.0000000D+00
  0.4074811D+04  0.1411986D+05 -0.9558505D+04  0.0000000D+00
 -0.5515702D+05  0.1284369D+05 -0.4817101D+04  0.0000000D+00
 -0.1054472D+05 -0.3066091D+04 -0.1055188D+05  0.0000000D+00
 -0.7157084D+05  0.1505524D+05  0.1469820D+04  0.0000000D+00
 -0.8848780D+05 -0.6290795D+04 -0.3666658D+02  0.0000000D+00
 -0.9906851D+05 -0.1858246D+05 -0.7865782D+03  0.0000000D+00
  0.4009068D+03  0.6997008D+02  0.4041533D+02  0.0000000D+00
 -0.1098095D+04 -0.6350341D+03 -0.2085488D+03  0.0000000D+00
  0.2194367D+04  0.1057659D+04  0.3271276D+03  0.0000000D+00
 -0.3595497D+04 -0.1746155D+04 -0.5663001D+03  0.0000000D+00
  0.6202076D+04  0.2012941D+04  0.8027799D+03  0.0000000D+00
 -0.1513836D+05  0.3761274D+04  0.3550077D+03  0.0000000D+00
  0.1061794D+05  0.2529651D+05 -0.1650700D+04  0.0000000D+00
 -0.1711009D+05  0.1408149D+05  0.4161002D+04  0.0000000D+00
 -0.3429571D+05 -0.1124988D+04 -0.1202938D+04  0.0000000D+00
 -0.2583238D+05 -0.2414556D+04 -0.2514524D+04  0.0000000D+00
 -0.2106736D+05 -0.3342800D+04 -0.3343952D+04  0.0000000D+00
 -0.4089398D+03 -0.4832149D+02  0.8132190D+02  0.0000000D+00
  0.2590528D+03  0.3483409D+03 -0.4571746D+03  0.0000000D+00
 -0.6569179D+03 -0.5711736D+03  0.8317183D+03  0.0000000D+00
  0.5768495D+03  0.1022366D+04 -0.1333992D+04  0.0000000D+00
 -0.3912631D+04 -0.1745576D+04  0.1948869D+04  0.0000000D+00
  0.1313967D+05  0.3470255D+04 -0.3998891D+03  0.0000000D+00
 -0.1535933D+05 -0.1464124D+04  0.4565200D+04  0.0000000D+00
  0.5599092D+05  0.9480684D+04  0.3737383D+04  0.0000000D+00
  0.2563687D+05  0.3101239D+03  0.4854182D+04  0.0000000D+00
  0.1123065D+05  0.1932610D+04  0.6135725D+04  0.0000000D+00
  0.2455666D+04  0.2780041D+04  0.6897634D+04  0.0000000D+00
 -0.3458765D+03  0.7122251D+02 -0.4847098D+02  0.0000000D+00
  0.1309412D+04 -0.7323260D+02  0.2747162D+03  0.0000000D+00
 -0.2505951D+04  0.9822193D+02 -0.4621058D+03  0.0000000D+00
  0.4309371D+04 -0.1980420D+03  0.8330965D+03  0.0000000D+00
 -0.6288092D+04  0.1157789D+04 -0.1268084D+04  0.0000000D+00
  0.1404595D+05 -0.8837771D+04  0.7617582D+03  0.0000000D+00
 -0.1279378D+05  0.1099516D+04  0.2573295D+04  0.0000000D+00
  0.1575292D+05  0.8850329D+04 -0.1760333D+03  0.0000000D+00
 -0.2092740D+05  0.3828744D+04  0.2530942D+04  0.0000000D+00
 -0.2547128D+05  0.1181589D+04  0.4232962D+04  0.0000000D+00
 -0.2853499D+05 -0.4238814D+03  0.5260229D+04  0.0000000D+00
  0.2979186D+03 -0.5564576D+02 -0.4794522D+02  0.0000000D+00
  0.9111759D+03  0.1705966D+03  0.2447361D+03  0.0000000D+00
 -0.7300870D+03 -0.2401273D+03 -0.4065858D+03  0.0000000D+00
  0.1616083D+04  0.4083063D+03  0.6939961D+03  0.0000000D+00
 -0.1274080D+04 -0.4135551D+03 -0.8814649D+03  0.0000000D+00
  0.1208837D+04 -0.1502499D+04 -0.1049875D+04  0.0000000D+00
  0.7401881D+04 -0.2535500D+05  0.1740504D+03  0.0000000D+00
  0.8483842D+04 -0.9763743D+04 -0.4589153D+04  0.0000000D+00
 -0.7538810D+04  0.8482271D+03 -0.7485856D+03  0.0000000D+00
 -0.1240860D+05  0.1188933D+04  0.4545781D+04  0.0000000D+00
 -0.1543733D+05  0.1507932D+04  0.7686727D+04  0.0000000D+00
 -0.2372972D+03  0.1300416D+03  0.5662286D+02  0.0000000D+00
  0.1173413D+03 -0.4820652D+03 -0.2947661D+03  0.0000000D+00
 -0.9284513D+03  0.7748309D+03  0.5178043D+03  0.0000000D+00
  0.1124795D+04 -0.1246952D+04 -0.8786699D+03  0.0000000D+00
 -0.4103435D+04  0.1606464D+04  0.1526499D+04  0.0000000D+00
  0.7643513D+04  0.9453296D+03 -0.2411993D+04  0.0000000D+00
 -0.1905178D+05 -0.5739863D+04  0.3831453D+04  0.0000000D+00
  0.3436704D+05  0.1165062D+04 -0.5710469D+04  0.0000000D+00
 -0.1008851D+05 -0.8372517D+03 -0.2355160D+04  0.0000000D+00
 -0.1829954D+05 -0.4825323D+03  0.9299402D+03  0.0000000D+00
 -0.2359714D+05 -0.2976271D+03  0.2890529D+04  0.0000000D+00
  0.2507321D+03 -0.1062536D+03  0.1151496D+02  0.0000000D+00
 -0.2233160D+04  0.6452444D+03 -0.6127632D+02  0.0000000D+00
  0.3055709D+04 -0.1139881D+04  0.1216874D+03  0.0000000D+00
 -0.4808498D+04  0.1974936D+04 -0.1513963D+03  0.0000000D+00
  0.9441450D+04 -0.3989500D+04  0.7048807D+02  0.0000000D+00
 -0.1610511D+05  0.9357097D+04  0.1404656D+04  0.0000000D+00
  0.2945247D+05 -0.4450259D+04 -0.1576403D+04  0.0000000D+00
 -0.3065573D+05 -0.1000495D+04 -0.2575306D+04  0.0000000D+00
 -0.2096028D+05 -0.9034231D+03 -0.2211461D+04  0.0000000D+00
 -0.2677587D+04 -0.1397829D+04 -0.1160850D+04  0.0000000D+00
  0.8132210D+04 -0.1685552D+04 -0.5423086D+03  0.0000000D+00
 -0.1457746D+05  0.9234689D+04 -0.1910935D+04  0.0000000D+00
 -0.1734429D+05  0.5255703D+04 -0.2043526D+04  0.0000000D+00
 -0.4053664D+04  0.4109666D+04 -0.9279205D+01  0.0000000D+00
  0.2262099D+05  0.1781415D+04  0.2400780D+04  0.0000000D+00
 -0.4857343D+05 -0.7354869D+03 -0.3756329D+03  0.0000000D+00
  0.1636915D+05 -0.6994837D+04 -0.3705642D+04  0.0000000D+00
  0.3968951D+04 -0.1214083D+05 -0.1428576D+05  0.0000000D+00
  0.7656839D+05 -0.2365001D+05  0.8064949D+04  0.0000000D+00
  0.1426589D+06 -0.2176710D+05  0.7899547D+04  0.0000000D+00
  0.1276279D+06 -0.9539421D+04  0.5562691D+04  0.0000000D+00
  0.1195670D+06 -0.2363660D+04  0.4190703D+04  0.0000000D+00
 -0.2402558D+05  0.1072373D+05 -0.2200074D+04  0.0000000D+00
 -0.1648464D+05  0.6653462D+04 -0.9467537D+03  0.0000000D+00
 -0.7863141D+04 -0.6780034D+04 -0.6956146D+03  0.0000000D+00
  0.2290830D+05  0.1803668D+05  0.6600429D+04  0.0000000D+00
 -0.1068624D+05  0.8897207D+04 -0.1121064D+04  0.0000000D+00
 -0.2569682D+05  0.6011095D+04 -0.3054704D+04  0.0000000D+00
  0.1793466D+05  0.4265290D+04 -0.1339035D+04  0.0000000D+00
  0.3711440D+05  0.9978352D+04  0.5608696D+04  0.0000000D+00
  0.6317974D+05 -0.2237589D+05  0.1046759D+05  0.0000000D+00
  0.5606672D+05 -0.1883489D+05  0.6478103D+03  0.0000000D+00
  0.5219831D+05 -0.1712804D+05 -0.5047439D+04  0.0000000D+00
 -0.9268515D+04 -0.1556631D+04  0.6612067D+02  0.0000000D+00
  0.2430232D+05  0.5122457D+04 -0.1792749D+04  0.0000000D+00
 -0.1056501D+05 -0.5462748D+04  0.8044320D+03  0.0000000D+00
  0.1456660D+04  0.1156962D+05  0.1342505D+04  0.0000000D+00
  0.4262198D+05 -0.4692290D+05  0.1167014D+05  0.0000000D+00
 -0.1904178D+05  0.3952451D+05 -0.3106274D+04  0.0000000D+00
  0.4730556D+05 -0.2843705D+05  0.1014663D+02  0.0000000D+00
 -0.2726755D+05 -0.1768758D+05  0.2623214D+03  0.0000000D+00
 -0.1124586D+05 -0.4585600D+04  0.4677180D+04  0.0000000D+00
  0.1454188D+04  0.2212796D+05 -0.1588210D+04  0.0000000D+00
  0.9070811D+04  0.3791056D+05 -0.5208946D+04  0.0000000D+00
  0.2724608D+03  0.3810771D+03  0.6258651D+02  0.0000000D+00
 -0.1566826D+04 -0.1824261D+04 -0.3542124D+03  0.0000000D+00
  0.2347265D+04  0.3328142D+04  0.6253329D+03  0.0000000D+00
 -0.3402132D+04 -0.5531776D+04 -0.1014616D+04  0.0000000D+00
  0.7234547D+04  0.9273891D+04  0.1886121D+04  0.0000000D+00
 -0.1751389D+05 -0.1210300D+05 -0.2551781D+04  0.0000000D+00
  0.5107212D+05  0.3428174D+05  0.2641673D+04  0.0000000D+00
 -0.6351877D+04  0.6441970D+04  0.3025619D+04  0.0000000D+00
 -0.4058959D+05 -0.3274976D+04  0.5502915D+04  0.0000000D+00
 -0.2550893D+05 -0.6577300D+04  0.4990240D+04  0.0000000D+00
 -0.1706298D+05 -0.8620714D+04  0.4718134D+04  0.0000000D+00
 -0.4106487D+03 -0.1753733D+03  0.5536800D+02  0.0000000D+00
  0.1137838D+04  0.9330029D+03 -0.2773998D+03  0.0000000D+00
 -0.1681116D+04 -0.1675806D+04  0.5020227D+03  0.0000000D+00
  0.3297089D+04  0.2792616D+04 -0.8480509D+03  0.0000000D+00
 -0.1406440D+03 -0.4583082D+04  0.1342041D+04  0.0000000D+00
 -0.1789003D+04  0.6143740D+04 -0.1795837D+04  0.0000000D+00
  0.2774061D+05 -0.1161892D+05 -0.9110871D+03  0.0000000D+00
  0.4051751D+05  0.1447863D+04  0.2209210D+04  0.0000000D+00
  0.1255380D+05  0.2923511D+04 -0.4930919D+04  0.0000000D+00
  0.1949483D+05  0.6361416D+04 -0.2254287D+04  0.0000000D+00
  0.2324281D+05  0.8390380D+04 -0.7686795D+03  0.0000000D+00
  0.2614143D+03 -0.5057306D+02 -0.6948449D+02  0.0000000D+00
 -0.8010142D+03 -0.1121822D+03  0.4324003D+03  0.0000000D+00
  0.1960293D+04  0.1983135D+03 -0.7646803D+03  0.0000000D+00
 -0.4529568D+04 -0.3894787D+03  0.1272247D+04  0.0000000D+00
  0.3856257D+04  0.1137718D+04 -0.2117762D+04  0.0000000D+00
 -0.2211308D+04 -0.6549813D+04  0.2685807D+04  0.0000000D+00
  0.7779785D+04  0.1930399D+05 -0.4688897D+04  0.0000000D+00
  0.3693383D+05  0.8619133D+04  0.1307258D+04  0.0000000D+00
  0.1045848D+05  0.3299922D+04 -0.3847845D+04  0.0000000D+00
 -0.3131653D+04  0.2288218D+03 -0.2921074D+04  0.0000000D+00
 -0.1137894D+05 -0.1627936D+04 -0.2435930D+04  0.0000000D+00
  0.5526393D+03  0.8342270D+02 -0.3524008D+02  0.0000000D+00
 -0.1854958D+04 -0.2161232D+03  0.1878569D+03  0.0000000D+00
  0.2482852D+04  0.3478648D+03 -0.3281269D+03  0.0000000D+00
 -0.4286077D+04 -0.5592693D+03  0.5451307D+03  0.0000000D+00
  0.5391778D+04  0.1219590D+04 -0.8402690D+03  0.0000000D+00
 -0.6815741D+04 -0.1870467D+04  0.5047740D+03  0.0000000D+00
  0.1440722D+05  0.4973468D+04  0.4345346D+04  0.0000000D+00
  0.2798555D+05 -0.1192217D+04  0.6865095D+03  0.0000000D+00
  0.1177501D+05  0.2563680D+04 -0.1830961D+04  0.0000000D+00
  0.9102428D+04 -0.8187891D+03 -0.5812038D+04  0.0000000D+00
  0.7354538D+04 -0.2755611D+04 -0.8168537D+04  0.0000000D+00
 -0.1407222D+03  0.2175902D+01  0.1678260D+02  0.0000000D+00
  0.6368494D+03 -0.2967972D+03 -0.7198624D+02  0.0000000D+00
 -0.9379900D+03  0.5374953D+03  0.1220201D+03  0.0000000D+00
  0.2392758D+04 -0.8533541D+03 -0.1985909D+03  0.0000000D+00
 -0.1359400D+04  0.1224347D+04  0.3074489D+03  0.0000000D+00
  0.1591220D+04 -0.1789648D+04  0.4619621D+03  0.0000000D+00
 -0.2266372D+04  0.1112898D+05 -0.1191423D+04  0.0000000D+00
 -0.1377759D+05 -0.2419319D+04 -0.2482077D+04  0.0000000D+00
 -0.1942491D+05 -0.1269605D+04  0.1161024D+03  0.0000000D+00
 -0.8499828D+03 -0.3777488D+03  0.7404839D+03  0.0000000D+00
  0.9963986D+04  0.1572350D+03  0.1135368D+04  0.0000000D+00
  0.2066253D+03 -0.3201260D+02  0.3796137D+02  0.0000000D+00
 -0.5950881D+03  0.5424547D+02 -0.2037911D+03  0.0000000D+00
  0.1109956D+04 -0.8406555D+02  0.3735082D+03  0.0000000D+00
 -0.1793547D+04  0.1061456D+03 -0.6249094D+03  0.0000000D+00
  0.2328979D+04 -0.4773270D+02  0.9986422D+03  0.0000000D+00
 -0.4841894D+04  0.1667820D+03 -0.8972535D+03  0.0000000D+00
  0.6309158D+04 -0.5943037D+03  0.4444485D+04  0.0000000D+00
 -0.2333419D+05 -0.1965543D+04 -0.4279088D+03  0.0000000D+00
 -0.1558871D+04 -0.2100135D+04 -0.6623840D+03  0.0000000D+00
 -0.5944880D+04 -0.1256869D+04 -0.3674958D+04  0.0000000D+00
 -0.8268835D+04 -0.7655056D+03 -0.5441578D+04  0.0000000D+00
 -0.8751057D+04  0.1177448D+05 -0.8332767D+03  0.0000000D+00
 -0.3334186D+04 -0.1475010D+05  0.7021548D+04  0.0000000D+00
 -0.1132313D+05  0.2486671D+05 -0.8529828D+04  0.0000000D+00
 -0.1984572D+05 -0.3363434D+05  0.4369559D+04  0.0000000D+00
  0.7275278D+05  0.3016996D+04  0.6526388D+04  0.0000000D+00
 -0.1497512D+05 -0.2080377D+05 -0.1037341D+05  0.0000000D+00
  0.3433958D+05 -0.2820016D+05  0.1593494D+04  0.0000000D+00
 -0.5985631D+05 -0.3339272D+04 -0.6250904D+04  0.0000000D+00
 -0.3474927D+04 -0.5352106D+04  0.2188957D+04  0.0000000D+00
  0.5499585D+05 -0.8468667D+04  0.1703885D+05  0.0000000D+00
  0.8986150D+05 -0.1031695D+05  0.2582761D+05  0.0000000D+00
 -0.6715800D+04  0.1400421D+05 -0.2977395D+04  0.0000000D+00
 -0.4684854D+04 -0.1605142D+05  0.7061730D+04  0.0000000D+00
 -0.5262828D+04  0.2217970D+05 -0.8724232D+04  0.0000000D+00
 -0.2671243D+05 -0.4237096D+05  0.4668830D+04  0.0000000D+00
  0.5352891D+05  0.5480667D+03 -0.1414791D+05  0.0000000D+00
 -0.7670566D+04 -0.2195504D+05  0.5118076D+03  0.0000000D+00
  0.4265740D+04  0.4523449D+04 -0.1444968D+05  0.0000000D+00
  0.1550194D+05 -0.1277815D+04  0.4460356D+04  0.0000000D+00
  0.2120456D+05 -0.5320478D+04 -0.3651126D+04  0.0000000D+00
  0.1903813D+05 -0.5311965D+04 -0.3348570D+05  0.0000000D+00
  0.1785669D+05 -0.5351457D+04 -0.5104772D+05  0.0000000D+00
  0.4151394D+04 -0.1012183D+05 -0.7104589D+03  0.0000000D+00
  0.1274658D+05  0.6613472D+04  0.2819387D+04  0.0000000D+00
 -0.9540927D+04  0.1196439D+05 -0.1145005D+05  0.0000000D+00
  0.3402149D+05 -0.5764035D+04  0.2264214D+04  0.0000000D+00
 -0.1812611D+05  0.3003696D+05 -0.1526923D+05  0.0000000D+00
  0.8372165D+05 -0.3750827D+05  0.1675957D+04  0.0000000D+00
  0.2079495D+04  0.2318328D+05 -0.2634239D+04  0.0000000D+00
 -0.2272254D+05  0.4210263D+04 -0.6214570D+04  0.0000000D+00
 -0.3713903D+05 -0.1692999D+04 -0.1074455D+05  0.0000000D+00
 -0.4693494D+05  0.1908635D+05 -0.1279125D+05  0.0000000D+00
 -0.5284489D+05  0.3118375D+05 -0.1404308D+05  0.0000000D+00
 -0.5692386D+03 -0.1336620D+03  0.5766073D+02  0.0000000D+00
  0.2626687D+04  0.5196785D+03 -0.3490288D+03  0.0000000D+00
 -0.4722261D+04 -0.8400185D+03  0.6054001D+03  0.0000000D+00
  0.8307359D+04  0.1531659D+04 -0.1103000D+04  0.0000000D+00
 -0.1649895D+05 -0.2902393D+04  0.1766420D+04  0.0000000D+00
  0.3402544D+05  0.5859796D+04 -0.2385615D+04  0.0000000D+00
 -0.3549840D+05 -0.3407583D+05  0.3362921D+04  0.0000000D+00
  0.1349612D+06 -0.2155602D+04  0.9070246D+04  0.0000000D+00
  0.8546774D+05 -0.8515384D+04  0.6815534D+04  0.0000000D+00
 -0.9752639D+03 -0.2572131D+04  0.2276050D+04  0.0000000D+00
 -0.5211396D+05  0.8349121D+03 -0.4071355D+03  0.0000000D+00
  0.4661821D+03 -0.1066098D+03  0.8132681D+02  0.0000000D+00
 -0.2681679D+04  0.9001068D+03 -0.4379905D+03  0.0000000D+00
  0.3640038D+04 -0.1729103D+04  0.8258565D+03  0.0000000D+00
 -0.6162993D+04  0.2844787D+04 -0.1373613D+04  0.0000000D+00
  0.9553269D+04 -0.5282895D+04  0.2691479D+04  0.0000000D+00
 -0.1435744D+05  0.1093768D+05 -0.6446328D+04  0.0000000D+00
  0.2088108D+05  0.1167833D+04  0.6808021D+04  0.0000000D+00
 -0.1168981D+06 -0.2062542D+04 -0.9138931D+04  0.0000000D+00
 -0.9662540D+05  0.5098432D+04  0.2076187D+04  0.0000000D+00
 -0.1228343D+05  0.2008391D+04  0.3629536D+04  0.0000000D+00
  0.3730869D+05  0.2805957D+03  0.4660853D+04  0.0000000D+00
 -0.9951627D+02 -0.2362543D+03 -0.5241785D+02  0.0000000D+00
  0.8035896D+03  0.7440197D+03  0.3373150D+03  0.0000000D+00
 -0.2024395D+04 -0.1215896D+04 -0.6417013D+03  0.0000000D+00
  0.3793141D+04  0.2113336D+04  0.1083078D+04  0.0000000D+00
 -0.3716845D+04 -0.3601496D+04 -0.1846299D+04  0.0000000D+00
  0.1098229D+04  0.7190687D+04  0.2048793D+04  0.0000000D+00
 -0.3802667D+05 -0.2660337D+04 -0.2991629D+04  0.0000000D+00
 -0.1058813D+05 -0.1247826D+04 -0.5041412D+04  0.0000000D+00
 -0.3417768D+05  0.5356629D+04  0.1880626D+04  0.0000000D+00
 -0.9587757D+04  0.2858266D+04  0.4941244D+04  0.0000000D+00
  0.4552751D+04  0.1469205D+04  0.6810942D+04  0.0000000D+00
 -0.1509451D+03  0.7949953D+02 -0.2043771D+02  0.0000000D+00
  0.7561041D+03 -0.3712791D+03  0.1035395D+03  0.0000000D+00
 -0.1270415D+03  0.5674326D+03 -0.1450687D+03  0.0000000D+00
  0.6401291D+02 -0.9843475D+03  0.3134770D+03  0.0000000D+00
  0.1075055D+04  0.1768196D+04 -0.7005345D+03  0.0000000D+00
 -0.9966220D+04 -0.2727097D+04  0.2346079D+04  0.0000000D+00
 -0.1188902D+05  0.3387051D+04 -0.7847756D+03  0.0000000D+00
 -0.8061326D+04 -0.6110334D+02 -0.5987339D+04  0.0000000D+00
  0.1568501D+05 -0.6348519D+04  0.2029641D+03  0.0000000D+00
  0.7022798D+04 -0.4098895D+04  0.3280635D+04  0.0000000D+00
  0.2214377D+04 -0.2852096D+04  0.5147614D+04  0.0000000D+00
 -0.6048640D+02  0.1717235D+02  0.7058997D+02  0.0000000D+00
  0.1049087D+04 -0.3318606D+03 -0.3671808D+03  0.0000000D+00
 -0.8080426D+03  0.7010848D+03  0.6132708D+03  0.0000000D+00
  0.9726269D+03 -0.1119644D+04 -0.1091939D+04  0.0000000D+00
 -0.3330248D+04  0.2148899D+04  0.1813836D+04  0.0000000D+00
  0.7788264D+03 -0.2463704D+04 -0.2562269D+04  0.0000000D+00
 -0.1856768D+05  0.6728348D+04  0.6668152D+04  0.0000000D+00
  0.1325360D+04 -0.1812658D+04 -0.1570897D+04  0.0000000D+00
  0.1507818D+05  0.1570443D+04 -0.9236903D+03  0.0000000D+00
 -0.2295938D+04  0.1856603D+04 -0.5982310D+03  0.0000000D+00
 -0.1231768D+05  0.2061666D+04 -0.4011790D+03  0.0000000D+00
 -0.1740169D+03 -0.2348218D+02  0.5248683D+02  0.0000000D+00
  0.1809357D+04  0.1856469D+03 -0.2554303D+03  0.0000000D+00
 -0.3122533D+04 -0.3976280D+03  0.4618142D+03  0.0000000D+00
  0.4950937D+04  0.6054258D+03 -0.6810981D+03  0.0000000D+00
 -0.8581381D+04 -0.1019900D+04  0.1245153D+04  0.0000000D+00
  0.2477629D+05  0.7858375D+03 -0.1857730D+04  0.0000000D+00
 -0.2848851D+05 -0.9364408D+04  0.3236233D+04  0.0000000D+00
  0.3166911D+05  0.1362289D+04 -0.3741858D+04  0.0000000D+00
  0.2188466D+05  0.6195338D+04 -0.4225214D+04  0.0000000D+00
 -0.9260762D+03  0.4277674D+04 -0.1849918D+04  0.0000000D+00
 -0.1438757D+05  0.3208455D+04 -0.4655895D+03  0.0000000D+00
  0.1439409D+05 -0.3115872D+04  0.9536376D+03  0.0000000D+00
  0.1510186D+05 -0.4052994D+04 -0.1809278D+04  0.0000000D+00
  0.1275702D+04 -0.1975102D+04  0.2547556D+04  0.0000000D+00
 -0.3873378D+05 -0.3545238D+04 -0.2650215D+04  0.0000000D+00
  0.3199700D+05  0.3196361D+04 -0.9238000D+03  0.0000000D+00
 -0.2369744D+05 -0.1387539D+05 -0.1955258D+04  0.0000000D+00
 -0.1860026D+05  0.7879285D+04 -0.6787843D+03  0.0000000D+00
 -0.6564762D+05 -0.1245933D+05  0.3259946D+04  0.0000000D+00
 -0.4417503D+05 -0.1489359D+05 -0.4297338D+04  0.0000000D+00
 -0.1900126D+05  0.1648368D+05 -0.6217593D+04  0.0000000D+00
 -0.4027236D+04  0.3482320D+05 -0.7425817D+04  0.0000000D+00
  0.2236747D+05 -0.4435952D+04  0.1078794D+04  0.0000000D+00
  0.1884511D+05 -0.4365479D+04 -0.8662330D+03  0.0000000D+00
  0.3057600D+03  0.4085921D+04  0.1953381D+04  0.0000000D+00
 -0.3723556D+05 -0.1113289D+05  0.2471907D+03  0.0000000D+00
 -0.1983717D+04  0.1319999D+05 -0.1417926D+04  0.0000000D+00
  0.1133868D+05  0.7367473D+03  0.7295483D+04  0.0000000D+00
  0.5587632D+04 -0.1804058D+04  0.8004191D+03  0.0000000D+00
 -0.3676820D+05 -0.7294146D+04  0.5947925D+04  0.0000000D+00
 -0.3092357D+05 -0.1396210D+05  0.5991304D+04  0.0000000D+00
 -0.1979675D+05  0.3613980D+04  0.5056076D+04  0.0000000D+00
 -0.1321720D+05  0.1382787D+05  0.4507660D+04  0.0000000D+00
  0.4308243D+04 -0.1282907D+04  0.7233286D+01  0.0000000D+00
 -0.2012297D+05 -0.5774605D+03 -0.9130139D+02  0.0000000D+00
  0.8003531D+04  0.2727956D+04  0.1862559D+02  0.0000000D+00
  0.8954623D+04 -0.1112768D+04 -0.9053707D+03  0.0000000D+00
 -0.3882629D+05 -0.1265059D+05 -0.3901090D+03  0.0000000D+00
  0.2157311D+05  0.8217047D+04 -0.1939432D+04  0.0000000D+00
 -0.2738178D+05  0.8899507D+04  0.9489342D+03  0.0000000D+00
 -0.1682612D+05 -0.3143623D+04  0.2109400D+04  0.0000000D+00
  0.1209174D+05 -0.1011232D+05  0.8259606D+04  0.0000000D+00
  0.4847045D+04 -0.1756064D+05  0.1107724D+05  0.0000000D+00
  0.9335253D+03 -0.2200012D+05  0.1279649D+05  0.0000000D+00
 -0.3070225D+03 -0.6165720D+02 -0.1207700D+02  0.0000000D+00
  0.1556552D+04  0.1953670D+03  0.9696233D+02  0.0000000D+00
 -0.1536428D+04 -0.3443469D+03 -0.1653662D+03  0.0000000D+00
  0.1915253D+04  0.5589959D+03  0.3208621D+03  0.0000000D+00
 -0.6523612D+04 -0.1080431D+04 -0.5494635D+03  0.0000000D+00
  0.1633391D+05  0.1283627D+04  0.9928805D+03  0.0000000D+00
  0.3515010D+04 -0.9505979D+04 -0.3113583D+04  0.0000000D+00
  0.1081776D+05 -0.1350976D+04 -0.2195020D+03  0.0000000D+00
  0.2710752D+04  0.9540696D+03  0.3808993D+03  0.0000000D+00
 -0.2894622D+04 -0.2576161D+04  0.1695373D+04  0.0000000D+00
 -0.6262326D+04 -0.4616354D+04  0.2470579D+04  0.0000000D+00
 -0.2961177D+02  0.7443747D+02 -0.4890311D+02  0.0000000D+00
 -0.6318543D+03 -0.4100958D+03  0.2467876D+03  0.0000000D+00
  0.3150063D+03  0.7188129D+03 -0.4340912D+03  0.0000000D+00
 -0.1139664D+04 -0.1197189D+04  0.7095983D+03  0.0000000D+00
 -0.2836202D+04  0.2097352D+04 -0.1085290D+04  0.0000000D+00
  0.2122409D+04 -0.2096944D+04  0.6176864D+03  0.0000000D+00
 -0.2586866D+05  0.7471916D+04 -0.7067430D+04  0.0000000D+00
  0.1654053D+05 -0.3108712D+04  0.4419578D+04  0.0000000D+00
 -0.5809183D+04 -0.2216237D+04 -0.1847997D+04  0.0000000D+00
 -0.1042397D+05  0.4260683D+04 -0.4452185D+04  0.0000000D+00
 -0.1337520D+05  0.8062102D+04 -0.6046795D+04  0.0000000D+00
  0.8739569D+02  0.8332709D+01 -0.1198706D+02  0.0000000D+00
 -0.9811100D+03  0.1817581D+03  0.2890333D+02  0.0000000D+00
  0.4585238D+03 -0.3258390D+03 -0.4437041D+02  0.0000000D+00
  0.1033020D+03  0.5868815D+03  0.2668839D+02  0.0000000D+00
  0.4984292D+04 -0.1063453D+04 -0.4398605D+01  0.0000000D+00
 -0.1587715D+05  0.2868597D+04 -0.2206637D+03  0.0000000D+00
  0.2602499D+04 -0.1984535D+04 -0.4490414D+03  0.0000000D+00
 -0.1876946D+04 -0.5106909D+04  0.1921205D+04  0.0000000D+00
  0.5601681D+04  0.7601564D+03 -0.1993689D+04  0.0000000D+00
  0.1073130D+05  0.1173742D+04 -0.5499206D+04  0.0000000D+00
  0.1381414D+05  0.1481131D+04 -0.7595486D+04  0.0000000D+00
  0.1465208D+02 -0.1737629D+02 -0.4606831D+01  0.0000000D+00
  0.1287779D+04 -0.1773670D+02  0.3950561D+02  0.0000000D+00
 -0.1260593D+04  0.2068070D+02 -0.7881460D+02  0.0000000D+00
  0.1498224D+04 -0.2219080D+02  0.1771555D+03  0.0000000D+00
 -0.6556509D+03 -0.7648672D+02 -0.3555231D+03  0.0000000D+00
 -0.2308362D+04 -0.3044925D+03  0.1393043D+04  0.0000000D+00
 -0.1441817D+05  0.4358267D+04 -0.4171182D+03  0.0000000D+00
  0.1139385D+05  0.1555637D+03  0.3642015D+04  0.0000000D+00
  0.7171997D+04  0.6834327D+03  0.1040882D+04  0.0000000D+00
  0.3341387D+04  0.5270882D+03  0.2073289D+03  0.0000000D+00
  0.1055413D+04  0.4411534D+03 -0.3094319D+03  0.0000000D+00
  0.6690117D+02  0.3111658D+02 -0.3625709D+02  0.0000000D+00
 -0.1050043D+04 -0.1025694D+03  0.1775673D+03  0.0000000D+00
  0.1666466D+04  0.1958032D+03 -0.3313609D+03  0.0000000D+00
 -0.2972311D+04 -0.3371373D+03  0.5125661D+03  0.0000000D+00
  0.4014313D+04  0.9193323D+03 -0.9154627D+03  0.0000000D+00
 -0.9620785D+04 -0.1502199D+04  0.1655052D+04  0.0000000D+00
  0.1775990D+05  0.4460274D+04 -0.3460059D+04  0.0000000D+00
 -0.2770344D+05 -0.2855629D+04  0.3553418D+04  0.0000000D+00
 -0.1298626D+04  0.3651630D+03  0.1914329D+04  0.0000000D+00
  0.1252503D+05  0.4991474D+03 -0.1334051D+04  0.0000000D+00
  0.2090949D+05  0.6137101D+03 -0.3253872D+04  0.0000000D+00
 -0.2489455D+03  0.2471459D+02 -0.4759044D+00  0.0000000D+00
 -0.1402713D+03  0.9455103D+02  0.9631860D+01  0.0000000D+00
 -0.7196795D+03 -0.1611536D+03 -0.9800104D+01  0.0000000D+00
  0.1990688D+04  0.2726840D+03  0.9902509D+01  0.0000000D+00
 -0.2813073D+04 -0.5240168D+03  0.9565246D+01  0.0000000D+00
  0.1132989D+05  0.4819173D+03  0.5228513D+02  0.0000000D+00
 -0.5625976D+04 -0.5059453D+04 -0.2301862D+03  0.0000000D+00
 -0.1907063D+05  0.4331737D+04  0.2674335D+04  0.0000000D+00
  0.1187219D+05  0.4436833D+04  0.2417248D+04  0.0000000D+00
  0.1085500D+05  0.3398327D+03  0.9925010D+03  0.0000000D+00
  0.1061261D+05 -0.2057695D+04  0.1550112D+03  0.0000000D+00
  0.5835121D+04 -0.6736682D+04 -0.2594332D+03  0.0000000D+00
  0.2188331D+05 -0.2575370D+04 -0.1463244D+04  0.0000000D+00
  0.6675798D+04  0.4002454D+03 -0.4632240D+03  0.0000000D+00
 -0.2531407D+05 -0.4390133D+04  0.9206635D+03  0.0000000D+00
 -0.1157463D+05  0.1522263D+05  0.1914418D+04  0.0000000D+00
 -0.1178469D+05 -0.4268307D+04  0.1375567D+03  0.0000000D+00
 -0.9986920D+04  0.1127158D+05 -0.2412260D+04  0.0000000D+00
 -0.2024180D+05 -0.7215522D+03 -0.4438208D+03  0.0000000D+00
 -0.1091182D+05 -0.2092322D+04 -0.3824161D+03  0.0000000D+00
 -0.1195066D+05  0.5668937D+04  0.3349995D+04  0.0000000D+00
 -0.1245300D+05  0.1019546D+05  0.5535994D+04  0.0000000D+00
  0.4876401D+04 -0.6221997D+04  0.1306877D+02  0.0000000D+00
  0.1958697D+05 -0.2120767D+04 -0.1154543D+04  0.0000000D+00
  0.1018093D+05 -0.2882715D+04  0.2470120D+03  0.0000000D+00
 -0.2617197D+05 -0.1802914D+04  0.1088681D+04  0.0000000D+00
 -0.8074473D+02  0.1846073D+05 -0.2148410D+04  0.0000000D+00
  0.1194891D+05  0.5410157D+04 -0.1002357D+03  0.0000000D+00
  0.8023502D+04  0.4367279D+04  0.2036162D+03  0.0000000D+00
 -0.1642813D+05 -0.1498334D+04  0.6055173D+03  0.0000000D+00
  0.3142193D+04 -0.2293792D+04 -0.2301921D+04  0.0000000D+00
  0.1140005D+05  0.1670271D+04  0.2729032D+04  0.0000000D+00
  0.1645138D+05  0.3981830D+04  0.5642581D+04  0.0000000D+00
 -0.1358678D+04  0.5876785D+04  0.9693262D+03  0.0000000D+00
 -0.1956505D+05 -0.2700735D+03 -0.1291611D+04  0.0000000D+00
  0.2409699D+04 -0.3517581D+04  0.1555805D+04  0.0000000D+00
  0.5718833D+04  0.5726195D+04 -0.9096420D+03  0.0000000D+00
  0.2144474D+05 -0.1178069D+05  0.8840979D+03  0.0000000D+00
 -0.1632552D+05  0.3128974D+04  0.1353624D+04  0.0000000D+00
 -0.3541592D+05 -0.1335464D+05  0.2270075D+04  0.0000000D+00
 -0.3867770D+04  0.1079346D+04 -0.6849875D+03  0.0000000D+00
 -0.1261443D+05  0.4638058D+03  0.1305661D+04  0.0000000D+00
 -0.1778014D+05 -0.1977532D+04  0.1215813D+05  0.0000000D+00
 -0.2089499D+05 -0.3414173D+04  0.1853710D+05  0.0000000D+00
 -0.1353186D+03  0.6132101D+02  0.3523093D+02  0.0000000D+00
  0.7317056D+03 -0.1903459D+03 -0.1664686D+03  0.0000000D+00
 -0.1843557D+04  0.2820785D+03  0.2910955D+03  0.0000000D+00
  0.3056256D+04 -0.5128717D+03 -0.4198215D+03  0.0000000D+00
 -0.4998461D+04  0.9196729D+03  0.7814385D+03  0.0000000D+00
  0.1093494D+05 -0.1360025D+04 -0.9732110D+03  0.0000000D+00
 -0.2636193D+05  0.2431418D+04  0.1817728D+04  0.0000000D+00
 -0.1389669D+05 -0.1053657D+04  0.2368230D+03  0.0000000D+00
 -0.1458605D+04 -0.3090231D+04  0.2475458D+04  0.0000000D+00
  0.1327688D+04  0.3832280D+03  0.2230212D+04  0.0000000D+00
  0.3096652D+04  0.2392958D+04  0.2111384D+04  0.0000000D+00
 -0.6415363D+02  0.1391407D+02  0.2462500D+02  0.0000000D+00
  0.9901326D+03 -0.3097428D+03 -0.1444650D+03  0.0000000D+00
 -0.2510459D+04  0.5962667D+03  0.2669216D+03  0.0000000D+00
  0.4048311D+04 -0.9937308D+03 -0.4460017D+03  0.0000000D+00
 -0.3579771D+04  0.1597588D+04  0.6184025D+03  0.0000000D+00
  0.4574260D+04 -0.1537221D+04 -0.1403381D+01  0.0000000D+00
 -0.1503672D+05  0.5524305D+04  0.1168529D+04  0.0000000D+00
  0.1087993D+05  0.1745671D+04 -0.4539356D+04  0.0000000D+00
 -0.1203954D+05  0.4833877D+04 -0.1192757D+03  0.0000000D+00
 -0.2262412D+05 -0.1595106D+04 -0.5178097D+03  0.0000000D+00
 -0.2907611D+05 -0.5322367D+04 -0.7013395D+03  0.0000000D+00
 -0.8875580D+02  0.7815886D+02 -0.4439263D+00  0.0000000D+00
  0.4035993D+03 -0.7927244D+02 -0.2571834D+01  0.0000000D+00
 -0.1431801D+03  0.1565670D+03  0.7428802D+01  0.0000000D+00
 -0.1189533D+02 -0.2065183D+03 -0.2519643D+02  0.0000000D+00
 -0.1317180D+04  0.2677442D+03 -0.3455375D+02  0.0000000D+00
  0.2102171D+04 -0.2564675D+03  0.3992616D+03  0.0000000D+00
 -0.1861118D+05  0.3121060D+04  0.7828218D+03  0.0000000D+00
  0.1875427D+04  0.3548042D+04 -0.1570480D+04  0.0000000D+00
  0.1587460D+05  0.8092751D+03 -0.2089982D+03  0.0000000D+00
  0.6448472D+04 -0.1538166D+03 -0.1168893D+04  0.0000000D+00
  0.1086096D+04 -0.7483642D+03 -0.1715587D+04  0.0000000D+00
 -0.2885429D+03  0.1220018D+02  0.9029480D+00  0.0000000D+00
  0.6508643D+03 -0.6132381D+02 -0.1045979D+02  0.0000000D+00
  0.7025642D+03  0.1344223D+03  0.2839095D+02  0.0000000D+00
 -0.1554212D+04 -0.2082009D+03 -0.3832553D+02  0.0000000D+00
  0.3774651D+03  0.2086059D+03  0.1479961D+03  0.0000000D+00
 -0.3865939D+04  0.2164109D+03 -0.9001451D+03  0.0000000D+00
  0.1264279D+05  0.3633085D+03  0.1329159D+04  0.0000000D+00
  0.7170766D+04 -0.2476622D+04 -0.2184393D+04  0.0000000D+00
  0.1232500D+04  0.6324167D+03 -0.2944279D+04  0.0000000D+00
 -0.1484059D+04  0.3058001D+03 -0.6027659D+04  0.0000000D+00
 -0.3138396D+04  0.1495430D+03 -0.7840768D+04  0.0000000D+00
 -0.4600101D+02  0.8005443D+01  0.5664596D+01  0.0000000D+00
 -0.4376904D+03  0.9380897D+02  0.1331683D+01  0.0000000D+00
  0.2384625D+02 -0.1407975D+03 -0.8391365D+01  0.0000000D+00
  0.3788367D+03  0.2761456D+03 -0.2927063D+02  0.0000000D+00
  0.1323827D+04 -0.6640431D+03  0.1441894D+03  0.0000000D+00
 -0.1772631D+04  0.1262658D+04 -0.8218779D+03  0.0000000D+00
  0.8653189D+04 -0.6497909D+04  0.7091659D+03  0.0000000D+00
  0.4363792D+03  0.4969122D+04  0.1394509D+04  0.0000000D+00
 -0.2064271D+04  0.6570487D+03 -0.1008309D+04  0.0000000D+00
  0.8140488D+04 -0.5646933D+02  0.2312465D+03  0.0000000D+00
  0.1408479D+05 -0.5214570D+03  0.9304628D+03  0.0000000D+00
  0.2719379D+03 -0.1260645D+02  0.1157924D+02  0.0000000D+00
 -0.7909478D+03 -0.1503132D+02 -0.1076503D+03  0.0000000D+00
  0.4346718D+03  0.2892582D+02  0.1904597D+03  0.0000000D+00
 -0.6787126D+03 -0.9675120D+02 -0.3238292D+03  0.0000000D+00
  0.1100940D+04  0.6128231D+03  0.6137298D+03  0.0000000D+00
 -0.1279257D+04 -0.2459202D+04 -0.1244357D+04  0.0000000D+00
  0.5615368D+04  0.3260905D+04  0.2791254D+04  0.0000000D+00
 -0.6848350D+04  0.1101502D+04 -0.3217987D+04  0.0000000D+00
  0.1951730D+04  0.8561521D+03 -0.9838262D+03  0.0000000D+00
 -0.1841633D+04  0.1209839D+04  0.1843163D+04  0.0000000D+00
 -0.3963998D+04  0.1414225D+04  0.3523349D+04  0.0000000D+00
 -0.1316352D+05 -0.2192904D+04 -0.7965823D+03  0.0000000D+00
  0.6910490D+04 -0.1204478D+04 -0.1120979D+03  0.0000000D+00
 -0.7650912D+04  0.1157232D+05  0.5386550D+03  0.0000000D+00
  0.1179174D+05 -0.1268376D+05 -0.1073624D+04  0.0000000D+00
 -0.8121945D+04 -0.3242463D+04 -0.8438179D+03  0.0000000D+00
  0.3350656D+04 -0.1810731D+04  0.9846162D+03  0.0000000D+00
  0.1550557D+05  0.9008610D+04 -0.7245593D+03  0.0000000D+00
  0.1708102D+05 -0.3299481D+04  0.9239627D+03  0.0000000D+00
  0.7919627D+04 -0.6270797D+04  0.4510239D+04  0.0000000D+00
  0.1497439D+05 -0.2320321D+04  0.4483335D+04  0.0000000D+00
  0.1899921D+05 -0.4205112D+02  0.4507919D+04  0.0000000D+00
 -0.1844390D+05  0.2766404D+03 -0.1094974D+04  0.0000000D+00
 -0.7973892D+03 -0.1981537D+04  0.9772066D+03  0.0000000D+00
  0.5573146D+03  0.7020576D+04 -0.1087831D+04  0.0000000D+00
  0.2059267D+04 -0.3318585D+04  0.8537044D+03  0.0000000D+00
  0.2765452D+04 -0.1345571D+05 -0.2143299D+04  0.0000000D+00
 -0.7204103D+04  0.7242471D+04 -0.1427813D+03  0.0000000D+00
  0.1336313D+05 -0.3937918D+04 -0.1784402D+04  0.0000000D+00
  0.9313922D+04  0.1158356D+03  0.2043505D+04  0.0000000D+00
  0.1024704D+05 -0.2191058D+04  0.9715431D+03  0.0000000D+00
  0.1776742D+05 -0.6654915D+04 -0.2205399D+04  0.0000000D+00
  0.2218431D+05 -0.9294141D+04 -0.4076322D+04  0.0000000D+00
 -0.4295008D+04  0.4493364D+04 -0.2789858D+03  0.0000000D+00
  0.2128599D+04  0.6746997D+03  0.1556736D+04  0.0000000D+00
 -0.4549108D+04 -0.2804551D+04 -0.2327462D+03  0.0000000D+00
  0.1195549D+05  0.4686758D+04  0.1773383D+04  0.0000000D+00
 -0.3142205D+04  0.1704642D+04 -0.7948527D+03  0.0000000D+00
  0.1649356D+05 -0.3526982D+04  0.1347666D+04  0.0000000D+00
 -0.8330485D+04  0.5653570D+03 -0.1781619D+04  0.0000000D+00
 -0.1778429D+05  0.1753290D+04  0.3788486D+04  0.0000000D+00
 -0.2017366D+05 -0.2421716D+04 -0.4651454D+04  0.0000000D+00
 -0.2676448D+05  0.2936655D+04 -0.5520430D+04  0.0000000D+00
 -0.3064930D+05  0.6028063D+04 -0.6123612D+04  0.0000000D+00
 -0.2280198D+03 -0.1024021D+03  0.1236782D+02  0.0000000D+00
 -0.3939955D+03  0.7485161D+03 -0.9516109D+02  0.0000000D+00
  0.3018986D+03 -0.1339329D+04  0.1707039D+03  0.0000000D+00
 -0.2673681D+03  0.2179151D+04 -0.2977931D+03  0.0000000D+00
  0.1632571D+04 -0.3279639D+04  0.5811199D+03  0.0000000D+00
 -0.3500681D+04  0.4151833D+04 -0.9293847D+03  0.0000000D+00
  0.3072303D+04 -0.1104465D+05  0.2371747D+04  0.0000000D+00
  0.9917765D+04  0.5872905D+04  0.5094031D+03  0.0000000D+00
  0.2466908D+05  0.5394520D+04 -0.1573361D+04  0.0000000D+00
  0.1131059D+05 -0.8540744D+03  0.1095659D+04  0.0000000D+00
  0.3660729D+04 -0.4516108D+04  0.2635716D+04  0.0000000D+00
 -0.3005307D+03  0.2324603D+02  0.6552183D+01  0.0000000D+00
  0.1064596D+04 -0.1501180D+03 -0.3612860D+02  0.0000000D+00
 -0.1758763D+04  0.2395361D+03  0.4035228D+02  0.0000000D+00
  0.3209133D+04 -0.3632250D+03 -0.5425170D+02  0.0000000D+00
  0.9765439D+01  0.5727434D+03 -0.7766846D+02  0.0000000D+00
 -0.4586945D+04 -0.2102740D+03  0.1377341D+04  0.0000000D+00
 -0.4666317D+03  0.4178591D+04  0.1590748D+03  0.0000000D+00
 -0.1134276D+05 -0.1502086D+04  0.2370834D+04  0.0000000D+00
 -0.1935191D+05 -0.2918313D+04 -0.6302186D+03  0.0000000D+00
 -0.1313840D+05  0.8111218D+03 -0.5060049D+03  0.0000000D+00
 -0.9590245D+04  0.2977958D+04 -0.4673891D+03  0.0000000D+00
 -0.7063788D+02  0.1068726D+02  0.1440413D+02  0.0000000D+00
  0.3688684D+02 -0.1218523D+03 -0.3391114D+02  0.0000000D+00
  0.1918142D+03  0.2170247D+03  0.6670677D+02  0.0000000D+00
 -0.3797379D+03 -0.3536009D+03 -0.1023210D+03  0.0000000D+00
 -0.1408216D+04  0.5832517D+03  0.1085891D+03  0.0000000D+00
  0.2088047D+04  0.1274786D+04  0.1737413D+03  0.0000000D+00
 -0.2048607D+04 -0.3936014D+04  0.1589842D+04  0.0000000D+00
  0.7440913D+04 -0.1057885D+04 -0.8525382D+03  0.0000000D+00
  0.4149726D+04 -0.3957919D+04  0.2157365D+03  0.0000000D+00
  0.6504182D+04 -0.1099788D+04  0.1279331D+04  0.0000000D+00
  0.7843880D+04  0.5408935D+03  0.1913243D+04  0.0000000D+00
  0.5679483D+02  0.1431620D+02 -0.6508483D+01  0.0000000D+00
 -0.1586208D+03 -0.7104970D+02  0.1058591D+02  0.0000000D+00
  0.4436487D+03  0.1368575D+03 -0.4251565D+02  0.0000000D+00
 -0.7835917D+03 -0.1482632D+03  0.5384380D+02  0.0000000D+00
 -0.9208250D+03  0.2769378D+03 -0.5710556D+02  0.0000000D+00
  0.2921639D+04  0.5219991D+03 -0.3104218D+03  0.0000000D+00
 -0.1653579D+04 -0.6130346D+04  0.5254601D+03  0.0000000D+00
  0.1155872D+05 -0.1900688D+04  0.2177130D+04  0.0000000D+00
  0.1112634D+04 -0.3713105D+04 -0.3652062D+03  0.0000000D+00
 -0.4555537D+03 -0.1568898D+04  0.3003768D+03  0.0000000D+00
 -0.1490459D+04 -0.3338945D+03  0.6618494D+03  0.0000000D+00
  0.9721989D+02 -0.6966561D+01 -0.1461199D+02  0.0000000D+00
  0.7918926D+03  0.1173492D+03  0.8055534D+02  0.0000000D+00
 -0.1512016D+04 -0.1866104D+03 -0.1240579D+03  0.0000000D+00
  0.2153046D+04  0.3122039D+03  0.2433441D+03  0.0000000D+00
 -0.9208170D+03 -0.4491035D+03 -0.4197844D+03  0.0000000D+00
  0.1052908D+04  0.2959083D+03  0.9168457D+03  0.0000000D+00
  0.2166022D+01 -0.2448272D+04 -0.2002112D+04  0.0000000D+00
  0.4620267D+04 -0.1645781D+04  0.3139296D+04  0.0000000D+00
  0.5612048D+04  0.7804542D+03  0.1005301D+04  0.0000000D+00
 -0.2634344D+04 -0.6465735D+03 -0.9153344D+03  0.0000000D+00
 -0.7452811D+04 -0.1455014D+04 -0.2063566D+04  0.0000000D+00
  0.1180343D+03 -0.1125780D+03 -0.2221390D+00  0.0000000D+00
  0.2643503D+03  0.3580323D+03  0.1647974D+02  0.0000000D+00
 -0.3875847D+03 -0.5843544D+03 -0.3149021D+02  0.0000000D+00
  0.3103983D+03  0.9264494D+03  0.2581884D+02  0.0000000D+00
 -0.1597266D+04 -0.1530268D+04 -0.3703204D+02  0.0000000D+00
  0.3940931D+04  0.8824483D+03  0.1222344D+03  0.0000000D+00
 -0.7267982D+04 -0.3032081D+04 -0.7114614D+03  0.0000000D+00
  0.1767489D+04 -0.1138885D+03  0.1815278D+04  0.0000000D+00
  0.2380699D+04  0.1666046D+04  0.5224308D+03  0.0000000D+00
  0.3692305D+04 -0.1553904D+03 -0.1181177D+04  0.0000000D+00
  0.4469283D+04 -0.1201092D+04 -0.2192355D+04  0.0000000D+00
 -0.6690198D+04  0.3424123D+04  0.7052712D+03  0.0000000D+00
 -0.2299838D+05  0.3811380D+04 -0.2220564D+04  0.0000000D+00
  0.1198643D+05 -0.3851658D+04  0.1615220D+04  0.0000000D+00
 -0.4297768D+04  0.2247911D+04 -0.3208569D+04  0.0000000D+00
  0.1031387D+05  0.4784006D+04  0.2857160D+03  0.0000000D+00
 -0.8228649D+04  0.3692194D+03 -0.2590107D+04  0.0000000D+00
  0.1538816D+04 -0.4392917D+04  0.3345735D+04  0.0000000D+00
  0.1334657D+05  0.1191864D+04  0.2205222D+04  0.0000000D+00
  0.1694287D+05  0.4104648D+04  0.8312798D+03  0.0000000D+00
  0.1029454D+05  0.5324968D+03  0.2055843D+04  0.0000000D+00
  0.6443243D+04 -0.1527296D+04  0.2758019D+04  0.0000000D+00
 -0.6781340D+04  0.3301274D+04  0.1661889D+03  0.0000000D+00
 -0.2555213D+05  0.2898633D+04 -0.2054890D+04  0.0000000D+00
  0.1331370D+05 -0.4573669D+04  0.8008190D+03  0.0000000D+00
 -0.1773448D+04  0.2362468D+04 -0.3136199D+04  0.0000000D+00
  0.3282248D+04  0.1345811D+03 -0.3478418D+04  0.0000000D+00
 -0.1398392D+05 -0.1643739D+04 -0.4761052D+03  0.0000000D+00
 -0.4925118D+04 -0.1026930D+05 -0.5219176D+03  0.0000000D+00
 -0.4201054D+04  0.6069338D+04  0.2181737D+04  0.0000000D+00
 -0.1130352D+05  0.8287409D+04  0.6298868D+04  0.0000000D+00
  0.8977696D+04 -0.5208233D+04 -0.3732522D+04  0.0000000D+00
  0.2077297D+05 -0.1308413D+05 -0.9561703D+04  0.0000000D+00
  0.2693427D+03 -0.1668859D+04 -0.2896512D+03  0.0000000D+00
  0.1606732D+05 -0.2185986D+04 -0.7880545D+03  0.0000000D+00
 -0.5992422D+04  0.5051918D+04  0.4999767D+03  0.0000000D+00
 -0.2465014D+04 -0.5622842D+04 -0.2172337D+04  0.0000000D+00
 -0.1928084D+05 -0.1517390D+04 -0.2651046D+03  0.0000000D+00
  0.8348011D+04  0.7812515D+03 -0.2522572D+04  0.0000000D+00
 -0.5225826D+04  0.1230566D+05 -0.9165815D+01  0.0000000D+00
  0.2061522D+05 -0.3271253D+04  0.1600365D+04  0.0000000D+00
  0.6006836D+04 -0.4866083D+04  0.3939196D+04  0.0000000D+00
 -0.8787349D+04  0.2120053D+04 -0.7005035D+03  0.0000000D+00
 -0.1761688D+05  0.6190420D+04 -0.3392124D+04  0.0000000D+00
  0.2140387D+03  0.4721958D+02  0.1180893D+02  0.0000000D+00
 -0.7418815D+03 -0.3467595D+03 -0.7179352D+02  0.0000000D+00
  0.1037884D+04  0.6604029D+03  0.1094803D+03  0.0000000D+00
 -0.1879990D+04 -0.1047963D+04 -0.1819694D+03  0.0000000D+00
  0.2563239D+04  0.1637939D+04  0.3107991D+03  0.0000000D+00
 -0.7770977D+04 -0.1594126D+04 -0.3506529D+03  0.0000000D+00
  0.1347146D+05  0.6086080D+03  0.2794500D+03  0.0000000D+00
 -0.1096771D+05  0.4058639D+04 -0.2490152D+04  0.0000000D+00
 -0.1822388D+05  0.8480194D+03  0.2162414D+04  0.0000000D+00
 -0.6413610D+04  0.3194206D+04  0.1435561D+04  0.0000000D+00
  0.4173492D+03  0.4531241D+04  0.1060898D+04  0.0000000D+00
  0.2179954D+03 -0.2138367D+02 -0.1416242D+02  0.0000000D+00
 -0.9992317D+03  0.1780187D+03  0.7363221D+02  0.0000000D+00
  0.1849508D+04 -0.3447657D+03 -0.1256019D+03  0.0000000D+00
 -0.3569127D+04  0.5647383D+03  0.2175949D+03  0.0000000D+00
  0.1793763D+04 -0.1155274D+04 -0.3014990D+03  0.0000000D+00
  0.3717149D+04  0.2723482D+04  0.1363942D+03  0.0000000D+00
  0.1729858D+04  0.1042209D+04  0.5284603D+03  0.0000000D+00
  0.8217682D+04  0.2802274D+04  0.1442301D+04  0.0000000D+00
  0.5342746D+04  0.3753872D+04 -0.5438755D+03  0.0000000D+00
 -0.3913392D+03 -0.2592317D+04 -0.1832044D+04  0.0000000D+00
 -0.3784258D+04 -0.6295491D+04 -0.2608682D+04  0.0000000D+00
  0.7161592D+01 -0.2236119D+02  0.4204935D+01  0.0000000D+00
  0.4441639D+03  0.2963119D+02 -0.1677604D+02  0.0000000D+00
 -0.7555589D+03 -0.5182251D+02  0.3590255D+02  0.0000000D+00
  0.8525866D+03  0.8684838D+02 -0.3327399D+02  0.0000000D+00
  0.1682043D+04 -0.2715311D+03  0.1418963D+03  0.0000000D+00
 -0.2526344D+04 -0.1011312D+04 -0.2357525D+03  0.0000000D+00
  0.1783373D+05  0.5369663D+04  0.1911228D+04  0.0000000D+00
  0.4914373D+04  0.5101804D+03 -0.2089437D+04  0.0000000D+00
  0.7188504D+04 -0.1162696D+04 -0.5593687D+03  0.0000000D+00
  0.7173942D+04 -0.8788466D+02 -0.3734273D+03  0.0000000D+00
  0.7196003D+04  0.5224716D+03 -0.2480149D+03  0.0000000D+00
  0.6836817D+02 -0.1342597D+02  0.8733338D+01  0.0000000D+00
 -0.1358550D+03 -0.3391306D+02 -0.4041833D+02  0.0000000D+00
 -0.7648079D+02  0.4195676D+02  0.6188183D+02  0.0000000D+00
  0.8724858D+02 -0.1235775D+03 -0.7225496D+02  0.0000000D+00
  0.1529215D+04  0.4569131D+03  0.2203061D+03  0.0000000D+00
  0.1313348D+04 -0.2087556D+04 -0.6540672D+03  0.0000000D+00
  0.1732842D+04  0.4336779D+04  0.5442600D+03  0.0000000D+00
 -0.6564253D+04 -0.1490907D+04 -0.1455075D+04  0.0000000D+00
  0.1455701D+04 -0.2196771D+04  0.1372063D+04  0.0000000D+00
  0.1981595D+04 -0.7309306D+03  0.5141564D+03  0.0000000D+00
  0.2376061D+04  0.1193361D+03  0.4317514D+02  0.0000000D+00
 -0.6082649D+02 -0.9853569D+01 -0.2229682D+02  0.0000000D+00
 -0.3723882D+03  0.2771773D+02  0.9773268D+02  0.0000000D+00
  0.1562739D+04 -0.6013617D+02 -0.1732078D+03  0.0000000D+00
 -0.2184270D+04  0.1019961D+03  0.2757779D+03  0.0000000D+00
  0.1219864D+04 -0.3292376D+03 -0.3838483D+03  0.0000000D+00
  0.2652582D+04  0.9330583D+03 -0.3192004D+01  0.0000000D+00
 -0.1736417D+04 -0.1091053D+03 -0.1986151D+04  0.0000000D+00
  0.1044831D+05  0.1526774D+04  0.1421689D+04  0.0000000D+00
 -0.3479994D+04  0.2545266D+04  0.3104581D+03  0.0000000D+00
 -0.4549122D+04  0.2241077D+04  0.4252347D+03  0.0000000D+00
 -0.5326907D+04  0.2074263D+04  0.4802871D+03  0.0000000D+00
 -0.1396430D+02  0.9588506D+02 -0.1006149D+01  0.0000000D+00
 -0.2167306D+03 -0.3571131D+03  0.1069275D+02  0.0000000D+00
  0.9690367D+03  0.6693266D+03 -0.1899446D+02  0.0000000D+00
 -0.1223111D+04 -0.1098365D+04  0.3974364D+02  0.0000000D+00
  0.3298910D+04  0.1859866D+04 -0.1621362D+03  0.0000000D+00
 -0.9341981D+04 -0.2913269D+04  0.6743885D+03  0.0000000D+00
  0.1330871D+05  0.7539408D+04 -0.3516243D+03  0.0000000D+00
 -0.1189084D+05 -0.3818742D+04  0.4076779D+03  0.0000000D+00
 -0.3515495D+04 -0.2425359D+04  0.1733666D+04  0.0000000D+00
  0.5455429D+04 -0.1251390D+03  0.1916835D+01  0.0000000D+00
  0.1079777D+05  0.1236957D+04 -0.9971958D+03  0.0000000D+00
